
Analytical ODE test problem:
   reltol = 1.0e-06
   abstol = 1.0e-10

        t           u
   ---------------------
    1.000000    0.916291
    2.000000    1.609438
    3.000000    2.140066
    4.000000    2.564949
    5.000000    2.917771
    6.000000    3.218876
    7.000000    3.481240
    8.000000    3.713572
    9.000000    3.921973
   10.000000    4.110873
   ---------------------

Final Statistics:
Current time                 = 10.1094970703125
Steps                        = 137
Step attempts                = 146
Stability limited steps      = 0
Accuracy limited steps       = 146
Error test fails             = 9
NLS step fails               = 0
Inequality constraint fails  = 0
Initial step size            = 3.452669972148215e-08
Last step size               = 0.3550115525722504
Current step size            = 0.3550115525722504
RHS fn evals                 = 722
