
Multirate nonlinear Kvaerno-Prothero-Robinson test problem:
    time domain:  (0,5]
    hs = 0.01
    hf = 0.0001
    G = -100
    w = 100
    e = 0.5
    solver: exp-3/exp-3 (standard MIS)

        t           u           v       uerr      verr
   ------------------------------------------------------
    0.000000    1.224745    1.732051  0.00e+00  0.00e+00
    0.100000    1.223720    1.077460  4.77e-06  3.70e-06
    0.200000    1.220673    1.551789  4.17e-06  1.03e-05
    0.300000    1.215599    1.467695  5.13e-06  4.23e-05
    0.400000    1.208523    1.154519  9.54e-07  6.38e-05
    0.500000    1.199492    1.721903  4.65e-06  5.13e-06
    0.600000    1.188559    1.023625  2.03e-06  1.08e-04
    0.700000    1.175763    1.622750  1.07e-06  9.54e-07
    0.800000    1.161190    1.374673  3.46e-06  3.83e-05
    0.900000    1.144898    1.245812  6.08e-06  5.09e-05
    1.000000    1.127010    1.691816  1.19e-07  2.48e-05
    1.100000    1.107609    1.000583  4.77e-07  9.33e-05
    1.200000    1.086817    1.677522  3.10e-06  2.77e-05
    1.300000    1.064773    1.277825  3.70e-06  4.51e-05
    1.400000    1.041625    1.342468  3.58e-07  1.82e-05
    1.500000    1.017533    1.642921  2.74e-06  2.56e-05
    1.600000    0.992677    1.012192  3.81e-06  8.31e-05
    1.700000    0.967250    1.714011  2.21e-06  4.42e-05
    1.800000    0.941492    1.183929  4.29e-06  5.21e-05
    1.900000    0.915622    1.437441  4.83e-06  1.34e-05
    2.000000    0.889902    1.577064  4.17e-07  2.61e-05
    2.100000    0.864622    1.056101  3.16e-06  3.62e-04
    2.200000    0.840090    1.731069  1.37e-06  1.49e-04
    2.300000    0.816614    1.100700  2.03e-06  3.47e-04
    2.400000    0.794545    1.525100  4.77e-07  4.37e-05
    2.500000    0.774224    1.496957  3.64e-06  2.65e-05
    2.600000    0.756011    1.126624  1.91e-06  2.42e-04
    2.700000    0.740245    1.727732  5.36e-07  1.97e-04
    2.799999    0.727247    1.038049  8.94e-07  3.33e-04
    2.899999    0.717300    1.600913  1.43e-06  1.38e-04
    2.999999    0.710634    1.406292  2.56e-06  6.62e-05
    3.099999    0.707413    1.215955  8.94e-07  1.57e-03
    3.199999    0.707713    1.704256  3.22e-06  2.41e-04
    3.299999    0.711528    1.006615  8.34e-06  2.23e-03
    3.399999    0.718748    1.661253  1.61e-06  4.65e-06
    3.499999    0.729230    1.311310  3.40e-06  1.25e-03
    3.599999    0.742707    1.310920  4.59e-06  7.96e-04
    3.699999    0.758911    1.661178  2.62e-06  2.88e-05
    3.799999    0.777503    1.006155  2.80e-06  1.76e-03
    3.899998    0.798137    1.703597  6.74e-06  4.40e-04
    3.999998    0.820473    1.215514  1.25e-06  1.19e-03
    4.099998    0.844136    1.406418  1.31e-05  5.36e-06
    4.199998    0.868822    1.600166  1.02e-05  5.69e-04
    4.299998    0.894195    1.040045  8.11e-06  1.63e-03
    4.399998    0.919949    1.726249  1.46e-05  1.29e-03
    4.499998    0.945831    1.128265  3.04e-06  1.45e-03
    4.599998    0.971540    1.496574  1.72e-05  4.69e-04
    4.699998    0.996892    1.524698  5.19e-06  3.05e-04
    4.799998    1.021632    1.102329  7.63e-06  1.24e-03
    4.899998    1.045576    1.729574  1.23e-05  1.34e-03
    4.999998    1.068559    1.058087  5.84e-06  1.66e-03
   ------------------------------------------------------

Final Solver Statistics:
   Steps: nsts = 500, nstf = 50308
   u error = 5.633e-06, v error = 7.498e-04, total error = 5.302e-04
   Total RHS evals:  Fs = 1501,  Ff = 151426
