
Multirate nonlinear Kvaerno-Prothero-Robinson test problem:
    time domain:  (0,5]
    hs = 0.002
    hf = 2e-05
    G = -100
    w = 100
    e = 0.5
    solver: dirk-2/none (dirk slow, no fast)
    reltol = 4.00e-06,  abstol = 1.00e-11
        t           u           v       uerr      verr
   ------------------------------------------------------
    0.000000    1.224745    1.732051  0.00e+00  0.00e+00
    0.100000    1.223713    1.079347  1.18e-05  1.88e-03
    0.200000    1.220673    1.551884  4.29e-06  8.46e-05
    0.300000    1.215566    1.468014  2.78e-05  2.76e-04
    0.400000    1.208537    1.155938  1.24e-05  1.36e-03
    0.500000    1.199439    1.721536  5.71e-05  3.72e-04
    0.600000    1.188602    1.026419  4.46e-05  2.90e-03
    0.700000    1.175702    1.622464  6.23e-05  2.85e-04
    0.800000    1.161225    1.375221  3.85e-05  5.86e-04
    0.900000    1.144858    1.246813  4.54e-05  1.05e-03
    1.000000    1.127029    1.691092  1.94e-05  7.49e-04
    1.100000    1.107598    1.003245  1.11e-05  2.76e-03
    1.200000    1.086790    1.676736  3.05e-05  8.14e-04
    1.300000    1.064821    1.278607  4.42e-05  8.27e-04
    1.400000    1.041599    1.342820  2.67e-05  3.70e-04
    1.500000    1.017547    1.642776  1.68e-05  1.70e-04
    1.600000    0.992724    1.020197  5.06e-05  8.09e-03
    1.700000    0.967270    1.712256  1.70e-05  1.80e-03
    1.800000    0.941528    1.188920  4.06e-05  5.04e-03
    1.900000    0.915625    1.438227  7.33e-06  7.72e-04
    2.000000    0.889941    1.576479  3.88e-05  6.12e-04
    2.100000    0.864677    1.062538  5.20e-05  6.07e-03
    2.200000    0.840090    1.727941  1.49e-06  2.98e-03
    2.300000    0.816665    1.106443  4.88e-05  5.40e-03
    2.400000    0.794576    1.524058  2.99e-05  9.98e-04
    2.500000    0.774277    1.496760  4.97e-05  2.23e-04
    2.600000    0.756022    1.131010  9.30e-06  4.14e-03
    2.700000    0.740275    1.724095  2.95e-05  3.44e-03
    2.799999    0.727280    1.044375  3.24e-05  5.99e-03
    2.899999    0.717303    1.598395  1.49e-06  2.38e-03
    2.999999    0.710652    1.406855  1.62e-05  4.97e-04
    3.099999    0.707414    1.216859  1.25e-06  2.47e-03
    3.199999    0.707731    1.700387  2.21e-05  3.63e-03
    3.299999    0.711540    1.017246  2.04e-05  1.29e-02
    3.399999    0.718734    1.657367  1.53e-05  3.88e-03
    3.499999    0.729268    1.314945  4.14e-05  4.89e-03
    3.599999    0.742681    1.313452  3.09e-05  3.33e-03
    3.699999    0.758913    1.657308  5.36e-07  3.90e-03
    3.799999    0.777482    1.015880  2.40e-05  1.15e-02
    3.899998    0.798076    1.698227  6.77e-05  5.81e-03
    3.999998    0.820461    1.220454  1.35e-05  6.13e-03
    4.099998    0.844101    1.406451  4.76e-05  3.81e-05
    4.199998    0.868773    1.597268  5.94e-05  3.47e-03
    4.299998    0.894190    1.047681  1.36e-05  9.27e-03
    4.399998    0.919917    1.720583  4.66e-05  6.96e-03
    4.499998    0.945822    1.134391  1.16e-05  7.57e-03
    4.599998    0.971494    1.494618  6.31e-05  2.42e-03
    4.699998    0.996847    1.523019  5.10e-05  1.98e-03
    4.799998    1.021592    1.107981  4.77e-05  6.89e-03
    4.899998    1.045513    1.717993  7.58e-05  1.29e-02
    4.999998    1.068533    1.066646  3.15e-05  1.02e-02
   ------------------------------------------------------

Final Solver Statistics:
   Steps: nsts = 2500, nstf = 247194
   u error = 3.686e-05, v error = 5.005e-03, total error = 3.539e-03
   Total RHS evals:  Fs = 7136,  Ff = 746583
   Slow Newton iters = 4635
   Slow Newton conv fails = 0
   Slow Jacobian evals = 125
