
2D Heat PDE test problem:
 --------------------------------- 
  nprocs         = 4
  npx            = 2
  npy            = 2
 --------------------------------- 
  kx             = 1
  ky             = 1
  forcing        = 1
  tf             = 1
  xu             = 1
  yu             = 1
  nx             = 32
  ny             = 32
  nxl (proc 0)   = 16
  nyl (proc 0)   = 16
  dx             = 0.0322581
  dy             = 0.0322581
 --------------------------------- 
  rtol           = 1e-05
  atol           = 1e-10
  order          = 3
  fixed h        = 0
  controller     = 0
  linear         = 1
 --------------------------------- 
  linear solver  = PCG
  lin iters      = 20
  eps lin        = 0
  prec           = 1
  msbp           = 0
 --------------------------------- 
  output         = 1
 --------------------------------- 

          t                     ||u||_rms                max error      
 -----------------------------------------------------------------------
          0.000000e+00             3.632812e-01             0.000000e+00
          5.000000e-02             3.551986e-01             2.469480e-03
          1.000000e-01             3.296219e-01             2.930343e-03
          1.500000e-01             2.894443e-01             2.909362e-03
          2.000000e-01             2.387097e-01             2.550125e-03
          2.500000e-01             1.824251e-01             2.110839e-03
          3.000000e-01             1.261158e-01             1.595587e-03
          3.500000e-01             7.529877e-02             1.094654e-03
          4.000000e-01             3.495135e-02             6.480440e-04
          4.500000e-01             9.023338e-03             3.133863e-04
          5.000001e-01             5.508915e-05             1.154486e-04
          5.500001e-01             8.918794e-03             7.371046e-05
          6.000001e-01             3.475262e-02             1.942292e-04
          6.500001e-01             7.502582e-02             4.585534e-04
          7.000001e-01             1.257961e-01             8.600950e-04
          7.500001e-01             1.820933e-01             1.318216e-03
          8.000001e-01             2.384076e-01             1.833439e-03
          8.500001e-01             2.892261e-01             2.330661e-03
          9.000002e-01             3.295750e-01             2.770543e-03
          9.500002e-01             3.555036e-01             3.096759e-03
          1.000000e+00             3.644740e-01             3.301024e-03
 -----------------------------------------------------------------------

Final integrator statistics:
  Steps            = 1288
  Step attempts    = 1289
  Error test fails = 1
  RHS evals        = 9025
  NLS iters        = 3867
  NLS fails        = 0
  LS iters         = 50649
  LS fails         = 429
  LS setups        = 234
  LS RHS evals     = 50649
  Jv products      = 50649

  Avg NLS iters per step attempt = 3.000000
  Avg LS iters per NLS iter      = 13.097751

  Preconditioner setups = 16
  Preconditioner solves = 50649

  Max error = 3.301024e-03
