
Multirate nonlinear Kvaerno-Prothero-Robinson test problem:
    time domain:  (0,5]
    hs = 0.005
    hf = 5e-05
    G = -100
    w = 100
    e = 0.5
    solver: exp-4/exp-3 (MRI-GARK-ERK45a / ERK-3-3)

        t           u           v       uerr      verr
   ------------------------------------------------------
    0.000000    1.224745    1.732051  0.00e+00  0.00e+00
    0.100000    1.223731    1.077468  6.20e-06  4.53e-06
    0.200000    1.220657    1.551795  1.24e-05  5.01e-06
    0.300000    1.215597    1.467767  2.98e-06  2.92e-05
    0.400000    1.208518    1.154657  6.32e-06  7.37e-05
    0.500000    1.199488    1.721891  7.87e-06  1.67e-05
    0.600000    1.188563    1.023606  6.44e-06  8.88e-05
    0.700000    1.175759    1.622738  4.89e-06  1.01e-05
    0.800000    1.161172    1.374660  1.44e-05  2.54e-05
    0.900000    1.144893    1.245805  1.12e-05  4.39e-05
    1.000000    1.127005    1.691812  4.53e-06  2.92e-05
    1.100000    1.107604    1.000472  5.60e-06  1.75e-05
    1.200000    1.086812    1.677541  8.34e-06  7.87e-06
    1.300000    1.064758    1.277749  1.86e-05  3.17e-05
    1.400000    1.041626    1.342448  3.58e-07  2.26e-06
    1.500000    1.017534    1.642920  3.34e-06  2.63e-05
    1.600000    0.992676    1.012100  2.86e-06  8.70e-06
    1.700000    0.967242    1.714045  1.03e-05  9.54e-06
    1.800000    0.941488    1.183849  1.19e-07  2.78e-05
    1.900000    0.915620    1.437453  2.86e-06  1.67e-06
    2.000000    0.889896    1.577055  6.38e-06  3.50e-05
    2.100000    0.864632    1.057088  6.91e-06  6.24e-04
    2.200000    0.840091    1.730655  1.61e-06  2.66e-04
    2.300000    0.816625    1.101579  8.58e-06  5.32e-04
    2.400000    0.794548    1.525033  2.09e-06  2.28e-05
    2.500000    0.774234    1.496975  6.85e-06  7.99e-06
    2.600000    0.756017    1.127332  4.23e-06  4.66e-04
    2.700000    0.740247    1.727205  1.43e-06  3.30e-04
    2.799999    0.727252    1.038932  4.05e-06  5.50e-04
    2.899999    0.717300    1.600589  8.34e-07  1.86e-04
    2.999999    0.710639    1.406402  2.32e-06  4.45e-05
    3.099999    0.707412    1.214675  2.98e-07  2.91e-04
    3.199999    0.707709    1.703666  7.75e-07  3.49e-04
    3.299999    0.711520    1.004937  8.94e-07  5.52e-04
    3.399999    0.718748    1.660951  1.85e-06  2.98e-04
    3.499999    0.729227    1.310207  5.36e-07  1.50e-04
    3.599999    0.742710    1.310278  2.09e-06  1.53e-04
    3.699999    0.758911    1.660897  2.32e-06  3.09e-04
    3.799999    0.777504    1.004929  2.09e-06  5.32e-04
    3.899998    0.798141    1.703671  2.56e-06  3.67e-04
    3.999998    0.820471    1.214578  3.10e-06  2.57e-04
    4.099998    0.844077    1.418073  7.21e-05  1.17e-02
    4.199998    0.868745    1.597340  8.73e-05  3.40e-03
    4.299998    0.894132    1.063766  7.15e-05  2.53e-02
    4.399998    0.919808    1.717422  1.56e-04  1.01e-02
    4.499998    0.945790    1.145048  4.31e-05  1.82e-02
    4.599998    0.971398    1.498158  1.59e-04  1.12e-03
    4.699998    0.996809    1.522249  8.85e-05  2.75e-03
    4.799998    1.021540    1.120897  1.00e-04  1.98e-02
    4.899998    1.045446    1.717915  1.42e-04  1.30e-02
    4.999998    1.068526    1.076173  3.87e-05  1.97e-02
   ------------------------------------------------------

Final Solver Statistics:
   Steps: nsts = 1000, nstf = 99087
   u error = 4.704e-05, v error = 6.614e-03, total error = 4.677e-03
   Total RHS evals:  Fs = 5001,  Ff = 298263
