hwloc/linux: Ignoring PCI device with non-16bit domain.
Pass --enable-32bits-pci-domain to configure to support such devices
(warning: it would break the library ABI, don't enable unless really needed).

2-species diurnal advection-diffusion problem

t = 7.20e+03   no. steps = 6566   stepsize = 4.25e-01
At bottom left:  c1, c2 =    1.047e+04    2.527e+11 
At top right:    c1, c2 =    1.119e+04    2.700e+11 


[ARKode ERROR]  arkEvolve
  At t = 11431.5, mxstep steps taken before reaching tout.


SUNDIALS_ERROR(3): ARKStepEvolve() failed with flag = -1


[ARKode ERROR]  arkEvolve
  At t = 11431.5, mxstep steps taken before reaching tout.


SUNDIALS_ERROR(0): ARKStepEvolve() failed with flag = -1


[ARKode ERROR]  arkEvolve
  At t = 11431.5, mxstep steps taken before reaching tout.


SUNDIALS_ERROR(1): ARKStepEvolve() failed with flag = -1


[ARKode ERROR]  arkEvolve
  At t = 11431.5, mxstep steps taken before reaching tout.


SUNDIALS_ERROR(2): ARKStepEvolve() failed with flag = -1


Final Statistics: 

lenrw   =  3301     leniw   =   241
lenrwls =  2455     leniwls =   126
nst     = 16566     nfe     =     0
nfi     = 173194     nfels   = 189334
nni     = 90208     nli     = 189334
nsetups =  1032     netf    =    31
npe     =   276     nps     = 279502
ncfn    =     0     ncfl    =    33

