
[ARKode ERROR]  arkEvolve
  At t = 0, too much accuracy requested.


[ARKode ERROR]  ARKode
  At t = 0.000333333, the inner stepper failed in an unrecoverable manner.


SUNDIALS_ERROR: MRIStepEvolve() failed with flag = -34


1D Advection-Diffusion-Reaction (Brusselator) test problem:
    time domain:  (0,10]
    hs = 0.001
    hf = 0.0001
    m  = 10
    N  = 101,  NEQ = 303
    dx = 0.01
    problem parameters:  a = 0.6,  b = 2,  ep = 0.01
    diffusion coefficients:  du = 0.01,  dv = 0.01,  dw = 0.01
    advection coefficients:  au = -0.001,  av = -0.001,  aw = -0.001
    solver: exp-3/dirk-3 (MIS / ESDIRK-3-3)

    reltol = 1.00e-12,  abstol = 1.00e-14

        t      ||u||_rms   ||v||_rms   ||w||_rms
   ----------------------------------------------
   ----------------------------------------------

Final Solver Statistics:
   Slow Steps: nsts = 0
   Fast Steps: nstf = 0
   Total RHS evals:  Fs = 1,  Ff = 2
   Fast Newton iters = 0
   Fast Newton conv fails = 0
   Fast Jacobian evals = 0
