
[ARKode ERROR]  arkEvolve
  At t = 218477, mxstep steps taken before reaching tout.


SUNDIALS_ERROR: ARKStepEvolve() failed with flag = -1


Robertson ODE test problem:
    initial conditions:  u0 = 1,  v0 = 0,  w0 = 0
        t           u           v           w
   --------------------------------------------------
   0.000e+00   1.00000e+00   0.00000e+00   0.00000e+00
   --------------------------------------------------

Final Solver Statistics:
   Internal solver steps = 100000 (attempted = 169185)
   Total RHS evals:  Fe = 0,  Fi = 2398300
   Total linear solver setups = 173665
   Total RHS evals for setting up the linear system = 0
   Total number of Jacobian evaluations = 119493
   Total number of Newton iterations = 1878142
   Total number of nonlinear solver convergence failures = 119477
   Total number of error test failures = 268
   Total number of constraint test failures = 14
   Total number of failed steps from solver failure = 68903

SUNDIALS_WARNING: check_ans error=50526.1

