
Nonlinear Kvaerno-Prothero-Robinson test problem with mass matrix:
    time domain:  (-3,7]
    Time-dependent mass matrix
    ARK solver, order = 5
    Newton nonlinear solver
    Adaptive run with reltol = 1e-05, abstol = 1e-11
    G = -100
    g = 10
    e = 0.5

        t           u           v       uerr      verr
   ------------------------------------------------------
   -3.000000    0.710636    1.363407  0.00e+00  0.00e+00
   -2.900000    0.717281    1.327705  1.98e-05  7.72e-04
   -2.800000    0.728335    1.288049  1.09e-03  2.30e-03
   -2.700000    0.741824    1.252444  1.58e-03  1.60e-03
   -2.600000    0.755720    1.219123  2.93e-04  7.23e-04
   -2.500000    0.776451    1.181467  2.22e-03  2.39e-03
   -2.400001    0.796173    1.150118  1.63e-03  7.68e-04
   -2.300001    0.816488    1.120101  1.28e-04  1.48e-04
   -2.200001    0.843053    1.089701  2.96e-03  1.86e-03
   -2.100001    0.865176    1.066756  5.51e-04  5.52e-04
   -2.000001    0.890893    1.043807  9.91e-04  5.61e-04
   -1.900001    0.920674    1.025058  5.06e-03  1.44e-03
   -1.800001    0.945758    1.013198  4.27e-03  2.06e-04
   -1.700001    0.974265    1.004767  7.01e-03  6.08e-04
   -1.600001    0.996031    1.000304  3.36e-03  9.05e-05
   -1.500001    1.032664    1.002927  1.51e-02  1.68e-03
   -1.400001    1.054570    1.009173  1.29e-02  1.92e-03
   -1.300001    1.066566    1.017480  1.79e-03  5.78e-04
   -1.200001    1.087437    1.033936  6.17e-04  5.14e-04
   -1.100001    1.112723    1.056747  5.11e-03  3.76e-03
   -1.000001    1.133588    1.081562  6.58e-03  5.21e-03
   -0.900001    1.151011    1.108593  6.11e-03  5.56e-03
   -0.800001    1.166288    1.138133  5.10e-03  5.59e-03
   -0.700001    1.179944    1.170100  4.18e-03  5.72e-03
   -0.600001    1.191929    1.203961  3.37e-03  5.90e-03
   -0.500001    1.202078    1.239080  2.58e-03  5.96e-03
   -0.400001    1.210352    1.274890  1.83e-03  5.80e-03
   -0.300001    1.216698    1.310760  1.10e-03  5.20e-03
   -0.200001    1.221171    1.346119  5.02e-04  3.98e-03
   -0.100001    1.223850    1.380451  1.25e-04  1.99e-03
   -0.000001    1.224763    1.413549  1.84e-05  6.64e-04
    0.099999    1.223602    1.447558  1.23e-04  1.52e-03
    0.199999    1.219967    1.482379  7.03e-04  4.12e-04
    0.299999    1.213900    1.516708  1.69e-03  1.61e-03
    0.399999    1.205792    1.549228  2.73e-03  3.45e-03
    0.499999    1.196335    1.578816  3.16e-03  4.20e-03
    0.599999    1.186084    1.604865  2.47e-03  3.42e-03
    0.699999    1.174964    1.627386  8.00e-04  1.28e-03
    0.799999    1.161452    1.647554  2.66e-04  8.86e-04
    0.899999    1.143338    1.667797  1.57e-03  5.33e-04
    0.999999    1.122333    1.686456  4.68e-03  7.90e-04
    1.099999    1.100520    1.702155  7.09e-03  1.80e-03
    1.199999    1.079441    1.714282  7.38e-03  1.96e-03
    1.299999    1.059652    1.722826  5.12e-03  1.33e-03
    1.399999    1.040272    1.728194  1.35e-03  3.49e-04
    1.500000    1.017995    1.731107  4.65e-04  2.20e-04
    1.600000    0.989968    1.731804  2.71e-03  1.24e-04
    1.700000    0.959978    1.729450  7.28e-03  1.93e-04
    1.800000    0.931324    1.723829  1.02e-02  6.55e-04
    1.900000    0.905866    1.715253  9.75e-03  1.23e-03
    2.000000    0.888192    1.705157  1.71e-03  5.09e-04
    2.100000    0.858843    1.691817  5.78e-03  2.85e-04
    2.200000    0.834639    1.675515  5.45e-03  3.42e-04
    2.299999    0.810984    1.656436  5.63e-03  5.82e-04
    2.399999    0.788914    1.634698  5.63e-03  9.86e-04
    2.499999    0.768162    1.609980  6.07e-03  2.00e-03
    2.599999    0.749663    1.582293  6.35e-03  3.74e-03
    2.699999    0.735613    1.553266  4.63e-03  4.74e-03
    2.799999    0.726758    1.527061  4.89e-04  1.01e-03
    2.899999    0.716558    1.495662  7.44e-04  7.51e-04
    2.999999    0.709719    1.458854  9.17e-04  4.40e-03
    3.099999    0.707711    1.429061  2.98e-04  2.22e-04
    3.199999    0.708188    1.389723  4.79e-04  3.70e-03
    3.299999    0.713146    1.355234  1.63e-03  2.06e-03
    3.399998    0.718772    1.320642  2.27e-05  1.39e-04
    3.499998    0.732860    1.279863  3.63e-03  4.36e-03
    3.599998    0.743213    1.249047  5.01e-04  1.06e-03
    3.699998    0.762324    1.208744  3.41e-03  3.76e-03
    3.799998    0.781292    1.176754  3.79e-03  1.44e-03
    3.899998    0.798583    1.145001  4.40e-04  5.28e-04
    3.999998    0.826627    1.111883  6.15e-03  3.11e-03
    4.099998    0.844354    1.087916  2.05e-04  8.44e-04
    4.199998    0.873698    1.059936  4.87e-03  2.34e-03
    4.299998    0.898059    1.040580  3.86e-03  4.94e-04
    4.399998    0.920877    1.023542  9.13e-04  3.71e-04
    4.499998    0.953612    1.011160  7.78e-03  1.26e-05
    4.599998    0.977731    1.003394  6.17e-03  2.44e-04
    4.699997    1.001524    1.000318  4.63e-03  2.80e-04
    4.799997    1.024855    1.002037  3.22e-03  1.21e-04
    4.899997    1.047589    1.008552  2.00e-03  1.83e-04
    4.999997    1.069587    1.019767  1.02e-03  5.64e-04
    5.099997    1.090717    1.035500  3.10e-04  9.29e-04
    5.199997    1.110910    1.055478  6.16e-05  1.19e-03
    5.299997    1.129950    1.079269  1.77e-04  1.35e-03
    5.399997    1.147655    1.106353  1.02e-04  1.45e-03
    5.499997    1.163862    1.136307  1.03e-04  1.44e-03
    5.599997    1.178496    1.168839  4.55e-04  1.09e-03
    5.699996    1.191427    1.203631  9.00e-04  2.43e-04
    5.799996    1.202341    1.240159  1.19e-03  1.05e-03
    5.899996    1.211196    1.278152  1.35e-03  2.96e-03
    5.999996    1.217742    1.316395  1.16e-03  4.69e-03
    6.099996    1.222007    1.353794  6.82e-04  5.52e-03
    6.199996    1.224218    1.389726  1.80e-04  5.20e-03
    6.299996    1.224610    1.423806  1.06e-04  3.66e-03
    6.399996    1.223309    1.455850  4.43e-05  1.01e-03
    6.499996    1.219984    1.486981  2.69e-05  1.35e-03
    6.599996    1.213874    1.519541  6.70e-04  8.33e-04
    6.699996    1.205173    1.551788  1.97e-03  1.03e-03
    6.799995    1.194490    1.582185  3.30e-03  2.91e-03
    6.899995    1.182620    1.609595  3.91e-03  3.84e-03
    6.999995    1.170380    1.633207  3.06e-03  3.18e-03
   ------------------------------------------------------

Final Solver Statistics:
   Internal solver steps = 134 (attempted = 135)
   Total number of error test failures = 0
   Total RHS evals:  Fe = 1179,  Fi = 4438
   Total mass matrix setups = 1142
   Total mass matrix solves = 2389
   Total mass times evals = 3393
   Total number of Jacobian evaluations = 225
   Total linear solver setups = 225
   Total number of Nonlinear iterations = 3259
   Total number of Nonlinear convergence failures = 214
   Errors: u = 0.00409112, v = 0.00257285, total = 0.00341737
