
[ARKode ERROR]  arkEvolve
  At t = 16.5003, mxstep steps taken before reaching tout.


SUNDIALS_ERROR: ARKStepEvolve() failed with flag = -1


Robertson ODE test problem (with rootfinding):
    initial conditions:  u0 = 1,  v0 = 0,  w0 = 0
        t             u             v             w
   -----------------------------------------------------
   0.00000e+00   1.00000e+00   0.00000e+00   0.00000e+00
   2.64019e-01   9.89965e-01   3.47056e-05   1.00000e-02
      rootsfound[] =   0   1
   4.00000e+00   9.05509e-01   2.24046e-05   9.44583e-02
   -----------------------------------------------------

Final Solver Statistics:
   Internal solver steps = 127078 (attempted = 203321)
   Total RHS evals:  Fe = 0,  Fi = 3968785
   Total linear solver setups = 217468
   Total RHS evals for setting up the linear system = 0
   Total number of Jacobian evaluations = 147412
   Total number of Newton iterations = 3224173
   Total root-function g evals = 127083
   Total number of nonlinear solver convergence failures = 147411
   Total number of error test failures = 1
   Total number of failed steps from solver failure = 76242
