
One way coupling ODE test problem:
    initial conditions:  u0 = 1,  v0 = 0,  w0 = 2
    hs = 0.001,  hf = 0.0001

        t           u           v           w       max err
   ----------------------------------------------------------
    0.000000    1.000000    0.000000    2.000000    0.000000
    0.100000    0.283606   -0.958914    1.802293    0.000056
    0.200000   -0.839094   -0.543887    1.658857    0.000135
    0.300000   -0.759715    0.650131    1.524292    0.000156
    0.400000    0.407369    0.913146    1.364398    0.000713
    0.500000    0.991242   -0.131020    1.202826    0.001332
    0.600000    0.154802   -0.987778    1.085196    0.000549
    0.700000   -0.903589   -0.427955    1.011884    0.000231
    0.800000   -0.666116    0.745555    0.935735    0.000825
    0.900000    0.526597    0.849823    0.828146    0.001278
    1.000000    0.964065   -0.264619    0.718720    0.002245
   ----------------------------------------------------------

Final Solver Statistics:
   Steps: nsts = 1001, nstf = 12012
   Total RHS evals:  Fs = 3004,  Ff = 49051
