
[ARKode ERROR]  arkEvolve
  At t = 0, too much accuracy requested.


SUNDIALS_ERROR: MRIStepEvolve() failed with retval = -2


Multirate nonlinear Kvaerno-Prothero-Robinson test problem:
    time domain:  (0,5]
    hs = 0.001
    hf = 1e-05
    G = -100
    w = 100
    e = 0.5
    solver: ars343/exp-3 (IMEX-MRI3b / ERK-3-3) -- solve decoupled
    reltol = 1.00e-09,  abstol = 1.00e-11
        t           u           v       uerr      verr
   ------------------------------------------------------
    0.000000    1.224745    1.732051  0.00e+00  0.00e+00
   ------------------------------------------------------

Final Solver Statistics:
   Steps: nsts = 0, nstf = 0
   u error = 0.000e+00, v error = 0.000e+00, total error = 0.000e+00
   Total RHS evals:  Fse = 1, Fsi = 1,  Ff = 1
   Slow Newton iters = 0
   Slow Newton conv fails = 0
   Slow Jacobian evals = 0
