
2D Heat PDE test problem:
 --------------------------------- 
  kx             = 1
  ky             = 1
  forcing        = 1
  tf             = 1
  xu             = 1
  yu             = 1
  nx             = 32
  ny             = 32
  dx             = 0.0322581
  dy             = 0.0322581
 --------------------------------- 
  rtol           = 1e-05
  atol           = 1e-10
  order          = 3
  fixed h        = 0
  controller     = 0
  linear         = 1
 --------------------------------- 
  linear solver  = PCG
  lin iters      = 20
  eps lin        = 0
  prec           = 1
  msbp           = 0
 --------------------------------- 
  output         = 1
 --------------------------------- 

          t                     ||u||_rms                max error      
 -----------------------------------------------------------------------
          0.000000e+00             3.632813e-01             0.000000e+00
          5.000000e-02             3.551987e-01             2.460659e-03
          1.000000e-01             3.296219e-01             2.935290e-03
          1.500000e-01             2.894445e-01             2.855062e-03
          2.000000e-01             2.387098e-01             2.546489e-03
          2.500000e-01             1.824252e-01             2.083898e-03
          3.000000e-01             1.261158e-01             1.585215e-03
          3.500000e-01             7.529889e-02             1.100421e-03
          4.000000e-01             3.495135e-02             6.540567e-04
          4.500000e-01             9.023343e-03             3.130678e-04
          5.000001e-01             5.508688e-05             1.154451e-04
          5.500001e-01             8.918385e-03             7.272512e-05
          6.000001e-01             3.475199e-02             1.921058e-04
          6.500001e-01             7.502491e-02             4.565567e-04
          7.000001e-01             1.257954e-01             8.586347e-04
          7.500001e-01             1.820938e-01             1.325786e-03
          8.000001e-01             2.384085e-01             1.842082e-03
          8.500001e-01             2.892271e-01             2.352834e-03
          9.000002e-01             3.295758e-01             2.791345e-03
          9.500002e-01             3.555038e-01             3.111839e-03
          1.000000e+00             3.644740e-01             3.297865e-03
 -----------------------------------------------------------------------

Final integrator statistics:
  Steps            = 1286
  Step attempts    = 1287
  Error test fails = 1
  RHS evals        = 9011
  NLS iters        = 3861
  NLS fails        = 0
  LS iters         = 50496
  LS fails         = 445
  LS setups        = 202
  LS RHS evals     = 50496
  Jv products      = 50496

  Avg NLS iters per step attempt = 3.000000
  Avg LS iters per NLS iter      = 13.078477

  Preconditioner setups = 16
  Preconditioner solves = 50496

  Max error = 3.297865e-03
