
[ARKode ERROR]  arkEvolve
  At t = 0, too much accuracy requested.


SUNDIALS_ERROR: MRIStepEvolve() failed with flag = -2


1D Advection-Diffusion-Reaction (Brusselator) test problem:
    time domain:  (0,10]
    hs = 0.001
    hf = 0.0001
    m  = 10
    N  = 101,  NEQ = 303
    dx = 0.01
    problem parameters:  a = 0.6,  b = 2,  ep = 0.01
    diffusion coefficients:  du = 0.01,  dv = 0.01,  dw = 0.01
    advection coefficients:  au = -0.001,  av = -0.001,  aw = -0.001
    solver: imexark4/exp-4 (IMEX-MRI4 / ERK-4-4) -- solve decoupled

    reltol = 1.00e-12,  abstol = 1.00e-14

        t      ||u||_rms   ||v||_rms   ||w||_rms
   ----------------------------------------------
   ----------------------------------------------

Final Solver Statistics:
   Slow Steps: nsts = 0
   Fast Steps: nstf = 0
   Total RHS evals:  Fse = 1, Fsi = 1,  Ff = 1
   Slow Newton iters = 0
   Slow Newton conv fails = 0
   Slow Jacobian evals = 0
