
[ARKode ERROR]  arkEvolve
  At t = 13.1919, mxstep steps taken before reaching tout.


SUNDIALS_ERROR: ARKStepEvolve() failed with flag = -1


Robertson ODE test problem:
    initial conditions:  u0 = 1,  v0 = 0,  w0 = 0
        t           u           v           w
   --------------------------------------------------
   0.000e+00   1.00000e+00   0.00000e+00   0.00000e+00
   --------------------------------------------------

Final Statistics:
Current time                 = 13.19190979003906
Steps                        = 100000
Step attempts                = 159963
Stability limited steps      = 0
Accuracy limited steps       = 100001
Error test fails             = 1
NLS step fails               = 59962
Inequality constraint fails  = 0
Initial step size            = 9.999999051046871e-09
Last step size               = 2.351953480683733e-05
Current step size            = 2.351953480683733e-05
Explicit RHS fn evals        = 0
Implicit RHS fn evals        = 3124432
NLS iters                    = 2537576
NLS fails                    = 116022
NLS iters per step           = 25.37575912475586
LS setups                    = 171261
Jac fn evals                 = 116023
LS RHS fn evals              = 0
Prec setup evals             = 0
Prec solves                  = 0
LS iters                     = 0
LS fails                     = 0
Jac-times setups             = 0
Jac-times evals              = 0
LS iters per NLS iter        = 0
Jac evals per NLS iter       = 0.04572198167443275
Prec evals per NLS iter      = 0

SUNDIALS_WARNING: check_ans error=3.91219e+10

