
Nonlinear Kvaerno-Prothero-Robinson test problem with mass matrix:
    time domain:  (-3,7]
    Fixed mass matrix
    DIRK solver, order = 3
    Newton nonlinear solver
    Order-of-convergence run
    G = -10
    g = 10
    e = 0.5

[ARKode ERROR]  arkEvolve
  At t = -3, too much accuracy requested.


SUNDIALS_ERROR: ARKStepEvolve() failed with retval = -2


[ARKode ERROR]  arkEvolve
  At t = -3, too much accuracy requested.


SUNDIALS_ERROR: ARKStepEvolve() failed with retval = -2


[ARKode ERROR]  arkEvolve
  At t = -3, too much accuracy requested.


SUNDIALS_ERROR: ARKStepEvolve() failed with retval = -2


[ARKode ERROR]  arkEvolve
  At t = -3, too much accuracy requested.


SUNDIALS_ERROR: ARKStepEvolve() failed with retval = -2


[ARKode ERROR]  arkEvolve
  At t = -3, too much accuracy requested.


SUNDIALS_ERROR: ARKStepEvolve() failed with retval = -2


[ARKode ERROR]  arkEvolve
  At t = -3, too much accuracy requested.


SUNDIALS_ERROR: ARKStepEvolve() failed with retval = -2


[ARKode ERROR]  arkEvolve
  At t = -3, too much accuracy requested.


SUNDIALS_ERROR: ARKStepEvolve() failed with retval = -2


[ARKode ERROR]  arkEvolve
  At t = -3, too much accuracy requested.


SUNDIALS_ERROR: ARKStepEvolve() failed with retval = -2


 Fixed-step runs:
 -----------------------------------------------------
   h = 5.000e-01,  error = 0.000e+00
   h = 2.500e-01,  error = 0.000e+00,  order = -nan
   h = 1.250e-01,  error = 0.000e+00,  order = -nan
   h = 6.250e-02,  error = 0.000e+00,  order = -nan
   h = 3.125e-02,  error = 0.000e+00,  order = -nan
   h = 1.562e-02,  error = 0.000e+00,  order = -nan
   h = 7.812e-03,  error = 0.000e+00,  order = -nan
   h = 3.906e-03,  error = 0.000e+00,  order = -nan
 -----------------------------------------------------
 Order: max = -nan,  avg = -nan,  overall = -nan [SUCCESS]
