hwloc/linux: Ignoring PCI device with non-16bit domain.
Pass --enable-32bits-pci-domain to configure to support such devices
(warning: it would break the library ABI, don't enable unless really needed).

2-species diurnal advection-diffusion problem

t = 0.00e+00   no. steps = 0   order = 0   stepsize = 0.00e+00
At bottom left:  c1, c2 =    2.500e+05    2.500e+11 
At top right:    c1, c2 =    2.500e+05    2.500e+11 

t = 7.20e+03   no. steps = 197   order = 4   stepsize = 9.11e+01
At bottom left:  c1, c2 =    1.047e+04    2.527e+11 
At top right:    c1, c2 =    1.119e+04    2.700e+11 

t = 1.44e+04   no. steps = 241   order = 4   stepsize = 2.26e+02
At bottom left:  c1, c2 =    6.659e+06    2.582e+11 
At top right:    c1, c2 =    7.301e+06    2.833e+11 

t = 2.16e+04   no. steps = 276   order = 4   stepsize = 2.49e+02
At bottom left:  c1, c2 =    2.665e+07    2.993e+11 
At top right:    c1, c2 =    2.931e+07    3.313e+11 

t = 2.88e+04   no. steps = 307   order = 4   stepsize = 1.70e+02
At bottom left:  c1, c2 =    8.702e+06    3.380e+11 
At top right:    c1, c2 =    9.650e+06    3.751e+11 

t = 3.60e+04   no. steps = 352   order = 4   stepsize = 7.22e+01
At bottom left:  c1, c2 =    1.404e+04    3.387e+11 
At top right:    c1, c2 =    1.561e+04    3.765e+11 

t = 4.32e+04   no. steps = 428   order = 4   stepsize = 4.18e+02
At bottom left:  c1, c2 =    3.157e-11    3.382e+11 
At top right:    c1, c2 =    7.257e-11    3.804e+11 

t = 5.04e+04   no. steps = 443   order = 5   stepsize = 5.14e+02
At bottom left:  c1, c2 =   -6.034e-12    3.358e+11 
At top right:    c1, c2 =   -2.697e-12    3.864e+11 

t = 5.76e+04   no. steps = 457   order = 5   stepsize = 3.44e+02
At bottom left:  c1, c2 =    2.480e-12    3.320e+11 
At top right:    c1, c2 =    3.943e-12    3.909e+11 

t = 6.48e+04   no. steps = 466   order = 5   stepsize = 7.97e+02
At bottom left:  c1, c2 =    1.480e-11    3.313e+11 
At top right:    c1, c2 =   -2.990e-11    3.963e+11 

t = 7.20e+04   no. steps = 475   order = 5   stepsize = 7.97e+02
At bottom left:  c1, c2 =   -2.842e-13    3.330e+11 
At top right:    c1, c2 =    1.138e-12    4.039e+11 

t = 7.92e+04   no. steps = 484   order = 5   stepsize = 7.97e+02
At bottom left:  c1, c2 =    1.421e-12    3.334e+11 
At top right:    c1, c2 =   -4.767e-13    4.120e+11 

t = 8.64e+04   no. steps = 493   order = 5   stepsize = 7.97e+02
At bottom left:  c1, c2 =    4.006e-13    3.352e+11 
At top right:    c1, c2 =   -1.918e-13    4.163e+11 


Final Statistics: 

lenrw   =  2689     leniw   =   248
lenrwls =  2454     leniwls =   222
nst     =   493
nfe     =   600     nfels   =  1445
nni     =   599     nli     =  1445
nsetups =    67     netf    =    20
npe     =    11     nps     =  1996
ncfn    =     0     ncfl    =     2

