hwloc/linux: Ignoring PCI device with non-16bit domain.
Pass --enable-32bits-pci-domain to configure to support such devices
(warning: it would break the library ABI, don't enable unless really needed).

2-species diurnal advection-diffusion problem

t = 7.20e+03   no. steps = 247   order = 5   stepsize = 1.29e+02
At bottom left:  c1, c2 =    1.047e+04    2.527e+11 
At top right:    c1, c2 =    1.119e+04    2.700e+11 

t = 1.44e+04   no. steps = 285   order = 5   stepsize = 3.25e+02
At bottom left:  c1, c2 =    6.659e+06    2.582e+11 
At top right:    c1, c2 =    7.301e+06    2.833e+11 

t = 2.16e+04   no. steps = 335   order = 4   stepsize = 2.16e+02
At bottom left:  c1, c2 =    2.665e+07    2.993e+11 
At top right:    c1, c2 =    2.931e+07    3.313e+11 

t = 2.88e+04   no. steps = 365   order = 4   stepsize = 1.22e+02
At bottom left:  c1, c2 =    8.702e+06    3.380e+11 
At top right:    c1, c2 =    9.650e+06    3.751e+11 

t = 3.60e+04   no. steps = 410   order = 4   stepsize = 8.46e+01
At bottom left:  c1, c2 =    1.404e+04    3.387e+11 
At top right:    c1, c2 =    1.561e+04    3.765e+11 

t = 4.32e+04   no. steps = 488   order = 4   stepsize = 4.05e+02
At bottom left:  c1, c2 =    3.854e-07    3.382e+11 
At top right:    c1, c2 =    4.299e-07    3.804e+11 

t = 5.04e+04   no. steps = 509   order = 4   stepsize = 3.76e+02
At bottom left:  c1, c2 =   -6.381e-07    3.358e+11 
At top right:    c1, c2 =   -7.659e-07    3.864e+11 

t = 5.76e+04   no. steps = 522   order = 5   stepsize = 3.91e+02
At bottom left:  c1, c2 =    2.833e-08    3.320e+11 
At top right:    c1, c2 =    3.399e-08    3.909e+11 

t = 6.48e+04   no. steps = 534   order = 5   stepsize = 6.20e+02
At bottom left:  c1, c2 =    4.603e-08    3.313e+11 
At top right:    c1, c2 =    5.557e-08    3.963e+11 

t = 7.20e+04   no. steps = 546   order = 5   stepsize = 6.20e+02
At bottom left:  c1, c2 =   -2.038e-08    3.330e+11 
At top right:    c1, c2 =   -2.448e-08    4.039e+11 

t = 7.92e+04   no. steps = 557   order = 5   stepsize = 6.20e+02
At bottom left:  c1, c2 =    2.499e-10    3.334e+11 
At top right:    c1, c2 =    3.001e-10    4.120e+11 

t = 8.64e+04   no. steps = 569   order = 5   stepsize = 6.20e+02
At bottom left:  c1, c2 =   -1.205e-12    3.352e+11 
At top right:    c1, c2 =   -1.453e-12    4.163e+11 


Final Statistics: 

lenrw   =  2689     leniw   =   144
lenrwls =  2454     leniwls =   126
nst     =   569
nfe     =   707     nfels   =   712
nni     =   706     nli     =   712
nsetups =    86     netf    =    30
npe     =    12     nps     =  1361
ncfn    =     0     ncfl    =     0

