
[CVODE WARNING]  CVode
  Internal t = 1.49192e+10 and h = 6.6175 are such that t + h = t on the next step. The solver will continue anyway.


[CVODE WARNING]  CVode
  Internal t = 1.49192e+10 and h = 0.60568 are such that t + h = t on the next step. The solver will continue anyway.


[CVODE WARNING]  CVode
  Internal t = 1.49192e+10 and h = 0.60568 are such that t + h = t on the next step. The solver will continue anyway.


[CVODE WARNING]  CVode
  Internal t = 1.49192e+10 and h = 0.60568 are such that t + h = t on the next step. The solver will continue anyway.


[CVODE WARNING]  CVode
  Internal t = 1.49192e+10 and h = 1.44922 are such that t + h = t on the next step. The solver will continue anyway.


[CVODE WARNING]  CVode
  Internal t = 1.49192e+10 and h = 1.44922 are such that t + h = t on the next step. The solver will continue anyway.


[CVODE WARNING]  CVode
  Internal t = 1.49192e+10 and h = 3.2914 are such that t + h = t on the next step. The solver will continue anyway.


[CVODE WARNING]  CVode
  Internal t = 1.49192e+10 and h = 7.09912 are such that t + h = t on the next step. The solver will continue anyway.


[CVODE WARNING]  CVode
  Internal t = 1.49192e+10 and h = 13.9338 are such that t + h = t on the next step. The solver will continue anyway.


[CVODE WARNING]  CVode
  Internal t = 1.49192e+10 and h = 139.338 are such that t + h = t on the next step. The solver will continue anyway.


[CVODE WARNING]  CVode
  The above warning has been issued mxhnil times and will not be issued again for this problem.


[CVODE WARNING]  CVode
  Internal t = 3.59622e+12 and h = 694.633 are such that t + h = t on the next step. The solver will continue anyway.


[CVODE WARNING]  CVode
  Internal t = 3.59622e+12 and h = 694.633 are such that t + h = t on the next step. The solver will continue anyway.


[CVODE WARNING]  CVode
  Internal t = 3.59622e+12 and h = 694.633 are such that t + h = t on the next step. The solver will continue anyway.


[CVODE WARNING]  CVode
  Internal t = 3.59622e+12 and h = 694.633 are such that t + h = t on the next step. The solver will continue anyway.


[CVODE WARNING]  CVode
  Internal t = 3.59622e+12 and h = 694.633 are such that t + h = t on the next step. The solver will continue anyway.


[CVODE WARNING]  CVode
  Internal t = 3.59622e+12 and h = 1186.17 are such that t + h = t on the next step. The solver will continue anyway.


[CVODE WARNING]  CVode
  Internal t = 3.59622e+12 and h = 1186.17 are such that t + h = t on the next step. The solver will continue anyway.


[CVODE WARNING]  CVode
  Internal t = 3.59622e+12 and h = 1186.17 are such that t + h = t on the next step. The solver will continue anyway.


[CVODE WARNING]  CVode
  Internal t = 3.59622e+12 and h = 2338.59 are such that t + h = t on the next step. The solver will continue anyway.


[CVODE WARNING]  CVode
  Internal t = 3.59622e+12 and h = 3949.42 are such that t + h = t on the next step. The solver will continue anyway.


[CVODE WARNING]  CVode
  The above warning has been issued mxhnil times and will not be issued again for this problem.


[CVODE ERROR]  CVode
  At t = 3.74033e+12, mxstep steps taken before reaching tout.

Ignore negative solution components

At t = 4.0000e-01      y =  9.851753e-01    3.386448e-05    1.479035e-02
At t = 4.0000e+00      y =  9.055130e-01    2.240438e-05    9.446413e-02
At t = 4.0000e+01      y =  7.158128e-01    9.185226e-06    2.841776e-01
At t = 4.0000e+02      y =  4.505306e-01    3.223061e-06    5.494657e-01
At t = 4.0000e+03      y =  1.832474e-01    8.945732e-07    8.167511e-01
At t = 4.0000e+04      y =  3.898190e-02    1.621702e-07    9.610172e-01
At t = 4.0000e+05      y =  4.935253e-03    1.983797e-08    9.950639e-01
At t = 4.0000e+06      y =  5.169947e-04    2.069036e-09    9.994823e-01
At t = 4.0000e+07      y =  5.180313e-05    2.072233e-10    9.999475e-01
At t = 4.0000e+08      y =  5.174315e-06    2.069737e-11    9.999944e-01
At t = 4.0000e+09      y = -3.173727e-03   -1.265453e-08    1.003173e+00
At t = 4.0000e+10      y = -1.223292e+07   -4.002408e-06    1.222556e+07
At t = 4.0000e+11      y = -2.554167e+08   -3.997098e-06    2.556020e+08
At t = 4.0000e+12      y = -3.297339e+09   -4.022005e-06    3.279299e+09

Final Statistics:
nst = 1335   nfe = 2514   nsetups = 568    nfeLS = 669    nje = 223
nni = 2512   nnf = 218    netf = 62        ncfn = 118   

Intercept negative solution components

At t = 4.0000e-01      y =  9.851753e-01    3.386448e-05    1.479035e-02
At t = 4.0000e+00      y =  9.055130e-01    2.240438e-05    9.446413e-02
At t = 4.0000e+01      y =  7.158128e-01    9.185226e-06    2.841776e-01
At t = 4.0000e+02      y =  4.505306e-01    3.223061e-06    5.494657e-01
At t = 4.0000e+03      y =  1.832474e-01    8.945732e-07    8.167511e-01
At t = 4.0000e+04      y =  3.898190e-02    1.621702e-07    9.610172e-01
At t = 4.0000e+05      y =  4.935253e-03    1.983797e-08    9.950639e-01
At t = 4.0000e+06      y =  5.169947e-04    2.069036e-09    9.994823e-01
At t = 4.0000e+07      y =  5.180313e-05    2.072233e-10    9.999475e-01
At t = 4.0000e+08      y =  5.174315e-06    2.069737e-11    9.999944e-01
At t = 4.0000e+09      y =  1.186960e-06    4.747847e-12    9.999984e-01
At t = 4.0000e+10      y =  5.911294e-04    2.365938e-09    9.994095e-01
At t = 4.0000e+11      y =  6.214309e-02    2.608131e-07    9.530672e-01
At t = 3.7403e+12      y =  2.981870e-02    2.137575e-07    5.580211e-01

Final Statistics:
nst = 1103   nfe = 1840   nsetups = 345    nfeLS = 261    nje = 87
nni = 1833   nnf = 79     netf = 81        ncfn = 30    

