hwloc/linux: Ignoring PCI device with non-16bit domain.
Pass --enable-32bits-pci-domain to configure to support such devices
(warning: it would break the library ABI, don't enable unless really needed).

1-D advection-diffusion equation, mesh size = 10 

Number of PEs =   2 
Sensitivity: YES ( STAGGERED + FULL ERROR CONTROL )

============================================================
     T     Q       H      NST                    Max norm   
============================================================

[CVODES ERROR]  CVode
  At t = 0.0199064, mxstep steps taken before reaching tout.


SUNDIALS_ERROR(1): CVode() failed with retval = -1


[CVODES ERROR]  CVode
  At t = 0.0199064, mxstep steps taken before reaching tout.


SUNDIALS_ERROR(0): CVode() failed with retval = -1


Final Statistics

nst     =   500

nfe     =  1009
netf    =     0    nsetups  =     0
nni     =   504    ncfn     =     0

nfSe    =  1908    nfeS     =  3816
netfs   =     2    nsetupsS =     0
nniS    =   953    ncfnS    =     2
