hwloc/linux: Ignoring PCI device with non-16bit domain.
Pass --enable-32bits-pci-domain to configure to support such devices
(warning: it would break the library ABI, don't enable unless really needed).

1-D advection-diffusion equation, mesh size = 10 

Number of PEs =   2 
Sensitivity: YES ( SIMULTANEOUS + FULL ERROR CONTROL )

============================================================
     T     Q       H      NST                    Max norm   
============================================================

[CVODES ERROR]  CVode
  At t = 0.0186299, mxstep steps taken before reaching tout.


SUNDIALS_ERROR(1): CVode() failed with retval = -1


[CVODES ERROR]  CVode
  At t = 0.0186299, mxstep steps taken before reaching tout.


SUNDIALS_ERROR(0): CVode() failed with retval = -1


Final Statistics

nst     =   500

nfe     =   937
netf    =     2    nsetups  =     0
nni     =   936    ncfn     =     3

nfSe    =  1874    nfeS     =  3748
netfs   =     0    nsetupsS =     0
nniS    =     0    ncfnS    =     0
