hwloc/linux: Ignoring PCI device with non-16bit domain.
Pass --enable-32bits-pci-domain to configure to support such devices
(warning: it would break the library ABI, don't enable unless really needed).

2-species diurnal advection-diffusion problem
Sensitivity: YES ( STAGGERED + FULL ERROR CONTROL )

========================================================================
     T     Q       H      NST                    Bottom left  Top right 
========================================================================

[CVODES WARNING]  CVode
  Internal t = 0.000498681 and h = 8.89249e-12 are such that t + h = t on the next step. The solver will continue anyway.


[CVODES WARNING]  CVode
  Internal t = 0.000498681 and h = 8.89249e-12 are such that t + h = t on the next step. The solver will continue anyway.


[CVODES WARNING]  CVode
  Internal t = 0.000498681 and h = 8.89249e-12 are such that t + h = t on the next step. The solver will continue anyway.


[CVODES WARNING]  CVode
  Internal t = 0.000498681 and h = 8.89249e-12 are such that t + h = t on the next step. The solver will continue anyway.


[CVODES WARNING]  CVode
  Internal t = 0.000498681 and h = 8.89249e-12 are such that t + h = t on the next step. The solver will continue anyway.


[CVODES WARNING]  CVode
  Internal t = 0.000498681 and h = 8.89249e-12 are such that t + h = t on the next step. The solver will continue anyway.


[CVODES WARNING]  CVode
  Internal t = 0.000498681 and h = 8.89249e-12 are such that t + h = t on the next step. The solver will continue anyway.


[CVODES WARNING]  CVode
  Internal t = 0.000498681 and h = 8.89249e-12 are such that t + h = t on the next step. The solver will continue anyway.


[CVODES WARNING]  CVode
  Internal t = 0.000498681 and h = 2.22312e-11 are such that t + h = t on the next step. The solver will continue anyway.


[CVODES WARNING]  CVode
  Internal t = 0.000498681 and h = 2.22312e-11 are such that t + h = t on the next step. The solver will continue anyway.


[CVODES WARNING]  CVode
  Internal t = 0.000498681 and h = 2.22312e-11 are such that t + h = t on the next step. The solver will continue anyway.


[CVODES WARNING]  CVode
  Internal t = 0.000498681 and h = 2.22312e-11 are such that t + h = t on the next step. The solver will continue anyway.


[CVODES WARNING]  CVode
  Internal t = 0.000498681 and h = 5.5578e-12 are such that t + h = t on the next step. The solver will continue anyway.


[CVODES WARNING]  CVode
  Internal t = 0.000498681 and h = 5.5578e-12 are such that t + h = t on the next step. The solver will continue anyway.


[CVODES WARNING]  CVode
  Internal t = 0.000498681 and h = 5.5578e-12 are such that t + h = t on the next step. The solver will continue anyway.


[CVODES WARNING]  CVode
  Internal t = 0.000498681 and h = 5.5578e-12 are such that t + h = t on the next step. The solver will continue anyway.


[CVODES WARNING]  CVode
  Internal t = 0.000498681 and h = 5.5578e-12 are such that t + h = t on the next step. The solver will continue anyway.


[CVODES WARNING]  CVode
  Internal t = 0.000498681 and h = 5.5578e-12 are such that t + h = t on the next step. The solver will continue anyway.


[CVODES WARNING]  CVode
  Internal t = 0.000498681 and h = 5.5578e-12 are such that t + h = t on the next step. The solver will continue anyway.


[CVODES WARNING]  CVode
  Internal t = 0.000498681 and h = 5.5578e-12 are such that t + h = t on the next step. The solver will continue anyway.


[CVODES WARNING]  CVode
  Internal t = 0.000498681 and h = 1.38945e-11 are such that t + h = t on the next step. The solver will continue anyway.


[CVODES WARNING]  CVode
  Internal t = 0.000498681 and h = 1.38945e-11 are such that t + h = t on the next step. The solver will continue anyway.


[CVODES WARNING]  CVode
  Internal t = 0.000498681 and h = 1.38945e-11 are such that t + h = t on the next step. The solver will continue anyway.


[CVODES WARNING]  CVode
  Internal t = 0.000498681 and h = 1.38945e-11 are such that t + h = t on the next step. The solver will continue anyway.


[CVODES WARNING]  CVode
  Internal t = 0.000498681 and h = 1.38945e-11 are such that t + h = t on the next step. The solver will continue anyway.


[CVODES WARNING]  CVode
  Internal t = 0.000498681 and h = 1.38945e-11 are such that t + h = t on the next step. The solver will continue anyway.


[CVODES WARNING]  CVode
  Internal t = 0.000498681 and h = 1.38945e-11 are such that t + h = t on the next step. The solver will continue anyway.


[CVODES WARNING]  CVode
  Internal t = 0.000498681 and h = 1.38945e-11 are such that t + h = t on the next step. The solver will continue anyway.


[CVODES WARNING]  CVode
  Internal t = 0.000498681 and h = 8.68407e-12 are such that t + h = t on the next step. The solver will continue anyway.


[CVODES WARNING]  CVode
  Internal t = 0.000498681 and h = 8.68407e-12 are such that t + h = t on the next step. The solver will continue anyway.


[CVODES WARNING]  CVode
  Internal t = 0.000498681 and h = 8.68407e-12 are such that t + h = t on the next step. The solver will continue anyway.


[CVODES WARNING]  CVode
  Internal t = 0.000498681 and h = 8.68407e-12 are such that t + h = t on the next step. The solver will continue anyway.


[CVODES WARNING]  CVode
  Internal t = 0.000498681 and h = 8.68407e-12 are such that t + h = t on the next step. The solver will continue anyway.


[CVODES WARNING]  CVode
  Internal t = 0.000498681 and h = 8.68407e-12 are such that t + h = t on the next step. The solver will continue anyway.


[CVODES WARNING]  CVode
  Internal t = 0.000498681 and h = 8.68407e-12 are such that t + h = t on the next step. The solver will continue anyway.


[CVODES WARNING]  CVode
  Internal t = 0.000498681 and h = 8.68407e-12 are such that t + h = t on the next step. The solver will continue anyway.


[CVODES WARNING]  CVode
  Internal t = 0.000498681 and h = 5.42754e-12 are such that t + h = t on the next step. The solver will continue anyway.


[CVODES WARNING]  CVode

[CVODES WARNING]  CVode
  Internal t = 0.000498681 and h = 5.42754e-12 are such that t + h = t on the next step. The solver will continue anyway.


[CVODES WARNING]  CVode
  The above warning has been issued mxhnil times and will not be issued again for this problem.


[CVODES WARNING]  CVode
  Internal t = 0.000498681 and h = 5.42754e-12 are such that t + h = t on the next step. The solver will continue anyway.


[CVODES WARNING]  CVode
  The above warning has been issued mxhnil times and will not be issued again for this problem.


[CVODES WARNING]  CVode
  Internal t = 0.000498681 and h = 5.42754e-12 are such that t + h = t on the next step. The solver will continue anyway.


[CVODES WARNING]  CVode
  The above warning has been issued mxhnil times and will not be issued again for this problem.

  The above warning has been issued mxhnil times and will not be issued again for this problem.


[CVODES ERROR]  CVode
  At t = 0.000498681, mxstep steps taken before reaching tout.


SUNDIALS_ERROR(2): CVode() failed with retval = -1


[CVODES ERROR]  CVode
  At t = 0.000498681, mxstep steps taken before reaching tout.


SUNDIALS_ERROR(0): CVode() failed with retval = -1


[CVODES ERROR]  CVode
  At t = 0.000498681, mxstep steps taken before reaching tout.


SUNDIALS_ERROR(1): CVode() failed with retval = -1


[CVODES ERROR]  CVode
  At t = 0.000498681, mxstep steps taken before reaching tout.


SUNDIALS_ERROR(3): CVode() failed with retval = -1


Final Statistics

nst     =  2000

nfe     =  7113
netf    =     0    nsetups  =  3432
nni     =  3556    ncfn     =     0

nfSe    =  9020    nfeS     = 18040
netfs   =     0    nsetupsS =   938
nniS    =  4509    ncfnS    =  2494
