
Create and allocate CVODES memory for forward run

Allocate global memory

Forward integration

ncheck = 8

   g = int_x int_y c6(Tfinal,x,y) dx dy = 35988.777344 


Create and allocate CVODES memory for backward run

Backward integration

Maximum sensitivity with respect to I.C. of species 1
  mu max = 5.281969e-04
at
  x = 0.000000e+00
  y = 2.631579e-01

Maximum sensitivity with respect to I.C. of species 2
  mu max = 5.040636e-04
at
  x = 0.000000e+00
  y = 2.631579e-01

Maximum sensitivity with respect to I.C. of species 3
  mu max = 4.818455e-04
at
  x = 0.000000e+00
  y = 2.631579e-01

Maximum sensitivity with respect to I.C. of species 4
  mu max = 1.438327e-12
at
  x = 5.263158e-02
  y = 2.631579e-01

Maximum sensitivity with respect to I.C. of species 5
  mu max = 1.411220e-12
at
  x = 5.263158e-02
  y = 2.631579e-01

Maximum sensitivity with respect to I.C. of species 6
  mu max = 2.245718e-12
at
  x = 5.263158e-02
  y = 2.631579e-01
