

Demonstration program for CVODES - SPGMR linear solver

Food web problem with ns species, ns = 6
Predator-prey interaction and diffusion on a 2-D square

Matrix parameters: a = 1   e = 1e+04   g = 5e-07
b parameter = 1
Diffusion coefficients: Dprey = 1   Dpred = 0.5
Rate parameter alpha = 1

Mesh dimensions (mx,my) are 6, 6.  Total system size is neq = 216 

Tolerances: reltol = 1e-05, abstol = 1e-05 

Preconditioning uses a product of:
  (1) Gauss-Seidel iterations with itmax = 5 iterations, and
  (2) interaction-only block-diagonal matrix with block-grouping
  Number of diagonal block groups = ngrp = 4  (ngx by ngy, ngx = 2, ngy = 2)


----------------------------------------------------------------------------


Preconditioner type is           jpre = SUN_PREC_LEFT

Gram-Schmidt method type is    gstype = SUN_MODIFIED_GS


c values at t = 0:

Species 1
10        10        10        10        10        10        
10        10.1678   10.3775   10.3775   10.1678   10        
10        10.3775   10.8493   10.8493   10.3775   10        
10        10.3775   10.8493   10.8493   10.3775   10        
10        10.1678   10.3775   10.3775   10.1678   10        
10        10        10        10        10        10        

Species 2
10        10        10        10        10        10        
10        10.3355   10.755    10.755    10.3355   10        
10        10.755    11.6987   11.6987   10.755    10        
10        10.755    11.6987   11.6987   10.755    10        
10        10.3355   10.755    10.755    10.3355   10        
10        10        10        10        10        10        

Species 3
10        10        10        10        10        10        
10        10.5033   11.1325   11.1325   10.5033   10        
10        11.1325   12.548    12.548    11.1325   10        
10        11.1325   12.548    12.548    11.1325   10        
10        10.5033   11.1325   11.1325   10.5033   10        
10        10        10        10        10        10        

Species 4
10        10        10        10        10        10        
10        10.6711   11.5099   11.5099   10.6711   10        
10        11.5099   13.3974   13.3974   11.5099   10        
10        11.5099   13.3974   13.3974   11.5099   10        
10        10.6711   11.5099   11.5099   10.6711   10        
10        10        10        10        10        10        

Species 5
10        10        10        10        10        10        
10        10.8389   11.8874   11.8874   10.8389   10        
10        11.8874   14.2467   14.2467   11.8874   10        
10        11.8874   14.2467   14.2467   11.8874   10        
10        10.8389   11.8874   11.8874   10.8389   10        
10        10        10        10        10        10        

Species 6
10        10        10        10        10        10        
10        11.0066   12.2649   12.2649   11.0066   10        
10        12.2649   15.0961   15.0961   12.2649   10        
10        12.2649   15.0961   15.0961   12.2649   10        
10        11.0066   12.2649   12.2649   11.0066   10        
10        10        10        10        10        10        

t =   1.00e-08  nst = 3  nfe = 10  nni = 7  qu = 2  hu =    2.04e-08

t =   1.00e-07  nst = 7  nfe = 14  nni = 11  qu = 2  hu =    4.83e-08

t =   1.00e-06  nst = 15  nfe = 24  nni = 21  qu = 3  hu =    1.48e-07

c values at t = 1e-06:

Species 1
9.99991   9.99992   9.99994   9.99994   9.99993   9.99992   
9.99992   10.1677   10.3774   10.3774   10.1677   9.99993   
9.99993   10.3774   10.8492   10.8492   10.3774   9.99994   
9.99993   10.3774   10.8492   10.8492   10.3774   9.99994   
9.99992   10.1677   10.3774   10.3774   10.1677   9.99992   
9.99991   9.99992   9.99993   9.99993   9.99992   9.99991   

Species 2
9.99991   9.99993   9.99996   9.99996   9.99994   9.99992   
9.99993   10.3355   10.7549   10.7549   10.3355   9.99994   
9.99995   10.7549   11.6985   11.6985   10.7549   9.99996   
9.99995   10.7549   11.6985   11.6985   10.7549   9.99996   
9.99993   10.3355   10.7549   10.7549   10.3355   9.99993   
9.99991   9.99993   9.99995   9.99995   9.99993   9.99991   

Species 3
9.99991   9.99994   9.99997   9.99997   9.99994   9.99992   
9.99994   10.5032   11.1323   11.1323   10.5032   9.99994   
9.99997   11.1323   12.5478   12.5478   11.1323   9.99997   
9.99997   11.1323   12.5478   12.5478   11.1323   9.99997   
9.99994   10.5032   11.1323   11.1323   10.5032   9.99994   
9.99991   9.99994   9.99997   9.99997   9.99994   9.99991   

Species 4
13.499    13.499    13.499    13.499    13.499    13.499    
13.499    14.5507   15.8933   15.8933   14.5507   13.499    
13.4991   15.8933   19.0309   19.0309   15.8933   13.499    
13.4991   15.8933   19.0309   19.0309   15.8933   13.499    
13.499    14.5507   15.8933   15.8933   14.5507   13.499    
13.499    13.499    13.4991   13.4991   13.499    13.499    

Species 5
13.499    13.499    13.4991   13.4991   13.499    13.499    
13.499    14.7794   16.4145   16.4145   14.7794   13.499    
13.4991   16.4145   20.2373   20.2373   16.4145   13.4991   
13.4991   16.4145   20.2373   20.2373   16.4145   13.4991   
13.499    14.7794   16.4145   16.4145   14.7794   13.499    
13.499    13.499    13.4991   13.4991   13.499    13.499    

Species 6
13.499    13.499    13.4991   13.4991   13.499    13.499    
13.499    15.0082   16.9358   16.9358   15.0082   13.499    
13.4991   16.9358   21.4438   21.4438   16.9358   13.4991   
13.4991   16.9358   21.4438   21.4438   16.9358   13.4991   
13.499    15.0082   16.9358   16.9358   15.0082   13.499    
13.499    13.499    13.4991   13.4991   13.499    13.499    

t =   1.00e-05  nst = 39  nfe = 50  nni = 47  qu = 4  hu =    4.06e-07

t =   1.00e-04  nst = 129  nfe = 148  nni = 145  qu = 5  hu =    3.70e-06

t =   1.00e-03  nst = 159  nfe = 188  nni = 185  qu = 2  hu =    5.10e-04

c values at t = 0.001:

Species 1
9.90703   9.91663   9.92834   9.93032   9.92254   9.91674   
9.9147    10.0747   10.2769   10.2785   10.0795   9.92254   
9.92447   10.2748   10.7181   10.7194   10.2785   9.93032   
9.92445   10.2744   10.7173   10.7181   10.2769   9.92834   
9.91467   10.0734   10.2744   10.2748   10.0747   9.91663   
9.90698   9.91467   9.92445   9.92447   9.9147    9.90703   

Species 2
9.90743   9.92475   9.94621   9.94818   9.93062   9.91713   
9.92281   10.2412   10.644    10.6457   10.2461   9.93062   
9.94232   10.6419   11.5267   11.528    10.6457   9.94818   
9.94231   10.6415   11.5258   11.5267   10.644    9.94621   
9.92278   10.24     10.6415   10.6419   10.2412   9.92475   
9.90738   9.92278   9.94232   9.94232   9.92281   9.90743   

Species 3
9.90782   9.93284   9.96406   9.96605   9.93874   9.91752   
9.93091   10.4078   11.0109   11.0127   10.4127   9.93874   
9.96018   11.0088   12.3339   12.3354   11.0127   9.96605   
9.96017   11.0083   12.3329   12.3339   11.0109   9.96406   
9.93088   10.4065   11.0083   11.0088   10.4077   9.93284   
9.90777   9.93088   9.96017   9.96018   9.93091   9.90782   

Species 4
297231    297749    298392    298451    297925    297520    
297692    307244    319327    319378    307390    297925    
298276    319264    345799    345839    319378    298451    
298276    319252    345771    345799    319327    298392    
297691    307208    319252    319264    307244    297749    
297230    297691    298276    298276    297692    297231    

Species 5
297231    297749    298392    298451    297925    297520    
297692    307244    319327    319378    307390    297925    
298276    319264    345799    345839    319378    298451    
298276    319252    345771    345799    319327    298392    
297691    307208    319252    319264    307244    297749    
297230    297691    298276    298276    297692    297231    

Species 6
297231    297749    298392    298451    297925    297520    
297692    307244    319327    319378    307390    297925    
298276    319264    345799    345839    319378    298451    
298276    319252    345771    345799    319327    298392    
297691    307208    319252    319264    307244    297749    
297230    297691    298276    298276    297692    297231    

t =   1.00e-02  nst = 166  nfe = 198  nni = 195  qu = 3  hu =    1.64e-03

t =   1.00e-01  nst = 193  nfe = 228  nni = 225  qu = 4  hu =    5.92e-03

t =   1.00e+00  nst = 259  nfe = 298  nni = 295  qu = 4  hu =    2.18e-02

c values at t = 1:

Species 1
1.58851   1.59924   1.62151   1.64764   1.67036   1.68148   
1.58532   1.59503   1.61547   1.63952   1.66033   1.67036   
1.57756   1.58547   1.60239   1.62235   1.63951   1.64764   
1.5682    1.57412   1.58706   1.60239   1.61547   1.62151   
1.56048   1.56463   1.57412   1.58547   1.59503   1.59924   
1.55732   1.56048   1.5682    1.57756   1.58532   1.58851   

Species 2
1.59066   1.6014    1.62371   1.64986   1.67261   1.68375   
1.58748   1.59719   1.61766   1.64173   1.66256   1.67261   
1.57971   1.58762   1.60456   1.62454   1.64173   1.64986   
1.57033   1.57626   1.58921   1.60456   1.61766   1.62371   
1.5626    1.56676   1.57626   1.58762   1.59719   1.6014    
1.55945   1.5626    1.57033   1.57971   1.58748   1.59066   

Species 3
1.5927    1.60345   1.62578   1.65197   1.67473   1.68589   
1.58951   1.59924   1.61973   1.64382   1.66468   1.67473   
1.58173   1.58966   1.60662   1.62661   1.64382   1.65197   
1.57235   1.57828   1.59125   1.60662   1.61973   1.62578   
1.56461   1.56877   1.57828   1.58966   1.59924   1.60345   
1.56145   1.56461   1.57235   1.58173   1.58951   1.5927    

Species 4
47718.3   48040.1   48708.9   49493.4   50175.3   50509.3   
47622.6   47914     48527.6   49249.5   49874.3   50175.4   
47389.7   47626.8   48134.9   48734     49249.5   49493.4   
47108.3   47286     47674.4   48134.9   48527.7   48708.9   
46876.6   47000.9   47286     47626.8   47913.9   48040.1   
46781.7   46876.6   47108.3   47389.6   47622.6   47718.3   

Species 5
47718.3   48040.1   48708.9   49493.4   50175.4   50509.3   
47622.6   47913.9   48527.7   49249.5   49874.3   50175.4   
47389.6   47626.9   48134.9   48734     49249.5   49493.4   
47108.3   47286     47674.4   48134.9   48527.7   48708.9   
46876.5   47001     47286     47626.9   47913.9   48040.1   
46781.7   46876.5   47108.4   47389.6   47622.6   47718.3   

Species 6
47718.2   48040.2   48708.8   49493.4   50175.3   50509.3   
47622.7   47913.9   48527.7   49249.5   49874.3   50175.3   
47389.6   47626.9   48134.8   48734.1   49249.5   49493.4   
47108.4   47285.9   47674.5   48134.8   48527.7   48708.8   
46876.5   47001     47285.9   47626.9   47913.9   48040.2   
46781.8   46876.5   47108.4   47389.6   47622.7   47718.3   

t =   2.00e+00  nst = 305  nfe = 345  nni = 342  qu = 4  hu =    2.18e-02

t =   3.00e+00  nst = 351  nfe = 392  nni = 389  qu = 4  hu =    2.18e-02

t =   4.00e+00  nst = 397  nfe = 439  nni = 436  qu = 4  hu =    2.18e-02

c values at t = 4:

Species 1
1.19535   1.20368   1.2211    1.24157   1.25935   1.268     
1.1928    1.20035   1.21636   1.23523   1.25154   1.25935   
1.18657   1.19274   1.20602   1.22173   1.23523   1.24157   
1.17904   1.18368   1.19389   1.20602   1.21636   1.2211    
1.17284   1.17612   1.18368   1.19274   1.20035   1.20368   
1.17032   1.17284   1.17904   1.18657   1.1928    1.19535   

Species 2
1.19538   1.20371   1.22113   1.24161   1.25938   1.26804   
1.19284   1.20038   1.21639   1.23526   1.25157   1.25938   
1.1866    1.19277   1.20606   1.22177   1.23526   1.24161   
1.17908   1.18371   1.19393   1.20606   1.21639   1.22113   
1.17288   1.17616   1.18371   1.19277   1.20038   1.20371   
1.17035   1.17288   1.17908   1.1866    1.19284   1.19538   

Species 3
1.19542   1.20374   1.22116   1.24164   1.25942   1.26807   
1.19287   1.20042   1.21642   1.23529   1.2516    1.25942   
1.18663   1.1928    1.20609   1.2218    1.2353    1.24164   
1.17911   1.18374   1.19396   1.20609   1.21642   1.22116   
1.17291   1.17619   1.18374   1.1928    1.20042   1.20374   
1.17039   1.17291   1.17911   1.18663   1.19287   1.19542   

Species 4
35860.6   36110.2   36632.4   37246.4   37779.4   38038.7   
35784.2   36010.3   36490.4   37056.3   37545.3   37779.4   
35597.2   35782     36180.5   36651.6   37056.3   37246.5   
35371.4   35510.3   35816.7   36180.5   36490.4   36632.4   
35185.4   35283.8   35510.3   35782     36010.3   36110.2   
35109.7   35185.4   35371.4   35597.2   35784.2   35860.6   

Species 5
35860.6   36110.2   36632.4   37246.4   37779.4   38038.7   
35784.2   36010.3   36490.4   37056.3   37545.3   37779.4   
35597.2   35782     36180.5   36651.6   37056.3   37246.5   
35371.4   35510.3   35816.7   36180.5   36490.4   36632.4   
35185.4   35283.8   35510.3   35782     36010.3   36110.2   
35109.7   35185.4   35371.4   35597.2   35784.2   35860.6   

Species 6
35860.7   36110.1   36632.4   37246.4   37779.5   38038.6   
35784.2   36010.4   36490.4   37056.3   37545.3   37779.5   
35597.2   35782     36180.5   36651.6   37056.3   37246.4   
35371.4   35510.4   35816.6   36180.5   36490.4   36632.4   
35185.5   35283.7   35510.4   35782     36010.4   36110.1   
35109.7   35185.5   35371.4   35597.2   35784.2   35860.7   

t =   5.00e+00  nst = 443  nfe = 487  nni = 484  qu = 4  hu =    2.18e-02

t =   6.00e+00  nst = 489  nfe = 533  nni = 530  qu = 4  hu =    2.18e-02

t =   7.00e+00  nst = 532  nfe = 580  nni = 577  qu = 3  hu =    6.27e-02

c values at t = 7:

Species 1
1.18854   1.19682   1.21415   1.23453   1.25221   1.26082   
1.186     1.19351   1.20944   1.22822   1.24444   1.25221   
1.1798    1.18593   1.19916   1.21479   1.22822   1.23453   
1.17231   1.17692   1.18708   1.19916   1.20944   1.21415   
1.16614   1.1694    1.17692   1.18593   1.19351   1.19682   
1.16363   1.16614   1.17231   1.1798    1.186     1.18854   

Species 2
1.18854   1.19683   1.21415   1.23453   1.25222   1.26082   
1.186     1.19351   1.20944   1.22822   1.24444   1.25222   
1.1798    1.18594   1.19916   1.21479   1.22822   1.23453   
1.17231   1.17692   1.18709   1.19916   1.20944   1.21415   
1.16614   1.1694    1.17692   1.18594   1.19351   1.19683   
1.16363   1.16614   1.17231   1.1798    1.186     1.18854   

Species 3
1.18854   1.19683   1.21416   1.23453   1.25222   1.26082   
1.18601   1.19351   1.20944   1.22822   1.24444   1.25222   
1.1798    1.18594   1.19916   1.21479   1.22822   1.23453   
1.17231   1.17692   1.18709   1.19916   1.20944   1.21416   
1.16614   1.1694    1.17692   1.18594   1.19351   1.19683   
1.16363   1.16614   1.17231   1.1798    1.18601   1.18854   

Species 4
35655.3   35903.6   36423.1   37034.2   37564.4   37822.4   
35579.3   35804.3   36281.9   36844.9   37331.6   37564.4   
35393.1   35577     35973.4   36442.3   36844.9   37034.1   
35168.4   35306.6   35611.5   35973.4   36281.9   36423.1   
34983.2   35081.2   35306.6   35577     35804.2   35903.6   
34908     34983.2   35168.4   35393.1   35579.3   35655.3   

Species 5
35655.3   35903.6   36423.2   37034.1   37564.4   37822.4   
35579.3   35804.3   36281.9   36844.9   37331.5   37564.4   
35393.1   35577     35973.5   36442.3   36844.9   37034.1   
35168.4   35306.6   35611.5   35973.5   36281.9   36423.2   
34983.2   35081.2   35306.6   35577     35804.3   35903.6   
34907.9   34983.2   35168.4   35393.1   35579.3   35655.3   

Species 6
35655.4   35903.6   36423.2   37034.1   37564.4   37822.3   
35579.2   35804.3   36281.9   36845     37331.5   37564.4   
35393.1   35577     35973.5   36442.3   36844.9   37034.1   
35168.4   35306.6   35611.5   35973.5   36281.9   36423.2   
34983.3   35081.1   35306.6   35577     35804.3   35903.6   
34907.9   34983.3   35168.4   35393.2   35579.2   35655.4   

t =   8.00e+00  nst = 548  nfe = 599  nni = 595  qu = 2  hu =    7.30e-02

t =   9.00e+00  nst = 561  nfe = 614  nni = 610  qu = 2  hu =    1.12e-01

t =   1.00e+01  nst = 570  nfe = 624  nni = 620  qu = 2  hu =    1.12e-01

c values at t = 10:

Species 1
1.18838   1.19667   1.21399   1.23436   1.252     1.26064   
1.18585   1.19335   1.20928   1.22805   1.24429   1.25206   
1.17964   1.18578   1.199     1.21463   1.22804   1.23436   
1.17215   1.17676   1.18693   1.19899   1.20929   1.21396   
1.16598   1.16925   1.17677   1.18578   1.19335   1.19666   
1.16347   1.16598   1.17215   1.17963   1.18589   1.18839   

Species 2
1.18838   1.19666   1.21399   1.23437   1.25205   1.26065   
1.18584   1.19335   1.20928   1.22805   1.24427   1.25205   
1.17964   1.18577   1.19899   1.21463   1.22804   1.23436   
1.17215   1.17676   1.18692   1.199     1.20928   1.21401   
1.16598   1.16924   1.17676   1.18577   1.19335   1.19668   
1.16347   1.16598   1.17215   1.17966   1.1858    1.18838   

Species 3
1.18839   1.19668   1.214     1.23437   1.25209   1.26069   
1.18586   1.19336   1.20929   1.22807   1.24429   1.25205   
1.17965   1.18579   1.19901   1.21464   1.22808   1.23439   
1.17216   1.17677   1.18694   1.19901   1.20929   1.214     
1.16599   1.16926   1.17677   1.18579   1.19336   1.19668   
1.16348   1.16599   1.17216   1.17965   1.18586   1.18839   

Species 4
35651     35898.5   36418.7   37028.9   37559.7   37817.1   
35574.2   35799.9   36276.8   36840.4   37326.3   37559.8   
35388.8   35571.9   35969.1   36437.2   36840.4   37029     
35163.4   35302.3   35606.4   35969.1   36276.9   36418.7   
34979     35076.1   35302.3   35572     35799.9   35898.6   
34902.9   34979     35163.4   35388.9   35574.3   35651     

Species 5
35650.8   35898.7   36418.5   37029.1   37559.5   37817.3   
35574.4   35799.7   36277     36840.2   37326.5   37559.6   
35388.6   35572.2   35968.9   36437.5   36840.1   37029.2   
35163.6   35302.1   35606.6   35968.9   36277.1   36418.5   
34978.8   35076.3   35302.1   35572.2   35799.7   35898.8   
34903.1   34978.8   35163.6   35388.7   35574.5   35650.8   

Species 6
35650.6   35898.9   36418.4   37029.3   37559.3   37817.5   
35574.6   35799.5   36277.1   36840     37326.7   37559.5   
35388.4   35572.3   35968.7   36437.6   36840     37029.4   
35163.7   35302     35606.8   35968.7   36277.3   36418.3   
34978.7   35076.5   35302     35572.4   35799.5   35899     
34903.2   34978.7   35163.7   35388.6   35574.7   35650.6   



 Final statistics for this run:

 CVode real workspace length           = 2904 
 CVode integer workspace length        =   65 
 CVLS real workspace length            = 2646 
 CVLS integer workspace length         =   42 
 Number of steps                       =  570 
 Number of f-s                         =  624 
 Number of f-s (SPGMR)                 = 1033 
 Number of f-s (TOTAL)                 = 1657 
 Number of setups                      =   61 
 Number of nonlinear iterations        =  620 
 Number of linear iterations           = 1033 
 Number of preconditioner evaluations  =   60 
 Number of preconditioner solves       = 1635 
 Number of error test failures         =    4 
 Number of nonlinear conv. failures    =    1 
 Number of linear convergence failures =    6 
 Average Krylov subspace dimension     = 1.666 


----------------------------------------------------------------------------
----------------------------------------------------------------------------


Preconditioner type is           jpre = SUN_PREC_LEFT

Gram-Schmidt method type is    gstype = SUN_CLASSICAL_GS


t =   1.00e-08  nst = 3  nfe = 10  nni = 7  qu = 2  hu =    2.04e-08

t =   1.00e-07  nst = 7  nfe = 14  nni = 11  qu = 2  hu =    4.83e-08

t =   1.00e-06  nst = 15  nfe = 24  nni = 21  qu = 3  hu =    1.48e-07

t =   1.00e-05  nst = 39  nfe = 50  nni = 47  qu = 4  hu =    4.06e-07

t =   1.00e-04  nst = 129  nfe = 148  nni = 145  qu = 5  hu =    3.72e-06

t =   1.00e-03  nst = 151  nfe = 173  nni = 170  qu = 2  hu =    4.44e-04

t =   1.00e-02  nst = 159  nfe = 183  nni = 180  qu = 3  hu =    1.50e-03

t =   1.00e-01  nst = 183  nfe = 210  nni = 207  qu = 4  hu =    5.94e-03

t =   1.00e+00  nst = 249  nfe = 280  nni = 277  qu = 4  hu =    2.20e-02

t =   2.00e+00  nst = 294  nfe = 326  nni = 323  qu = 4  hu =    2.20e-02

t =   3.00e+00  nst = 340  nfe = 372  nni = 369  qu = 4  hu =    2.20e-02

t =   4.00e+00  nst = 385  nfe = 419  nni = 416  qu = 4  hu =    2.20e-02

t =   5.00e+00  nst = 431  nfe = 467  nni = 464  qu = 4  hu =    2.20e-02

t =   6.00e+00  nst = 476  nfe = 512  nni = 509  qu = 4  hu =    2.20e-02

t =   7.00e+00  nst = 521  nfe = 559  nni = 556  qu = 4  hu =    2.20e-02

t =   8.00e+00  nst = 567  nfe = 607  nni = 604  qu = 4  hu =    2.20e-02

t =   9.00e+00  nst = 584  nfe = 627  nni = 624  qu = 2  hu =    9.56e-02

t =   1.00e+01  nst = 594  nfe = 638  nni = 635  qu = 2  hu =    9.56e-02



 Final statistics for this run:

 CVode real workspace length           = 2904 
 CVode integer workspace length        =   65 
 CVLS real workspace length            = 2646 
 CVLS integer workspace length         =   42 
 Number of steps                       =  594 
 Number of f-s                         =  638 
 Number of f-s (SPGMR)                 = 1061 
 Number of f-s (TOTAL)                 = 1699 
 Number of setups                      =   54 
 Number of nonlinear iterations        =  635 
 Number of linear iterations           = 1061 
 Number of preconditioner evaluations  =   54 
 Number of preconditioner solves       = 1679 
 Number of error test failures         =    1 
 Number of nonlinear conv. failures    =    0 
 Number of linear convergence failures =    1 
 Average Krylov subspace dimension     = 1.671 


----------------------------------------------------------------------------
----------------------------------------------------------------------------


Preconditioner type is           jpre = SUN_PREC_RIGHT

Gram-Schmidt method type is    gstype = SUN_MODIFIED_GS


t =   1.00e-08  nst = 3  nfe = 10  nni = 7  qu = 2  hu =    2.04e-08

t =   1.00e-07  nst = 7  nfe = 14  nni = 11  qu = 2  hu =    4.83e-08

t =   1.00e-06  nst = 15  nfe = 24  nni = 21  qu = 3  hu =    1.48e-07

t =   1.00e-05  nst = 39  nfe = 50  nni = 47  qu = 4  hu =    4.06e-07

t =   1.00e-04  nst = 130  nfe = 155  nni = 152  qu = 5  hu =    3.32e-06

t =   1.00e-03  nst = 149  nfe = 178  nni = 175  qu = 2  hu =    6.74e-04

t =   1.00e-02  nst = 156  nfe = 186  nni = 183  qu = 3  hu =    1.79e-03

t =   1.00e-01  nst = 181  nfe = 213  nni = 210  qu = 5  hu =    6.82e-03

t =   1.00e+00  nst = 240  nfe = 284  nni = 281  qu = 3  hu =    2.35e-02

t =   2.00e+00  nst = 268  nfe = 317  nni = 314  qu = 4  hu =    4.62e-02

t =   3.00e+00  nst = 288  nfe = 343  nni = 338  qu = 3  hu =    2.67e-02

t =   4.00e+00  nst = 311  nfe = 376  nni = 369  qu = 3  hu =    7.84e-02

t =   5.00e+00  nst = 335  nfe = 417  nni = 409  qu = 2  hu =    2.92e-02

t =   6.00e+00  nst = 360  nfe = 458  nni = 448  qu = 2  hu =    2.12e-02

t =   7.00e+00  nst = 390  nfe = 509  nni = 494  qu = 1  hu =    3.12e-02

t =   8.00e+00  nst = 416  nfe = 556  nni = 536  qu = 1  hu =    3.82e-02

t =   9.00e+00  nst = 438  nfe = 598  nni = 576  qu = 1  hu =    4.34e-02

t =   1.00e+01  nst = 458  nfe = 634  nni = 612  qu = 1  hu =    1.55e-01



 Final statistics for this run:

 CVode real workspace length           = 2904 
 CVode integer workspace length        =   65 
 CVLS real workspace length            = 2646 
 CVLS integer workspace length         =   42 
 Number of steps                       =  458 
 Number of f-s                         =  634 
 Number of f-s (SPGMR)                 = 2226 
 Number of f-s (TOTAL)                 = 2860 
 Number of setups                      =  213 
 Number of nonlinear iterations        =  612 
 Number of linear iterations           = 2226 
 Number of preconditioner evaluations  =  196 
 Number of preconditioner solves       = 2815 
 Number of error test failures         =    3 
 Number of nonlinear conv. failures    =   78 
 Number of linear convergence failures =  301 
 Average Krylov subspace dimension     = 3.637 


----------------------------------------------------------------------------
----------------------------------------------------------------------------


Preconditioner type is           jpre = SUN_PREC_RIGHT

Gram-Schmidt method type is    gstype = SUN_CLASSICAL_GS


t =   1.00e-08  nst = 3  nfe = 10  nni = 7  qu = 2  hu =    2.04e-08

t =   1.00e-07  nst = 7  nfe = 14  nni = 11  qu = 2  hu =    4.83e-08

t =   1.00e-06  nst = 15  nfe = 24  nni = 21  qu = 3  hu =    1.48e-07

t =   1.00e-05  nst = 39  nfe = 50  nni = 47  qu = 4  hu =    4.06e-07

t =   1.00e-04  nst = 130  nfe = 155  nni = 152  qu = 5  hu =    3.33e-06

t =   1.00e-03  nst = 148  nfe = 175  nni = 172  qu = 2  hu =    4.31e-04

t =   1.00e-02  nst = 156  nfe = 185  nni = 182  qu = 3  hu =    1.88e-03

t =   1.00e-01  nst = 180  nfe = 211  nni = 208  qu = 5  hu =    7.14e-03

t =   1.00e+00  nst = 233  nfe = 271  nni = 268  qu = 4  hu =    2.78e-02

t =   2.00e+00  nst = 273  nfe = 332  nni = 329  qu = 3  hu =    4.49e-02

t =   3.00e+00  nst = 300  nfe = 375  nni = 371  qu = 2  hu =    5.13e-02

t =   4.00e+00  nst = 325  nfe = 413  nni = 408  qu = 2  hu =    6.75e-02

t =   5.00e+00  nst = 343  nfe = 442  nni = 436  qu = 2  hu =    5.73e-02

t =   6.00e+00  nst = 363  nfe = 473  nni = 464  qu = 2  hu =    3.05e-02

t =   7.00e+00  nst = 392  nfe = 521  nni = 507  qu = 2  hu =    2.08e-02

t =   8.00e+00  nst = 421  nfe = 576  nni = 560  qu = 1  hu =    4.15e-02

t =   9.00e+00  nst = 444  nfe = 622  nni = 603  qu = 1  hu =    8.18e-02

t =   1.00e+01  nst = 458  nfe = 646  nni = 625  qu = 1  hu =    1.08e-01



 Final statistics for this run:

 CVode real workspace length           = 2904 
 CVode integer workspace length        =   65 
 CVLS real workspace length            = 2646 
 CVLS integer workspace length         =   42 
 Number of steps                       =  458 
 Number of f-s                         =  646 
 Number of f-s (SPGMR)                 = 2272 
 Number of f-s (TOTAL)                 = 2918 
 Number of setups                      =  210 
 Number of nonlinear iterations        =  625 
 Number of linear iterations           = 2272 
 Number of preconditioner evaluations  =  196 
 Number of preconditioner solves       = 2875 
 Number of error test failures         =    4 
 Number of nonlinear conv. failures    =   82 
 Number of linear convergence failures =  294 
 Average Krylov subspace dimension     = 3.635 


----------------------------------------------------------------------------
----------------------------------------------------------------------------
