
[CVODES WARNING]  CVode
  Internal t = 612.179 and h = 2.16855e-05 are such that t + h = t on the next step. The solver will continue anyway.


[CVODES WARNING]  CVode
  Internal t = 612.179 and h = 2.16855e-05 are such that t + h = t on the next step. The solver will continue anyway.


[CVODES WARNING]  CVode
  Internal t = 612.194 and h = 1.93086e-05 are such that t + h = t on the next step. The solver will continue anyway.


[CVODES WARNING]  CVode
  Internal t = 612.194 and h = 1.93086e-05 are such that t + h = t on the next step. The solver will continue anyway.


[CVODES WARNING]  CVode
  Internal t = 612.195 and h = 1.99598e-05 are such that t + h = t on the next step. The solver will continue anyway.


[CVODES WARNING]  CVode
  Internal t = 612.195 and h = 1.99598e-05 are such that t + h = t on the next step. The solver will continue anyway.


[CVODES WARNING]  CVode
  Internal t = 612.195 and h = 2.31245e-05 are such that t + h = t on the next step. The solver will continue anyway.


[CVODES WARNING]  CVode
  Internal t = 612.195 and h = 2.31245e-05 are such that t + h = t on the next step. The solver will continue anyway.


[CVODES ERROR]  CVode
  At t = 612.218, mxstep steps taken before reaching tout.


SUNDIALS_ERROR: CVode() failed with retval = -1

 
3-species kinetics problem
Sensitivity: YES ( STAGGERED1 + FULL ERROR CONTROL )

=======================================================================
     T     Q       H      NST           y1           y2           y3    
=======================================================================
4.000e-01  3  6.055e-02   112
                  Solution         9.8517e-01   3.3864e-05   1.4794e-02 
                  Sensitivity 1   -3.5594e-01   3.9026e-04   3.5555e-01 
                  Sensitivity 2    9.5460e-08  -2.1309e-10  -9.5247e-08 
                  Sensitivity 3   -1.5838e-11  -5.2901e-13   1.6367e-11 
-----------------------------------------------------------------------
4.000e+00  5  2.737e-01   133
                  Solution         9.0552e-01   2.2405e-05   9.4459e-02 
                  Sensitivity 1   -1.8761e+00   1.7922e-04   1.8759e+00 
                  Sensitivity 2    2.9613e-06  -5.8305e-10  -2.9607e-06 
                  Sensitivity 3   -4.9334e-10  -2.7626e-13   4.9361e-10 
-----------------------------------------------------------------------
4.000e+01  2  9.539e-01   229
                  Solution         7.1583e-01   9.1858e-06   2.8416e-01 
                  Sensitivity 1   -4.2475e+00   4.5915e-05   4.2474e+00 
                  Sensitivity 2    1.3730e-05  -2.3573e-10  -1.3730e-05 
                  Sensitivity 3   -2.2882e-09  -1.1381e-13   2.2884e-09 
-----------------------------------------------------------------------
4.000e+02  2  8.901e+00   403
                  Solution         4.5051e-01   3.2228e-06   5.4949e-01 
                  Sensitivity 1   -5.9584e+00   3.5416e-06   5.9584e+00 
                  Sensitivity 2    2.2739e-05  -2.2595e-11  -2.2739e-05 
                  Sensitivity 3   -3.7897e-09  -4.9948e-14   3.7898e-09 
-----------------------------------------------------------------------

Final Statistics:
Current time                 = 612.2183227539062
Steps                        = 903
Error test fails             = 2
NLS step fails               = 0
Initial step size            = 1.091830070798494e-09
Last step size               = 4.76718123536557e-05
Current step size            = 4.76718123536557e-05
Last method order            = 1
Current method order         = 1
Stab. lim. order reductions  = 0
RHS fn evals                 = 2751
NLS iters                    = 1410
NLS fails                    = 0
NLS iters per step           = 1.561461806297302
LS setups                    = 909
Jac fn evals                 = 421
LS RHS fn evals              = 0
Prec setup evals             = 0
Prec solves                  = 0
LS iters                     = 0
LS fails                     = 0
Jac-times setups             = 0
Jac-times evals              = 0
LS iters per NLS iter        = 0
Jac evals per NLS iter       = 0.2985815703868866
Prec evals per NLS iter      = 0
Root fn evals                = 0
Sens fn evals                = 5404
Sens RHS fn evals            = 0
Sens error test fails        = 225
Sens NLS iters               = 5401
Sens NLS fails               = 413
Sens NLS step fails          = 212
Sens stgr1 NLS iters         = 2930, 1262, 1209
Sens stgr1 NLS fails         = 413, 0, 0
Sens stgr1 NLS step fails    = 212, 0, 0
Sens LS setups               = 201
