
[CVODES WARNING]  CVode
  Internal t = 611.687 and h = 2.78033e-05 are such that t + h = t on the next step. The solver will continue anyway.


[CVODES WARNING]  CVode
  Internal t = 611.687 and h = 2.78033e-05 are such that t + h = t on the next step. The solver will continue anyway.


[CVODES WARNING]  CVode
  Internal t = 611.687 and h = 2.78033e-05 are such that t + h = t on the next step. The solver will continue anyway.


[CVODES WARNING]  CVode
  Internal t = 611.687 and h = 2.32162e-05 are such that t + h = t on the next step. The solver will continue anyway.


[CVODES WARNING]  CVode
  Internal t = 611.687 and h = 2.32162e-05 are such that t + h = t on the next step. The solver will continue anyway.


[CVODES WARNING]  CVode
  Internal t = 611.687 and h = 2.32162e-05 are such that t + h = t on the next step. The solver will continue anyway.


[CVODES WARNING]  CVode
  Internal t = 611.69 and h = 1.40558e-05 are such that t + h = t on the next step. The solver will continue anyway.


[CVODES WARNING]  CVode
  Internal t = 611.69 and h = 1.40558e-05 are such that t + h = t on the next step. The solver will continue anyway.


[CVODES WARNING]  CVode
  Internal t = 611.703 and h = 2.16828e-05 are such that t + h = t on the next step. The solver will continue anyway.


[CVODES WARNING]  CVode
  Internal t = 611.703 and h = 2.16828e-05 are such that t + h = t on the next step. The solver will continue anyway.


[CVODES WARNING]  CVode
  The above warning has been issued mxhnil times and will not be issued again for this problem.


[CVODES ERROR]  CVode
  At t = 611.714, mxstep steps taken before reaching tout.


SUNDIALS_ERROR: CVode() failed with retval = -1

 
3-species kinetics problem
Sensitivity: YES ( SIMULTANEOUS + FULL ERROR CONTROL )

=======================================================================
     T     Q       H      NST           y1           y2           y3    
=======================================================================
4.000e-01  4  4.795e-02   121
                  Solution         9.8517e-01   3.3864e-05   1.4794e-02 
                  Sensitivity 1   -3.5595e-01   3.9025e-04   3.5556e-01 
                  Sensitivity 2    9.5427e-08  -2.1310e-10  -9.5214e-08 
                  Sensitivity 3   -1.5832e-11  -5.2900e-13   1.6361e-11 
-----------------------------------------------------------------------
4.000e+00  4  1.898e-01   146
                  Solution         9.0552e-01   2.2405e-05   9.4459e-02 
                  Sensitivity 1   -1.8761e+00   1.7922e-04   1.8759e+00 
                  Sensitivity 2    2.9613e-06  -5.8306e-10  -2.9607e-06 
                  Sensitivity 3   -4.9333e-10  -2.7626e-13   4.9361e-10 
-----------------------------------------------------------------------
4.000e+01  3  1.540e+00   211
                  Solution         7.1583e-01   9.1858e-06   2.8416e-01 
                  Sensitivity 1   -4.2475e+00   4.5915e-05   4.2475e+00 
                  Sensitivity 2    1.3730e-05  -2.3573e-10  -1.3730e-05 
                  Sensitivity 3   -2.2883e-09  -1.1381e-13   2.2884e-09 
-----------------------------------------------------------------------
4.000e+02  3  6.983e+00   325
                  Solution         4.5051e-01   3.2228e-06   5.4949e-01 
                  Sensitivity 1   -5.9585e+00   3.5414e-06   5.9585e+00 
                  Sensitivity 2    2.2739e-05  -2.2594e-11  -2.2739e-05 
                  Sensitivity 3   -3.7898e-09  -4.9947e-14   3.7898e-09 
-----------------------------------------------------------------------

Final Statistics:
Current time                 = 611.7137451171875
Steps                        = 825
Error test fails             = 46
NLS step fails               = 132
Initial step size            = 1.091830070798494e-09
Last step size               = 2.094084265991114e-05
Current step size            = 2.094084265991114e-05
Last method order            = 1
Current method order         = 1
Stab. lim. order reductions  = 0
RHS fn evals                 = 1815
NLS iters                    = 1814
NLS fails                    = 224
NLS iters per step           = 2.198787927627563
LS setups                    = 439
Jac fn evals                 = 233
LS RHS fn evals              = 0
Prec setup evals             = 0
Prec solves                  = 0
LS iters                     = 0
LS fails                     = 0
Jac-times setups             = 0
Jac-times evals              = 0
LS iters per NLS iter        = 0
Jac evals per NLS iter       = 0.1284454315900803
Prec evals per NLS iter      = 0
Root fn evals                = 0
Sens fn evals                = 5445
Sens RHS fn evals            = 0
Sens error test fails        = 0
Sens LS setups               = 0
