 
3-species kinetics problem
Sensitivity: YES ( STAGGERED1 + FULL ERROR CONTROL )

=======================================================================
     T     Q       H      NST           y1           y2           y3    
=======================================================================
4.000e-01  4  8.524e-02    99
                  Solution         9.8517e-01   3.3864e-05   1.4794e-02 
                  Sensitivity 1   -3.5594e-01   3.9026e-04   3.5555e-01 
                  Sensitivity 2    9.5461e-08  -2.1309e-10  -9.5248e-08 
                  Sensitivity 3   -1.5838e-11  -5.2901e-13   1.6367e-11 
-----------------------------------------------------------------------
4.000e+00  5  2.555e-01   117
                  Solution         9.0552e-01   2.2405e-05   9.4459e-02 
                  Sensitivity 1   -1.8761e+00   1.7922e-04   1.8759e+00 
                  Sensitivity 2    2.9613e-06  -5.8307e-10  -2.9607e-06 
                  Sensitivity 3   -4.9333e-10  -2.7626e-13   4.9361e-10 
-----------------------------------------------------------------------
4.000e+01  3  9.200e-01   255
                  Solution         7.1582e-01   9.1852e-06   2.8417e-01 
                  Sensitivity 1   -4.2476e+00   4.5911e-05   4.2476e+00 
                  Sensitivity 2    1.3731e-05  -2.3573e-10  -1.3731e-05 
                  Sensitivity 3   -2.2884e-09  -1.1381e-13   2.2885e-09 
-----------------------------------------------------------------------
4.000e+02  2  4.749e+00   411
                  Solution         4.5051e-01   3.2228e-06   5.4949e-01 
                  Sensitivity 1   -5.9584e+00   3.5415e-06   5.9584e+00 
                  Sensitivity 2    2.2738e-05  -2.2595e-11  -2.2738e-05 
                  Sensitivity 3   -3.7897e-09  -4.9947e-14   3.7898e-09 
-----------------------------------------------------------------------
4.000e+03  3  8.823e+01   529
                  Solution         1.8318e-01   8.9413e-07   8.1681e-01 
                  Sensitivity 1   -4.7500e+00  -5.9949e-06   4.7500e+00 
                  Sensitivity 2    1.8808e-05   2.3130e-11  -1.8808e-05 
                  Sensitivity 3   -3.1348e-09  -1.8758e-14   3.1348e-09 
-----------------------------------------------------------------------
4.000e+04  3  1.960e+03   640
                  Solution         3.8993e-02   1.6222e-07   9.6100e-01 
                  Sensitivity 1   -1.5752e+00  -2.7621e-06   1.5752e+00 
                  Sensitivity 2    6.2885e-06   1.1003e-11  -6.2885e-06 
                  Sensitivity 3   -1.0480e-09  -4.5372e-15   1.0480e-09 
-----------------------------------------------------------------------
4.000e+05  4  2.242e+04   691
                  Solution         4.9393e-03   1.9854e-08   9.9506e-01 
                  Sensitivity 1   -2.3640e-01  -4.5858e-07   2.3638e-01 
                  Sensitivity 2    9.4525e-07   1.8330e-12  -9.4522e-07 
                  Sensitivity 3   -1.5752e-10  -6.3633e-16   1.5752e-10 
-----------------------------------------------------------------------
4.000e+06  4  1.624e+05   734
                  Solution         5.1723e-04   2.0700e-09   9.9948e-01 
                  Sensitivity 1   -2.5704e-02  -5.1171e-08   2.5639e-02 
                  Sensitivity 2    1.0284e-07   2.0480e-13  -1.0300e-07 
                  Sensitivity 3   -1.7135e-11  -6.8611e-17   1.7136e-11 
-----------------------------------------------------------------------
4.000e+07  4  1.567e+06   771
                  Solution         5.1678e-05   2.0673e-10   9.9995e-01 
                  Sensitivity 1   -2.6097e-03  -5.2717e-09   2.5124e-03 
                  Sensitivity 2    1.0430e-08   2.1049e-14  -1.0918e-08 
                  Sensitivity 3   -1.7296e-12  -6.9191e-18   1.7305e-12 
-----------------------------------------------------------------------
4.000e+08  2  6.814e+07   806
                  Solution         6.1186e-06   2.4474e-11   9.9999e-01 
                  Sensitivity 1   -2.6970e-04  -4.6695e-10   1.6399e-04 
                  Sensitivity 2    1.0976e-09   1.9431e-15  -1.5159e-09 
                  Sensitivity 3   -2.0784e-13  -8.3137e-19   2.1120e-13 
-----------------------------------------------------------------------
4.000e+09  1  1.645e+09   831
                  Solution         4.5271e-07   1.8108e-12   1.0000e+00 
                  Sensitivity 1   -5.2853e-05  -1.6614e-10  -7.3000e-05 
                  Sensitivity 2    1.9663e-10   6.0546e-16  -5.4400e-10 
                  Sensitivity 3   -1.4482e-14  -5.7926e-20   2.9355e-14 
-----------------------------------------------------------------------
4.000e+10  1  3.946e+10   880
                  Solution         4.1743e-08   1.6697e-13   1.0000e+00 
                  Sensitivity 1   -3.6321e-05  -1.4288e-10  -1.4231e-04 
                  Sensitivity 2    1.3389e-10   5.2595e-16  -3.1706e-10 
                  Sensitivity 3   -7.8070e-16  -3.1228e-21   2.0997e-14 
-----------------------------------------------------------------------

Final Statistics:
nst = 880    nfe = 2072   nsetups = 271    nfeLS = 0      nje = 67
nni = 1071   nnf = 42     netf = 1         ncfn = 44    

nfSe = 3415   nfeS = 0      nsetupsS = 4     
nniS = 3412   nnfS = 8      netfS = 75     ncfnS = 4     

