 
3-species kinetics problem
Sensitivity: YES ( STAGGERED1 + FULL ERROR CONTROL )

=======================================================================
     T     Q       H      NST           y1           y2           y3    
=======================================================================
4.000e-01  4  5.843e-02   114
                  Solution         9.8517e-01   3.3864e-05   1.4794e-02 
                  Sensitivity 1   -3.5595e-01   3.9025e-04   3.5556e-01 
                  Sensitivity 2    9.5434e-08  -2.1309e-10  -9.5221e-08 
                  Sensitivity 3   -1.5833e-11  -5.2900e-13   1.6362e-11 
-----------------------------------------------------------------------
4.000e+00  5  2.115e-01   135
                  Solution         9.0552e-01   2.2405e-05   9.4459e-02 
                  Sensitivity 1   -1.8761e+00   1.7922e-04   1.8759e+00 
                  Sensitivity 2    2.9613e-06  -5.8306e-10  -2.9607e-06 
                  Sensitivity 3   -4.9333e-10  -2.7626e-13   4.9361e-10 
-----------------------------------------------------------------------
4.000e+01  2  1.603e+00   238
                  Solution         7.1581e-01   9.1847e-06   2.8418e-01 
                  Sensitivity 1   -4.2478e+00   4.5905e-05   4.2477e+00 
                  Sensitivity 2    1.3732e-05  -2.3568e-10  -1.3732e-05 
                  Sensitivity 3   -2.2886e-09  -1.1380e-13   2.2887e-09 
-----------------------------------------------------------------------
4.000e+02  2  9.425e+00   363
                  Solution         4.5047e-01   3.2223e-06   5.4953e-01 
                  Sensitivity 1   -5.9588e+00   3.5353e-06   5.9588e+00 
                  Sensitivity 2    2.2740e-05  -2.2565e-11  -2.2740e-05 
                  Sensitivity 3   -3.7901e-09  -4.9944e-14   3.7901e-09 
-----------------------------------------------------------------------
4.000e+03  3  1.705e+02   467
                  Solution         1.8320e-01   8.9421e-07   8.1680e-01 
                  Sensitivity 1   -4.7500e+00  -5.9937e-06   4.7500e+00 
                  Sensitivity 2    1.8809e-05   2.3127e-11  -1.8809e-05 
                  Sensitivity 3   -3.1348e-09  -1.8758e-14   3.1348e-09 
-----------------------------------------------------------------------
4.000e+04  3  1.404e+03   547
                  Solution         3.8986e-02   1.6219e-07   9.6101e-01 
                  Sensitivity 1   -1.5750e+00  -2.7620e-06   1.5750e+00 
                  Sensitivity 2    6.2878e-06   1.1003e-11  -6.2879e-06 
                  Sensitivity 3   -1.0479e-09  -4.5368e-15   1.0479e-09 
-----------------------------------------------------------------------
4.000e+05  4  2.070e+04   594
                  Solution         4.9383e-03   1.9850e-08   9.9506e-01 
                  Sensitivity 1   -2.3633e-01  -4.5836e-07   2.3631e-01 
                  Sensitivity 2    9.4498e-07   1.8323e-12  -9.4499e-07 
                  Sensitivity 3   -1.5751e-10  -6.3627e-16   1.5751e-10 
-----------------------------------------------------------------------
4.000e+06  3  9.253e+04   663
                  Solution         5.1689e-04   2.0686e-09   9.9948e-01 
                  Sensitivity 1   -2.5671e-02  -5.1075e-08   2.5652e-02 
                  Sensitivity 2    1.0269e-07   2.0432e-13  -1.0269e-07 
                  Sensitivity 3   -1.7113e-11  -6.8521e-17   1.7113e-11 
-----------------------------------------------------------------------
4.000e+07  4  2.684e+05   810
                  Solution         5.2031e-05   2.0814e-10   9.9995e-01 
                  Sensitivity 1   -2.5962e-03  -5.1826e-09   2.5870e-03 
                  Sensitivity 2    1.0401e-08   2.0794e-14  -1.0377e-08 
                  Sensitivity 3   -1.7328e-12  -6.9318e-18   1.7330e-12 
-----------------------------------------------------------------------
4.000e+08  1  4.990e+06  1105
                  Solution         5.2118e-06   2.0847e-11   9.9999e-01 
                  Sensitivity 1   -2.5903e-04  -5.1493e-10   2.4667e-04 
                  Sensitivity 2    1.0316e-09   2.0419e-15  -1.0076e-09 
                  Sensitivity 3   -1.7371e-13  -6.9485e-19   1.7390e-13 
-----------------------------------------------------------------------
4.000e+09  3  1.466e+08  1294
                  Solution         5.2148e-07   2.0859e-12   1.0000e+00 
                  Sensitivity 1   -5.6482e-05  -1.7378e-10  -4.1345e-05 
                  Sensitivity 2    2.2216e-10   6.8004e-16   1.4625e-10 
                  Sensitivity 3   -1.7387e-14  -6.9546e-20   1.7592e-14 
-----------------------------------------------------------------------
4.000e+10  1  6.358e+08  1477
                  Solution         5.1118e-08   2.0447e-13   1.0000e+00 
                  Sensitivity 1   -3.2939e-05  -1.2664e-10  -2.0078e-04 
                  Sensitivity 2    1.3146e-10   5.0539e-16   7.8596e-10 
                  Sensitivity 3   -1.6972e-15  -6.7888e-21   2.0607e-15 
-----------------------------------------------------------------------

Final Statistics:
nst = 1477   nfe = 3633   nsetups = 705    nje = 261
nni = 1874   nnf = 42     netf = 3         ncfn = 41    

nfSe = 6173   nfeS = 0      nsetupsS = 97    
nniS = 6169   nnfS = 202    netfS = 136    ncfnS = 105   

