 
3-species kinetics problem

At t = 2.6396e-01      y =  9.899645e-01    3.470491e-05    1.000006e-02
    rootsfound[] =   0   1
At t = 4.0000e-01      y =  9.851704e-01    3.386412e-05    1.479506e-02
At t = 4.0000e+00      y =  9.055083e-01    2.240381e-05    9.446871e-02
At t = 4.0000e+01      y =  7.158460e-01    9.185090e-06    2.841441e-01
At t = 4.0000e+02      y =  4.505309e-01    3.222900e-06    5.494652e-01
At t = 4.0000e+03      y =  1.832197e-01    8.944146e-07    8.167784e-01
At t = 4.0000e+04      y =  3.897447e-02    1.621388e-07    9.610242e-01
At t = 4.0000e+05      y =  4.939296e-03    1.985403e-08    9.950593e-01
At t = 4.0000e+06      y =  5.167677e-04    2.068129e-09    9.994821e-01
At t = 2.0799e+07      y =  1.000000e-04    4.000401e-10    9.998989e-01
    rootsfound[] =  -1   0
At t = 4.0000e+07      y =  5.207764e-05    2.083212e-10    9.999468e-01
At t = 4.0000e+08      y =  5.195514e-06    2.078219e-11    9.999936e-01
At t = 4.0000e+09      y =  5.282956e-07    2.113186e-12    9.999984e-01
At t = 4.0000e+10      y =  7.760490e-08    3.104200e-13    9.999987e-01

Final Statistics:
nst = 591    nfe = 855    nsetups = 130    nje = 20
nni = 847    nnf = 12     netf = 27        ncfn = 8      nge = 615

