
[CVODES ERROR]  CVode
  At t = 3.86982e+07, mxstep steps taken before reaching tout.


[CVODEA ERROR]  CVodeB
  Error occured while integrating backward problem # 0


SUNDIALS_ERROR: CVodeB() failed with retval = -1


Adjoint Sensitivity Example for Chemical Kinetics
-------------------------------------------------

ODE: dy1/dt = -p1*y1 + p2*y2*y3
     dy2/dt =  p1*y1 - p2*y2*y3 - p3*(y2)^2
     dy3/dt =  p3*(y2)^2

Find dG/dp for
     G = int_t0^tB0 g(t,p,y) dt
     g(t,p,y) = y3


Create and allocate CVODES memory for forward runs
Forward integration ... done ( nst = 847 )

ncheck = 5

--------------------------------------------------------
G:            3.9983e+07 
--------------------------------------------------------

Create and allocate CVODES memory for backward run
Backward integration from tB0 =   4.0000e+07

