hwloc/linux: Ignoring PCI device with non-16bit domain.
Pass --enable-32bits-pci-domain to configure to support such devices
(warning: it would break the library ABI, don't enable unless really needed).

 Brusselator PDE -  DAE parallel example problem for IDA 

Number of species ns: 2     Mesh dimensions: 82 x 82
Total system size: 13448
Subgrid dimensions: 41 x 41     Processor array: 2 x 2
Tolerance parameters:  rtol = 1e-05   atol = 1e-05
Linear solver: SUNLinSol_SPGMR     Max. Krylov dimension maxl: 16
Preconditioner: band-block-diagonal (IDABBDPRE), with parameters
     mudq = 82,  mldq = 82,  mukeep = 2,  mlkeep = 2
CalcIC called to correct initial concentrations 

-----------------------------------------------------------
  t        bottom-left  top-right    | nst  k      h
-----------------------------------------------------------

0.00e+00   5.0038e-01   1.4996e+00   |   0  0   1.0000e-06
           1.0019e+00   5.9981e+00   |

1.00e-03   4.9944e-01   1.5076e+00   |  13  1   5.1200e-04
           1.0034e+00   5.9896e+00   |

1.00e-02   4.9120e-01   1.5835e+00   |  22  1   1.0240e-03
           1.0170e+00   5.9080e+00   |

1.00e-01   4.2234e-01   3.0825e+00   | 127  1   6.7185e-04
           1.1418e+00   4.2945e+00   |


[IDAS ERROR]  IDASolve
  At t = 0.366814, , mxstep steps taken before reaching tout.


SUNDIALS_ERROR(3): IDASolve() failed with retval = -1


[IDAS ERROR]  IDASolve
  At t = 0.366814, , mxstep steps taken before reaching tout.


SUNDIALS_ERROR(0): IDASolve() failed with retval = -1


[IDAS ERROR]  IDASolve
  At t = 0.366814, , mxstep steps taken before reaching tout.


SUNDIALS_ERROR(1): IDASolve() failed with retval = -1


[IDAS ERROR]  IDASolve
  At t = 0.366814, , mxstep steps taken before reaching tout.


SUNDIALS_ERROR(2): IDASolve() failed with retval = -1

--------------------------------------------------------------------------
MPI_ABORT was invoked on rank 3 in communicator MPI_COMM_WORLD
with errorcode 1.

NOTE: invoking MPI_ABORT causes Open MPI to kill all MPI processes.
You may or may not see output from other processes, depending on
exactly when Open MPI kills them.
--------------------------------------------------------------------------
[81196c96fe94:09666] 3 more processes have sent help message help-mpi-api.txt / mpi-abort
[81196c96fe94:09666] Set MCA parameter "orte_base_help_aggregate" to 0 to see all help / error messages
