hwloc/linux: Ignoring PCI device with non-16bit domain.
Pass --enable-32bits-pci-domain to configure to support such devices
(warning: it would break the library ABI, don't enable unless really needed).

idasHeat2D_p: Heat equation, parallel example problem for IDA
                Discretized heat equation on 2D unit square.
                Zero boundary conditions, polynomial initial conditions.
                Mesh dimensions: 10 x 10        Total system size: 100

Subgrid dimensions: 5 x 5        Processor array: 2 x 2
Tolerance parameters:  rtol = 0   atol = 0.001
Constraints set to force all solution components >= 0. 
SUPPRESSALG = SUNTRUE to suppress local error testing on all boundary components. 
Linear solver: SUNLinSol_SPGMR  Preconditioner: diagonal elements only.

   Output Summary (umax = max-norm of solution) 

  time     umax       k  nst  nni  nli   nre   nreLS    h      npe nps
----------------------------------------------------------------------
  0.00   9.75461e-01  0    0    0    0     0     0   0.00e+00    0   0
  0.01   8.24106e-01  2   12   14    7    14     7   2.56e-03    8  21
  0.02   6.88134e-01  3   15   18   12    18    12   5.12e-03    8  30
  0.04   4.70715e-01  3   18   24   21    24    21   6.58e-03    9  45
  0.08   2.16498e-01  3   22   29   30    29    30   1.32e-02    9  59
  0.16   4.57296e-02  4   28   36   44    36    44   1.32e-02    9  80
  0.32   2.09205e-03  4   35   44   67    44    67   2.63e-02   10 111
  0.64   7.48929e-13  1   40   54   80    54    80   1.90e-01   13 134
  1.28   2.89093e-13  1   42   56   80    56    80   7.58e-01   15 136
  2.56   2.26030e-12  1   43   57   80    57    80   1.52e+00   16 137
  5.12   5.05219e-12  1   44   58   80    58    80   3.03e+00   17 138
 10.24   1.65263e-11  1   45   59   80    59    80   6.07e+00   18 139

Error test failures            = 2
Nonlinear convergence failures = 0
Linear convergence failures    = 0
