
2D elliptic PDE on unit square
   d^2 u / dx^2 + d^2 u / dy^2 = u^3 - u + 2.0
 + homogeneous Dirichlet boundary conditions

Solution method: Anderson accelerated Picard iteration with band linear solver.
Problem size: 31 x 31 =  961

Computed solution (||F|| = 0):

            0.03125  0.12500  0.21875  0.31250  0.40625  0.50000  0.59375  0.68750  0.78125  0.87500  0.96875  

0.03125     nan      nan      nan      nan      nan      nan      nan      nan      nan      nan      nan      
0.12500     nan      nan      nan      nan      nan      nan      nan      nan      nan      nan      nan      
0.21875     nan      nan      nan      nan      nan      nan      nan      nan      nan      nan      nan      
0.31250     nan      nan      nan      nan      nan      nan      nan      nan      nan      nan      nan      
0.40625     nan      nan      nan      nan      nan      nan      nan      nan      nan      nan      nan      
0.50000     nan      nan      nan      nan      nan      nan      nan      nan      nan      nan      nan      
0.59375     nan      nan      nan      nan      nan      nan      nan      nan      nan      nan      nan      
0.68750     nan      nan      nan      nan      nan      nan      nan      nan      nan      nan      nan      
0.78125     nan      nan      nan      nan      nan      nan      nan      nan      nan      nan      nan      
0.87500     nan      nan      nan      nan      nan      nan      nan      nan      nan      nan      nan      
0.96875     nan      nan      nan      nan      nan      nan      nan      nan      nan      nan      nan      

Final Statistics.. 

nni      =     77    nfe     =     78 
nje      =     77    nfeB    =      0 

lenrwB   =    962    leniwB  =    985 
