
Robertson ODE test problem:
    initial conditions:  u0 = 1,  v0 = 0,  w0 = 0
        t           u           v           w
   --------------------------------------------------
   0.000e+00   1.00000e+00   0.00000e+00   0.00000e+00
   1.000e+09   2.08333e-06   9.49716e-12   9.99998e-01
   2.000e+09   1.04167e-06   2.87565e-12   9.99999e-01
   3.000e+09   6.94441e-07   2.69268e-12   9.99999e-01
   4.000e+09   5.20835e-07   2.02838e-12   9.99999e-01
   5.000e+09   4.16669e-07   1.08076e-12   1.00000e+00
   6.000e+09   3.47223e-07   1.39040e-12   1.00000e+00
   7.000e+09   2.97618e-07   2.75054e-12   1.00000e+00
   8.000e+09   2.60418e-07   1.01284e-12   1.00000e+00
   9.000e+09   2.31482e-07   7.32367e-13   1.00000e+00
   1.000e+10   2.08334e-07   8.25210e-13   1.00000e+00
   1.100e+10   1.89395e-07   6.86915e-13   1.00000e+00
   1.200e+10   1.73611e-07  -3.41480e-13   1.00000e+00
   1.300e+10   1.60256e-07   1.42915e-12   1.00000e+00
   1.400e+10   1.48810e-07   5.65629e-13   1.00000e+00
   1.500e+10   1.38890e-07   4.84855e-13   1.00000e+00
   1.600e+10   1.30208e-07   1.23425e-12   1.00000e+00
   1.700e+10   1.22550e-07  -9.64108e-14   1.00000e+00
   1.800e+10   1.15755e-07  -1.31409e-11   1.00000e+00
   1.900e+10   1.09649e-07   1.19718e-12   1.00000e+00
   2.000e+10   1.04167e-07   1.08080e-13   1.00000e+00
   2.100e+10   9.92068e-08   3.87204e-13   1.00000e+00
   2.200e+10   9.46974e-08   3.48494e-13   1.00000e+00
   2.300e+10   9.05839e-08  -3.44683e-12   1.00000e+00
   2.400e+10   8.68061e-08   1.25201e-13   1.00000e+00
   2.500e+10   8.33340e-08   3.65809e-14   1.00000e+00
   2.600e+10   8.01285e-08   3.32754e-13   1.00000e+00
   2.700e+10   7.71613e-08  -1.66364e-13   1.00000e+00
   2.800e+10   7.44052e-08   1.41051e-13   1.00000e+00
   2.900e+10   7.18394e-08   2.90844e-13   1.00000e+00
   3.000e+10   6.94447e-08   2.86144e-13   1.00000e+00
   3.100e+10   6.72046e-08   2.73991e-13   1.00000e+00
   3.200e+10   6.51044e-08   2.59494e-13   1.00000e+00
   3.300e+10   6.31311e-08   3.07770e-13   1.00000e+00
   3.400e+10   6.12739e-08   3.91899e-13   1.00000e+00
   3.500e+10   5.95235e-08   3.96639e-13   1.00000e+00
   3.600e+10   5.78707e-08   2.06721e-13   1.00000e+00
   3.700e+10   5.63068e-08  -2.04443e-13   1.00000e+00
   3.800e+10   5.48252e-08  -5.73845e-13   1.00000e+00
   3.900e+10   5.34196e-08  -5.92200e-13   1.00000e+00
   4.000e+10   5.20838e-08   4.96581e-14   1.00000e+00
   4.100e+10   5.08133e-08   2.04308e-13   1.00000e+00
   4.200e+10   4.96043e-08  -7.17005e-13   1.00000e+00
   4.300e+10   4.84494e-08   6.89000e-13   1.00000e+00
   4.400e+10   4.73491e-08  -1.60968e-13   1.00000e+00
   4.500e+10   4.62965e-08   2.10721e-13   1.00000e+00
   4.600e+10   4.52901e-08   1.61865e-13   1.00000e+00
   4.700e+10   4.43264e-08   2.58252e-13   1.00000e+00
   4.800e+10   4.34033e-08  -1.77282e-13   1.00000e+00
   4.900e+10   4.25131e-08   4.31502e-12   1.00000e+00
   5.000e+10   4.16668e-08   2.12955e-13   1.00000e+00
   5.100e+10   4.08501e-08  -4.68203e-14   1.00000e+00
   5.200e+10   4.00642e-08   2.81388e-13   1.00000e+00
   5.300e+10   3.93084e-08   7.42029e-14   1.00000e+00
   5.400e+10   3.85804e-08   1.58375e-13   1.00000e+00
   5.500e+10   3.78790e-08   1.50257e-13   1.00000e+00
   5.600e+10   3.72030e-08  -3.34846e-13   1.00000e+00
   5.700e+10   3.65506e-08  -5.45850e-13   1.00000e+00
   5.800e+10   3.59208e-08  -9.60816e-13   1.00000e+00
   5.900e+10   3.53109e-08   1.52620e-13   1.00000e+00
   6.000e+10   3.47223e-08   2.62969e-13   1.00000e+00
   6.100e+10   3.41536e-08  -3.14920e-13   1.00000e+00
   6.200e+10   3.36024e-08   8.83694e-14   1.00000e+00
   6.300e+10   3.30689e-08   1.31776e-13   1.00000e+00
   6.400e+10   3.25522e-08   1.39095e-13   1.00000e+00
   6.500e+10   3.20514e-08   1.27036e-13   1.00000e+00
   6.600e+10   3.15658e-08   1.28124e-13   1.00000e+00
   6.700e+10   3.10947e-08   8.25708e-14   1.00000e+00
   6.800e+10   3.06377e-08  -1.95497e-13   1.00000e+00
   6.900e+10   3.01939e-08  -4.66886e-13   1.00000e+00
   7.000e+10   2.97626e-08  -4.13423e-13   1.00000e+00
   7.100e+10   2.93430e-08  -1.19912e-14   1.00000e+00
   7.200e+10   2.89353e-08   1.19610e-13   1.00000e+00
   7.300e+10   2.85387e-08   3.10398e-13   1.00000e+00
   7.400e+10   2.81533e-08   8.20656e-14   1.00000e+00
   7.500e+10   2.77778e-08   1.75045e-13   1.00000e+00
   7.600e+10   2.74123e-08   2.13374e-13   1.00000e+00
   7.700e+10   2.70551e-08   1.38563e-12   1.00000e+00
   7.800e+10   2.67093e-08   3.26241e-13   1.00000e+00
   7.900e+10   2.63714e-08   1.21173e-13   1.00000e+00
   8.000e+10   2.60418e-08   9.97712e-14   1.00000e+00
   8.100e+10   2.57204e-08   7.47435e-15   1.00000e+00
   8.200e+10   2.54059e-08   7.70940e-13   1.00000e+00
   8.300e+10   2.51005e-08   9.00162e-14   1.00000e+00
   8.400e+10   2.48017e-08   8.97998e-14   1.00000e+00
   8.500e+10   2.45101e-08  -1.07158e-13   1.00000e+00
   8.600e+10   2.42251e-08  -3.79107e-14   1.00000e+00
   8.700e+10   2.39458e-08   8.08245e-13   1.00000e+00
   8.800e+10   2.36741e-08   3.42014e-13   1.00000e+00
   8.900e+10   2.34079e-08   5.46568e-13   1.00000e+00
   9.000e+10   2.31482e-08   1.83939e-13   1.00000e+00
   9.100e+10   2.28935e-08   4.25504e-13   1.00000e+00
   9.200e+10   2.26448e-08   3.54744e-13   1.00000e+00
   9.300e+10   2.24036e-08  -2.00734e-12   1.00000e+00
   9.400e+10   2.21631e-08   1.99099e-13   1.00000e+00
   9.500e+10   2.19309e-08  -9.18936e-13   1.00000e+00
   9.600e+10   2.17015e-08   8.58462e-14   1.00000e+00
   9.700e+10   2.14778e-08   6.56914e-14   1.00000e+00
   9.800e+10   2.12586e-08   8.34757e-14   1.00000e+00
   9.900e+10   2.10439e-08   5.17898e-14   1.00000e+00
   1.000e+11   2.08334e-08   9.86819e-14   1.00000e+00
   --------------------------------------------------

Final Solver Statistics:
   Internal solver steps = 389 (attempted = 592)
   Total RHS evals:  Fe = 0,  Fi = 15783
   Total linear solver setups = 617
   Total RHS evals for setting up the linear system = 0
   Total number of Jacobian evaluations = 424
   Total number of Newton iterations = 13569
   Total number of nonlinear solver convergence failures = 407
   Total number of error test failures = 0
   Total number of constraint test failures = 16
   Total number of failed steps from solver failure = 187
