
2D Heat PDE test problem:
 --------------------------------- 
  nprocs         = 4
  npx            = 2
  npy            = 2
 --------------------------------- 
  kx             = 1
  ky             = 1
  forcing        = 1
  tf             = 1
  xu             = 1
  yu             = 1
  nx             = 32
  ny             = 32
  nxl (proc 0)   = 16
  nyl (proc 0)   = 16
  dx             = 0.0322581
  dy             = 0.0322581
 --------------------------------- 
  rtol           = 1e-05
  atol           = 1e-10
  order          = 3
  fixed h        = 0
  controller     = 0
  linear         = 1
 --------------------------------- 
  linear solver  = PCG
  lin iters      = 20
  eps lin        = 0
  prec           = 1
  msbp           = 0
 --------------------------------- 
  output         = 1
 --------------------------------- 

          t                     ||u||_rms                max error      
 -----------------------------------------------------------------------
0.000000000000000000e+00 3.632812500000000000e-01 0.000000000000000000e+00
5.000000000000000000e-02 3.551986505819326733e-01 2.454705781274325784e-03
1.000000000000000000e-01 3.296221523761931920e-01 2.894324107279966796e-03
1.500000000000000000e-01 2.894443963635052027e-01 2.832903723242449767e-03
2.000000000000000000e-01 2.387096648532150675e-01 2.521084253456236726e-03
2.500000000000000000e-01 1.824252580577042519e-01 2.077447956473313807e-03
3.000000000000000000e-01 1.261158401367554613e-01 1.577656096436025161e-03
3.500000000000000000e-01 7.529903075147920474e-02 1.082873737367407406e-03
4.000000000000000000e-01 3.495149099524720213e-02 6.465705683040415871e-04
4.500000000000000000e-01 9.023444174821818741e-03 3.130219846485546645e-04
5.000000000000000001e-01 5.514468699863592468e-05 1.155671924799054408e-04
5.500000000000000001e-01 8.918879149164317559e-03 7.365964013241863733e-05
6.000000000000000001e-01 3.475279353242357622e-02 1.915790821589190892e-04
6.500000000000000001e-01 7.502601206235376709e-02 4.575303149271110737e-04
7.000000000000000001e-01 1.257965912381082833e-01 8.462496941461363853e-04
7.500000000000000001e-01 1.820943512022275094e-01 1.318564987598684190e-03
8.000000000000000001e-01 2.384086911038457493e-01 1.828934856019218992e-03
8.500000000000000001e-01 2.892273658235253926e-01 2.327719336274264739e-03
9.000000000000000001e-01 3.295756008162740571e-01 2.765491450371323264e-03
9.500000000000000002e-01 3.555040179826284644e-01 3.099939104090239372e-03
1.000000000000000000e+00 3.644742046750246895e-01 3.297104386003906710e-03
 -----------------------------------------------------------------------

Final integrator statistics:
  Steps            = 199
  Step attempts    = 228
  Error test fails = 29
  RHS evals        = 1599
  NLS iters        = 684
  NLS fails        = 0
  LS iters         = 13474
  LS fails         = 655
  LS setups        = 90
  LS RHS evals     = 13474
  Jv products      = 13474

  Avg NLS iters per step attempt = 3.000000
  Avg LS iters per NLS iter      = 19.698830

  Preconditioner setups = 31
  Preconditioner solves = 13474

  Max error = 3.297104386003906710e-03
