hwloc/linux: Ignoring PCI device with non-16bit domain.
Pass --enable-32bits-pci-domain to configure to support such devices
(warning: it would break the library ABI, don't enable unless really needed).

2D Heat PDE test problem:
 --------------------------------- 
  nprocs         = 4
  npx            = 2
  npy            = 2
 --------------------------------- 
  Dux            = 0.001
  Duy            = 0.001
  Dvx            = 0.001
  Dvy            = 0.001
  A              = 1
  B              = 3
 --------------------------------- 
  tf             = 10
  xl             = -0.5
  xu             = 0.5
  yl             = -0.5
  yu             = 0.5
 --------------------------------- 
  nx             = 128
  ny             = 128
  dx             = 0.0078125
  dy             = 0.0078125
  nxl (proc 0)   = 64
  nyl (proc 0)   = 64
  is  (proc 0)   = 0
  ie  (proc 0)   = 63
  je  (proc 0)   = 0
  je  (proc 0)   = 63
 --------------------------------- 
  rtol           = 0.0001
  atol           = 1e-08
  order          = 3
  fixed h        = 0
  controller     = 0
  linear         = 1
 --------------------------------- 
  linear solver  = PCG
  lin iters      = 5
  eps lin        = 0
  prec           = 1
  msbp           = 0
 --------------------------------- 
  output         = 1
 --------------------------------- 

          t                     ||u||_rms      
 ----------------------------------------------
0.000000000000000000e+00 3.172144385112380094e+00
5.000000000000000000e-01 3.136781976621943386e+00
1.000000000000000000e+00 3.125095514737012922e+00
1.500000000000000000e+00 3.152621053476701288e+00
2.000000000000000000e+00 3.252033186016647586e+00
2.500000000000000000e+00 3.404816936617541857e+00
3.000000000000000000e+00 3.570169838373741686e+00
3.500000000000000000e+00 3.700017722170471361e+00
4.000000000000000000e+00 3.694714638313447684e+00
4.500000000000000000e+00 3.628539231615705355e+00
5.000000000000000000e+00 3.475448473794224597e+00
5.500000000000000000e+00 3.343990269244463649e+00
6.000000000000000000e+00 3.233929095891896928e+00
6.500000000000000000e+00 3.082065295908649337e+00
7.000000000000000000e+00 2.890457334335135107e+00
7.500000000000000000e+00 2.837131177935875560e+00
8.000000000000000000e+00 2.898091158508132038e+00
8.500000000000000000e+00 3.139970377662481429e+00
9.000000000000000000e+00 3.442210416157661200e+00
9.500000000000000000e+00 3.740403997325011631e+00
1.000000000000000000e+01 4.014493444844103602e+00
 ----------------------------------------------

Final integrator statistics:
  Steps            = 105
  Step attempts    = 112
  Error test fails = 7
  RHS reaction     = 451
  RHS diffusion    = 787
  NLS iters        = 336
  NLS fails        = 0
  LS iters         = 1649
  LS fails         = 303
  LS setups        = 0
  LS RHS evals     = 1649
  Jv products      = 1649

  Avg NLS iters per step attempt = 3.000000
  Avg LS iters per NLS iter      = 4.907738

  Preconditioner setups = 0
  Preconditioner solves = 1649

