hwloc/linux: Ignoring PCI device with non-16bit domain.
Pass --enable-32bits-pci-domain to configure to support such devices
(warning: it would break the library ABI, don't enable unless really needed).

2D Heat PDE test problem:
 --------------------------------- 
  nprocs         = 4
  npx            = 2
  npy            = 2
 --------------------------------- 
  Dux            = 0.001
  Duy            = 0.001
  Dvx            = 0.001
  Dvy            = 0.001
  A              = 1
  B              = 3
 --------------------------------- 
  tf             = 10
  xl             = -0.5
  xu             = 0.5
  yl             = -0.5
  yu             = 0.5
 --------------------------------- 
  nx             = 128
  ny             = 128
  dx             = 0.0078125
  dy             = 0.0078125
  nxl (proc 0)   = 64
  nyl (proc 0)   = 64
  is  (proc 0)   = 0
  ie  (proc 0)   = 63
  je  (proc 0)   = 0
  je  (proc 0)   = 63
 --------------------------------- 
  rtol_slow      = 0.0001
  atol_slow      = 1e-08
  rtol_fast      = 1e-05
  atol_fast      = 1e-09
  order_fast     = 3
  fixed h slow   = 0.0762939
  fixed h fast   = 0
  controller     = 0
  linear         = 1
 --------------------------------- 
  linear solver  = PCG
  lin iters      = 5
  eps lin        = 0
  prec           = 1
  msbp           = 0
 --------------------------------- 
  output         = 1
 --------------------------------- 

          t                     ||u||_rms      
 ----------------------------------------------
0.000000000000000000e+00 3.172144385112380094e+00
5.000000000000000000e-01 3.136741760881514445e+00
1.000000000000000000e+00 3.125063295793574183e+00
1.500000000000000000e+00 3.152611822334967188e+00
2.000000000000000000e+00 3.252039968529746054e+00
2.500000000000000000e+00 3.404756142828518701e+00
3.000000000000000000e+00 3.570174731896733128e+00
3.500000000000000000e+00 3.699944425574239321e+00
4.000000000000000000e+00 3.694624735709437817e+00
4.500000000000000000e+00 3.628170641968905087e+00
5.000000000000000000e+00 3.475210353318968123e+00
5.500000000000000000e+00 3.343947527237713964e+00
6.000000000000000000e+00 3.234102965427474552e+00
6.500000000000000000e+00 3.082525417867501360e+00
7.000000000000000000e+00 2.890803245831287298e+00
7.500000000000000000e+00 2.837375200153734118e+00
8.000000000000000000e+00 2.898182614496990072e+00
8.500000000000000000e+00 3.139950921941425482e+00
9.000000000000000000e+00 3.442122515785179708e+00
9.500000000000000000e+00 3.740300925314035903e+00
1.000000000000000000e+01 4.014384843901697925e+00
 ----------------------------------------------

Final integrator statistics:

Slow Integrator:
  Steps            = 132
  RHS diffusion    = 793
  NLS iters        = 396
  NLS fails        = 0
  LS iters         = 1954
  LS fails         = 362
  LS setups        = 0
  LS RHS evals     = 1954
  Jv products      = 1954

  Avg NLS iters per step attempt = 3.000000
  Avg LS iters per NLS iter      = 4.934343

  Preconditioner setups = 0
  Preconditioner solves = 1954

Fast Integrator:
  Steps            = 473
  Step attempts    = 473
  Error test fails = 0
  RHS reaction     = 2423
