
Problem parameters and options:
 --------------------------------- 
  advection        = ON
  diffusion        = ON
  splitting        = 3
 --------------------------------- 
  c                = 0.001
  d                = 0.01
  A                = 0.6
  B                = 2
 --------------------------------- 
  tf               = 3
  xl               = 0
  xu               = 1
  nx               = 512
  dx               = 0.00195312
 --------------------------------- 
  integrator       = ARK
  order            = 3
  rtol             = 0.0001
  atol             = 1e-09
  fixed h          = 0
  controller       = -1
  predictor        = 0
  ls setup freq    = 0
  linear           = 0
 --------------------------------- 
  output          = 1
 --------------------------------- 

          t                     ||y||_rms      
 ----------------------------------------------
0.000000000000000000e+00 4.030082406614755999e+00
3.000000000000000000e-01 3.942337648549737835e+00
6.000000000000000000e-01 3.877405984490749255e+00
9.000000000000000000e-01 3.793529140054979214e+00
1.200000000000000000e+00 3.688844782369412516e+00
1.500000000000000000e+00 3.566697768848066814e+00
1.800000000000000000e+00 3.438878481039753488e+00
2.100000000000000000e+00 3.319700492508966196e+00
2.400000000000000000e+00 3.219301874171163093e+00
2.700000000000000000e+00 3.146586018128357341e+00
3.000000000000000000e+00 3.110695867035752953e+00
 ----------------------------------------------

Final integrator statistics:
  Steps              = 23
  Step attempts      = 24
  Error test fails   = 0
  Explicit RHS evals = 96
  Implicit RHS evals = 288
  NLS iters          = 192
  NLS fails          = 7
  LS setups          = 16
  J evals            = 8

  Avg NLS iters per step attempt = 8.000000
  Avg LS setups per NLS iter     = 0.083333

