hwloc/linux: Ignoring PCI device with non-16bit domain.
Pass --enable-32bits-pci-domain to configure to support such devices
(warning: it would break the library ABI, don't enable unless really needed).

2D Heat PDE test problem:
 --------------------------------- 
  nprocs         = 4
  npx            = 2
  npy            = 2
 --------------------------------- 
  Dux            = 0.001
  Duy            = 0.001
  Dvx            = 0.001
  Dvy            = 0.001
  A              = 1
  B              = 3
 --------------------------------- 
  tf             = 10
  xl             = -0.5
  xu             = 0.5
  yl             = -0.5
  yu             = 0.5
 --------------------------------- 
  nx             = 128
  ny             = 128
  dx             = 0.0078125
  dy             = 0.0078125
  nxl (proc 0)   = 64
  nyl (proc 0)   = 64
  is  (proc 0)   = 0
  ie  (proc 0)   = 63
  je  (proc 0)   = 0
  je  (proc 0)   = 63
 --------------------------------- 
  rtol_slow      = 0.0001
  atol_slow      = 1e-08
  rtol_fast      = 1e-05
  atol_fast      = 1e-09
  order_fast     = 3
  fixed h slow   = 0.0762939
  fixed h fast   = 0
  controller     = 0
  linear         = 1
 --------------------------------- 
  linear solver  = PCG
  lin iters      = 5
  eps lin        = 0
  prec           = 1
  msbp           = 0
 --------------------------------- 
  output         = 1
 --------------------------------- 

          t                     ||u||_rms      
 ----------------------------------------------
0.000000000000000000e+00 3.172144385112380094e+00
5.000000000000000000e-01 3.136729932010472461e+00
1.000000000000000000e+00 3.125062685700864531e+00
1.500000000000000000e+00 3.152635848066236884e+00
2.000000000000000000e+00 3.252074938398427800e+00
2.500000000000000000e+00 3.404771199012670341e+00
3.000000000000000000e+00 3.570147227428957897e+00
3.500000000000000000e+00 3.699833432939425911e+00
4.000000000000000000e+00 3.694303888482728097e+00
4.500000000000000000e+00 3.627841607109054587e+00
5.000000000000000000e+00 3.474881120380538328e+00
5.500000000000000000e+00 3.343700441963469558e+00
6.000000000000000000e+00 3.233930743984831717e+00
6.500000000000000000e+00 3.082400643381297649e+00
7.000000000000000000e+00 2.890775745316221631e+00
7.500000000000000000e+00 2.837455295799062580e+00
8.000000000000000000e+00 2.898404747611473323e+00
8.500000000000000000e+00 3.140184727040421235e+00
9.000000000000000000e+00 3.442327061396679127e+00
9.500000000000000000e+00 3.740473056972897980e+00
1.000000000000000000e+01 4.014515570937826515e+00
 ----------------------------------------------

Final integrator statistics:

Slow Integrator:
  Steps            = 132
  RHS diffusion    = 793
  NLS iters        = 396
  NLS fails        = 0
  LS iters         = 1954
  LS fails         = 360
  LS setups        = 0
  LS RHS evals     = 1954
  Jv products      = 1954

  Avg NLS iters per step attempt = 3.000000
  Avg LS iters per NLS iter      = 4.934343

  Preconditioner setups = 0
  Preconditioner solves = 1954

Fast Integrator:
  Steps            = 2061
  Error test fails = 392
  RHS reaction     = 4987
  NLS iters        = 3799
  NLS fails        = 0

