
2-species diurnal advection-diffusion problem

t = 7.20e+03   no. steps = 979   stepsize = 3.07e+00
At bottom left:  c1, c2 =    1.047e+04    2.527e+11 
At top right:    c1, c2 =    1.119e+04    2.700e+11 

t = 1.44e+04   no. steps = 2733   stepsize = 6.92e+00
At bottom left:  c1, c2 =    6.659e+06    2.582e+11 
At top right:    c1, c2 =    7.301e+06    2.833e+11 

t = 2.16e+04   no. steps = 3533   stepsize = 1.04e+01
At bottom left:  c1, c2 =    2.665e+07    2.993e+11 
At top right:    c1, c2 =    2.931e+07    3.313e+11 

t = 2.88e+04   no. steps = 4575   stepsize = 4.86e+00
At bottom left:  c1, c2 =    8.702e+06    3.380e+11 
At top right:    c1, c2 =    9.650e+06    3.751e+11 

t = 3.60e+04   no. steps = 5811   stepsize = 2.56e+00
At bottom left:  c1, c2 =    1.404e+04    3.387e+11 
At top right:    c1, c2 =    1.561e+04    3.765e+11 

t = 4.32e+04   no. steps = 6999   stepsize = 4.40e+02
At bottom left:  c1, c2 =   -1.529e-07    3.382e+11 
At top right:    c1, c2 =    1.524e-07    3.804e+11 

t = 5.04e+04   no. steps = 7016   stepsize = 3.61e+02
At bottom left:  c1, c2 =   -4.487e-09    3.358e+11 
At top right:    c1, c2 =    7.603e-09    3.864e+11 

t = 5.76e+04   no. steps = 7030   stepsize = 3.04e+02
At bottom left:  c1, c2 =    2.859e-16    3.320e+11 
At top right:    c1, c2 =   -9.282e-16    3.909e+11 

t = 6.48e+04   no. steps = 7043   stepsize = 7.11e+02
At bottom left:  c1, c2 =   -8.640e-17    3.313e+11 
At top right:    c1, c2 =   -7.355e-16    3.963e+11 

t = 7.20e+04   no. steps = 7053   stepsize = 7.09e+02
At bottom left:  c1, c2 =    1.397e-16    3.330e+11 
At top right:    c1, c2 =   -2.235e-15    4.039e+11 

t = 7.92e+04   no. steps = 7063   stepsize = 7.09e+02
At bottom left:  c1, c2 =    3.750e-16    3.334e+11 
At top right:    c1, c2 =   -1.566e-15    4.120e+11 

t = 8.64e+04   no. steps = 7073   stepsize = 7.09e+02
At bottom left:  c1, c2 =    4.208e-16    3.352e+11 
At top right:    c1, c2 =   -1.147e-15    4.163e+11 


Final Statistics: 

lenrw   =  3301     leniw   =   241
lenrwls =  2455     leniwls =   126
nst     =  7073     nfe     =     0
nfi     = 74314     nfels   = 86616
nni     = 38801     nli     = 86616
nsetups =   432     netf    =    29
npe     =   118     nps     = 123166
ncfn    =     0     ncfl    =     0

