hwloc/linux: Ignoring PCI device with non-16bit domain.
Pass --enable-32bits-pci-domain to configure to support such devices
(warning: it would break the library ABI, don't enable unless really needed).

2D Heat PDE test problem:
 --------------------------------- 
  nprocs         = 4
  npx            = 2
  npy            = 2
 --------------------------------- 
  kx             = 1
  ky             = 1
  forcing        = 1
  tf             = 1
  xu             = 1
  yu             = 1
  nx             = 32
  ny             = 32
  nxl (proc 0)   = 16
  nyl (proc 0)   = 16
  dx             = 0.0322581
  dy             = 0.0322581
 --------------------------------- 
  rtol           = 1e-05
  atol           = 1e-10
 --------------------------------- 
  linear solver  = PCG
  lin iters      = 20
  eps lin        = 0
  prec           = 1
  msbp           = 0
 --------------------------------- 
  output         = 1
 --------------------------------- 

          t                     ||u||_rms                max error      
 -----------------------------------------------------------------------
0.000000000000000000e+00 3.632812500000000000e-01 0.000000000000000000e+00
5.000000000000000000e-02 3.551986624101323257e-01 2.454797623495885012e-03
1.000000000000000000e-01 3.296219563378855883e-01 2.893480212735433793e-03
1.500000000000000000e-01 2.894444105455557279e-01 2.833131704731352719e-03
2.000000000000000000e-01 2.387095098163026330e-01 2.520921939038612246e-03
2.500000000000000000e-01 1.824250183596049570e-01 2.076905530892515696e-03
3.000000000000000000e-01 1.261155986892197096e-01 1.577103529149593555e-03
3.500000000000000000e-01 7.529896275637598422e-02 1.082716518635564893e-03
4.000000000000000000e-01 3.495210558328822683e-02 6.481520605172429476e-04
4.500000000000000000e-01 9.023806574654362301e-03 3.138022143055601838e-04
5.000000000000000001e-01 5.527674046991652861e-05 1.158299416499962642e-04
5.500000000000000001e-01 8.918919676532116488e-03 7.374429593168837886e-05
6.000000000000000001e-01 3.475287171461884518e-02 1.917556491619600229e-04
6.500000000000000001e-01 7.502663817228772775e-02 4.590509360070603971e-04
7.000000000000000001e-01 1.257969634672126745e-01 8.470003721038274480e-04
7.500000000000000001e-01 1.820946417362900939e-01 1.319223701124007820e-03
8.000000000000000001e-01 2.384089427651579379e-01 1.829462858518329793e-03
8.500000000000000001e-01 2.892271576767307267e-01 2.327206231993685613e-03
9.000000000000000001e-01 3.295748035548361513e-01 2.763568388738289056e-03
9.500000000000000002e-01 3.555024679161432976e-01 3.096132251302981166e-03
1.000000000000000000e+00 3.644730161163649457e-01 3.294491184975484668e-03
 -----------------------------------------------------------------------

Final integrator statistics:
  Steps            = 94
  Error test fails = 4
  RHS evals        = 126
  NLS iters        = 123
  NLS fails        = 0
  LS iters         = 1280
  LS fails         = 22
  LS setups        = 21
  LS RHS evals     = 1280
  Jv products      = 1280

  Avg NLS iters per step    = 1.308511
  Avg LS iters per NLS iter = 10.406504

  Preconditioner setups = 2
  Preconditioner solves = 1280

  Max error = 3.294491184975484668e-03
