
Discontinuity in solution

0.00000000e+00  1.00000000e+00
2.34520788e-02  9.77085318e-01
4.69041576e-02  9.54695719e-01
1.26678715e-01  8.82381196e-01
2.06453273e-01  8.14935604e-01
2.86227830e-01  7.52436861e-01
4.50967660e-01  6.37579007e-01
6.15707489e-01  5.39988032e-01
7.80447319e-01  4.57240553e-01
9.45187148e-01  3.87139827e-01
1.00000000e+00  3.66442563e-01
1.00000000e+00  1.00000000e+00
1.02345208e+00  9.77085318e-01
1.04690416e+00  9.54695719e-01
1.12667872e+00  8.82381196e-01
1.20645327e+00  8.14935604e-01
1.28622783e+00  7.52436861e-01
1.45096766e+00  6.37579007e-01
1.61570749e+00  5.39988032e-01
1.78044732e+00  4.57240553e-01
1.94518715e+00  3.87139827e-01
2.00000000e+00  3.66442563e-01

Number of steps: 10 + 10 = 20

Discontinuity in RHS: Case 1 - explicit treatment

0.00000000e+00  1.00000000e+00
2.34520788e-02  9.77085318e-01
4.69041576e-02  9.54695719e-01
1.26678715e-01  8.82381196e-01
2.06453273e-01  8.14935604e-01
2.86227830e-01  7.52436861e-01
4.50967660e-01  6.37579007e-01
6.15707489e-01  5.39988032e-01
7.80447319e-01  4.57240553e-01
9.45187148e-01  3.87139827e-01
1.00000000e+00  3.66442563e-01
1.00000000e+00  3.66442563e-01
1.00504558e+00  3.57425469e-01
1.01009116e+00  3.48630259e-01
1.02686958e+00  3.20932037e-01
1.04364801e+00  2.95189893e-01
1.06042643e+00  2.71428694e-01
1.09875325e+00  2.23778535e-01
1.13708008e+00  1.84344074e-01
1.15795394e+00  1.65976091e-01
1.17882780e+00  1.49454459e-01
1.19970166e+00  1.34583025e-01
1.22057552e+00  1.21193306e-01
1.24144937e+00  1.09136407e-01
1.27686095e+00  9.13557913e-02
1.31227252e+00  7.65039739e-02
1.34768410e+00  6.40955038e-02
1.42252132e+00  4.42507084e-02
1.46951105e+00  3.50520260e-02
1.51650078e+00  2.77477964e-02
1.56349051e+00  2.19581213e-02
1.61048024e+00  1.73751347e-02
1.65746996e+00  1.37493282e-02
1.73029436e+00  9.57464484e-03
1.80311876e+00  6.66725557e-03
1.87594315e+00  4.63257613e-03
1.94876755e+00  3.21043609e-03
2.00000000e+00  2.47989685e-03

Number of steps: 10 + 26 = 36

Discontinuity in RHS: Case 2 - let CVODE deal with it

0.00000000e+00  1.00000000e+00
2.34520788e-02  9.77085318e-01
4.69041576e-02  9.54695719e-01
1.26678715e-01  8.82381196e-01
2.06453273e-01  8.14935604e-01
2.86227830e-01  7.52436861e-01
4.50967660e-01  6.37579007e-01
6.15707489e-01  5.39988032e-01
7.80447319e-01  4.57240553e-01
9.45187148e-01  3.87139827e-01
1.00000000e+00  3.66442563e-01
1.00000000e+00  3.66442563e-01
1.00220332e+00  3.63503469e-01
1.00440663e+00  3.59880618e-01
1.00660995e+00  3.56060813e-01
1.00881326e+00  3.52201766e-01
1.01101658e+00  3.48357263e-01
1.01810972e+00  3.36425359e-01
1.02520285e+00  3.24902144e-01
1.04291574e+00  2.97727832e-01
1.06062864e+00  2.72595694e-01
1.07834153e+00  2.49486977e-01
1.12193062e+00  2.00239352e-01
1.14404862e+00  1.79170304e-01
1.16616663e+00  1.60310191e-01
1.18828463e+00  1.43435282e-01
1.21040264e+00  1.28336161e-01
1.23252065e+00  1.14826356e-01
1.26887350e+00  9.56514614e-02
1.30522635e+00  7.97064618e-02
1.34157919e+00  6.64607836e-02
1.37793204e+00  5.54387340e-02
1.45323392e+00  3.81470273e-02
1.52853579e+00  2.62731988e-02
1.60383767e+00  1.81158685e-02
1.67913954e+00  1.24124411e-02
1.75444141e+00  8.47041334e-03
1.82974329e+00  5.73179867e-03
1.90504516e+00  3.89153981e-03
1.98034704e+00  2.63536238e-03
2.00000000e+00  2.37913556e-03

Number of steps: 10 + 29 = 39
