
2-species diurnal advection-diffusion problem
  10 by 10 mesh on 4 processors
  Using CVBBDPRE preconditioner module
    Difference-quotient half-bandwidths are mudq = 10,  mldq = 10
    Retained band block half-bandwidths are mukeep = 2,  mlkeep = 2

Preconditioner type is:  jpre = SUN_PREC_LEFT

t = 7.20e+03   no. steps = 190   order = 5   stepsize = 1.61e+02
At bottom left:  c1, c2 =    1.047e+04    2.527e+11 
At top right:    c1, c2 =    1.119e+04    2.700e+11 

t = 1.44e+04   no. steps = 221   order = 5   stepsize = 3.85e+02
At bottom left:  c1, c2 =    6.659e+06    2.582e+11 
At top right:    c1, c2 =    7.301e+06    2.833e+11 

t = 2.16e+04   no. steps = 247   order = 5   stepsize = 3.00e+02
At bottom left:  c1, c2 =    2.665e+07    2.993e+11 
At top right:    c1, c2 =    2.931e+07    3.313e+11 

t = 2.88e+04   no. steps = 267   order = 5   stepsize = 1.47e+02
At bottom left:  c1, c2 =    8.702e+06    3.380e+11 
At top right:    c1, c2 =    9.650e+06    3.751e+11 

t = 3.60e+04   no. steps = 324   order = 4   stepsize = 6.57e+01
At bottom left:  c1, c2 =    1.404e+04    3.387e+11 
At top right:    c1, c2 =    1.561e+04    3.765e+11 

t = 4.32e+04   no. steps = 399   order = 4   stepsize = 2.65e+02
At bottom left:  c1, c2 =    9.002e-08    3.382e+11 
At top right:    c1, c2 =    1.449e-07    3.804e+11 

t = 5.04e+04   no. steps = 417   order = 5   stepsize = 3.87e+02
At bottom left:  c1, c2 =    7.005e-14    3.358e+11 
At top right:    c1, c2 =    5.299e-14    3.864e+11 

t = 5.76e+04   no. steps = 433   order = 5   stepsize = 1.34e+02
At bottom left:  c1, c2 =    5.739e-07    3.320e+11 
At top right:    c1, c2 =    4.469e-07    3.909e+11 

t = 6.48e+04   no. steps = 448   order = 4   stepsize = 5.53e+02
At bottom left:  c1, c2 =    1.360e-10    3.313e+11 
At top right:    c1, c2 =    1.020e-10    3.963e+11 

t = 7.20e+04   no. steps = 461   order = 4   stepsize = 5.53e+02
At bottom left:  c1, c2 =   -9.806e-15    3.330e+11 
At top right:    c1, c2 =   -7.125e-15    4.039e+11 

t = 7.92e+04   no. steps = 474   order = 4   stepsize = 5.53e+02
At bottom left:  c1, c2 =    6.669e-18    3.334e+11 
At top right:    c1, c2 =    2.988e-18    4.120e+11 

t = 8.64e+04   no. steps = 487   order = 4   stepsize = 5.53e+02
At bottom left:  c1, c2 =    3.095e-19    3.352e+11 
At top right:    c1, c2 =    1.177e-18    4.163e+11 


Final Statistics: 

lenrw   =  2689     leniw   =   144
lenrwls =  2454     leniwls =   126
nst     =   487
nfe     =   652     nfels   =   572
nni     =   649     nli     =   572
nsetups =    92     netf    =    37
npe     =     9     nps     =  1158
ncfn    =     0     ncfl    =     0

In CVBBDPRE: real/integer local work space sizes = 1300, 192
             no. flocal evals. = 198


-------------------------------------------------------------------


Preconditioner type is:  jpre = SUN_PREC_RIGHT

t = 7.20e+03   no. steps = 191   order = 5   stepsize = 1.22e+02
At bottom left:  c1, c2 =    1.047e+04    2.527e+11 
At top right:    c1, c2 =    1.119e+04    2.700e+11 

t = 1.44e+04   no. steps = 223   order = 5   stepsize = 2.79e+02
At bottom left:  c1, c2 =    6.659e+06    2.582e+11 
At top right:    c1, c2 =    7.301e+06    2.833e+11 

t = 2.16e+04   no. steps = 249   order = 5   stepsize = 4.31e+02
At bottom left:  c1, c2 =    2.665e+07    2.993e+11 
At top right:    c1, c2 =    2.931e+07    3.313e+11 

t = 2.88e+04   no. steps = 312   order = 4   stepsize = 1.26e+02
At bottom left:  c1, c2 =    8.702e+06    3.380e+11 
At top right:    c1, c2 =    9.650e+06    3.751e+11 

t = 3.60e+04   no. steps = 348   order = 5   stepsize = 8.73e+01
At bottom left:  c1, c2 =    1.404e+04    3.387e+11 
At top right:    c1, c2 =    1.561e+04    3.765e+11 

t = 4.32e+04   no. steps = 405   order = 5   stepsize = 8.41e+02
At bottom left:  c1, c2 =    5.514e-06    3.382e+11 
At top right:    c1, c2 =    6.388e-06    3.804e+11 

t = 5.04e+04   no. steps = 417   order = 5   stepsize = 4.49e+02
At bottom left:  c1, c2 =    2.729e-10    3.358e+11 
At top right:    c1, c2 =    2.728e-10    3.864e+11 

t = 5.76e+04   no. steps = 432   order = 4   stepsize = 2.10e+02
At bottom left:  c1, c2 =   -1.689e-09    3.320e+11 
At top right:    c1, c2 =   -3.984e-09    3.909e+11 

t = 6.48e+04   no. steps = 446   order = 4   stepsize = 5.77e+02
At bottom left:  c1, c2 =    1.761e-11    3.313e+11 
At top right:    c1, c2 =    1.645e-11    3.963e+11 

t = 7.20e+04   no. steps = 459   order = 4   stepsize = 5.77e+02
At bottom left:  c1, c2 =   -1.046e-12    3.330e+11 
At top right:    c1, c2 =    5.545e-13    4.039e+11 

t = 7.92e+04   no. steps = 471   order = 4   stepsize = 5.77e+02
At bottom left:  c1, c2 =    2.875e-16    3.334e+11 
At top right:    c1, c2 =   -1.713e-16    4.120e+11 

t = 8.64e+04   no. steps = 484   order = 4   stepsize = 5.77e+02
At bottom left:  c1, c2 =    5.634e-19    3.352e+11 
At top right:    c1, c2 =    2.436e-19    4.163e+11 


Final Statistics: 

lenrw   =  2689     leniw   =   144
lenrwls =  2454     leniwls =   126
nst     =   484
nfe     =   631     nfels   =   774
nni     =   628     nli     =   774
nsetups =    98     netf    =    31
npe     =     9     nps     =  1287
ncfn    =     0     ncfl    =     0

In CVBBDPRE: real/integer local work space sizes = 1300, 192
             no. flocal evals. = 198
