 
3-species kinetics problem

At t = 2.6401e-01      y =  9.899653e-01    3.470565e-05    1.000000e-02
    rootsfound[] =   0   1
At t = 4.0000e-01      y =  9.851708e-01    3.386370e-05    1.479533e-02
At t = 4.0000e+00      y =  9.055263e-01    2.240565e-05    9.445126e-02
At t = 4.0000e+01      y =  7.158000e-01    9.185415e-06    2.841908e-01
At t = 4.0000e+02      y =  4.505041e-01    3.222671e-06    5.494927e-01
At t = 4.0000e+03      y =  1.831632e-01    8.940020e-07    8.168359e-01
At t = 4.0000e+04      y =  3.898413e-02    1.621798e-07    9.610157e-01
At t = 4.0000e+05      y =  4.939968e-03    1.985598e-08    9.950600e-01
At t = 4.0000e+06      y =  5.166532e-04    2.067667e-09    9.994833e-01
At t = 2.0799e+07      y =  1.000000e-04    4.000400e-10    9.999000e-01
    rootsfound[] =  -1   0
At t = 4.0000e+07      y =  5.200317e-05    2.080233e-10    9.999480e-01
At t = 4.0000e+08      y =  5.213229e-06    2.085302e-11    9.999948e-01
At t = 4.0000e+09      y =  5.203529e-07    2.081413e-12    9.999995e-01
At t = 4.0000e+10      y =  4.832375e-08    1.932950e-13    1.000000e+00

Final Statistics:
nst = 592    nfe = 819    nsetups = 107    nfeLS = 0      nje = 12
nni = 816    nnf = 3      netf = 21        ncfn = 0       nge = 633

