
1-D advection-diffusion equation, mesh size = 10
Sensitivity: YES ( STAGGERED + FULL ERROR CONTROL )

============================================================
     T     Q       H      NST                    Max norm   
============================================================
5.000e-01  3  1.106e-02   146
                                Solution         3.0529e+00 
                                Sensitivity 1    3.8668e+00 
                                Sensitivity 2    6.2020e-01 
------------------------------------------------------------
1.000e+00  2  7.770e-03   239
                                Solution         8.7531e-01 
                                Sensitivity 1    2.1743e+00 
                                Sensitivity 2    1.8909e-01 
------------------------------------------------------------
1.500e+00  3  7.911e-03   305
                                Solution         2.4949e-01 
                                Sensitivity 1    9.1826e-01 
                                Sensitivity 2    7.3921e-02 
------------------------------------------------------------
2.000e+00  2  1.015e-02   374
                                Solution         7.1101e-02 
                                Sensitivity 1    3.4667e-01 
                                Sensitivity 2    2.8228e-02 
------------------------------------------------------------
2.500e+00  2  1.083e-02   448
                                Solution         2.0255e-02 
                                Sensitivity 1    1.2302e-01 
                                Sensitivity 2    1.0085e-02 
------------------------------------------------------------
3.000e+00  2  9.739e-03   520
                                Solution         5.7678e-03 
                                Sensitivity 1    4.1946e-02 
                                Sensitivity 2    3.4555e-03 
------------------------------------------------------------
3.500e+00  2  7.553e-03   587
                                Solution         1.6445e-03 
                                Sensitivity 1    1.3917e-02 
                                Sensitivity 2    1.1668e-03 
------------------------------------------------------------
4.000e+00  2  1.014e-02   649
                                Solution         4.6690e-04 
                                Sensitivity 1    4.5305e-03 
                                Sensitivity 2    3.8266e-04 
------------------------------------------------------------
4.500e+00  2  4.232e-03   758
                                Solution         1.3336e-04 
                                Sensitivity 1    1.4493e-03 
                                Sensitivity 2    1.2580e-04 
------------------------------------------------------------
5.000e+00  2  4.232e-03   876
                                Solution         3.7768e-05 
                                Sensitivity 1    4.5783e-04 
                                Sensitivity 2    4.0602e-05 
------------------------------------------------------------

Final Statistics

nst     =   876

nfe     =  2056
netf    =     0    nsetups  =     0
nni     =  1170    ncfn     =    26

nfSe    =  2244    nfeS     =  4488
netfs   =     0    nsetupsS =     0
nniS    =  1119    ncfnS    =     7
