
1-D advection-diffusion equation, mesh size = 10
Sensitivity: YES ( SIMULTANEOUS + FULL ERROR CONTROL )

============================================================
     T     Q       H      NST                    Max norm   
============================================================
5.000e-01  5  4.026e-03   120
                                Solution         3.0529e+00 
                                Sensitivity 1    3.8668e+00 
                                Sensitivity 2    6.2020e-01 
------------------------------------------------------------
1.000e+00  3  5.802e-03   218
                                Solution         8.7533e-01 
                                Sensitivity 1    2.1743e+00 
                                Sensitivity 2    1.8909e-01 
------------------------------------------------------------
1.500e+00  2  1.072e-02   295
                                Solution         2.4948e-01 
                                Sensitivity 1    9.1825e-01 
                                Sensitivity 2    7.3922e-02 
------------------------------------------------------------
2.000e+00  2  9.905e-03   367
                                Solution         7.1095e-02 
                                Sensitivity 1    3.4666e-01 
                                Sensitivity 2    2.8228e-02 
------------------------------------------------------------
2.500e+00  2  9.227e-03   447
                                Solution         2.0260e-02 
                                Sensitivity 1    1.2300e-01 
                                Sensitivity 2    1.0085e-02 
------------------------------------------------------------
3.000e+00  2  1.049e-02   524
                                Solution         5.7732e-03 
                                Sensitivity 1    4.1952e-02 
                                Sensitivity 2    3.4556e-03 
------------------------------------------------------------
3.500e+00  2  1.129e-02   592
                                Solution         1.6450e-03 
                                Sensitivity 1    1.3923e-02 
                                Sensitivity 2    1.1669e-03 
------------------------------------------------------------
4.000e+00  2  3.166e-02   658
                                Solution         4.6876e-04 
                                Sensitivity 1    4.5258e-03 
                                Sensitivity 2    3.8629e-04 
------------------------------------------------------------
4.500e+00  1  2.354e-03   733
                                Solution         1.3437e-04 
                                Sensitivity 1    1.4580e-03 
                                Sensitivity 2    1.2601e-04 
------------------------------------------------------------
5.000e+00  1  6.423e-03   814
                                Solution         3.8738e-05 
                                Sensitivity 1    4.6556e-04 
                                Sensitivity 2    4.0688e-05 
------------------------------------------------------------

Final Statistics

nst     =   814

nfe     =  1482
netf    =     1    nsetups  =     0
nni     =  1479    ncfn     =   133

nfSe    =  2964    nfeS     =  5928
netfs   =     0    nsetupsS =     0
nniS    =     0    ncfnS    =     0
