
2-species diurnal advection-diffusion problem
Sensitivity: YES ( SIMULTANEOUS + FULL ERROR CONTROL )

========================================================================
     T     Q       H      NST                    Bottom left  Top right 
========================================================================
7.200e+03  4  5.587e+01   650
                                Solution         1.0468e+04   1.1185e+04 
                                                 2.5267e+11   2.6998e+11 
                                ----------------------------------------
                                Sensitivity 1   -6.4201e+19  -6.8598e+19 
                                                 7.1178e+19   7.6556e+19 
                                ----------------------------------------
                                Sensitivity 2   -4.3853e+14  -5.0065e+14 
                                                -2.4407e+18  -2.7842e+18 
------------------------------------------------------------------------
1.440e+04  3  6.108e+01  1014
                                Solution         6.6590e+06   7.3008e+06 
                                                 2.5819e+11   2.8329e+11 
                                ----------------------------------------
                                Sensitivity 1   -4.0848e+22  -4.4785e+22 
                                                 5.9550e+22   6.7173e+22 
                                ----------------------------------------
                                Sensitivity 2   -4.5235e+17  -5.4318e+17 
                                                -6.5419e+21  -7.8315e+21 
------------------------------------------------------------------------
2.160e+04  3  5.040e+01  1264
                                Solution         2.6650e+07   2.9308e+07 
                                                 2.9928e+11   3.3134e+11 
                                ----------------------------------------
                                Sensitivity 1   -1.6346e+23  -1.7976e+23 
                                                 3.8203e+23   4.4991e+23 
                                ----------------------------------------
                                Sensitivity 2   -7.6601e+18  -9.4433e+18 
                                                -7.6459e+22  -9.4501e+22 
------------------------------------------------------------------------
2.880e+04  2  3.670e+01  1487
                                Solution         8.7021e+06   9.6501e+06 
                                                 3.3804e+11   3.7510e+11 
                                ----------------------------------------
                                Sensitivity 1   -5.3375e+22  -5.9187e+22 
                                                 5.4487e+23   6.7430e+23 
                                ----------------------------------------
                                Sensitivity 2   -4.8855e+18  -6.1040e+18 
                                                -1.7194e+23  -2.1518e+23 
------------------------------------------------------------------------
3.600e+04  4  1.035e+01  1633
                                Solution         1.4040e+04   1.5609e+04 
                                                 3.3868e+11   3.7652e+11 
                                ----------------------------------------
                                Sensitivity 1   -8.6141e+19  -9.5761e+19 
                                                 5.2719e+23   6.6030e+23 
                                ----------------------------------------
                                Sensitivity 2   -8.4328e+15  -1.0549e+16 
                                                -1.8439e+23  -2.3096e+23 
------------------------------------------------------------------------
4.320e+04  4  1.155e+02  1960
                                Solution         7.8766e-07   7.4937e-07 
                                                 3.3823e+11   3.8035e+11 
                                ----------------------------------------
                                Sensitivity 1   -6.8004e+07  -6.3131e+07 
                                                 5.2753e+23   6.7448e+23 
                                ----------------------------------------
                                Sensitivity 2   -1.4286e+03  -1.0750e+03 
                                                -1.8455e+23  -2.3595e+23 
------------------------------------------------------------------------
5.040e+04  4  3.167e+02  2024
                                Solution        -7.7817e-14  -7.1290e-14 
                                                 3.3582e+11   3.8645e+11 
                                ----------------------------------------
                                Sensitivity 1   -2.9800e+09  -2.7488e+09 
                                                 5.2067e+23   6.9665e+23 
                                ----------------------------------------
                                Sensitivity 2   -8.3388e+08  -8.4518e+08 
                                                -1.8214e+23  -2.4371e+23 
------------------------------------------------------------------------
5.760e+04  5  3.324e+02  2042
                                Solution         2.1765e-14   1.9996e-14 
                                                 3.3203e+11   3.9090e+11 
                                ----------------------------------------
                                Sensitivity 1   -1.1635e+08  -1.0744e+08 
                                                 5.0825e+23   7.1205e+23 
                                ----------------------------------------
                                Sensitivity 2   -3.2557e+07  -3.3035e+07 
                                                -1.7780e+23  -2.4910e+23 
------------------------------------------------------------------------
6.480e+04  3  5.570e+00  2380
                                Solution         2.7482e-07   2.6446e-07 
                                                 3.3130e+11   3.9634e+11 
                                ----------------------------------------
                                Sensitivity 1    2.3029e+11   2.2260e+11 
                                                 5.0442e+23   7.3274e+23 
                                ----------------------------------------
                                Sensitivity 2    8.7878e+09   9.0860e+09 
                                                -1.7646e+23  -2.5633e+23 
------------------------------------------------------------------------
7.200e+04  4  3.460e+02  2416
                                Solution         2.0660e-09   1.9691e-09 
                                                 3.3297e+11   4.0389e+11 
                                ----------------------------------------
                                Sensitivity 1    2.0684e+09   1.9896e+09 
                                                 5.0784e+23   7.6382e+23 
                                ----------------------------------------
                                Sensitivity 2   -2.0329e+05  -2.3142e+05 
                                                -1.7766e+23  -2.6721e+23 
------------------------------------------------------------------------
7.920e+04  5  5.313e+02  2432
                                Solution         1.1655e-07   1.1131e-07 
                                                 3.3344e+11   4.1203e+11 
                                ----------------------------------------
                                Sensitivity 1   -3.0306e+09  -2.8937e+09 
                                                 5.0731e+23   7.9960e+23 
                                ----------------------------------------
                                Sensitivity 2   -2.4290e+04  -2.8843e+04 
                                                -1.7747e+23  -2.7972e+23 
------------------------------------------------------------------------
8.640e+04  5  5.313e+02  2446
                                Solution        -3.0365e-10  -2.9229e-10 
                                                 3.3518e+11   4.1625e+11 
                                ----------------------------------------
                                Sensitivity 1   -1.3802e+08  -1.2634e+08 
                                                 5.1171e+23   8.2143e+23 
                                ----------------------------------------
                                Sensitivity 2    5.8737e+03   6.9754e+03 
                                                -1.7901e+23  -2.8736e+23 
------------------------------------------------------------------------

Final Statistics

nst     =  2446

nfe     =  3395
netf    =   157    nsetups  =   430
nni     =  3392    ncfn     =     8

nfSe    =  6790    nfeS     = 13580
netfs   =     0    nsetupsS =     0
nniS    =     0    ncfnS    =     0
