
2-species diurnal advection-diffusion problem
Sensitivity: YES ( STAGGERED + FULL ERROR CONTROL )

========================================================================
     T     Q       H      NST                    Bottom left  Top right 
========================================================================
7.200e+03  5  1.191e+02   228
                                Solution         1.0593e+04   1.1152e+04 
                                                 2.5567e+11   2.6917e+11 
                                ----------------------------------------
                                Sensitivity 1   -6.4963e+19  -6.8394e+19 
                                                 7.2120e+19   7.6303e+19 
                                ----------------------------------------
                                Sensitivity 2   -4.4900e+14  -4.9768e+14 
                                                -2.5038e+18  -2.7671e+18 
------------------------------------------------------------------------
1.440e+04  5  1.318e+02   273
                                Solution         6.9172e+06   7.2517e+06 
                                                 2.6829e+11   2.8137e+11 
                                ----------------------------------------
                                Sensitivity 1   -4.2432e+22  -4.4483e+22 
                                                 6.2762e+22   6.6563e+22 
                                ----------------------------------------
                                Sensitivity 2   -4.8955e+17  -5.3580e+17 
                                                -7.1115e+21  -7.7235e+21 
------------------------------------------------------------------------
2.160e+04  4  1.409e+02   433
                                Solution         2.7558e+07   2.9196e+07 
                                                 3.1024e+11   3.3000e+11 
                                ----------------------------------------
                                Sensitivity 1   -1.6903e+23  -1.7907e+23 
                                                 4.0588e+23   4.4683e+23 
                                ----------------------------------------
                                Sensitivity 2   -8.2851e+18  -9.3610e+18 
                                                -8.2851e+22  -9.3661e+22 
------------------------------------------------------------------------
2.880e+04  4  1.608e+02   524
                                Solution         8.9631e+06   9.8602e+06 
                                                 3.4824e+11   3.8331e+11 
                                ----------------------------------------
                                Sensitivity 1   -5.4975e+22  -6.0476e+22 
                                                 5.8239e+23   7.0579e+23 
                                ----------------------------------------
                                Sensitivity 2   -5.2367e+18  -6.4007e+18 
                                                -1.8450e+23  -2.2574e+23 
------------------------------------------------------------------------
3.600e+04  4  1.228e+02   559
                                Solution         1.4433e+04   1.6660e+04 
                                                 3.4814e+11   4.0186e+11 
                                ----------------------------------------
                                Sensitivity 1   -8.8547e+19  -1.0220e+20 
                                                 5.6473e+23   7.6273e+23 
                                ----------------------------------------
                                Sensitivity 2   -9.0220e+15  -1.2170e+16 
                                                -1.9753e+23  -2.6679e+23 
------------------------------------------------------------------------
4.320e+04  3  3.322e+02   629
                                Solution        -1.3555e-09  -1.5832e-09 
                                                 3.4900e+11   4.0867e+11 
                                ----------------------------------------
                                Sensitivity 1    2.3942e+07   2.7991e+07 
                                                 5.7083e+23   7.9553e+23 
                                ----------------------------------------
                                Sensitivity 2   -1.0469e+05  -1.7967e+05 
                                                -1.9969e+23  -2.7830e+23 
------------------------------------------------------------------------
5.040e+04  3  3.322e+02   650
                                Solution         6.3497e-11   5.7877e-11 
                                                 3.5570e+11   4.1225e+11 
                                ----------------------------------------
                                Sensitivity 1   -3.8933e+05  -3.5481e+05 
                                                 5.9552e+23   8.1823e+23 
                                ----------------------------------------
                                Sensitivity 2   -7.7373e+01  -9.2771e+01 
                                                -2.0833e+23  -2.8624e+23 
------------------------------------------------------------------------
5.760e+04  4  1.539e+02   685
                                Solution         4.0046e-10  -1.4544e-08 
                                                 3.6425e+11   4.1628e+11 
                                ----------------------------------------
                                Sensitivity 1   -6.0863e+06   1.9647e+08 
                                                 6.2593e+23   8.4334e+23 
                                ----------------------------------------
                                Sensitivity 2   -3.7813e+03   1.6705e+05 
                                                -2.1897e+23  -2.9502e+23 
------------------------------------------------------------------------
6.480e+04  4  1.893e+02   723
                                Solution        -2.7125e-09  -2.0109e-09 
                                                 3.6334e+11   4.2182e+11 
                                ----------------------------------------
                                Sensitivity 1   -6.8973e+08  -4.3715e+08 
                                                 6.2460e+23   8.7310e+23 
                                ----------------------------------------
                                Sensitivity 2    7.9289e+05  -9.7930e+06 
                                                -2.1850e+23  -3.0544e+23 
------------------------------------------------------------------------
7.200e+04  4  3.322e+02   750
                                Solution        -1.8104e-11  -1.2283e-11 
                                                 3.6192e+11   4.3354e+11 
                                ----------------------------------------
                                Sensitivity 1    2.3357e+05   1.3711e+05 
                                                 6.2311e+23   9.2796e+23 
                                ----------------------------------------
                                Sensitivity 2    5.9462e+02  -1.2563e+04 
                                                -2.1798e+23  -3.2463e+23 
------------------------------------------------------------------------
7.920e+04  5  5.728e+02   765
                                Solution        -1.1553e-12  -7.6531e-13 
                                                 3.6148e+11   4.4474e+11 
                                ----------------------------------------
                                Sensitivity 1    8.0889e+03   2.3647e+03 
                                                 6.2481e+23   9.8068e+23 
                                ----------------------------------------
                                Sensitivity 2    6.9988e+01  -1.1726e+03 
                                                -2.1858e+23  -3.4307e+23 
------------------------------------------------------------------------
8.640e+04  5  5.728e+02   777
                                Solution         8.1534e-14   5.3916e-14 
                                                 3.6318e+11   4.4524e+11 
                                ----------------------------------------
                                Sensitivity 1   -1.0390e+03  -5.3565e+02 
                                                 6.3248e+23   9.8819e+23 
                                ----------------------------------------
                                Sensitivity 2   -3.5924e+00   5.7944e+01 
                                                -2.2126e+23  -3.4569e+23 
------------------------------------------------------------------------

Final Statistics

nst     =   777

nfe     =  1731
netf    =    12    nsetups  =   165
nni     =   903    ncfn     =     0

nfSe    =  2046    nfeS     =  4092
netfs   =    48    nsetupsS =     0
nniS    =  1020    ncfnS    =     0

nli     =  2599    ncfl     =     0
npe     =    15    nps      =  5080
