
2-species diurnal advection-diffusion problem
Sensitivity: YES ( SIMULTANEOUS + FULL ERROR CONTROL )

========================================================================
     T     Q       H      NST                    Bottom left  Top right 
========================================================================
7.200e+03  5  7.405e-01   498
                                Solution         1.0593e+04   1.1152e+04 
                                                 2.5567e+11   2.6917e+11 
                                ----------------------------------------
                                Sensitivity 1   -6.4963e+19  -6.8394e+19 
                                                 7.2120e+19   7.6303e+19 
                                ----------------------------------------
                                Sensitivity 2   -4.4900e+14  -4.9768e+14 
                                                -2.5038e+18  -2.7671e+18 
------------------------------------------------------------------------
1.440e+04  2  2.662e+01  1396
                                Solution         6.9172e+06   7.2517e+06 
                                                 2.6829e+11   2.8137e+11 
                                ----------------------------------------
                                Sensitivity 1   -4.2432e+22  -4.4483e+22 
                                                 6.2762e+22   6.6563e+22 
                                ----------------------------------------
                                Sensitivity 2   -4.8955e+17  -5.3580e+17 
                                                -7.1116e+21  -7.7236e+21 
------------------------------------------------------------------------
2.160e+04  2  2.002e+01  1937
                                Solution         2.7558e+07   2.9196e+07 
                                                 3.1024e+11   3.3000e+11 
                                ----------------------------------------
                                Sensitivity 1   -1.6903e+23  -1.7907e+23 
                                                 4.0588e+23   4.4683e+23 
                                ----------------------------------------
                                Sensitivity 2   -8.2851e+18  -9.3610e+18 
                                                -8.2851e+22  -9.3662e+22 
------------------------------------------------------------------------
2.880e+04  3  5.477e+01  2166
                                Solution         8.9631e+06   9.8602e+06 
                                                 3.4824e+11   3.8331e+11 
                                ----------------------------------------
                                Sensitivity 1   -5.4975e+22  -6.0476e+22 
                                                 5.8239e+23   7.0578e+23 
                                ----------------------------------------
                                Sensitivity 2   -5.2367e+18  -6.4007e+18 
                                                -1.8450e+23  -2.2574e+23 
------------------------------------------------------------------------
3.600e+04  4  7.158e+01  2261
                                Solution         1.4433e+04   1.6660e+04 
                                                 3.4814e+11   4.0186e+11 
                                ----------------------------------------
                                Sensitivity 1   -8.8547e+19  -1.0221e+20 
                                                 5.6473e+23   7.6273e+23 
                                ----------------------------------------
                                Sensitivity 2   -9.0220e+15  -1.2170e+16 
                                                -1.9753e+23  -2.6679e+23 
------------------------------------------------------------------------
4.320e+04  4  3.810e+02  2401
                                Solution        -6.4527e-08  -7.5791e-08 
                                                 3.4900e+11   4.0867e+11 
                                ----------------------------------------
                                Sensitivity 1   -6.2867e+08  -7.4104e+08 
                                                 5.7082e+23   7.9553e+23 
                                ----------------------------------------
                                Sensitivity 2    7.4075e+04   1.0365e+05 
                                                -1.9969e+23  -2.7830e+23 
------------------------------------------------------------------------
5.040e+04  4  3.810e+02  2420
                                Solution         2.6204e-08   3.0100e-08 
                                                 3.5570e+11   4.1225e+11 
                                ----------------------------------------
                                Sensitivity 1   -1.6089e+08  -1.8488e+08 
                                                 5.9553e+23   8.1822e+23 
                                ----------------------------------------
                                Sensitivity 2   -3.5319e+04  -4.3307e+04 
                                                -2.0833e+23  -2.8624e+23 
------------------------------------------------------------------------
5.760e+04  3  6.028e+01  2479
                                Solution        -9.1275e-09  -8.9563e-09 
                                                 3.6425e+11   4.1628e+11 
                                ----------------------------------------
                                Sensitivity 1   -9.6353e+08  -9.5456e+08 
                                                 6.2592e+23   8.4334e+23 
                                ----------------------------------------
                                Sensitivity 2   -7.8594e+03  -8.9198e+03 
                                                -2.1896e+23  -2.9502e+23 
------------------------------------------------------------------------
6.480e+04  4  1.327e+02  2540
                                Solution        -6.4774e-08  -6.3354e-08 
                                                 3.6334e+11   4.2182e+11 
                                ----------------------------------------
                                Sensitivity 1   -4.6994e+09  -4.6128e+09 
                                                 6.2460e+23   8.7310e+23 
                                ----------------------------------------
                                Sensitivity 2   -1.2181e+05  -1.3976e+05 
                                                -2.1850e+23  -3.0543e+23 
------------------------------------------------------------------------
7.200e+04  4  3.656e+02  2586
                                Solution        -1.0394e-11  -8.6799e-12 
                                                 3.6192e+11   4.3354e+11 
                                ----------------------------------------
                                Sensitivity 1   -2.0980e+07  -1.7808e+07 
                                                 6.2310e+23   9.2797e+23 
                                ----------------------------------------
                                Sensitivity 2   -2.3946e+03  -2.2344e+03 
                                                -2.1798e+23  -3.2463e+23 
------------------------------------------------------------------------
7.920e+04  4  3.656e+02  2606
                                Solution         1.0260e-17   8.2416e-18 
                                                 3.6148e+11   4.4474e+11 
                                ----------------------------------------
                                Sensitivity 1   -8.3174e+01  -7.1167e+01 
                                                 6.2481e+23   9.8067e+23 
                                ----------------------------------------
                                Sensitivity 2    1.1278e-02   1.3420e-02 
                                                -2.1858e+23  -3.4307e+23 
------------------------------------------------------------------------
8.640e+04  5  5.503e+02  2619
                                Solution        -1.3786e-18  -1.1092e-18 
                                                 3.6318e+11   4.4524e+11 
                                ----------------------------------------
                                Sensitivity 1    7.4689e+00   6.3926e+00 
                                                 6.3248e+23   9.8819e+23 
                                ----------------------------------------
                                Sensitivity 2    1.7250e-03   1.6925e-03 
                                                -2.2126e+23  -3.4570e+23 
------------------------------------------------------------------------

Final Statistics

nst     =  2619

nfe     =  3679
netf    =   161    nsetups  =   478
nni     =  3676    ncfn     =    24

nfSe    =  7358    nfeS     = 14716
netfs   =     0    nsetupsS =     0
nniS    =     0    ncfnS    =     0

nli     =  8004    ncfl     =     0
npe     =    66    nps      = 17273
