Sensitivity: YES (SIMULTANEOUS + FULL ERROR CONTROL + user-provided sensitivity RHS)
Parameters: [4.0000e-02  1.0000e+04  3.0000e+07]
Run statistics:
   nst     =  1579
   nfe     =  2299
   netf    =    98    nsetups  =   263
   nni     =  2298    ncfn     =     8
   njeD    =    33    nfeD     =     0
   -----------------------------------
   nfSe    =  6897    nfeS     =     0
   netfs   =     0    nsetupsS =     0
   nniS    =     0    ncfnS    =     0

Sensitivity: NO
Parameters: [5.0000e-02  2.0000e+04  2.9000e+07]
Run statistics:
   nst     =   973
   nfe     =  1411
   netf    =    68    nsetups  =   181
   nni     =  1410    ncfn     =     2
   njeD    =    18    nfeD     =     0

Sensitivity: YES (SIMULTANEOUS + FULL ERROR CONTROL + DQ sensitivity RHS)
Parameters: [6.0000e-02  3.0000e+04  2.8000e+07]
Run statistics:
   nst     =  1766
   nfe     =  2729
   netf    =   139    nsetups  =   327
   nni     =  2728    ncfn     =     6
   njeD    =    34    nfeD     =     0
   -----------------------------------
   nfSe    =  8187    nfeS     = 16374
   netfs   =     0    nsetupsS =     0
   nniS    =     0    ncfnS    =     0

Sensitivity: YES (STAGGERED + PARTIAL ERROR CONTROL + user-provided sensitivity RHS)
Parameters: [6.0000e-02  3.0000e+04  2.8000e+07]
Run statistics:
   nst     =   948
   nfe     =  2289
   netf    =    49    nsetups  =   165
   nni     =  1340    ncfn     =     2
   njeD    =    21    nfeD     =     0
   -----------------------------------
   nfSe    =  4656    nfeS     =     0
   netfs   =     0    nsetupsS =     8
   nniS    =  1551    ncfnS    =     8

Sensitivity: NO
Parameters: [6.0000e-02  3.0000e+04  2.8000e+07]
Run statistics:
   nst     =   909
   nfe     =  1294
   netf    =    44    nsetups  =   149
   nni     =  1293    ncfn     =     1
   njeD    =    17    nfeD     =     0

