 
3-species kinetics problem

At t = 2.6425e-01      y =  9.899653e-01    3.470560e-05    1.000000e-02
    rootsfound[] =   0   1
At t = 4.0000e-01      y =  9.851728e-01    3.386387e-05    1.479331e-02
At t = 4.0000e+00      y =  9.055089e-01    2.240388e-05    9.446869e-02
At t = 4.0000e+01      y =  7.158093e-01    9.184984e-06    2.841815e-01
At t = 4.0000e+02      y =  4.505264e-01    3.223108e-06    5.494704e-01
At t = 4.0000e+03      y =  1.832126e-01    8.942470e-07    8.167865e-01
At t = 4.0000e+04      y =  3.898238e-02    1.621735e-07    9.610175e-01
At t = 4.0000e+05      y =  4.939935e-03    1.985667e-08    9.950600e-01
At t = 4.0000e+06      y =  5.152820e-04    2.062195e-09    9.994847e-01
At t = 2.0512e+07      y =  1.000000e-04    4.000463e-10    9.999000e-01
    rootsfound[] =  -1   0
At t = 4.0000e+07      y =  5.391570e-05    2.156692e-10    9.999461e-01
At t = 4.0000e+08      y =  4.337833e-06    1.735152e-11    9.999957e-01
At t = 4.0000e+09      y =  4.656064e-07    1.862426e-12    9.999998e-01
At t = 4.0000e+10      y =  5.231904e-08    2.092761e-13    1.000000e+00

Final Statistics:
nst = 496    nfe = 714    nsetups = 115    nfeLS = 0      nje = 16
nni = 711    nnf = 6      netf = 28        ncfn = 4       nge = 537

