 ------- 
| SPGMR |
 -------

Predator-prey test problem --  KINSol (serial version)

Mesh dimensions = 5 X 5
Number of species = 6
Total system size = 150

Flag globalstrategy = 0 (0 = None, 1 = Linesearch)
Linear solver is SPGMR with maxl = 15, maxlrst = 2
Preconditioning uses interaction-only block-diagonal matrix
Positivity constraints imposed on all components 
Tolerance parameters:  fnormtol = 1e-07   scsteptol = 1e-13

Initial profile of concentration
At all mesh points:  1 1 1   30000 30000 30000


Computed equilibrium species concentrations:

At bottom left:
 1.16253 1.16253 1.16253 34875 34875 34875

At top right:
 1.2637 1.2637 1.2637 37908.7 37908.7 37908.7

Final Statistics.. 
nni    =     5    nli   =   111
nfe    =     6    nfeSG =   116
nps    =   116    npe   =     1     ncfl  =     1

=========================================================

 -------- 
| SPBCGS |
 --------

Predator-prey test problem --  KINSol (serial version)

Mesh dimensions = 5 X 5
Number of species = 6
Total system size = 150

Flag globalstrategy = 0 (0 = None, 1 = Linesearch)
Linear solver is SPBCGS with maxl = 15
Preconditioning uses interaction-only block-diagonal matrix
Positivity constraints imposed on all components 
Tolerance parameters:  fnormtol = 1e-07   scsteptol = 1e-13

Initial profile of concentration
At all mesh points:  1 1 1   30000 30000 30000


Computed equilibrium species concentrations:

At bottom left:
 1.16253 1.16253 1.16253 34875 34875 34875

At top right:
 1.2637 1.2637 1.2637 37908.7 37908.7 37908.7

Final Statistics.. 
nni    =     7    nli   =    84
nfe    =     8    nfeSG =   175
nps    =   175    npe   =     1     ncfl  =     4

=========================================================

 --------- 
| SPTFQMR |
 ---------

Predator-prey test problem --  KINSol (serial version)

Mesh dimensions = 5 X 5
Number of species = 6
Total system size = 150

Flag globalstrategy = 0 (0 = None, 1 = Linesearch)
Linear solver is SPTFQMR with maxl = 25
Preconditioning uses interaction-only block-diagonal matrix
Positivity constraints imposed on all components 
Tolerance parameters:  fnormtol = 1e-07   scsteptol = 1e-13

Initial profile of concentration
At all mesh points:  1 1 1   30000 30000 30000


Computed equilibrium species concentrations:

At bottom left:
 1.16253 1.16253 1.16253 34875 34875 34875

At top right:
 1.2637 1.2637 1.2637 37908.7 37908.7 37908.7

Final Statistics.. 
nni    =     6    nli   =   115
nfe    =     7    nfeSG =   467
nps    =   467    npe   =     1     ncfl  =     4

=========================================================

 ------- 
| SPFGMR |
 -------

Predator-prey test problem --  KINSol (serial version)

Mesh dimensions = 5 X 5
Number of species = 6
Total system size = 150

Flag globalstrategy = 0 (0 = None, 1 = Linesearch)
Linear solver is SPFGMR with maxl = 15, maxlrst = 2
Preconditioning uses interaction-only block-diagonal matrix
Positivity constraints imposed on all components 
Tolerance parameters:  fnormtol = 1e-07   scsteptol = 1e-13

Initial profile of concentration
At all mesh points:  1 1 1   30000 30000 30000


Computed equilibrium species concentrations:

At bottom left:
 1.16253 1.16253 1.16253 34875 34875 34875

At top right:
 1.2637 1.2637 1.2637 37908.7 37908.7 37908.7

Final Statistics.. 
nni    =     5    nli   =   113
nfe    =     6    nfeSG =   118
nps    =   113    npe   =     1     ncfl  =     1
