Nonlinear Pendulum problem:
   method     = DIRK
   relaxation = ON
   reltol     = 1e-06
   abstol     = 1e-10

    step                         t                         u                         v                         e                     e err
------------------------------------------------------------------------------------------------------------------------------------------
       0  0.000000000000000000e+00  1.500000000000000000e+00  1.000000000000000000e+00  5.846976941318602826e-01  0.000000000000000000e+00
    1000  1.226511878994242486e+00  3.458488325579771100e-01  2.123384534887333789e+00  5.846976941318603678e-01  8.516408064873637329e-17
    2000  2.398783061614612145e+00 -6.416430576592207185e-01  1.959344046444512109e+00  5.846976941318603803e-01  9.768661574094394950e-17
    3000  3.618480649806627849e+00 -1.718123168189636890e+00  4.706451647351826891e-01  5.846976941318604328e-01  1.502162109978666393e-16
    4000  4.580636593820448125e+00 -1.411908727178671414e+00 -1.146098542385037914e+00  5.846976941318605396e-01  2.570101249876888261e-16
    5000  5.877422545866601387e+00 -2.029912009833962900e-01 -2.170133119059383028e+00  5.846976941318606211e-01  3.385421283585987595e-16
    6000  7.065206012282940250e+00  8.179500801752567275e-01 -1.823658902843437402e+00  5.846976941318606546e-01  3.719897653797765713e-16
    7000  8.291181095433369261e+00  1.775263617016973629e+00 -1.336452291992323166e-01  5.846976941318606953e-01  4.127557670652315380e-16
    8000  9.274611312163634476e+00  1.207315548242011089e+00  1.426185103068533178e+00  5.846976941318608206e-01  5.379811179873073002e-16
------------------------------------------------------------------------------------------------------------------------------------------

Final Solver Statistics:
  Internal solver steps = 8532 (attempted = 8544)
  Total number of error test failures = 12
  Total RHS evals:  Fe = 0,  Fi = 51003
  Total number of Newton iterations = 25380
  Total number of linear solver convergence failures = 4
  Total linear solver setups = 464
  Total number of Jacobian evaluations = 145
  Total RHS evals for setting up the linear system = 0
  Total Relaxation Fn evals    = 27614
  Total Relaxation Jac evals   = 27614
  Total Relaxation fails       = 0
  Total Relaxation bound fails = 0
  Total Relaxation NLS fails   = 0
  Total Relaxation NLS iters   = 10526

