
Robertson ODE test problem:
    initial conditions:  u0 = 1,  v0 = 0,  w0 = 0
        t           u           v           w
   --------------------------------------------------
   0.000e+00   1.00000e+00   0.00000e+00   0.00000e+00
   1.000e+09   2.08323e-06   8.35682e-12   9.99998e-01
   2.000e+09   1.04164e-06   4.16277e-12   9.99999e-01
   3.000e+09   6.94429e-07   2.76547e-12   9.99999e-01
   4.000e+09   5.20831e-07   2.08340e-12   9.99999e-01
   5.000e+09   4.16660e-07   1.66318e-12   1.00000e+00
   6.000e+09   3.47216e-07   1.38939e-12   1.00000e+00
   7.000e+09   2.97619e-07   1.19031e-12   1.00000e+00
   8.000e+09   2.60418e-07   1.04184e-12   1.00000e+00
   9.000e+09   2.31483e-07   9.25652e-13   1.00000e+00
   1.000e+10   2.08330e-07   8.36997e-13   1.00000e+00
   1.100e+10   1.89393e-07   7.55664e-13   1.00000e+00
   1.200e+10   1.73613e-07   6.94366e-13   1.00000e+00
   1.300e+10   1.60249e-07   6.40001e-13   1.00000e+00
   1.400e+10   1.48810e-07   5.95042e-13   1.00000e+00
   1.500e+10   1.38887e-07   5.56050e-13   1.00000e+00
   1.600e+10   1.30209e-07   5.21251e-13   1.00000e+00
   1.700e+10   1.22549e-07   4.83803e-13   1.00000e+00
   1.800e+10   1.15741e-07   4.44183e-13   1.00000e+00
   1.900e+10   1.09650e-07   4.52294e-13   1.00000e+00
   2.000e+10   1.04167e-07   4.29292e-13   1.00000e+00
   2.100e+10   9.92075e-08   3.96745e-13   1.00000e+00
   2.200e+10   9.46981e-08   3.78794e-13   1.00000e+00
   2.300e+10   9.05806e-08   3.62332e-13   1.00000e+00
   2.400e+10   8.68059e-08   3.47221e-13   1.00000e+00
   2.500e+10   8.33342e-08   3.33333e-13   1.00000e+00
   2.600e+10   8.01282e-08   3.20395e-13   1.00000e+00
   2.700e+10   7.71596e-08   3.08219e-13   1.00000e+00
   2.800e+10   7.44047e-08   2.97184e-13   1.00000e+00
   2.900e+10   7.18399e-08   2.87666e-13   1.00000e+00
   3.000e+10   6.94433e-08   2.78773e-13   1.00000e+00
   3.100e+10   6.72008e-08   2.69913e-13   1.00000e+00
   3.200e+10   6.51001e-08   2.61255e-13   1.00000e+00
   3.300e+10   6.31288e-08   2.52963e-13   1.00000e+00
   3.400e+10   6.12745e-08   2.45204e-13   1.00000e+00
   3.500e+10   5.95247e-08   2.38140e-13   1.00000e+00
   3.600e+10   5.78704e-08   2.31688e-13   1.00000e+00
   3.700e+10   5.63054e-08   2.25660e-13   1.00000e+00
   3.800e+10   5.48234e-08   2.19921e-13   1.00000e+00
   3.900e+10   5.34183e-08   2.14338e-13   1.00000e+00
   4.000e+10   5.20839e-08   2.08778e-13   1.00000e+00
   4.100e+10   5.08138e-08   2.03146e-13   1.00000e+00
   4.200e+10   4.96035e-08   1.98044e-13   1.00000e+00
   4.300e+10   4.84495e-08   1.93551e-13   1.00000e+00
   4.400e+10   4.73483e-08   1.89434e-13   1.00000e+00
   4.500e+10   4.62964e-08   1.85466e-13   1.00000e+00
   4.600e+10   4.52905e-08   1.81417e-13   1.00000e+00
   4.700e+10   4.43269e-08   1.77107e-13   1.00000e+00
   4.800e+10   4.34028e-08   1.73011e-13   1.00000e+00
   4.900e+10   4.25161e-08   1.69267e-13   1.00000e+00
   5.000e+10   4.16650e-08   1.65825e-13   1.00000e+00
   5.100e+10   4.08477e-08   1.62636e-13   1.00000e+00
   5.200e+10   4.00623e-08   1.59652e-13   1.00000e+00
   5.300e+10   3.93070e-08   1.56822e-13   1.00000e+00
   5.400e+10   3.85799e-08   1.54098e-13   1.00000e+00
   5.500e+10   3.78792e-08   1.51431e-13   1.00000e+00
   5.600e+10   3.72031e-08   1.48772e-13   1.00000e+00
   5.700e+10   3.65502e-08   1.46176e-13   1.00000e+00
   5.800e+10   3.59196e-08   1.43686e-13   1.00000e+00
   5.900e+10   3.53105e-08   1.41290e-13   1.00000e+00
   6.000e+10   3.47218e-08   1.38977e-13   1.00000e+00
   6.100e+10   3.41525e-08   1.36733e-13   1.00000e+00
   6.200e+10   3.36019e-08   1.34547e-13   1.00000e+00
   6.300e+10   3.30689e-08   1.32406e-13   1.00000e+00
   6.400e+10   3.25525e-08   1.30298e-13   1.00000e+00
   6.500e+10   3.20519e-08   1.28212e-13   1.00000e+00
   6.600e+10   3.15661e-08   1.26172e-13   1.00000e+00
   6.700e+10   3.10945e-08   1.24222e-13   1.00000e+00
   6.800e+10   3.06365e-08   1.22356e-13   1.00000e+00
   6.900e+10   3.01919e-08   1.20567e-13   1.00000e+00
   7.000e+10   2.97600e-08   1.18849e-13   1.00000e+00
   7.100e+10   2.93404e-08   1.17196e-13   1.00000e+00
   7.200e+10   2.89327e-08   1.15601e-13   1.00000e+00
   7.300e+10   2.85364e-08   1.14057e-13   1.00000e+00
   7.400e+10   2.81510e-08   1.12559e-13   1.00000e+00
   7.500e+10   2.77761e-08   1.11099e-13   1.00000e+00
   7.600e+10   2.74112e-08   1.09670e-13   1.00000e+00
   7.700e+10   2.70559e-08   1.08268e-13   1.00000e+00
   7.800e+10   2.67096e-08   1.06884e-13   1.00000e+00
   7.900e+10   2.63719e-08   1.05513e-13   1.00000e+00
   8.000e+10   2.60423e-08   1.04148e-13   1.00000e+00
   8.100e+10   2.57207e-08   1.02821e-13   1.00000e+00
   8.200e+10   2.54068e-08   1.01543e-13   1.00000e+00
   8.300e+10   2.51005e-08   1.00311e-13   1.00000e+00
   8.400e+10   2.48014e-08   9.91204e-14   1.00000e+00
   8.500e+10   2.45094e-08   9.79668e-14   1.00000e+00
   8.600e+10   2.42243e-08   9.68461e-14   1.00000e+00
   8.700e+10   2.39458e-08   9.57540e-14   1.00000e+00
   8.800e+10   2.36737e-08   9.46863e-14   1.00000e+00
   8.900e+10   2.34078e-08   9.36387e-14   1.00000e+00
   9.000e+10   2.31479e-08   9.26069e-14   1.00000e+00
   9.100e+10   2.28938e-08   9.15866e-14   1.00000e+00
   9.200e+10   2.26452e-08   9.05737e-14   1.00000e+00
   9.300e+10   2.24019e-08   8.95639e-14   1.00000e+00
   9.400e+10   2.21637e-08   8.85529e-14   1.00000e+00
   9.500e+10   2.19304e-08   8.75408e-14   1.00000e+00
   9.600e+10   2.17018e-08   8.65523e-14   1.00000e+00
   9.700e+10   2.14778e-08   8.55915e-14   1.00000e+00
   9.800e+10   2.12583e-08   8.46577e-14   1.00000e+00
   9.900e+10   2.10431e-08   8.37502e-14   1.00000e+00
   1.000e+11   2.08323e-08   8.28684e-14   1.00000e+00
   --------------------------------------------------

Final Statistics:
Current time                 = 117655479342.11642378568649291992
Steps                        = 1007
Step attempts                = 1214
Stability limited steps      = 0
Accuracy limited steps       = 1213
Error test fails             = 206
NLS step fails               = 1
Inequality constraint fails  = 0
Initial step size            = 1.0000000000000000000007074462189e-08
Last step size               = 23142446178.97926920279860496521
Current step size            = 23142446178.97926920279860496521
Explicit RHS fn evals        = 0
Implicit RHS fn evals        = 34344
NLS iters                    = 28274
NLS fails                    = 37
NLS iters per step           = 28.077457795431976166067311595498
LS setups                    = 534
Jac fn evals                 = 47
LS RHS fn evals              = 0
Prec setup evals             = 0
Prec solves                  = 0
LS iters                     = 0
LS fails                     = 0
Jac-times setups             = 0
Jac-times evals              = 0
LS iters per NLS iter        = 0
Jac evals per NLS iter       = 0.001662304590790125203356565695284
Prec evals per NLS iter      = 0
