
2D Heat PDE test problem:
 --------------------------------- 
  nprocs         = 4
  npx            = 2
  npy            = 2
 --------------------------------- 
  kx             = 1
  ky             = 1
  forcing        = 1
  tf             = 1
  xu             = 1
  yu             = 1
  nx             = 32
  ny             = 32
  nxl (proc 0)   = 16
  nyl (proc 0)   = 16
  dx             = 0.0322581
  dy             = 0.0322581
 --------------------------------- 
  rtol           = 1e-05
  atol           = 1e-10
  order          = 3
  fixed h        = 0
  controller     = 0
  linear         = 1
 --------------------------------- 
  linear solver  = PCG
  lin iters      = 20
  eps lin        = 0
  prec           = 1
  msbp           = 0
 --------------------------------- 
  output         = 1
 --------------------------------- 

          t                     ||u||_rms                max error      
 -----------------------------------------------------------------------
0.000000000000000000e+00 3.632812500000000000e-01 0.000000000000000000e+00
5.000000000000000000e-02 3.551986498129033635e-01 2.454702393799632076e-03
1.000000000000000000e-01 3.296221517658072606e-01 2.894319282719078740e-03
1.500000000000000000e-01 2.894444601580480791e-01 2.833101383079118210e-03
2.000000000000000000e-01 2.387096830320859933e-01 2.521190912071677058e-03
2.500000000000000000e-01 1.824253359008854573e-01 2.077638493467100900e-03
3.000000000000000000e-01 1.261156942142897277e-01 1.577288038761693033e-03
3.500000000000000000e-01 7.529902914138409482e-02 1.082856453774304415e-03
4.000000000000000000e-01 3.495147511100204032e-02 6.465341704538474617e-04
4.500000000000000000e-01 9.023468811796174307e-03 3.130933310391990969e-04
5.000000000000000001e-01 5.513984790437415846e-05 1.155565362293055763e-04
5.500000000000000001e-01 8.918883074959590382e-03 7.367114798647471655e-05
6.000000000000000001e-01 3.475278382398260903e-02 1.915519619625301163e-04
6.500000000000000001e-01 7.502602086572055664e-02 4.575729332072743576e-04
7.000000000000000001e-01 1.257965333752097954e-01 8.460859952714744759e-04
7.500000000000000001e-01 1.820943146551313570e-01 1.318472651208878546e-03
8.000000000000000001e-01 2.384088045500141724e-01 1.829161759275762698e-03
8.500000000000000001e-01 2.892274279608342554e-01 2.327880668628546951e-03
9.000000000000000001e-01 3.295755759830838485e-01 2.765429270786620740e-03
9.500000000000000002e-01 3.555039702447291645e-01 3.099849443844894764e-03
1.000000000000000000e+00 3.644742055752498220e-01 3.297362853451358655e-03
 -----------------------------------------------------------------------

Final integrator statistics:
  Steps            = 206
  Step attempts    = 239
  Error test fails = 33
  RHS evals        = 1676
  NLS iters        = 717
  NLS fails        = 0
  LS iters         = 14011
  LS fails         = 669
  LS setups        = 95
  LS RHS evals     = 14011
  Jv products      = 14011

  Avg NLS iters per step attempt = 3.000000
  Avg LS iters per NLS iter      = 19.541144

  Preconditioner setups = 35
  Preconditioner solves = 14011

  Max error = 3.297362853451358655e-03
