Ignore negative solution components

At t = 4.0000e-01      y =  9.851554e-01    3.386053e-05    1.481072e-02
At t = 4.0000e+00      y =  9.055088e-01    2.240357e-05    9.446884e-02
At t = 4.0000e+01      y =  7.158369e-01    9.186013e-06    2.841539e-01
At t = 4.0000e+02      y =  4.504997e-01    3.222664e-06    5.494971e-01
At t = 4.0000e+03      y =  1.831648e-01    8.940163e-07    8.168343e-01
At t = 4.0000e+04      y =  3.898649e-02    1.621902e-07    9.610134e-01
At t = 4.0000e+05      y =  4.938252e-03    1.984987e-08    9.950617e-01
At t = 4.0000e+06      y =  5.169559e-04    2.068873e-09    9.994830e-01
At t = 4.0000e+07      y =  5.203577e-05    2.081538e-10    9.999480e-01
At t = 4.0000e+08      y =  5.258402e-06    2.103372e-11    9.999947e-01
At t = 4.0000e+09      y =  5.405050e-07    2.162021e-12    9.999995e-01
At t = 4.0000e+10      y = -6.311218e-07   -2.524485e-12    1.000001e+00
At t = 4.0000e+11      y = -1.712772e+08   -4.000000e-06    1.712772e+08
At t = 4.0000e+12      y = -1.899279e+09   -4.000000e-06    1.899279e+09

Final Statistics:
nst = 898    nfe = 1467   nsetups = 217    nfeLS = 153    nje = 51
nni = 1464   nnf = 42     netf = 53        ncfn = 4     

Intercept negative solution components

At t = 4.0000e-01      y =  9.851554e-01    3.386053e-05    1.481072e-02
At t = 4.0000e+00      y =  9.055088e-01    2.240357e-05    9.446884e-02
At t = 4.0000e+01      y =  7.158369e-01    9.186013e-06    2.841539e-01
At t = 4.0000e+02      y =  4.504997e-01    3.222664e-06    5.494971e-01
At t = 4.0000e+03      y =  1.831648e-01    8.940163e-07    8.168343e-01
At t = 4.0000e+04      y =  3.898649e-02    1.621902e-07    9.610134e-01
At t = 4.0000e+05      y =  4.938252e-03    1.984987e-08    9.950617e-01
At t = 4.0000e+06      y =  5.169559e-04    2.068873e-09    9.994830e-01
At t = 4.0000e+07      y =  5.203577e-05    2.081538e-10    9.999480e-01
At t = 4.0000e+08      y =  5.258402e-06    2.103372e-11    9.999947e-01
At t = 4.0000e+09      y =  5.405050e-07    2.162021e-12    9.999995e-01
At t = 4.0000e+10      y =  4.911291e-08    1.964516e-13    1.000000e+00
At t = 4.0000e+11      y =  1.492497e-08    5.969986e-14    1.000000e+00
At t = 4.0000e+12      y =  8.552531e-08    3.421012e-13    9.999999e-01

Final Statistics:
nst = 603    nfe = 825    nsetups = 119    nfeLS = 48     nje = 16
nni = 817    nnf = 6      netf = 21        ncfn = 3     

