
2D Heat PDE test problem:
 --------------------------------- 
  nprocs         = 4
  npx            = 2
  npy            = 2
 --------------------------------- 
  kx             = 1
  ky             = 1
  forcing        = 1
  tf             = 1
  xu             = 1
  yu             = 1
  nx             = 32
  ny             = 32
  nxl (proc 0)   = 16
  nyl (proc 0)   = 16
  dx             = 0.0322581
  dy             = 0.0322581
 --------------------------------- 
  rtol           = 1e-05
  atol           = 1e-10
  order          = 3
  fixed h        = 0
  controller     = 0
  linear         = 1
 --------------------------------- 
  linear solver  = PCG
  lin iters      = 20
  eps lin        = 0
  prec           = 1
  msbp           = 0
 --------------------------------- 
  output         = 1
 --------------------------------- 

          t                     ||u||_rms                max error      
 -----------------------------------------------------------------------
          0.000000e+00             3.632812e-01             0.000000e+00
          5.000000e-02             3.551986e-01             2.467632e-03
          1.000000e-01             3.296219e-01             2.884746e-03
          1.500000e-01             2.894442e-01             2.861977e-03
          2.000000e-01             2.387097e-01             2.575636e-03
          2.500000e-01             1.824251e-01             2.090126e-03
          3.000000e-01             1.261156e-01             1.609981e-03
          3.500000e-01             7.529880e-02             1.086414e-03
          4.000000e-01             3.495146e-02             6.465837e-04
          4.500000e-01             9.023475e-03             3.140308e-04
          5.000001e-01             5.515190e-05             1.155818e-04
          5.500001e-01             8.919313e-03             7.491373e-05
          6.000001e-01             3.475343e-02             1.950264e-04
          6.500001e-01             7.502701e-02             4.621893e-04
          7.000001e-01             1.257977e-01             8.513629e-04
          7.500001e-01             1.820952e-01             1.326323e-03
          8.000001e-01             2.384095e-01             1.835108e-03
          8.500001e-01             2.892279e-01             2.345204e-03
          9.000002e-01             3.295754e-01             2.773345e-03
          9.500002e-01             3.555036e-01             3.105223e-03
          1.000000e+00             3.644741e-01             3.298640e-03
 -----------------------------------------------------------------------

Final integrator statistics:
  Steps            = 1278
  Step attempts    = 1279
  Error test fails = 1
  RHS evals        = 8955
  NLS iters        = 3837
  NLS fails        = 0
  LS iters         = 50147
  LS fails         = 410
  LS setups        = 242
  LS RHS evals     = 50147
  Jv products      = 50147

  Avg NLS iters per step attempt = 3.000000
  Avg LS iters per NLS iter      = 13.069325

  Preconditioner setups = 16
  Preconditioner solves = 50147

  Max error = 3.298640e-03
