
Multirate nonlinear Kvaerno-Prothero-Robinson test problem:
    time domain:  (0,5]
    hs = 0.002
    hf = 2e-05
    G = -100
    w = 100
    e = 0.5
    solver: exp-4/exp-4 (MRI-GARK-ERK45a / ERK-4-4)

        t           u           v       uerr      verr
   ------------------------------------------------------
    0.000000    1.224745    1.732051  0.00e+00  0.00e+00
    0.100000    1.223706    1.077434  1.86e-05  3.00e-05
    0.200000    1.220656    1.551768  1.35e-05  3.16e-05
    0.300000    1.215551    1.467704  4.29e-05  3.31e-05
    0.400000    1.208529    1.154554  4.53e-06  2.93e-05
    0.500000    1.199479    1.721867  1.73e-05  4.04e-05
    0.600000    1.188552    1.024338  5.01e-06  8.21e-04
    0.700000    1.175740    1.622761  2.35e-05  1.28e-05
    0.800000    1.161181    1.374936  5.25e-06  3.02e-04
    0.900000    1.144892    1.246212  1.19e-05  4.52e-04
    1.000000    1.127028    1.691685  1.82e-05  1.56e-04
    1.100000    1.107573    1.001201  3.66e-05  7.11e-04
    1.200000    1.086746    1.677367  7.41e-05  1.83e-04
    1.300000    1.064768    1.278096  8.82e-06  3.15e-04
    1.400000    1.041593    1.342665  3.28e-05  2.15e-04
    1.500000    1.017499    1.642764  3.12e-05  1.83e-04
    1.600000    0.992661    1.012735  1.27e-05  6.26e-04
    1.700000    0.967414    1.712185  1.61e-04  1.87e-03
    1.800000    0.941744    1.206672  2.57e-04  2.28e-02
    1.900000    0.915777    1.447308  1.60e-04  9.85e-03
    2.000000    0.890108    1.578082  2.06e-04  9.92e-04
    2.100000    0.864830    1.083215  2.05e-04  2.68e-02
    2.200000    0.840216    1.722822  1.27e-04  8.10e-03
    2.300000    0.816850    1.123265  2.34e-04  2.22e-02
    2.400000    0.794639    1.526154  9.35e-05  1.10e-03
    2.500000    0.774392    1.497904  1.64e-04  9.21e-04
    2.600000    0.756131    1.146598  1.18e-04  1.97e-02
    2.700000    0.740300    1.716164  5.39e-05  1.14e-02
    2.799999    0.727384    1.060814  1.37e-04  2.24e-02
    2.899999    0.717316    1.595291  1.44e-05  5.48e-03
    2.999999    0.710738    1.409224  1.02e-04  2.87e-03
    3.099999    0.707422    1.227572  9.18e-06  1.32e-02
    3.199999    0.707705    1.691631  4.23e-06  1.24e-02
    3.299999    0.711559    1.026806  3.99e-05  2.24e-02
    3.399999    0.718573    1.641600  1.76e-04  1.96e-02
    3.499999    0.729233    1.323196  6.32e-06  1.31e-02
    3.599999    0.742516    1.325040  1.95e-04  1.49e-02
    3.699999    0.758721    1.638717  1.93e-04  2.25e-02
    3.799999    0.777398    1.048016  1.08e-04  4.36e-02
    3.899998    0.797825    1.677516  3.19e-04  2.65e-02
    3.999998    0.820358    1.234823  1.16e-04  2.05e-02
    4.099998    0.843811    1.409710  3.38e-04  3.30e-03
    4.199998    0.868588    1.582284  2.43e-04  1.85e-02
    4.299998    0.893976    1.077271  2.27e-04  3.89e-02
    4.399998    0.919594    1.696905  3.70e-04  3.06e-02
    4.499998    0.945683    1.154911  1.50e-04  2.81e-02
    4.599998    0.971183    1.489800  3.74e-04  7.24e-03
    4.699998    0.996670    1.512862  2.27e-04  1.21e-02
    4.799998    1.021420    1.132807  2.20e-04  3.17e-02
    4.899998    1.045248    1.698713  3.40e-04  3.22e-02
    4.999998    1.068431    1.097348  1.34e-04  4.09e-02
   ------------------------------------------------------

Final Solver Statistics:
   Steps: nsts = 2500, nstf = 237354
   u error = 1.649e-04, v error = 1.767e-02, total error = 1.249e-02
   Total RHS evals:  Fs = 12501,  Ff = 951918
