
Multirate nonlinear Kvaerno-Prothero-Robinson test problem:
    time domain:  (0,5]
    hs = 0.002
    hf = 2e-05
    G = -100
    w = 100
    e = 0.5
    solver: none/exp-3 (no slow, explicit fast)

        t           u           v       uerr      verr
   ------------------------------------------------------
    0.000000    1.224745    1.732051  0.00e+00  0.00e+00
    0.100000    1.223654    1.133768  7.10e-05  5.63e-02
    0.200000    1.220667    1.551732  2.26e-06  6.79e-05
    0.300000    1.215547    1.467673  4.68e-05  6.44e-05
    0.400000    1.208542    1.154457  1.78e-05  1.26e-04
    0.500000    1.199436    1.721880  6.01e-05  2.80e-05
    0.600000    1.188362    1.064199  1.95e-04  4.07e-02
    0.700000    1.175434    1.571163  3.30e-04  5.16e-02
    0.800000    1.160921    1.445991  2.65e-04  7.14e-02
    0.900000    1.144512    1.178194  3.92e-04  6.76e-02
    1.000000    1.126671    1.711752  3.39e-04  1.99e-02
    1.100000    1.107186    1.017244  4.23e-04  1.68e-02
    1.200000    1.086404    1.634720  4.16e-04  4.28e-02
    1.300000    1.064385    1.349815  3.91e-04  7.20e-02
    1.400000    1.041116    1.270414  5.10e-04  7.20e-02
    1.500000    1.017034    1.677545  4.96e-04  3.46e-02
    1.600000    0.992208    1.003379  4.66e-04  8.73e-03
    1.700000    0.966756    1.685083  4.96e-04  2.90e-02
    1.800000    0.940993    1.254107  4.95e-04  7.02e-02
    1.900000    0.915115    1.366888  5.03e-04  7.06e-02
    2.000000    0.889423    1.624816  4.79e-04  4.77e-02
    2.100000    0.864178    1.023821  4.47e-04  3.26e-02
    2.200000    0.839609    1.712766  4.80e-04  1.82e-02
    2.300000    0.816244    1.165123  3.72e-04  6.41e-02
    2.400000    0.794583    1.522130  3.74e-05  2.93e-03
    2.500000    0.774292    1.493790  6.47e-05  3.19e-03
    2.600000    0.756038    1.131733  2.47e-05  4.87e-03
    2.700000    0.740280    1.720028  3.37e-05  7.51e-03
    2.799999    0.727325    1.051328  7.79e-05  1.29e-02
    2.899999    0.717310    1.596584  9.18e-06  4.19e-03
    2.999999    0.710703    1.408112  6.65e-05  1.75e-03
    3.099999    0.707412    1.221041  7.75e-07  6.66e-03
    3.199999    0.707720    1.696434  1.04e-05  7.58e-03
    3.299999    0.711533    1.017600  1.38e-05  1.32e-02
    3.399999    0.718710    1.653971  3.92e-05  7.28e-03
    3.499999    0.729242    1.314817  1.53e-05  4.76e-03
    3.599999    0.742668    1.312365  4.38e-05  2.24e-03
    3.699999    0.758883    1.654859  3.03e-05  6.35e-03
    3.799999    0.777487    1.016605  1.87e-05  1.22e-02
    3.899998    0.797994    1.688679  1.50e-04  1.54e-02
    3.999998    0.820423    1.220716  5.10e-05  6.40e-03
    4.099998    0.844014    1.402604  1.35e-04  3.81e-03
    4.199998    0.868724    1.591323  1.07e-04  9.41e-03
    4.299998    0.894112    1.050445  9.11e-05  1.20e-02
    4.399998    0.919783    1.709693  1.80e-04  1.78e-02
    4.499998    0.945752    1.139205  8.18e-05  1.24e-02
    4.599998    0.971367    1.491030  1.90e-04  6.01e-03
    4.699998    0.996782    1.517227  1.16e-04  7.78e-03
    4.799998    1.021474    1.115303  1.66e-04  1.42e-02
    4.899998    1.045441    1.713194  1.48e-04  1.77e-02
    4.999998    1.068543    1.071875  2.17e-05  1.54e-02
   ------------------------------------------------------

Final Solver Statistics:
   Steps: nsts = 2500, nstf = 244734
   u error = 2.643e-04, v error = 3.241e-02, total error = 2.292e-02
   Total RHS evals:  Fs = 5001,  Ff = 736704
