
2D Heat PDE test problem:
 --------------------------------- 
  kx             = 1
  ky             = 1
  forcing        = 1
  tf             = 1
  xu             = 1
  yu             = 1
  nx             = 32
  ny             = 32
  dx             = 0.0322581
  dy             = 0.0322581
 --------------------------------- 
  rtol           = 1e-05
  atol           = 1e-10
  order          = 3
  fixed h        = 0
  controller     = 0
  linear         = 1
 --------------------------------- 
  linear solver  = PCG
  lin iters      = 20
  eps lin        = 0
  prec           = 1
  msbp           = 0
 --------------------------------- 
  output         = 1
 --------------------------------- 

          t                     ||u||_rms                max error      
 -----------------------------------------------------------------------
          0.000000e+00             3.632813e-01             0.000000e+00
          5.000000e-02             3.551987e-01             2.523482e-03
          1.000000e-01             3.296222e-01             2.917945e-03
          1.500000e-01             2.894446e-01             2.866626e-03
          2.000000e-01             2.387097e-01             2.572656e-03
          2.500000e-01             1.824252e-01             2.076924e-03
          3.000000e-01             1.261157e-01             1.603812e-03
          3.500000e-01             7.529891e-02             1.100630e-03
          4.000000e-01             3.495139e-02             6.543770e-04
          4.500000e-01             9.023371e-03             3.145542e-04
          5.000001e-01             5.511353e-05             1.154999e-04
          5.500001e-01             8.919159e-03             7.463060e-05
          6.000001e-01             3.475226e-02             1.914725e-04
          6.500001e-01             7.502503e-02             4.559755e-04
          7.000001e-01             1.257953e-01             8.476973e-04
          7.500001e-01             1.820941e-01             1.327217e-03
          8.000001e-01             2.384088e-01             1.835406e-03
          8.500001e-01             2.892272e-01             2.343357e-03
          9.000002e-01             3.295754e-01             2.780020e-03
          9.500002e-01             3.555037e-01             3.106356e-03
          1.000000e+00             3.644740e-01             3.299415e-03
 -----------------------------------------------------------------------

Final integrator statistics:
  Steps            = 1281
  Step attempts    = 1282
  Error test fails = 1
  RHS evals        = 8976
  NLS iters        = 3846
  NLS fails        = 0
  LS iters         = 50104
  LS fails         = 425
  LS setups        = 247
  LS RHS evals     = 50104
  Jv products      = 50104

  Avg NLS iters per step attempt = 3.000000
  Avg LS iters per NLS iter      = 13.027561

  Preconditioner setups = 16
  Preconditioner solves = 50104

  Max error = 3.299415e-03
