
1D Advection-Reaction example problem:
    N = 200,  NEQ = 600
    problem parameters:  a = 1,  b = 3.5,  ep = 1e-06
    advection coefficient:  c = 0.25
    reltol = 1.0e-06,  abstol = 1.0e-10

        t      ||u||_rms   ||v||_rms   ||w||_rms
   ----------------------------------------------
    0.100000    1.081472    3.521436    3.499999
    0.200000    1.107281    3.488027    3.499996
    0.300000    1.145024    3.438403    3.499999
    0.400000    1.186321    3.383639    3.499996
    0.500000    1.235306    3.318515    3.499997
    0.600000    1.292698    3.242237    3.499997
    0.700000    1.358361    3.154830    3.499998
    0.800000    1.430519    3.057699    3.499998
    0.900000    1.504997    2.954024    3.499995
    1.000000    1.575219    2.848578    3.499996
    1.100000    1.633651    2.746724    3.499997
    1.200000    1.674248    2.653061    3.499993
    1.300000    1.694190    2.570607    3.499996
    1.400000    1.693862    2.500948    3.499996
    1.500000    1.675711    2.444732    3.499995
    1.600000    1.642993    2.402113    3.499994
    1.700000    1.598847    2.372978    3.499995
    1.800000    1.546132    2.357257    3.499997
    1.900000    1.487219    2.354733    3.499995
    2.000000    1.424052    2.365053    3.499996
    2.100000    1.358188    2.387679    3.499996
    2.200000    1.290887    2.421865    3.499996
    2.300000    1.223222    2.466600    3.499996
    2.400000    1.156071    2.520628    3.499997
    2.500000    1.090045    2.582604    3.499996
    2.600000    1.025641    2.651076    3.499998
    2.700000    0.963211    2.724624    3.499998
    2.799999    0.902991    2.801948    3.499997
    2.899999    0.845239    2.881792    3.499998
    2.999999    0.789906    2.963476    3.499998
    3.099999    0.737208    3.046144    3.499998
    3.199999    0.687300    3.129207    3.499998
    3.299999    0.640349    3.212237    3.499999
    3.399999    0.596536    3.294911    3.499998
    3.499999    0.556055    3.376987    3.499999
    3.599999    0.519088    3.458276    3.499999
    3.699999    0.485785    3.538637    3.499999
    3.799999    0.456243    3.617962    3.499999
    3.899998    0.430476    3.696170    3.499999
    3.999998    0.408412    3.773204    3.499999
    4.099998    0.391611    3.841378    3.499999
    4.199998    0.376082    3.915900    3.499999
    4.299998    0.363528    3.989282    3.499999
    4.399998    0.353606    4.061593    3.500000
    4.499998    0.345968    4.132886    3.499999
    4.599998    0.340279    4.203206    3.499999
    4.699998    0.336231    4.272628    3.499999
    4.799998    0.333555    4.341184    3.499999
    4.899998    0.332021    4.408939    3.499999
    4.999998    0.331441    4.475939    3.499999
    5.099998    0.331661    4.542227    3.499999
    5.199997    0.332558    4.607831    3.499999
    5.299997    0.334039    4.672774    3.500000
    5.399997    0.336030    4.737058    3.500000
    5.499997    0.338476    4.800681    3.499999
    5.599997    0.341335    4.863586    3.500000
    5.699997    0.344587    4.925852    3.499999
    5.799997    0.348213    4.987411    3.500000
    5.899997    0.352210    5.048223    3.499999
    5.999997    0.356581    5.108250    3.499998
    6.099997    0.361339    5.167444    3.499999
    6.199996    0.366505    5.225735    3.499997
    6.299996    0.372111    5.283059    3.500000
    6.399996    0.378195    5.339323    3.499998
    6.499996    0.384812    5.394425    3.500000
    6.599996    0.392026    5.448252    3.499999
    6.699996    0.399922    5.500653    3.499998
    6.799996    0.408606    5.551447    3.499998
    6.899996    0.418212    5.600427    3.499998
    6.999996    0.428912    5.647316    3.499998
    7.099996    0.440931    5.691784    3.499999
    7.199996    0.454568    5.733407    3.499998
    7.299995    0.470224    5.771609    3.499999
    7.399995    0.488461    5.805645    3.499999
    7.499995    0.510081    5.834461    3.499999
    7.599995    0.536279    5.856574    3.499998
    7.699995    0.568916    5.869762    3.499998
    7.799995    0.611072    5.870552    3.499998
    7.899995    0.668237    5.853092    3.499998
    7.999995    0.751243    5.806698    3.499998
    8.099995    0.884582    5.709519    3.499997
    8.199995    1.134468    5.510520    3.499995
    8.299995    1.704647    5.087895    3.499995
    8.399996    2.804757    4.391571    3.499993
    8.499996    3.570668    3.757941    3.499989
    8.599997    3.876646    3.185782    3.499988
    8.699997    4.013699    2.580295    3.499986
    8.799997    4.103207    1.859453    3.499988
    8.899998    4.179180    1.098524    3.499986
    8.999998    4.029998    0.886004    3.499986
    9.099998    3.706172    0.935233    3.499988
    9.199999    3.379601    1.011426    3.499990
    9.299999    3.075500    1.095499    3.499990
    9.400000    2.794416    1.185718    3.499991
    9.500000    2.534467    1.281906    3.499992
    9.600000    2.293688    1.384009    3.499994
    9.700001    2.070360    1.491865    3.499993
    9.800001    1.863071    1.605120    3.499993
    9.900002    1.670745    1.723178    3.499995
   10.000000    1.492630    1.845175    3.499996
   ----------------------------------------------

Final Solver Statistics:
   Slow Steps: nsts = 1000
   Fast Steps: nstf = 58774 (attempted = 58892)
   Total RHS evals:  Fs = 3001,  Ff = 440444
   Total number of fast error test failures = 118
   Total linear solver setups = 4504
   Total RHS evals for setting up the linear system = 0
   Total number of Jacobian evaluations = 994
   Total number of Newton iterations = 203872
   Total number of nonlinear solver convergence failures = 1
