
Nonlinear Kvaerno-Prothero-Robinson test problem with mass matrix:
    time domain:  (-3,7]
    Fixed mass matrix
    ERK solver, order = 4
    Adaptive run with reltol = 1e-05, abstol = 1e-11
    G = -10
    g = 10
    e = 0.5

        t           u           v       uerr      verr
   ------------------------------------------------------
   -3.000000    0.710636    1.363407  0.00e+00  0.00e+00
   -2.900000    0.717302    1.326933  7.15e-07  1.19e-07
   -2.800000    0.727249    1.290353  1.43e-06  2.38e-07
   -2.700000    0.740247    1.254041  1.67e-06  4.77e-07
   -2.600000    0.756015    1.218400  1.61e-06  3.58e-07
   -2.500000    0.774229    1.183861  1.37e-06  5.96e-07
   -2.400001    0.794547    1.150885  1.19e-06  5.96e-07
   -2.300001    0.816617    1.119953  8.94e-07  7.15e-07
   -2.200001    0.840089    1.091560  7.15e-07  5.96e-07
   -2.100001    0.864626    1.066203  4.77e-07  4.77e-07
   -2.000001    0.889903    1.044367  7.75e-07  4.77e-07
   -1.900001    0.915617    1.026498  2.98e-07  7.15e-07
   -1.800001    0.941487    1.012991  4.17e-07  4.77e-07
   -1.700001    0.967251    1.004159  1.49e-06  2.38e-07
   -1.600001    0.992671    1.000213  2.03e-06  1.19e-07
   -1.500001    1.017527    1.001252  3.22e-06  1.19e-07
   -1.400001    1.041621    1.007249  3.81e-06  2.38e-07
   -1.300001    1.064773    1.018058  3.93e-06  1.19e-07
   -1.200001    1.086816    1.033422  4.65e-06  0.00e+00
   -1.100001    1.107605    1.052992  4.29e-06  1.19e-07
   -1.000001    1.127005    1.076350  5.01e-06  0.00e+00
   -0.900001    1.144899    1.103029  4.53e-06  1.19e-07
   -0.800001    1.161182    1.132539  4.53e-06  2.38e-07
   -0.700001    1.175759    1.164381  4.89e-06  1.19e-07
   -0.600001    1.188552    1.198064  4.53e-06  1.19e-07
   -0.500001    1.199491    1.233116  4.89e-06  2.38e-07
   -0.400001    1.208520    1.269087  4.41e-06  3.58e-07
   -0.300001    1.215589    1.305557  5.01e-06  3.58e-07
   -0.200001    1.220665    1.342137  4.41e-06  5.96e-07
   -0.100001    1.223720    1.378466  4.89e-06  5.96e-07
   -0.000001    1.224740    1.414214  4.89e-06  4.77e-07
    0.099999    1.223720    1.449080  4.53e-06  3.58e-07
    0.199999    1.220665    1.482791  4.77e-06  3.58e-07
    0.299999    1.215590    1.515098  4.29e-06  3.58e-07
    0.399999    1.208520    1.545775  4.53e-06  4.77e-07
    0.499999    1.199492    1.574619  3.93e-06  3.58e-07
    0.599999    1.188553    1.601451  4.05e-06  5.96e-07
    0.699999    1.175760    1.626105  3.93e-06  4.77e-07
    0.799999    1.161183    1.648441  3.70e-06  5.96e-07
    0.899999    1.144901    1.668331  3.46e-06  3.58e-07
    0.999999    1.127007    1.685667  2.74e-06  3.58e-07
    1.099999    1.107606    1.700356  2.98e-06  4.77e-07
    1.199999    1.086818    1.712320  2.62e-06  2.38e-07
    1.299999    1.064774    1.721499  2.50e-06  2.38e-07
    1.399999    1.041624    1.727845  1.91e-06  0.00e+00
    1.500000    1.017529    1.731328  1.55e-06  1.19e-07
    1.600000    0.992672    1.731928  1.19e-06  2.38e-07
    1.700000    0.967252    1.729643  7.15e-07  2.38e-07
    1.800000    0.941488    1.724485  0.00e+00  1.19e-07
    1.900000    0.915619    1.716479  1.85e-06  2.38e-07
    2.000000    0.889907    1.705666  3.93e-06  3.58e-07
    2.100000    0.864630    1.692102  4.35e-06  3.58e-07
    2.200000    0.840093    1.675857  4.23e-06  3.58e-07
    2.299999    0.816621    1.657017  4.77e-06  2.38e-07
    2.399999    0.794550    1.635684  4.17e-06  1.19e-07
    2.499999    0.774232    1.611978  4.47e-06  0.00e+00
    2.599999    0.756017    1.586033  4.05e-06  0.00e+00
    2.699999    0.740250    1.558006  3.81e-06  3.58e-07
    2.799999    0.727252    1.528067  3.99e-06  3.58e-07
    2.899999    0.717305    1.496413  3.99e-06  2.38e-07
    2.999999    0.710640    1.463257  3.93e-06  2.38e-07
    3.099999    0.707416    1.428840  3.70e-06  3.58e-07
    3.199999    0.707713    1.393423  3.58e-06  3.58e-07
    3.299999    0.711523    1.357298  3.46e-06  2.38e-07
    3.399998    0.718753    1.320781  3.28e-06  2.38e-07
    3.499998    0.729230    1.284219  3.16e-06  3.58e-07
    3.599998    0.742714    1.247991  2.80e-06  2.38e-07
    3.699998    0.758916    1.212504  2.56e-06  1.19e-07
    3.799998    0.777508    1.178195  2.32e-06  0.00e+00
    3.899998    0.798146    1.145528  1.97e-06  2.38e-07
    3.999998    0.820475    1.114988  1.61e-06  1.19e-07
    4.099998    0.844150    1.087071  1.19e-06  0.00e+00
    4.199998    0.868833    1.062274  7.75e-07  1.19e-07
    4.299998    0.894204    1.041074  5.96e-07  2.38e-07
    4.399998    0.919963    1.023914  5.96e-08  1.19e-07
    4.499998    0.945832    1.011173  1.13e-06  2.38e-07
    4.599998    0.971554    1.003150  2.38e-06  3.58e-07
    4.699997    0.996894    1.000039  3.87e-06  5.96e-07
    4.799997    1.021636    1.001916  4.41e-06  2.38e-07
    4.899997    1.045584    1.008736  4.05e-06  2.38e-07
    4.999997    1.068560    1.020331  4.53e-06  3.58e-07
    5.099997    1.090403    1.036429  4.05e-06  4.77e-07
    5.199997    1.110967    1.056667  4.41e-06  4.77e-07
    5.299997    1.130122    1.080616  4.29e-06  2.38e-07
    5.399997    1.147752    1.107806  4.65e-06  2.38e-07
    5.499997    1.163754    1.137743  4.41e-06  4.77e-07
    5.599997    1.178037    1.169928  4.29e-06  4.77e-07
    5.699996    1.190523    1.203874  4.65e-06  5.96e-07
    5.799996    1.201145    1.239111  4.29e-06  4.77e-07
    5.899996    1.209846    1.275194  5.01e-06  2.38e-07
    5.999996    1.216583    1.311709  4.53e-06  1.19e-07
    6.099996    1.221320    1.348271  5.01e-06  0.00e+00
    6.199996    1.224034    1.384524  4.65e-06  0.00e+00
    6.299996    1.224711    1.420144  4.65e-06  2.38e-07
    6.399996    1.223348    1.454835  4.65e-06  0.00e+00
    6.499996    1.219952    1.488327  4.29e-06  2.38e-07
    6.599996    1.214539    1.520374  4.53e-06  1.19e-07
    6.699996    1.207138    1.550757  3.93e-06  1.19e-07
    6.799995    1.197785    1.579275  4.05e-06  0.00e+00
    6.899995    1.186530    1.605751  3.93e-06  0.00e+00
    6.999995    1.173432    1.630026  3.93e-06  1.19e-07
   ------------------------------------------------------

Final Solver Statistics:
   Internal solver steps = 166 (attempted = 167)
   Total number of error test failures = 1
   Total RHS evals:  Fe = 1004,  Fi = 0
   Total mass matrix setups = 672
   Total mass matrix solves = 1004
   Total mass times evals = 166
   Errors: u = 3.59267e-06, v = 3.36964e-07, total = 2.55155e-06
