
Brusselator ODE test problem:
    initial conditions:  u0 = 1.2,  v0 = 3.1,  w0 = 3
    problem parameters:  a = 1,  b = 3.5,  ep = 5e-06
    reltol = 1.0e-06,  abstol = 1.0e-10

        t           u           v           w
   -------------------------------------------
    0.000000    1.200000    3.100000    3.000000
    1.000000    1.103850    3.013165    3.499981
    2.000000    0.688002    3.521381    3.499988
    3.000000    0.409470    4.277878    3.499993
    4.000000    0.367888    4.941999    3.499994
    5.000000    0.413856    5.510615    3.499992
    6.000000    0.589268    5.855634    3.499990
    7.000000    4.756596    0.735409    3.499917
    8.000000    1.813470    1.575757    3.499968
    9.000000    0.527903    2.807352    3.499991
   10.000000    0.305598    3.657370    3.499995
   -------------------------------------------

Final Solver Statistics:
   Internal solver steps = 389 (attempted = 414)
   Total RHS evals:  Fe = 0,  Fi = 4681
   Total linear solver setups = 126
   Total RHS evals for setting up the linear system = 0
   Total number of Jacobian evaluations = 52
   Total number of Newton iterations = 4680
   Total number of nonlinear solver convergence failures = 48
   Total number of error test failures = 25
   Total number of failed steps from solver failure = 0
