
   Begin Kepler Problem

Problem Arguments:
  stepper:              1
  step mode:            1
  use tstop:            1
  use compensated sums: 0
  dt:                   0.01
  Tf:                   100
  nout:                 50

t = 0.0000, H(p,q) = -0.5000002384185791, L(p,q) = 0.7999999523162842
t = 2.0000, H(p,q)-H0 = -0.0005439519882202, L(p,q)-L0 = -0.0000768899917603
t = 4.0000, H(p,q)-H0 = -0.0006074905395508, L(p,q)-L0 = -0.0001183152198792
t = 6.0000, H(p,q)-H0 = -0.0004483461380005, L(p,q)-L0 = -0.0002632141113281
t = 8.0000, H(p,q)-H0 = -0.0026876926422119, L(p,q)-L0 = -0.0008502006530762
t = 10.0000, H(p,q)-H0 = -0.0028235912322998, L(p,q)-L0 = -0.0009397268295288
t = 12.0000, H(p,q)-H0 = -0.0024957656860352, L(p,q)-L0 = -0.0010040998458862
t = 14.0000, H(p,q)-H0 = -0.0055859088897705, L(p,q)-L0 = -0.0018026828765869
t = 16.0000, H(p,q)-H0 = -0.0056772232055664, L(p,q)-L0 = -0.0018513202667236
t = 18.0000, H(p,q)-H0 = -0.0056153535842896, L(p,q)-L0 = -0.0019432902336121
t = 20.0000, H(p,q)-H0 = -0.0073369741439819, L(p,q)-L0 = -0.0024207830429077
t = 22.0000, H(p,q)-H0 = -0.0074398517608643, L(p,q)-L0 = -0.0024680495262146
t = 24.0000, H(p,q)-H0 = -0.0072662234306335, L(p,q)-L0 = -0.0025034546852112
t = 26.0000, H(p,q)-H0 = -0.0089969635009766, L(p,q)-L0 = -0.0029809474945068
t = 28.0000, H(p,q)-H0 = -0.0091212987899780, L(p,q)-L0 = -0.0030261874198914
t = 30.0000, H(p,q)-H0 = -0.0089623332023621, L(p,q)-L0 = -0.0030609369277954
t = 32.0000, H(p,q)-H0 = -0.0112931132316589, L(p,q)-L0 = -0.0037956833839417
t = 34.0000, H(p,q)-H0 = -0.0114080905914307, L(p,q)-L0 = -0.0038316249847412
t = 36.0000, H(p,q)-H0 = -0.0112797021865845, L(p,q)-L0 = -0.0039070248603821
t = 38.0000, H(p,q)-H0 = -0.0136624574661255, L(p,q)-L0 = -0.0046352744102478
t = 40.0000, H(p,q)-H0 = -0.0137804746627808, L(p,q)-L0 = -0.0046681165695190
t = 42.0000, H(p,q)-H0 = -0.0137089490890503, L(p,q)-L0 = -0.0047549605369568
t = 44.0000, H(p,q)-H0 = -0.0164023637771606, L(p,q)-L0 = -0.0055413246154785
t = 46.0000, H(p,q)-H0 = -0.0165148377418518, L(p,q)-L0 = -0.0055693387985229
t = 48.0000, H(p,q)-H0 = -0.0164467096328735, L(p,q)-L0 = -0.0056661963462830
t = 50.0000, H(p,q)-H0 = -0.0191351175308228, L(p,q)-L0 = -0.0064512491226196
t = 52.0000, H(p,q)-H0 = -0.0192465782165527, L(p,q)-L0 = -0.0064793229103088
t = 54.0000, H(p,q)-H0 = -0.0191401839256287, L(p,q)-L0 = -0.0065804719924927
t = 56.0000, H(p,q)-H0 = -0.0215778946876526, L(p,q)-L0 = -0.0073207616806030
t = 58.0000, H(p,q)-H0 = -0.0217001438140869, L(p,q)-L0 = -0.0073574781417847
t = 60.0000, H(p,q)-H0 = -0.0215575098991394, L(p,q)-L0 = -0.0074359774589539
t = 62.0000, H(p,q)-H0 = -0.0239657759666443, L(p,q)-L0 = -0.0080758929252625
t = 64.0000, H(p,q)-H0 = -0.0241024494171143, L(p,q)-L0 = -0.0081238150596619
t = 66.0000, H(p,q)-H0 = -0.0239362716674805, L(p,q)-L0 = -0.0081636309623718
t = 68.0000, H(p,q)-H0 = -0.0265980958938599, L(p,q)-L0 = -0.0089257955551147
t = 70.0000, H(p,q)-H0 = -0.0267251729965210, L(p,q)-L0 = -0.0089933276176453
t = 72.0000, H(p,q)-H0 = -0.0266469717025757, L(p,q)-L0 = -0.0090732574462891
t = 74.0000, H(p,q)-H0 = -0.0288540124893188, L(p,q)-L0 = -0.0097086429595947
t = 76.0000, H(p,q)-H0 = -0.0289590954780579, L(p,q)-L0 = -0.0097632408142090
t = 78.0000, H(p,q)-H0 = -0.0288923978805542, L(p,q)-L0 = -0.0098895430564880
t = 80.0000, H(p,q)-H0 = -0.0302748680114746, L(p,q)-L0 = -0.0102277994155884
t = 82.0000, H(p,q)-H0 = -0.0304290652275085, L(p,q)-L0 = -0.0103371739387512
t = 84.0000, H(p,q)-H0 = -0.0311696529388428, L(p,q)-L0 = -0.0108451843261719
t = 86.0000, H(p,q)-H0 = -0.0325917601585388, L(p,q)-L0 = -0.0110613703727722
t = 88.0000, H(p,q)-H0 = -0.0326699018478394, L(p,q)-L0 = -0.0111153125762939
t = 90.0000, H(p,q)-H0 = -0.0349017381668091, L(p,q)-L0 = -0.0118734836578369
t = 92.0000, H(p,q)-H0 = -0.0353341102600098, L(p,q)-L0 = -0.0119480490684509
t = 94.0000, H(p,q)-H0 = -0.0353620052337646, L(p,q)-L0 = -0.0120097398757935
t = 96.0000, H(p,q)-H0 = -0.0382335186004639, L(p,q)-L0 = -0.0129798650741577
t = 98.0000, H(p,q)-H0 = -0.0384564995765686, L(p,q)-L0 = -0.0130343437194824
t = 100.0000, H(p,q)-H0 = -0.0384336709976196, L(p,q)-L0 = -0.0130832791328430
Current time                 = 100
Steps                        = 376
Step attempts                = 443
Stability limited steps      = 0
Accuracy limited steps       = 443
Error test fails             = 67
NLS step fails               = 0
Inequality constraint fails  = 0
Initial step size            = 0.0004728707135654986
Last step size               = 0.1974715292453766
Current step size            = 0.386345773935318
Explicit RHS fn evals        = 2594
Implicit RHS fn evals        = 0
NLS iters                    = 0
NLS fails                    = 0
NLS iters per step           = 0
LS setups                    = 0
