
Brusselator ODE test problem:
    initial conditions:  u0 = 1.2,  v0 = 3.1,  w0 = 3
    problem parameters:  a = 1,  b = 3.5,  ep = 0.01
    hs = 0.025,  hf = 0.001

        t           u           v           w
   ----------------------------------------------
    0.000000    1.200000    3.100000    3.000000
    0.100000    1.217192    3.061734    3.457933
    0.200000    1.227349    3.029333    3.457598
    0.300000    1.235479    2.998048    3.457312
    0.400000    1.241031    2.968644    3.457113
    0.500000    1.243450    2.941973    3.457018
    0.600000    1.241258    2.913804    3.457075
    0.700000    1.234757    2.896472    3.457281
    0.800000    1.223625    2.884647    3.457644
    0.900000    1.207608    2.879062    3.458174
    1.000000    1.186579    2.880341    3.458874
    1.100000    1.160563    2.888960    3.459745
    1.200000    1.129727    2.905246    3.460784
    1.300000    1.094381    2.929352    3.461978
    1.400000    1.054956    2.961279    3.463314
    1.500000    1.012009    3.000854    3.464774
    1.600000    0.966187    3.047742    3.466337
    1.700000    0.918229    3.101459    3.467977
    1.800000    0.868937    3.161391    3.469668
    1.900000    0.819148    3.226768    3.471381
    2.000000    0.769711    3.296773    3.473086
   ----------------------------------------------

Final Solver Statistics:
   Steps: nsts = 81, nstf = 2187
   Total RHS evals:  Fs = 244,  Ff = 8831
