
Multirate nonlinear Kvaerno-Prothero-Robinson test problem:
    time domain:  (0,5]
    hs = 0.002
    hf = 2e-05
    G = -100
    w = 100
    e = 0.5
    solver: exp-3/exp-3 (standard MIS)

        t           u           v       uerr      verr
   ------------------------------------------------------
    0.000000    1.224745    1.732051  0.00e+00  0.00e+00
    0.100000    1.223655    1.133800  7.00e-05  5.63e-02
    0.200000    1.220669    1.551750  3.58e-07  4.97e-05
    0.300000    1.215548    1.467694  4.58e-05  4.35e-05
    0.400000    1.208547    1.154494  2.30e-05  8.94e-05
    0.500000    1.199440    1.721891  5.61e-05  1.72e-05
    0.600000    1.188368    1.064293  1.89e-04  4.08e-02
    0.700000    1.175436    1.571048  3.28e-04  5.17e-02
    0.800000    1.160921    1.446129  2.66e-04  7.15e-02
    0.900000    1.144515    1.178080  3.89e-04  6.77e-02
    1.000000    1.126683    1.715727  3.27e-04  2.39e-02
    1.100000    1.107188    1.017524  4.21e-04  1.70e-02
    1.200000    1.086407    1.634672  4.13e-04  4.29e-02
    1.300000    1.064381    1.350008  3.95e-04  7.22e-02
    1.400000    1.041119    1.270433  5.07e-04  7.20e-02
    1.500000    1.017033    1.677549  4.98e-04  3.46e-02
    1.600000    0.992207    1.003568  4.67e-04  8.54e-03
    1.700000    0.966759    1.683436  4.94e-04  3.06e-02
    1.800000    0.941034    1.256285  4.54e-04  7.24e-02
    1.900000    0.915130    1.368400  4.87e-04  6.91e-02
    2.000000    0.889434    1.623157  4.68e-04  4.61e-02
    2.100000    0.864208    1.028428  4.17e-04  2.80e-02
    2.200000    0.839649    1.708351  4.40e-04  2.26e-02
    2.300000    0.816271    1.166617  3.45e-04  6.56e-02
    2.400000    0.794583    1.519716  3.70e-05  5.34e-03
    2.500000    0.774317    1.492089  8.90e-05  4.89e-03
    2.600000    0.756053    1.133478  3.99e-05  6.61e-03
    2.700000    0.740254    1.716213  8.29e-06  1.13e-02
    2.799999    0.727340    1.054510  9.24e-05  1.61e-02
    2.899999    0.717303    1.594011  1.37e-06  6.76e-03
    2.999999    0.710703    1.407746  6.69e-05  1.39e-03
    3.099999    0.707407    1.222372  5.72e-06  7.99e-03
    3.199999    0.707713    1.693064  3.52e-06  1.10e-02
    3.299999    0.711536    1.021249  1.62e-05  1.69e-02
    3.399999    0.718670    1.650137  7.97e-05  1.11e-02
    3.499999    0.729237    1.317434  1.02e-05  7.38e-03
    3.599999    0.742626    1.315442  8.59e-05  5.32e-03
    3.699999    0.758837    1.650363  7.61e-05  1.08e-02
    3.799999    0.777470    1.025351  3.58e-05  2.10e-02
    3.899998    0.797975    1.688983  1.69e-04  1.51e-02
    3.999998    0.820447    1.230476  2.71e-05  1.62e-02
    4.099998    0.843982    1.407601  1.67e-04  1.19e-03
    4.199998    0.868714    1.592258  1.18e-04  8.48e-03
    4.299998    0.894111    1.061938  9.20e-05  2.35e-02
    4.399998    0.919761    1.709953  2.02e-04  1.76e-02
    4.499998    0.945773    1.151018  6.03e-05  2.42e-02
    4.599998    0.971319    1.494597  2.38e-04  2.45e-03
    4.699998    0.996780    1.520005  1.18e-04  5.00e-03
    4.799998    1.021515    1.125817  1.25e-04  2.47e-02
    4.899998    1.045373    1.710851  2.15e-04  2.01e-02
    4.999998    1.068493    1.089032  7.14e-05  3.26e-02
   ------------------------------------------------------

Final Solver Statistics:
   Steps: nsts = 2500, nstf = 242264
   u error = 2.611e-04, v error = 3.350e-02, total error = 2.369e-02
   Total RHS evals:  Fs = 7501,  Ff = 729294
