
Multirate nonlinear Kvaerno-Prothero-Robinson test problem:
    time domain:  (0,5]
    hs = 0.005
    hf = 5e-05
    G = -100
    w = 100
    e = 0.5
    solver: none/dirk-3 (no slow, dirk fast)

    reltol = 1.25e-07,  abstol = 1.00e-11
        t           u           v       uerr      verr
   ------------------------------------------------------
    0.000000    1.224745    1.732051  0.00e+00  0.00e+00
    0.100000    1.223736    1.077469  1.08e-05  4.89e-06
    0.200000    1.220447    1.385752  2.22e-04  1.66e-01
    0.300000    1.215296    1.615265  2.98e-04  1.48e-01
    0.400000    1.208106    1.028445  4.18e-04  1.26e-01
    0.500000    1.198984    1.724115  5.13e-04  2.21e-03
    0.600000    1.187971    1.144747  5.86e-04  1.21e-01
    0.700000    1.175063    1.478124  7.01e-04  1.45e-01
    0.800000    1.160392    1.542584  7.94e-04  1.68e-01
    0.900000    1.144034    1.085523  8.70e-04  1.60e-01
    1.000000    1.126069    1.731922  9.41e-04  4.01e-02
    1.100000    1.106592    1.069161  1.02e-03  6.87e-02
    1.200000    1.085732    1.560734  1.09e-03  1.17e-01
    1.300000    1.063616    1.457034  1.16e-03  1.79e-01
    1.400000    1.040430    1.164240  1.20e-03  1.78e-01
    1.500000    1.016301    1.719526  1.23e-03  7.66e-02
    1.600000    0.991425    1.018403  1.25e-03  6.29e-03
    1.700000    0.965966    1.628275  1.29e-03  8.58e-02
    1.800000    0.940210    1.361844  1.28e-03  1.78e-01
    1.900000    0.914340    1.256520  1.28e-03  1.81e-01
    2.000000    0.888630    1.684913  1.27e-03  1.08e-01
    2.100000    0.864642    1.057316  1.63e-05  8.53e-04
    2.200000    0.840095    1.728868  5.60e-06  2.05e-03
    2.300000    0.816635    1.101626  1.84e-05  5.79e-04
    2.400000    0.794550    1.523984  4.05e-06  1.07e-03
    2.500000    0.774241    1.493289  1.31e-05  3.69e-03
    2.600000    0.756023    1.127660  1.04e-05  7.94e-04
    2.700000    0.740241    1.722103  4.41e-06  5.43e-03
    2.799999    0.727267    1.040109  1.97e-05  1.73e-03
    2.899999    0.717290    1.596816  1.11e-05  3.96e-03
    2.999999    0.710648    1.404976  1.13e-05  1.38e-03
    3.099999    0.707406    1.214366  6.91e-06  1.86e-05
    3.199999    0.707700    1.699784  9.72e-06  4.23e-03
    3.299999    0.711523    1.007205  3.70e-06  2.82e-03
    3.399999    0.718725    1.657145  2.45e-05  4.10e-03
    3.499999    0.729231    1.310678  4.65e-06  6.20e-04
    3.599999    0.742692    1.309247  1.94e-05  8.77e-04
    3.699999    0.758893    1.658226  2.06e-05  2.98e-03
    3.799999    0.777501    1.007382  5.30e-06  2.98e-03
    3.899998    0.798115    1.699894  2.87e-05  4.14e-03
    3.999998    0.820469    1.216645  5.25e-06  2.32e-03
    4.099998    0.844121    1.404538  2.84e-05  1.87e-03
    4.199998    0.868805    1.599114  2.68e-05  1.62e-03
    4.299998    0.894185    1.040798  1.87e-05  2.38e-03
    4.399998    0.919931    1.723588  3.24e-05  3.96e-03
    4.499998    0.945832    1.130447  1.73e-06  3.63e-03
    4.599998    0.971527    1.494180  2.99e-05  2.86e-03
    4.699998    0.996882    1.524875  1.57e-05  1.29e-04
    4.799998    1.021614    1.102317  2.61e-05  1.23e-03
    4.899998    1.045571    1.727412  1.72e-05  3.50e-03
    4.999998    1.068563    1.060792  1.19e-06  4.37e-03
   ------------------------------------------------------

Final Solver Statistics:
   Steps: nsts = 1000, nstf = 99791
   u error = 6.049e-04, v error = 8.101e-02, total error = 5.729e-02
   Total RHS evals:  Fs = 2001,  Ff = 0
   Fast Newton iters = 250878
   Fast Newton conv fails = 0
   Fast Jacobian evals = 1658
