
Multirate nonlinear Kvaerno-Prothero-Robinson test problem:
    time domain:  (0,5]
    hs = 0.01
    hf = 0.0001
    G = -100
    w = 100
    e = 0.5
    solver: exp-3/none (explicit slow, no fast)
        t           u           v       uerr      verr
   ------------------------------------------------------
    0.000000    1.224745    1.732051  0.00e+00  0.00e+00
    0.100000    1.223594    1.416486  1.31e-04  3.39e-01
    0.200000    1.220622    1.551451  4.74e-05  3.49e-04
    0.300000    1.214987    1.707334  6.07e-04  2.40e-01
    0.400000    1.207696    1.006940  8.28e-04  1.48e-01
    0.500000    1.198446    1.655620  1.05e-03  6.63e-02
    0.600000    1.187450    1.320816  1.11e-03  2.97e-01
    0.700000    1.174329    1.299540  1.44e-03  3.23e-01
    0.800000    1.159668    1.666623  1.52e-03  2.92e-01
    0.900000    1.143155    1.002555  1.75e-03  2.43e-01
    1.000000    1.125111    1.700415  1.90e-03  8.57e-03
    1.100000    1.105672    1.224746  1.94e-03  2.24e-01
    1.200000    1.084611    1.396203  2.21e-03  2.81e-01
    1.300000    1.062557    1.607868  2.22e-03  3.30e-01
    1.400000    1.039214    1.032587  2.41e-03  3.10e-01
    1.500000    1.015063    1.726065  2.47e-03  8.31e-02
    1.600000    0.990218    1.136248  2.46e-03  1.24e-01
    1.700000    0.964637    1.487936  2.62e-03  2.26e-01
    1.800000    0.938968    1.533587  2.52e-03  3.50e-01
    1.900000    0.912981    1.092657  2.64e-03  3.45e-01
    2.000000    0.887343    1.731612  2.56e-03  1.55e-01
    2.100000    0.862157    1.063425  2.47e-03  6.96e-03
    2.200000    0.837639    1.569438  2.45e-03  1.61e-01
    2.300000    0.814416    1.447187  2.20e-03  3.46e-01
    2.400000    0.792373    1.173804  2.17e-03  3.51e-01
    2.500000    0.772315    1.716879  1.91e-03  2.20e-01
    2.600000    0.754315    1.015804  1.70e-03  1.11e-01
    2.700000    0.738774    1.636938  1.47e-03  9.06e-02
    2.799999    0.726197    1.352934  1.05e-03  3.15e-01
    2.899999    0.716424    1.267234  8.77e-04  3.34e-01
    2.999999    0.710182    1.682521  4.54e-04  2.76e-01
    3.099999    0.707260    1.002260  1.52e-04  2.12e-01
    3.199999    0.707898    1.687635  1.89e-04  1.64e-02
    3.299999    0.712183    1.258238  6.63e-04  2.54e-01
    3.399999    0.719593    1.364642  8.44e-04  2.97e-01
    3.499999    0.730488    1.629900  1.26e-03  3.20e-01
    3.599999    0.744169    1.020229  1.46e-03  2.90e-01
    3.699999    0.760646    1.719416  1.73e-03  5.82e-02
    3.799999    0.779554    1.166033  2.05e-03  1.62e-01
    3.899998    0.800244    1.458136  2.10e-03  2.46e-01
    3.999998    0.822841    1.559920  2.37e-03  3.46e-01
    4.099998    0.844079    1.405486  6.96e-05  9.27e-04
    4.199998    0.868878    1.601028  4.63e-05  2.93e-04
    4.299998    0.894149    1.038599  5.45e-05  1.83e-04
    4.399998    0.919938    1.726353  2.57e-05  1.19e-03
    4.499998    0.945893    1.130067  5.94e-05  3.25e-03
    4.599998    0.971488    1.495926  6.93e-05  1.12e-03
    4.699998    0.996960    1.525942  6.26e-05  9.38e-04
    4.799998    1.021580    1.100379  6.02e-05  7.11e-04
    4.899998    1.045582    1.729761  6.56e-06  1.15e-03
    4.999998    1.068590    1.060066  2.54e-05  3.64e-03
   ------------------------------------------------------

Final Solver Statistics:
   Steps: nsts = 500, nstf = 50308
   u error = 1.595e-03, v error = 2.203e-01, total error = 1.558e-01
   Total RHS evals:  Fs = 1501,  Ff = 151426
