
   Begin Kepler Problem

Problem Arguments:
  stepper:              0
  step mode:            0
  use compensated sums: 0
  dt:                   0.01
  Tf:                   100
  nout:                 1000

t = 0.0000, H(p,q) = -0.5000002384185791, L(p,q) = 0.7999999523162842
t = 0.1000, H(p,q)-H0 = -0.0000004768371582, L(p,q)-L0 = -0.0000001788139343
t = 0.2000, H(p,q)-H0 = 0.0000001192092896, L(p,q)-L0 = 0.0000000000000000
t = 0.3000, H(p,q)-H0 = 0.0000005960464478, L(p,q)-L0 = 0.0000001192092896
t = 0.4000, H(p,q)-H0 = 0.0000003576278687, L(p,q)-L0 = -0.0000000596046448
t = 0.5000, H(p,q)-H0 = -0.0000005364418030, L(p,q)-L0 = -0.0000004768371582
t = 0.6000, H(p,q)-H0 = -0.0000009536743164, L(p,q)-L0 = -0.0000007152557373
t = 0.7000, H(p,q)-H0 = -0.0000011324882507, L(p,q)-L0 = -0.0000008344650269
t = 0.8000, H(p,q)-H0 = -0.0000010728836060, L(p,q)-L0 = -0.0000007152557373
t = 0.9000, H(p,q)-H0 = -0.0000008940696716, L(p,q)-L0 = -0.0000004172325134
t = 1.0000, H(p,q)-H0 = -0.0000008344650269, L(p,q)-L0 = -0.0000004172325134
t = 1.1000, H(p,q)-H0 = -0.0000010132789612, L(p,q)-L0 = -0.0000005364418030
t = 1.2000, H(p,q)-H0 = -0.0000010728836060, L(p,q)-L0 = -0.0000005960464478
t = 1.3000, H(p,q)-H0 = -0.0000011324882507, L(p,q)-L0 = -0.0000005960464478
t = 1.4000, H(p,q)-H0 = -0.0000011920928955, L(p,q)-L0 = -0.0000005960464478
t = 1.5000, H(p,q)-H0 = -0.0000010728836060, L(p,q)-L0 = -0.0000005960464478
t = 1.6000, H(p,q)-H0 = -0.0000011324882507, L(p,q)-L0 = -0.0000006556510925
t = 1.7000, H(p,q)-H0 = -0.0000010728836060, L(p,q)-L0 = -0.0000005960464478
t = 1.8000, H(p,q)-H0 = -0.0000008344650269, L(p,q)-L0 = -0.0000002980232239
t = 1.9000, H(p,q)-H0 = -0.0000006556510925, L(p,q)-L0 = -0.0000001192092896
t = 2.0000, H(p,q)-H0 = -0.0000008940696716, L(p,q)-L0 = -0.0000003576278687
t = 2.1000, H(p,q)-H0 = -0.0000010728836060, L(p,q)-L0 = -0.0000004768371582
t = 2.2000, H(p,q)-H0 = -0.0000008344650269, L(p,q)-L0 = -0.0000002384185791
t = 2.3000, H(p,q)-H0 = -0.0000008344650269, L(p,q)-L0 = -0.0000001192092896
t = 2.4000, H(p,q)-H0 = -0.0000009536743164, L(p,q)-L0 = -0.0000002384185791
t = 2.5000, H(p,q)-H0 = -0.0000007152557373, L(p,q)-L0 = -0.0000000596046448
t = 2.6000, H(p,q)-H0 = -0.0000008344650269, L(p,q)-L0 = -0.0000002384185791
t = 2.7000, H(p,q)-H0 = -0.0000009536743164, L(p,q)-L0 = -0.0000003576278687
t = 2.8000, H(p,q)-H0 = -0.0000010728836060, L(p,q)-L0 = -0.0000004768371582
t = 2.9000, H(p,q)-H0 = -0.0000009536743164, L(p,q)-L0 = -0.0000003576278687
t = 3.0000, H(p,q)-H0 = -0.0000010132789612, L(p,q)-L0 = -0.0000005960464478
t = 3.1000, H(p,q)-H0 = -0.0000010132789612, L(p,q)-L0 = -0.0000005364418030
t = 3.2000, H(p,q)-H0 = -0.0000010132789612, L(p,q)-L0 = -0.0000004172325134
t = 3.3000, H(p,q)-H0 = -0.0000009536743164, L(p,q)-L0 = -0.0000003576278687
t = 3.4000, H(p,q)-H0 = -0.0000009536743164, L(p,q)-L0 = -0.0000004768371582
t = 3.5000, H(p,q)-H0 = -0.0000009536743164, L(p,q)-L0 = -0.0000003576278687
t = 3.6000, H(p,q)-H0 = -0.0000008940696716, L(p,q)-L0 = -0.0000003576278687
t = 3.7000, H(p,q)-H0 = -0.0000007748603821, L(p,q)-L0 = -0.0000001192092896
t = 3.8000, H(p,q)-H0 = -0.0000007748603821, L(p,q)-L0 = -0.0000001192092896
t = 3.9000, H(p,q)-H0 = -0.0000008344650269, L(p,q)-L0 = -0.0000001788139343
t = 4.0000, H(p,q)-H0 = -0.0000007748603821, L(p,q)-L0 = -0.0000001192092896
t = 4.1000, H(p,q)-H0 = -0.0000007152557373, L(p,q)-L0 = 0.0000000596046448
t = 4.2000, H(p,q)-H0 = -0.0000005960464478, L(p,q)-L0 = 0.0000000596046448
t = 4.3000, H(p,q)-H0 = -0.0000007152557373, L(p,q)-L0 = -0.0000000596046448
t = 4.4000, H(p,q)-H0 = -0.0000005960464478, L(p,q)-L0 = -0.0000002384185791
t = 4.5000, H(p,q)-H0 = -0.0000007152557373, L(p,q)-L0 = -0.0000003576278687
t = 4.6000, H(p,q)-H0 = -0.0000007152557373, L(p,q)-L0 = -0.0000001788139343
t = 4.7000, H(p,q)-H0 = -0.0000004768371582, L(p,q)-L0 = 0.0000000000000000
t = 4.8000, H(p,q)-H0 = -0.0000005960464478, L(p,q)-L0 = 0.0000000000000000
t = 4.9000, H(p,q)-H0 = -0.0000004768371582, L(p,q)-L0 = -0.0000000596046448
t = 5.0000, H(p,q)-H0 = -0.0000005960464478, L(p,q)-L0 = 0.0000000000000000
t = 5.1000, H(p,q)-H0 = -0.0000004768371582, L(p,q)-L0 = 0.0000000596046448
t = 5.2000, H(p,q)-H0 = -0.0000008344650269, L(p,q)-L0 = -0.0000001788139343
t = 5.3000, H(p,q)-H0 = -0.0000008344650269, L(p,q)-L0 = -0.0000002980232239
t = 5.4000, H(p,q)-H0 = -0.0000007748603821, L(p,q)-L0 = -0.0000002384185791
t = 5.5000, H(p,q)-H0 = -0.0000006556510925, L(p,q)-L0 = -0.0000001192092896
t = 5.6000, H(p,q)-H0 = -0.0000005960464478, L(p,q)-L0 = -0.0000001192092896
t = 5.7000, H(p,q)-H0 = 0.0000000000000000, L(p,q)-L0 = 0.0000003576278687
t = 5.8000, H(p,q)-H0 = -0.0000003576278687, L(p,q)-L0 = 0.0000001788139343
t = 5.9000, H(p,q)-H0 = -0.0000003576278687, L(p,q)-L0 = 0.0000002384185791
t = 6.0000, H(p,q)-H0 = -0.0000015497207642, L(p,q)-L0 = -0.0000002980232239
t = 6.1000, H(p,q)-H0 = -0.0000016689300537, L(p,q)-L0 = -0.0000003576278687
t = 6.2000, H(p,q)-H0 = -0.0000020265579224, L(p,q)-L0 = -0.0000004172325134
t = 6.3000, H(p,q)-H0 = -0.0000009536743164, L(p,q)-L0 = -0.0000002980232239
t = 6.4000, H(p,q)-H0 = -0.0000002384185791, L(p,q)-L0 = 0.0000000000000000
t = 6.5000, H(p,q)-H0 = -0.0000001192092896, L(p,q)-L0 = -0.0000000596046448
t = 6.6000, H(p,q)-H0 = 0.0000001192092896, L(p,q)-L0 = 0.0000000596046448
t = 6.7000, H(p,q)-H0 = 0.0000010728836060, L(p,q)-L0 = 0.0000004172325134
t = 6.8000, H(p,q)-H0 = 0.0000008344650269, L(p,q)-L0 = 0.0000003576278687
t = 6.9000, H(p,q)-H0 = 0.0000010728836060, L(p,q)-L0 = 0.0000005960464478
t = 7.0000, H(p,q)-H0 = 0.0000009536743164, L(p,q)-L0 = 0.0000005364418030
t = 7.1000, H(p,q)-H0 = 0.0000007748603821, L(p,q)-L0 = 0.0000004768371582
t = 7.2000, H(p,q)-H0 = 0.0000006556510925, L(p,q)-L0 = 0.0000002980232239
t = 7.3000, H(p,q)-H0 = 0.0000005960464478, L(p,q)-L0 = 0.0000004172325134
t = 7.4000, H(p,q)-H0 = 0.0000007748603821, L(p,q)-L0 = 0.0000005364418030
t = 7.5000, H(p,q)-H0 = 0.0000007152557373, L(p,q)-L0 = 0.0000004768371582
t = 7.6000, H(p,q)-H0 = 0.0000005662441254, L(p,q)-L0 = 0.0000002980232239
t = 7.7000, H(p,q)-H0 = 0.0000006854534149, L(p,q)-L0 = 0.0000003576278687
t = 7.8000, H(p,q)-H0 = 0.0000005960464478, L(p,q)-L0 = 0.0000003576278687
t = 7.9000, H(p,q)-H0 = 0.0000006258487701, L(p,q)-L0 = 0.0000002980232239
t = 8.0000, H(p,q)-H0 = 0.0000006556510925, L(p,q)-L0 = 0.0000002980232239
t = 8.1000, H(p,q)-H0 = 0.0000006556510925, L(p,q)-L0 = 0.0000003576278687
t = 8.2000, H(p,q)-H0 = 0.0000007450580597, L(p,q)-L0 = 0.0000005364418030
t = 8.3000, H(p,q)-H0 = 0.0000008940696716, L(p,q)-L0 = 0.0000005960464478
t = 8.4000, H(p,q)-H0 = 0.0000009536743164, L(p,q)-L0 = 0.0000007152557373
t = 8.5000, H(p,q)-H0 = 0.0000009536743164, L(p,q)-L0 = 0.0000006556510925
t = 8.6000, H(p,q)-H0 = 0.0000008940696716, L(p,q)-L0 = 0.0000007152557373
t = 8.7000, H(p,q)-H0 = 0.0000009536743164, L(p,q)-L0 = 0.0000007152557373
t = 8.8000, H(p,q)-H0 = 0.0000008344650269, L(p,q)-L0 = 0.0000005364418030
t = 8.9000, H(p,q)-H0 = 0.0000009536743164, L(p,q)-L0 = 0.0000008344650269
t = 9.0000, H(p,q)-H0 = 0.0000009536743164, L(p,q)-L0 = 0.0000008940696716
t = 9.1000, H(p,q)-H0 = 0.0000009238719940, L(p,q)-L0 = 0.0000007748603821
t = 9.2000, H(p,q)-H0 = 0.0000009536743164, L(p,q)-L0 = 0.0000008344650269
t = 9.3000, H(p,q)-H0 = 0.0000009536743164, L(p,q)-L0 = 0.0000008344650269
t = 9.4000, H(p,q)-H0 = 0.0000008940696716, L(p,q)-L0 = 0.0000006556510925
t = 9.5000, H(p,q)-H0 = 0.0000008940696716, L(p,q)-L0 = 0.0000006556510925
t = 9.6000, H(p,q)-H0 = 0.0000009238719940, L(p,q)-L0 = 0.0000007152557373
t = 9.7000, H(p,q)-H0 = 0.0000009834766388, L(p,q)-L0 = 0.0000008940696716
t = 9.8000, H(p,q)-H0 = 0.0000008940696716, L(p,q)-L0 = 0.0000008344650269
t = 9.9000, H(p,q)-H0 = 0.0000008046627045, L(p,q)-L0 = 0.0000007152557373
t = 10.0000, H(p,q)-H0 = 0.0000008344650269, L(p,q)-L0 = 0.0000007152557373
t = 10.1000, H(p,q)-H0 = 0.0000009536743164, L(p,q)-L0 = 0.0000008344650269
t = 10.2000, H(p,q)-H0 = 0.0000008940696716, L(p,q)-L0 = 0.0000007152557373
t = 10.3000, H(p,q)-H0 = 0.0000010132789612, L(p,q)-L0 = 0.0000008940696716
t = 10.4000, H(p,q)-H0 = 0.0000009834766388, L(p,q)-L0 = 0.0000009536743164
t = 10.5000, H(p,q)-H0 = 0.0000008940696716, L(p,q)-L0 = 0.0000008940696716
t = 10.6000, H(p,q)-H0 = 0.0000009238719940, L(p,q)-L0 = 0.0000009536743164
t = 10.7000, H(p,q)-H0 = 0.0000008046627045, L(p,q)-L0 = 0.0000008940696716
t = 10.8000, H(p,q)-H0 = 0.0000010728836060, L(p,q)-L0 = 0.0000011920928955
t = 10.9000, H(p,q)-H0 = 0.0000009536743164, L(p,q)-L0 = 0.0000011324882507
t = 11.0000, H(p,q)-H0 = 0.0000010728836060, L(p,q)-L0 = 0.0000013113021851
t = 11.1000, H(p,q)-H0 = 0.0000011622905731, L(p,q)-L0 = 0.0000013113021851
t = 11.2000, H(p,q)-H0 = 0.0000009834766388, L(p,q)-L0 = 0.0000011920928955
t = 11.3000, H(p,q)-H0 = 0.0000009238719940, L(p,q)-L0 = 0.0000011920928955
t = 11.4000, H(p,q)-H0 = 0.0000011324882507, L(p,q)-L0 = 0.0000013709068298
t = 11.5000, H(p,q)-H0 = 0.0000011920928955, L(p,q)-L0 = 0.0000014901161194
t = 11.6000, H(p,q)-H0 = 0.0000015497207642, L(p,q)-L0 = 0.0000016689300537
t = 11.7000, H(p,q)-H0 = 0.0000013113021851, L(p,q)-L0 = 0.0000014901161194
t = 11.8000, H(p,q)-H0 = 0.0000014901161194, L(p,q)-L0 = 0.0000015497207642
t = 11.9000, H(p,q)-H0 = 0.0000014901161194, L(p,q)-L0 = 0.0000015497207642
t = 12.0000, H(p,q)-H0 = 0.0000015497207642, L(p,q)-L0 = 0.0000016689300537
t = 12.1000, H(p,q)-H0 = 0.0000022649765015, L(p,q)-L0 = 0.0000020861625671
t = 12.2000, H(p,q)-H0 = 0.0000016689300537, L(p,q)-L0 = 0.0000017881393433
t = 12.3000, H(p,q)-H0 = 0.0000019073486328, L(p,q)-L0 = 0.0000017881393433
t = 12.4000, H(p,q)-H0 = 0.0000016689300537, L(p,q)-L0 = 0.0000016689300537
t = 12.5000, H(p,q)-H0 = 0.0000011920928955, L(p,q)-L0 = 0.0000014901161194
t = 12.6000, H(p,q)-H0 = 0.0000008344650269, L(p,q)-L0 = 0.0000014305114746
t = 12.7000, H(p,q)-H0 = 0.0000014305114746, L(p,q)-L0 = 0.0000016093254089
t = 12.8000, H(p,q)-H0 = 0.0000014305114746, L(p,q)-L0 = 0.0000015497207642
t = 12.9000, H(p,q)-H0 = 0.0000013113021851, L(p,q)-L0 = 0.0000016689300537
t = 13.0000, H(p,q)-H0 = 0.0000013113021851, L(p,q)-L0 = 0.0000016689300537
t = 13.1000, H(p,q)-H0 = 0.0000005960464478, L(p,q)-L0 = 0.0000013113021851
t = 13.2000, H(p,q)-H0 = 0.0000009536743164, L(p,q)-L0 = 0.0000015497207642
t = 13.3000, H(p,q)-H0 = 0.0000010132789612, L(p,q)-L0 = 0.0000014901161194
t = 13.4000, H(p,q)-H0 = 0.0000010132789612, L(p,q)-L0 = 0.0000014305114746
t = 13.5000, H(p,q)-H0 = 0.0000011324882507, L(p,q)-L0 = 0.0000015497207642
t = 13.6000, H(p,q)-H0 = 0.0000013113021851, L(p,q)-L0 = 0.0000017285346985
t = 13.7000, H(p,q)-H0 = 0.0000014007091522, L(p,q)-L0 = 0.0000017285346985
t = 13.8000, H(p,q)-H0 = 0.0000012218952179, L(p,q)-L0 = 0.0000016093254089
t = 13.9000, H(p,q)-H0 = 0.0000012218952179, L(p,q)-L0 = 0.0000014901161194
t = 14.0000, H(p,q)-H0 = 0.0000011622905731, L(p,q)-L0 = 0.0000014305114746
t = 14.1000, H(p,q)-H0 = 0.0000013411045074, L(p,q)-L0 = 0.0000016689300537
t = 14.2000, H(p,q)-H0 = 0.0000016093254089, L(p,q)-L0 = 0.0000017881393433
t = 14.3000, H(p,q)-H0 = 0.0000014901161194, L(p,q)-L0 = 0.0000016689300537
t = 14.4000, H(p,q)-H0 = 0.0000016093254089, L(p,q)-L0 = 0.0000017881393433
t = 14.5000, H(p,q)-H0 = 0.0000015795230865, L(p,q)-L0 = 0.0000018477439880
t = 14.6000, H(p,q)-H0 = 0.0000016689300537, L(p,q)-L0 = 0.0000020265579224
t = 14.7000, H(p,q)-H0 = 0.0000015497207642, L(p,q)-L0 = 0.0000019073486328
t = 14.8000, H(p,q)-H0 = 0.0000015795230865, L(p,q)-L0 = 0.0000017881393433
t = 14.9000, H(p,q)-H0 = 0.0000015199184418, L(p,q)-L0 = 0.0000017881393433
t = 15.0000, H(p,q)-H0 = 0.0000015497207642, L(p,q)-L0 = 0.0000019073486328
t = 15.1000, H(p,q)-H0 = 0.0000016689300537, L(p,q)-L0 = 0.0000020265579224
t = 15.2000, H(p,q)-H0 = 0.0000014901161194, L(p,q)-L0 = 0.0000018477439880
t = 15.3000, H(p,q)-H0 = 0.0000014901161194, L(p,q)-L0 = 0.0000019073486328
t = 15.4000, H(p,q)-H0 = 0.0000014305114746, L(p,q)-L0 = 0.0000017881393433
t = 15.5000, H(p,q)-H0 = 0.0000014603137970, L(p,q)-L0 = 0.0000018477439880
t = 15.6000, H(p,q)-H0 = 0.0000013709068298, L(p,q)-L0 = 0.0000017881393433
t = 15.7000, H(p,q)-H0 = 0.0000014305114746, L(p,q)-L0 = 0.0000016093254089
t = 15.8000, H(p,q)-H0 = 0.0000013709068298, L(p,q)-L0 = 0.0000016093254089
t = 15.9000, H(p,q)-H0 = 0.0000014305114746, L(p,q)-L0 = 0.0000017285346985
t = 16.0000, H(p,q)-H0 = 0.0000014305114746, L(p,q)-L0 = 0.0000017881393433
t = 16.1000, H(p,q)-H0 = 0.0000014305114746, L(p,q)-L0 = 0.0000016689300537
t = 16.2000, H(p,q)-H0 = 0.0000013709068298, L(p,q)-L0 = 0.0000016093254089
t = 16.3000, H(p,q)-H0 = 0.0000014305114746, L(p,q)-L0 = 0.0000015497207642
t = 16.4000, H(p,q)-H0 = 0.0000014305114746, L(p,q)-L0 = 0.0000016093254089
t = 16.5000, H(p,q)-H0 = 0.0000013709068298, L(p,q)-L0 = 0.0000016093254089
t = 16.6000, H(p,q)-H0 = 0.0000014901161194, L(p,q)-L0 = 0.0000016689300537
t = 16.7000, H(p,q)-H0 = 0.0000012814998627, L(p,q)-L0 = 0.0000014901161194
t = 16.8000, H(p,q)-H0 = 0.0000012516975403, L(p,q)-L0 = 0.0000014305114746
t = 16.9000, H(p,q)-H0 = 0.0000013411045074, L(p,q)-L0 = 0.0000015497207642
t = 17.0000, H(p,q)-H0 = 0.0000015497207642, L(p,q)-L0 = 0.0000017285346985
t = 17.1000, H(p,q)-H0 = 0.0000016093254089, L(p,q)-L0 = 0.0000017881393433
t = 17.2000, H(p,q)-H0 = 0.0000014007091522, L(p,q)-L0 = 0.0000016689300537
t = 17.3000, H(p,q)-H0 = 0.0000012814998627, L(p,q)-L0 = 0.0000014305114746
t = 17.4000, H(p,q)-H0 = 0.0000013709068298, L(p,q)-L0 = 0.0000016093254089
t = 17.5000, H(p,q)-H0 = 0.0000012516975403, L(p,q)-L0 = 0.0000014305114746
t = 17.6000, H(p,q)-H0 = 0.0000013113021851, L(p,q)-L0 = 0.0000014305114746
t = 17.7000, H(p,q)-H0 = 0.0000012516975403, L(p,q)-L0 = 0.0000014305114746
t = 17.8000, H(p,q)-H0 = 0.0000011324882507, L(p,q)-L0 = 0.0000012516975403
t = 17.9000, H(p,q)-H0 = 0.0000010728836060, L(p,q)-L0 = 0.0000012516975403
t = 18.0000, H(p,q)-H0 = 0.0000008940696716, L(p,q)-L0 = 0.0000010728836060
t = 18.1000, H(p,q)-H0 = 0.0000010728836060, L(p,q)-L0 = 0.0000010728836060
t = 18.2000, H(p,q)-H0 = 0.0000007748603821, L(p,q)-L0 = 0.0000009536743164
t = 18.3000, H(p,q)-H0 = 0.0000013113021851, L(p,q)-L0 = 0.0000013709068298
t = 18.4000, H(p,q)-H0 = 0.0000013113021851, L(p,q)-L0 = 0.0000013113021851
t = 18.5000, H(p,q)-H0 = 0.0000016689300537, L(p,q)-L0 = 0.0000014305114746
t = 18.6000, H(p,q)-H0 = 0.0000013113021851, L(p,q)-L0 = 0.0000013113021851
t = 18.7000, H(p,q)-H0 = 0.0000004768371582, L(p,q)-L0 = 0.0000011324882507
t = 18.8000, H(p,q)-H0 = -0.0000001192092896, L(p,q)-L0 = 0.0000010132789612
t = 18.9000, H(p,q)-H0 = 0.0000003576278687, L(p,q)-L0 = 0.0000011324882507
t = 19.0000, H(p,q)-H0 = -0.0000002384185791, L(p,q)-L0 = 0.0000010728836060
t = 19.1000, H(p,q)-H0 = 0.0000000000000000, L(p,q)-L0 = 0.0000010728836060
t = 19.2000, H(p,q)-H0 = 0.0000000000000000, L(p,q)-L0 = 0.0000010132789612
t = 19.3000, H(p,q)-H0 = -0.0000003576278687, L(p,q)-L0 = 0.0000010132789612
t = 19.4000, H(p,q)-H0 = -0.0000002384185791, L(p,q)-L0 = 0.0000009536743164
t = 19.5000, H(p,q)-H0 = -0.0000003576278687, L(p,q)-L0 = 0.0000009536743164
t = 19.6000, H(p,q)-H0 = -0.0000005364418030, L(p,q)-L0 = 0.0000008344650269
t = 19.7000, H(p,q)-H0 = -0.0000007748603821, L(p,q)-L0 = 0.0000007152557373
t = 19.8000, H(p,q)-H0 = -0.0000008344650269, L(p,q)-L0 = 0.0000007152557373
t = 19.9000, H(p,q)-H0 = -0.0000008940696716, L(p,q)-L0 = 0.0000006556510925
t = 20.0000, H(p,q)-H0 = -0.0000007152557373, L(p,q)-L0 = 0.0000006556510925
t = 20.1000, H(p,q)-H0 = -0.0000007152557373, L(p,q)-L0 = 0.0000007152557373
t = 20.2000, H(p,q)-H0 = -0.0000007748603821, L(p,q)-L0 = 0.0000007152557373
t = 20.3000, H(p,q)-H0 = -0.0000007152557373, L(p,q)-L0 = 0.0000008344650269
t = 20.4000, H(p,q)-H0 = -0.0000005960464478, L(p,q)-L0 = 0.0000008344650269
t = 20.5000, H(p,q)-H0 = -0.0000007152557373, L(p,q)-L0 = 0.0000007152557373
t = 20.6000, H(p,q)-H0 = -0.0000005364418030, L(p,q)-L0 = 0.0000009536743164
t = 20.7000, H(p,q)-H0 = -0.0000005960464478, L(p,q)-L0 = 0.0000007748603821
t = 20.8000, H(p,q)-H0 = -0.0000004768371582, L(p,q)-L0 = 0.0000009536743164
t = 20.9000, H(p,q)-H0 = -0.0000005364418030, L(p,q)-L0 = 0.0000008940696716
t = 21.0000, H(p,q)-H0 = -0.0000005364418030, L(p,q)-L0 = 0.0000008344650269
t = 21.1000, H(p,q)-H0 = -0.0000003576278687, L(p,q)-L0 = 0.0000011324882507
t = 21.2000, H(p,q)-H0 = -0.0000004172325134, L(p,q)-L0 = 0.0000010132789612
t = 21.3000, H(p,q)-H0 = -0.0000002980232239, L(p,q)-L0 = 0.0000012516975403
t = 21.4000, H(p,q)-H0 = -0.0000002384185791, L(p,q)-L0 = 0.0000013113021851
t = 21.5000, H(p,q)-H0 = -0.0000001192092896, L(p,q)-L0 = 0.0000016093254089
t = 21.6000, H(p,q)-H0 = -0.0000001192092896, L(p,q)-L0 = 0.0000015497207642
t = 21.7000, H(p,q)-H0 = -0.0000001788139343, L(p,q)-L0 = 0.0000013709068298
t = 21.8000, H(p,q)-H0 = -0.0000001192092896, L(p,q)-L0 = 0.0000013709068298
t = 21.9000, H(p,q)-H0 = -0.0000001192092896, L(p,q)-L0 = 0.0000013113021851
t = 22.0000, H(p,q)-H0 = -0.0000000596046448, L(p,q)-L0 = 0.0000013113021851
t = 22.1000, H(p,q)-H0 = -0.0000000596046448, L(p,q)-L0 = 0.0000012516975403
t = 22.2000, H(p,q)-H0 = 0.0000000000000000, L(p,q)-L0 = 0.0000014901161194
t = 22.3000, H(p,q)-H0 = 0.0000001788139343, L(p,q)-L0 = 0.0000017881393433
t = 22.4000, H(p,q)-H0 = 0.0000001192092896, L(p,q)-L0 = 0.0000017285346985
t = 22.5000, H(p,q)-H0 = 0.0000001192092896, L(p,q)-L0 = 0.0000018477439880
t = 22.6000, H(p,q)-H0 = 0.0000000596046448, L(p,q)-L0 = 0.0000017881393433
t = 22.7001, H(p,q)-H0 = 0.0000000596046448, L(p,q)-L0 = 0.0000017881393433
t = 22.8001, H(p,q)-H0 = 0.0000001788139343, L(p,q)-L0 = 0.0000018477439880
t = 22.9001, H(p,q)-H0 = 0.0000001192092896, L(p,q)-L0 = 0.0000019073486328
t = 23.0001, H(p,q)-H0 = 0.0000002384185791, L(p,q)-L0 = 0.0000020265579224
t = 23.1001, H(p,q)-H0 = 0.0000002384185791, L(p,q)-L0 = 0.0000019073486328
t = 23.2001, H(p,q)-H0 = 0.0000002384185791, L(p,q)-L0 = 0.0000020265579224
t = 23.3001, H(p,q)-H0 = 0.0000004172325134, L(p,q)-L0 = 0.0000020265579224
t = 23.4001, H(p,q)-H0 = 0.0000002384185791, L(p,q)-L0 = 0.0000018477439880
t = 23.5001, H(p,q)-H0 = -0.0000000596046448, L(p,q)-L0 = 0.0000014305114746
t = 23.6001, H(p,q)-H0 = 0.0000001192092896, L(p,q)-L0 = 0.0000016689300537
t = 23.7001, H(p,q)-H0 = 0.0000004470348358, L(p,q)-L0 = 0.0000019073486328
t = 23.8001, H(p,q)-H0 = 0.0000005066394806, L(p,q)-L0 = 0.0000017881393433
t = 23.9001, H(p,q)-H0 = 0.0000005364418030, L(p,q)-L0 = 0.0000018477439880
t = 24.0001, H(p,q)-H0 = 0.0000007450580597, L(p,q)-L0 = 0.0000020265579224
t = 24.1001, H(p,q)-H0 = 0.0000005364418030, L(p,q)-L0 = 0.0000019073486328
t = 24.2001, H(p,q)-H0 = 0.0000007152557373, L(p,q)-L0 = 0.0000020265579224
t = 24.3001, H(p,q)-H0 = 0.0000006556510925, L(p,q)-L0 = 0.0000020861625671
t = 24.4001, H(p,q)-H0 = 0.0000001192092896, L(p,q)-L0 = 0.0000017285346985
t = 24.5001, H(p,q)-H0 = 0.0000002384185791, L(p,q)-L0 = 0.0000016689300537
t = 24.6001, H(p,q)-H0 = 0.0000003576278687, L(p,q)-L0 = 0.0000017881393433
t = 24.7001, H(p,q)-H0 = 0.0000003576278687, L(p,q)-L0 = 0.0000017881393433
t = 24.8001, H(p,q)-H0 = 0.0000005960464478, L(p,q)-L0 = 0.0000020265579224
t = 24.9001, H(p,q)-H0 = 0.0000014305114746, L(p,q)-L0 = 0.0000022053718567
t = 25.0001, H(p,q)-H0 = 0.0000017881393433, L(p,q)-L0 = 0.0000022649765015
t = 25.1001, H(p,q)-H0 = 0.0000009536743164, L(p,q)-L0 = 0.0000021457672119
t = 25.2001, H(p,q)-H0 = 0.0000011920928955, L(p,q)-L0 = 0.0000021457672119
t = 25.3001, H(p,q)-H0 = 0.0000011920928955, L(p,q)-L0 = 0.0000022053718567
t = 25.4001, H(p,q)-H0 = 0.0000010728836060, L(p,q)-L0 = 0.0000022053718567
t = 25.5001, H(p,q)-H0 = 0.0000011920928955, L(p,q)-L0 = 0.0000022649765015
t = 25.6001, H(p,q)-H0 = 0.0000015497207642, L(p,q)-L0 = 0.0000024437904358
t = 25.7001, H(p,q)-H0 = 0.0000016689300537, L(p,q)-L0 = 0.0000024437904358
t = 25.8001, H(p,q)-H0 = 0.0000022649765015, L(p,q)-L0 = 0.0000027418136597
t = 25.9001, H(p,q)-H0 = 0.0000020265579224, L(p,q)-L0 = 0.0000028014183044
t = 26.0001, H(p,q)-H0 = 0.0000017285346985, L(p,q)-L0 = 0.0000023841857910
t = 26.1001, H(p,q)-H0 = 0.0000018477439880, L(p,q)-L0 = 0.0000023245811462
t = 26.2001, H(p,q)-H0 = 0.0000016093254089, L(p,q)-L0 = 0.0000020265579224
t = 26.3001, H(p,q)-H0 = 0.0000015795230865, L(p,q)-L0 = 0.0000019073486328
t = 26.4001, H(p,q)-H0 = 0.0000015497207642, L(p,q)-L0 = 0.0000019073486328
t = 26.5001, H(p,q)-H0 = 0.0000014901161194, L(p,q)-L0 = 0.0000017881393433
t = 26.6001, H(p,q)-H0 = 0.0000018477439880, L(p,q)-L0 = 0.0000020265579224
t = 26.7001, H(p,q)-H0 = 0.0000017881393433, L(p,q)-L0 = 0.0000020861625671
t = 26.8001, H(p,q)-H0 = 0.0000021457672119, L(p,q)-L0 = 0.0000023841857910
t = 26.9001, H(p,q)-H0 = 0.0000020265579224, L(p,q)-L0 = 0.0000022649765015
t = 27.0001, H(p,q)-H0 = 0.0000019073486328, L(p,q)-L0 = 0.0000021457672119
t = 27.1001, H(p,q)-H0 = 0.0000019371509552, L(p,q)-L0 = 0.0000021457672119
t = 27.2001, H(p,q)-H0 = 0.0000019669532776, L(p,q)-L0 = 0.0000022053718567
t = 27.3001, H(p,q)-H0 = 0.0000018477439880, L(p,q)-L0 = 0.0000020265579224
t = 27.4001, H(p,q)-H0 = 0.0000018477439880, L(p,q)-L0 = 0.0000019669532776
t = 27.5001, H(p,q)-H0 = 0.0000018477439880, L(p,q)-L0 = 0.0000018477439880
t = 27.6001, H(p,q)-H0 = 0.0000018179416656, L(p,q)-L0 = 0.0000018477439880
t = 27.7001, H(p,q)-H0 = 0.0000019073486328, L(p,q)-L0 = 0.0000019073486328
t = 27.8001, H(p,q)-H0 = 0.0000018477439880, L(p,q)-L0 = 0.0000016689300537
t = 27.9001, H(p,q)-H0 = 0.0000019669532776, L(p,q)-L0 = 0.0000018477439880
t = 28.0001, H(p,q)-H0 = 0.0000019371509552, L(p,q)-L0 = 0.0000017881393433
t = 28.1001, H(p,q)-H0 = 0.0000020265579224, L(p,q)-L0 = 0.0000018477439880
t = 28.2001, H(p,q)-H0 = 0.0000020265579224, L(p,q)-L0 = 0.0000020265579224
t = 28.3001, H(p,q)-H0 = 0.0000020563602448, L(p,q)-L0 = 0.0000020861625671
t = 28.4001, H(p,q)-H0 = 0.0000020861625671, L(p,q)-L0 = 0.0000021457672119
t = 28.5001, H(p,q)-H0 = 0.0000021755695343, L(p,q)-L0 = 0.0000021457672119
t = 28.6001, H(p,q)-H0 = 0.0000022053718567, L(p,q)-L0 = 0.0000023245811462
t = 28.7001, H(p,q)-H0 = 0.0000022053718567, L(p,q)-L0 = 0.0000021457672119
t = 28.8001, H(p,q)-H0 = 0.0000021755695343, L(p,q)-L0 = 0.0000021457672119
t = 28.9001, H(p,q)-H0 = 0.0000022947788239, L(p,q)-L0 = 0.0000024437904358
t = 29.0001, H(p,q)-H0 = 0.0000022053718567, L(p,q)-L0 = 0.0000022649765015
t = 29.1001, H(p,q)-H0 = 0.0000021755695343, L(p,q)-L0 = 0.0000022649765015
t = 29.2001, H(p,q)-H0 = 0.0000022351741791, L(p,q)-L0 = 0.0000023245811462
t = 29.3001, H(p,q)-H0 = 0.0000023841857910, L(p,q)-L0 = 0.0000025033950806
t = 29.4001, H(p,q)-H0 = 0.0000023543834686, L(p,q)-L0 = 0.0000025033950806
t = 29.5001, H(p,q)-H0 = 0.0000022053718567, L(p,q)-L0 = 0.0000022649765015
t = 29.6001, H(p,q)-H0 = 0.0000022053718567, L(p,q)-L0 = 0.0000021457672119
t = 29.7001, H(p,q)-H0 = 0.0000022053718567, L(p,q)-L0 = 0.0000020265579224
t = 29.8001, H(p,q)-H0 = 0.0000020265579224, L(p,q)-L0 = 0.0000018477439880
t = 29.9001, H(p,q)-H0 = 0.0000020265579224, L(p,q)-L0 = 0.0000019073486328
t = 30.0001, H(p,q)-H0 = 0.0000024139881134, L(p,q)-L0 = 0.0000019669532776
t = 30.1001, H(p,q)-H0 = 0.0000022351741791, L(p,q)-L0 = 0.0000018477439880
t = 30.2001, H(p,q)-H0 = 0.0000024139881134, L(p,q)-L0 = 0.0000020265579224
t = 30.3001, H(p,q)-H0 = 0.0000022649765015, L(p,q)-L0 = 0.0000019073486328
t = 30.4001, H(p,q)-H0 = 0.0000022053718567, L(p,q)-L0 = 0.0000017881393433
t = 30.5001, H(p,q)-H0 = 0.0000024437904358, L(p,q)-L0 = 0.0000020265579224
t = 30.6001, H(p,q)-H0 = 0.0000026226043701, L(p,q)-L0 = 0.0000020861625671
t = 30.7001, H(p,q)-H0 = 0.0000032186508179, L(p,q)-L0 = 0.0000026226043701
t = 30.8001, H(p,q)-H0 = 0.0000032186508179, L(p,q)-L0 = 0.0000026226043701
t = 30.9001, H(p,q)-H0 = 0.0000029206275940, L(p,q)-L0 = 0.0000023841857910
t = 31.0001, H(p,q)-H0 = 0.0000028610229492, L(p,q)-L0 = 0.0000023841857910
t = 31.1001, H(p,q)-H0 = 0.0000028610229492, L(p,q)-L0 = 0.0000023245811462
t = 31.2001, H(p,q)-H0 = 0.0000016689300537, L(p,q)-L0 = 0.0000019073486328
t = 31.3001, H(p,q)-H0 = 0.0000015497207642, L(p,q)-L0 = 0.0000019669532776
t = 31.4001, H(p,q)-H0 = 0.0000016689300537, L(p,q)-L0 = 0.0000019669532776
t = 31.5001, H(p,q)-H0 = 0.0000021457672119, L(p,q)-L0 = 0.0000021457672119
t = 31.6001, H(p,q)-H0 = 0.0000013113021851, L(p,q)-L0 = 0.0000019669532776
t = 31.7001, H(p,q)-H0 = 0.0000014305114746, L(p,q)-L0 = 0.0000019073486328
t = 31.8001, H(p,q)-H0 = 0.0000013113021851, L(p,q)-L0 = 0.0000018477439880
t = 31.9001, H(p,q)-H0 = 0.0000009536743164, L(p,q)-L0 = 0.0000016689300537
t = 32.0001, H(p,q)-H0 = 0.0000011920928955, L(p,q)-L0 = 0.0000017881393433
t = 32.1001, H(p,q)-H0 = 0.0000016689300537, L(p,q)-L0 = 0.0000019073486328
t = 32.2001, H(p,q)-H0 = 0.0000014901161194, L(p,q)-L0 = 0.0000018477439880
t = 32.3001, H(p,q)-H0 = 0.0000016093254089, L(p,q)-L0 = 0.0000020265579224
t = 32.4001, H(p,q)-H0 = 0.0000015497207642, L(p,q)-L0 = 0.0000019669532776
t = 32.5001, H(p,q)-H0 = 0.0000014305114746, L(p,q)-L0 = 0.0000017881393433
t = 32.6001, H(p,q)-H0 = 0.0000011920928955, L(p,q)-L0 = 0.0000016093254089
t = 32.7001, H(p,q)-H0 = 0.0000010132789612, L(p,q)-L0 = 0.0000015497207642
t = 32.8001, H(p,q)-H0 = 0.0000009834766388, L(p,q)-L0 = 0.0000014305114746
t = 32.9001, H(p,q)-H0 = 0.0000010132789612, L(p,q)-L0 = 0.0000015497207642
t = 33.0001, H(p,q)-H0 = 0.0000010728836060, L(p,q)-L0 = 0.0000017285346985
t = 33.1001, H(p,q)-H0 = 0.0000010132789612, L(p,q)-L0 = 0.0000015497207642
t = 33.2001, H(p,q)-H0 = 0.0000008940696716, L(p,q)-L0 = 0.0000014305114746
t = 33.3001, H(p,q)-H0 = 0.0000009536743164, L(p,q)-L0 = 0.0000015497207642
t = 33.4001, H(p,q)-H0 = 0.0000009238719940, L(p,q)-L0 = 0.0000015497207642
t = 33.5001, H(p,q)-H0 = 0.0000009834766388, L(p,q)-L0 = 0.0000014901161194
t = 33.6001, H(p,q)-H0 = 0.0000011026859283, L(p,q)-L0 = 0.0000017285346985
t = 33.7001, H(p,q)-H0 = 0.0000009536743164, L(p,q)-L0 = 0.0000014901161194
t = 33.8001, H(p,q)-H0 = 0.0000008344650269, L(p,q)-L0 = 0.0000013113021851
t = 33.9001, H(p,q)-H0 = 0.0000006258487701, L(p,q)-L0 = 0.0000011920928955
t = 34.0001, H(p,q)-H0 = 0.0000005662441254, L(p,q)-L0 = 0.0000009536743164
t = 34.1001, H(p,q)-H0 = 0.0000006556510925, L(p,q)-L0 = 0.0000010728836060
t = 34.2001, H(p,q)-H0 = 0.0000005662441254, L(p,q)-L0 = 0.0000010132789612
t = 34.3000, H(p,q)-H0 = 0.0000005960464478, L(p,q)-L0 = 0.0000010132789612
t = 34.4000, H(p,q)-H0 = 0.0000006556510925, L(p,q)-L0 = 0.0000012516975403
t = 34.5000, H(p,q)-H0 = 0.0000006556510925, L(p,q)-L0 = 0.0000014305114746
t = 34.6000, H(p,q)-H0 = 0.0000007152557373, L(p,q)-L0 = 0.0000015497207642
t = 34.7000, H(p,q)-H0 = 0.0000006556510925, L(p,q)-L0 = 0.0000014901161194
t = 34.8000, H(p,q)-H0 = 0.0000007152557373, L(p,q)-L0 = 0.0000015497207642
t = 34.9000, H(p,q)-H0 = 0.0000007748603821, L(p,q)-L0 = 0.0000016093254089
t = 35.0000, H(p,q)-H0 = 0.0000006556510925, L(p,q)-L0 = 0.0000014901161194
t = 35.1000, H(p,q)-H0 = 0.0000007748603821, L(p,q)-L0 = 0.0000014901161194
t = 35.2000, H(p,q)-H0 = 0.0000007748603821, L(p,q)-L0 = 0.0000014305114746
t = 35.3000, H(p,q)-H0 = 0.0000007152557373, L(p,q)-L0 = 0.0000013709068298
t = 35.4000, H(p,q)-H0 = 0.0000006854534149, L(p,q)-L0 = 0.0000013113021851
t = 35.5000, H(p,q)-H0 = 0.0000007748603821, L(p,q)-L0 = 0.0000014305114746
t = 35.6000, H(p,q)-H0 = 0.0000009536743164, L(p,q)-L0 = 0.0000016689300537
t = 35.7000, H(p,q)-H0 = 0.0000008642673492, L(p,q)-L0 = 0.0000014305114746
t = 35.8000, H(p,q)-H0 = 0.0000007152557373, L(p,q)-L0 = 0.0000013113021851
t = 35.9000, H(p,q)-H0 = 0.0000006556510925, L(p,q)-L0 = 0.0000014305114746
t = 36.0000, H(p,q)-H0 = 0.0000006854534149, L(p,q)-L0 = 0.0000014305114746
t = 36.1000, H(p,q)-H0 = 0.0000007450580597, L(p,q)-L0 = 0.0000014901161194
t = 36.2000, H(p,q)-H0 = 0.0000006854534149, L(p,q)-L0 = 0.0000014305114746
t = 36.3000, H(p,q)-H0 = 0.0000008046627045, L(p,q)-L0 = 0.0000014901161194
t = 36.4000, H(p,q)-H0 = 0.0000008642673492, L(p,q)-L0 = 0.0000015497207642
t = 36.5000, H(p,q)-H0 = 0.0000006556510925, L(p,q)-L0 = 0.0000013709068298
t = 36.6000, H(p,q)-H0 = 0.0000006258487701, L(p,q)-L0 = 0.0000014305114746
t = 36.7000, H(p,q)-H0 = 0.0000008046627045, L(p,q)-L0 = 0.0000014901161194
t = 36.8000, H(p,q)-H0 = 0.0000007748603821, L(p,q)-L0 = 0.0000013709068298
t = 36.9000, H(p,q)-H0 = 0.0000008344650269, L(p,q)-L0 = 0.0000014305114746
t = 37.0000, H(p,q)-H0 = 0.0000011920928955, L(p,q)-L0 = 0.0000017285346985
t = 37.1000, H(p,q)-H0 = 0.0000013113021851, L(p,q)-L0 = 0.0000017285346985
t = 37.2000, H(p,q)-H0 = 0.0000015497207642, L(p,q)-L0 = 0.0000019073486328
t = 37.3000, H(p,q)-H0 = 0.0000023841857910, L(p,q)-L0 = 0.0000022649765015
t = 37.4000, H(p,q)-H0 = 0.0000027418136597, L(p,q)-L0 = 0.0000023245811462
t = 37.5000, H(p,q)-H0 = 0.0000030994415283, L(p,q)-L0 = 0.0000025033950806
t = 37.6000, H(p,q)-H0 = 0.0000032186508179, L(p,q)-L0 = 0.0000024437904358
t = 37.7000, H(p,q)-H0 = 0.0000036954879761, L(p,q)-L0 = 0.0000027418136597
t = 37.8000, H(p,q)-H0 = 0.0000034570693970, L(p,q)-L0 = 0.0000025033950806
t = 37.9000, H(p,q)-H0 = 0.0000027418136597, L(p,q)-L0 = 0.0000023841857910
t = 38.0000, H(p,q)-H0 = 0.0000036954879761, L(p,q)-L0 = 0.0000026226043701
t = 38.1000, H(p,q)-H0 = 0.0000035762786865, L(p,q)-L0 = 0.0000026226043701
t = 38.2000, H(p,q)-H0 = 0.0000035166740417, L(p,q)-L0 = 0.0000026226043701
t = 38.3000, H(p,q)-H0 = 0.0000035166740417, L(p,q)-L0 = 0.0000026226043701
t = 38.4000, H(p,q)-H0 = 0.0000032186508179, L(p,q)-L0 = 0.0000025033950806
t = 38.5000, H(p,q)-H0 = 0.0000026822090149, L(p,q)-L0 = 0.0000021457672119
t = 38.6000, H(p,q)-H0 = 0.0000019669532776, L(p,q)-L0 = 0.0000017285346985
t = 38.7000, H(p,q)-H0 = 0.0000025629997253, L(p,q)-L0 = 0.0000020861625671
t = 38.8000, H(p,q)-H0 = 0.0000023245811462, L(p,q)-L0 = 0.0000020265579224
t = 38.9000, H(p,q)-H0 = 0.0000026226043701, L(p,q)-L0 = 0.0000022053718567
t = 39.0000, H(p,q)-H0 = 0.0000025033950806, L(p,q)-L0 = 0.0000020861625671
t = 39.1000, H(p,q)-H0 = 0.0000025331974030, L(p,q)-L0 = 0.0000020861625671
t = 39.2000, H(p,q)-H0 = 0.0000024437904358, L(p,q)-L0 = 0.0000021457672119
t = 39.3000, H(p,q)-H0 = 0.0000026226043701, L(p,q)-L0 = 0.0000021457672119
t = 39.4000, H(p,q)-H0 = 0.0000025629997253, L(p,q)-L0 = 0.0000020265579224
t = 39.5000, H(p,q)-H0 = 0.0000025928020477, L(p,q)-L0 = 0.0000021457672119
t = 39.6000, H(p,q)-H0 = 0.0000025033950806, L(p,q)-L0 = 0.0000020265579224
t = 39.7000, H(p,q)-H0 = 0.0000025928020477, L(p,q)-L0 = 0.0000021457672119
t = 39.8000, H(p,q)-H0 = 0.0000024437904358, L(p,q)-L0 = 0.0000019669532776
t = 39.9000, H(p,q)-H0 = 0.0000025331974030, L(p,q)-L0 = 0.0000021457672119
t = 40.0000, H(p,q)-H0 = 0.0000025033950806, L(p,q)-L0 = 0.0000019669532776
t = 40.1000, H(p,q)-H0 = 0.0000026226043701, L(p,q)-L0 = 0.0000020861625671
t = 40.2000, H(p,q)-H0 = 0.0000026226043701, L(p,q)-L0 = 0.0000020265579224
t = 40.3000, H(p,q)-H0 = 0.0000027120113373, L(p,q)-L0 = 0.0000020861625671
t = 40.4000, H(p,q)-H0 = 0.0000026524066925, L(p,q)-L0 = 0.0000020861625671
t = 40.5000, H(p,q)-H0 = 0.0000025331974030, L(p,q)-L0 = 0.0000019073486328
t = 40.6000, H(p,q)-H0 = 0.0000023841857910, L(p,q)-L0 = 0.0000016689300537
t = 40.7000, H(p,q)-H0 = 0.0000024437904358, L(p,q)-L0 = 0.0000015497207642
t = 40.7999, H(p,q)-H0 = 0.0000023245811462, L(p,q)-L0 = 0.0000015497207642
t = 40.8999, H(p,q)-H0 = 0.0000022947788239, L(p,q)-L0 = 0.0000014901161194
t = 40.9999, H(p,q)-H0 = 0.0000024437904358, L(p,q)-L0 = 0.0000017881393433
t = 41.0999, H(p,q)-H0 = 0.0000025629997253, L(p,q)-L0 = 0.0000018477439880
t = 41.1999, H(p,q)-H0 = 0.0000027418136597, L(p,q)-L0 = 0.0000020861625671
t = 41.2999, H(p,q)-H0 = 0.0000027418136597, L(p,q)-L0 = 0.0000022649765015
t = 41.3999, H(p,q)-H0 = 0.0000026524066925, L(p,q)-L0 = 0.0000021457672119
t = 41.4999, H(p,q)-H0 = 0.0000026822090149, L(p,q)-L0 = 0.0000020861625671
t = 41.5999, H(p,q)-H0 = 0.0000027418136597, L(p,q)-L0 = 0.0000022053718567
t = 41.6999, H(p,q)-H0 = 0.0000027120113373, L(p,q)-L0 = 0.0000021457672119
t = 41.7999, H(p,q)-H0 = 0.0000027120113373, L(p,q)-L0 = 0.0000021457672119
t = 41.8999, H(p,q)-H0 = 0.0000028312206268, L(p,q)-L0 = 0.0000022053718567
t = 41.9999, H(p,q)-H0 = 0.0000028014183044, L(p,q)-L0 = 0.0000021457672119
t = 42.0999, H(p,q)-H0 = 0.0000029206275940, L(p,q)-L0 = 0.0000021457672119
t = 42.1999, H(p,q)-H0 = 0.0000028908252716, L(p,q)-L0 = 0.0000022053718567
t = 42.2999, H(p,q)-H0 = 0.0000028312206268, L(p,q)-L0 = 0.0000020265579224
t = 42.3999, H(p,q)-H0 = 0.0000027120113373, L(p,q)-L0 = 0.0000019073486328
t = 42.4999, H(p,q)-H0 = 0.0000025629997253, L(p,q)-L0 = 0.0000016093254089
t = 42.5999, H(p,q)-H0 = 0.0000023841857910, L(p,q)-L0 = 0.0000017285346985
t = 42.6999, H(p,q)-H0 = 0.0000024139881134, L(p,q)-L0 = 0.0000016689300537
t = 42.7999, H(p,q)-H0 = 0.0000025928020477, L(p,q)-L0 = 0.0000020265579224
t = 42.8999, H(p,q)-H0 = 0.0000025629997253, L(p,q)-L0 = 0.0000018477439880
t = 42.9999, H(p,q)-H0 = 0.0000025629997253, L(p,q)-L0 = 0.0000018477439880
t = 43.0999, H(p,q)-H0 = 0.0000022649765015, L(p,q)-L0 = 0.0000014305114746
t = 43.1999, H(p,q)-H0 = 0.0000017881393433, L(p,q)-L0 = 0.0000010728836060
t = 43.2999, H(p,q)-H0 = 0.0000016093254089, L(p,q)-L0 = 0.0000008344650269
t = 43.3999, H(p,q)-H0 = 0.0000019073486328, L(p,q)-L0 = 0.0000008940696716
t = 43.4999, H(p,q)-H0 = 0.0000014305114746, L(p,q)-L0 = 0.0000007152557373
t = 43.5999, H(p,q)-H0 = 0.0000015497207642, L(p,q)-L0 = 0.0000005960464478
t = 43.6999, H(p,q)-H0 = 0.0000015497207642, L(p,q)-L0 = 0.0000005960464478
t = 43.7999, H(p,q)-H0 = 0.0000013113021851, L(p,q)-L0 = 0.0000005364418030
t = 43.8999, H(p,q)-H0 = 0.0000023841857910, L(p,q)-L0 = 0.0000007748603821
t = 43.9999, H(p,q)-H0 = 0.0000026226043701, L(p,q)-L0 = 0.0000010132789612
t = 44.0999, H(p,q)-H0 = 0.0000027418136597, L(p,q)-L0 = 0.0000010132789612
t = 44.1999, H(p,q)-H0 = 0.0000025033950806, L(p,q)-L0 = 0.0000008344650269
t = 44.2999, H(p,q)-H0 = 0.0000025033950806, L(p,q)-L0 = 0.0000008344650269
t = 44.3999, H(p,q)-H0 = 0.0000016689300537, L(p,q)-L0 = 0.0000005364418030
t = 44.4999, H(p,q)-H0 = 0.0000013709068298, L(p,q)-L0 = 0.0000004768371582
t = 44.5999, H(p,q)-H0 = 0.0000020861625671, L(p,q)-L0 = 0.0000007748603821
t = 44.6999, H(p,q)-H0 = 0.0000019073486328, L(p,q)-L0 = 0.0000007152557373
t = 44.7999, H(p,q)-H0 = 0.0000019073486328, L(p,q)-L0 = 0.0000007152557373
t = 44.8999, H(p,q)-H0 = 0.0000020265579224, L(p,q)-L0 = 0.0000007152557373
t = 44.9999, H(p,q)-H0 = 0.0000017583370209, L(p,q)-L0 = 0.0000005960464478
t = 45.0999, H(p,q)-H0 = 0.0000018775463104, L(p,q)-L0 = 0.0000006556510925
t = 45.1999, H(p,q)-H0 = 0.0000020265579224, L(p,q)-L0 = 0.0000008344650269
t = 45.2999, H(p,q)-H0 = 0.0000020265579224, L(p,q)-L0 = 0.0000009536743164
t = 45.3999, H(p,q)-H0 = 0.0000020265579224, L(p,q)-L0 = 0.0000009536743164
t = 45.4999, H(p,q)-H0 = 0.0000021159648895, L(p,q)-L0 = 0.0000010728836060
t = 45.5999, H(p,q)-H0 = 0.0000021457672119, L(p,q)-L0 = 0.0000010728836060
t = 45.6999, H(p,q)-H0 = 0.0000022053718567, L(p,q)-L0 = 0.0000010728836060
t = 45.7999, H(p,q)-H0 = 0.0000022649765015, L(p,q)-L0 = 0.0000011920928955
t = 45.8999, H(p,q)-H0 = 0.0000024437904358, L(p,q)-L0 = 0.0000011920928955
t = 45.9999, H(p,q)-H0 = 0.0000024437904358, L(p,q)-L0 = 0.0000013113021851
t = 46.0999, H(p,q)-H0 = 0.0000025033950806, L(p,q)-L0 = 0.0000012516975403
t = 46.1999, H(p,q)-H0 = 0.0000026524066925, L(p,q)-L0 = 0.0000014901161194
t = 46.2999, H(p,q)-H0 = 0.0000026822090149, L(p,q)-L0 = 0.0000014901161194
t = 46.3999, H(p,q)-H0 = 0.0000027120113373, L(p,q)-L0 = 0.0000016093254089
t = 46.4999, H(p,q)-H0 = 0.0000026822090149, L(p,q)-L0 = 0.0000015497207642
t = 46.5999, H(p,q)-H0 = 0.0000027418136597, L(p,q)-L0 = 0.0000017881393433
t = 46.6999, H(p,q)-H0 = 0.0000027418136597, L(p,q)-L0 = 0.0000019073486328
t = 46.7999, H(p,q)-H0 = 0.0000027716159821, L(p,q)-L0 = 0.0000019073486328
t = 46.8999, H(p,q)-H0 = 0.0000027120113373, L(p,q)-L0 = 0.0000019669532776
t = 46.9999, H(p,q)-H0 = 0.0000027418136597, L(p,q)-L0 = 0.0000019073486328
t = 47.0999, H(p,q)-H0 = 0.0000026822090149, L(p,q)-L0 = 0.0000018477439880
t = 47.1999, H(p,q)-H0 = 0.0000027418136597, L(p,q)-L0 = 0.0000017881393433
t = 47.2999, H(p,q)-H0 = 0.0000028312206268, L(p,q)-L0 = 0.0000020265579224
t = 47.3998, H(p,q)-H0 = 0.0000027418136597, L(p,q)-L0 = 0.0000018477439880
t = 47.4998, H(p,q)-H0 = 0.0000027716159821, L(p,q)-L0 = 0.0000019669532776
t = 47.5998, H(p,q)-H0 = 0.0000029504299164, L(p,q)-L0 = 0.0000022053718567
t = 47.6998, H(p,q)-H0 = 0.0000029206275940, L(p,q)-L0 = 0.0000022053718567
t = 47.7998, H(p,q)-H0 = 0.0000029504299164, L(p,q)-L0 = 0.0000021457672119
t = 47.8998, H(p,q)-H0 = 0.0000029504299164, L(p,q)-L0 = 0.0000022053718567
t = 47.9998, H(p,q)-H0 = 0.0000028014183044, L(p,q)-L0 = 0.0000020861625671
t = 48.0998, H(p,q)-H0 = 0.0000028312206268, L(p,q)-L0 = 0.0000022053718567
t = 48.1998, H(p,q)-H0 = 0.0000029206275940, L(p,q)-L0 = 0.0000022053718567
t = 48.2998, H(p,q)-H0 = 0.0000027418136597, L(p,q)-L0 = 0.0000019073486328
t = 48.3998, H(p,q)-H0 = 0.0000029206275940, L(p,q)-L0 = 0.0000021457672119
t = 48.4998, H(p,q)-H0 = 0.0000027120113373, L(p,q)-L0 = 0.0000020265579224
t = 48.5998, H(p,q)-H0 = 0.0000026524066925, L(p,q)-L0 = 0.0000020265579224
t = 48.6998, H(p,q)-H0 = 0.0000026226043701, L(p,q)-L0 = 0.0000019669532776
t = 48.7998, H(p,q)-H0 = 0.0000024735927582, L(p,q)-L0 = 0.0000019073486328
t = 48.8998, H(p,q)-H0 = 0.0000026524066925, L(p,q)-L0 = 0.0000020265579224
t = 48.9998, H(p,q)-H0 = 0.0000026524066925, L(p,q)-L0 = 0.0000021457672119
t = 49.0998, H(p,q)-H0 = 0.0000026524066925, L(p,q)-L0 = 0.0000021457672119
t = 49.1998, H(p,q)-H0 = 0.0000028908252716, L(p,q)-L0 = 0.0000022649765015
t = 49.2998, H(p,q)-H0 = 0.0000032782554626, L(p,q)-L0 = 0.0000025629997253
t = 49.3998, H(p,q)-H0 = 0.0000031590461731, L(p,q)-L0 = 0.0000026226043701
t = 49.4998, H(p,q)-H0 = 0.0000028610229492, L(p,q)-L0 = 0.0000023245811462
t = 49.5998, H(p,q)-H0 = 0.0000030994415283, L(p,q)-L0 = 0.0000025033950806
t = 49.6998, H(p,q)-H0 = 0.0000028014183044, L(p,q)-L0 = 0.0000023245811462
t = 49.7998, H(p,q)-H0 = 0.0000025033950806, L(p,q)-L0 = 0.0000021457672119
t = 49.8998, H(p,q)-H0 = 0.0000022649765015, L(p,q)-L0 = 0.0000020265579224
t = 49.9998, H(p,q)-H0 = 0.0000022649765015, L(p,q)-L0 = 0.0000020265579224
t = 50.0998, H(p,q)-H0 = 0.0000021457672119, L(p,q)-L0 = 0.0000019669532776
t = 50.1998, H(p,q)-H0 = 0.0000019073486328, L(p,q)-L0 = 0.0000019073486328
t = 50.2998, H(p,q)-H0 = 0.0000022649765015, L(p,q)-L0 = 0.0000020265579224
t = 50.3998, H(p,q)-H0 = 0.0000025033950806, L(p,q)-L0 = 0.0000021457672119
t = 50.4998, H(p,q)-H0 = 0.0000025033950806, L(p,q)-L0 = 0.0000020265579224
t = 50.5998, H(p,q)-H0 = 0.0000033378601074, L(p,q)-L0 = 0.0000022649765015
t = 50.6998, H(p,q)-H0 = 0.0000034570693970, L(p,q)-L0 = 0.0000022053718567
t = 50.7998, H(p,q)-H0 = 0.0000027418136597, L(p,q)-L0 = 0.0000019073486328
t = 50.8998, H(p,q)-H0 = 0.0000026226043701, L(p,q)-L0 = 0.0000018477439880
t = 50.9998, H(p,q)-H0 = 0.0000025033950806, L(p,q)-L0 = 0.0000017285346985
t = 51.0998, H(p,q)-H0 = 0.0000017285346985, L(p,q)-L0 = 0.0000011920928955
t = 51.1998, H(p,q)-H0 = 0.0000022053718567, L(p,q)-L0 = 0.0000014305114746
t = 51.2998, H(p,q)-H0 = 0.0000022947788239, L(p,q)-L0 = 0.0000016093254089
t = 51.3998, H(p,q)-H0 = 0.0000025928020477, L(p,q)-L0 = 0.0000019073486328
t = 51.4998, H(p,q)-H0 = 0.0000025331974030, L(p,q)-L0 = 0.0000017285346985
t = 51.5998, H(p,q)-H0 = 0.0000025629997253, L(p,q)-L0 = 0.0000018477439880
t = 51.6998, H(p,q)-H0 = 0.0000026226043701, L(p,q)-L0 = 0.0000020265579224
t = 51.7998, H(p,q)-H0 = 0.0000025629997253, L(p,q)-L0 = 0.0000019073486328
t = 51.8998, H(p,q)-H0 = 0.0000024735927582, L(p,q)-L0 = 0.0000018477439880
t = 51.9998, H(p,q)-H0 = 0.0000024437904358, L(p,q)-L0 = 0.0000019073486328
t = 52.0998, H(p,q)-H0 = 0.0000025928020477, L(p,q)-L0 = 0.0000020265579224
t = 52.1998, H(p,q)-H0 = 0.0000027418136597, L(p,q)-L0 = 0.0000022649765015
t = 52.2998, H(p,q)-H0 = 0.0000029802322388, L(p,q)-L0 = 0.0000025033950806
t = 52.3998, H(p,q)-H0 = 0.0000029206275940, L(p,q)-L0 = 0.0000024437904358
t = 52.4998, H(p,q)-H0 = 0.0000030398368835, L(p,q)-L0 = 0.0000025629997253
t = 52.5998, H(p,q)-H0 = 0.0000028312206268, L(p,q)-L0 = 0.0000023245811462
t = 52.6998, H(p,q)-H0 = 0.0000027418136597, L(p,q)-L0 = 0.0000022053718567
t = 52.7998, H(p,q)-H0 = 0.0000026524066925, L(p,q)-L0 = 0.0000021457672119
t = 52.8998, H(p,q)-H0 = 0.0000026822090149, L(p,q)-L0 = 0.0000020861625671
t = 52.9998, H(p,q)-H0 = 0.0000027716159821, L(p,q)-L0 = 0.0000020861625671
t = 53.0998, H(p,q)-H0 = 0.0000026822090149, L(p,q)-L0 = 0.0000021457672119
t = 53.1998, H(p,q)-H0 = 0.0000026822090149, L(p,q)-L0 = 0.0000020265579224
t = 53.2998, H(p,q)-H0 = 0.0000027418136597, L(p,q)-L0 = 0.0000021457672119
t = 53.3998, H(p,q)-H0 = 0.0000027716159821, L(p,q)-L0 = 0.0000022053718567
t = 53.4998, H(p,q)-H0 = 0.0000027716159821, L(p,q)-L0 = 0.0000021457672119
t = 53.5998, H(p,q)-H0 = 0.0000028908252716, L(p,q)-L0 = 0.0000024437904358
t = 53.6998, H(p,q)-H0 = 0.0000028908252716, L(p,q)-L0 = 0.0000024437904358
t = 53.7998, H(p,q)-H0 = 0.0000029206275940, L(p,q)-L0 = 0.0000024437904358
t = 53.8997, H(p,q)-H0 = 0.0000030398368835, L(p,q)-L0 = 0.0000027418136597
t = 53.9997, H(p,q)-H0 = 0.0000030696392059, L(p,q)-L0 = 0.0000028014183044
t = 54.0997, H(p,q)-H0 = 0.0000029802322388, L(p,q)-L0 = 0.0000026226043701
t = 54.1997, H(p,q)-H0 = 0.0000030696392059, L(p,q)-L0 = 0.0000026822090149
t = 54.2997, H(p,q)-H0 = 0.0000032484531403, L(p,q)-L0 = 0.0000028610229492
t = 54.3997, H(p,q)-H0 = 0.0000032186508179, L(p,q)-L0 = 0.0000028014183044
t = 54.4997, H(p,q)-H0 = 0.0000033676624298, L(p,q)-L0 = 0.0000030994415283
t = 54.5997, H(p,q)-H0 = 0.0000033378601074, L(p,q)-L0 = 0.0000030994415283
t = 54.6997, H(p,q)-H0 = 0.0000034272670746, L(p,q)-L0 = 0.0000032186508179
t = 54.7997, H(p,q)-H0 = 0.0000034570693970, L(p,q)-L0 = 0.0000032186508179
t = 54.8997, H(p,q)-H0 = 0.0000033974647522, L(p,q)-L0 = 0.0000031590461731
t = 54.9997, H(p,q)-H0 = 0.0000031888484955, L(p,q)-L0 = 0.0000029802322388
t = 55.0997, H(p,q)-H0 = 0.0000033080577850, L(p,q)-L0 = 0.0000030994415283
t = 55.1997, H(p,q)-H0 = 0.0000035166740417, L(p,q)-L0 = 0.0000032186508179
t = 55.2997, H(p,q)-H0 = 0.0000036358833313, L(p,q)-L0 = 0.0000032782554626
t = 55.3997, H(p,q)-H0 = 0.0000035762786865, L(p,q)-L0 = 0.0000033378601074
t = 55.4997, H(p,q)-H0 = 0.0000033378601074, L(p,q)-L0 = 0.0000031590461731
t = 55.5997, H(p,q)-H0 = 0.0000035762786865, L(p,q)-L0 = 0.0000032782554626
t = 55.6997, H(p,q)-H0 = 0.0000035166740417, L(p,q)-L0 = 0.0000032782554626
t = 55.7997, H(p,q)-H0 = 0.0000038146972656, L(p,q)-L0 = 0.0000035166740417
t = 55.8997, H(p,q)-H0 = 0.0000042319297791, L(p,q)-L0 = 0.0000038146972656
t = 55.9997, H(p,q)-H0 = 0.0000043511390686, L(p,q)-L0 = 0.0000039339065552
t = 56.0997, H(p,q)-H0 = 0.0000047683715820, L(p,q)-L0 = 0.0000039935112000
t = 56.1997, H(p,q)-H0 = 0.0000044107437134, L(p,q)-L0 = 0.0000038743019104
t = 56.2997, H(p,q)-H0 = 0.0000040531158447, L(p,q)-L0 = 0.0000036954879761
t = 56.3997, H(p,q)-H0 = 0.0000045299530029, L(p,q)-L0 = 0.0000038743019104
t = 56.4997, H(p,q)-H0 = 0.0000040531158447, L(p,q)-L0 = 0.0000038146972656
t = 56.5997, H(p,q)-H0 = 0.0000045299530029, L(p,q)-L0 = 0.0000038146972656
t = 56.6997, H(p,q)-H0 = 0.0000030994415283, L(p,q)-L0 = 0.0000034570693970
t = 56.7997, H(p,q)-H0 = 0.0000033378601074, L(p,q)-L0 = 0.0000034570693970
t = 56.8997, H(p,q)-H0 = 0.0000026226043701, L(p,q)-L0 = 0.0000031590461731
t = 56.9997, H(p,q)-H0 = 0.0000029802322388, L(p,q)-L0 = 0.0000032782554626
t = 57.0997, H(p,q)-H0 = 0.0000025033950806, L(p,q)-L0 = 0.0000029802322388
t = 57.1997, H(p,q)-H0 = 0.0000020861625671, L(p,q)-L0 = 0.0000026822090149
t = 57.2997, H(p,q)-H0 = 0.0000019073486328, L(p,q)-L0 = 0.0000026226043701
t = 57.3997, H(p,q)-H0 = 0.0000016689300537, L(p,q)-L0 = 0.0000023841857910
t = 57.4997, H(p,q)-H0 = 0.0000016093254089, L(p,q)-L0 = 0.0000022649765015
t = 57.5997, H(p,q)-H0 = 0.0000015795230865, L(p,q)-L0 = 0.0000021457672119
t = 57.6997, H(p,q)-H0 = 0.0000014901161194, L(p,q)-L0 = 0.0000020265579224
t = 57.7997, H(p,q)-H0 = 0.0000014603137970, L(p,q)-L0 = 0.0000019669532776
t = 57.8997, H(p,q)-H0 = 0.0000013709068298, L(p,q)-L0 = 0.0000018477439880
t = 57.9997, H(p,q)-H0 = 0.0000014007091522, L(p,q)-L0 = 0.0000017881393433
t = 58.0997, H(p,q)-H0 = 0.0000015199184418, L(p,q)-L0 = 0.0000019073486328
t = 58.1997, H(p,q)-H0 = 0.0000018477439880, L(p,q)-L0 = 0.0000021457672119
t = 58.2997, H(p,q)-H0 = 0.0000017285346985, L(p,q)-L0 = 0.0000021457672119
t = 58.3997, H(p,q)-H0 = 0.0000018477439880, L(p,q)-L0 = 0.0000021457672119
t = 58.4997, H(p,q)-H0 = 0.0000018477439880, L(p,q)-L0 = 0.0000022649765015
t = 58.5997, H(p,q)-H0 = 0.0000019073486328, L(p,q)-L0 = 0.0000023841857910
t = 58.6997, H(p,q)-H0 = 0.0000019073486328, L(p,q)-L0 = 0.0000024437904358
t = 58.7997, H(p,q)-H0 = 0.0000019371509552, L(p,q)-L0 = 0.0000024437904358
t = 58.8997, H(p,q)-H0 = 0.0000019669532776, L(p,q)-L0 = 0.0000023841857910
t = 58.9997, H(p,q)-H0 = 0.0000019371509552, L(p,q)-L0 = 0.0000023841857910
t = 59.0997, H(p,q)-H0 = 0.0000019073486328, L(p,q)-L0 = 0.0000023245811462
t = 59.1997, H(p,q)-H0 = 0.0000019073486328, L(p,q)-L0 = 0.0000023245811462
t = 59.2997, H(p,q)-H0 = 0.0000020265579224, L(p,q)-L0 = 0.0000025033950806
t = 59.3997, H(p,q)-H0 = 0.0000019669532776, L(p,q)-L0 = 0.0000025033950806
t = 59.4997, H(p,q)-H0 = 0.0000019967556000, L(p,q)-L0 = 0.0000024437904358
t = 59.5997, H(p,q)-H0 = 0.0000020861625671, L(p,q)-L0 = 0.0000026226043701
t = 59.6997, H(p,q)-H0 = 0.0000021457672119, L(p,q)-L0 = 0.0000026822090149
t = 59.7997, H(p,q)-H0 = 0.0000021457672119, L(p,q)-L0 = 0.0000027418136597
t = 59.8997, H(p,q)-H0 = 0.0000020861625671, L(p,q)-L0 = 0.0000026226043701
t = 59.9997, H(p,q)-H0 = 0.0000018775463104, L(p,q)-L0 = 0.0000025033950806
t = 60.0997, H(p,q)-H0 = 0.0000017583370209, L(p,q)-L0 = 0.0000023245811462
t = 60.1997, H(p,q)-H0 = 0.0000019073486328, L(p,q)-L0 = 0.0000025033950806
t = 60.2997, H(p,q)-H0 = 0.0000018477439880, L(p,q)-L0 = 0.0000023841857910
t = 60.3997, H(p,q)-H0 = 0.0000017583370209, L(p,q)-L0 = 0.0000022649765015
t = 60.4996, H(p,q)-H0 = 0.0000017583370209, L(p,q)-L0 = 0.0000023245811462
t = 60.5996, H(p,q)-H0 = 0.0000016391277313, L(p,q)-L0 = 0.0000021457672119
t = 60.6996, H(p,q)-H0 = 0.0000015497207642, L(p,q)-L0 = 0.0000021457672119
t = 60.7996, H(p,q)-H0 = 0.0000016689300537, L(p,q)-L0 = 0.0000022053718567
t = 60.8996, H(p,q)-H0 = 0.0000016391277313, L(p,q)-L0 = 0.0000021457672119
t = 60.9996, H(p,q)-H0 = 0.0000016689300537, L(p,q)-L0 = 0.0000021457672119
t = 61.0996, H(p,q)-H0 = 0.0000013709068298, L(p,q)-L0 = 0.0000019073486328
t = 61.1996, H(p,q)-H0 = 0.0000018477439880, L(p,q)-L0 = 0.0000023245811462
t = 61.2996, H(p,q)-H0 = 0.0000020861625671, L(p,q)-L0 = 0.0000025033950806
t = 61.3996, H(p,q)-H0 = 0.0000023543834686, L(p,q)-L0 = 0.0000026822090149
t = 61.4996, H(p,q)-H0 = 0.0000023543834686, L(p,q)-L0 = 0.0000027418136597
t = 61.5996, H(p,q)-H0 = 0.0000023245811462, L(p,q)-L0 = 0.0000025629997253
t = 61.6996, H(p,q)-H0 = 0.0000024735927582, L(p,q)-L0 = 0.0000027418136597
t = 61.7996, H(p,q)-H0 = 0.0000025033950806, L(p,q)-L0 = 0.0000029206275940
t = 61.8996, H(p,q)-H0 = 0.0000027418136597, L(p,q)-L0 = 0.0000031590461731
t = 61.9996, H(p,q)-H0 = 0.0000026226043701, L(p,q)-L0 = 0.0000030994415283
t = 62.0996, H(p,q)-H0 = 0.0000026226043701, L(p,q)-L0 = 0.0000029802322388
t = 62.1996, H(p,q)-H0 = 0.0000022649765015, L(p,q)-L0 = 0.0000028014183044
t = 62.2996, H(p,q)-H0 = 0.0000014901161194, L(p,q)-L0 = 0.0000022649765015
t = 62.3996, H(p,q)-H0 = 0.0000011920928955, L(p,q)-L0 = 0.0000020861625671
t = 62.4996, H(p,q)-H0 = 0.0000013113021851, L(p,q)-L0 = 0.0000021457672119
t = 62.5996, H(p,q)-H0 = 0.0000019073486328, L(p,q)-L0 = 0.0000024437904358
t = 62.6996, H(p,q)-H0 = 0.0000019073486328, L(p,q)-L0 = 0.0000023841857910
t = 62.7996, H(p,q)-H0 = 0.0000016689300537, L(p,q)-L0 = 0.0000022053718567
t = 62.8996, H(p,q)-H0 = 0.0000017881393433, L(p,q)-L0 = 0.0000022649765015
t = 62.9996, H(p,q)-H0 = 0.0000028610229492, L(p,q)-L0 = 0.0000025033950806
t = 63.0996, H(p,q)-H0 = 0.0000032186508179, L(p,q)-L0 = 0.0000026226043701
t = 63.1996, H(p,q)-H0 = 0.0000034570693970, L(p,q)-L0 = 0.0000027418136597
t = 63.2996, H(p,q)-H0 = 0.0000029802322388, L(p,q)-L0 = 0.0000025033950806
t = 63.3996, H(p,q)-H0 = 0.0000028014183044, L(p,q)-L0 = 0.0000025033950806
t = 63.4996, H(p,q)-H0 = 0.0000028610229492, L(p,q)-L0 = 0.0000024437904358
t = 63.5996, H(p,q)-H0 = 0.0000028014183044, L(p,q)-L0 = 0.0000023841857910
t = 63.6996, H(p,q)-H0 = 0.0000028014183044, L(p,q)-L0 = 0.0000024437904358
t = 63.7996, H(p,q)-H0 = 0.0000023841857910, L(p,q)-L0 = 0.0000022649765015
t = 63.8996, H(p,q)-H0 = 0.0000023245811462, L(p,q)-L0 = 0.0000022053718567
t = 63.9996, H(p,q)-H0 = 0.0000023245811462, L(p,q)-L0 = 0.0000021457672119
t = 64.0996, H(p,q)-H0 = 0.0000021457672119, L(p,q)-L0 = 0.0000020861625671
t = 64.1996, H(p,q)-H0 = 0.0000022053718567, L(p,q)-L0 = 0.0000020861625671
t = 64.2996, H(p,q)-H0 = 0.0000023245811462, L(p,q)-L0 = 0.0000021457672119
t = 64.3996, H(p,q)-H0 = 0.0000022947788239, L(p,q)-L0 = 0.0000022649765015
t = 64.4996, H(p,q)-H0 = 0.0000022351741791, L(p,q)-L0 = 0.0000022649765015
t = 64.5996, H(p,q)-H0 = 0.0000024139881134, L(p,q)-L0 = 0.0000022649765015
t = 64.6996, H(p,q)-H0 = 0.0000023841857910, L(p,q)-L0 = 0.0000022649765015
t = 64.7996, H(p,q)-H0 = 0.0000022053718567, L(p,q)-L0 = 0.0000020265579224
t = 64.8996, H(p,q)-H0 = 0.0000019967556000, L(p,q)-L0 = 0.0000019073486328
t = 64.9996, H(p,q)-H0 = 0.0000020265579224, L(p,q)-L0 = 0.0000019073486328
t = 65.0996, H(p,q)-H0 = 0.0000019073486328, L(p,q)-L0 = 0.0000016689300537
t = 65.1996, H(p,q)-H0 = 0.0000019669532776, L(p,q)-L0 = 0.0000017881393433
t = 65.2996, H(p,q)-H0 = 0.0000019669532776, L(p,q)-L0 = 0.0000017881393433
t = 65.3996, H(p,q)-H0 = 0.0000017285346985, L(p,q)-L0 = 0.0000014901161194
t = 65.4996, H(p,q)-H0 = 0.0000017285346985, L(p,q)-L0 = 0.0000014901161194
t = 65.5996, H(p,q)-H0 = 0.0000017285346985, L(p,q)-L0 = 0.0000014305114746
t = 65.6996, H(p,q)-H0 = 0.0000019371509552, L(p,q)-L0 = 0.0000016093254089
t = 65.7996, H(p,q)-H0 = 0.0000019073486328, L(p,q)-L0 = 0.0000015497207642
t = 65.8996, H(p,q)-H0 = 0.0000017881393433, L(p,q)-L0 = 0.0000014305114746
t = 65.9996, H(p,q)-H0 = 0.0000018179416656, L(p,q)-L0 = 0.0000013709068298
t = 66.0996, H(p,q)-H0 = 0.0000020265579224, L(p,q)-L0 = 0.0000016093254089
t = 66.1996, H(p,q)-H0 = 0.0000019669532776, L(p,q)-L0 = 0.0000015497207642
t = 66.2996, H(p,q)-H0 = 0.0000020265579224, L(p,q)-L0 = 0.0000017285346985
t = 66.3996, H(p,q)-H0 = 0.0000019669532776, L(p,q)-L0 = 0.0000016689300537
t = 66.4996, H(p,q)-H0 = 0.0000020861625671, L(p,q)-L0 = 0.0000017881393433
t = 66.5996, H(p,q)-H0 = 0.0000021159648895, L(p,q)-L0 = 0.0000017881393433
t = 66.6996, H(p,q)-H0 = 0.0000021457672119, L(p,q)-L0 = 0.0000017881393433
t = 66.7996, H(p,q)-H0 = 0.0000022947788239, L(p,q)-L0 = 0.0000019669532776
t = 66.8996, H(p,q)-H0 = 0.0000022947788239, L(p,q)-L0 = 0.0000020265579224
t = 66.9995, H(p,q)-H0 = 0.0000023841857910, L(p,q)-L0 = 0.0000021457672119
t = 67.0995, H(p,q)-H0 = 0.0000023543834686, L(p,q)-L0 = 0.0000021457672119
t = 67.1995, H(p,q)-H0 = 0.0000023543834686, L(p,q)-L0 = 0.0000021457672119
t = 67.2995, H(p,q)-H0 = 0.0000020563602448, L(p,q)-L0 = 0.0000017881393433
t = 67.3995, H(p,q)-H0 = 0.0000020861625671, L(p,q)-L0 = 0.0000016689300537
t = 67.4995, H(p,q)-H0 = 0.0000021755695343, L(p,q)-L0 = 0.0000019073486328
t = 67.5995, H(p,q)-H0 = 0.0000019669532776, L(p,q)-L0 = 0.0000016689300537
t = 67.6995, H(p,q)-H0 = 0.0000019669532776, L(p,q)-L0 = 0.0000016093254089
t = 67.7995, H(p,q)-H0 = 0.0000019371509552, L(p,q)-L0 = 0.0000015497207642
t = 67.8995, H(p,q)-H0 = 0.0000018775463104, L(p,q)-L0 = 0.0000015497207642
t = 67.9995, H(p,q)-H0 = 0.0000019967556000, L(p,q)-L0 = 0.0000016093254089
t = 68.0995, H(p,q)-H0 = 0.0000022351741791, L(p,q)-L0 = 0.0000016689300537
t = 68.1995, H(p,q)-H0 = 0.0000023841857910, L(p,q)-L0 = 0.0000017881393433
t = 68.2995, H(p,q)-H0 = 0.0000025033950806, L(p,q)-L0 = 0.0000020265579224
t = 68.3995, H(p,q)-H0 = 0.0000022053718567, L(p,q)-L0 = 0.0000018477439880
t = 68.4995, H(p,q)-H0 = 0.0000024437904358, L(p,q)-L0 = 0.0000020861625671
t = 68.5995, H(p,q)-H0 = 0.0000025033950806, L(p,q)-L0 = 0.0000020861625671
t = 68.6995, H(p,q)-H0 = 0.0000023841857910, L(p,q)-L0 = 0.0000019669532776
t = 68.7995, H(p,q)-H0 = 0.0000027418136597, L(p,q)-L0 = 0.0000019669532776
t = 68.8995, H(p,q)-H0 = 0.0000026226043701, L(p,q)-L0 = 0.0000019669532776
t = 68.9995, H(p,q)-H0 = 0.0000023841857910, L(p,q)-L0 = 0.0000019073486328
t = 69.0995, H(p,q)-H0 = 0.0000038146972656, L(p,q)-L0 = 0.0000023245811462
t = 69.1995, H(p,q)-H0 = 0.0000030994415283, L(p,q)-L0 = 0.0000021457672119
t = 69.2995, H(p,q)-H0 = 0.0000021457672119, L(p,q)-L0 = 0.0000019073486328
t = 69.3995, H(p,q)-H0 = 0.0000035762786865, L(p,q)-L0 = 0.0000023841857910
t = 69.4995, H(p,q)-H0 = 0.0000040531158447, L(p,q)-L0 = 0.0000025033950806
t = 69.5995, H(p,q)-H0 = 0.0000035762786865, L(p,q)-L0 = 0.0000022649765015
t = 69.6995, H(p,q)-H0 = 0.0000038146972656, L(p,q)-L0 = 0.0000023245811462
t = 69.7995, H(p,q)-H0 = 0.0000040531158447, L(p,q)-L0 = 0.0000023841857910
t = 69.8995, H(p,q)-H0 = 0.0000042319297791, L(p,q)-L0 = 0.0000026226043701
t = 69.9995, H(p,q)-H0 = 0.0000039935112000, L(p,q)-L0 = 0.0000023841857910
t = 70.0995, H(p,q)-H0 = 0.0000043213367462, L(p,q)-L0 = 0.0000025033950806
t = 70.1995, H(p,q)-H0 = 0.0000042617321014, L(p,q)-L0 = 0.0000023841857910
t = 70.2995, H(p,q)-H0 = 0.0000040531158447, L(p,q)-L0 = 0.0000022649765015
t = 70.3995, H(p,q)-H0 = 0.0000040531158447, L(p,q)-L0 = 0.0000021457672119
t = 70.4995, H(p,q)-H0 = 0.0000040531158447, L(p,q)-L0 = 0.0000022053718567
t = 70.5995, H(p,q)-H0 = 0.0000042617321014, L(p,q)-L0 = 0.0000023245811462
t = 70.6995, H(p,q)-H0 = 0.0000044107437134, L(p,q)-L0 = 0.0000025629997253
t = 70.7995, H(p,q)-H0 = 0.0000045299530029, L(p,q)-L0 = 0.0000026226043701
t = 70.8995, H(p,q)-H0 = 0.0000044703483582, L(p,q)-L0 = 0.0000026822090149
t = 70.9995, H(p,q)-H0 = 0.0000042915344238, L(p,q)-L0 = 0.0000025033950806
t = 71.0995, H(p,q)-H0 = 0.0000043511390686, L(p,q)-L0 = 0.0000025033950806
t = 71.1995, H(p,q)-H0 = 0.0000045895576477, L(p,q)-L0 = 0.0000028014183044
t = 71.2995, H(p,q)-H0 = 0.0000046193599701, L(p,q)-L0 = 0.0000028610229492
t = 71.3995, H(p,q)-H0 = 0.0000045299530029, L(p,q)-L0 = 0.0000027418136597
t = 71.4995, H(p,q)-H0 = 0.0000044107437134, L(p,q)-L0 = 0.0000026226043701
t = 71.5995, H(p,q)-H0 = 0.0000044703483582, L(p,q)-L0 = 0.0000026822090149
t = 71.6995, H(p,q)-H0 = 0.0000044703483582, L(p,q)-L0 = 0.0000026822090149
t = 71.7995, H(p,q)-H0 = 0.0000044703483582, L(p,q)-L0 = 0.0000026822090149
t = 71.8995, H(p,q)-H0 = 0.0000042915344238, L(p,q)-L0 = 0.0000025629997253
t = 71.9995, H(p,q)-H0 = 0.0000042915344238, L(p,q)-L0 = 0.0000025033950806
t = 72.0995, H(p,q)-H0 = 0.0000043511390686, L(p,q)-L0 = 0.0000025629997253
t = 72.1995, H(p,q)-H0 = 0.0000045299530029, L(p,q)-L0 = 0.0000027418136597
t = 72.2995, H(p,q)-H0 = 0.0000044107437134, L(p,q)-L0 = 0.0000026226043701
t = 72.3995, H(p,q)-H0 = 0.0000045001506805, L(p,q)-L0 = 0.0000028014183044
t = 72.4995, H(p,q)-H0 = 0.0000044703483582, L(p,q)-L0 = 0.0000027418136597
t = 72.5995, H(p,q)-H0 = 0.0000043511390686, L(p,q)-L0 = 0.0000025629997253
t = 72.6995, H(p,q)-H0 = 0.0000042021274567, L(p,q)-L0 = 0.0000023841857910
t = 72.7995, H(p,q)-H0 = 0.0000042617321014, L(p,q)-L0 = 0.0000024437904358
t = 72.8995, H(p,q)-H0 = 0.0000042915344238, L(p,q)-L0 = 0.0000025033950806
t = 72.9995, H(p,q)-H0 = 0.0000042319297791, L(p,q)-L0 = 0.0000025033950806
t = 73.0995, H(p,q)-H0 = 0.0000042021274567, L(p,q)-L0 = 0.0000023841857910
t = 73.1995, H(p,q)-H0 = 0.0000042915344238, L(p,q)-L0 = 0.0000026226043701
t = 73.2995, H(p,q)-H0 = 0.0000043511390686, L(p,q)-L0 = 0.0000026822090149
t = 73.3995, H(p,q)-H0 = 0.0000045299530029, L(p,q)-L0 = 0.0000028014183044
t = 73.4995, H(p,q)-H0 = 0.0000045001506805, L(p,q)-L0 = 0.0000028610229492
t = 73.5994, H(p,q)-H0 = 0.0000043809413910, L(p,q)-L0 = 0.0000027418136597
t = 73.6994, H(p,q)-H0 = 0.0000044405460358, L(p,q)-L0 = 0.0000028014183044
t = 73.7994, H(p,q)-H0 = 0.0000043809413910, L(p,q)-L0 = 0.0000027418136597
t = 73.8994, H(p,q)-H0 = 0.0000045001506805, L(p,q)-L0 = 0.0000027418136597
t = 73.9994, H(p,q)-H0 = 0.0000043511390686, L(p,q)-L0 = 0.0000027418136597
t = 74.0994, H(p,q)-H0 = 0.0000042319297791, L(p,q)-L0 = 0.0000027418136597
t = 74.1994, H(p,q)-H0 = 0.0000042021274567, L(p,q)-L0 = 0.0000025629997253
t = 74.2994, H(p,q)-H0 = 0.0000040829181671, L(p,q)-L0 = 0.0000025629997253
t = 74.3994, H(p,q)-H0 = 0.0000042021274567, L(p,q)-L0 = 0.0000026226043701
t = 74.4994, H(p,q)-H0 = 0.0000044703483582, L(p,q)-L0 = 0.0000027418136597
t = 74.5994, H(p,q)-H0 = 0.0000047087669373, L(p,q)-L0 = 0.0000027418136597
t = 74.6994, H(p,q)-H0 = 0.0000047683715820, L(p,q)-L0 = 0.0000026226043701
t = 74.7994, H(p,q)-H0 = 0.0000047087669373, L(p,q)-L0 = 0.0000026226043701
t = 74.8994, H(p,q)-H0 = 0.0000052452087402, L(p,q)-L0 = 0.0000028014183044
t = 74.9994, H(p,q)-H0 = 0.0000053644180298, L(p,q)-L0 = 0.0000028014183044
t = 75.0994, H(p,q)-H0 = 0.0000056028366089, L(p,q)-L0 = 0.0000028014183044
t = 75.1994, H(p,q)-H0 = 0.0000053644180298, L(p,q)-L0 = 0.0000027418136597
t = 75.2994, H(p,q)-H0 = 0.0000052452087402, L(p,q)-L0 = 0.0000028610229492
t = 75.3994, H(p,q)-H0 = 0.0000057220458984, L(p,q)-L0 = 0.0000029206275940
t = 75.4994, H(p,q)-H0 = 0.0000069141387939, L(p,q)-L0 = 0.0000032782554626
t = 75.5994, H(p,q)-H0 = 0.0000064373016357, L(p,q)-L0 = 0.0000030994415283
t = 75.6994, H(p,q)-H0 = 0.0000071525573730, L(p,q)-L0 = 0.0000032186508179
t = 75.7994, H(p,q)-H0 = 0.0000064373016357, L(p,q)-L0 = 0.0000029206275940
t = 75.8994, H(p,q)-H0 = 0.0000061392784119, L(p,q)-L0 = 0.0000027418136597
t = 75.9994, H(p,q)-H0 = 0.0000063180923462, L(p,q)-L0 = 0.0000029802322388
t = 76.0994, H(p,q)-H0 = 0.0000060796737671, L(p,q)-L0 = 0.0000027418136597
t = 76.1994, H(p,q)-H0 = 0.0000063180923462, L(p,q)-L0 = 0.0000029206275940
t = 76.2994, H(p,q)-H0 = 0.0000060200691223, L(p,q)-L0 = 0.0000027418136597
t = 76.3994, H(p,q)-H0 = 0.0000065565109253, L(p,q)-L0 = 0.0000030994415283
t = 76.4994, H(p,q)-H0 = 0.0000065267086029, L(p,q)-L0 = 0.0000030398368835
t = 76.5994, H(p,q)-H0 = 0.0000062882900238, L(p,q)-L0 = 0.0000028610229492
t = 76.6994, H(p,q)-H0 = 0.0000064074993134, L(p,q)-L0 = 0.0000029802322388
t = 76.7994, H(p,q)-H0 = 0.0000063776969910, L(p,q)-L0 = 0.0000028014183044
t = 76.8994, H(p,q)-H0 = 0.0000064373016357, L(p,q)-L0 = 0.0000028610229492
t = 76.9994, H(p,q)-H0 = 0.0000064373016357, L(p,q)-L0 = 0.0000027418136597
t = 77.0994, H(p,q)-H0 = 0.0000065267086029, L(p,q)-L0 = 0.0000028610229492
t = 77.1994, H(p,q)-H0 = 0.0000064373016357, L(p,q)-L0 = 0.0000027418136597
t = 77.2994, H(p,q)-H0 = 0.0000064373016357, L(p,q)-L0 = 0.0000028610229492
t = 77.3994, H(p,q)-H0 = 0.0000066459178925, L(p,q)-L0 = 0.0000030994415283
t = 77.4994, H(p,q)-H0 = 0.0000065863132477, L(p,q)-L0 = 0.0000030994415283
t = 77.5994, H(p,q)-H0 = 0.0000065565109253, L(p,q)-L0 = 0.0000030398368835
t = 77.6994, H(p,q)-H0 = 0.0000064671039581, L(p,q)-L0 = 0.0000029802322388
t = 77.7994, H(p,q)-H0 = 0.0000066757202148, L(p,q)-L0 = 0.0000031590461731
t = 77.8994, H(p,q)-H0 = 0.0000067353248596, L(p,q)-L0 = 0.0000032782554626
t = 77.9994, H(p,q)-H0 = 0.0000067949295044, L(p,q)-L0 = 0.0000033974647522
t = 78.0994, H(p,q)-H0 = 0.0000066161155701, L(p,q)-L0 = 0.0000030398368835
t = 78.1994, H(p,q)-H0 = 0.0000065565109253, L(p,q)-L0 = 0.0000029802322388
t = 78.2994, H(p,q)-H0 = 0.0000065565109253, L(p,q)-L0 = 0.0000030398368835
t = 78.3994, H(p,q)-H0 = 0.0000066459178925, L(p,q)-L0 = 0.0000030398368835
t = 78.4994, H(p,q)-H0 = 0.0000066161155701, L(p,q)-L0 = 0.0000030994415283
t = 78.5994, H(p,q)-H0 = 0.0000066459178925, L(p,q)-L0 = 0.0000031590461731
t = 78.6994, H(p,q)-H0 = 0.0000066757202148, L(p,q)-L0 = 0.0000032782554626
t = 78.7994, H(p,q)-H0 = 0.0000065863132477, L(p,q)-L0 = 0.0000031590461731
t = 78.8994, H(p,q)-H0 = 0.0000064969062805, L(p,q)-L0 = 0.0000029802322388
t = 78.9994, H(p,q)-H0 = 0.0000063776969910, L(p,q)-L0 = 0.0000028610229492
t = 79.0994, H(p,q)-H0 = 0.0000062584877014, L(p,q)-L0 = 0.0000026226043701
t = 79.1994, H(p,q)-H0 = 0.0000063180923462, L(p,q)-L0 = 0.0000026822090149
t = 79.2994, H(p,q)-H0 = 0.0000062584877014, L(p,q)-L0 = 0.0000025629997253
t = 79.3994, H(p,q)-H0 = 0.0000062584877014, L(p,q)-L0 = 0.0000025629997253
t = 79.4994, H(p,q)-H0 = 0.0000062584877014, L(p,q)-L0 = 0.0000025033950806
t = 79.5994, H(p,q)-H0 = 0.0000061392784119, L(p,q)-L0 = 0.0000025033950806
t = 79.6994, H(p,q)-H0 = 0.0000062286853790, L(p,q)-L0 = 0.0000026226043701
t = 79.7994, H(p,q)-H0 = 0.0000063776969910, L(p,q)-L0 = 0.0000028014183044
t = 79.8994, H(p,q)-H0 = 0.0000064969062805, L(p,q)-L0 = 0.0000028610229492
t = 79.9994, H(p,q)-H0 = 0.0000065267086029, L(p,q)-L0 = 0.0000029802322388
t = 80.0993, H(p,q)-H0 = 0.0000064373016357, L(p,q)-L0 = 0.0000028014183044
t = 80.1993, H(p,q)-H0 = 0.0000064373016357, L(p,q)-L0 = 0.0000028610229492
t = 80.2993, H(p,q)-H0 = 0.0000064074993134, L(p,q)-L0 = 0.0000027418136597
t = 80.3993, H(p,q)-H0 = 0.0000064671039581, L(p,q)-L0 = 0.0000028610229492
t = 80.4993, H(p,q)-H0 = 0.0000064074993134, L(p,q)-L0 = 0.0000028610229492
t = 80.5993, H(p,q)-H0 = 0.0000064671039581, L(p,q)-L0 = 0.0000029206275940
t = 80.6993, H(p,q)-H0 = 0.0000067055225372, L(p,q)-L0 = 0.0000030398368835
t = 80.7993, H(p,q)-H0 = 0.0000067353248596, L(p,q)-L0 = 0.0000030994415283
t = 80.8993, H(p,q)-H0 = 0.0000070333480835, L(p,q)-L0 = 0.0000032782554626
t = 80.9993, H(p,q)-H0 = 0.0000067949295044, L(p,q)-L0 = 0.0000032782554626
t = 81.0993, H(p,q)-H0 = 0.0000077486038208, L(p,q)-L0 = 0.0000037550926208
t = 81.1993, H(p,q)-H0 = 0.0000082254409790, L(p,q)-L0 = 0.0000041723251343
t = 81.2993, H(p,q)-H0 = 0.0000084638595581, L(p,q)-L0 = 0.0000042319297791
t = 81.3993, H(p,q)-H0 = 0.0000082254409790, L(p,q)-L0 = 0.0000041723251343
t = 81.4993, H(p,q)-H0 = 0.0000088214874268, L(p,q)-L0 = 0.0000042915344238
t = 81.5993, H(p,q)-H0 = 0.0000090599060059, L(p,q)-L0 = 0.0000043511390686
t = 81.6993, H(p,q)-H0 = 0.0000084638595581, L(p,q)-L0 = 0.0000042319297791
t = 81.7993, H(p,q)-H0 = 0.0000083446502686, L(p,q)-L0 = 0.0000041723251343
t = 81.8993, H(p,q)-H0 = 0.0000083446502686, L(p,q)-L0 = 0.0000041723251343
t = 81.9993, H(p,q)-H0 = 0.0000079870223999, L(p,q)-L0 = 0.0000041127204895
t = 82.0993, H(p,q)-H0 = 0.0000077486038208, L(p,q)-L0 = 0.0000041127204895
t = 82.1993, H(p,q)-H0 = 0.0000072121620178, L(p,q)-L0 = 0.0000039339065552
t = 82.2993, H(p,q)-H0 = 0.0000067949295044, L(p,q)-L0 = 0.0000036954879761
t = 82.3993, H(p,q)-H0 = 0.0000071525573730, L(p,q)-L0 = 0.0000038146972656
t = 82.4993, H(p,q)-H0 = 0.0000076889991760, L(p,q)-L0 = 0.0000042319297791
t = 82.5993, H(p,q)-H0 = 0.0000069737434387, L(p,q)-L0 = 0.0000035762786865
t = 82.6993, H(p,q)-H0 = 0.0000067949295044, L(p,q)-L0 = 0.0000035166740417
t = 82.7993, H(p,q)-H0 = 0.0000066757202148, L(p,q)-L0 = 0.0000034570693970
t = 82.8993, H(p,q)-H0 = 0.0000066757202148, L(p,q)-L0 = 0.0000033974647522
t = 82.9993, H(p,q)-H0 = 0.0000068247318268, L(p,q)-L0 = 0.0000035166740417
t = 83.0993, H(p,q)-H0 = 0.0000067949295044, L(p,q)-L0 = 0.0000034570693970
t = 83.1993, H(p,q)-H0 = 0.0000070333480835, L(p,q)-L0 = 0.0000036954879761
t = 83.2993, H(p,q)-H0 = 0.0000071525573730, L(p,q)-L0 = 0.0000038146972656
t = 83.3993, H(p,q)-H0 = 0.0000071823596954, L(p,q)-L0 = 0.0000038146972656
t = 83.4993, H(p,q)-H0 = 0.0000072121620178, L(p,q)-L0 = 0.0000039339065552
t = 83.5993, H(p,q)-H0 = 0.0000070035457611, L(p,q)-L0 = 0.0000037550926208
t = 83.6993, H(p,q)-H0 = 0.0000068545341492, L(p,q)-L0 = 0.0000036954879761
t = 83.7993, H(p,q)-H0 = 0.0000069737434387, L(p,q)-L0 = 0.0000037550926208
t = 83.8993, H(p,q)-H0 = 0.0000068545341492, L(p,q)-L0 = 0.0000036954879761
t = 83.9993, H(p,q)-H0 = 0.0000068545341492, L(p,q)-L0 = 0.0000036954879761
t = 84.0993, H(p,q)-H0 = 0.0000070035457611, L(p,q)-L0 = 0.0000037550926208
t = 84.1993, H(p,q)-H0 = 0.0000069141387939, L(p,q)-L0 = 0.0000037550926208
t = 84.2993, H(p,q)-H0 = 0.0000069141387939, L(p,q)-L0 = 0.0000037550926208
t = 84.3993, H(p,q)-H0 = 0.0000067353248596, L(p,q)-L0 = 0.0000034570693970
t = 84.4993, H(p,q)-H0 = 0.0000067651271820, L(p,q)-L0 = 0.0000034570693970
t = 84.5993, H(p,q)-H0 = 0.0000066459178925, L(p,q)-L0 = 0.0000032782554626
t = 84.6993, H(p,q)-H0 = 0.0000066161155701, L(p,q)-L0 = 0.0000032782554626
t = 84.7993, H(p,q)-H0 = 0.0000065565109253, L(p,q)-L0 = 0.0000032186508179
t = 84.8993, H(p,q)-H0 = 0.0000065565109253, L(p,q)-L0 = 0.0000030994415283
t = 84.9993, H(p,q)-H0 = 0.0000065267086029, L(p,q)-L0 = 0.0000030398368835
t = 85.0993, H(p,q)-H0 = 0.0000066161155701, L(p,q)-L0 = 0.0000030994415283
t = 85.1993, H(p,q)-H0 = 0.0000066757202148, L(p,q)-L0 = 0.0000031590461731
t = 85.2993, H(p,q)-H0 = 0.0000068843364716, L(p,q)-L0 = 0.0000035166740417
t = 85.3993, H(p,q)-H0 = 0.0000067651271820, L(p,q)-L0 = 0.0000032782554626
t = 85.4993, H(p,q)-H0 = 0.0000067651271820, L(p,q)-L0 = 0.0000032186508179
t = 85.5993, H(p,q)-H0 = 0.0000065565109253, L(p,q)-L0 = 0.0000030398368835
t = 85.6993, H(p,q)-H0 = 0.0000066459178925, L(p,q)-L0 = 0.0000031590461731
t = 85.7993, H(p,q)-H0 = 0.0000067949295044, L(p,q)-L0 = 0.0000033378601074
t = 85.8993, H(p,q)-H0 = 0.0000066757202148, L(p,q)-L0 = 0.0000033378601074
t = 85.9993, H(p,q)-H0 = 0.0000067055225372, L(p,q)-L0 = 0.0000032782554626
t = 86.0993, H(p,q)-H0 = 0.0000064969062805, L(p,q)-L0 = 0.0000029802322388
t = 86.1993, H(p,q)-H0 = 0.0000064074993134, L(p,q)-L0 = 0.0000030398368835
t = 86.2993, H(p,q)-H0 = 0.0000064373016357, L(p,q)-L0 = 0.0000030994415283
t = 86.3993, H(p,q)-H0 = 0.0000066161155701, L(p,q)-L0 = 0.0000032186508179
t = 86.4993, H(p,q)-H0 = 0.0000064969062805, L(p,q)-L0 = 0.0000031590461731
t = 86.5993, H(p,q)-H0 = 0.0000065565109253, L(p,q)-L0 = 0.0000032186508179
t = 86.6992, H(p,q)-H0 = 0.0000065863132477, L(p,q)-L0 = 0.0000033378601074
t = 86.7992, H(p,q)-H0 = 0.0000065565109253, L(p,q)-L0 = 0.0000032782554626
t = 86.8992, H(p,q)-H0 = 0.0000066161155701, L(p,q)-L0 = 0.0000033378601074
t = 86.9992, H(p,q)-H0 = 0.0000068545341492, L(p,q)-L0 = 0.0000035762786865
t = 87.0992, H(p,q)-H0 = 0.0000064969062805, L(p,q)-L0 = 0.0000033378601074
t = 87.1992, H(p,q)-H0 = 0.0000067353248596, L(p,q)-L0 = 0.0000034570693970
t = 87.2992, H(p,q)-H0 = 0.0000067353248596, L(p,q)-L0 = 0.0000035166740417
t = 87.3992, H(p,q)-H0 = 0.0000064969062805, L(p,q)-L0 = 0.0000033378601074
t = 87.4992, H(p,q)-H0 = 0.0000064373016357, L(p,q)-L0 = 0.0000033378601074
t = 87.5992, H(p,q)-H0 = 0.0000058412551880, L(p,q)-L0 = 0.0000030398368835
t = 87.6992, H(p,q)-H0 = 0.0000060796737671, L(p,q)-L0 = 0.0000030994415283
t = 87.7992, H(p,q)-H0 = 0.0000053644180298, L(p,q)-L0 = 0.0000029802322388
t = 87.8992, H(p,q)-H0 = 0.0000040531158447, L(p,q)-L0 = 0.0000026822090149
t = 87.9992, H(p,q)-H0 = 0.0000034570693970, L(p,q)-L0 = 0.0000025629997253
t = 88.0992, H(p,q)-H0 = 0.0000028610229492, L(p,q)-L0 = 0.0000024437904358
t = 88.1992, H(p,q)-H0 = 0.0000032186508179, L(p,q)-L0 = 0.0000026226043701
t = 88.2992, H(p,q)-H0 = 0.0000029802322388, L(p,q)-L0 = 0.0000025033950806
t = 88.3992, H(p,q)-H0 = 0.0000035762786865, L(p,q)-L0 = 0.0000027418136597
t = 88.4992, H(p,q)-H0 = 0.0000034570693970, L(p,q)-L0 = 0.0000027418136597
t = 88.5992, H(p,q)-H0 = 0.0000030994415283, L(p,q)-L0 = 0.0000025033950806
t = 88.6992, H(p,q)-H0 = 0.0000025629997253, L(p,q)-L0 = 0.0000021457672119
t = 88.7992, H(p,q)-H0 = 0.0000023841857910, L(p,q)-L0 = 0.0000020861625671
t = 88.8992, H(p,q)-H0 = 0.0000020265579224, L(p,q)-L0 = 0.0000017881393433
t = 88.9992, H(p,q)-H0 = 0.0000018179416656, L(p,q)-L0 = 0.0000016093254089
t = 89.0992, H(p,q)-H0 = 0.0000018477439880, L(p,q)-L0 = 0.0000016093254089
t = 89.1992, H(p,q)-H0 = 0.0000017583370209, L(p,q)-L0 = 0.0000015497207642
t = 89.2992, H(p,q)-H0 = 0.0000017583370209, L(p,q)-L0 = 0.0000015497207642
t = 89.3992, H(p,q)-H0 = 0.0000016689300537, L(p,q)-L0 = 0.0000014305114746
t = 89.4992, H(p,q)-H0 = 0.0000016391277313, L(p,q)-L0 = 0.0000014305114746
t = 89.5992, H(p,q)-H0 = 0.0000013411045074, L(p,q)-L0 = 0.0000013113021851
t = 89.6992, H(p,q)-H0 = 0.0000013709068298, L(p,q)-L0 = 0.0000012516975403
t = 89.7992, H(p,q)-H0 = 0.0000012814998627, L(p,q)-L0 = 0.0000012516975403
t = 89.8992, H(p,q)-H0 = 0.0000014305114746, L(p,q)-L0 = 0.0000014305114746
t = 89.9992, H(p,q)-H0 = 0.0000013113021851, L(p,q)-L0 = 0.0000013113021851
t = 90.0992, H(p,q)-H0 = 0.0000013113021851, L(p,q)-L0 = 0.0000013113021851
t = 90.1992, H(p,q)-H0 = 0.0000013113021851, L(p,q)-L0 = 0.0000013113021851
t = 90.2992, H(p,q)-H0 = 0.0000014305114746, L(p,q)-L0 = 0.0000016093254089
t = 90.3992, H(p,q)-H0 = 0.0000014305114746, L(p,q)-L0 = 0.0000015497207642
t = 90.4992, H(p,q)-H0 = 0.0000013709068298, L(p,q)-L0 = 0.0000015497207642
t = 90.5992, H(p,q)-H0 = 0.0000012814998627, L(p,q)-L0 = 0.0000014305114746
t = 90.6992, H(p,q)-H0 = 0.0000013113021851, L(p,q)-L0 = 0.0000014305114746
t = 90.7992, H(p,q)-H0 = 0.0000013113021851, L(p,q)-L0 = 0.0000014305114746
t = 90.8992, H(p,q)-H0 = 0.0000011324882507, L(p,q)-L0 = 0.0000011920928955
t = 90.9992, H(p,q)-H0 = 0.0000011920928955, L(p,q)-L0 = 0.0000013113021851
t = 91.0992, H(p,q)-H0 = 0.0000012814998627, L(p,q)-L0 = 0.0000014901161194
t = 91.1992, H(p,q)-H0 = 0.0000013113021851, L(p,q)-L0 = 0.0000014901161194
t = 91.2992, H(p,q)-H0 = 0.0000014901161194, L(p,q)-L0 = 0.0000016689300537
t = 91.3992, H(p,q)-H0 = 0.0000013709068298, L(p,q)-L0 = 0.0000014901161194
t = 91.4992, H(p,q)-H0 = 0.0000013709068298, L(p,q)-L0 = 0.0000016689300537
t = 91.5992, H(p,q)-H0 = 0.0000012516975403, L(p,q)-L0 = 0.0000014305114746
t = 91.6992, H(p,q)-H0 = 0.0000013113021851, L(p,q)-L0 = 0.0000014305114746
t = 91.7992, H(p,q)-H0 = 0.0000014603137970, L(p,q)-L0 = 0.0000015497207642
t = 91.8992, H(p,q)-H0 = 0.0000013709068298, L(p,q)-L0 = 0.0000014901161194
t = 91.9992, H(p,q)-H0 = 0.0000013709068298, L(p,q)-L0 = 0.0000014901161194
t = 92.0992, H(p,q)-H0 = 0.0000014007091522, L(p,q)-L0 = 0.0000014305114746
t = 92.1992, H(p,q)-H0 = 0.0000014901161194, L(p,q)-L0 = 0.0000015497207642
t = 92.2992, H(p,q)-H0 = 0.0000016093254089, L(p,q)-L0 = 0.0000016689300537
t = 92.3992, H(p,q)-H0 = 0.0000014901161194, L(p,q)-L0 = 0.0000015497207642
t = 92.4992, H(p,q)-H0 = 0.0000013113021851, L(p,q)-L0 = 0.0000013113021851
t = 92.5992, H(p,q)-H0 = 0.0000014603137970, L(p,q)-L0 = 0.0000014305114746
t = 92.6992, H(p,q)-H0 = 0.0000014007091522, L(p,q)-L0 = 0.0000013709068298
t = 92.7992, H(p,q)-H0 = 0.0000013113021851, L(p,q)-L0 = 0.0000012516975403
t = 92.8992, H(p,q)-H0 = 0.0000012218952179, L(p,q)-L0 = 0.0000012516975403
t = 92.9992, H(p,q)-H0 = 0.0000012218952179, L(p,q)-L0 = 0.0000012516975403
t = 93.0992, H(p,q)-H0 = 0.0000011622905731, L(p,q)-L0 = 0.0000011920928955
t = 93.1992, H(p,q)-H0 = 0.0000011026859283, L(p,q)-L0 = 0.0000010132789612
t = 93.2991, H(p,q)-H0 = 0.0000013709068298, L(p,q)-L0 = 0.0000011324882507
t = 93.3991, H(p,q)-H0 = 0.0000010728836060, L(p,q)-L0 = 0.0000009536743164
t = 93.4991, H(p,q)-H0 = 0.0000011920928955, L(p,q)-L0 = 0.0000010728836060
t = 93.5991, H(p,q)-H0 = 0.0000007152557373, L(p,q)-L0 = 0.0000007152557373
t = 93.6991, H(p,q)-H0 = 0.0000007748603821, L(p,q)-L0 = 0.0000005960464478
t = 93.7991, H(p,q)-H0 = 0.0000010728836060, L(p,q)-L0 = 0.0000007152557373
t = 93.8991, H(p,q)-H0 = 0.0000011920928955, L(p,q)-L0 = 0.0000008344650269
t = 93.9991, H(p,q)-H0 = 0.0000014305114746, L(p,q)-L0 = 0.0000008344650269
t = 94.0991, H(p,q)-H0 = 0.0000014305114746, L(p,q)-L0 = 0.0000008344650269
t = 94.1991, H(p,q)-H0 = 0.0000014305114746, L(p,q)-L0 = 0.0000008344650269
t = 94.2991, H(p,q)-H0 = 0.0000015497207642, L(p,q)-L0 = 0.0000008344650269
t = 94.3991, H(p,q)-H0 = 0.0000015497207642, L(p,q)-L0 = 0.0000008344650269
t = 94.4991, H(p,q)-H0 = 0.0000016689300537, L(p,q)-L0 = 0.0000009536743164
t = 94.5991, H(p,q)-H0 = 0.0000013113021851, L(p,q)-L0 = 0.0000008344650269
t = 94.6991, H(p,q)-H0 = 0.0000013113021851, L(p,q)-L0 = 0.0000009536743164
t = 94.7991, H(p,q)-H0 = 0.0000011920928955, L(p,q)-L0 = 0.0000009536743164
t = 94.8991, H(p,q)-H0 = 0.0000013113021851, L(p,q)-L0 = 0.0000008344650269
t = 94.9991, H(p,q)-H0 = 0.0000014305114746, L(p,q)-L0 = 0.0000008940696716
t = 95.0991, H(p,q)-H0 = 0.0000011920928955, L(p,q)-L0 = 0.0000007748603821
t = 95.1991, H(p,q)-H0 = 0.0000011324882507, L(p,q)-L0 = 0.0000007748603821
t = 95.2991, H(p,q)-H0 = 0.0000011026859283, L(p,q)-L0 = 0.0000006556510925
t = 95.3991, H(p,q)-H0 = 0.0000012516975403, L(p,q)-L0 = 0.0000007748603821
t = 95.4991, H(p,q)-H0 = 0.0000012814998627, L(p,q)-L0 = 0.0000008344650269
t = 95.5991, H(p,q)-H0 = 0.0000014603137970, L(p,q)-L0 = 0.0000009536743164
t = 95.6991, H(p,q)-H0 = 0.0000013411045074, L(p,q)-L0 = 0.0000007152557373
t = 95.7991, H(p,q)-H0 = 0.0000012814998627, L(p,q)-L0 = 0.0000008344650269
t = 95.8991, H(p,q)-H0 = 0.0000013709068298, L(p,q)-L0 = 0.0000010132789612
t = 95.9991, H(p,q)-H0 = 0.0000014305114746, L(p,q)-L0 = 0.0000009536743164
t = 96.0991, H(p,q)-H0 = 0.0000013709068298, L(p,q)-L0 = 0.0000007748603821
t = 96.1991, H(p,q)-H0 = 0.0000013709068298, L(p,q)-L0 = 0.0000008344650269
t = 96.2991, H(p,q)-H0 = 0.0000013113021851, L(p,q)-L0 = 0.0000007152557373
t = 96.3991, H(p,q)-H0 = 0.0000014901161194, L(p,q)-L0 = 0.0000009536743164
t = 96.4991, H(p,q)-H0 = 0.0000012516975403, L(p,q)-L0 = 0.0000007152557373
t = 96.5991, H(p,q)-H0 = 0.0000013113021851, L(p,q)-L0 = 0.0000008344650269
t = 96.6991, H(p,q)-H0 = 0.0000014007091522, L(p,q)-L0 = 0.0000008940696716
t = 96.7991, H(p,q)-H0 = 0.0000014305114746, L(p,q)-L0 = 0.0000010132789612
t = 96.8991, H(p,q)-H0 = 0.0000013411045074, L(p,q)-L0 = 0.0000009536743164
t = 96.9991, H(p,q)-H0 = 0.0000014305114746, L(p,q)-L0 = 0.0000010728836060
t = 97.0991, H(p,q)-H0 = 0.0000015497207642, L(p,q)-L0 = 0.0000012516975403
t = 97.1991, H(p,q)-H0 = 0.0000014901161194, L(p,q)-L0 = 0.0000011324882507
t = 97.2991, H(p,q)-H0 = 0.0000016093254089, L(p,q)-L0 = 0.0000013113021851
t = 97.3991, H(p,q)-H0 = 0.0000016987323761, L(p,q)-L0 = 0.0000013113021851
t = 97.4991, H(p,q)-H0 = 0.0000017583370209, L(p,q)-L0 = 0.0000014305114746
t = 97.5991, H(p,q)-H0 = 0.0000016391277313, L(p,q)-L0 = 0.0000012516975403
t = 97.6991, H(p,q)-H0 = 0.0000017285346985, L(p,q)-L0 = 0.0000014305114746
t = 97.7991, H(p,q)-H0 = 0.0000016093254089, L(p,q)-L0 = 0.0000012516975403
t = 97.8991, H(p,q)-H0 = 0.0000017583370209, L(p,q)-L0 = 0.0000015497207642
t = 97.9991, H(p,q)-H0 = 0.0000016093254089, L(p,q)-L0 = 0.0000014305114746
t = 98.0991, H(p,q)-H0 = 0.0000015497207642, L(p,q)-L0 = 0.0000013709068298
t = 98.1991, H(p,q)-H0 = 0.0000015795230865, L(p,q)-L0 = 0.0000013709068298
t = 98.2991, H(p,q)-H0 = 0.0000014901161194, L(p,q)-L0 = 0.0000014305114746
t = 98.3991, H(p,q)-H0 = 0.0000015497207642, L(p,q)-L0 = 0.0000014305114746
t = 98.4991, H(p,q)-H0 = 0.0000014305114746, L(p,q)-L0 = 0.0000013113021851
t = 98.5991, H(p,q)-H0 = 0.0000012516975403, L(p,q)-L0 = 0.0000011920928955
t = 98.6991, H(p,q)-H0 = 0.0000013709068298, L(p,q)-L0 = 0.0000010728836060
t = 98.7991, H(p,q)-H0 = 0.0000013113021851, L(p,q)-L0 = 0.0000010728836060
t = 98.8991, H(p,q)-H0 = 0.0000012516975403, L(p,q)-L0 = 0.0000010132789612
t = 98.9991, H(p,q)-H0 = 0.0000010430812836, L(p,q)-L0 = 0.0000008344650269
t = 99.0991, H(p,q)-H0 = 0.0000009536743164, L(p,q)-L0 = 0.0000007152557373
t = 99.1991, H(p,q)-H0 = 0.0000009834766388, L(p,q)-L0 = 0.0000007748603821
t = 99.2991, H(p,q)-H0 = 0.0000010728836060, L(p,q)-L0 = 0.0000010132789612
t = 99.3991, H(p,q)-H0 = 0.0000011622905731, L(p,q)-L0 = 0.0000011324882507
t = 99.4991, H(p,q)-H0 = 0.0000009536743164, L(p,q)-L0 = 0.0000008940696716
t = 99.5991, H(p,q)-H0 = 0.0000008940696716, L(p,q)-L0 = 0.0000008940696716
t = 99.6991, H(p,q)-H0 = 0.0000007152557373, L(p,q)-L0 = 0.0000008344650269
t = 99.7990, H(p,q)-H0 = 0.0000010132789612, L(p,q)-L0 = 0.0000008940696716
t = 99.8990, H(p,q)-H0 = 0.0000010132789612, L(p,q)-L0 = 0.0000008344650269
t = 99.9990, H(p,q)-H0 = 0.0000009536743164, L(p,q)-L0 = 0.0000008940696716
Current time                 = 99.99904632568359
Steps                        = 10000
Step attempts                = 10000
Stability limited steps      = 0
Accuracy limited steps       = 0
Error test fails             = 0
NLS step fails               = 0
Inequality constraint fails  = 0
Initial step size            = 0.009999999776482582
Last step size               = 0.009979243390262127
Current step size            = 0.009979243390262127
f1 RHS fn evals              = 40001
f2 RHS fn evals              = 40001
