
Nonlinear Kvaerno-Prothero-Robinson test problem with mass matrix:
    time domain:  (-3,7]
    Time-dependent mass matrix
    ARK solver, order = 5
    Newton nonlinear solver
    Adaptive run with reltol = 1e-05, abstol = 1e-11
    G = -100
    g = 10
    e = 0.5

        t           u           v       uerr      verr
   ------------------------------------------------------
   -3.000000    0.710636    1.363407  0.00e+00  0.00e+00
   -2.900000    0.717243    1.327758  5.82e-05  8.26e-04
   -2.800000    0.728596    1.287693  1.35e-03  2.66e-03
   -2.700000    0.741320    1.253345  1.07e-03  6.96e-04
   -2.600000    0.756408    1.217733  3.95e-04  6.67e-04
   -2.500000    0.776779    1.181626  2.55e-03  2.24e-03
   -2.400001    0.794408    1.151538  1.38e-04  6.53e-04
   -2.300001    0.819003    1.118002  2.39e-03  1.95e-03
   -2.200001    0.841846    1.090980  1.76e-03  5.81e-04
   -2.100001    0.864964    1.065946  3.39e-04  2.58e-04
   -2.000001    0.895307    1.042379  5.41e-03  1.99e-03
   -1.900001    0.919438    1.026017  3.82e-03  4.82e-04
   -1.800001    0.940692    1.013359  7.95e-04  3.67e-04
   -1.700001    0.972524    1.003661  5.27e-03  4.98e-04
   -1.600001    1.004819    1.000532  1.21e-02  3.19e-04
   -1.500001    1.031466    1.002743  1.39e-02  1.49e-03
   -1.400001    1.051688    1.008737  1.01e-02  1.49e-03
   -1.300001    1.068417    1.018093  3.64e-03  3.49e-05
   -1.200001    1.086576    1.032358  2.44e-04  1.06e-03
   -1.100001    1.107507    1.052817  1.02e-04  1.75e-04
   -1.000001    1.128341    1.077996  1.33e-03  1.65e-03
   -0.900001    1.146734    1.105607  1.83e-03  2.58e-03
   -0.800001    1.162824    1.135340  1.64e-03  2.80e-03
   -0.700001    1.176803    1.166674  1.04e-03  2.29e-03
   -0.600001    1.189079    1.199548  5.22e-04  1.48e-03
   -0.500001    1.199433    1.232687  6.35e-05  4.29e-04
   -0.400001    1.208377    1.267471  1.47e-04  1.62e-03
   -0.300001    1.215721    1.304727  1.28e-04  8.30e-04
   -0.200001    1.220937    1.343479  2.68e-04  1.34e-03
   -0.100001    1.223770    1.382068  4.57e-05  3.60e-03
   -0.000001    1.224350    1.419225  3.95e-04  5.01e-03
    0.099999    1.222995    1.454140  7.30e-04  5.06e-03
    0.199999    1.219992    1.486451  6.77e-04  3.66e-03
    0.299999    1.215402    1.516208  1.92e-04  1.11e-03
    0.399999    1.208631    1.544577  1.07e-04  1.20e-03
    0.499999    1.198711    1.573711  7.85e-04  9.08e-04
    0.599999    1.186048    1.602067  2.51e-03  6.17e-04
    0.699999    1.171424    1.628301  4.34e-03  2.20e-03
    0.799999    1.155686    1.651560  5.50e-03  3.12e-03
    0.899999    1.139533    1.671436  5.37e-03  3.11e-03
    0.999999    1.123224    1.687887  3.79e-03  2.22e-03
    1.099999    1.106347    1.701161  1.26e-03  8.06e-04
    1.199999    1.087297    1.711866  4.76e-04  4.53e-04
    1.299999    1.063602    1.721048  1.17e-03  4.50e-04
    1.399999    1.036905    1.727855  4.72e-03  9.54e-06
    1.500000    1.009312    1.731612  8.22e-03  2.85e-04
    1.600000    0.982530    1.732091  1.01e-02  1.64e-04
    1.700000    0.957599    1.729405  9.65e-03  2.38e-04
    1.800000    0.934691    1.723889  6.80e-03  5.95e-04
    1.900000    0.912986    1.715971  2.63e-03  5.08e-04
    2.000000    0.890500    1.705938  5.97e-04  2.72e-04
    2.100000    0.864005    1.692646  6.21e-04  5.44e-04
    2.200000    0.835912    1.675664  4.18e-03  1.93e-04
    2.299999    0.809224    1.655373  7.39e-03  1.64e-03
    2.399999    0.785832    1.632442  8.71e-03  3.24e-03
    2.499999    0.766739    1.607726  7.49e-03  4.25e-03
    2.599999    0.752327    1.582634  3.69e-03  3.40e-03
    2.699999    0.740637    1.558894  3.91e-04  8.89e-04
    2.799999    0.725533    1.526822  1.71e-03  1.24e-03
    2.899999    0.715312    1.491773  1.99e-03  4.64e-03
    2.999999    0.710832    1.464528  1.96e-04  1.27e-03
    3.099999    0.707413    1.424147  1.19e-07  4.69e-03
    3.199999    0.708119    1.394194  4.10e-04  7.71e-04
    3.299999    0.712642    1.353435  1.12e-03  3.86e-03
    3.399998    0.720979    1.318775  2.23e-03  2.00e-03
    3.499998    0.729275    1.284055  4.80e-05  1.64e-04
    3.599998    0.747063    1.243752  4.35e-03  4.24e-03
    3.699998    0.759455    1.213518  5.42e-04  1.01e-03
    3.799998    0.781255    1.174662  3.75e-03  3.53e-03
    3.899998    0.802217    1.144162  4.07e-03  1.37e-03
    3.999998    0.820859    1.114588  3.85e-04  4.00e-04
    4.099998    0.850471    1.084321  6.32e-03  2.75e-03
    4.199998    0.869116    1.062979  2.84e-04  7.05e-04
    4.299998    0.898928    1.039231  4.73e-03  1.84e-03
    4.399998    0.923889    1.023536  3.93e-03  3.77e-04
    4.499998    0.956830    1.009865  1.10e-02  1.31e-03
    4.599998    0.974786    1.002982  3.23e-03  1.67e-04
    4.699997    0.997682    1.000082  7.84e-04  4.39e-05
    4.799997    1.026443    1.002750  4.80e-03  8.34e-04
    4.899997    1.046654    1.008661  1.07e-03  7.39e-05
    4.999997    1.072389    1.022152  3.82e-03  1.82e-03
    5.099997    1.091640    1.036421  1.23e-03  7.51e-06
    5.199997    1.113854    1.059174  2.88e-03  2.51e-03
    5.299997    1.131402    1.080842  1.28e-03  2.26e-04
    5.399997    1.149802    1.110662  2.05e-03  2.86e-03
    5.499997    1.164952    1.138321  1.19e-03  5.79e-04
    5.599997    1.179380    1.172819  1.34e-03  2.89e-03
    5.699996    1.191512    1.204861  9.85e-04  9.88e-04
    5.799996    1.201931    1.241783  7.82e-04  2.67e-03
    5.899996    1.210536    1.276591  6.86e-04  1.40e-03
    5.999996    1.216957    1.313984  3.69e-04  2.27e-03
    6.099996    1.221590    1.350033  2.65e-04  1.76e-03
    6.199996    1.224121    1.386291  8.19e-05  1.77e-03
    6.299996    1.224448    1.422196  2.68e-04  2.05e-03
    6.399996    1.223276    1.456047  7.74e-05  1.21e-03
    6.499996    1.219048    1.490568  9.08e-04  2.24e-03
    6.599996    1.214429    1.521033  1.15e-04  6.59e-04
    6.699996    1.205489    1.553075  1.65e-03  2.32e-03
    6.799995    1.197751    1.579428  3.89e-05  1.53e-04
    6.899995    1.184061    1.608021  2.47e-03  2.27e-03
    6.999995    1.173562    1.629786  1.26e-04  2.40e-04
   ------------------------------------------------------

Final Solver Statistics:
   Internal solver steps = 146 (attempted = 147)
   Total number of error test failures = 0
   Total RHS evals:  Fe = 1275,  Fi = 4636
   Total mass matrix setups = 1226
   Total mass matrix solves = 2593
   Total mass times evals = 3507
   Total number of Jacobian evaluations = 186
   Total linear solver setups = 186
   Total number of Nonlinear iterations = 3361
   Total number of Nonlinear convergence failures = 177
   Errors: u = 0.00395019, v = 0.0019952, total = 0.00312928
