
Multirate nonlinear Kvaerno-Prothero-Robinson test problem:
    time domain:  (0,5]
    hs = 0.005
    hf = 5e-05
    G = -100
    w = 100
    e = 0.5
    solver: exp-4/exp-3 (MRI-GARK-ERK45a / ERK-3-3)

        t           u           v       uerr      verr
   ------------------------------------------------------
    0.000000    1.224745    1.732051  0.00e+00  0.00e+00
    0.100000    1.223731    1.077469  6.20e-06  4.77e-06
    0.200000    1.220452    1.385795  2.17e-04  1.66e-01
    0.300000    1.215293    1.615258  3.01e-04  1.48e-01
    0.400000    1.208109    1.028436  4.15e-04  1.26e-01
    0.500000    1.198989    1.724116  5.07e-04  2.21e-03
    0.600000    1.187968    1.144745  5.89e-04  1.21e-01
    0.700000    1.175071    1.478125  6.93e-04  1.45e-01
    0.800000    1.160398    1.542584  7.88e-04  1.68e-01
    0.900000    1.144038    1.085524  8.66e-04  1.60e-01
    1.000000    1.126073    1.731888  9.37e-04  4.00e-02
    1.100000    1.106600    1.069760  1.01e-03  6.93e-02
    1.200000    1.085741    1.560841  1.08e-03  1.17e-01
    1.300000    1.063626    1.457187  1.15e-03  1.79e-01
    1.400000    1.040440    1.164702  1.18e-03  1.78e-01
    1.500000    1.016306    1.719384  1.22e-03  7.64e-02
    1.600000    0.991418    1.019082  1.26e-03  6.97e-03
    1.700000    0.965961    1.630051  1.29e-03  8.40e-02
    1.800000    0.940195    1.363330  1.29e-03  1.79e-01
    1.900000    0.914328    1.256964  1.29e-03  1.80e-01
    2.000000    0.888620    1.686880  1.28e-03  1.10e-01
    2.100000    0.864632    1.057077  6.79e-06  6.14e-04
    2.200000    0.840090    1.730647  8.34e-07  2.73e-04
    2.300000    0.816624    1.101725  7.39e-06  6.79e-04
    2.400000    0.794546    1.524797  4.77e-07  2.59e-04
    2.500000    0.774233    1.497300  4.95e-06  3.17e-04
    2.600000    0.756017    1.127332  4.23e-06  4.66e-04
    2.700000    0.740245    1.727280  7.15e-07  2.55e-04
    2.799999    0.727250    1.039253  2.09e-06  8.71e-04
    2.899999    0.717299    1.600084  2.44e-06  6.91e-04
    2.999999    0.710637    1.407182  1.19e-06  8.24e-04
    3.099999    0.707412    1.213824  6.56e-07  5.61e-04
    3.199999    0.707709    1.704000  1.79e-07  1.43e-05
    3.299999    0.711522    1.005130  2.50e-06  7.45e-04
    3.399999    0.718750    1.660334  9.54e-07  9.15e-04
    3.499999    0.729231    1.311446  4.65e-06  1.39e-03
    3.599999    0.742715    1.308951  3.28e-06  1.17e-03
    3.699999    0.758918    1.661652  4.41e-06  4.45e-04
    3.799999    0.777512    1.004663  5.96e-06  2.65e-04
    3.899998    0.798150    1.703123  6.79e-06  9.14e-04
    3.999998    0.820481    1.216174  7.39e-06  1.85e-03
    4.099998    0.844089    1.416379  5.99e-05  9.97e-03
    4.199998    0.868757    1.598628  7.44e-05  2.11e-03
    4.299998    0.894146    1.062792  5.71e-05  2.44e-02
    4.399998    0.919822    1.717139  1.41e-04  1.04e-02
    4.499998    0.945806    1.146783  2.75e-05  2.00e-02
    4.599998    0.971414    1.496227  1.43e-04  8.16e-04
    4.699998    0.996825    1.524164  7.24e-05  8.40e-04
    4.799998    1.021556    1.119104  8.36e-05  1.80e-02
    4.899998    1.045462    1.718080  1.26e-04  1.28e-02
    4.999998    1.068542    1.077709  2.24e-05  2.13e-02
   ------------------------------------------------------

Final Solver Statistics:
   Steps: nsts = 1000, nstf = 99087
   u error = 6.059e-04, v error = 8.130e-02, total error = 5.749e-02
   Total RHS evals:  Fs = 5001,  Ff = 298263
