
1D Brusselator PDE test problem:
    N = 201
    problem parameters:  a = 0.6,  b = 2,  ep = 1e-05
    diffusion coefficients:  du = 0.001,  dv = 0.001,  dw = 0.001
    reltol = 1.0e-06,  abstol = 1.0e-10

        t      ||u||_rms   ||v||_rms   ||w||_rms
   ----------------------------------------------
    0.100000    0.675777    3.378309    1.999985
    0.200000    0.688579    3.357670    1.999986
    0.300000    0.702700    3.334559    1.999985
    0.400000    0.718393    3.308585    1.999985
    0.500000    0.735694    3.279744    1.999985
    0.600000    0.755001    3.247450    1.999985
    0.700000    0.776357    3.211690    1.999985
    0.800000    0.800243    3.171758    1.999984
    0.900000    0.826671    3.127746    1.999984
    1.000000    0.855984    3.079183    1.999983
    1.100000    0.888507    3.025589    1.999982
    1.200000    0.923900    2.967470    1.999982
    1.300000    0.962262    2.904432    1.999982
    1.400000    1.002539    2.837679    1.999981
    1.500000    1.043964    2.767478    1.999981
    1.600000    1.084367    2.695935    1.999979
    1.700000    1.121932    2.624049    1.999978
    1.800000    1.153857    2.554413    1.999977
    1.900000    1.178240    2.488075    1.999977
    2.000000    1.193227    2.427154    1.999977
    2.100000    1.198210    2.372300    1.999976
    2.200000    1.193233    2.323869    1.999976
    2.300000    1.179115    2.282602    1.999976
    2.400000    1.156918    2.248085    1.999977
    2.500000    1.128262    2.220526    1.999978
    2.600000    1.094277    2.199401    1.999978
    2.700000    1.056643    2.184637    1.999979
    2.799999    1.016180    2.175745    1.999980
    2.899999    0.974342    2.172454    1.999982
    2.999999    0.931584    2.174333    1.999983
    3.099999    0.889080    2.180945    1.999984
    3.199999    0.847207    2.191848    1.999984
    3.299999    0.806228    2.206675    1.999984
    3.399999    0.766925    2.224821    1.999985
    3.499999    0.729159    2.246025    1.999986
    3.599999    0.693494    2.269644    1.999986
    3.699999    0.659674    2.295525    1.999987
    3.799999    0.628098    2.323035    1.999988
    3.899998    0.598448    2.352133    1.999988
    3.999998    0.571003    2.382238    1.999988
    4.099998    0.545556    2.413248    1.999989
    4.199998    0.521927    2.445114    1.999989
    4.299998    0.500283    2.477330    1.999989
    4.399998    0.480418    2.509912    1.999990
    4.499998    0.462158    2.542901    1.999990
    4.599998    0.445605    2.575858    1.999991
    4.699998    0.430499    2.609033    1.999991
    4.799998    0.416910    2.642016    1.999991
    4.899998    0.404670    2.674917    1.999992
    4.999998    0.393638    2.707857    1.999992
    5.099998    0.383843    2.740461    1.999992
    5.199997    0.375142    2.772869    1.999993
    5.299997    0.367414    2.805219    1.999993
    5.399997    0.360659    2.837158    1.999993
    5.499997    0.354758    2.868844    1.999993
    5.599997    0.349612    2.900422    1.999993
    5.699997    0.345205    2.931563    1.999994
    5.799997    0.341423    2.962582    1.999994
    5.899997    0.338246    2.993157    1.999994
    5.999997    0.335595    3.023447    1.999994
    6.099997    0.333408    3.053605    1.999994
    6.199996    0.331661    3.083318    1.999994
    6.299996    0.330297    3.112745    1.999994
    6.399996    0.329275    3.142041    1.999994
    6.499996    0.328569    3.170897    1.999994
    6.599996    0.328144    3.199465    1.999994
    6.699996    0.327970    3.227891    1.999994
    6.799996    0.328027    3.255885    1.999994
    6.899996    0.328291    3.283595    1.999994
    6.999996    0.328747    3.311159    1.999994
    7.099996    0.329373    3.338293    1.999994
    7.199996    0.330163    3.365271    1.999994
    7.299995    0.331095    3.391818    1.999994
    7.399995    0.332162    3.418066    1.999994
    7.499995    0.333364    3.444146    1.999994
    7.599995    0.334678    3.469790    1.999994
    7.699995    0.336105    3.495128    1.999994
    7.799995    0.337649    3.520285    1.999994
    7.899995    0.339290    3.544996    1.999994
    7.999995    0.341031    3.569386    1.999994
    8.099995    0.342880    3.593567    1.999994
    8.199995    0.344827    3.617404    1.999994
    8.299995    0.346860    3.640773    1.999994
    8.399996    0.349001    3.663903    1.999994
    8.499996    0.351227    3.686554    1.999994
    8.599997    0.353563    3.708949    1.999994
    8.699997    0.355987    3.730847    1.999994
    8.799997    0.358526    3.752458    1.999994
    8.899998    0.361158    3.773552    1.999994
    8.999998    0.363913    3.794332    1.999993
    9.099998    0.366767    3.814568    1.999993
    9.199999    0.369756    3.834456    1.999993
    9.299999    0.372855    3.853765    1.999993
    9.400000    0.376102    3.872691    1.999993
    9.500000    0.379491    3.891101    1.999993
    9.600000    0.383011    3.908884    1.999992
    9.700001    0.386708    3.926203    1.999992
    9.800001    0.390556    3.942846    1.999992
    9.900002    0.394608    3.958945    1.999992
   10.000000    0.398836    3.974316    1.999992
   ----------------------------------------------

Final Solver Statistics:
   Internal solver steps = 19458 (attempted = 19458)
   Total RHS evals:  Fe = 116751,  Fi = 311331
   Total linear solver setups = 0
   Total linear iterations = 426782
   Total linear convergence failures = 0
   Total J*v evaluations = 426782
   Total RHS evals in linear solver = 0
   Total number of Newton iterations = 194580
   Total number of nonlinear solver convergence failures = 0
   Total number of error test failures = 0

