
Analytical ODE test problem:
   reltol = 1.0e-06
   abstol = 1.0e-10

        t           u
   ---------------------
    1.000000    0.958238
    2.000000    1.674084
    3.000000    2.160835
    4.000000    2.616322
    5.000000    2.992316
    6.000000    3.270036
    7.000000    3.514439
    8.000000    3.785685
    9.000000    3.930758
   10.000000    4.130522
   ---------------------

Final Statistics:
Current time                 = 10.1094970703125
Steps                        = 137
Step attempts                = 146
Stability limited steps      = 0
Accuracy limited steps       = 146
Error test fails             = 9
NLS step fails               = 0
Inequality constraint fails  = 0
Initial step size            = 3.452669972148215e-08
Last step size               = 0.3550115525722504
Current step size            = 0.3550115525722504
RHS fn evals                 = 722
