
Nonlinear Kvaerno-Prothero-Robinson test problem with mass matrix:
    time domain:  (-3,7]
    Time-dependent mass matrix
    ERK solver, order = 8
    Adaptive run with reltol = 1e-05, abstol = 1e-11
    G = -10
    g = 10
    e = 0.5

        t           u           v       uerr      verr
   ------------------------------------------------------
   -3.000000    0.710636    1.363407  0.00e+00  0.00e+00
   -2.900000    0.717077    1.327979  2.24e-04  1.05e-03
   -2.800000    0.726800    1.291533  4.48e-04  1.18e-03
   -2.700000    0.739552    1.255343  6.94e-04  1.30e-03
   -2.600000    0.755163    1.219689  8.50e-04  1.29e-03
   -2.500000    0.773241    1.185122  9.86e-04  1.26e-03
   -2.400001    0.793446    1.152100  1.10e-03  1.21e-03
   -2.300001    0.815426    1.121105  1.19e-03  1.15e-03
   -2.200001    0.838833    1.092632  1.26e-03  1.07e-03
   -2.100001    0.863326    1.067178  1.30e-03  9.74e-04
   -2.000001    0.888583    1.045227  1.32e-03  8.60e-04
   -1.900001    0.914299    1.027230  1.32e-03  7.31e-04
   -1.800001    0.940189    1.013580  1.30e-03  5.88e-04
   -1.700001    0.965990    1.004593  1.26e-03  4.34e-04
   -1.600001    0.991461    1.000484  1.21e-03  2.71e-04
   -1.500001    1.016380    1.001356  1.15e-03  1.05e-04
   -1.400001    1.040546    1.007187  1.08e-03  6.14e-05
   -1.300001    1.063774    1.017835  1.00e-03  2.23e-04
   -1.200001    1.085898    1.033046  9.22e-04  3.76e-04
   -1.100001    1.106770    1.052476  8.39e-04  5.16e-04
   -1.000001    1.126253    1.075708  7.57e-04  6.42e-04
   -0.900001    1.144228    1.102277  6.76e-04  7.52e-04
   -0.800001    1.160590    1.131694  5.96e-04  8.44e-04
   -0.700001    1.175245    1.163461  5.19e-04  9.20e-04
   -0.600001    1.188113    1.197085  4.44e-04  9.79e-04
   -0.500001    1.199125    1.232092  3.72e-04  1.02e-03
   -0.400001    1.208223    1.268033  3.01e-04  1.05e-03
   -0.300001    1.215361    1.304485  2.33e-04  1.07e-03
   -0.200001    1.220503    1.341057  1.66e-04  1.08e-03
   -0.100001    1.223625    1.377388  9.94e-05  1.08e-03
   -0.000001    1.224711    1.413146  3.36e-05  1.07e-03
    0.099999    1.223757    1.448030  3.27e-05  1.05e-03
    0.199999    1.220769    1.481765  9.95e-05  1.03e-03
    0.299999    1.215761    1.514101  1.67e-04  9.97e-04
    0.399999    1.208761    1.544812  2.37e-04  9.62e-04
    0.499999    1.199804    1.573695  3.08e-04  9.24e-04
    0.599999    1.188937    1.600569  3.80e-04  8.81e-04
    0.699999    1.176218    1.625270  4.53e-04  8.34e-04
    0.799999    1.161715    1.647656  5.28e-04  7.84e-04
    0.899999    1.145508    1.667601  6.04e-04  7.29e-04
    0.999999    1.127690    1.684995  6.80e-04  6.71e-04
    1.099999    1.108365    1.699746  7.56e-04  6.09e-04
    1.199999    1.087651    1.711777  8.30e-04  5.42e-04
    1.299999    1.065679    1.721027  9.02e-04  4.72e-04
    1.399999    1.042596    1.727448  9.71e-04  3.98e-04
    1.500000    1.018566    1.731008  1.03e-03  3.19e-04
    1.600000    0.993766    1.731691  1.09e-03  2.37e-04
    1.700000    0.968396    1.729493  1.14e-03  1.50e-04
    1.800000    0.942672    1.724425  1.18e-03  6.00e-05
    1.900000    0.916832    1.716513  1.21e-03  3.36e-05
    2.000000    0.891134    1.705797  1.23e-03  1.30e-04
    2.100000    0.865860    1.692331  1.23e-03  2.29e-04
    2.200000    0.841310    1.676187  1.22e-03  3.30e-04
    2.299999    0.817806    1.657449  1.19e-03  4.32e-04
    2.399999    0.795684    1.636219  1.14e-03  5.34e-04
    2.499999    0.775294    1.612614  1.07e-03  6.36e-04
    2.599999    0.756987    1.586768  9.73e-04  7.35e-04
    2.699999    0.741105    1.558836  8.59e-04  8.31e-04
    2.799999    0.727971    1.528989  7.23e-04  9.22e-04
    2.899999    0.717870    1.497419  5.68e-04  1.01e-03
    2.999999    0.711033    1.464341  3.97e-04  1.08e-03
    3.099999    0.707625    1.429991  2.12e-04  1.15e-03
    3.199999    0.707729    1.394631  2.00e-05  1.21e-03
    3.299999    0.711344    1.358550  1.75e-04  1.25e-03
    3.399998    0.718382    1.322064  3.67e-04  1.28e-03
    3.499998    0.728675    1.285519  5.51e-04  1.30e-03
    3.599998    0.741990    1.249291  7.21e-04  1.30e-03
    3.699998    0.758039    1.213789  8.74e-04  1.29e-03
    3.799998    0.776499    1.179449  1.01e-03  1.25e-03
    3.899998    0.797027    1.146733  1.12e-03  1.20e-03
    3.999998    0.819271    1.116127  1.20e-03  1.14e-03
    4.099998    0.842884    1.088127  1.26e-03  1.06e-03
    4.199998    0.867528    1.063229  1.30e-03  9.56e-04
    4.299998    0.892883    1.041913  1.32e-03  8.39e-04
    4.399998    0.918647    1.024621  1.32e-03  7.08e-04
    4.499998    0.944540    1.011735  1.29e-03  5.62e-04
    4.599998    0.970302    1.003556  1.25e-03  4.06e-04
    4.699997    0.995695    1.000281  1.20e-03  2.43e-04
    4.799997    1.020501    1.001992  1.14e-03  7.64e-05
    4.899997    1.044522    1.008646  1.07e-03  8.92e-05
    4.999997    1.067575    1.020082  9.89e-04  2.49e-04
    5.099997    1.089499    1.036028  9.08e-04  4.00e-04
    5.199997    1.110146    1.056128  8.26e-04  5.38e-04
    5.299997    1.129383    1.079954  7.43e-04  6.62e-04
    5.399997    1.147095    1.107037  6.62e-04  7.68e-04
    5.499997    1.163176    1.136884  5.83e-04  8.58e-04
    5.599997    1.177536    1.168997  5.06e-04  9.31e-04
    5.699996    1.190096    1.202886  4.32e-04  9.87e-04
    5.799996    1.200790    1.238081  3.59e-04  1.03e-03
    5.899996    1.209561    1.274137  2.90e-04  1.06e-03
    5.999996    1.216366    1.310635  2.21e-04  1.07e-03
    6.099996    1.221170    1.347191  1.55e-04  1.08e-03
    6.199996    1.223950    1.383448  8.83e-05  1.08e-03
    6.299996    1.224694    1.419080  2.24e-05  1.06e-03
    6.399996    1.223397    1.453789  4.40e-05  1.05e-03
    6.499996    1.220068    1.487305  1.11e-04  1.02e-03
    6.599996    1.214723    1.519383  1.79e-04  9.91e-04
    6.699996    1.207391    1.549800  2.49e-04  9.56e-04
    6.799995    1.198109    1.578358  3.19e-04  9.17e-04
    6.899995    1.186926    1.604877  3.92e-04  8.74e-04
    6.999995    1.173902    1.629199  4.66e-04  8.26e-04
   ------------------------------------------------------

Final Solver Statistics:
   Internal solver steps = 103 (attempted = 103)
   Total number of error test failures = 0
   Total RHS evals:  Fe = 1742,  Fi = 0
   Total mass matrix setups = 1539
   Total mass matrix solves = 1845
   Total mass times evals = 103
   Errors: u = 0.000839514, v = 0.000871028, total = 0.000855417
