
   Begin Kepler Problem

Problem Arguments:
  stepper:              0
  step mode:            0
  use compensated sums: 1
  dt:                   0.01
  Tf:                   100
  nout:                 1000

t = 0.0000, H(p,q) = -0.5000002384185791, L(p,q) = 0.7999999523162842
t = 0.1000, H(p,q)-H0 = 0.0000000000000000, L(p,q)-L0 = 0.0000000000000000
t = 0.2000, H(p,q)-H0 = 0.0000000000000000, L(p,q)-L0 = 0.0000000000000000
t = 0.3000, H(p,q)-H0 = 0.0000001192092896, L(p,q)-L0 = 0.0000000000000000
t = 0.4000, H(p,q)-H0 = 0.0000001192092896, L(p,q)-L0 = 0.0000000000000000
t = 0.5000, H(p,q)-H0 = 0.0000000000000000, L(p,q)-L0 = 0.0000000000000000
t = 0.6000, H(p,q)-H0 = 0.0000001192092896, L(p,q)-L0 = 0.0000000596046448
t = 0.7000, H(p,q)-H0 = 0.0000001192092896, L(p,q)-L0 = 0.0000000000000000
t = 0.8000, H(p,q)-H0 = 0.0000001192092896, L(p,q)-L0 = 0.0000000596046448
t = 0.9000, H(p,q)-H0 = 0.0000000596046448, L(p,q)-L0 = 0.0000000596046448
t = 1.0000, H(p,q)-H0 = 0.0000001192092896, L(p,q)-L0 = 0.0000000596046448
ROOT RETURN:	t = 1.0305 g[0] =  -1, y[0] = -0.658633, y[1] = 0.798624
t = 1.0305, H(p,q)-H0 = 0.0000001192092896, L(p,q)-L0 = 0.0000000000000000
t = 1.1000, H(p,q)-H0 = 0.0000001192092896, L(p,q)-L0 = 0.0000000000000000
t = 1.2000, H(p,q)-H0 = 0.0000001192092896, L(p,q)-L0 = 0.0000000596046448
t = 1.3000, H(p,q)-H0 = 0.0000001788139343, L(p,q)-L0 = 0.0000000596046448
t = 1.4000, H(p,q)-H0 = 0.0000001192092896, L(p,q)-L0 = 0.0000000596046448
t = 1.5000, H(p,q)-H0 = 0.0000001192092896, L(p,q)-L0 = 0.0000000000000000
t = 1.6000, H(p,q)-H0 = 0.0000001192092896, L(p,q)-L0 = 0.0000000000000000
t = 1.7000, H(p,q)-H0 = 0.0000001192092896, L(p,q)-L0 = 0.0000000000000000
t = 1.8000, H(p,q)-H0 = 0.0000001192092896, L(p,q)-L0 = 0.0000000596046448
t = 1.9000, H(p,q)-H0 = 0.0000001788139343, L(p,q)-L0 = 0.0000000000000000
t = 2.0000, H(p,q)-H0 = 0.0000001192092896, L(p,q)-L0 = 0.0000000000000000
t = 2.1000, H(p,q)-H0 = 0.0000001192092896, L(p,q)-L0 = 0.0000000000000000
t = 2.2000, H(p,q)-H0 = 0.0000001788139343, L(p,q)-L0 = 0.0000000000000000
t = 2.3000, H(p,q)-H0 = 0.0000001192092896, L(p,q)-L0 = 0.0000000000000000
t = 2.4000, H(p,q)-H0 = 0.0000001192092896, L(p,q)-L0 = 0.0000000000000000
t = 2.5000, H(p,q)-H0 = 0.0000001788139343, L(p,q)-L0 = 0.0000000000000000
t = 2.6000, H(p,q)-H0 = 0.0000000596046448, L(p,q)-L0 = 0.0000000000000000
t = 2.7000, H(p,q)-H0 = 0.0000001192092896, L(p,q)-L0 = 0.0000000596046448
t = 2.8000, H(p,q)-H0 = 0.0000001192092896, L(p,q)-L0 = 0.0000000000000000
t = 2.9000, H(p,q)-H0 = 0.0000001192092896, L(p,q)-L0 = 0.0000000596046448
t = 3.0000, H(p,q)-H0 = 0.0000001192092896, L(p,q)-L0 = 0.0000000000000000
t = 3.1000, H(p,q)-H0 = 0.0000001788139343, L(p,q)-L0 = 0.0000000596046448
t = 3.2000, H(p,q)-H0 = 0.0000001788139343, L(p,q)-L0 = 0.0000000000000000
t = 3.3000, H(p,q)-H0 = 0.0000001788139343, L(p,q)-L0 = 0.0000000596046448
t = 3.4000, H(p,q)-H0 = 0.0000001192092896, L(p,q)-L0 = 0.0000000000000000
t = 3.5000, H(p,q)-H0 = 0.0000001788139343, L(p,q)-L0 = 0.0000000596046448
t = 3.6000, H(p,q)-H0 = 0.0000001192092896, L(p,q)-L0 = 0.0000000000000000
t = 3.7000, H(p,q)-H0 = 0.0000001192092896, L(p,q)-L0 = 0.0000000000000000
t = 3.8000, H(p,q)-H0 = 0.0000001192092896, L(p,q)-L0 = 0.0000000596046448
t = 3.9000, H(p,q)-H0 = 0.0000001192092896, L(p,q)-L0 = 0.0000000000000000
t = 4.0000, H(p,q)-H0 = 0.0000001192092896, L(p,q)-L0 = 0.0000000000000000
t = 4.1000, H(p,q)-H0 = 0.0000001192092896, L(p,q)-L0 = 0.0000000000000000
t = 4.2000, H(p,q)-H0 = 0.0000001192092896, L(p,q)-L0 = 0.0000000000000000
t = 4.3000, H(p,q)-H0 = 0.0000001192092896, L(p,q)-L0 = 0.0000000000000000
t = 4.4000, H(p,q)-H0 = 0.0000001192092896, L(p,q)-L0 = 0.0000000000000000
t = 4.5000, H(p,q)-H0 = 0.0000001788139343, L(p,q)-L0 = 0.0000000000000000
t = 4.6000, H(p,q)-H0 = 0.0000001192092896, L(p,q)-L0 = 0.0000000000000000
t = 4.7000, H(p,q)-H0 = 0.0000002384185791, L(p,q)-L0 = 0.0000000000000000
t = 4.8000, H(p,q)-H0 = 0.0000001192092896, L(p,q)-L0 = 0.0000000000000000
t = 4.9000, H(p,q)-H0 = 0.0000001192092896, L(p,q)-L0 = 0.0000000000000000
t = 5.0000, H(p,q)-H0 = 0.0000000596046448, L(p,q)-L0 = 0.0000000000000000
t = 5.1000, H(p,q)-H0 = 0.0000001192092896, L(p,q)-L0 = 0.0000000000000000
t = 5.2000, H(p,q)-H0 = 0.0000001192092896, L(p,q)-L0 = 0.0000000000000000
t = 5.3000, H(p,q)-H0 = 0.0000001192092896, L(p,q)-L0 = 0.0000000000000000
t = 5.4000, H(p,q)-H0 = 0.0000002384185791, L(p,q)-L0 = 0.0000000000000000
t = 5.5000, H(p,q)-H0 = 0.0000001192092896, L(p,q)-L0 = 0.0000000596046448
t = 5.6000, H(p,q)-H0 = 0.0000000000000000, L(p,q)-L0 = 0.0000000000000000
t = 5.7000, H(p,q)-H0 = 0.0000003576278687, L(p,q)-L0 = 0.0000000596046448
t = 5.8000, H(p,q)-H0 = 0.0000000000000000, L(p,q)-L0 = 0.0000000000000000
t = 5.9000, H(p,q)-H0 = 0.0000000000000000, L(p,q)-L0 = 0.0000000596046448
t = 6.0000, H(p,q)-H0 = 0.0000000000000000, L(p,q)-L0 = 0.0000000596046448
t = 6.1000, H(p,q)-H0 = 0.0000001192092896, L(p,q)-L0 = 0.0000000596046448
ROOT RETURN:	t = 6.1690 g[0] =   1, y[0] = 0.361065, y[1] = -0.221057
t = 6.1690, H(p,q)-H0 = 0.0000004768371582, L(p,q)-L0 = 0.0000001192092896
t = 6.2000, H(p,q)-H0 = 0.0000002384185791, L(p,q)-L0 = 0.0000000596046448
t = 6.3000, H(p,q)-H0 = 0.0000000000000000, L(p,q)-L0 = 0.0000000000000000
t = 6.4000, H(p,q)-H0 = 0.0000002384185791, L(p,q)-L0 = 0.0000000000000000
t = 6.5000, H(p,q)-H0 = 0.0000000000000000, L(p,q)-L0 = 0.0000000000000000
t = 6.6000, H(p,q)-H0 = -0.0000001192092896, L(p,q)-L0 = 0.0000000000000000
t = 6.7000, H(p,q)-H0 = 0.0000000000000000, L(p,q)-L0 = 0.0000000000000000
t = 6.8000, H(p,q)-H0 = -0.0000000596046448, L(p,q)-L0 = 0.0000000000000000
t = 6.9000, H(p,q)-H0 = 0.0000001192092896, L(p,q)-L0 = 0.0000000000000000
t = 7.0000, H(p,q)-H0 = 0.0000001192092896, L(p,q)-L0 = 0.0000000596046448
t = 7.1000, H(p,q)-H0 = 0.0000001788139343, L(p,q)-L0 = 0.0000000596046448
t = 7.2000, H(p,q)-H0 = 0.0000001192092896, L(p,q)-L0 = 0.0000000000000000
t = 7.3000, H(p,q)-H0 = 0.0000001192092896, L(p,q)-L0 = 0.0000000000000000
ROOT RETURN:	t = 7.3137 g[0] =  -1, y[0] = -0.658684, y[1] = 0.798621
t = 7.3137, H(p,q)-H0 = 0.0000000596046448, L(p,q)-L0 = -0.0000000596046448
t = 7.4000, H(p,q)-H0 = 0.0000001192092896, L(p,q)-L0 = 0.0000000000000000
t = 7.5000, H(p,q)-H0 = 0.0000001788139343, L(p,q)-L0 = 0.0000000000000000
t = 7.6000, H(p,q)-H0 = 0.0000001192092896, L(p,q)-L0 = 0.0000000000000000
t = 7.7000, H(p,q)-H0 = 0.0000000596046448, L(p,q)-L0 = 0.0000000596046448
t = 7.8000, H(p,q)-H0 = 0.0000001192092896, L(p,q)-L0 = 0.0000000000000000
t = 7.9000, H(p,q)-H0 = 0.0000001192092896, L(p,q)-L0 = 0.0000000000000000
t = 8.0000, H(p,q)-H0 = 0.0000001192092896, L(p,q)-L0 = 0.0000000000000000
t = 8.1000, H(p,q)-H0 = 0.0000001192092896, L(p,q)-L0 = 0.0000000000000000
t = 8.2000, H(p,q)-H0 = 0.0000000596046448, L(p,q)-L0 = -0.0000000596046448
t = 8.3000, H(p,q)-H0 = 0.0000001192092896, L(p,q)-L0 = 0.0000000000000000
t = 8.4000, H(p,q)-H0 = 0.0000001192092896, L(p,q)-L0 = 0.0000000000000000
t = 8.5000, H(p,q)-H0 = 0.0000001192092896, L(p,q)-L0 = 0.0000000000000000
t = 8.6000, H(p,q)-H0 = 0.0000000000000000, L(p,q)-L0 = 0.0000000000000000
t = 8.7000, H(p,q)-H0 = 0.0000001192092896, L(p,q)-L0 = 0.0000000000000000
t = 8.8000, H(p,q)-H0 = 0.0000001192092896, L(p,q)-L0 = 0.0000000000000000
t = 8.9000, H(p,q)-H0 = 0.0000001192092896, L(p,q)-L0 = 0.0000000000000000
t = 9.0000, H(p,q)-H0 = 0.0000001192092896, L(p,q)-L0 = 0.0000000596046448
t = 9.1000, H(p,q)-H0 = 0.0000000596046448, L(p,q)-L0 = 0.0000000000000000
t = 9.2000, H(p,q)-H0 = 0.0000001788139343, L(p,q)-L0 = 0.0000000000000000
t = 9.3000, H(p,q)-H0 = 0.0000001192092896, L(p,q)-L0 = 0.0000000000000000
t = 9.4000, H(p,q)-H0 = 0.0000001192092896, L(p,q)-L0 = 0.0000000000000000
t = 9.5000, H(p,q)-H0 = 0.0000001192092896, L(p,q)-L0 = 0.0000000000000000
t = 9.6000, H(p,q)-H0 = 0.0000000596046448, L(p,q)-L0 = -0.0000000596046448
t = 9.7000, H(p,q)-H0 = 0.0000000596046448, L(p,q)-L0 = -0.0000000596046448
t = 9.8000, H(p,q)-H0 = 0.0000000596046448, L(p,q)-L0 = 0.0000000000000000
t = 9.9000, H(p,q)-H0 = 0.0000001192092896, L(p,q)-L0 = 0.0000000000000000
t = 10.0000, H(p,q)-H0 = 0.0000001192092896, L(p,q)-L0 = 0.0000000000000000
t = 10.1000, H(p,q)-H0 = 0.0000001192092896, L(p,q)-L0 = 0.0000000000000000
t = 10.2000, H(p,q)-H0 = 0.0000001192092896, L(p,q)-L0 = 0.0000000000000000
t = 10.3000, H(p,q)-H0 = 0.0000001192092896, L(p,q)-L0 = 0.0000000596046448
t = 10.4000, H(p,q)-H0 = 0.0000001192092896, L(p,q)-L0 = 0.0000000596046448
t = 10.5000, H(p,q)-H0 = 0.0000000596046448, L(p,q)-L0 = 0.0000000000000000
t = 10.6000, H(p,q)-H0 = 0.0000000596046448, L(p,q)-L0 = 0.0000000000000000
t = 10.7000, H(p,q)-H0 = 0.0000001192092896, L(p,q)-L0 = 0.0000000000000000
t = 10.8000, H(p,q)-H0 = 0.0000001192092896, L(p,q)-L0 = 0.0000000000000000
t = 10.9000, H(p,q)-H0 = 0.0000001192092896, L(p,q)-L0 = 0.0000000000000000
t = 11.0000, H(p,q)-H0 = 0.0000001192092896, L(p,q)-L0 = 0.0000000000000000
t = 11.1000, H(p,q)-H0 = 0.0000001192092896, L(p,q)-L0 = 0.0000000000000000
t = 11.2000, H(p,q)-H0 = 0.0000000596046448, L(p,q)-L0 = 0.0000000000000000
t = 11.3000, H(p,q)-H0 = 0.0000000596046448, L(p,q)-L0 = 0.0000000000000000
t = 11.4000, H(p,q)-H0 = 0.0000000596046448, L(p,q)-L0 = 0.0000000000000000
t = 11.5000, H(p,q)-H0 = 0.0000001192092896, L(p,q)-L0 = 0.0000000596046448
t = 11.6000, H(p,q)-H0 = 0.0000000596046448, L(p,q)-L0 = -0.0000000596046448
t = 11.7000, H(p,q)-H0 = 0.0000000596046448, L(p,q)-L0 = -0.0000000596046448
t = 11.8000, H(p,q)-H0 = 0.0000000000000000, L(p,q)-L0 = 0.0000000000000000
t = 11.9000, H(p,q)-H0 = 0.0000001788139343, L(p,q)-L0 = 0.0000000596046448
t = 12.0000, H(p,q)-H0 = 0.0000001788139343, L(p,q)-L0 = 0.0000000000000000
t = 12.1000, H(p,q)-H0 = 0.0000001192092896, L(p,q)-L0 = 0.0000000596046448
t = 12.2000, H(p,q)-H0 = 0.0000001192092896, L(p,q)-L0 = 0.0000000000000000
t = 12.3000, H(p,q)-H0 = 0.0000001192092896, L(p,q)-L0 = 0.0000000596046448
t = 12.4000, H(p,q)-H0 = 0.0000002384185791, L(p,q)-L0 = 0.0000000000000000
ROOT RETURN:	t = 12.4522 g[0] =   1, y[0] = 0.361068, y[1] = -0.22105
t = 12.4522, H(p,q)-H0 = -0.0000001192092896, L(p,q)-L0 = -0.0000000596046448
t = 12.5000, H(p,q)-H0 = 0.0000002384185791, L(p,q)-L0 = 0.0000000000000000
t = 12.6000, H(p,q)-H0 = 0.0000000000000000, L(p,q)-L0 = 0.0000000000000000
t = 12.7000, H(p,q)-H0 = 0.0000002384185791, L(p,q)-L0 = 0.0000000000000000
t = 12.8000, H(p,q)-H0 = 0.0000000000000000, L(p,q)-L0 = 0.0000000000000000
t = 12.9000, H(p,q)-H0 = -0.0000001192092896, L(p,q)-L0 = 0.0000000000000000
t = 13.0000, H(p,q)-H0 = 0.0000000000000000, L(p,q)-L0 = 0.0000000000000000
t = 13.1000, H(p,q)-H0 = -0.0000000596046448, L(p,q)-L0 = 0.0000000000000000
t = 13.2000, H(p,q)-H0 = 0.0000000596046448, L(p,q)-L0 = 0.0000000000000000
t = 13.3000, H(p,q)-H0 = 0.0000000596046448, L(p,q)-L0 = 0.0000000000000000
t = 13.4000, H(p,q)-H0 = 0.0000000596046448, L(p,q)-L0 = -0.0000000596046448
t = 13.5000, H(p,q)-H0 = 0.0000000000000000, L(p,q)-L0 = 0.0000000000000000
ROOT RETURN:	t = 13.5970 g[0] =  -1, y[0] = -0.6587, y[1] = 0.79862
t = 13.5970, H(p,q)-H0 = -0.0000001192092896, L(p,q)-L0 = -0.0000001788139343
t = 13.6000, H(p,q)-H0 = 0.0000000596046448, L(p,q)-L0 = 0.0000000000000000
t = 13.7000, H(p,q)-H0 = 0.0000000596046448, L(p,q)-L0 = -0.0000000596046448
t = 13.8000, H(p,q)-H0 = 0.0000000596046448, L(p,q)-L0 = 0.0000000000000000
t = 13.9000, H(p,q)-H0 = 0.0000000000000000, L(p,q)-L0 = 0.0000000000000000
t = 14.0000, H(p,q)-H0 = 0.0000000000000000, L(p,q)-L0 = 0.0000000596046448
t = 14.1000, H(p,q)-H0 = 0.0000001192092896, L(p,q)-L0 = 0.0000000000000000
t = 14.2000, H(p,q)-H0 = 0.0000001192092896, L(p,q)-L0 = 0.0000000596046448
t = 14.3000, H(p,q)-H0 = 0.0000000000000000, L(p,q)-L0 = 0.0000000000000000
t = 14.4000, H(p,q)-H0 = 0.0000000000000000, L(p,q)-L0 = 0.0000000000000000
t = 14.5000, H(p,q)-H0 = 0.0000000596046448, L(p,q)-L0 = 0.0000000000000000
t = 14.6000, H(p,q)-H0 = 0.0000001192092896, L(p,q)-L0 = 0.0000000000000000
t = 14.7000, H(p,q)-H0 = 0.0000000000000000, L(p,q)-L0 = -0.0000000596046448
t = 14.8000, H(p,q)-H0 = 0.0000000000000000, L(p,q)-L0 = 0.0000000000000000
t = 14.9000, H(p,q)-H0 = 0.0000000596046448, L(p,q)-L0 = 0.0000000596046448
t = 15.0000, H(p,q)-H0 = 0.0000000596046448, L(p,q)-L0 = 0.0000000000000000
t = 15.1000, H(p,q)-H0 = 0.0000000596046448, L(p,q)-L0 = 0.0000000000000000
t = 15.2000, H(p,q)-H0 = 0.0000000596046448, L(p,q)-L0 = 0.0000000000000000
t = 15.3000, H(p,q)-H0 = 0.0000001192092896, L(p,q)-L0 = 0.0000000596046448
t = 15.4000, H(p,q)-H0 = 0.0000001192092896, L(p,q)-L0 = 0.0000000596046448
t = 15.5000, H(p,q)-H0 = 0.0000000596046448, L(p,q)-L0 = 0.0000000000000000
t = 15.6000, H(p,q)-H0 = 0.0000001192092896, L(p,q)-L0 = 0.0000000000000000
t = 15.7000, H(p,q)-H0 = 0.0000001192092896, L(p,q)-L0 = 0.0000000596046448
t = 15.8000, H(p,q)-H0 = 0.0000000000000000, L(p,q)-L0 = 0.0000000000000000
t = 15.9000, H(p,q)-H0 = 0.0000000596046448, L(p,q)-L0 = 0.0000000000000000
t = 16.0000, H(p,q)-H0 = 0.0000000596046448, L(p,q)-L0 = -0.0000000596046448
t = 16.1000, H(p,q)-H0 = 0.0000001192092896, L(p,q)-L0 = 0.0000000000000000
t = 16.2000, H(p,q)-H0 = 0.0000000596046448, L(p,q)-L0 = 0.0000000000000000
t = 16.3000, H(p,q)-H0 = 0.0000001192092896, L(p,q)-L0 = 0.0000000000000000
t = 16.4000, H(p,q)-H0 = 0.0000000596046448, L(p,q)-L0 = 0.0000000000000000
t = 16.5000, H(p,q)-H0 = 0.0000000596046448, L(p,q)-L0 = 0.0000000000000000
t = 16.6000, H(p,q)-H0 = 0.0000000596046448, L(p,q)-L0 = 0.0000000000000000
t = 16.7000, H(p,q)-H0 = 0.0000000000000000, L(p,q)-L0 = 0.0000000000000000
t = 16.8000, H(p,q)-H0 = 0.0000000596046448, L(p,q)-L0 = 0.0000000000000000
t = 16.9000, H(p,q)-H0 = 0.0000000596046448, L(p,q)-L0 = 0.0000000596046448
t = 17.0000, H(p,q)-H0 = 0.0000000000000000, L(p,q)-L0 = 0.0000000000000000
t = 17.1000, H(p,q)-H0 = 0.0000000596046448, L(p,q)-L0 = 0.0000000000000000
t = 17.2000, H(p,q)-H0 = 0.0000000000000000, L(p,q)-L0 = 0.0000000000000000
t = 17.3000, H(p,q)-H0 = 0.0000000596046448, L(p,q)-L0 = 0.0000000000000000
t = 17.4000, H(p,q)-H0 = 0.0000000596046448, L(p,q)-L0 = 0.0000000000000000
t = 17.5000, H(p,q)-H0 = 0.0000001192092896, L(p,q)-L0 = 0.0000000000000000
t = 17.6000, H(p,q)-H0 = 0.0000000596046448, L(p,q)-L0 = 0.0000000000000000
t = 17.7000, H(p,q)-H0 = 0.0000000000000000, L(p,q)-L0 = 0.0000000000000000
t = 17.8000, H(p,q)-H0 = 0.0000000000000000, L(p,q)-L0 = -0.0000000596046448
t = 17.9000, H(p,q)-H0 = 0.0000000000000000, L(p,q)-L0 = -0.0000000596046448
t = 18.0000, H(p,q)-H0 = 0.0000000596046448, L(p,q)-L0 = 0.0000000596046448
t = 18.1000, H(p,q)-H0 = -0.0000000596046448, L(p,q)-L0 = 0.0000000000000000
t = 18.2000, H(p,q)-H0 = 0.0000001192092896, L(p,q)-L0 = 0.0000000000000000
t = 18.3000, H(p,q)-H0 = 0.0000001192092896, L(p,q)-L0 = 0.0000000000000000
t = 18.4000, H(p,q)-H0 = 0.0000001192092896, L(p,q)-L0 = 0.0000000000000000
t = 18.5000, H(p,q)-H0 = -0.0000001192092896, L(p,q)-L0 = 0.0000000000000000
t = 18.6000, H(p,q)-H0 = 0.0000000000000000, L(p,q)-L0 = 0.0000000000000000
t = 18.7000, H(p,q)-H0 = 0.0000000000000000, L(p,q)-L0 = 0.0000000000000000
ROOT RETURN:	t = 18.7354 g[0] =   1, y[0] = 0.361069, y[1] = -0.221047
t = 18.7354, H(p,q)-H0 = -0.0000003576278687, L(p,q)-L0 = -0.0000001192092896
t = 18.8000, H(p,q)-H0 = -0.0000001192092896, L(p,q)-L0 = 0.0000000000000000
t = 18.9000, H(p,q)-H0 = -0.0000001192092896, L(p,q)-L0 = 0.0000000000000000
t = 19.0000, H(p,q)-H0 = 0.0000000000000000, L(p,q)-L0 = 0.0000000000000000
t = 19.1000, H(p,q)-H0 = -0.0000002384185791, L(p,q)-L0 = 0.0000000000000000
t = 19.2000, H(p,q)-H0 = -0.0000001192092896, L(p,q)-L0 = 0.0000000000000000
t = 19.3000, H(p,q)-H0 = -0.0000002384185791, L(p,q)-L0 = -0.0000000596046448
t = 19.4000, H(p,q)-H0 = -0.0000001192092896, L(p,q)-L0 = 0.0000000000000000
t = 19.5000, H(p,q)-H0 = -0.0000000596046448, L(p,q)-L0 = 0.0000000000000000
t = 19.6000, H(p,q)-H0 = -0.0000001192092896, L(p,q)-L0 = 0.0000000000000000
t = 19.7000, H(p,q)-H0 = 0.0000000000000000, L(p,q)-L0 = -0.0000000596046448
t = 19.8000, H(p,q)-H0 = -0.0000000596046448, L(p,q)-L0 = 0.0000000000000000
ROOT RETURN:	t = 19.8802 g[0] =  -1, y[0] = -0.658699, y[1] = 0.79862
t = 19.8802, H(p,q)-H0 = 0.0000002980232239, L(p,q)-L0 = 0.0000001788139343
t = 19.9000, H(p,q)-H0 = -0.0000001192092896, L(p,q)-L0 = 0.0000000000000000
t = 20.0000, H(p,q)-H0 = 0.0000000596046448, L(p,q)-L0 = 0.0000000596046448
t = 20.1000, H(p,q)-H0 = -0.0000000596046448, L(p,q)-L0 = 0.0000000000000000
t = 20.2000, H(p,q)-H0 = -0.0000001192092896, L(p,q)-L0 = 0.0000000000000000
t = 20.3000, H(p,q)-H0 = -0.0000000596046448, L(p,q)-L0 = -0.0000000596046448
t = 20.4000, H(p,q)-H0 = -0.0000001192092896, L(p,q)-L0 = -0.0000000596046448
t = 20.5000, H(p,q)-H0 = 0.0000000000000000, L(p,q)-L0 = 0.0000000000000000
t = 20.6000, H(p,q)-H0 = -0.0000000596046448, L(p,q)-L0 = 0.0000000000000000
t = 20.7000, H(p,q)-H0 = -0.0000000596046448, L(p,q)-L0 = 0.0000000000000000
t = 20.8000, H(p,q)-H0 = 0.0000000000000000, L(p,q)-L0 = 0.0000000000000000
t = 20.9000, H(p,q)-H0 = 0.0000000000000000, L(p,q)-L0 = 0.0000000000000000
t = 21.0000, H(p,q)-H0 = -0.0000001192092896, L(p,q)-L0 = 0.0000000000000000
t = 21.1000, H(p,q)-H0 = -0.0000000596046448, L(p,q)-L0 = 0.0000000000000000
t = 21.2000, H(p,q)-H0 = -0.0000000596046448, L(p,q)-L0 = 0.0000000000000000
t = 21.3000, H(p,q)-H0 = -0.0000000596046448, L(p,q)-L0 = 0.0000000000000000
t = 21.4000, H(p,q)-H0 = -0.0000000596046448, L(p,q)-L0 = 0.0000000000000000
t = 21.5000, H(p,q)-H0 = -0.0000000596046448, L(p,q)-L0 = 0.0000000000000000
t = 21.6000, H(p,q)-H0 = -0.0000000596046448, L(p,q)-L0 = -0.0000000596046448
t = 21.7000, H(p,q)-H0 = -0.0000000596046448, L(p,q)-L0 = -0.0000000596046448
t = 21.8000, H(p,q)-H0 = 0.0000000000000000, L(p,q)-L0 = 0.0000000000000000
t = 21.9000, H(p,q)-H0 = -0.0000000596046448, L(p,q)-L0 = 0.0000000000000000
t = 22.0000, H(p,q)-H0 = -0.0000000596046448, L(p,q)-L0 = 0.0000000000000000
t = 22.1000, H(p,q)-H0 = -0.0000000596046448, L(p,q)-L0 = 0.0000000000000000
t = 22.2000, H(p,q)-H0 = 0.0000000000000000, L(p,q)-L0 = -0.0000000596046448
t = 22.3000, H(p,q)-H0 = -0.0000000596046448, L(p,q)-L0 = -0.0000000596046448
t = 22.4000, H(p,q)-H0 = -0.0000000596046448, L(p,q)-L0 = 0.0000000596046448
t = 22.5000, H(p,q)-H0 = -0.0000001192092896, L(p,q)-L0 = 0.0000000000000000
t = 22.6000, H(p,q)-H0 = 0.0000000000000000, L(p,q)-L0 = 0.0000000000000000
t = 22.7001, H(p,q)-H0 = -0.0000000596046448, L(p,q)-L0 = 0.0000000000000000
t = 22.8001, H(p,q)-H0 = -0.0000000596046448, L(p,q)-L0 = 0.0000000000000000
t = 22.9001, H(p,q)-H0 = 0.0000000000000000, L(p,q)-L0 = 0.0000000000000000
t = 23.0001, H(p,q)-H0 = 0.0000000000000000, L(p,q)-L0 = -0.0000000596046448
t = 23.1001, H(p,q)-H0 = -0.0000000596046448, L(p,q)-L0 = -0.0000000596046448
t = 23.2001, H(p,q)-H0 = -0.0000000596046448, L(p,q)-L0 = 0.0000000000000000
t = 23.3001, H(p,q)-H0 = 0.0000000000000000, L(p,q)-L0 = 0.0000000000000000
t = 23.4001, H(p,q)-H0 = -0.0000001192092896, L(p,q)-L0 = 0.0000000000000000
t = 23.5001, H(p,q)-H0 = -0.0000000596046448, L(p,q)-L0 = 0.0000000000000000
t = 23.6001, H(p,q)-H0 = 0.0000000000000000, L(p,q)-L0 = 0.0000000000000000
t = 23.7001, H(p,q)-H0 = 0.0000000000000000, L(p,q)-L0 = 0.0000000000000000
t = 23.8001, H(p,q)-H0 = 0.0000000000000000, L(p,q)-L0 = -0.0000000596046448
t = 23.9001, H(p,q)-H0 = -0.0000001192092896, L(p,q)-L0 = 0.0000000000000000
t = 24.0001, H(p,q)-H0 = 0.0000000000000000, L(p,q)-L0 = 0.0000000000000000
t = 24.1001, H(p,q)-H0 = 0.0000000000000000, L(p,q)-L0 = 0.0000000000000000
t = 24.2001, H(p,q)-H0 = -0.0000000596046448, L(p,q)-L0 = -0.0000000596046448
t = 24.3001, H(p,q)-H0 = -0.0000001192092896, L(p,q)-L0 = 0.0000000000000000
t = 24.4001, H(p,q)-H0 = -0.0000001192092896, L(p,q)-L0 = -0.0000000596046448
t = 24.5001, H(p,q)-H0 = -0.0000000596046448, L(p,q)-L0 = 0.0000000000000000
t = 24.6001, H(p,q)-H0 = 0.0000000000000000, L(p,q)-L0 = 0.0000000596046448
t = 24.7001, H(p,q)-H0 = 0.0000000000000000, L(p,q)-L0 = 0.0000000596046448
t = 24.8001, H(p,q)-H0 = 0.0000000000000000, L(p,q)-L0 = 0.0000000000000000
t = 24.9001, H(p,q)-H0 = 0.0000000000000000, L(p,q)-L0 = 0.0000000000000000
t = 25.0001, H(p,q)-H0 = 0.0000000000000000, L(p,q)-L0 = 0.0000000000000000
ROOT RETURN:	t = 25.0186 g[0] =   1, y[0] = 0.361066, y[1] = -0.221054
t = 25.0186, H(p,q)-H0 = 0.0000004768371582, L(p,q)-L0 = 0.0000001192092896
t = 25.1001, H(p,q)-H0 = -0.0000001192092896, L(p,q)-L0 = 0.0000000000000000
t = 25.2001, H(p,q)-H0 = -0.0000001192092896, L(p,q)-L0 = 0.0000000000000000
t = 25.3001, H(p,q)-H0 = -0.0000002384185791, L(p,q)-L0 = 0.0000000000000000
t = 25.4001, H(p,q)-H0 = -0.0000002384185791, L(p,q)-L0 = 0.0000000000000000
t = 25.5001, H(p,q)-H0 = 0.0000001192092896, L(p,q)-L0 = 0.0000000000000000
t = 25.6001, H(p,q)-H0 = 0.0000000000000000, L(p,q)-L0 = 0.0000000000000000
t = 25.7001, H(p,q)-H0 = -0.0000000596046448, L(p,q)-L0 = -0.0000000596046448
t = 25.8001, H(p,q)-H0 = -0.0000001192092896, L(p,q)-L0 = -0.0000000596046448
t = 25.9001, H(p,q)-H0 = 0.0000000000000000, L(p,q)-L0 = 0.0000000000000000
t = 26.0001, H(p,q)-H0 = 0.0000000000000000, L(p,q)-L0 = 0.0000000000000000
t = 26.1001, H(p,q)-H0 = 0.0000000596046448, L(p,q)-L0 = 0.0000000596046448
ROOT RETURN:	t = 26.1634 g[0] =  -1, y[0] = -0.658774, y[1] = 0.798617
t = 26.1634, H(p,q)-H0 = -0.0000001788139343, L(p,q)-L0 = -0.0000002384185791
t = 26.2001, H(p,q)-H0 = 0.0000000596046448, L(p,q)-L0 = 0.0000000000000000
t = 26.3001, H(p,q)-H0 = 0.0000000000000000, L(p,q)-L0 = -0.0000000596046448
t = 26.4001, H(p,q)-H0 = 0.0000000000000000, L(p,q)-L0 = 0.0000000000000000
t = 26.5001, H(p,q)-H0 = 0.0000000000000000, L(p,q)-L0 = 0.0000000000000000
t = 26.6001, H(p,q)-H0 = 0.0000001192092896, L(p,q)-L0 = 0.0000000000000000
t = 26.7001, H(p,q)-H0 = 0.0000000596046448, L(p,q)-L0 = 0.0000000000000000
t = 26.8001, H(p,q)-H0 = 0.0000000000000000, L(p,q)-L0 = 0.0000000000000000
t = 26.9001, H(p,q)-H0 = 0.0000000000000000, L(p,q)-L0 = 0.0000000000000000
t = 27.0001, H(p,q)-H0 = 0.0000000000000000, L(p,q)-L0 = 0.0000000000000000
t = 27.1001, H(p,q)-H0 = 0.0000000000000000, L(p,q)-L0 = 0.0000000000000000
t = 27.2001, H(p,q)-H0 = 0.0000000000000000, L(p,q)-L0 = 0.0000000000000000
t = 27.3001, H(p,q)-H0 = 0.0000000596046448, L(p,q)-L0 = 0.0000000000000000
t = 27.4001, H(p,q)-H0 = 0.0000000596046448, L(p,q)-L0 = 0.0000000000000000
t = 27.5001, H(p,q)-H0 = 0.0000000000000000, L(p,q)-L0 = 0.0000000000000000
t = 27.6001, H(p,q)-H0 = 0.0000000596046448, L(p,q)-L0 = 0.0000000000000000
t = 27.7001, H(p,q)-H0 = 0.0000000000000000, L(p,q)-L0 = 0.0000000000000000
t = 27.8001, H(p,q)-H0 = 0.0000001192092896, L(p,q)-L0 = 0.0000000596046448
t = 27.9001, H(p,q)-H0 = 0.0000000596046448, L(p,q)-L0 = 0.0000000596046448
t = 28.0001, H(p,q)-H0 = 0.0000000596046448, L(p,q)-L0 = 0.0000000000000000
t = 28.1001, H(p,q)-H0 = 0.0000001192092896, L(p,q)-L0 = 0.0000000000000000
t = 28.2001, H(p,q)-H0 = 0.0000001192092896, L(p,q)-L0 = 0.0000000596046448
t = 28.3001, H(p,q)-H0 = 0.0000000000000000, L(p,q)-L0 = 0.0000000000000000
t = 28.4001, H(p,q)-H0 = 0.0000001192092896, L(p,q)-L0 = 0.0000000000000000
t = 28.5001, H(p,q)-H0 = 0.0000001192092896, L(p,q)-L0 = 0.0000000000000000
t = 28.6001, H(p,q)-H0 = 0.0000000596046448, L(p,q)-L0 = 0.0000000000000000
t = 28.7001, H(p,q)-H0 = 0.0000000000000000, L(p,q)-L0 = 0.0000000596046448
t = 28.8001, H(p,q)-H0 = 0.0000000000000000, L(p,q)-L0 = 0.0000000000000000
t = 28.9001, H(p,q)-H0 = 0.0000000000000000, L(p,q)-L0 = 0.0000000000000000
t = 29.0001, H(p,q)-H0 = 0.0000000596046448, L(p,q)-L0 = 0.0000000000000000
t = 29.1001, H(p,q)-H0 = 0.0000000596046448, L(p,q)-L0 = 0.0000000000000000
t = 29.2001, H(p,q)-H0 = 0.0000000000000000, L(p,q)-L0 = 0.0000000000000000
t = 29.3001, H(p,q)-H0 = 0.0000000596046448, L(p,q)-L0 = 0.0000000000000000
t = 29.4001, H(p,q)-H0 = 0.0000000596046448, L(p,q)-L0 = 0.0000000000000000
t = 29.5001, H(p,q)-H0 = 0.0000000596046448, L(p,q)-L0 = 0.0000000596046448
t = 29.6001, H(p,q)-H0 = 0.0000000596046448, L(p,q)-L0 = 0.0000000000000000
t = 29.7001, H(p,q)-H0 = 0.0000000000000000, L(p,q)-L0 = 0.0000000000000000
t = 29.8001, H(p,q)-H0 = 0.0000000596046448, L(p,q)-L0 = 0.0000000000000000
t = 29.9001, H(p,q)-H0 = 0.0000000000000000, L(p,q)-L0 = 0.0000000000000000
t = 30.0001, H(p,q)-H0 = 0.0000000596046448, L(p,q)-L0 = 0.0000000000000000
t = 30.1001, H(p,q)-H0 = 0.0000000596046448, L(p,q)-L0 = 0.0000000000000000
t = 30.2001, H(p,q)-H0 = 0.0000001192092896, L(p,q)-L0 = 0.0000000596046448
t = 30.3001, H(p,q)-H0 = 0.0000000000000000, L(p,q)-L0 = -0.0000000596046448
t = 30.4001, H(p,q)-H0 = 0.0000001192092896, L(p,q)-L0 = 0.0000000596046448
t = 30.5001, H(p,q)-H0 = 0.0000000000000000, L(p,q)-L0 = 0.0000000000000000
t = 30.6001, H(p,q)-H0 = 0.0000001788139343, L(p,q)-L0 = 0.0000000000000000
t = 30.7001, H(p,q)-H0 = -0.0000000596046448, L(p,q)-L0 = -0.0000000596046448
t = 30.8001, H(p,q)-H0 = 0.0000000596046448, L(p,q)-L0 = 0.0000000000000000
t = 30.9001, H(p,q)-H0 = 0.0000000000000000, L(p,q)-L0 = 0.0000000000000000
t = 31.0001, H(p,q)-H0 = 0.0000001192092896, L(p,q)-L0 = 0.0000000000000000
t = 31.1001, H(p,q)-H0 = 0.0000001192092896, L(p,q)-L0 = 0.0000000000000000
t = 31.2001, H(p,q)-H0 = 0.0000001192092896, L(p,q)-L0 = 0.0000000000000000
t = 31.3001, H(p,q)-H0 = 0.0000002384185791, L(p,q)-L0 = 0.0000000000000000
ROOT RETURN:	t = 31.3018 g[0] =   1, y[0] = 0.361067, y[1] = -0.221053
t = 31.3018, H(p,q)-H0 = 0.0000003576278687, L(p,q)-L0 = 0.0000000596046448
t = 31.4001, H(p,q)-H0 = -0.0000001192092896, L(p,q)-L0 = 0.0000000000000000
t = 31.5001, H(p,q)-H0 = 0.0000001192092896, L(p,q)-L0 = 0.0000000000000000
t = 31.6001, H(p,q)-H0 = 0.0000000000000000, L(p,q)-L0 = 0.0000000000000000
t = 31.7001, H(p,q)-H0 = 0.0000000000000000, L(p,q)-L0 = 0.0000000000000000
t = 31.8001, H(p,q)-H0 = 0.0000000000000000, L(p,q)-L0 = -0.0000000596046448
t = 31.9001, H(p,q)-H0 = 0.0000000000000000, L(p,q)-L0 = 0.0000000000000000
t = 32.0001, H(p,q)-H0 = 0.0000000596046448, L(p,q)-L0 = 0.0000000000000000
t = 32.1001, H(p,q)-H0 = 0.0000001192092896, L(p,q)-L0 = 0.0000000596046448
t = 32.2001, H(p,q)-H0 = 0.0000000596046448, L(p,q)-L0 = 0.0000000000000000
t = 32.3001, H(p,q)-H0 = 0.0000001192092896, L(p,q)-L0 = 0.0000000596046448
t = 32.4001, H(p,q)-H0 = 0.0000000000000000, L(p,q)-L0 = 0.0000000000000000
ROOT RETURN:	t = 32.4468 g[0] =  -1, y[0] = -0.658967, y[1] = 0.798608
t = 32.4468, H(p,q)-H0 = 0.0000001192092896, L(p,q)-L0 = 0.0000000000000000
t = 32.5001, H(p,q)-H0 = 0.0000001192092896, L(p,q)-L0 = 0.0000000000000000
t = 32.6001, H(p,q)-H0 = 0.0000001192092896, L(p,q)-L0 = 0.0000000000000000
t = 32.7001, H(p,q)-H0 = 0.0000000000000000, L(p,q)-L0 = 0.0000000000000000
t = 32.8001, H(p,q)-H0 = 0.0000000000000000, L(p,q)-L0 = 0.0000000000000000
t = 32.9001, H(p,q)-H0 = 0.0000000000000000, L(p,q)-L0 = 0.0000000000000000
t = 33.0001, H(p,q)-H0 = 0.0000000000000000, L(p,q)-L0 = 0.0000000000000000
t = 33.1001, H(p,q)-H0 = 0.0000000000000000, L(p,q)-L0 = 0.0000000000000000
t = 33.2001, H(p,q)-H0 = 0.0000000000000000, L(p,q)-L0 = 0.0000000000000000
t = 33.3001, H(p,q)-H0 = 0.0000000596046448, L(p,q)-L0 = 0.0000000596046448
t = 33.4001, H(p,q)-H0 = 0.0000000000000000, L(p,q)-L0 = 0.0000000000000000
t = 33.5001, H(p,q)-H0 = 0.0000000000000000, L(p,q)-L0 = 0.0000000596046448
t = 33.6001, H(p,q)-H0 = 0.0000000000000000, L(p,q)-L0 = 0.0000000000000000
t = 33.7001, H(p,q)-H0 = 0.0000000596046448, L(p,q)-L0 = 0.0000000596046448
t = 33.8001, H(p,q)-H0 = 0.0000000000000000, L(p,q)-L0 = 0.0000000000000000
t = 33.9001, H(p,q)-H0 = 0.0000000000000000, L(p,q)-L0 = 0.0000000000000000
t = 34.0001, H(p,q)-H0 = 0.0000000000000000, L(p,q)-L0 = 0.0000000000000000
t = 34.1001, H(p,q)-H0 = 0.0000000000000000, L(p,q)-L0 = 0.0000000000000000
t = 34.2001, H(p,q)-H0 = 0.0000000596046448, L(p,q)-L0 = 0.0000000000000000
t = 34.3000, H(p,q)-H0 = 0.0000000000000000, L(p,q)-L0 = 0.0000000000000000
t = 34.4000, H(p,q)-H0 = 0.0000000000000000, L(p,q)-L0 = -0.0000000596046448
t = 34.5000, H(p,q)-H0 = 0.0000000000000000, L(p,q)-L0 = 0.0000000000000000
t = 34.6000, H(p,q)-H0 = 0.0000000596046448, L(p,q)-L0 = 0.0000000596046448
t = 34.7000, H(p,q)-H0 = 0.0000000596046448, L(p,q)-L0 = 0.0000000596046448
t = 34.8000, H(p,q)-H0 = 0.0000000000000000, L(p,q)-L0 = -0.0000000596046448
t = 34.9000, H(p,q)-H0 = 0.0000000596046448, L(p,q)-L0 = 0.0000000000000000
t = 35.0000, H(p,q)-H0 = 0.0000000000000000, L(p,q)-L0 = 0.0000000000000000
t = 35.1000, H(p,q)-H0 = 0.0000000000000000, L(p,q)-L0 = 0.0000000000000000
t = 35.2000, H(p,q)-H0 = 0.0000000000000000, L(p,q)-L0 = -0.0000000596046448
t = 35.3000, H(p,q)-H0 = 0.0000000596046448, L(p,q)-L0 = 0.0000000000000000
t = 35.4000, H(p,q)-H0 = 0.0000000596046448, L(p,q)-L0 = 0.0000000000000000
t = 35.5000, H(p,q)-H0 = 0.0000000596046448, L(p,q)-L0 = 0.0000000000000000
t = 35.6000, H(p,q)-H0 = 0.0000000596046448, L(p,q)-L0 = 0.0000000000000000
t = 35.7000, H(p,q)-H0 = 0.0000000000000000, L(p,q)-L0 = 0.0000000000000000
t = 35.8000, H(p,q)-H0 = 0.0000001192092896, L(p,q)-L0 = 0.0000000596046448
t = 35.9000, H(p,q)-H0 = 0.0000000000000000, L(p,q)-L0 = 0.0000000000000000
t = 36.0000, H(p,q)-H0 = 0.0000000596046448, L(p,q)-L0 = 0.0000000000000000
t = 36.1000, H(p,q)-H0 = -0.0000000596046448, L(p,q)-L0 = 0.0000000000000000
t = 36.2000, H(p,q)-H0 = 0.0000000000000000, L(p,q)-L0 = 0.0000000000000000
t = 36.3000, H(p,q)-H0 = 0.0000000000000000, L(p,q)-L0 = 0.0000000000000000
t = 36.4000, H(p,q)-H0 = 0.0000000596046448, L(p,q)-L0 = 0.0000000000000000
t = 36.5000, H(p,q)-H0 = 0.0000000000000000, L(p,q)-L0 = 0.0000000000000000
t = 36.6000, H(p,q)-H0 = 0.0000000596046448, L(p,q)-L0 = 0.0000000596046448
t = 36.7000, H(p,q)-H0 = 0.0000001192092896, L(p,q)-L0 = 0.0000000000000000
t = 36.8000, H(p,q)-H0 = 0.0000001192092896, L(p,q)-L0 = 0.0000000000000000
t = 36.9000, H(p,q)-H0 = -0.0000000596046448, L(p,q)-L0 = -0.0000000596046448
t = 37.0000, H(p,q)-H0 = 0.0000000000000000, L(p,q)-L0 = 0.0000000000000000
t = 37.1000, H(p,q)-H0 = -0.0000001192092896, L(p,q)-L0 = 0.0000000000000000
t = 37.2000, H(p,q)-H0 = 0.0000000000000000, L(p,q)-L0 = 0.0000000000000000
t = 37.3000, H(p,q)-H0 = 0.0000001192092896, L(p,q)-L0 = 0.0000000000000000
t = 37.4000, H(p,q)-H0 = 0.0000001192092896, L(p,q)-L0 = 0.0000000000000000
t = 37.5000, H(p,q)-H0 = 0.0000000000000000, L(p,q)-L0 = 0.0000000000000000
ROOT RETURN:	t = 37.5849 g[0] =   1, y[0] = 0.361068, y[1] = -0.221049
t = 37.5849, H(p,q)-H0 = -0.0000023841857910, L(p,q)-L0 = -0.0000007152557373
t = 37.6000, H(p,q)-H0 = 0.0000001192092896, L(p,q)-L0 = 0.0000000000000000
t = 37.7000, H(p,q)-H0 = 0.0000001192092896, L(p,q)-L0 = 0.0000000596046448
t = 37.8000, H(p,q)-H0 = 0.0000000000000000, L(p,q)-L0 = 0.0000000000000000
t = 37.9000, H(p,q)-H0 = 0.0000000000000000, L(p,q)-L0 = 0.0000000000000000
t = 38.0000, H(p,q)-H0 = 0.0000000000000000, L(p,q)-L0 = 0.0000000000000000
t = 38.1000, H(p,q)-H0 = 0.0000000000000000, L(p,q)-L0 = 0.0000000000000000
t = 38.2000, H(p,q)-H0 = 0.0000001192092896, L(p,q)-L0 = -0.0000000596046448
t = 38.3000, H(p,q)-H0 = 0.0000000000000000, L(p,q)-L0 = 0.0000000596046448
t = 38.4000, H(p,q)-H0 = 0.0000000000000000, L(p,q)-L0 = 0.0000000596046448
t = 38.5000, H(p,q)-H0 = 0.0000001192092896, L(p,q)-L0 = 0.0000000000000000
t = 38.6000, H(p,q)-H0 = 0.0000000596046448, L(p,q)-L0 = 0.0000000000000000
t = 38.7000, H(p,q)-H0 = 0.0000000596046448, L(p,q)-L0 = 0.0000000000000000
ROOT RETURN:	t = 38.7300 g[0] =  -1, y[0] = -0.659025, y[1] = 0.798605
t = 38.7300, H(p,q)-H0 = 0.0000000000000000, L(p,q)-L0 = 0.0000000000000000
t = 38.8000, H(p,q)-H0 = 0.0000000000000000, L(p,q)-L0 = 0.0000000000000000
t = 38.9000, H(p,q)-H0 = 0.0000000000000000, L(p,q)-L0 = 0.0000000000000000
t = 39.0000, H(p,q)-H0 = 0.0000000000000000, L(p,q)-L0 = 0.0000000000000000
t = 39.1000, H(p,q)-H0 = 0.0000001192092896, L(p,q)-L0 = 0.0000000000000000
t = 39.2000, H(p,q)-H0 = 0.0000000000000000, L(p,q)-L0 = -0.0000000596046448
t = 39.3000, H(p,q)-H0 = 0.0000001192092896, L(p,q)-L0 = 0.0000000000000000
t = 39.4000, H(p,q)-H0 = 0.0000000596046448, L(p,q)-L0 = 0.0000000000000000
t = 39.5000, H(p,q)-H0 = 0.0000000596046448, L(p,q)-L0 = 0.0000000000000000
t = 39.6000, H(p,q)-H0 = 0.0000000000000000, L(p,q)-L0 = 0.0000000000000000
t = 39.7000, H(p,q)-H0 = 0.0000000596046448, L(p,q)-L0 = 0.0000000596046448
t = 39.8000, H(p,q)-H0 = 0.0000000596046448, L(p,q)-L0 = 0.0000000000000000
t = 39.9000, H(p,q)-H0 = 0.0000000596046448, L(p,q)-L0 = 0.0000000000000000
t = 40.0000, H(p,q)-H0 = 0.0000000596046448, L(p,q)-L0 = 0.0000000000000000
t = 40.1000, H(p,q)-H0 = 0.0000001192092896, L(p,q)-L0 = 0.0000000596046448
t = 40.2000, H(p,q)-H0 = 0.0000000596046448, L(p,q)-L0 = 0.0000000000000000
t = 40.3000, H(p,q)-H0 = 0.0000000596046448, L(p,q)-L0 = 0.0000000000000000
t = 40.4000, H(p,q)-H0 = 0.0000000596046448, L(p,q)-L0 = 0.0000000000000000
t = 40.5000, H(p,q)-H0 = 0.0000001192092896, L(p,q)-L0 = 0.0000000000000000
t = 40.6000, H(p,q)-H0 = 0.0000001192092896, L(p,q)-L0 = 0.0000000000000000
t = 40.7000, H(p,q)-H0 = 0.0000001192092896, L(p,q)-L0 = 0.0000000000000000
t = 40.7999, H(p,q)-H0 = 0.0000000596046448, L(p,q)-L0 = 0.0000000596046448
t = 40.8999, H(p,q)-H0 = 0.0000001192092896, L(p,q)-L0 = 0.0000000596046448
t = 40.9999, H(p,q)-H0 = 0.0000001192092896, L(p,q)-L0 = 0.0000000000000000
t = 41.0999, H(p,q)-H0 = 0.0000001192092896, L(p,q)-L0 = 0.0000000596046448
t = 41.1999, H(p,q)-H0 = 0.0000001192092896, L(p,q)-L0 = 0.0000000596046448
t = 41.2999, H(p,q)-H0 = 0.0000000596046448, L(p,q)-L0 = 0.0000000596046448
t = 41.3999, H(p,q)-H0 = 0.0000000596046448, L(p,q)-L0 = 0.0000000000000000
t = 41.4999, H(p,q)-H0 = 0.0000001192092896, L(p,q)-L0 = 0.0000000000000000
t = 41.5999, H(p,q)-H0 = 0.0000000596046448, L(p,q)-L0 = 0.0000000000000000
t = 41.6999, H(p,q)-H0 = 0.0000000000000000, L(p,q)-L0 = 0.0000000000000000
t = 41.7999, H(p,q)-H0 = 0.0000001192092896, L(p,q)-L0 = 0.0000000000000000
t = 41.8999, H(p,q)-H0 = 0.0000001192092896, L(p,q)-L0 = 0.0000000596046448
t = 41.9999, H(p,q)-H0 = 0.0000001192092896, L(p,q)-L0 = 0.0000000000000000
t = 42.0999, H(p,q)-H0 = 0.0000000000000000, L(p,q)-L0 = 0.0000000000000000
t = 42.1999, H(p,q)-H0 = 0.0000000000000000, L(p,q)-L0 = 0.0000000000000000
t = 42.2999, H(p,q)-H0 = 0.0000001192092896, L(p,q)-L0 = 0.0000000000000000
t = 42.3999, H(p,q)-H0 = 0.0000001192092896, L(p,q)-L0 = 0.0000000000000000
t = 42.4999, H(p,q)-H0 = 0.0000001192092896, L(p,q)-L0 = 0.0000000000000000
t = 42.5999, H(p,q)-H0 = 0.0000000596046448, L(p,q)-L0 = 0.0000000000000000
t = 42.6999, H(p,q)-H0 = 0.0000000596046448, L(p,q)-L0 = 0.0000000000000000
t = 42.7999, H(p,q)-H0 = 0.0000001192092896, L(p,q)-L0 = 0.0000000000000000
t = 42.8999, H(p,q)-H0 = 0.0000000000000000, L(p,q)-L0 = 0.0000000000000000
t = 42.9999, H(p,q)-H0 = 0.0000000596046448, L(p,q)-L0 = 0.0000000000000000
t = 43.0999, H(p,q)-H0 = 0.0000000000000000, L(p,q)-L0 = 0.0000000000000000
t = 43.1999, H(p,q)-H0 = 0.0000000596046448, L(p,q)-L0 = 0.0000000000000000
t = 43.2999, H(p,q)-H0 = 0.0000000000000000, L(p,q)-L0 = 0.0000000596046448
t = 43.3999, H(p,q)-H0 = 0.0000000596046448, L(p,q)-L0 = -0.0000000596046448
t = 43.4999, H(p,q)-H0 = 0.0000001192092896, L(p,q)-L0 = 0.0000000000000000
t = 43.5999, H(p,q)-H0 = 0.0000001192092896, L(p,q)-L0 = 0.0000000596046448
t = 43.6999, H(p,q)-H0 = 0.0000002384185791, L(p,q)-L0 = 0.0000000000000000
t = 43.7999, H(p,q)-H0 = 0.0000000000000000, L(p,q)-L0 = 0.0000000000000000
ROOT RETURN:	t = 43.8680 g[0] =   1, y[0] = 0.361068, y[1] = -0.22105
t = 43.8680, H(p,q)-H0 = 0.0000026226043701, L(p,q)-L0 = 0.0000007748603821
t = 43.8999, H(p,q)-H0 = -0.0000001192092896, L(p,q)-L0 = 0.0000000000000000
t = 43.9999, H(p,q)-H0 = -0.0000002384185791, L(p,q)-L0 = 0.0000000000000000
t = 44.0999, H(p,q)-H0 = -0.0000001192092896, L(p,q)-L0 = 0.0000000000000000
t = 44.1999, H(p,q)-H0 = 0.0000000000000000, L(p,q)-L0 = 0.0000000000000000
t = 44.2999, H(p,q)-H0 = -0.0000001192092896, L(p,q)-L0 = -0.0000000596046448
t = 44.3999, H(p,q)-H0 = 0.0000000000000000, L(p,q)-L0 = 0.0000000596046448
t = 44.4999, H(p,q)-H0 = 0.0000000596046448, L(p,q)-L0 = 0.0000000000000000
t = 44.5999, H(p,q)-H0 = 0.0000000000000000, L(p,q)-L0 = 0.0000000000000000
t = 44.6999, H(p,q)-H0 = 0.0000000596046448, L(p,q)-L0 = 0.0000000000000000
t = 44.7999, H(p,q)-H0 = 0.0000001788139343, L(p,q)-L0 = 0.0000000596046448
t = 44.8999, H(p,q)-H0 = 0.0000001192092896, L(p,q)-L0 = 0.0000000000000000
t = 44.9999, H(p,q)-H0 = 0.0000000596046448, L(p,q)-L0 = 0.0000000000000000
ROOT RETURN:	t = 45.0129 g[0] =  -1, y[0] = -0.65888, y[1] = 0.798612
t = 45.0129, H(p,q)-H0 = 0.0000001788139343, L(p,q)-L0 = 0.0000000000000000
t = 45.0999, H(p,q)-H0 = 0.0000001192092896, L(p,q)-L0 = 0.0000000596046448
t = 45.1999, H(p,q)-H0 = 0.0000000596046448, L(p,q)-L0 = 0.0000000000000000
t = 45.2999, H(p,q)-H0 = 0.0000001192092896, L(p,q)-L0 = 0.0000000596046448
t = 45.3999, H(p,q)-H0 = 0.0000001192092896, L(p,q)-L0 = 0.0000000000000000
t = 45.4999, H(p,q)-H0 = 0.0000001192092896, L(p,q)-L0 = 0.0000000596046448
t = 45.5999, H(p,q)-H0 = 0.0000001192092896, L(p,q)-L0 = 0.0000000000000000
t = 45.6999, H(p,q)-H0 = 0.0000001192092896, L(p,q)-L0 = 0.0000000000000000
t = 45.7999, H(p,q)-H0 = 0.0000000596046448, L(p,q)-L0 = 0.0000000000000000
t = 45.8999, H(p,q)-H0 = 0.0000001192092896, L(p,q)-L0 = 0.0000000000000000
t = 45.9999, H(p,q)-H0 = 0.0000001192092896, L(p,q)-L0 = 0.0000000000000000
t = 46.0999, H(p,q)-H0 = 0.0000001192092896, L(p,q)-L0 = 0.0000000596046448
t = 46.1999, H(p,q)-H0 = 0.0000001192092896, L(p,q)-L0 = 0.0000000000000000
t = 46.2999, H(p,q)-H0 = 0.0000001192092896, L(p,q)-L0 = 0.0000000000000000
t = 46.3999, H(p,q)-H0 = 0.0000001192092896, L(p,q)-L0 = 0.0000000596046448
t = 46.4999, H(p,q)-H0 = 0.0000000596046448, L(p,q)-L0 = 0.0000000000000000
t = 46.5999, H(p,q)-H0 = 0.0000000596046448, L(p,q)-L0 = 0.0000000596046448
t = 46.6999, H(p,q)-H0 = 0.0000001192092896, L(p,q)-L0 = 0.0000000000000000
t = 46.7999, H(p,q)-H0 = 0.0000000596046448, L(p,q)-L0 = 0.0000000000000000
t = 46.8999, H(p,q)-H0 = 0.0000001192092896, L(p,q)-L0 = 0.0000000000000000
t = 46.9999, H(p,q)-H0 = 0.0000000596046448, L(p,q)-L0 = 0.0000000000000000
t = 47.0999, H(p,q)-H0 = 0.0000001192092896, L(p,q)-L0 = 0.0000000000000000
t = 47.1999, H(p,q)-H0 = 0.0000001192092896, L(p,q)-L0 = 0.0000000596046448
t = 47.2999, H(p,q)-H0 = 0.0000000596046448, L(p,q)-L0 = 0.0000000000000000
t = 47.3998, H(p,q)-H0 = 0.0000001192092896, L(p,q)-L0 = 0.0000000596046448
t = 47.4998, H(p,q)-H0 = 0.0000000596046448, L(p,q)-L0 = 0.0000000000000000
t = 47.5998, H(p,q)-H0 = 0.0000000596046448, L(p,q)-L0 = 0.0000000000000000
t = 47.6998, H(p,q)-H0 = 0.0000000000000000, L(p,q)-L0 = 0.0000000000000000
t = 47.7998, H(p,q)-H0 = 0.0000000596046448, L(p,q)-L0 = 0.0000000000000000
t = 47.8998, H(p,q)-H0 = 0.0000001192092896, L(p,q)-L0 = 0.0000000596046448
t = 47.9998, H(p,q)-H0 = 0.0000001192092896, L(p,q)-L0 = 0.0000000000000000
t = 48.0998, H(p,q)-H0 = 0.0000000596046448, L(p,q)-L0 = 0.0000000000000000
t = 48.1998, H(p,q)-H0 = 0.0000001192092896, L(p,q)-L0 = 0.0000000000000000
t = 48.2998, H(p,q)-H0 = 0.0000001192092896, L(p,q)-L0 = 0.0000000596046448
t = 48.3998, H(p,q)-H0 = 0.0000001192092896, L(p,q)-L0 = 0.0000000000000000
t = 48.4998, H(p,q)-H0 = 0.0000000596046448, L(p,q)-L0 = 0.0000000000000000
t = 48.5998, H(p,q)-H0 = 0.0000001192092896, L(p,q)-L0 = 0.0000000000000000
t = 48.6998, H(p,q)-H0 = 0.0000000000000000, L(p,q)-L0 = 0.0000000000000000
t = 48.7998, H(p,q)-H0 = 0.0000000596046448, L(p,q)-L0 = 0.0000000000000000
t = 48.8998, H(p,q)-H0 = 0.0000001192092896, L(p,q)-L0 = 0.0000000000000000
t = 48.9998, H(p,q)-H0 = 0.0000000000000000, L(p,q)-L0 = 0.0000000000000000
t = 49.0998, H(p,q)-H0 = 0.0000000000000000, L(p,q)-L0 = 0.0000000000000000
t = 49.1998, H(p,q)-H0 = 0.0000001192092896, L(p,q)-L0 = 0.0000000000000000
t = 49.2998, H(p,q)-H0 = 0.0000000000000000, L(p,q)-L0 = -0.0000000596046448
t = 49.3998, H(p,q)-H0 = 0.0000000596046448, L(p,q)-L0 = 0.0000000000000000
t = 49.4998, H(p,q)-H0 = 0.0000000000000000, L(p,q)-L0 = 0.0000000000000000
t = 49.5998, H(p,q)-H0 = 0.0000000596046448, L(p,q)-L0 = 0.0000000596046448
t = 49.6998, H(p,q)-H0 = 0.0000000596046448, L(p,q)-L0 = 0.0000000000000000
t = 49.7998, H(p,q)-H0 = 0.0000001192092896, L(p,q)-L0 = 0.0000000000000000
t = 49.8998, H(p,q)-H0 = 0.0000000000000000, L(p,q)-L0 = 0.0000000000000000
t = 49.9998, H(p,q)-H0 = 0.0000001192092896, L(p,q)-L0 = 0.0000000000000000
t = 50.0998, H(p,q)-H0 = 0.0000002384185791, L(p,q)-L0 = 0.0000000000000000
ROOT RETURN:	t = 50.1511 g[0] =   1, y[0] = 0.361066, y[1] = -0.221055
t = 50.1511, H(p,q)-H0 = -0.0000007152557373, L(p,q)-L0 = -0.0000002384185791
t = 50.1998, H(p,q)-H0 = 0.0000003576278687, L(p,q)-L0 = 0.0000000000000000
t = 50.2998, H(p,q)-H0 = 0.0000002384185791, L(p,q)-L0 = 0.0000000596046448
t = 50.3998, H(p,q)-H0 = 0.0000000000000000, L(p,q)-L0 = 0.0000000000000000
t = 50.4998, H(p,q)-H0 = 0.0000000000000000, L(p,q)-L0 = 0.0000000000000000
t = 50.5998, H(p,q)-H0 = 0.0000003576278687, L(p,q)-L0 = 0.0000000596046448
t = 50.6998, H(p,q)-H0 = 0.0000000000000000, L(p,q)-L0 = 0.0000000000000000
t = 50.7998, H(p,q)-H0 = 0.0000000000000000, L(p,q)-L0 = 0.0000000596046448
t = 50.8998, H(p,q)-H0 = 0.0000000000000000, L(p,q)-L0 = -0.0000000596046448
t = 50.9998, H(p,q)-H0 = 0.0000001192092896, L(p,q)-L0 = 0.0000000000000000
t = 51.0998, H(p,q)-H0 = 0.0000000596046448, L(p,q)-L0 = 0.0000000000000000
t = 51.1998, H(p,q)-H0 = 0.0000001192092896, L(p,q)-L0 = 0.0000000596046448
ROOT RETURN:	t = 51.2961 g[0] =  -1, y[0] = -0.659011, y[1] = 0.798606
t = 51.2961, H(p,q)-H0 = 0.0000000596046448, L(p,q)-L0 = 0.0000000000000000
t = 51.2998, H(p,q)-H0 = 0.0000000000000000, L(p,q)-L0 = 0.0000000000000000
t = 51.3998, H(p,q)-H0 = 0.0000000596046448, L(p,q)-L0 = 0.0000000596046448
t = 51.4998, H(p,q)-H0 = 0.0000001192092896, L(p,q)-L0 = 0.0000000000000000
t = 51.5998, H(p,q)-H0 = 0.0000001192092896, L(p,q)-L0 = 0.0000000000000000
t = 51.6998, H(p,q)-H0 = 0.0000001192092896, L(p,q)-L0 = 0.0000000000000000
t = 51.7998, H(p,q)-H0 = 0.0000001788139343, L(p,q)-L0 = 0.0000000000000000
t = 51.8998, H(p,q)-H0 = 0.0000001192092896, L(p,q)-L0 = 0.0000000000000000
t = 51.9998, H(p,q)-H0 = 0.0000001192092896, L(p,q)-L0 = 0.0000000000000000
t = 52.0998, H(p,q)-H0 = 0.0000001192092896, L(p,q)-L0 = 0.0000000000000000
t = 52.1998, H(p,q)-H0 = 0.0000001192092896, L(p,q)-L0 = 0.0000000000000000
t = 52.2998, H(p,q)-H0 = 0.0000001192092896, L(p,q)-L0 = 0.0000000000000000
t = 52.3998, H(p,q)-H0 = 0.0000001192092896, L(p,q)-L0 = 0.0000000596046448
t = 52.4998, H(p,q)-H0 = 0.0000001192092896, L(p,q)-L0 = 0.0000000000000000
t = 52.5998, H(p,q)-H0 = 0.0000001192092896, L(p,q)-L0 = 0.0000000000000000
t = 52.6998, H(p,q)-H0 = 0.0000001192092896, L(p,q)-L0 = 0.0000000596046448
t = 52.7998, H(p,q)-H0 = 0.0000000596046448, L(p,q)-L0 = 0.0000000000000000
t = 52.8998, H(p,q)-H0 = 0.0000001192092896, L(p,q)-L0 = 0.0000000000000000
t = 52.9998, H(p,q)-H0 = 0.0000001192092896, L(p,q)-L0 = 0.0000000000000000
t = 53.0998, H(p,q)-H0 = 0.0000001192092896, L(p,q)-L0 = 0.0000000000000000
t = 53.1998, H(p,q)-H0 = 0.0000001192092896, L(p,q)-L0 = 0.0000000000000000
t = 53.2998, H(p,q)-H0 = 0.0000000596046448, L(p,q)-L0 = 0.0000000000000000
t = 53.3998, H(p,q)-H0 = 0.0000001192092896, L(p,q)-L0 = 0.0000000000000000
t = 53.4998, H(p,q)-H0 = 0.0000000596046448, L(p,q)-L0 = -0.0000000596046448
t = 53.5998, H(p,q)-H0 = 0.0000001192092896, L(p,q)-L0 = 0.0000000596046448
t = 53.6998, H(p,q)-H0 = 0.0000001192092896, L(p,q)-L0 = 0.0000000596046448
t = 53.7998, H(p,q)-H0 = 0.0000000596046448, L(p,q)-L0 = 0.0000000000000000
t = 53.8997, H(p,q)-H0 = 0.0000000596046448, L(p,q)-L0 = 0.0000000000000000
t = 53.9997, H(p,q)-H0 = 0.0000000596046448, L(p,q)-L0 = 0.0000000000000000
t = 54.0997, H(p,q)-H0 = 0.0000001192092896, L(p,q)-L0 = 0.0000000000000000
t = 54.1997, H(p,q)-H0 = 0.0000001192092896, L(p,q)-L0 = 0.0000000596046448
t = 54.2997, H(p,q)-H0 = 0.0000001192092896, L(p,q)-L0 = 0.0000000596046448
t = 54.3997, H(p,q)-H0 = 0.0000000596046448, L(p,q)-L0 = 0.0000000000000000
t = 54.4997, H(p,q)-H0 = 0.0000000596046448, L(p,q)-L0 = 0.0000000000000000
t = 54.5997, H(p,q)-H0 = 0.0000001192092896, L(p,q)-L0 = 0.0000000000000000
t = 54.6997, H(p,q)-H0 = 0.0000001192092896, L(p,q)-L0 = 0.0000000000000000
t = 54.7997, H(p,q)-H0 = 0.0000001192092896, L(p,q)-L0 = 0.0000000000000000
t = 54.8997, H(p,q)-H0 = 0.0000001192092896, L(p,q)-L0 = 0.0000000000000000
t = 54.9997, H(p,q)-H0 = 0.0000001192092896, L(p,q)-L0 = 0.0000000000000000
t = 55.0997, H(p,q)-H0 = 0.0000001788139343, L(p,q)-L0 = 0.0000000000000000
t = 55.1997, H(p,q)-H0 = 0.0000001192092896, L(p,q)-L0 = 0.0000000000000000
t = 55.2997, H(p,q)-H0 = 0.0000001192092896, L(p,q)-L0 = 0.0000000000000000
t = 55.3997, H(p,q)-H0 = 0.0000001192092896, L(p,q)-L0 = 0.0000000596046448
t = 55.4997, H(p,q)-H0 = 0.0000001192092896, L(p,q)-L0 = 0.0000000596046448
t = 55.5997, H(p,q)-H0 = 0.0000001192092896, L(p,q)-L0 = 0.0000000596046448
t = 55.6997, H(p,q)-H0 = 0.0000000596046448, L(p,q)-L0 = -0.0000000596046448
t = 55.7997, H(p,q)-H0 = 0.0000001192092896, L(p,q)-L0 = 0.0000000000000000
t = 55.8997, H(p,q)-H0 = 0.0000001788139343, L(p,q)-L0 = 0.0000000596046448
t = 55.9997, H(p,q)-H0 = 0.0000001192092896, L(p,q)-L0 = 0.0000000000000000
t = 56.0997, H(p,q)-H0 = 0.0000000000000000, L(p,q)-L0 = 0.0000000596046448
t = 56.1997, H(p,q)-H0 = 0.0000001192092896, L(p,q)-L0 = 0.0000000596046448
t = 56.2997, H(p,q)-H0 = -0.0000002384185791, L(p,q)-L0 = 0.0000000000000000
t = 56.3997, H(p,q)-H0 = 0.0000000000000000, L(p,q)-L0 = 0.0000000000000000
ROOT RETURN:	t = 56.4342 g[0] =   1, y[0] = 0.361069, y[1] = -0.221046
t = 56.4342, H(p,q)-H0 = 0.0000023841857910, L(p,q)-L0 = 0.0000006556510925
t = 56.4997, H(p,q)-H0 = 0.0000001192092896, L(p,q)-L0 = 0.0000000000000000
t = 56.5997, H(p,q)-H0 = -0.0000002384185791, L(p,q)-L0 = 0.0000000000000000
t = 56.6997, H(p,q)-H0 = 0.0000001192092896, L(p,q)-L0 = 0.0000000000000000
t = 56.7997, H(p,q)-H0 = 0.0000001192092896, L(p,q)-L0 = 0.0000000000000000
t = 56.8997, H(p,q)-H0 = 0.0000000000000000, L(p,q)-L0 = 0.0000000000000000
t = 56.9997, H(p,q)-H0 = 0.0000001192092896, L(p,q)-L0 = 0.0000000000000000
t = 57.0997, H(p,q)-H0 = 0.0000001788139343, L(p,q)-L0 = 0.0000000596046448
t = 57.1997, H(p,q)-H0 = 0.0000001788139343, L(p,q)-L0 = 0.0000000000000000
t = 57.2997, H(p,q)-H0 = 0.0000001788139343, L(p,q)-L0 = 0.0000000000000000
t = 57.3997, H(p,q)-H0 = 0.0000000596046448, L(p,q)-L0 = 0.0000000596046448
t = 57.4997, H(p,q)-H0 = 0.0000000000000000, L(p,q)-L0 = 0.0000000000000000
ROOT RETURN:	t = 57.5792 g[0] =  -1, y[0] = -0.658954, y[1] = 0.798609
t = 57.5792, H(p,q)-H0 = 0.0000001788139343, L(p,q)-L0 = 0.0000001192092896
t = 57.5997, H(p,q)-H0 = 0.0000000596046448, L(p,q)-L0 = 0.0000000596046448
t = 57.6997, H(p,q)-H0 = 0.0000001192092896, L(p,q)-L0 = 0.0000000596046448
t = 57.7997, H(p,q)-H0 = 0.0000002384185791, L(p,q)-L0 = 0.0000000000000000
t = 57.8997, H(p,q)-H0 = 0.0000000000000000, L(p,q)-L0 = 0.0000000000000000
t = 57.9997, H(p,q)-H0 = 0.0000001192092896, L(p,q)-L0 = 0.0000000000000000
t = 58.0997, H(p,q)-H0 = 0.0000001192092896, L(p,q)-L0 = 0.0000000000000000
t = 58.1997, H(p,q)-H0 = 0.0000001192092896, L(p,q)-L0 = 0.0000000000000000
t = 58.2997, H(p,q)-H0 = 0.0000001192092896, L(p,q)-L0 = 0.0000000000000000
t = 58.3997, H(p,q)-H0 = 0.0000001788139343, L(p,q)-L0 = 0.0000000596046448
t = 58.4997, H(p,q)-H0 = 0.0000001192092896, L(p,q)-L0 = 0.0000000596046448
t = 58.5997, H(p,q)-H0 = 0.0000001192092896, L(p,q)-L0 = 0.0000000000000000
t = 58.6997, H(p,q)-H0 = 0.0000001192092896, L(p,q)-L0 = 0.0000000000000000
t = 58.7997, H(p,q)-H0 = 0.0000001192092896, L(p,q)-L0 = 0.0000000000000000
t = 58.8997, H(p,q)-H0 = 0.0000001192092896, L(p,q)-L0 = 0.0000000000000000
t = 58.9997, H(p,q)-H0 = 0.0000001192092896, L(p,q)-L0 = 0.0000000000000000
t = 59.0997, H(p,q)-H0 = 0.0000001192092896, L(p,q)-L0 = 0.0000000000000000
t = 59.1997, H(p,q)-H0 = 0.0000001192092896, L(p,q)-L0 = 0.0000000000000000
t = 59.2997, H(p,q)-H0 = 0.0000001192092896, L(p,q)-L0 = 0.0000000000000000
t = 59.3997, H(p,q)-H0 = 0.0000001192092896, L(p,q)-L0 = 0.0000000596046448
t = 59.4997, H(p,q)-H0 = 0.0000001192092896, L(p,q)-L0 = 0.0000000000000000
t = 59.5997, H(p,q)-H0 = 0.0000001192092896, L(p,q)-L0 = 0.0000000000000000
t = 59.6997, H(p,q)-H0 = 0.0000001192092896, L(p,q)-L0 = 0.0000000000000000
t = 59.7997, H(p,q)-H0 = 0.0000001192092896, L(p,q)-L0 = 0.0000000000000000
t = 59.8997, H(p,q)-H0 = 0.0000000596046448, L(p,q)-L0 = 0.0000000000000000
t = 59.9997, H(p,q)-H0 = 0.0000001192092896, L(p,q)-L0 = 0.0000000000000000
t = 60.0997, H(p,q)-H0 = 0.0000001192092896, L(p,q)-L0 = 0.0000000000000000
t = 60.1997, H(p,q)-H0 = 0.0000001192092896, L(p,q)-L0 = 0.0000000000000000
t = 60.2997, H(p,q)-H0 = 0.0000001192092896, L(p,q)-L0 = 0.0000000000000000
t = 60.3997, H(p,q)-H0 = 0.0000001192092896, L(p,q)-L0 = 0.0000000000000000
t = 60.4996, H(p,q)-H0 = 0.0000001192092896, L(p,q)-L0 = 0.0000000000000000
t = 60.5996, H(p,q)-H0 = 0.0000001192092896, L(p,q)-L0 = 0.0000000596046448
t = 60.6996, H(p,q)-H0 = 0.0000001192092896, L(p,q)-L0 = 0.0000000000000000
t = 60.7996, H(p,q)-H0 = 0.0000001192092896, L(p,q)-L0 = 0.0000000000000000
t = 60.8996, H(p,q)-H0 = 0.0000001192092896, L(p,q)-L0 = 0.0000000000000000
t = 60.9996, H(p,q)-H0 = 0.0000001192092896, L(p,q)-L0 = 0.0000000000000000
t = 61.0996, H(p,q)-H0 = 0.0000001192092896, L(p,q)-L0 = 0.0000000000000000
t = 61.1996, H(p,q)-H0 = 0.0000001192092896, L(p,q)-L0 = 0.0000000000000000
t = 61.2996, H(p,q)-H0 = 0.0000001192092896, L(p,q)-L0 = 0.0000000000000000
t = 61.3996, H(p,q)-H0 = 0.0000001192092896, L(p,q)-L0 = 0.0000000000000000
t = 61.4996, H(p,q)-H0 = 0.0000001192092896, L(p,q)-L0 = 0.0000000000000000
t = 61.5996, H(p,q)-H0 = 0.0000001192092896, L(p,q)-L0 = -0.0000000596046448
t = 61.6996, H(p,q)-H0 = 0.0000001788139343, L(p,q)-L0 = 0.0000000000000000
t = 61.7996, H(p,q)-H0 = 0.0000001192092896, L(p,q)-L0 = 0.0000000596046448
t = 61.8996, H(p,q)-H0 = 0.0000001192092896, L(p,q)-L0 = 0.0000000000000000
t = 61.9996, H(p,q)-H0 = 0.0000001788139343, L(p,q)-L0 = 0.0000000596046448
t = 62.0996, H(p,q)-H0 = 0.0000000596046448, L(p,q)-L0 = 0.0000000000000000
t = 62.1996, H(p,q)-H0 = 0.0000000000000000, L(p,q)-L0 = 0.0000000000000000
t = 62.2996, H(p,q)-H0 = 0.0000000000000000, L(p,q)-L0 = -0.0000000596046448
t = 62.3996, H(p,q)-H0 = 0.0000001192092896, L(p,q)-L0 = 0.0000000000000000
t = 62.4996, H(p,q)-H0 = 0.0000002384185791, L(p,q)-L0 = 0.0000000596046448
t = 62.5996, H(p,q)-H0 = 0.0000000000000000, L(p,q)-L0 = 0.0000000000000000
t = 62.6996, H(p,q)-H0 = -0.0000001192092896, L(p,q)-L0 = 0.0000000000000000
ROOT RETURN:	t = 62.7173 g[0] =   1, y[0] = 0.361069, y[1] = -0.221047
t = 62.7173, H(p,q)-H0 = -0.0000007152557373, L(p,q)-L0 = -0.0000001192092896
t = 62.7996, H(p,q)-H0 = 0.0000001192092896, L(p,q)-L0 = 0.0000000000000000
t = 62.8996, H(p,q)-H0 = 0.0000000000000000, L(p,q)-L0 = 0.0000000000000000
t = 62.9996, H(p,q)-H0 = -0.0000002384185791, L(p,q)-L0 = 0.0000000000000000
t = 63.0996, H(p,q)-H0 = 0.0000000000000000, L(p,q)-L0 = 0.0000000000000000
t = 63.1996, H(p,q)-H0 = -0.0000001192092896, L(p,q)-L0 = -0.0000000596046448
t = 63.2996, H(p,q)-H0 = 0.0000000000000000, L(p,q)-L0 = -0.0000000596046448
t = 63.3996, H(p,q)-H0 = 0.0000000000000000, L(p,q)-L0 = -0.0000000596046448
t = 63.4996, H(p,q)-H0 = 0.0000000596046448, L(p,q)-L0 = 0.0000000000000000
t = 63.5996, H(p,q)-H0 = -0.0000000596046448, L(p,q)-L0 = -0.0000000596046448
t = 63.6996, H(p,q)-H0 = 0.0000000596046448, L(p,q)-L0 = -0.0000000596046448
t = 63.7996, H(p,q)-H0 = 0.0000001192092896, L(p,q)-L0 = 0.0000000596046448
ROOT RETURN:	t = 63.8623 g[0] =  -1, y[0] = -0.658991, y[1] = 0.798607
t = 63.8623, H(p,q)-H0 = -0.0000001788139343, L(p,q)-L0 = -0.0000000596046448
t = 63.8996, H(p,q)-H0 = 0.0000000000000000, L(p,q)-L0 = -0.0000000596046448
t = 63.9996, H(p,q)-H0 = 0.0000001192092896, L(p,q)-L0 = 0.0000000000000000
t = 64.0996, H(p,q)-H0 = 0.0000000596046448, L(p,q)-L0 = 0.0000000000000000
t = 64.1996, H(p,q)-H0 = 0.0000000000000000, L(p,q)-L0 = 0.0000000596046448
t = 64.2996, H(p,q)-H0 = 0.0000000000000000, L(p,q)-L0 = 0.0000000000000000
t = 64.3996, H(p,q)-H0 = 0.0000000000000000, L(p,q)-L0 = 0.0000000000000000
t = 64.4996, H(p,q)-H0 = 0.0000000000000000, L(p,q)-L0 = -0.0000000596046448
t = 64.5996, H(p,q)-H0 = 0.0000000596046448, L(p,q)-L0 = 0.0000000000000000
t = 64.6996, H(p,q)-H0 = 0.0000000000000000, L(p,q)-L0 = 0.0000000000000000
t = 64.7996, H(p,q)-H0 = 0.0000000000000000, L(p,q)-L0 = -0.0000000596046448
t = 64.8996, H(p,q)-H0 = 0.0000000000000000, L(p,q)-L0 = 0.0000000000000000
t = 64.9996, H(p,q)-H0 = 0.0000000596046448, L(p,q)-L0 = 0.0000000000000000
t = 65.0996, H(p,q)-H0 = 0.0000000596046448, L(p,q)-L0 = 0.0000000000000000
t = 65.1996, H(p,q)-H0 = 0.0000000000000000, L(p,q)-L0 = -0.0000000596046448
t = 65.2996, H(p,q)-H0 = 0.0000000000000000, L(p,q)-L0 = 0.0000000000000000
t = 65.3996, H(p,q)-H0 = 0.0000000000000000, L(p,q)-L0 = 0.0000000000000000
t = 65.4996, H(p,q)-H0 = 0.0000000596046448, L(p,q)-L0 = 0.0000000000000000
t = 65.5996, H(p,q)-H0 = 0.0000000000000000, L(p,q)-L0 = 0.0000000000000000
t = 65.6996, H(p,q)-H0 = 0.0000000596046448, L(p,q)-L0 = 0.0000000596046448
t = 65.7996, H(p,q)-H0 = 0.0000000000000000, L(p,q)-L0 = 0.0000000000000000
t = 65.8996, H(p,q)-H0 = 0.0000000000000000, L(p,q)-L0 = -0.0000000596046448
t = 65.9996, H(p,q)-H0 = 0.0000000000000000, L(p,q)-L0 = 0.0000000000000000
t = 66.0996, H(p,q)-H0 = 0.0000000000000000, L(p,q)-L0 = 0.0000000000000000
t = 66.1996, H(p,q)-H0 = 0.0000000596046448, L(p,q)-L0 = 0.0000000000000000
t = 66.2996, H(p,q)-H0 = 0.0000000000000000, L(p,q)-L0 = -0.0000000596046448
t = 66.3996, H(p,q)-H0 = 0.0000000596046448, L(p,q)-L0 = 0.0000000596046448
t = 66.4996, H(p,q)-H0 = 0.0000000596046448, L(p,q)-L0 = 0.0000000000000000
t = 66.5996, H(p,q)-H0 = 0.0000000596046448, L(p,q)-L0 = 0.0000000000000000
t = 66.6996, H(p,q)-H0 = 0.0000000000000000, L(p,q)-L0 = -0.0000000596046448
t = 66.7996, H(p,q)-H0 = 0.0000000596046448, L(p,q)-L0 = 0.0000000000000000
t = 66.8996, H(p,q)-H0 = 0.0000000000000000, L(p,q)-L0 = 0.0000000000000000
t = 66.9995, H(p,q)-H0 = 0.0000000000000000, L(p,q)-L0 = 0.0000000000000000
t = 67.0995, H(p,q)-H0 = 0.0000000596046448, L(p,q)-L0 = 0.0000000000000000
t = 67.1995, H(p,q)-H0 = 0.0000000000000000, L(p,q)-L0 = 0.0000000000000000
t = 67.2995, H(p,q)-H0 = -0.0000000596046448, L(p,q)-L0 = 0.0000000000000000
t = 67.3995, H(p,q)-H0 = 0.0000000596046448, L(p,q)-L0 = 0.0000000000000000
t = 67.4995, H(p,q)-H0 = 0.0000000000000000, L(p,q)-L0 = 0.0000000596046448
t = 67.5995, H(p,q)-H0 = 0.0000000000000000, L(p,q)-L0 = 0.0000000000000000
t = 67.6995, H(p,q)-H0 = 0.0000000000000000, L(p,q)-L0 = 0.0000000000000000
t = 67.7995, H(p,q)-H0 = 0.0000000000000000, L(p,q)-L0 = 0.0000000000000000
t = 67.8995, H(p,q)-H0 = 0.0000000596046448, L(p,q)-L0 = 0.0000000000000000
t = 67.9995, H(p,q)-H0 = 0.0000000596046448, L(p,q)-L0 = 0.0000000000000000
t = 68.0995, H(p,q)-H0 = -0.0000001192092896, L(p,q)-L0 = -0.0000000596046448
t = 68.1995, H(p,q)-H0 = -0.0000000596046448, L(p,q)-L0 = -0.0000000596046448
t = 68.2995, H(p,q)-H0 = 0.0000000596046448, L(p,q)-L0 = 0.0000000596046448
t = 68.3995, H(p,q)-H0 = 0.0000000000000000, L(p,q)-L0 = 0.0000000000000000
t = 68.4995, H(p,q)-H0 = 0.0000000000000000, L(p,q)-L0 = 0.0000000000000000
t = 68.5995, H(p,q)-H0 = -0.0000001192092896, L(p,q)-L0 = -0.0000000596046448
t = 68.6995, H(p,q)-H0 = -0.0000001192092896, L(p,q)-L0 = -0.0000000596046448
t = 68.7995, H(p,q)-H0 = 0.0000000000000000, L(p,q)-L0 = 0.0000000000000000
t = 68.8995, H(p,q)-H0 = 0.0000000000000000, L(p,q)-L0 = 0.0000000000000000
t = 68.9995, H(p,q)-H0 = 0.0000001192092896, L(p,q)-L0 = 0.0000000000000000
ROOT RETURN:	t = 69.0004 g[0] =   1, y[0] = 0.361065, y[1] = -0.221058
t = 69.0004, H(p,q)-H0 = 0.0000009536743164, L(p,q)-L0 = 0.0000001788139343
t = 69.0995, H(p,q)-H0 = -0.0000002384185791, L(p,q)-L0 = -0.0000000596046448
t = 69.1995, H(p,q)-H0 = -0.0000002384185791, L(p,q)-L0 = 0.0000000000000000
t = 69.2995, H(p,q)-H0 = 0.0000000000000000, L(p,q)-L0 = -0.0000000596046448
t = 69.3995, H(p,q)-H0 = 0.0000000000000000, L(p,q)-L0 = -0.0000000596046448
t = 69.4995, H(p,q)-H0 = -0.0000001192092896, L(p,q)-L0 = -0.0000001192092896
t = 69.5995, H(p,q)-H0 = -0.0000001192092896, L(p,q)-L0 = 0.0000000000000000
t = 69.6995, H(p,q)-H0 = -0.0000001192092896, L(p,q)-L0 = -0.0000000596046448
t = 69.7995, H(p,q)-H0 = 0.0000000000000000, L(p,q)-L0 = 0.0000000000000000
t = 69.8995, H(p,q)-H0 = 0.0000000000000000, L(p,q)-L0 = 0.0000000000000000
t = 69.9995, H(p,q)-H0 = 0.0000000596046448, L(p,q)-L0 = 0.0000000000000000
t = 70.0995, H(p,q)-H0 = 0.0000000000000000, L(p,q)-L0 = 0.0000000000000000
ROOT RETURN:	t = 70.1451 g[0] =  -1, y[0] = -0.658626, y[1] = 0.798624
t = 70.1451, H(p,q)-H0 = -0.0000002980232239, L(p,q)-L0 = -0.0000002384185791
t = 70.1995, H(p,q)-H0 = 0.0000000000000000, L(p,q)-L0 = -0.0000000596046448
t = 70.2995, H(p,q)-H0 = 0.0000000000000000, L(p,q)-L0 = 0.0000000000000000
t = 70.3995, H(p,q)-H0 = 0.0000000000000000, L(p,q)-L0 = -0.0000000596046448
t = 70.4995, H(p,q)-H0 = 0.0000000000000000, L(p,q)-L0 = 0.0000000000000000
t = 70.5995, H(p,q)-H0 = 0.0000000596046448, L(p,q)-L0 = 0.0000000000000000
t = 70.6995, H(p,q)-H0 = 0.0000000000000000, L(p,q)-L0 = 0.0000000000000000
t = 70.7995, H(p,q)-H0 = 0.0000000000000000, L(p,q)-L0 = 0.0000000000000000
t = 70.8995, H(p,q)-H0 = 0.0000000000000000, L(p,q)-L0 = -0.0000000596046448
t = 70.9995, H(p,q)-H0 = -0.0000001192092896, L(p,q)-L0 = -0.0000000596046448
t = 71.0995, H(p,q)-H0 = 0.0000000000000000, L(p,q)-L0 = 0.0000000000000000
t = 71.1995, H(p,q)-H0 = 0.0000000000000000, L(p,q)-L0 = -0.0000000596046448
t = 71.2995, H(p,q)-H0 = 0.0000000000000000, L(p,q)-L0 = -0.0000000596046448
t = 71.3995, H(p,q)-H0 = 0.0000000000000000, L(p,q)-L0 = -0.0000000596046448
t = 71.4995, H(p,q)-H0 = 0.0000000596046448, L(p,q)-L0 = 0.0000000000000000
t = 71.5995, H(p,q)-H0 = 0.0000000000000000, L(p,q)-L0 = 0.0000000000000000
t = 71.6995, H(p,q)-H0 = 0.0000000000000000, L(p,q)-L0 = 0.0000000000000000
t = 71.7995, H(p,q)-H0 = 0.0000000000000000, L(p,q)-L0 = 0.0000000000000000
t = 71.8995, H(p,q)-H0 = 0.0000000000000000, L(p,q)-L0 = -0.0000000596046448
t = 71.9995, H(p,q)-H0 = 0.0000000000000000, L(p,q)-L0 = -0.0000000596046448
t = 72.0995, H(p,q)-H0 = 0.0000000000000000, L(p,q)-L0 = 0.0000000000000000
t = 72.1995, H(p,q)-H0 = 0.0000000000000000, L(p,q)-L0 = -0.0000000596046448
t = 72.2995, H(p,q)-H0 = 0.0000000000000000, L(p,q)-L0 = -0.0000000596046448
t = 72.3995, H(p,q)-H0 = 0.0000000000000000, L(p,q)-L0 = -0.0000000596046448
t = 72.4995, H(p,q)-H0 = 0.0000000000000000, L(p,q)-L0 = -0.0000000596046448
t = 72.5995, H(p,q)-H0 = 0.0000000000000000, L(p,q)-L0 = 0.0000000000000000
t = 72.6995, H(p,q)-H0 = 0.0000000000000000, L(p,q)-L0 = -0.0000000596046448
t = 72.7995, H(p,q)-H0 = 0.0000000000000000, L(p,q)-L0 = 0.0000000000000000
t = 72.8995, H(p,q)-H0 = 0.0000000000000000, L(p,q)-L0 = 0.0000000000000000
t = 72.9995, H(p,q)-H0 = 0.0000000596046448, L(p,q)-L0 = 0.0000000000000000
t = 73.0995, H(p,q)-H0 = 0.0000000000000000, L(p,q)-L0 = 0.0000000000000000
t = 73.1995, H(p,q)-H0 = 0.0000000000000000, L(p,q)-L0 = 0.0000000000000000
t = 73.2995, H(p,q)-H0 = 0.0000000000000000, L(p,q)-L0 = 0.0000000000000000
t = 73.3995, H(p,q)-H0 = -0.0000000596046448, L(p,q)-L0 = 0.0000000000000000
t = 73.4995, H(p,q)-H0 = 0.0000000000000000, L(p,q)-L0 = 0.0000000000000000
t = 73.5994, H(p,q)-H0 = 0.0000000000000000, L(p,q)-L0 = 0.0000000000000000
t = 73.6994, H(p,q)-H0 = 0.0000000000000000, L(p,q)-L0 = 0.0000000000000000
t = 73.7994, H(p,q)-H0 = -0.0000000596046448, L(p,q)-L0 = -0.0000000596046448
t = 73.8994, H(p,q)-H0 = 0.0000000000000000, L(p,q)-L0 = -0.0000001192092896
t = 73.9994, H(p,q)-H0 = 0.0000000000000000, L(p,q)-L0 = -0.0000000596046448
t = 74.0994, H(p,q)-H0 = 0.0000000596046448, L(p,q)-L0 = -0.0000000596046448
t = 74.1994, H(p,q)-H0 = 0.0000000000000000, L(p,q)-L0 = -0.0000000596046448
t = 74.2994, H(p,q)-H0 = -0.0000000596046448, L(p,q)-L0 = -0.0000000596046448
t = 74.3994, H(p,q)-H0 = -0.0000001192092896, L(p,q)-L0 = -0.0000000596046448
t = 74.4994, H(p,q)-H0 = -0.0000000596046448, L(p,q)-L0 = -0.0000000596046448
t = 74.5994, H(p,q)-H0 = 0.0000000000000000, L(p,q)-L0 = 0.0000000000000000
t = 74.6994, H(p,q)-H0 = -0.0000001192092896, L(p,q)-L0 = -0.0000000596046448
t = 74.7994, H(p,q)-H0 = -0.0000001192092896, L(p,q)-L0 = -0.0000000596046448
t = 74.8994, H(p,q)-H0 = 0.0000000000000000, L(p,q)-L0 = -0.0000000596046448
t = 74.9994, H(p,q)-H0 = 0.0000001192092896, L(p,q)-L0 = 0.0000000000000000
t = 75.0994, H(p,q)-H0 = 0.0000001192092896, L(p,q)-L0 = 0.0000000000000000
t = 75.1994, H(p,q)-H0 = 0.0000000000000000, L(p,q)-L0 = 0.0000000000000000
ROOT RETURN:	t = 75.2836 g[0] =   1, y[0] = 0.361069, y[1] = -0.221046
t = 75.2836, H(p,q)-H0 = 0.0000030994415283, L(p,q)-L0 = 0.0000008344650269
t = 75.2994, H(p,q)-H0 = 0.0000001192092896, L(p,q)-L0 = -0.0000000596046448
t = 75.3994, H(p,q)-H0 = 0.0000003576278687, L(p,q)-L0 = 0.0000000000000000
t = 75.4994, H(p,q)-H0 = 0.0000000000000000, L(p,q)-L0 = -0.0000000596046448
t = 75.5994, H(p,q)-H0 = -0.0000001192092896, L(p,q)-L0 = 0.0000000000000000
t = 75.6994, H(p,q)-H0 = 0.0000000000000000, L(p,q)-L0 = -0.0000000596046448
t = 75.7994, H(p,q)-H0 = 0.0000001192092896, L(p,q)-L0 = 0.0000000000000000
t = 75.8994, H(p,q)-H0 = 0.0000000000000000, L(p,q)-L0 = 0.0000000000000000
t = 75.9994, H(p,q)-H0 = -0.0000000596046448, L(p,q)-L0 = -0.0000000596046448
t = 76.0994, H(p,q)-H0 = 0.0000000000000000, L(p,q)-L0 = -0.0000000596046448
t = 76.1994, H(p,q)-H0 = -0.0000001192092896, L(p,q)-L0 = -0.0000001192092896
t = 76.2994, H(p,q)-H0 = -0.0000000596046448, L(p,q)-L0 = -0.0000000596046448
t = 76.3994, H(p,q)-H0 = 0.0000000000000000, L(p,q)-L0 = 0.0000000000000000
ROOT RETURN:	t = 76.4287 g[0] =  -1, y[0] = -0.659066, y[1] = 0.798603
t = 76.4287, H(p,q)-H0 = -0.0000001192092896, L(p,q)-L0 = -0.0000001192092896
t = 76.4994, H(p,q)-H0 = 0.0000000000000000, L(p,q)-L0 = 0.0000000000000000
t = 76.5994, H(p,q)-H0 = 0.0000000000000000, L(p,q)-L0 = -0.0000000596046448
t = 76.6994, H(p,q)-H0 = 0.0000000000000000, L(p,q)-L0 = 0.0000000000000000
t = 76.7994, H(p,q)-H0 = 0.0000000000000000, L(p,q)-L0 = -0.0000000596046448
t = 76.8994, H(p,q)-H0 = -0.0000000596046448, L(p,q)-L0 = 0.0000000000000000
t = 76.9994, H(p,q)-H0 = 0.0000000000000000, L(p,q)-L0 = 0.0000000000000000
t = 77.0994, H(p,q)-H0 = -0.0000000596046448, L(p,q)-L0 = 0.0000000000000000
t = 77.1994, H(p,q)-H0 = 0.0000000000000000, L(p,q)-L0 = 0.0000000000000000
t = 77.2994, H(p,q)-H0 = 0.0000000000000000, L(p,q)-L0 = 0.0000000000000000
t = 77.3994, H(p,q)-H0 = 0.0000000000000000, L(p,q)-L0 = 0.0000000000000000
t = 77.4994, H(p,q)-H0 = 0.0000000000000000, L(p,q)-L0 = 0.0000000000000000
t = 77.5994, H(p,q)-H0 = 0.0000000000000000, L(p,q)-L0 = 0.0000000000000000
t = 77.6994, H(p,q)-H0 = 0.0000000000000000, L(p,q)-L0 = 0.0000000000000000
t = 77.7994, H(p,q)-H0 = 0.0000000000000000, L(p,q)-L0 = -0.0000000596046448
t = 77.8994, H(p,q)-H0 = 0.0000000000000000, L(p,q)-L0 = 0.0000000000000000
t = 77.9994, H(p,q)-H0 = 0.0000000000000000, L(p,q)-L0 = 0.0000000000000000
t = 78.0994, H(p,q)-H0 = 0.0000000000000000, L(p,q)-L0 = 0.0000000000000000
t = 78.1994, H(p,q)-H0 = 0.0000000000000000, L(p,q)-L0 = 0.0000000000000000
t = 78.2994, H(p,q)-H0 = -0.0000000596046448, L(p,q)-L0 = -0.0000000596046448
t = 78.3994, H(p,q)-H0 = 0.0000000000000000, L(p,q)-L0 = 0.0000000000000000
t = 78.4994, H(p,q)-H0 = 0.0000000000000000, L(p,q)-L0 = 0.0000000000000000
t = 78.5994, H(p,q)-H0 = 0.0000000000000000, L(p,q)-L0 = 0.0000000000000000
t = 78.6994, H(p,q)-H0 = 0.0000000000000000, L(p,q)-L0 = -0.0000000596046448
t = 78.7994, H(p,q)-H0 = -0.0000000596046448, L(p,q)-L0 = -0.0000000596046448
t = 78.8994, H(p,q)-H0 = 0.0000000000000000, L(p,q)-L0 = 0.0000000000000000
t = 78.9994, H(p,q)-H0 = 0.0000000000000000, L(p,q)-L0 = 0.0000000000000000
t = 79.0994, H(p,q)-H0 = 0.0000000000000000, L(p,q)-L0 = 0.0000000000000000
t = 79.1994, H(p,q)-H0 = 0.0000000000000000, L(p,q)-L0 = -0.0000000596046448
t = 79.2994, H(p,q)-H0 = 0.0000000000000000, L(p,q)-L0 = -0.0000000596046448
t = 79.3994, H(p,q)-H0 = 0.0000000000000000, L(p,q)-L0 = 0.0000000000000000
t = 79.4994, H(p,q)-H0 = 0.0000000000000000, L(p,q)-L0 = 0.0000000000000000
t = 79.5994, H(p,q)-H0 = 0.0000000000000000, L(p,q)-L0 = 0.0000000000000000
t = 79.6994, H(p,q)-H0 = -0.0000000596046448, L(p,q)-L0 = 0.0000000000000000
t = 79.7994, H(p,q)-H0 = 0.0000000000000000, L(p,q)-L0 = 0.0000000000000000
t = 79.8994, H(p,q)-H0 = 0.0000000000000000, L(p,q)-L0 = 0.0000000000000000
t = 79.9994, H(p,q)-H0 = 0.0000000596046448, L(p,q)-L0 = 0.0000000000000000
t = 80.0993, H(p,q)-H0 = 0.0000000000000000, L(p,q)-L0 = 0.0000000000000000
t = 80.1993, H(p,q)-H0 = 0.0000000000000000, L(p,q)-L0 = 0.0000000000000000
t = 80.2993, H(p,q)-H0 = 0.0000000000000000, L(p,q)-L0 = 0.0000000000000000
t = 80.3993, H(p,q)-H0 = 0.0000000000000000, L(p,q)-L0 = 0.0000000000000000
t = 80.4993, H(p,q)-H0 = 0.0000000000000000, L(p,q)-L0 = -0.0000000596046448
t = 80.5993, H(p,q)-H0 = 0.0000000000000000, L(p,q)-L0 = 0.0000000000000000
t = 80.6993, H(p,q)-H0 = -0.0000001192092896, L(p,q)-L0 = 0.0000000000000000
t = 80.7993, H(p,q)-H0 = -0.0000000596046448, L(p,q)-L0 = 0.0000000000000000
t = 80.8993, H(p,q)-H0 = -0.0000000596046448, L(p,q)-L0 = 0.0000000000000000
t = 80.9993, H(p,q)-H0 = -0.0000001192092896, L(p,q)-L0 = -0.0000000596046448
t = 81.0993, H(p,q)-H0 = -0.0000000596046448, L(p,q)-L0 = 0.0000000000000000
t = 81.1993, H(p,q)-H0 = 0.0000000000000000, L(p,q)-L0 = 0.0000000000000000
t = 81.2993, H(p,q)-H0 = -0.0000001192092896, L(p,q)-L0 = -0.0000000596046448
t = 81.3993, H(p,q)-H0 = -0.0000001192092896, L(p,q)-L0 = 0.0000000000000000
t = 81.4993, H(p,q)-H0 = 0.0000002384185791, L(p,q)-L0 = 0.0000000000000000
ROOT RETURN:	t = 81.5668 g[0] =   1, y[0] = 0.361067, y[1] = -0.221052
t = 81.5668, H(p,q)-H0 = -0.0000038146972656, L(p,q)-L0 = -0.0000011324882507
t = 81.5993, H(p,q)-H0 = -0.0000003576278687, L(p,q)-L0 = 0.0000000000000000
t = 81.6993, H(p,q)-H0 = -0.0000002384185791, L(p,q)-L0 = -0.0000000596046448
t = 81.7993, H(p,q)-H0 = 0.0000001192092896, L(p,q)-L0 = 0.0000000000000000
t = 81.8993, H(p,q)-H0 = 0.0000000000000000, L(p,q)-L0 = 0.0000000000000000
t = 81.9993, H(p,q)-H0 = 0.0000000000000000, L(p,q)-L0 = 0.0000000000000000
t = 82.0993, H(p,q)-H0 = -0.0000001192092896, L(p,q)-L0 = -0.0000000596046448
t = 82.1993, H(p,q)-H0 = -0.0000000596046448, L(p,q)-L0 = 0.0000000000000000
t = 82.2993, H(p,q)-H0 = 0.0000000596046448, L(p,q)-L0 = 0.0000000000000000
t = 82.3993, H(p,q)-H0 = -0.0000001192092896, L(p,q)-L0 = 0.0000000000000000
t = 82.4993, H(p,q)-H0 = -0.0000000596046448, L(p,q)-L0 = 0.0000000596046448
t = 82.5993, H(p,q)-H0 = -0.0000000596046448, L(p,q)-L0 = -0.0000000596046448
t = 82.6993, H(p,q)-H0 = -0.0000001192092896, L(p,q)-L0 = -0.0000000596046448
ROOT RETURN:	t = 82.7115 g[0] =  -1, y[0] = -0.658631, y[1] = 0.798624
t = 82.7115, H(p,q)-H0 = 0.0000000596046448, L(p,q)-L0 = 0.0000000596046448
t = 82.7993, H(p,q)-H0 = -0.0000000596046448, L(p,q)-L0 = 0.0000000000000000
t = 82.8993, H(p,q)-H0 = 0.0000000000000000, L(p,q)-L0 = 0.0000000000000000
t = 82.9993, H(p,q)-H0 = 0.0000000000000000, L(p,q)-L0 = 0.0000000000000000
t = 83.0993, H(p,q)-H0 = 0.0000000000000000, L(p,q)-L0 = 0.0000000000000000
t = 83.1993, H(p,q)-H0 = 0.0000000000000000, L(p,q)-L0 = 0.0000000000000000
t = 83.2993, H(p,q)-H0 = -0.0000001192092896, L(p,q)-L0 = 0.0000000000000000
t = 83.3993, H(p,q)-H0 = 0.0000000000000000, L(p,q)-L0 = 0.0000000000000000
t = 83.4993, H(p,q)-H0 = -0.0000000596046448, L(p,q)-L0 = 0.0000000000000000
t = 83.5993, H(p,q)-H0 = -0.0000000596046448, L(p,q)-L0 = 0.0000000000000000
t = 83.6993, H(p,q)-H0 = -0.0000000596046448, L(p,q)-L0 = 0.0000000000000000
t = 83.7993, H(p,q)-H0 = -0.0000001192092896, L(p,q)-L0 = 0.0000000000000000
t = 83.8993, H(p,q)-H0 = 0.0000000000000000, L(p,q)-L0 = 0.0000000000000000
t = 83.9993, H(p,q)-H0 = 0.0000000000000000, L(p,q)-L0 = 0.0000000000000000
t = 84.0993, H(p,q)-H0 = -0.0000001192092896, L(p,q)-L0 = 0.0000000000000000
t = 84.1993, H(p,q)-H0 = -0.0000000596046448, L(p,q)-L0 = 0.0000000000000000
t = 84.2993, H(p,q)-H0 = 0.0000000000000000, L(p,q)-L0 = 0.0000000000000000
t = 84.3993, H(p,q)-H0 = -0.0000000596046448, L(p,q)-L0 = 0.0000000000000000
t = 84.4993, H(p,q)-H0 = 0.0000000000000000, L(p,q)-L0 = 0.0000000596046448
t = 84.5993, H(p,q)-H0 = 0.0000000000000000, L(p,q)-L0 = 0.0000000000000000
t = 84.6993, H(p,q)-H0 = -0.0000000596046448, L(p,q)-L0 = 0.0000000000000000
t = 84.7993, H(p,q)-H0 = -0.0000000596046448, L(p,q)-L0 = 0.0000000000000000
t = 84.8993, H(p,q)-H0 = -0.0000001192092896, L(p,q)-L0 = 0.0000000000000000
t = 84.9993, H(p,q)-H0 = -0.0000000596046448, L(p,q)-L0 = 0.0000000000000000
t = 85.0993, H(p,q)-H0 = -0.0000000596046448, L(p,q)-L0 = 0.0000000000000000
t = 85.1993, H(p,q)-H0 = 0.0000000000000000, L(p,q)-L0 = 0.0000000000000000
t = 85.2993, H(p,q)-H0 = 0.0000000000000000, L(p,q)-L0 = 0.0000000000000000
t = 85.3993, H(p,q)-H0 = 0.0000000000000000, L(p,q)-L0 = 0.0000000000000000
t = 85.4993, H(p,q)-H0 = -0.0000001192092896, L(p,q)-L0 = -0.0000000596046448
t = 85.5993, H(p,q)-H0 = 0.0000000000000000, L(p,q)-L0 = 0.0000000000000000
t = 85.6993, H(p,q)-H0 = -0.0000001192092896, L(p,q)-L0 = -0.0000000596046448
t = 85.7993, H(p,q)-H0 = -0.0000001192092896, L(p,q)-L0 = 0.0000000000000000
t = 85.8993, H(p,q)-H0 = -0.0000000596046448, L(p,q)-L0 = 0.0000000000000000
t = 85.9993, H(p,q)-H0 = 0.0000000000000000, L(p,q)-L0 = 0.0000000000000000
t = 86.0993, H(p,q)-H0 = -0.0000000596046448, L(p,q)-L0 = 0.0000000000000000
t = 86.1993, H(p,q)-H0 = -0.0000000596046448, L(p,q)-L0 = 0.0000000000000000
t = 86.2993, H(p,q)-H0 = -0.0000000596046448, L(p,q)-L0 = 0.0000000000000000
t = 86.3993, H(p,q)-H0 = -0.0000000596046448, L(p,q)-L0 = 0.0000000000000000
t = 86.4993, H(p,q)-H0 = 0.0000000000000000, L(p,q)-L0 = 0.0000000596046448
t = 86.5993, H(p,q)-H0 = -0.0000000596046448, L(p,q)-L0 = -0.0000000596046448
t = 86.6992, H(p,q)-H0 = -0.0000000596046448, L(p,q)-L0 = 0.0000000000000000
t = 86.7992, H(p,q)-H0 = -0.0000000596046448, L(p,q)-L0 = 0.0000000596046448
t = 86.8992, H(p,q)-H0 = -0.0000001192092896, L(p,q)-L0 = -0.0000000596046448
t = 86.9992, H(p,q)-H0 = -0.0000000596046448, L(p,q)-L0 = 0.0000000000000000
t = 87.0992, H(p,q)-H0 = 0.0000000000000000, L(p,q)-L0 = 0.0000000000000000
t = 87.1992, H(p,q)-H0 = -0.0000000596046448, L(p,q)-L0 = 0.0000000000000000
t = 87.2992, H(p,q)-H0 = 0.0000000000000000, L(p,q)-L0 = 0.0000000000000000
t = 87.3992, H(p,q)-H0 = -0.0000001192092896, L(p,q)-L0 = -0.0000000596046448
t = 87.4992, H(p,q)-H0 = 0.0000000000000000, L(p,q)-L0 = 0.0000000596046448
t = 87.5992, H(p,q)-H0 = 0.0000000000000000, L(p,q)-L0 = 0.0000000000000000
t = 87.6992, H(p,q)-H0 = 0.0000002384185791, L(p,q)-L0 = 0.0000000000000000
t = 87.7992, H(p,q)-H0 = -0.0000002384185791, L(p,q)-L0 = -0.0000000596046448
ROOT RETURN:	t = 87.8500 g[0] =   1, y[0] = 0.361068, y[1] = -0.22105
t = 87.8500, H(p,q)-H0 = -0.0000005960464478, L(p,q)-L0 = -0.0000001788139343
t = 87.8992, H(p,q)-H0 = 0.0000001192092896, L(p,q)-L0 = 0.0000000000000000
t = 87.9992, H(p,q)-H0 = -0.0000001192092896, L(p,q)-L0 = -0.0000000596046448
t = 88.0992, H(p,q)-H0 = 0.0000000000000000, L(p,q)-L0 = 0.0000000000000000
t = 88.1992, H(p,q)-H0 = 0.0000000000000000, L(p,q)-L0 = 0.0000000000000000
t = 88.2992, H(p,q)-H0 = -0.0000001192092896, L(p,q)-L0 = 0.0000000000000000
t = 88.3992, H(p,q)-H0 = 0.0000000000000000, L(p,q)-L0 = 0.0000000000000000
t = 88.4992, H(p,q)-H0 = -0.0000001192092896, L(p,q)-L0 = 0.0000000000000000
t = 88.5992, H(p,q)-H0 = 0.0000000596046448, L(p,q)-L0 = 0.0000000596046448
t = 88.6992, H(p,q)-H0 = -0.0000000596046448, L(p,q)-L0 = 0.0000000000000000
t = 88.7992, H(p,q)-H0 = 0.0000000596046448, L(p,q)-L0 = 0.0000000596046448
t = 88.8992, H(p,q)-H0 = -0.0000000596046448, L(p,q)-L0 = 0.0000000000000000
ROOT RETURN:	t = 88.9952 g[0] =  -1, y[0] = -0.659137, y[1] = 0.7986
t = 88.9952, H(p,q)-H0 = -0.0000003576278687, L(p,q)-L0 = -0.0000002980232239
t = 88.9992, H(p,q)-H0 = 0.0000000000000000, L(p,q)-L0 = -0.0000000596046448
t = 89.0992, H(p,q)-H0 = 0.0000000000000000, L(p,q)-L0 = 0.0000000000000000
t = 89.1992, H(p,q)-H0 = -0.0000001192092896, L(p,q)-L0 = -0.0000000596046448
t = 89.2992, H(p,q)-H0 = 0.0000000000000000, L(p,q)-L0 = 0.0000000000000000
t = 89.3992, H(p,q)-H0 = 0.0000000000000000, L(p,q)-L0 = 0.0000000000000000
t = 89.4992, H(p,q)-H0 = 0.0000000000000000, L(p,q)-L0 = 0.0000000000000000
t = 89.5992, H(p,q)-H0 = 0.0000000000000000, L(p,q)-L0 = 0.0000000000000000
t = 89.6992, H(p,q)-H0 = 0.0000000000000000, L(p,q)-L0 = 0.0000000000000000
t = 89.7992, H(p,q)-H0 = 0.0000000000000000, L(p,q)-L0 = 0.0000000000000000
t = 89.8992, H(p,q)-H0 = 0.0000000000000000, L(p,q)-L0 = 0.0000000000000000
t = 89.9992, H(p,q)-H0 = -0.0000000596046448, L(p,q)-L0 = 0.0000000000000000
t = 90.0992, H(p,q)-H0 = 0.0000000000000000, L(p,q)-L0 = 0.0000000000000000
t = 90.1992, H(p,q)-H0 = 0.0000000000000000, L(p,q)-L0 = 0.0000000000000000
t = 90.2992, H(p,q)-H0 = 0.0000000000000000, L(p,q)-L0 = 0.0000000000000000
t = 90.3992, H(p,q)-H0 = 0.0000000000000000, L(p,q)-L0 = 0.0000000000000000
t = 90.4992, H(p,q)-H0 = -0.0000000596046448, L(p,q)-L0 = 0.0000000000000000
t = 90.5992, H(p,q)-H0 = -0.0000000596046448, L(p,q)-L0 = 0.0000000000000000
t = 90.6992, H(p,q)-H0 = 0.0000000000000000, L(p,q)-L0 = 0.0000000000000000
t = 90.7992, H(p,q)-H0 = 0.0000000000000000, L(p,q)-L0 = 0.0000000000000000
t = 90.8992, H(p,q)-H0 = 0.0000000000000000, L(p,q)-L0 = 0.0000000000000000
t = 90.9992, H(p,q)-H0 = 0.0000000596046448, L(p,q)-L0 = 0.0000000000000000
t = 91.0992, H(p,q)-H0 = -0.0000000596046448, L(p,q)-L0 = 0.0000000000000000
t = 91.1992, H(p,q)-H0 = 0.0000000000000000, L(p,q)-L0 = 0.0000000000000000
t = 91.2992, H(p,q)-H0 = 0.0000000000000000, L(p,q)-L0 = -0.0000000596046448
t = 91.3992, H(p,q)-H0 = -0.0000000596046448, L(p,q)-L0 = 0.0000000000000000
t = 91.4992, H(p,q)-H0 = 0.0000000000000000, L(p,q)-L0 = 0.0000000596046448
t = 91.5992, H(p,q)-H0 = 0.0000000000000000, L(p,q)-L0 = 0.0000000000000000
t = 91.6992, H(p,q)-H0 = 0.0000000000000000, L(p,q)-L0 = -0.0000000596046448
t = 91.7992, H(p,q)-H0 = 0.0000000000000000, L(p,q)-L0 = -0.0000000596046448
t = 91.8992, H(p,q)-H0 = 0.0000000000000000, L(p,q)-L0 = 0.0000000000000000
t = 91.9992, H(p,q)-H0 = 0.0000000596046448, L(p,q)-L0 = 0.0000000000000000
t = 92.0992, H(p,q)-H0 = 0.0000000000000000, L(p,q)-L0 = 0.0000000000000000
t = 92.1992, H(p,q)-H0 = 0.0000000000000000, L(p,q)-L0 = 0.0000000000000000
t = 92.2992, H(p,q)-H0 = 0.0000000000000000, L(p,q)-L0 = 0.0000000000000000
t = 92.3992, H(p,q)-H0 = 0.0000000000000000, L(p,q)-L0 = 0.0000000000000000
t = 92.4992, H(p,q)-H0 = 0.0000000000000000, L(p,q)-L0 = 0.0000000000000000
t = 92.5992, H(p,q)-H0 = 0.0000000000000000, L(p,q)-L0 = 0.0000000000000000
t = 92.6992, H(p,q)-H0 = -0.0000000596046448, L(p,q)-L0 = 0.0000000000000000
t = 92.7992, H(p,q)-H0 = 0.0000000000000000, L(p,q)-L0 = 0.0000000000000000
t = 92.8992, H(p,q)-H0 = 0.0000000000000000, L(p,q)-L0 = -0.0000000596046448
t = 92.9992, H(p,q)-H0 = 0.0000000000000000, L(p,q)-L0 = 0.0000000000000000
t = 93.0992, H(p,q)-H0 = 0.0000000000000000, L(p,q)-L0 = -0.0000000596046448
t = 93.1992, H(p,q)-H0 = 0.0000000000000000, L(p,q)-L0 = 0.0000000000000000
t = 93.2991, H(p,q)-H0 = -0.0000001192092896, L(p,q)-L0 = 0.0000000000000000
t = 93.3991, H(p,q)-H0 = 0.0000000000000000, L(p,q)-L0 = 0.0000000000000000
t = 93.4991, H(p,q)-H0 = -0.0000001192092896, L(p,q)-L0 = 0.0000000000000000
t = 93.5991, H(p,q)-H0 = 0.0000000000000000, L(p,q)-L0 = 0.0000000596046448
t = 93.6991, H(p,q)-H0 = -0.0000001192092896, L(p,q)-L0 = 0.0000000000000000
t = 93.7991, H(p,q)-H0 = -0.0000001192092896, L(p,q)-L0 = 0.0000000000000000
t = 93.8991, H(p,q)-H0 = -0.0000001192092896, L(p,q)-L0 = 0.0000000000000000
t = 93.9991, H(p,q)-H0 = 0.0000000000000000, L(p,q)-L0 = 0.0000000000000000
t = 94.0991, H(p,q)-H0 = 0.0000000000000000, L(p,q)-L0 = 0.0000000000000000
ROOT RETURN:	t = 94.1332 g[0] =   1, y[0] = 0.361069, y[1] = -0.221046
t = 94.1332, H(p,q)-H0 = 0.0000007152557373, L(p,q)-L0 = 0.0000002384185791
t = 94.1991, H(p,q)-H0 = 0.0000000000000000, L(p,q)-L0 = 0.0000000596046448
t = 94.2991, H(p,q)-H0 = 0.0000000000000000, L(p,q)-L0 = 0.0000000596046448
t = 94.3991, H(p,q)-H0 = 0.0000002384185791, L(p,q)-L0 = 0.0000000000000000
t = 94.4991, H(p,q)-H0 = -0.0000001192092896, L(p,q)-L0 = 0.0000000000000000
t = 94.5991, H(p,q)-H0 = 0.0000000000000000, L(p,q)-L0 = 0.0000000000000000
t = 94.6991, H(p,q)-H0 = 0.0000002384185791, L(p,q)-L0 = 0.0000000000000000
t = 94.7991, H(p,q)-H0 = -0.0000000596046448, L(p,q)-L0 = 0.0000000596046448
t = 94.8991, H(p,q)-H0 = 0.0000001192092896, L(p,q)-L0 = 0.0000000596046448
t = 94.9991, H(p,q)-H0 = -0.0000000596046448, L(p,q)-L0 = 0.0000000000000000
t = 95.0991, H(p,q)-H0 = 0.0000000000000000, L(p,q)-L0 = 0.0000000596046448
t = 95.1991, H(p,q)-H0 = 0.0000001192092896, L(p,q)-L0 = 0.0000000000000000
ROOT RETURN:	t = 95.2784 g[0] =  -1, y[0] = -0.659166, y[1] = 0.798599
t = 95.2784, H(p,q)-H0 = 0.0000001192092896, L(p,q)-L0 = 0.0000001192092896
t = 95.2991, H(p,q)-H0 = 0.0000000596046448, L(p,q)-L0 = 0.0000000000000000
t = 95.3991, H(p,q)-H0 = 0.0000000596046448, L(p,q)-L0 = 0.0000000596046448
t = 95.4991, H(p,q)-H0 = 0.0000000596046448, L(p,q)-L0 = 0.0000000596046448
t = 95.5991, H(p,q)-H0 = 0.0000000000000000, L(p,q)-L0 = 0.0000000000000000
t = 95.6991, H(p,q)-H0 = 0.0000001192092896, L(p,q)-L0 = 0.0000000000000000
t = 95.7991, H(p,q)-H0 = 0.0000000596046448, L(p,q)-L0 = 0.0000000000000000
t = 95.8991, H(p,q)-H0 = 0.0000001192092896, L(p,q)-L0 = 0.0000000000000000
t = 95.9991, H(p,q)-H0 = 0.0000000000000000, L(p,q)-L0 = 0.0000000000000000
t = 96.0991, H(p,q)-H0 = 0.0000000596046448, L(p,q)-L0 = 0.0000000000000000
t = 96.1991, H(p,q)-H0 = 0.0000000000000000, L(p,q)-L0 = 0.0000000000000000
t = 96.2991, H(p,q)-H0 = 0.0000001192092896, L(p,q)-L0 = 0.0000000596046448
t = 96.3991, H(p,q)-H0 = 0.0000000596046448, L(p,q)-L0 = -0.0000000596046448
t = 96.4991, H(p,q)-H0 = 0.0000000000000000, L(p,q)-L0 = 0.0000000000000000
t = 96.5991, H(p,q)-H0 = 0.0000000000000000, L(p,q)-L0 = 0.0000000596046448
t = 96.6991, H(p,q)-H0 = 0.0000001192092896, L(p,q)-L0 = 0.0000000000000000
t = 96.7991, H(p,q)-H0 = 0.0000000000000000, L(p,q)-L0 = 0.0000000000000000
t = 96.8991, H(p,q)-H0 = 0.0000000000000000, L(p,q)-L0 = 0.0000000000000000
t = 96.9991, H(p,q)-H0 = 0.0000000596046448, L(p,q)-L0 = 0.0000000000000000
t = 97.0991, H(p,q)-H0 = 0.0000000596046448, L(p,q)-L0 = 0.0000000596046448
t = 97.1991, H(p,q)-H0 = 0.0000000000000000, L(p,q)-L0 = 0.0000000596046448
t = 97.2991, H(p,q)-H0 = 0.0000000596046448, L(p,q)-L0 = 0.0000000000000000
t = 97.3991, H(p,q)-H0 = 0.0000000596046448, L(p,q)-L0 = 0.0000000000000000
t = 97.4991, H(p,q)-H0 = 0.0000001192092896, L(p,q)-L0 = 0.0000000000000000
t = 97.5991, H(p,q)-H0 = 0.0000000000000000, L(p,q)-L0 = 0.0000000000000000
t = 97.6991, H(p,q)-H0 = 0.0000001192092896, L(p,q)-L0 = 0.0000000000000000
t = 97.7991, H(p,q)-H0 = 0.0000000596046448, L(p,q)-L0 = 0.0000000000000000
t = 97.8991, H(p,q)-H0 = 0.0000000000000000, L(p,q)-L0 = 0.0000000000000000
t = 97.9991, H(p,q)-H0 = 0.0000001192092896, L(p,q)-L0 = 0.0000000596046448
t = 98.0991, H(p,q)-H0 = 0.0000000000000000, L(p,q)-L0 = 0.0000000596046448
t = 98.1991, H(p,q)-H0 = 0.0000000000000000, L(p,q)-L0 = 0.0000000000000000
t = 98.2991, H(p,q)-H0 = 0.0000000000000000, L(p,q)-L0 = 0.0000000000000000
t = 98.3991, H(p,q)-H0 = 0.0000000000000000, L(p,q)-L0 = 0.0000000000000000
t = 98.4991, H(p,q)-H0 = 0.0000000596046448, L(p,q)-L0 = 0.0000000596046448
t = 98.5991, H(p,q)-H0 = 0.0000000000000000, L(p,q)-L0 = 0.0000000000000000
t = 98.6991, H(p,q)-H0 = 0.0000000596046448, L(p,q)-L0 = 0.0000000596046448
t = 98.7991, H(p,q)-H0 = 0.0000000596046448, L(p,q)-L0 = 0.0000000000000000
t = 98.8991, H(p,q)-H0 = 0.0000000000000000, L(p,q)-L0 = 0.0000000000000000
t = 98.9991, H(p,q)-H0 = 0.0000000596046448, L(p,q)-L0 = 0.0000000000000000
t = 99.0991, H(p,q)-H0 = 0.0000000596046448, L(p,q)-L0 = 0.0000000000000000
t = 99.1991, H(p,q)-H0 = 0.0000000596046448, L(p,q)-L0 = 0.0000000596046448
t = 99.2991, H(p,q)-H0 = 0.0000001192092896, L(p,q)-L0 = 0.0000000000000000
t = 99.3991, H(p,q)-H0 = 0.0000000000000000, L(p,q)-L0 = 0.0000000596046448
t = 99.4991, H(p,q)-H0 = 0.0000000000000000, L(p,q)-L0 = 0.0000000000000000
t = 99.5991, H(p,q)-H0 = 0.0000001788139343, L(p,q)-L0 = 0.0000001192092896
t = 99.6991, H(p,q)-H0 = 0.0000000000000000, L(p,q)-L0 = 0.0000000596046448
t = 99.7990, H(p,q)-H0 = 0.0000001192092896, L(p,q)-L0 = 0.0000000000000000
t = 99.8990, H(p,q)-H0 = 0.0000000000000000, L(p,q)-L0 = 0.0000000000000000
t = 99.9990, H(p,q)-H0 = 0.0000000596046448, L(p,q)-L0 = 0.0000000000000000
Current time                 = 99.99904632568359
Steps                        = 10000
Step attempts                = 10000
Stability limited steps      = 0
Accuracy limited steps       = 0
Error test fails             = 0
NLS step fails               = 0
Inequality constraint fails  = 0
Initial step size            = 0.009999999776482582
Last step size               = 0.009999999776482582
Current step size            = 0.009999999776482582
Root fn evals                = 10335
f1 RHS fn evals              = 40233
f2 RHS fn evals              = 40233
