
Nonlinear Kvaerno-Prothero-Robinson test problem with mass matrix:
    time domain:  (-3,7]
    Fixed mass matrix
    ARK solver, order = 3
    Newton nonlinear solver
    Adaptive run with reltol = 1e-05, abstol = 1e-11
    G = -10
    g = 10
    e = 0.5

        t           u           v       uerr      verr
   ------------------------------------------------------
   -3.000000    0.710636    1.363407  0.00e+00  0.00e+00
   -2.900000    0.717639    1.324836  3.38e-04  2.10e-03
   -2.800000    0.728015    1.287417  7.68e-04  2.94e-03
   -2.700000    0.741064    1.251542  8.18e-04  2.50e-03
   -2.600000    0.757053    1.215943  1.04e-03  2.46e-03
   -2.500000    0.775567    1.181116  1.34e-03  2.75e-03
   -2.400001    0.795614    1.149086  1.07e-03  1.80e-03
   -2.300001    0.818414    1.117271  1.80e-03  2.68e-03
   -2.200001    0.842517    1.088474  2.43e-03  3.09e-03
   -2.100001    0.867777    1.062965  3.15e-03  3.24e-03
   -2.000001    0.890182    1.044150  2.80e-04  2.17e-04
   -1.900001    0.918766    1.024362  3.15e-03  2.14e-03
   -1.800001    0.944473    1.011665  2.99e-03  1.33e-03
   -1.700001    0.968054    1.003899  8.01e-04  2.60e-04
   -1.600001    0.996119    0.999929  3.45e-03  2.84e-04
   -1.500001    1.019906    1.001650  2.38e-03  3.98e-04
   -1.400001    1.043272    1.007737  1.65e-03  4.88e-04
   -1.300001    1.068074    1.019881  3.30e-03  1.82e-03
   -1.200001    1.088313    1.034658  1.49e-03  1.24e-03
   -1.100001    1.109697    1.055002  2.09e-03  2.01e-03
   -1.000001    1.129765    1.079789  2.76e-03  3.44e-03
   -0.900001    1.145458    1.103928  5.54e-04  9.00e-04
   -0.800001    1.163251    1.136130  2.06e-03  3.59e-03
   -0.700001    1.177709    1.168521  1.95e-03  4.14e-03
   -0.600001    1.188704    1.198473  1.47e-04  4.09e-04
   -0.500001    1.201112    1.237813  1.62e-03  4.70e-03
   -0.400001    1.209576    1.272993  1.05e-03  3.91e-03
   -0.300001    1.216020    1.307439  4.26e-04  1.88e-03
   -0.200001    1.221526    1.347237  8.57e-04  5.10e-03
   -0.100001    1.224006    1.381425  2.82e-04  2.96e-03
   -0.000001    1.224925    1.417199  1.80e-04  2.99e-03
    0.099999    1.223679    1.453887  4.54e-05  4.81e-03
    0.199999    1.220506    1.484418  1.63e-04  1.63e-03
    0.299999    1.215126    1.518587  4.68e-04  3.49e-03
    0.399999    1.207622    1.549738  9.03e-04  3.96e-03
    0.499999    1.199384    1.574879  1.12e-04  2.60e-04
    0.599999    1.187212    1.604805  1.35e-03  3.35e-03
    0.699999    1.174233    1.628899  1.53e-03  2.79e-03
    0.799999    1.160694    1.649189  4.92e-04  7.49e-04
    0.899999    1.142648    1.671002  2.26e-03  2.67e-03
    0.999999    1.125236    1.687225  1.77e-03  1.56e-03
    1.099999    1.106247    1.701376  1.36e-03  1.02e-03
    1.199999    1.083817    1.713932  3.00e-03  1.61e-03
    1.299999    1.063250    1.722031  1.53e-03  5.33e-04
    1.399999    1.039302    1.728468  2.32e-03  6.23e-04
    1.500000    1.014121    1.731724  3.41e-03  3.97e-04
    1.600000    0.991903    1.731908  7.71e-04  2.00e-05
    1.700000    0.961448    1.728906  5.80e-03  7.37e-04
    1.800000    0.935547    1.723121  5.94e-03  1.36e-03
    1.900000    0.909657    1.714498  5.96e-03  1.98e-03
    2.000000    0.884042    1.703096  5.86e-03  2.57e-03
    2.100000    0.858986    1.688992  5.64e-03  3.11e-03
    2.200000    0.835449    1.672764  4.64e-03  3.09e-03
    2.299999    0.814333    1.655209  2.28e-03  1.81e-03
    2.399999    0.792343    1.633406  2.20e-03  2.28e-03
    2.499999    0.771722    1.609061  2.51e-03  2.92e-03
    2.599999    0.753771    1.582716  2.24e-03  3.32e-03
    2.699999    0.739259    1.556092  9.87e-04  1.91e-03
    2.799999    0.726980    1.527320  2.68e-04  7.47e-04
    2.899999    0.717167    1.495835  1.34e-04  5.77e-04
    2.999999    0.710432    1.461954  2.04e-04  1.30e-03
    3.099999    0.707244    1.426400  1.69e-04  2.44e-03
    3.199999    0.707775    1.389975  6.60e-05  3.45e-03
    3.299999    0.711937    1.353300  4.18e-04  4.00e-03
    3.399998    0.719494    1.316778  7.45e-04  4.00e-03
    3.499998    0.730138    1.280774  9.12e-04  3.44e-03
    3.599998    0.743511    1.245654  8.00e-04  2.34e-03
    3.699998    0.759226    1.211778  3.13e-04  7.26e-04
    3.799998    0.778096    1.177095  5.90e-04  1.10e-03
    3.899998    0.799572    1.143197  1.43e-03  2.33e-03
    3.999998    0.822551    1.112047  2.08e-03  2.94e-03
    4.099998    0.846602    1.084082  2.45e-03  2.99e-03
    4.199998    0.872572    1.058587  3.74e-03  3.69e-03
    4.299998    0.896913    1.038777  2.71e-03  2.30e-03
    4.399998    0.922482    1.022462  2.52e-03  1.45e-03
    4.499998    0.949869    1.009405  4.04e-03  1.77e-03
    4.599998    0.971751    1.003091  1.94e-04  5.89e-05
    4.699997    1.000812    0.999991  3.91e-03  4.73e-05
    4.799997    1.024350    1.002282  2.71e-03  3.67e-04
    4.899997    1.047987    1.009783  2.40e-03  1.05e-03
    4.999997    1.072275    1.022513  3.71e-03  2.18e-03
    5.099997    1.090531    1.036549  1.24e-04  1.21e-04
    5.199997    1.114267    1.060197  3.30e-03  3.53e-03
    5.299997    1.132311    1.083347  2.18e-03  2.73e-03
    5.399997    1.149583    1.110784  1.83e-03  2.98e-03
    5.499997    1.166460    1.142674  2.70e-03  4.93e-03
    5.599997    1.178090    1.170115  4.80e-05  1.88e-04
    5.699996    1.192612    1.209323  2.08e-03  5.45e-03
    5.799996    1.202431    1.242958  1.28e-03  3.85e-03
    5.899996    1.210776    1.278926  9.26e-04  3.73e-03
    5.999996    1.217818    1.317513  1.23e-03  5.80e-03
    6.099996    1.221296    1.348362  2.88e-05  9.18e-05
    6.199996    1.224560    1.390196  5.21e-04  5.67e-03
    6.299996    1.224887    1.423829  1.71e-04  3.68e-03
    6.399996    1.223204    1.458497  1.49e-04  3.66e-03
    6.499996    1.219522    1.493499  4.35e-04  5.17e-03
    6.599996    1.214454    1.520639  8.98e-05  2.65e-04
    6.699996    1.205974    1.555492  1.17e-03  4.74e-03
    6.799995    1.196920    1.582024  8.69e-04  2.75e-03
    6.899995    1.185192    1.608642  1.34e-03  2.89e-03
    6.999995    1.171423    1.633685  2.01e-03  3.66e-03
   ------------------------------------------------------

Final Solver Statistics:
   Internal solver steps = 168 (attempted = 168)
   Total number of error test failures = 0
   Total RHS evals:  Fe = 675,  Fi = 1697
   Total mass matrix setups = 508
   Total mass matrix solves = 1515
   Total mass times evals = 1190
   Total number of Jacobian evaluations = 18
   Total linear solver setups = 18
   Total number of Nonlinear iterations = 1022
   Total number of Nonlinear convergence failures = 5
   Errors: u = 0.00224947, v = 0.00276639, total = 0.00252121
