
Nonlinear Kvaerno-Prothero-Robinson test problem with mass matrix:
    time domain:  (-3,7]
    Fixed mass matrix
    ARK solver, order = 4
    Newton nonlinear solver
    Adaptive run with reltol = 1e-05, abstol = 1e-11
    G = -10
    g = 10
    e = 0.5

        t           u           v       uerr      verr
   ------------------------------------------------------
   -3.000000    0.710636    1.363407  0.00e+00  0.00e+00
   -2.900000    0.716952    1.329829  3.49e-04  2.90e-03
   -2.800000    0.726735    1.293048  5.13e-04  2.69e-03
   -2.700000    0.740301    1.254577  5.56e-05  5.35e-04
   -2.600000    0.757058    1.216146  1.05e-03  2.25e-03
   -2.500000    0.774898    1.182474  6.70e-04  1.39e-03
   -2.400001    0.793270    1.153295  1.28e-03  2.41e-03
   -2.300001    0.816037    1.121184  5.79e-04  1.23e-03
   -2.200001    0.841261    1.090324  1.17e-03  1.24e-03
   -2.100001    0.866043    1.064700  1.42e-03  1.50e-03
   -2.000001    0.892480    1.042553  2.58e-03  1.81e-03
   -1.900001    0.916046    1.027036  4.29e-04  5.37e-04
   -1.800001    0.937227    1.016160  4.26e-03  3.17e-03
   -1.700001    0.971350    1.004084  4.10e-03  7.50e-05
   -1.600001    0.989184    1.001796  3.49e-03  1.58e-03
   -1.500001    1.020651    1.001768  3.12e-03  5.16e-04
   -1.400001    1.040853    1.008701  7.73e-04  1.45e-03
   -1.300001    1.062909    1.017245  1.87e-03  8.13e-04
   -1.200001    1.089424    1.036271  2.60e-03  2.85e-03
   -1.100001    1.105196    1.051851  2.41e-03  1.14e-03
   -1.000001    1.126958    1.076299  5.19e-05  5.03e-05
   -0.900001    1.146737    1.106510  1.83e-03  3.48e-03
   -0.800001    1.159509    1.130806  1.68e-03  1.73e-03
   -0.700001    1.174418    1.161854  1.35e-03  2.53e-03
   -0.600001    1.190200    1.202439  1.64e-03  4.37e-03
   -0.500001    1.199153    1.233570  3.43e-04  4.54e-04
   -0.400001    1.206973    1.264766  1.55e-03  4.32e-03
   -0.300001    1.216045    1.307483  4.51e-04  1.93e-03
   -0.200001    1.220995    1.345708  3.26e-04  3.57e-03
   -0.100001    1.222999    1.376160  7.26e-04  2.31e-03
   -0.000001    1.224368    1.410464  3.77e-04  3.75e-03
    0.099999    1.223660    1.452983  6.47e-05  3.90e-03
    0.199999    1.220141    1.484039  5.29e-04  1.25e-03
    0.299999    1.215662    1.511372  6.78e-05  3.73e-03
    0.399999    1.208660    1.544997  1.36e-04  7.77e-04
    0.499999    1.198285    1.577791  1.21e-03  3.17e-03
    0.599999    1.188303    1.600462  2.54e-04  9.88e-04
    0.699999    1.177052    1.622885  1.29e-03  3.22e-03
    0.799999    1.160019    1.650190  1.17e-03  1.75e-03
    0.899999    1.143248    1.669527  1.66e-03  1.20e-03
    0.999999    1.128076    1.683772  1.07e-03  1.89e-03
    1.099999    1.109212    1.698998  1.60e-03  1.36e-03
    1.199999    1.084177    1.713578  2.64e-03  1.26e-03
    1.299999    1.063947    1.721114  8.30e-04  3.84e-04
    1.399999    1.044220    1.726668  2.59e-03  1.18e-03
    1.500000    1.017120    1.731379  4.11e-04  5.14e-05
    1.600000    0.989745    1.731610  2.93e-03  3.18e-04
    1.700000    0.968200    1.729097  9.48e-04  5.46e-04
    1.800000    0.945323    1.724946  3.84e-03  4.61e-04
    1.900000    0.913923    1.714517  1.69e-03  1.96e-03
    2.000000    0.891135    1.706117  1.23e-03  4.51e-04
    2.100000    0.864008    1.690448  6.17e-04  1.65e-03
    2.200000    0.841874    1.676904  1.79e-03  1.05e-03
    2.299999    0.814089    1.654286  2.53e-03  2.73e-03
    2.399999    0.796785    1.637004  2.24e-03  1.32e-03
    2.499999    0.776071    1.613886  1.84e-03  1.91e-03
    2.599999    0.754150    1.583284  1.86e-03  2.75e-03
    2.699999    0.739091    1.555236  1.16e-03  2.77e-03
    2.799999    0.727401    1.527129  1.53e-04  9.38e-04
    2.899999    0.718098    1.497256  7.97e-04  8.44e-04
    2.999999    0.711487    1.465204  8.50e-04  1.95e-03
    3.099999    0.708045    1.431356  6.33e-04  2.52e-03
    3.199999    0.708050    1.396209  3.41e-04  2.79e-03
    3.299999    0.711563    1.360224  4.35e-05  2.93e-03
    3.399998    0.718501    1.323802  2.48e-04  3.02e-03
    3.499998    0.728692    1.287310  5.35e-04  3.09e-03
    3.599998    0.741903    1.251116  8.09e-04  3.13e-03
    3.699998    0.757849    1.215625  1.06e-03  3.12e-03
    3.799998    0.776208    1.181270  1.30e-03  3.08e-03
    3.899998    0.796638    1.148512  1.51e-03  2.98e-03
    3.999998    0.818787    1.117832  1.69e-03  2.84e-03
    4.099998    0.842307    1.089723  1.84e-03  2.65e-03
    4.199998    0.866862    1.064683  1.97e-03  2.41e-03
    4.299998    0.891126    1.044145  3.08e-03  3.07e-03
    4.399998    0.923230    1.022055  3.27e-03  1.86e-03
    4.499998    0.945766    1.012474  6.78e-05  1.30e-03
    4.599998    0.968353    1.004469  3.20e-03  1.32e-03
    4.699997    1.000187    1.000160  3.29e-03  1.21e-04
    4.799997    1.021246    1.003201  3.94e-04  1.28e-03
    4.899997    1.042535    1.008125  3.05e-03  6.10e-04
    4.999997    1.071620    1.022417  3.06e-03  2.09e-03
    5.099997    1.089829    1.037279  5.78e-04  8.51e-04
    5.199997    1.108253    1.054385  2.72e-03  2.28e-03
    5.299997    1.132578    1.083908  2.45e-03  3.29e-03
    5.399997    1.147785    1.109022  2.85e-05  1.22e-03
    5.499997    1.161368    1.134237  2.39e-03  3.51e-03
    5.599997    1.179096    1.172136  1.05e-03  2.21e-03
    5.699996    1.191462    1.207173  9.35e-04  3.30e-03
    5.799996    1.199809    1.236554  1.34e-03  2.56e-03
    5.899996    1.208891    1.272115  9.59e-04  3.08e-03
    5.999996    1.217461    1.316155  8.74e-04  4.45e-03
    6.099996    1.221024    1.349094  3.01e-04  8.24e-04
    6.199996    1.223232    1.380209  8.07e-04  4.32e-03
    6.299996    1.224751    1.420788  3.53e-05  6.44e-04
    6.399996    1.223050    1.458477  3.03e-04  3.64e-03
    6.499996    1.219577    1.486642  3.80e-04  1.68e-03
    6.599996    1.214877    1.516573  3.33e-04  3.80e-03
    6.699996    1.206424    1.553775  7.18e-04  3.02e-03
    6.799995    1.196838    1.580707  9.52e-04  1.43e-03
    6.899995    1.187177    1.602831  6.43e-04  2.92e-03
    6.999995    1.174116    1.628609  6.80e-04  1.42e-03
   ------------------------------------------------------

Final Solver Statistics:
   Internal solver steps = 81 (attempted = 83)
   Total number of error test failures = 2
   Total RHS evals:  Fe = 501,  Fi = 1061
   Total mass matrix setups = 421
   Total mass matrix solves = 665
   Total mass times evals = 1056
   Total number of Jacobian evaluations = 19
   Total linear solver setups = 19
   Total number of Nonlinear iterations = 975
   Total number of Nonlinear convergence failures = 11
   Errors: u = 0.00169085, v = 0.00232928, total = 0.00203526
