
One way coupling ODE test problem:
    initial conditions:  u0 = 1,  v0 = 0,  w0 = 2
    hs = 0.001,  hf = 0.0001

        t           u           v           w       max err
   ----------------------------------------------------------
    0.000000    1.000000    0.000000    2.000000    0.000000
    0.100000    0.283607   -0.958914    1.802293    0.000055
    0.200000   -0.839088   -0.543896    1.658856    0.000125
    0.300000   -0.791251    0.611358    1.522624    0.038929
    0.400000    0.361292    0.932337    1.364341    0.046790
    0.500000    0.996539   -0.081463    1.202512    0.050889
    0.600000    0.203764   -0.978851    1.083315    0.049511
    0.700000   -0.881204   -0.472331    1.009544    0.044145
    0.800000   -0.702298    0.711576    0.934850    0.035357
    0.900000    0.483827    0.874879    0.828681    0.041492
    1.000000    0.975984   -0.216562    0.718731    0.045813
   ----------------------------------------------------------

Final Solver Statistics:
   Steps: nsts = 1001, nstf = 12012
   Total RHS evals:  Fs = 3004,  Ff = 49051
