
Nonlinear Kvaerno-Prothero-Robinson test problem with mass matrix:
    time domain:  (-3,7]
    Time-dependent mass matrix
    ARK solver, order = 4
    Newton nonlinear solver
    Adaptive run with reltol = 1e-05, abstol = 1e-11
    G = -10
    g = 10
    e = 0.5

        t           u           v       uerr      verr
   ------------------------------------------------------
   -3.000000    0.710636    1.363407  0.00e+00  0.00e+00
   -2.900000    0.717226    1.328414  7.53e-05  1.48e-03
   -2.800000    0.728263    1.288179  1.02e-03  2.17e-03
   -2.700000    0.741243    1.251896  9.98e-04  2.15e-03
   -2.600000    0.754607    1.221136  1.41e-03  2.74e-03
   -2.500000    0.773565    1.185317  6.62e-04  1.46e-03
   -2.400001    0.796072    1.149208  1.53e-03  1.68e-03
   -2.300001    0.818102    1.118321  1.49e-03  1.63e-03
   -2.200001    0.838103    1.093572  1.99e-03  2.01e-03
   -2.100001    0.861566    1.069162  3.06e-03  2.96e-03
   -2.000001    0.887460    1.046055  2.44e-03  1.69e-03
   -1.900001    0.917576    1.025601  1.96e-03  8.98e-04
   -1.800001    0.942247    1.012919  7.59e-04  7.26e-05
   -1.700001    0.969755    1.004133  2.50e-03  2.55e-05
   -1.600001    0.994936    1.000714  2.26e-03  5.01e-04
   -1.500001    1.019504    1.002211  1.97e-03  9.59e-04
   -1.400001    1.043280    1.008559  1.65e-03  1.31e-03
   -1.300001    1.066102    1.019591  1.33e-03  1.53e-03
   -1.200001    1.087823    1.035039  1.00e-03  1.62e-03
   -1.100001    1.108309    1.054554  7.00e-04  1.56e-03
   -1.000001    1.127435    1.077732  4.26e-04  1.38e-03
   -0.900001    1.145092    1.104124  1.88e-04  1.10e-03
   -0.800001    1.161176    1.133263  1.04e-05  7.25e-04
   -0.700001    1.175597    1.164677  1.67e-04  2.97e-04
   -0.600001    1.188275    1.197900  2.82e-04  1.64e-04
   -0.500001    1.199141    1.232483  3.55e-04  6.33e-04
   -0.400001    1.208136    1.267996  3.88e-04  1.09e-03
   -0.300001    1.215212    1.304038  3.81e-04  1.52e-03
   -0.200001    1.220330    1.340234  3.39e-04  1.90e-03
   -0.100001    1.223462    1.376236  2.63e-04  2.23e-03
   -0.000001    1.224590    1.411724  1.55e-04  2.49e-03
    0.099999    1.223704    1.446404  2.11e-05  2.68e-03
    0.199999    1.220805    1.480005  1.36e-04  2.79e-03
    0.299999    1.215903    1.512280  3.09e-04  2.82e-03
    0.399999    1.209015    1.543004  4.91e-04  2.77e-03
    0.499999    1.200165    1.571972  6.69e-04  2.65e-03
    0.599999    1.189395    1.598999  8.38e-04  2.45e-03
    0.699999    1.176741    1.623912  9.77e-04  2.19e-03
    0.799999    1.162263    1.646561  1.08e-03  1.88e-03
    0.899999    1.146016    1.666803  1.11e-03  1.53e-03
    0.999999    1.128079    1.684515  1.07e-03  1.15e-03
    1.099999    1.108533    1.699580  9.24e-04  7.75e-04
    1.199999    1.087480    1.711901  6.59e-04  4.19e-04
    1.299999    1.065025    1.721384  2.48e-04  1.15e-04
    1.399999    1.041332    1.727939  2.93e-04  9.37e-05
    1.500000    1.016692    1.731479  8.38e-04  1.52e-04
    1.600000    0.991328    1.732001  1.35e-03  7.36e-05
    1.700000    0.965045    1.728726  2.21e-03  9.17e-04
    1.800000    0.945424    1.724627  3.94e-03  1.42e-04
    1.900000    0.912094    1.715383  3.52e-03  1.10e-03
    2.000000    0.889552    1.704580  3.50e-04  1.09e-03
    2.100000    0.868571    1.693752  3.95e-03  1.65e-03
    2.200000    0.836146    1.672949  3.94e-03  2.91e-03
    2.299999    0.818304    1.657103  1.69e-03  8.55e-05
    2.399999    0.796779    1.637656  2.23e-03  1.97e-03
    2.499999    0.771418    1.608047  2.81e-03  3.93e-03
    2.599999    0.756593    1.585398  5.80e-04  6.35e-04
    2.699999    0.742501    1.561126  2.26e-03  3.12e-03
    2.799999    0.728437    1.530732  1.19e-03  2.67e-03
    2.899999    0.717025    1.495382  2.76e-04  1.03e-03
    2.999999    0.710255    1.460339  3.81e-04  2.92e-03
    3.099999    0.707391    1.425334  2.12e-05  3.50e-03
    3.199999    0.708102    1.389730  3.93e-04  3.69e-03
    3.299999    0.712284    1.353640  7.64e-04  3.66e-03
    3.399998    0.719864    1.317155  1.11e-03  3.63e-03
    3.499998    0.730663    1.280671  1.44e-03  3.55e-03
    3.599998    0.744428    1.244565  1.72e-03  3.43e-03
    3.699998    0.760868    1.209245  1.95e-03  3.26e-03
    3.799998    0.779653    1.175148  2.15e-03  3.05e-03
    3.899998    0.800437    1.142737  2.29e-03  2.79e-03
    3.999998    0.822867    1.112493  2.39e-03  2.50e-03
    4.099998    0.846598    1.084910  2.45e-03  2.16e-03
    4.199998    0.871295    1.060480  2.46e-03  1.79e-03
    4.299998    0.896643    1.039675  2.44e-03  1.40e-03
    4.399998    0.921297    1.024538  1.33e-03  6.24e-04
    4.499998    0.941749    1.013064  4.08e-03  1.89e-03
    4.599998    0.974486    1.003001  2.93e-03  1.49e-04
    4.699997    0.997578    1.001494  6.81e-04  1.46e-03
    4.799997    1.017984    1.001557  3.66e-03  3.59e-04
    4.899997    1.048188    1.010347  2.60e-03  1.61e-03
    4.999997    1.068722    1.021972  1.57e-04  1.64e-03
    5.099997    1.087516    1.034059  2.89e-03  2.37e-03
    5.199997    1.112905    1.059557  1.93e-03  2.89e-03
    5.299997    1.130378    1.082478  2.51e-04  1.86e-03
    5.399997    1.145700    1.104365  2.06e-03  3.44e-03
    5.499997    1.164408    1.139446  6.50e-04  1.70e-03
    5.599997    1.178775    1.173411  7.33e-04  3.48e-03
    5.699996    1.189487    1.201426  1.04e-03  2.45e-03
    5.799996    1.200413    1.235949  7.36e-04  3.16e-03
    5.899996    1.210458    1.279596  6.07e-04  4.40e-03
    5.999996    1.216341    1.312539  2.46e-04  8.30e-04
    6.099996    1.220766    1.344011  5.59e-04  4.26e-03
    6.199996    1.224056    1.385185  1.72e-05  6.61e-04
    6.299996    1.224437    1.423783  2.79e-04  3.64e-03
    6.399996    1.223080    1.453177  2.73e-04  1.66e-03
    6.499996    1.220258    1.484541  3.01e-04  3.79e-03
    6.599996    1.213930    1.523504  6.14e-04  3.13e-03
    6.699996    1.206349    1.552277  7.93e-04  1.52e-03
    6.799995    1.198334    1.576270  5.44e-04  3.01e-03
    6.899995    1.187077    1.604348  5.43e-04  1.40e-03
    6.999995    1.171717    1.632768  1.72e-03  2.74e-03
   ------------------------------------------------------

Final Solver Statistics:
   Internal solver steps = 92 (attempted = 93)
   Total number of error test failures = 0
   Total RHS evals:  Fe = 560,  Fi = 1917
   Total mass matrix setups = 470
   Total mass matrix solves = 745
   Total mass times evals = 1913
   Total number of Jacobian evaluations = 165
   Total linear solver setups = 165
   Total number of Nonlinear iterations = 1821
   Total number of Nonlinear convergence failures = 157
   Errors: u = 0.00163778, v = 0.00220156, total = 0.00194026
