
Multirate nonlinear Kvaerno-Prothero-Robinson test problem:
    time domain:  (0,5]
    hs = 0.01
    hf = 0.0001
    G = -100
    w = 100
    e = 0.5
    solver: exp-3/exp-3 (standard MIS)

        t           u           v       uerr      verr
   ------------------------------------------------------
    0.000000    1.224745    1.732051  0.00e+00  0.00e+00
    0.100000    1.223509    1.415767  2.15e-04  3.38e-01
    0.200000    1.220673    1.551789  4.17e-06  1.07e-05
    0.300000    1.214971    1.707247  6.23e-04  2.40e-01
    0.400000    1.207709    1.006228  8.15e-04  1.48e-01
    0.500000    1.198487    1.655954  1.01e-03  6.60e-02
    0.600000    1.187355    1.319856  1.20e-03  2.96e-01
    0.700000    1.174389    1.300445  1.37e-03  3.22e-01
    0.800000    1.159629    1.666319  1.56e-03  2.92e-01
    0.900000    1.143185    1.002910  1.72e-03  2.43e-01
    1.000000    1.125143    1.700574  1.87e-03  8.73e-03
    1.100000    1.105593    1.223732  2.02e-03  2.23e-01
    1.200000    1.084672    1.396953  2.15e-03  2.81e-01
    1.300000    1.062504    1.607510  2.27e-03  3.30e-01
    1.400000    1.039260    1.033671  2.37e-03  3.09e-01
    1.500000    1.015085    1.726049  2.45e-03  8.31e-02
    1.600000    0.990157    1.135018  2.52e-03  1.23e-01
    1.700000    0.964686    1.488362  2.57e-03  2.26e-01
    1.800000    0.938906    1.533174  2.58e-03  3.49e-01
    1.900000    0.913038    1.093808  2.58e-03  3.44e-01
    2.000000    0.887352    1.731618  2.55e-03  1.55e-01
    2.100000    0.862127    1.062036  2.50e-03  5.57e-03
    2.200000    0.837689    1.569757  2.40e-03  1.61e-01
    2.300000    0.814337    1.446501  2.28e-03  3.45e-01
    2.400000    0.792429    1.174776  2.12e-03  3.50e-01
    2.500000    0.772303    1.716794  1.92e-03  2.20e-01
    2.600000    0.754317    1.014760  1.70e-03  1.12e-01
    2.700000    0.738816    1.637280  1.43e-03  9.03e-02
    2.799999    0.726110    1.351950  1.14e-03  3.14e-01
    2.899999    0.716481    1.268101  8.20e-04  3.33e-01
    2.999999    0.710156    1.682188  4.81e-04  2.76e-01
    3.099999    0.707288    1.002483  1.24e-04  2.12e-01
    3.199999    0.707935    1.687951  2.25e-04  1.61e-02
    3.299999    0.712098    1.256812  5.79e-04  2.52e-01
    3.399999    0.719653    1.365905  9.03e-04  2.95e-01
    3.499999    0.730444    1.629159  1.22e-03  3.19e-01
    3.599999    0.744213    1.021548  1.50e-03  2.89e-01
    3.699999    0.760667    1.719462  1.75e-03  5.83e-02
    3.799999    0.779481    1.164580  1.98e-03  1.60e-01
    3.899998    0.800297    1.459035  2.15e-03  2.45e-01
    3.999998    0.822781    1.559137  2.31e-03  3.45e-01
    4.099998    0.844136    1.406401  1.30e-05  1.16e-05
    4.199998    0.868822    1.600240  9.48e-06  4.95e-04
    4.299998    0.894197    1.039947  6.74e-06  1.53e-03
    4.399998    0.919951    1.726211  1.26e-05  1.33e-03
    4.499998    0.945833    1.128568  4.17e-07  1.75e-03
    4.599998    0.971540    1.496574  1.72e-05  4.69e-04
    4.699998    0.996896    1.525156  1.43e-06  1.53e-04
    4.799998    1.021637    1.101850  3.46e-06  7.60e-04
    4.899998    1.045581    1.729623  7.63e-06  1.29e-03
    4.999998    1.068563    1.058573  9.54e-07  2.15e-03
   ------------------------------------------------------

Final Solver Statistics:
   Steps: nsts = 500, nstf = 50308
   u error = 1.593e-03, v error = 2.198e-01, total error = 1.554e-01
   Total RHS evals:  Fs = 1501,  Ff = 151426
