
Multirate nonlinear Kvaerno-Prothero-Robinson test problem:
    time domain:  (0,5]
    hs = 0.002
    hf = 2e-05
    G = -100
    w = 100
    e = 0.5
    solver: dirk-2/none (dirk slow, no fast)
    reltol = 4.00e-06,  abstol = 1.00e-11
        t           u           v       uerr      verr
   ------------------------------------------------------
    0.000000    1.224745    1.732051  0.00e+00  0.00e+00
    0.100000    1.223665    1.135446  5.94e-05  5.80e-02
    0.200000    1.220673    1.551883  4.29e-06  8.34e-05
    0.300000    1.215566    1.468022  2.78e-05  2.84e-04
    0.400000    1.208537    1.155923  1.24e-05  1.34e-03
    0.500000    1.199439    1.721543  5.72e-05  3.65e-04
    0.600000    1.188363    1.064224  1.94e-04  4.07e-02
    0.700000    1.175428    1.570579  3.36e-04  5.22e-02
    0.800000    1.160915    1.445623  2.71e-04  7.10e-02
    0.900000    1.144514    1.177719  3.90e-04  6.80e-02
    1.000000    1.126661    1.715453  3.49e-04  2.36e-02
    1.100000    1.107194    1.017248  4.15e-04  1.68e-02
    1.200000    1.086363    1.637385  4.57e-04  4.02e-02
    1.300000    1.064370    1.350994  4.07e-04  7.32e-02
    1.400000    1.041125    1.270515  5.00e-04  7.19e-02
    1.500000    1.017055    1.680624  4.75e-04  3.77e-02
    1.600000    0.992226    1.008455  4.48e-04  3.65e-03
    1.700000    0.966766    1.687032  4.87e-04  2.70e-02
    1.800000    0.941013    1.257507  4.75e-04  7.36e-02
    1.900000    0.915121    1.368589  4.96e-04  6.89e-02
    2.000000    0.889427    1.626525  4.75e-04  4.94e-02
    2.100000    0.864185    1.027102  4.40e-04  2.94e-02
    2.200000    0.839609    1.717268  4.80e-04  1.37e-02
    2.300000    0.816206    1.166413  4.10e-04  6.54e-02
    2.400000    0.794576    1.524051  2.98e-05  1.01e-03
    2.500000    0.774276    1.496927  4.87e-05  5.66e-05
    2.600000    0.756021    1.130698  7.63e-06  3.83e-03
    2.700000    0.740273    1.724208  2.74e-05  3.33e-03
    2.799999    0.727278    1.044649  3.01e-05  6.27e-03
    2.899999    0.717301    1.597833  5.36e-07  2.94e-03
    2.999999    0.710651    1.407884  1.47e-05  1.53e-03
    3.099999    0.707413    1.215670  7.75e-07  1.29e-03
    3.199999    0.707732    1.700955  2.27e-05  3.06e-03
    3.299999    0.711542    1.017328  2.28e-05  1.29e-02
    3.399999    0.718738    1.656562  1.10e-05  4.69e-03
    3.499999    0.729274    1.316813  4.75e-05  6.76e-03
    3.599999    0.742689    1.311406  2.22e-05  1.28e-03
    3.699999    0.758924    1.658636  1.02e-05  2.57e-03
    3.799999    0.777495    1.015167  1.07e-05  1.08e-02
    3.899998    0.798091    1.697523  5.24e-05  6.51e-03
    3.999998    0.820478    1.222971  4.17e-06  8.65e-03
    4.099998    0.844118    1.404110  3.08e-05  2.30e-03
    4.199998    0.868788    1.598949  4.40e-05  1.79e-03
    4.299998    0.894204    1.046495  5.96e-07  8.08e-03
    4.399998    0.919929    1.720470  3.43e-05  7.07e-03
    4.499998    0.945832    1.135486  1.13e-06  8.67e-03
    4.599998    0.971502    1.493611  5.45e-05  3.43e-03
    4.699998    0.996853    1.523852  4.45e-05  1.15e-03
    4.799998    1.021597    1.107415  4.29e-05  6.33e-03
    4.899998    1.045513    1.717993  7.58e-05  1.29e-02
    4.999998    1.068534    1.066730  3.04e-05  1.03e-02
   ------------------------------------------------------

Final Solver Statistics:
   Steps: nsts = 2500, nstf = 247194
   u error = 2.563e-04, v error = 3.212e-02, total error = 2.271e-02
   Total RHS evals:  Fs = 7136,  Ff = 746583
   Slow Newton iters = 4635
   Slow Newton conv fails = 0
   Slow Jacobian evals = 125
