
   Begin Kepler Problem

Problem Arguments:
  stepper:              1
  step mode:            0
  use tstop:            1
  use compensated sums: 0
  dt:                   0.01
  Tf:                   100
  nout:                 50

t = 0.0000, H(p,q) = -0.5000002384185791, L(p,q) = 0.7999999523162842
t = 2.0000, H(p,q)-H0 = 0.0000000000000000e+00, L(p,q)-L0 = -3.5762786865234375e-07
ROOT RETURN:	  g[0] =  -1, y[0] = -1.6, y[1] = -9.40647e-06, num. orbits is now 0.50
t = 3.1416, H(p,q)-H0 = -5.9604644775390625e-07, L(p,q)-L0 = -1.1920928955078125e-06
t = 4.0000, H(p,q)-H0 = 1.1920928955078125e-07, L(p,q)-L0 = -1.1920928955078125e-07
t = 6.0000, H(p,q)-H0 = -2.9802322387695312e-06, L(p,q)-L0 = -2.3841857910156250e-06
ROOT RETURN:	  g[0] =   1, y[0] = 0.399997, y[1] = 0.000135064, num. orbits is now 1.00
t = 6.2833, H(p,q)-H0 = -2.8610229492187500e-06, L(p,q)-L0 = -2.4437904357910156e-06
t = 8.0000, H(p,q)-H0 = -1.4901161193847656e-06, L(p,q)-L0 = -1.6689300537109375e-06
ROOT RETURN:	  g[0] =  -1, y[0] = -1.59999, y[1] = -2.79328e-05, num. orbits is now 1.50
t = 9.4249, H(p,q)-H0 = -1.7285346984863281e-06, L(p,q)-L0 = -2.0265579223632812e-06
t = 10.0000, H(p,q)-H0 = -1.4305114746093750e-06, L(p,q)-L0 = -1.4901161193847656e-06
t = 12.0000, H(p,q)-H0 = -1.6689300537109375e-06, L(p,q)-L0 = -8.3446502685546875e-07
ROOT RETURN:	  g[0] =   1, y[0] = 0.399999, y[1] = 0.00015015, num. orbits is now 2.00
t = 12.5666, H(p,q)-H0 = 0.0000000000000000e+00, L(p,q)-L0 = -3.5762786865234375e-07
t = 14.0000, H(p,q)-H0 = 5.9604644775390625e-08, L(p,q)-L0 = -3.5762786865234375e-07
ROOT RETURN:	  g[0] =  -1, y[0] = -1.6, y[1] = -9.33583e-05, num. orbits is now 2.50
t = 15.7084, H(p,q)-H0 = -2.3841857910156250e-07, L(p,q)-L0 = -1.2516975402832031e-06
t = 16.0000, H(p,q)-H0 = -2.3841857910156250e-07, L(p,q)-L0 = -1.4305114746093750e-06
t = 18.0000, H(p,q)-H0 = 5.9604644775390625e-08, L(p,q)-L0 = -1.1920928955078125e-06
ROOT RETURN:	  g[0] =   1, y[0] = 0.399999, y[1] = 0.000350317, num. orbits is now 3.00
t = 18.8500, H(p,q)-H0 = 1.9073486328125000e-06, L(p,q)-L0 = -1.1920928955078125e-07
t = 20.0000, H(p,q)-H0 = 9.8347663879394531e-07, L(p,q)-L0 = -8.3446502685546875e-07
ROOT RETURN:	  g[0] =  -1, y[0] = -1.60001, y[1] = -4.08421e-07, num. orbits is now 3.50
t = 21.9915, H(p,q)-H0 = 1.2218952178955078e-06, L(p,q)-L0 = -8.3446502685546875e-07
t = 22.0000, H(p,q)-H0 = 1.2218952178955078e-06, L(p,q)-L0 = -8.3446502685546875e-07
t = 24.0000, H(p,q)-H0 = 9.2387199401855469e-07, L(p,q)-L0 = -1.0132789611816406e-06
ROOT RETURN:	  g[0] =   1, y[0] = 0.399998, y[1] = 1.62947e-06, num. orbits is now 4.00
t = 25.1332, H(p,q)-H0 = 2.1457672119140625e-06, L(p,q)-L0 = -7.7486038208007812e-07
t = 26.0000, H(p,q)-H0 = 2.2649765014648438e-06, L(p,q)-L0 = -4.7683715820312500e-07
t = 28.0000, H(p,q)-H0 = 3.3378601074218750e-06, L(p,q)-L0 = -5.9604644775390625e-08
ROOT RETURN:	  g[0] =  -1, y[0] = -1.60001, y[1] = -8.37425e-05, num. orbits is now 4.50
t = 28.2750, H(p,q)-H0 = 3.4570693969726562e-06, L(p,q)-L0 = 1.1920928955078125e-07
t = 30.0000, H(p,q)-H0 = 3.0398368835449219e-06, L(p,q)-L0 = -2.9802322387695312e-07
ROOT RETURN:	  g[0] =   1, y[0] = 0.399999, y[1] = 0.000689519, num. orbits is now 5.00
t = 31.4169, H(p,q)-H0 = 2.8610229492187500e-06, L(p,q)-L0 = 4.1723251342773438e-07
t = 32.0000, H(p,q)-H0 = 3.9339065551757812e-06, L(p,q)-L0 = 8.3446502685546875e-07
t = 34.0000, H(p,q)-H0 = 5.2154064178466797e-06, L(p,q)-L0 = 2.3841857910156250e-06
ROOT RETURN:	  g[0] =  -1, y[0] = -1.60002, y[1] = -1.22236e-07, num. orbits is now 5.50
t = 34.5581, H(p,q)-H0 = 5.1856040954589844e-06, L(p,q)-L0 = 2.2649765014648438e-06
t = 36.0000, H(p,q)-H0 = 5.6624412536621094e-06, L(p,q)-L0 = 2.6226043701171875e-06
ROOT RETURN:	  g[0] =   1, y[0] = 0.400003, y[1] = 0.000257328, num. orbits is now 6.00
t = 37.6997, H(p,q)-H0 = 5.3644180297851562e-06, L(p,q)-L0 = 3.0398368835449219e-06
t = 38.0000, H(p,q)-H0 = 3.5762786865234375e-06, L(p,q)-L0 = 2.5629997253417969e-06
t = 40.0000, H(p,q)-H0 = 2.3245811462402344e-06, L(p,q)-L0 = 1.3113021850585938e-06
ROOT RETURN:	  g[0] =  -1, y[0] = -1.60001, y[1] = -1.38214e-06, num. orbits is now 6.50
t = 40.8413, H(p,q)-H0 = 1.9669532775878906e-06, L(p,q)-L0 = 7.7486038208007812e-07
t = 42.0000, H(p,q)-H0 = 1.7881393432617188e-06, L(p,q)-L0 = 3.5762786865234375e-07
ROOT RETURN:	  g[0] =   1, y[0] = 0.4, y[1] = 2.46591e-06, num. orbits is now 7.00
t = 43.9828, H(p,q)-H0 = 1.9073486328125000e-06, L(p,q)-L0 = 2.9802322387695312e-07
t = 44.0000, H(p,q)-H0 = 2.5033950805664062e-06, L(p,q)-L0 = 4.1723251342773438e-07
t = 46.0000, H(p,q)-H0 = 3.6060810089111328e-06, L(p,q)-L0 = 4.1723251342773438e-07
ROOT RETURN:	  g[0] =  -1, y[0] = -1.60001, y[1] = -1.1751e-06, num. orbits is now 7.50
t = 47.1245, H(p,q)-H0 = 3.6954879760742188e-06, L(p,q)-L0 = 9.5367431640625000e-07
t = 48.0000, H(p,q)-H0 = 3.9637088775634766e-06, L(p,q)-L0 = 1.1920928955078125e-06
t = 50.0000, H(p,q)-H0 = 3.3378601074218750e-06, L(p,q)-L0 = 9.5367431640625000e-07
ROOT RETURN:	  g[0] =   1, y[0] = 0.4, y[1] = 0.000730514, num. orbits is now 8.00
t = 50.2667, H(p,q)-H0 = 3.3378601074218750e-06, L(p,q)-L0 = 1.1324882507324219e-06
t = 52.0000, H(p,q)-H0 = 8.3446502685546875e-07, L(p,q)-L0 = 0.0000000000000000e+00
ROOT RETURN:	  g[0] =  -1, y[0] = -1.6, y[1] = -0.000157623, num. orbits is now 8.50
t = 53.4080, H(p,q)-H0 = 1.2516975402832031e-06, L(p,q)-L0 = 2.3841857910156250e-07
t = 54.0000, H(p,q)-H0 = 1.5795230865478516e-06, L(p,q)-L0 = 7.1525573730468750e-07
t = 56.0000, H(p,q)-H0 = 1.2516975402832031e-06, L(p,q)-L0 = -2.9802322387695312e-07
ROOT RETURN:	  g[0] =   1, y[0] = 0.399999, y[1] = 8.3237e-08, num. orbits is now 9.00
t = 56.5495, H(p,q)-H0 = 1.4305114746093750e-06, L(p,q)-L0 = -2.9802322387695312e-07
t = 58.0000, H(p,q)-H0 = 2.7418136596679688e-06, L(p,q)-L0 = 6.5565109252929688e-07
ROOT RETURN:	  g[0] =  -1, y[0] = -1.60001, y[1] = -6.3132e-07, num. orbits is now 9.50
t = 59.6909, H(p,q)-H0 = 1.6689300537109375e-06, L(p,q)-L0 = -3.5762786865234375e-07
t = 60.0000, H(p,q)-H0 = 1.5497207641601562e-06, L(p,q)-L0 = -3.5762786865234375e-07
t = 62.0000, H(p,q)-H0 = 1.4901161193847656e-06, L(p,q)-L0 = -2.3841857910156250e-07
ROOT RETURN:	  g[0] =   1, y[0] = 0.399999, y[1] = 3.20724e-06, num. orbits is now 10.00
t = 62.8326, H(p,q)-H0 = 2.6226043701171875e-06, L(p,q)-L0 = 0.0000000000000000e+00
t = 64.0000, H(p,q)-H0 = 3.4272670745849609e-06, L(p,q)-L0 = 1.1920928955078125e-07
ROOT RETURN:	  g[0] =  -1, y[0] = -1.60001, y[1] = -0.000280373, num. orbits is now 10.50
t = 65.9754, H(p,q)-H0 = 3.7252902984619141e-06, L(p,q)-L0 = 7.1525573730468750e-07
t = 66.0000, H(p,q)-H0 = 3.7252902984619141e-06, L(p,q)-L0 = 6.5565109252929688e-07
t = 68.0000, H(p,q)-H0 = 4.2021274566650391e-06, L(p,q)-L0 = 1.3113021850585938e-06
ROOT RETURN:	  g[0] =   1, y[0] = 0.400001, y[1] = 1.21468e-06, num. orbits is now 11.00
t = 69.1171, H(p,q)-H0 = 3.8146972656250000e-06, L(p,q)-L0 = 1.7881393432617188e-06
t = 70.0000, H(p,q)-H0 = 3.7550926208496094e-06, L(p,q)-L0 = 1.7285346984863281e-06
t = 72.0000, H(p,q)-H0 = 4.2915344238281250e-06, L(p,q)-L0 = 1.9073486328125000e-06
ROOT RETURN:	  g[0] =  -1, y[0] = -1.60001, y[1] = -0.000330385, num. orbits is now 11.50
t = 72.2601, H(p,q)-H0 = 4.2021274566650391e-06, L(p,q)-L0 = 1.8477439880371094e-06
t = 74.0000, H(p,q)-H0 = 4.5299530029296875e-06, L(p,q)-L0 = 1.7285346984863281e-06
ROOT RETURN:	  g[0] =   1, y[0] = 0.400001, y[1] = 1.54876e-06, num. orbits is now 12.00
t = 75.4017, H(p,q)-H0 = 6.4373016357421875e-06, L(p,q)-L0 = 2.3245811462402344e-06
t = 76.0000, H(p,q)-H0 = 6.0796737670898438e-06, L(p,q)-L0 = 2.2053718566894531e-06
t = 78.0000, H(p,q)-H0 = 6.6757202148437500e-06, L(p,q)-L0 = 2.7418136596679688e-06
ROOT RETURN:	  g[0] =  -1, y[0] = -1.60002, y[1] = -0.000303015, num. orbits is now 12.50
t = 78.5446, H(p,q)-H0 = 7.0631504058837891e-06, L(p,q)-L0 = 3.1590461730957031e-06
t = 80.0000, H(p,q)-H0 = 6.7353248596191406e-06, L(p,q)-L0 = 3.0994415283203125e-06
ROOT RETURN:	  g[0] =   1, y[0] = 0.400002, y[1] = 2.42656e-06, num. orbits is now 13.00
t = 81.6864, H(p,q)-H0 = 6.6757202148437500e-06, L(p,q)-L0 = 2.5033950805664062e-06
t = 82.0000, H(p,q)-H0 = 7.0333480834960938e-06, L(p,q)-L0 = 2.6822090148925781e-06
t = 84.0000, H(p,q)-H0 = 6.1988830566406250e-06, L(p,q)-L0 = 1.6689300537109375e-06
ROOT RETURN:	  g[0] =  -1, y[0] = -1.60002, y[1] = -4.14497e-07, num. orbits is now 13.50
t = 84.8287, H(p,q)-H0 = 6.6161155700683594e-06, L(p,q)-L0 = 2.0861625671386719e-06
t = 86.0000, H(p,q)-H0 = 7.0929527282714844e-06, L(p,q)-L0 = 2.8610229492187500e-06
ROOT RETURN:	  g[0] =   1, y[0] = 0.399998, y[1] = 0.00188661, num. orbits is now 14.00
t = 87.9719, H(p,q)-H0 = 5.2452087402343750e-06, L(p,q)-L0 = 1.6093254089355469e-06
t = 88.0000, H(p,q)-H0 = 5.3644180297851562e-06, L(p,q)-L0 = 1.5497207641601562e-06
t = 90.0000, H(p,q)-H0 = 4.3809413909912109e-06, L(p,q)-L0 = 1.4305114746093750e-06
ROOT RETURN:	  g[0] =  -1, y[0] = -1.60001, y[1] = -0.000344851, num. orbits is now 14.50
t = 91.1140, H(p,q)-H0 = 3.8444995880126953e-06, L(p,q)-L0 = 9.5367431640625000e-07
t = 92.0000, H(p,q)-H0 = 4.0233135223388672e-06, L(p,q)-L0 = 1.2516975402832031e-06
t = 94.0000, H(p,q)-H0 = 2.7418136596679688e-06, L(p,q)-L0 = 4.7683715820312500e-07
ROOT RETURN:	  g[0] =   1, y[0] = 0.399999, y[1] = 0.00112122, num. orbits is now 15.00
t = 94.2561, H(p,q)-H0 = 3.5762786865234375e-06, L(p,q)-L0 = 6.5565109252929688e-07
t = 96.0000, H(p,q)-H0 = 3.4868717193603516e-06, L(p,q)-L0 = 4.7683715820312500e-07
ROOT RETURN:	  g[0] =  -1, y[0] = -1.60001, y[1] = -1.15449e-06, num. orbits is now 15.50
t = 97.3979, H(p,q)-H0 = 4.2021274566650391e-06, L(p,q)-L0 = 1.4901161193847656e-06
t = 98.0000, H(p,q)-H0 = 4.4107437133789062e-06, L(p,q)-L0 = 1.9073486328125000e-06
t = 100.0000, H(p,q)-H0 = 3.4570693969726562e-06, L(p,q)-L0 = 8.9406967163085938e-07
Current time                 = 100
Steps                        = 10000
Step attempts                = 10000
Stability limited steps      = 0
Accuracy limited steps       = 0
Error test fails             = 0
NLS step fails               = 0
Inequality constraint fails  = 0
Initial step size            = 0.009999999776482582
Last step size               = 0.009574885480105877
Current step size            = 0.009574885480105877
Root fn evals                = 10134
Explicit RHS fn evals        = 60001
Implicit RHS fn evals        = 0
NLS iters                    = 0
NLS fails                    = 0
NLS iters per step           = 0
LS setups                    = 0
