
Two way coupling ODE test problem:
    initial conditions:  u0 = 0.90001,  v0 = -9.999,  w0 = 1000
    hs = 0.001,  hf = 2e-05

        t           u           v           w
   -----------------------------------------------
    0.000000    0.900010   -9.999001  1000.000000
    0.100000   -0.929637   -8.503463  904.820190
    0.200000    0.325586   -9.099475  818.711243
    0.300000    0.179484   -6.432274  740.028259
    0.400000   -0.806291   -7.368711  669.609680
    0.500000    0.926199   -5.895833  605.868835
    0.600000   -0.976477   -5.093928  548.279358
    0.700000    0.523790   -5.780674  496.169220
    0.800000   -0.093860   -3.490455  448.988068
    0.900000   -0.451969   -4.978193  406.688080
    1.000000    0.739654   -3.052858  368.374084
    1.100000   -1.003848   -3.579782  333.781677
    1.200000    0.965897   -3.117944  302.736206
    1.300000   -0.974162   -2.424795  274.841949
    1.400000    0.809489   -3.046466  249.484940
    1.500000   -0.748466   -1.577573  226.631958
    1.600000    0.574463   -2.863021  205.899063
    1.700000   -0.464866   -0.974695  187.034164
    1.800000    0.266691   -2.658501  169.930969
    1.900000   -0.127997   -0.549257  154.353882
    2.000000   -0.076044   -2.400869  140.239365
   -----------------------------------------------

Final Solver Statistics:
   Steps: nsts = 2000, nstf = 99239
   Total RHS evals:  Fs = 6001,  Ff = 398958
