
Analytical ODE test problem:
    lamda = -100
   reltol = 1.0e-06
   abstol = 1.2e-04

        t           u
   ---------------------
    1.000000    0.807521
    2.000000    1.112138
    3.000000    1.254678
    4.000000    1.329687
    5.000000    1.376925
    6.000000    1.408129
    7.000000    1.432381
    8.000000    1.446663
    9.000000    1.463052
   10.000000    1.472906
   ---------------------

Final Solver Statistics:
   Internal solver steps = 112 (attempted = 112)
   Total RHS evals:  Fe = 0,  Fi = 1122
   Total linear solver setups = 0
   Total RHS evals for setting up the linear system = 0
   Total number of Jacobian evaluations = 0
   Total number of Newton iterations = 560
   Total number of linear solver convergence failures = 0
   Total number of error test failures = 0


WARNING: check_ans error=14.7361

