
Nonlinear Kvaerno-Prothero-Robinson test problem with mass matrix:
    time domain:  (-3,7]
    Time-dependent mass matrix
    DIRK solver, order = 4
    Newton nonlinear solver
    Adaptive run with reltol = 1e-05, abstol = 1e-11
    G = -100
    g = 10
    e = 0.5

        t           u           v       uerr      verr
   ------------------------------------------------------
   -3.000000    0.710636    1.363407  0.00e+00  0.00e+00
   -2.900000    0.717345    1.326848  4.37e-05  8.44e-05
   -2.800000    0.726976    1.291162  2.71e-04  8.08e-04
   -2.700000    0.740449    1.253592  2.03e-04  4.50e-04
   -2.600000    0.756301    1.217904  2.88e-04  4.96e-04
   -2.500000    0.773589    1.184890  6.38e-04  1.03e-03
   -2.400001    0.794650    1.150809  1.05e-04  7.68e-05
   -2.300001    0.817405    1.119087  7.89e-04  8.66e-04
   -2.200001    0.839658    1.091979  4.31e-04  4.19e-04
   -2.100001    0.863986    1.066760  6.39e-04  5.56e-04
   -2.000001    0.889480    1.044754  4.23e-04  3.87e-04
   -1.900001    0.916391    1.026222  7.74e-04  2.77e-04
   -1.800001    0.940249    1.013422  1.24e-03  4.30e-04
   -1.700001    0.966951    1.004515  3.01e-04  3.56e-04
   -1.600001    0.993438    1.000257  7.64e-04  4.41e-05
   -1.500001    1.017467    1.001483  6.39e-05  2.31e-04
   -1.400001    1.040443    1.006773  1.18e-03  4.76e-04
   -1.300001    1.063835    1.017428  9.41e-04  6.30e-04
   -1.200001    1.085951    1.032638  8.69e-04  7.84e-04
   -1.100001    1.107176    1.052563  4.33e-04  4.29e-04
   -1.000001    1.127358    1.077033  3.48e-04  6.83e-04
   -0.900001    1.145099    1.103431  1.95e-04  4.03e-04
   -0.800001    1.161337    1.133007  1.50e-04  4.69e-04
   -0.700001    1.175377    1.163287  3.86e-04  1.09e-03
   -0.600001    1.188689    1.198552  1.32e-04  4.88e-04
   -0.500001    1.199717    1.234179  2.20e-04  1.06e-03
   -0.400001    1.208490    1.269042  3.42e-05  4.42e-05
   -0.300001    1.215434    1.304477  1.60e-04  1.08e-03
   -0.200001    1.220603    1.341426  6.59e-05  7.10e-04
   -0.100001    1.223767    1.379357  4.27e-05  8.92e-04
   -0.000001    1.224724    1.414608  2.09e-05  3.95e-04
    0.099999    1.223696    1.449191  2.87e-05  1.11e-04
    0.199999    1.220660    1.482630  9.06e-06  1.61e-04
    0.299999    1.215582    1.515033  1.18e-05  6.44e-05
    0.399999    1.208402    1.546219  1.23e-04  4.45e-04
    0.499999    1.199296    1.575277  2.00e-04  6.58e-04
    0.599999    1.188796    1.600823  2.39e-04  6.27e-04
    0.699999    1.175928    1.625721  1.64e-04  3.83e-04
    0.799999    1.160904    1.648852  2.82e-04  4.11e-04
    0.899999    1.144595    1.668732  3.09e-04  4.01e-04
    0.999999    1.127463    1.685188  4.53e-04  4.78e-04
    1.099999    1.107224    1.700662  3.85e-04  3.07e-04
    1.199999    1.087291    1.711966  4.70e-04  3.53e-04
    1.299999    1.064041    1.721822  7.36e-04  3.23e-04
    1.399999    1.041732    1.727757  1.06e-04  8.82e-05
    1.500000    1.018133    1.731211  6.03e-04  1.16e-04
    1.600000    0.991816    1.731950  8.57e-04  2.22e-05
    1.700000    0.967867    1.729629  6.14e-04  1.43e-05
    1.800000    0.942976    1.724649  1.49e-03  1.65e-04
    1.900000    0.914897    1.716285  7.20e-04  1.94e-04
    2.000000    0.888779    1.705135  1.12e-03  5.31e-04
    2.100000    0.865698    1.692508  1.07e-03  4.06e-04
    2.200000    0.841207    1.676528  1.12e-03  6.71e-04
    2.299999    0.816780    1.657140  1.64e-04  1.23e-04
    2.399999    0.795594    1.636625  1.05e-03  9.41e-04
    2.499999    0.773851    1.611441  3.76e-04  5.37e-04
    2.599999    0.755579    1.585353  4.34e-04  6.81e-04
    2.699999    0.739708    1.556968  5.38e-04  1.04e-03
    2.799999    0.727618    1.528902  3.70e-04  8.35e-04
    2.899999    0.717050    1.495458  2.52e-04  9.55e-04
    2.999999    0.710766    1.463835  1.30e-04  5.78e-04
    3.099999    0.707400    1.428522  1.24e-05  3.17e-04
    3.199999    0.707773    1.393048  6.34e-05  3.75e-04
    3.299999    0.711361    1.358340  1.59e-04  1.04e-03
    3.399998    0.719045    1.319730  2.96e-04  1.05e-03
    3.499998    0.729131    1.284577  9.58e-05  3.58e-04
    3.599998    0.742471    1.248514  2.40e-04  5.23e-04
    3.699998    0.759389    1.211703  4.76e-04  8.01e-04
    3.799998    0.777244    1.178636  2.62e-04  4.41e-04
    3.899998    0.797515    1.146352  6.28e-04  8.24e-04
    3.999998    0.820594    1.114857  1.21e-04  1.32e-04
    4.099998    0.844425    1.086901  2.76e-04  1.70e-04
    4.199998    0.867925    1.062996  9.07e-04  7.22e-04
    4.299998    0.895041    1.040569  8.38e-04  5.04e-04
    4.399998    0.920662    1.023599  6.99e-04  3.14e-04
    4.499998    0.946782    1.011223  9.49e-04  5.04e-05
    4.599998    0.973188    1.003023  1.63e-03  1.26e-04
    4.699997    0.995323    1.000026  1.57e-03  1.25e-05
    4.799997    1.023005    1.002409  1.37e-03  4.93e-04
    4.899997    1.045878    1.009089  2.90e-04  3.53e-04
    4.999997    1.067988    1.020069  5.77e-04  2.62e-04
    5.099997    1.090023    1.036175  3.84e-04  2.54e-04
    5.199997    1.111051    1.056928  8.02e-05  2.62e-04
    5.299997    1.130733    1.081721  6.07e-04  1.10e-03
    5.399997    1.147641    1.107561  1.16e-04  2.44e-04
    5.499997    1.163500    1.137217  2.58e-04  5.25e-04
    5.599997    1.178087    1.170072  4.58e-05  1.44e-04
    5.699996    1.190786    1.204903  2.58e-04  1.03e-03
    5.799996    1.201157    1.239266  7.99e-06  1.55e-04
    5.899996    1.209681    1.274314  1.69e-04  8.80e-04
    5.999996    1.216453    1.310685  1.34e-04  1.02e-03
    6.099996    1.221377    1.348803  5.19e-05  5.33e-04
    6.199996    1.224041    1.385365  2.50e-06  8.41e-04
    6.299996    1.224693    1.420684  2.28e-05  5.40e-04
    6.399996    1.223291    1.455680  6.22e-05  8.45e-04
    6.499996    1.219847    1.489242  1.10e-04  9.15e-04
    6.599996    1.214425    1.521051  1.19e-04  6.77e-04
    6.699996    1.207313    1.550019  1.71e-04  7.38e-04
    6.799995    1.197761    1.579291  2.83e-05  1.61e-05
    6.899995    1.186280    1.606365  2.54e-04  6.14e-04
    6.999995    1.173676    1.629519  2.40e-04  5.07e-04
   ------------------------------------------------------

Final Solver Statistics:
   Internal solver steps = 281 (attempted = 287)
   Total number of error test failures = 6
   Total RHS evals:  Fe = 0,  Fi = 5775
   Total mass matrix setups = 1438
   Total mass matrix solves = 1719
   Total mass times evals = 4618
   Total number of Jacobian evaluations = 150
   Total linear solver setups = 173
   Total number of Nonlinear iterations = 4337
   Total number of Nonlinear convergence failures = 149
   Errors: u = 0.000565348, v = 0.000583285, total = 0.000574386
