
2D Heat PDE test problem:
 --------------------------------- 
  nprocs         = 4
  npx            = 2
  npy            = 2
 --------------------------------- 
  kx             = 1
  ky             = 1
  forcing        = 1
  tf             = 1
  xu             = 1
  yu             = 1
  nx             = 32
  ny             = 32
  nxl (proc 0)   = 16
  nyl (proc 0)   = 16
  dx             = 0.0322581
  dy             = 0.0322581
 --------------------------------- 
  rtol           = 1e-05
  atol           = 1e-10
 --------------------------------- 
  linear solver  = PCG
  lin iters      = 20
  eps lin        = 0
  prec           = 1
  msbp           = 0
 --------------------------------- 
  output         = 1
 --------------------------------- 

          t                     ||u||_rms                max error      
 -----------------------------------------------------------------------
          0.000000e+00             3.632812e-01             0.000000e+00
          5.000000e-02             3.551987e-01             2.454519e-03
          1.000000e-01             3.296221e-01             2.893984e-03
          1.500000e-01             2.894447e-01             2.833664e-03
          2.000000e-01             2.387102e-01             2.522409e-03
          2.500000e-01             1.824256e-01             2.078295e-03
          3.000000e-01             1.261156e-01             1.577139e-03
          3.500000e-01             7.529875e-02             1.082197e-03
          4.000000e-01             3.495085e-02             6.451830e-04
          4.500000e-01             9.022380e-03             3.106426e-04
          5.000001e-01             5.458585e-05             1.143904e-04
          5.500001e-01             8.918685e-03             7.319078e-05
          6.000001e-01             3.475281e-02             1.914799e-04
          6.500001e-01             7.502621e-02             4.577339e-04
          7.000001e-01             1.257964e-01             8.453727e-04
          7.500001e-01             1.820942e-01             1.317710e-03
          8.000001e-01             2.384090e-01             1.829088e-03
          8.500001e-01             2.892282e-01             2.329111e-03
          9.000002e-01             3.295766e-01             2.767324e-03
          9.500002e-01             3.555008e-01             3.092289e-03
          1.000000e+00             3.644737e-01             3.296196e-03
 -----------------------------------------------------------------------

Final integrator statistics:
  Steps            = 210
  Error test fails = 4
  RHS evals        = 287
  NLS iters        = 285
  NLS fails        = 24
  LS iters         = 3790
  LS fails         = 135
  LS setups        = 75
  LS RHS evals     = 3790
  Jv products      = 3790

  Avg NLS iters per step    = 1.357143
  Avg LS iters per NLS iter = 13.298245

  Preconditioner setups = 26
  Preconditioner solves = 3790

  Max error = 3.296196e-03
