
2-species diurnal advection-diffusion problem
  10 by 10 mesh on 4 processors
  Using CVBBDPRE preconditioner module
    Difference-quotient half-bandwidths are mudq = 10,  mldq = 10
    Retained band block half-bandwidths are mukeep = 2,  mlkeep = 2

Preconditioner type is:  jpre = SUN_PREC_LEFT

t = 7.20e+03   no. steps = 214   order = 5   stepsize = 9.53e+01
At bottom left:  c1, c2 =    1.047e+04    2.527e+11 
At top right:    c1, c2 =    1.119e+04    2.700e+11 

t = 1.44e+04   no. steps = 254   order = 5   stepsize = 2.55e+02
At bottom left:  c1, c2 =    6.659e+06    2.582e+11 
At top right:    c1, c2 =    7.301e+06    2.833e+11 

t = 2.16e+04   no. steps = 282   order = 4   stepsize = 2.95e+02
At bottom left:  c1, c2 =    2.665e+07    2.993e+11 
At top right:    c1, c2 =    2.931e+07    3.313e+11 

t = 2.88e+04   no. steps = 310   order = 4   stepsize = 1.69e+02
At bottom left:  c1, c2 =    8.702e+06    3.380e+11 
At top right:    c1, c2 =    9.650e+06    3.751e+11 

t = 3.60e+04   no. steps = 356   order = 4   stepsize = 7.88e+01
At bottom left:  c1, c2 =    1.404e+04    3.387e+11 
At top right:    c1, c2 =    1.561e+04    3.765e+11 

t = 4.32e+04   no. steps = 431   order = 5   stepsize = 5.71e+02
At bottom left:  c1, c2 =    3.700e-07    3.382e+11 
At top right:    c1, c2 =   -6.912e-07    3.804e+11 

t = 5.04e+04   no. steps = 445   order = 5   stepsize = 4.02e+02
At bottom left:  c1, c2 =   -2.983e-08    3.358e+11 
At top right:    c1, c2 =    4.280e-08    3.864e+11 

t = 5.76e+04   no. steps = 458   order = 5   stepsize = 4.16e+02
At bottom left:  c1, c2 =    8.335e-08    3.320e+11 
At top right:    c1, c2 =    7.379e-07    3.909e+11 

t = 6.48e+04   no. steps = 475   order = 5   stepsize = 4.16e+02
At bottom left:  c1, c2 =    9.892e-08    3.313e+11 
At top right:    c1, c2 =    1.050e-08    3.963e+11 

t = 7.20e+04   no. steps = 492   order = 5   stepsize = 4.16e+02
At bottom left:  c1, c2 =   -8.548e-08    3.330e+11 
At top right:    c1, c2 =   -8.373e-09    4.039e+11 

t = 7.92e+04   no. steps = 509   order = 5   stepsize = 4.16e+02
At bottom left:  c1, c2 =    2.811e-08    3.334e+11 
At top right:    c1, c2 =   -7.628e-09    4.120e+11 

t = 8.64e+04   no. steps = 525   order = 5   stepsize = 6.65e+02
At bottom left:  c1, c2 =    4.247e-07    3.352e+11 
At top right:    c1, c2 =   -1.635e-09    4.163e+11 


Final Statistics: 

lenrw   =  2689     leniw   =   144
lenrwls =  2454     leniwls =   126
nst     =   525
nfe     =   629     nfels   =   617
nni     =   628     nli     =   617
nsetups =    69     netf    =    20
npe     =    12     nps     =  1205
ncfn    =     0     ncfl    =     0

In CVBBDPRE: real/integer local work space sizes = 1300, 192
             no. flocal evals. = 264


-------------------------------------------------------------------


Preconditioner type is:  jpre = SUN_PREC_RIGHT

t = 7.20e+03   no. steps = 204   order = 4   stepsize = 1.15e+02
At bottom left:  c1, c2 =    1.047e+04    2.527e+11 
At top right:    c1, c2 =    1.119e+04    2.700e+11 

t = 1.44e+04   no. steps = 250   order = 4   stepsize = 1.77e+02
At bottom left:  c1, c2 =    6.659e+06    2.582e+11 
At top right:    c1, c2 =    7.301e+06    2.833e+11 

t = 2.16e+04   no. steps = 286   order = 4   stepsize = 2.24e+02
At bottom left:  c1, c2 =    2.665e+07    2.993e+11 
At top right:    c1, c2 =    2.931e+07    3.313e+11 

t = 2.88e+04   no. steps = 317   order = 4   stepsize = 9.88e+01
At bottom left:  c1, c2 =    8.702e+06    3.380e+11 
At top right:    c1, c2 =    9.650e+06    3.751e+11 

t = 3.60e+04   no. steps = 362   order = 4   stepsize = 8.49e+01
At bottom left:  c1, c2 =    1.404e+04    3.387e+11 
At top right:    c1, c2 =    1.561e+04    3.765e+11 

t = 4.32e+04   no. steps = 433   order = 4   stepsize = 4.75e+02
At bottom left:  c1, c2 =   -3.873e-07    3.382e+11 
At top right:    c1, c2 =    2.205e-06    3.804e+11 

t = 5.04e+04   no. steps = 449   order = 5   stepsize = 4.49e+02
At bottom left:  c1, c2 =   -6.411e-07    3.358e+11 
At top right:    c1, c2 =   -4.436e-07    3.864e+11 

t = 5.76e+04   no. steps = 461   order = 5   stepsize = 4.27e+02
At bottom left:  c1, c2 =   -2.627e-07    3.320e+11 
At top right:    c1, c2 =    3.634e-08    3.909e+11 

t = 6.48e+04   no. steps = 473   order = 5   stepsize = 6.92e+02
At bottom left:  c1, c2 =   -3.253e-06    3.313e+11 
At top right:    c1, c2 =   -3.165e-08    3.963e+11 

t = 7.20e+04   no. steps = 483   order = 5   stepsize = 6.92e+02
At bottom left:  c1, c2 =    1.073e-06    3.330e+11 
At top right:    c1, c2 =    1.709e-07    4.039e+11 

t = 7.92e+04   no. steps = 493   order = 5   stepsize = 6.92e+02
At bottom left:  c1, c2 =    5.109e-07    3.334e+11 
At top right:    c1, c2 =   -2.360e-07    4.120e+11 

t = 8.64e+04   no. steps = 504   order = 5   stepsize = 6.92e+02
At bottom left:  c1, c2 =   -1.075e-06    3.352e+11 
At top right:    c1, c2 =    8.120e-08    4.163e+11 


Final Statistics: 

lenrw   =  2689     leniw   =   144
lenrwls =  2454     leniwls =   126
nst     =   504
nfe     =   635     nfels   =  1302
nni     =   634     nli     =  1302
nsetups =    78     netf    =    27
npe     =    11     nps     =  1885
ncfn    =     0     ncfl    =     0

In CVBBDPRE: real/integer local work space sizes = 1300, 192
             no. flocal evals. = 242
