
Discontinuity in solution

0.00000000e+00  1.00000000e+00
2.34520845e-02  9.77085292e-01
4.69041690e-02  9.54695642e-01
1.26679599e-01  8.82380366e-01
2.06455022e-01  8.14934134e-01
2.86230445e-01  7.52434850e-01
4.50971544e-01  6.37576461e-01
6.15712643e-01  5.39985180e-01
7.80453742e-01  4.57237571e-01
9.45194840e-01  3.87136817e-01
1.00000000e+00  3.66442561e-01
1.00000000e+00  1.00000000e+00
1.02345204e+00  9.77085292e-01
1.04690409e+00  9.54695642e-01
1.12667954e+00  8.82380426e-01
1.20645499e+00  8.14934254e-01
1.28623044e+00  7.52434969e-01
1.45096898e+00  6.37578189e-01
1.61570752e+00  5.39988041e-01
1.78044605e+00  4.57241148e-01
1.94518459e+00  3.87140840e-01
2.00000000e+00  3.66442591e-01

Number of steps: 10 + 10 = 20

Discontinuity in RHS: Case 1 - explicit treatment

0.00000000e+00  1.00000000e+00
2.34520845e-02  9.77085292e-01
4.69041690e-02  9.54695642e-01
1.26679599e-01  8.82380366e-01
2.06455022e-01  8.14934134e-01
2.86230445e-01  7.52434850e-01
4.50971544e-01  6.37576461e-01
6.15712643e-01  5.39985180e-01
7.80453742e-01  4.57237571e-01
9.45194840e-01  3.87136817e-01
1.00000000e+00  3.66442561e-01
1.00000000e+00  3.66442561e-01
1.00504553e+00  3.57425481e-01
1.01009107e+00  3.48630279e-01
1.02687049e+00  3.20930541e-01
1.04364991e+00  2.95187086e-01
1.06042933e+00  2.71424800e-01
1.09876323e+00  2.23767191e-01
1.13709712e+00  1.84327945e-01
1.15797091e+00  1.65961608e-01
1.17884469e+00  1.49441466e-01
1.19971848e+00  1.34571359e-01
1.22059226e+00  1.21182837e-01
1.24146605e+00  1.09127007e-01
1.27687812e+00  9.13477093e-02
1.31229019e+00  7.64970258e-02
1.34770226e+00  6.40895292e-02
1.42255139e+00  4.42440361e-02
1.46954262e+00  3.50464955e-02
1.51653385e+00  2.77432203e-02
1.56352508e+00  2.19543427e-02
1.61051631e+00  1.73720196e-02
1.65750754e+00  1.37467645e-02
1.73033774e+00  9.57259256e-03
1.80316794e+00  6.66564424e-03
1.87599814e+00  4.63132747e-03
1.94882834e+00  3.20947566e-03
2.00000000e+00  2.47991690e-03

Number of steps: 10 + 26 = 36

Discontinuity in RHS: Case 2 - let CVODE deal with it

0.00000000e+00  1.00000000e+00
2.34520845e-02  9.77085292e-01
4.69041690e-02  9.54695642e-01
1.26679599e-01  8.82380366e-01
2.06455022e-01  8.14934134e-01
2.86230445e-01  7.52434850e-01
4.50971544e-01  6.37576461e-01
6.15712643e-01  5.39985180e-01
7.80453742e-01  4.57237571e-01
9.45194840e-01  3.87136817e-01
1.00000000e+00  3.66442561e-01
1.00000000e+00  3.66442561e-01
1.00220311e+00  3.63503754e-01
1.00440621e+00  3.59881282e-01
1.00660932e+00  3.56061876e-01
1.00881243e+00  3.52203190e-01
1.01101553e+00  3.48359078e-01
1.01810920e+00  3.36426169e-01
1.02520287e+00  3.24902028e-01
1.04291654e+00  2.97726542e-01
1.06063020e+00  2.72593409e-01
1.07834387e+00  2.49483868e-01
1.12192690e+00  2.00243086e-01
1.14404476e+00  1.79173753e-01
1.16616261e+00  1.60313368e-01
1.18828046e+00  1.43438205e-01
1.21039832e+00  1.28338844e-01
1.23251617e+00  1.14828825e-01
1.26886940e+00  9.56533477e-02
1.30522263e+00  7.97078982e-02
1.34157586e+00  6.64618686e-02
1.37792909e+00  5.54395430e-02
1.45322824e+00  3.81480940e-02
1.52852738e+00  2.62742732e-02
1.60382652e+00  1.81168262e-02
1.67912567e+00  1.24132624e-02
1.75442481e+00  8.47109221e-03
1.82972395e+00  5.73235797e-03
1.90502310e+00  3.89198214e-03
1.98032224e+00  2.63571134e-03
2.00000000e+00  2.37914920e-03

Number of steps: 10 + 29 = 39
