 
Accelerating rocket problem

At t = 1.0000e+00      y =  7.642296e+01    1.459736e+02
At t = 2.0000e+00      y =  2.798918e+02    2.557192e+02
At t = 3.0000e+00      y =  5.790364e+02    3.386454e+02
At t = 4.0000e+00      y =  9.506865e+02    4.017583e+02
At t = 5.0000e+00      y =  1.377681e+03    4.501772e+02
At t = 6.0000e+00      y =  1.847427e+03    4.877641e+02
At t = 7.0000e+00      y =  2.350564e+03    5.173860e+02
At t = 8.0000e+00      y =  2.880212e+03    5.411154e+02
At t = 9.0000e+00      y =  3.431377e+03    5.605259e+02
At t = 9.9995e+00      y =  4.000037e+03    5.767752e+02
    rootsfound[] =   0   1
At t = 1.1000e+01      y =  4.484053e+03    3.995724e+02
At t = 1.2000e+01      y =  4.814650e+03    2.683428e+02
At t = 1.3000e+01      y =  5.031839e+03    1.710988e+02
At t = 1.4000e+01      y =  5.164953e+03    9.913291e+01
At t = 1.5000e+01      y =  5.235897e+03    4.565662e+01
At t = 1.6000e+01      y =  5.260942e+03    6.263540e+00
At t = 1.6191e+01      y =  5.261584e+03   -4.007339e-03
    rootsfound[] =  -1
At t = 1.7000e+01      y =  5.251849e+03   -2.305381e+01
At t = 1.8000e+01      y =  5.217587e+03   -4.445295e+01
At t = 1.9000e+01      y =  5.164596e+03   -6.038482e+01
At t = 2.0000e+01      y =  5.098050e+03   -7.216417e+01
At t = 2.1000e+01      y =  5.021098e+03   -8.094758e+01
At t = 2.2000e+01      y =  4.936847e+03   -8.761251e+01
At t = 2.3000e+01      y =  4.846701e+03   -9.259319e+01
At t = 2.4000e+01      y =  4.752104e+03   -9.630280e+01
At t = 2.5000e+01      y =  4.654367e+03   -9.903926e+01
At t = 2.6000e+01      y =  4.554263e+03   -1.009915e+02
At t = 2.7000e+01      y =  4.452525e+03   -1.025008e+02
At t = 2.8000e+01      y =  4.349458e+03   -1.035051e+02
At t = 2.9000e+01      y =  4.245562e+03   -1.042380e+02
At t = 3.0000e+01      y =  4.141054e+03   -1.047594e+02
At t = 3.1000e+01      y =  4.035915e+03   -1.053489e+02
At t = 3.2000e+01      y =  3.930623e+03   -1.055724e+02
At t = 3.3000e+01      y =  3.825005e+03   -1.058380e+02
At t = 3.4000e+01      y =  3.719018e+03   -1.061353e+02
At t = 3.5000e+01      y =  3.612811e+03   -1.062411e+02
At t = 3.6000e+01      y =  3.506443e+03   -1.063370e+02
At t = 3.7000e+01      y =  3.400105e+03   -1.064099e+02
At t = 3.8000e+01      y =  3.293585e+03   -1.064863e+02
At t = 3.9000e+01      y =  3.187164e+03   -1.064400e+02
At t = 4.0000e+01      y =  3.080655e+03   -1.063951e+02
At t = 4.1000e+01      y =  2.974231e+03   -1.065434e+02
At t = 4.2000e+01      y =  2.867679e+03   -1.064709e+02
At t = 4.3000e+01      y =  2.761352e+03   -1.065140e+02
At t = 4.4000e+01      y =  2.654809e+03   -1.065794e+02
At t = 4.5000e+01      y =  2.548217e+03   -1.065952e+02
At t = 4.6000e+01      y =  2.441597e+03   -1.065926e+02
At t = 4.7000e+01      y =  2.334970e+03   -1.065849e+02
At t = 4.8000e+01      y =  2.228360e+03   -1.065893e+02
At t = 4.9000e+01      y =  2.121705e+03   -1.066032e+02
At t = 5.0000e+01      y =  2.014982e+03   -1.066246e+02
At t = 5.1000e+01      y =  1.908336e+03   -1.066166e+02
At t = 5.2000e+01      y =  1.801693e+03   -1.066121e+02
At t = 5.3000e+01      y =  1.695068e+03   -1.066059e+02
At t = 5.4000e+01      y =  1.588475e+03   -1.066137e+02
At t = 5.5000e+01      y =  1.481874e+03   -1.066287e+02
At t = 5.6000e+01      y =  1.375231e+03   -1.066303e+02
At t = 5.7000e+01      y =  1.268610e+03   -1.066189e+02
At t = 5.8000e+01      y =  1.161997e+03   -1.066335e+02
At t = 5.9000e+01      y =  1.055343e+03   -1.066592e+02
At t = 6.0000e+01      y =  9.486711e+02   -1.066538e+02
At t = 6.1000e+01      y =  8.420367e+02   -1.066370e+02
At t = 6.2000e+01      y =  7.354047e+02   -1.066556e+02
At t = 6.3000e+01      y =  6.287253e+02   -1.066769e+02
At t = 6.4000e+01      y =  5.220416e+02   -1.066728e+02
At t = 6.5000e+01      y =  4.153759e+02   -1.066830e+02
At t = 6.6000e+01      y =  3.086812e+02   -1.066944e+02
At t = 6.7000e+01      y =  2.019869e+02   -1.066789e+02
At t = 6.8000e+01      y =  9.532776e+01   -1.066628e+02
At t = 6.9000e+01      y = -1.133089e+01   -1.066752e+02

Final Statistics:
nst = 107    nfe  = 148    nsetups = 17     nfeLS = 0      nje =  2
nni = 145    ncfn = 0      netf = 4      nge = 172
 
