hwloc/linux: Ignoring PCI device with non-16bit domain.
Pass --enable-32bits-pci-domain to configure to support such devices
(warning: it would break the library ABI, don't enable unless really needed).

idasFoodWeb_kry_bbd_p: Predator-prey DAE parallel example problem for IDA 

Number of species ns: 2     Mesh dimensions: 20 x 20     Total system size: 800
Subgrid dimensions: 10 x 10     Processor array: 2 x 2
Tolerance parameters:  rtol = 1e-05   atol = 1e-05
Linear solver: SUNLinSol_SPGMR     Max. Krylov dimension maxl: 16
Preconditioner: band-block-diagonal (IDABBDPRE), with parameters
     mudq = 20,  mldq = 20,  mukeep = 2,  mlkeep = 2
CalcIC called to correct initial predator concentrations 

-----------------------------------------------------------
  t        bottom-left  top-right    | nst  k      h
-----------------------------------------------------------

0.00e+00   1.0000e+01   1.0000e+01   |   0  0   1.6310e-08
           1.0000e+05   1.0000e+05   |

1.00e-03   1.0318e+01   1.0827e+01   |  37  4   5.3895e-05
           1.0319e+05   1.0822e+05   |

1.00e-02   1.6189e+02   1.9735e+02   | 138  3   1.7462e-04
           1.6189e+06   1.9735e+06   |

1.00e-01   2.4019e+02   2.7072e+02   | 224  1   4.4703e-02
           2.4019e+06   2.7072e+06   |

4.00e-01   2.4019e+02   2.7072e+02   | 226  1   1.7881e-01
           2.4019e+06   2.7072e+06   |

7.00e-01   2.4019e+02   2.7072e+02   | 227  1   3.5762e-01
           2.4019e+06   2.7072e+06   |

1.00e+00   2.4019e+02   2.7072e+02   | 228  1   7.1525e-01
           2.4019e+06   2.7072e+06   |

-----------------------------------------------------------

Final statistics: 

Number of steps                    = 228
Number of residual evaluations     = 949
Number of nonlinear iterations     = 274
Number of error test failures      = 0
Number of nonlinear conv. failures = 0

Number of linear iterations        = 673
Number of linear conv. failures    = 0

Number of preconditioner setups    = 26
Number of preconditioner solves    = 949
Number of local residual evals.    = 1092
