
1D adaptive Heat PDE test problem:
  diffusion coefficient:  k = 0.5
  initial N = 21
  iout          dt_old                 dt_new               ||u||_rms       N   NNI  NLI
 ----------------------------------------------------------------------------------------
    0  0.000000000000000e+00  0.000000000000000e+00  0.000000000000000e+00  21    0    0
    1  5.394573332147690e-13  1.115736568771188e-09  4.428556802247758e-13  21    5    5
    2  1.115736568771188e-09  2.231473137542375e-08  9.163822807329864e-10  21    5    5
    3  2.231473137542375e-08  4.462946275084750e-07  1.923514160809537e-08  21    5    5
    4  4.462946275084750e-07  8.925892550169500e-06  3.855986598679773e-07  21    5   10
    5  8.925892550169500e-06  1.785178510033900e-04  7.708211059382348e-06  21    5   15
    6  1.785178510033900e-04  1.785178510033900e-04  1.523691871404892e-04  21    5   25
    7  1.785178510033900e-04  3.585707949933360e-04  2.938655103805762e-04  21    5   24
    8  3.585707949933360e-04  3.585707949933360e-04  5.697730581905051e-04  21    5   27
    9  3.585707949933360e-04  5.674780536053153e-04  8.362904541634017e-04  21    5   26
   10  5.674780536053153e-04  5.674780536053153e-04  1.242624422412538e-03  21    5   30
   11  5.674780536053153e-04  5.674780536053153e-04  1.705790077089818e-03  23    5   39
   12  5.674780536053153e-04  1.030893509913678e-03  2.099317317764430e-03  23    5   35
   13  1.030893509913678e-03  1.030893509913678e-03  2.786910905263979e-03  23    5   40
   14  8.530260501734399e-04  8.265202161950693e-04  3.679069863455737e-03  25   10   78
   15  8.265202161950693e-04  1.833820046104543e-03  4.252822903013707e-03  25    5   34
   16  1.833820046104543e-03  1.833820046104543e-03  5.463782489426221e-03  25    5   40
   17  1.833820046104543e-03  3.531178513380329e-03  6.600387947546299e-03  25    5   35
   18  3.531178513380329e-03  3.531178513380329e-03  8.612852316450283e-03  25    5   39
   19  5.102820278063036e-04  5.102820278063036e-04  8.965698246774619e-03  29   15  179
   20  5.102820278063036e-04  1.378606071822476e-03  9.230856680719607e-03  29    5   28
   21  9.036281876135800e-04  8.058184817324849e-04  9.584972859412105e-03  31   10   79
   22  8.058184817324849e-04  1.978622033740156e-03  9.986341407878832e-03  31    5   30
   23  1.978622033740156e-03  4.525318337511510e-03  1.093921179070554e-02  31    5   41
   24  8.885005289673288e-04  8.885005289673288e-04  1.186021710236512e-02  33   15  208
   25  8.885005289673288e-04  1.936622662991996e-03  1.227315407182748e-02  33    5   29
   26  1.936622662991996e-03  6.648454588705072e-03  1.314254529207712e-02  33    5   51
   27  6.648454588705072e-03  1.217711621851597e-02  1.583960207930387e-02  33    5   97
   28  1.567382745757377e-03  1.444233490490357e-03  1.631346744776265e-02  35   15  221
   29  1.444233490490357e-03  1.444233490490357e-03  1.681191974940993e-02  37    5   44
   30  1.444233490490357e-03  3.837141295823190e-03  1.731794797127576e-02  37    5   35
   31  8.207433929560384e-04  7.383474159247032e-04  1.722020411847141e-02  39   15  270
   32  7.383474159247032e-04  1.268202447166236e-03  1.746073785479802e-02  39    5   46
   33  1.268202447166236e-03  3.661624754028952e-03  1.786518858464115e-02  39    5   51
   34  3.661624754028952e-03  1.193693398691513e-02  1.897346351024494e-02  39    5   99
   35  9.621181494430633e-04  9.621181494430633e-04  1.878325119892038e-02  41   15  277
   36  9.621181494430633e-04  1.909589687751775e-03  1.904775944539304e-02  41    5   55
   37  1.909589687751775e-03  6.636893818391467e-03  1.955733398164375e-02  41    5   69
   38  1.024108773640555e-03  9.300348384301129e-04  1.917136408599019e-02  45   15  289
   39  9.300348384301129e-04  9.300348384301129e-04  1.903128377100630e-02  47    5   61
   40  9.300348384301129e-04  2.385548663824749e-03  1.925383713884808e-02  47    5   52
   41  2.385548663824749e-03  7.859879272959316e-03  1.980570649722900e-02  47    5   81
   42  7.859879272959316e-03  7.859879272959316e-03  2.144626383214164e-02  47    5  105
   43  4.743993270052658e-03  4.542917925020437e-03  2.231840767539194e-02  47   10  210
   44  4.542917925020437e-03  4.542917925020437e-03  2.308026672609643e-02  47    5  105
   45  6.040154669482317e-04  6.040154669482317e-04  2.280738495326152e-02  51   15  268
   46  6.040154669482317e-04  1.227849832624120e-03  2.290138235733715e-02  51    5   55
   47  1.227849832624120e-03  3.438361107883717e-03  2.308902142550872e-02  51    5   74
   48  3.438361107883717e-03  6.724269993701533e-03  2.359161180153395e-02  51    5  104
   49  2.170906428746483e-03  2.170906428746483e-03  2.389238880603237e-02  51   10  201
   50  2.170906428746483e-03  4.039347096198425e-03  2.418099612996400e-02  51    5  101
   51  4.039347096198425e-03  1.382289511347044e-02  2.468738491990742e-02  51    5  103
   52  4.471048050366091e-03  4.471048050366091e-03  2.520470347659769e-02  51   10  209
   53  4.471048050366091e-03  8.342476053752692e-03  2.568047275459801e-02  51    5  101
   54  6.322372459945579e-03  6.322372459945579e-03  2.628926523333766e-02  51   10  210
   55  3.207053095967014e-03  3.207053095967014e-03  2.657200468050254e-02  51   10  193
   56  3.207053095967014e-03  1.490588759271676e-02  2.683863388302639e-02  51    5   84
   57  3.726471898179191e-03  3.726471898179191e-03  2.712953087294434e-02  51   10  188
   58  3.102128787924072e-03  2.780288821024047e-03  2.844510083680581e-02  55   10  210
   59  2.780288821024047e-03  4.419817713135935e-03  2.864483642040581e-02  55    5  105
   60  3.356475839963090e-03  3.356475839963090e-03  2.887329428560799e-02  55   10  210
   61  3.356475839963090e-03  1.032676770229481e-02  2.908861185116451e-02  55    5   86
   62  3.397189694197106e-03  3.397189694197106e-03  2.898857636152271e-02  57   10  210
   63  3.397189694197106e-03  1.150433740805119e-02  2.918056108737027e-02  57    5  100
   64  7.358351915637070e-03  7.358351915637070e-03  2.955968542322239e-02  57   10  210
   65  4.949417581522712e-03  4.949417581522712e-03  2.935957695433985e-02  59   10  210
   66  4.949417581522712e-03  9.912143933228391e-03  2.909881225233681e-02  61    5  105
   67  6.418233196373536e-03  6.418233196373536e-03  2.934097976435769e-02  61   10  210
   68  6.418233196373536e-03  6.418233196373536e-03  2.955899304421436e-02  61    5  105
   69  6.418233196373536e-03  1.085239773474611e-02  2.975562436771192e-02  61    5  105
   70  2.905149043346921e-03  2.905149043346921e-03  2.983826241187521e-02  61   10  210
   71  2.905149043346921e-03  6.729652236422775e-03  2.991723526155516e-02  61    5  101
   72  6.729652236422775e-03  1.928067229653430e-02  3.008713613963381e-02  61    5  102
   73  7.215554352396089e-03  7.215554352396089e-03  3.025106862270489e-02  61   10  208
   74  7.215554352396089e-03  2.191111070697160e-02  3.039843758890573e-02  61    5  105
   75  9.997176429885281e-03  9.997176429885281e-03  3.057902402122270e-02  61   10  210
   76  9.997176429885281e-03  9.997176429885281e-03  3.073630409824916e-02  61    5  105
   77  9.997176429885281e-03  9.997176429885281e-03  3.087416226492910e-02  61    5  105
   78  9.997176429885281e-03  9.997176429885281e-03  3.099564330326392e-02  61    5  105
   79  5.965918873980688e-03  5.965918873980688e-03  3.106146998702206e-02  61   10  210
   80  5.965918873980688e-03  9.114719867377860e-03  3.112285334390898e-02  61    5  105
   81  9.114719867377860e-03  9.114719867377860e-03  3.120902609877936e-02  61    5  105
   82  9.114719867377860e-03  1.630315171409406e-02  3.128712381989451e-02  61    5  105
   83  3.095811571914599e-03  3.095811571914599e-03  3.131201922720347e-02  61   15  315
   84  3.095811571914599e-03  1.026954719633205e-02  3.133614806430769e-02  61    5   73
   85  1.026954719633205e-02  1.026954719633205e-02  3.141125872578786e-02  61    5  105
   86  4.821013425368261e-03  4.821013425368261e-03  3.144394667511345e-02  61   10  210
   87  4.821013425368261e-03  9.879555554569503e-03  3.147528226233688e-02  61    5  104
   88  9.879555554569503e-03  9.879555554569503e-03  3.153550350221002e-02  61    5  105
   89  9.879555554569503e-03  9.879555554569503e-03  3.159091006427420e-02  61    5  105
   90  9.879555554569503e-03  1.791586466080307e-02  3.164209305869844e-02  61    5  105
   91  1.791586466080307e-02  1.507508871695493e-02  3.172573001216570e-02  61    5  105
   92  9.107366506639341e-03  8.227347335808212e-03  3.176430808273541e-02  61   10  210
   93  8.227347335808212e-03  1.302546072138355e-02  3.179719862972879e-02  61    5  105
   94  2.833083513368481e-03  2.833083513368481e-03  3.180810577100769e-02  61   15  315
   95  2.833083513368481e-03  9.628427679810907e-03  3.181882331041383e-02  61    5   78
   96  9.628427679810907e-03  2.705898712557101e-02  3.185384503055549e-02  61    5  105
   97  1.168770838381887e-02  1.168770838381887e-02  3.189365541473917e-02  61   10  210
   98  1.168770838381887e-02  1.168770838381887e-02  3.193078656166717e-02  61    5  105
   99  9.516482972247260e-03  9.516482972247260e-03  3.195928531421091e-02  61   10  210
  100  4.001550532876133e-03  3.797142084868080e-03  3.197083648275003e-02  61   10  210
  101  3.797142084868080e-03  3.467542051952832e-03  3.198144321209642e-02  61    5  105
  102  3.467542051952832e-03  3.467542051952832e-03  3.199092563379938e-02  61    5  105
  103  8.550280628086040e-04  8.106732240002242e-04  3.199331866671193e-02  61   15  260
  104  8.106732240002242e-04  1.432628993909015e-03  3.199552667705580e-02  61    5   46
  105  1.432628993909015e-03  4.124240913865576e-03  3.199939283328604e-02  61    5   55
  106  4.124240913865576e-03  1.915179334895294e-02  3.201034947159417e-02  61    5   85
  107  1.915179334895294e-02  1.915179334895294e-02  3.205811299793357e-02  61    5  105
  108  2.277331378720540e-03  1.946078250748905e-03  3.206349460741940e-02  61   15  314
  109  1.946078250748905e-03  3.154942472605389e-03  3.206803508020575e-02  61    5   84
  110  3.154942472605389e-03  8.537000009510222e-03  3.207529917762959e-02  61    5   84
  111  8.537000009510222e-03  8.537000009510222e-03  3.209437191628555e-02  61    5  105
  112  8.537000009510222e-03  1.474674224612252e-02  3.211262765851659e-02  61    5  105
  113  3.337143954300697e-03  3.337143954300697e-03  3.211954955580949e-02  61   10  210
  114  3.337143954300697e-03  1.173015072516483e-02  3.212635556014443e-02  61    5   72
  115  5.616203558426831e-03  5.616203558426831e-03  3.213755397624742e-02  61   10  209
  116  5.616203558426831e-03  1.158999414457308e-02  3.214843969739647e-02  61    5  105
  117  1.158999414457308e-02  2.503643119507428e-02  3.216995903095062e-02  61    5  105
  118  2.503643119507428e-03  2.503643119507428e-03  3.217444704405073e-02  61   10  210
  119  2.503643119507428e-03  8.231496576490782e-03  3.217887920964892e-02  61    5   80
  120  8.231496576490782e-03  2.979346800195647e-02  3.219306936986719e-02  61    5   77
  121  5.929261988102531e-03  5.929261988102531e-03  3.220293889774181e-02  61   10  210
  122  5.929261988102531e-03  1.899053474673340e-02  3.221252417994076e-02  61    5   89
  123  5.749453514928940e-03  5.749453514928940e-03  3.222155571486703e-02  61   10  198
  124  5.749453514928940e-03  2.824653768443519e-02  3.223033597130784e-02  61    5   97
  125  7.061634421108798e-03  7.061634421108798e-03  3.224078715043194e-02  61   10  209
  126  7.061634421108798e-03  2.394706878524175e-02  3.225088387411455e-02  61    5   96
  127  1.215233584387062e-02  1.215233584387062e-02  3.226746676489928e-02  61   10  210
  128  1.676261561704714e-03  1.676261561704714e-03  3.226967650914160e-02  61   15  298
  129  1.676261561704714e-03  7.532391822040902e-03  3.227186940214703e-02  61    5   50
  130  7.532391822040902e-03  3.538109596891474e-02  3.228150665741438e-02  61    5   76
  131  3.538109596891474e-02  3.210627096227825e-02  3.232240126062595e-02  61    5  105
  132  4.509759991131446e-03  4.172238309616685e-03  3.232707943640536e-02  61   10  210
  133  4.172238309616685e-03  3.792146287777993e-03  3.233135220488781e-02  61    5  105
  134  3.792146287777993e-03  7.354622324292907e-03  3.233516558322864e-02  61    5  105
  135  7.354622324292907e-03  1.981703516605575e-02  3.234236058677867e-02  61    5  105
  136  1.981703516605575e-02  3.682584576417117e-02  3.236052179566097e-02  61    5  105
  137  4.828976157772032e-03  4.828976157772032e-03  3.236468806757382e-02  61   11  231
  138  4.828976157772032e-03  1.438301590899728e-02  3.236875799059605e-02  61    5   95
  139  6.429140266800049e-03  6.429140266800049e-03  3.237403037895162e-02  61   10  210
  140  6.429140266800049e-03  1.763285579817312e-02  3.237914051265157e-02  61    5  105
  141  4.678834677882404e-03  4.678834677882404e-03  3.238276088924941e-02  61   10  210
  142  4.678834677882404e-03  1.522490509653993e-02  3.238630017131547e-02  61    5  104
  143  1.522490509653993e-02  1.522490509653993e-02  3.239727490141631e-02  61    5  105
  144  1.522490509653993e-02  1.522490509653993e-02  3.240746650563584e-02  61    5  105
  145  1.522490509653993e-02  2.596737658998343e-02  3.241692590305110e-02  61    5  105
  146  5.444562049981107e-03  5.444562049981107e-03  3.242014725664005e-02  61   10  210
  147  5.444562049981107e-03  2.634313200630832e-02  3.242328060880744e-02  61    5  105
  148  1.370308406222041e-02  1.370308406222041e-02  3.243082301003397e-02  61   10  210
  149  4.507101154699131e-03  4.507101154699131e-03  3.243316520016423e-02  61   10  210
  150  4.507101154699131e-03  8.825921482503092e-03  3.243549502119163e-02  61    5  105
  151  3.241644582430732e-03  3.241644582430732e-03  3.243713160116318e-02  61   10  210
  152  3.241644582430732e-03  1.761298079038493e-02  3.243874176533929e-02  61    5   57
  153  1.761298079038493e-02  3.859397685664710e-02  3.244706022326562e-02  61    5   99
  154  1.459263466985387e-02  1.459263466985387e-02  3.245342085077583e-02  61   10  210
  155  1.459263466985387e-02  1.459263466985387e-02  3.245936572135677e-02  61    5  105
  156  1.459263466985387e-02  1.459263466985387e-02  3.246487208225764e-02  61    5  105
  157  1.078494722125520e-02  1.062561179823365e-02  3.246871660282238e-02  61   10  210
  158  7.659500662609099e-03  7.659500662609099e-03  3.247132130520714e-02  61   10  210
  159  3.615917653869284e-03  3.615917653869284e-03  3.247251162171380e-02  61   10  210
  160  3.615917653869284e-03  3.615917653869284e-03  3.247368918311563e-02  61    5   96
  161  3.615917653869284e-03  9.748564530288436e-03  3.247484443653054e-02  61    5   96
  162  9.748564530288436e-03  1.476894919606929e-02  3.247785665366917e-02  61    5  105
  163  1.476894919606929e-02  4.828102927650573e-02  3.248215636307542e-02  61    5  105
  164  8.968783429097675e-03  8.968783429097675e-03  3.248461836364927e-02  61   10  210
  165  8.968783429097675e-03  8.968783429097675e-03  3.248697408571857e-02  61    5  105
  166  8.968783429097675e-03  1.854966427111566e-02  3.248922566345696e-02  61    5  105
  167  1.854966427111566e-02  1.854966427111566e-02  3.249358921270598e-02  61    5  105
  168  4.058323318739138e-03  4.058323318739138e-03  3.249448362446111e-02  61   15  315
  169  4.058323318739138e-03  1.353464298405111e-02  3.249536811693430e-02  61    5   94
  170  1.353464298405111e-02  2.338697352960915e-02  3.249819511067452e-02  61    5  105
  171  1.537029344456807e-02  1.537029344456807e-02  3.250118549530787e-02  61   10  210
  172  8.833257935872849e-03  8.833257935872849e-03  3.250280538687207e-02  61   10  210
  173  8.833257935872849e-03  2.374588485601008e-02  3.250435569539962e-02  61    5  105
  174  5.936471214002520e-03  5.936471214002520e-03  3.250535750512182e-02  61    7  147
  175  5.936471214002520e-03  5.936471214002520e-03  3.250633676786775e-02  61    5  105
  176  5.936471214002520e-03  1.201113366831803e-02  3.250728613713041e-02  61    5  101
  177  1.201113366831803e-02  1.201113366831803e-02  3.250912283433861e-02  61    5  105
 ----------------------------------------------------------------------------------------
 Final solver statistics:
   Total number of time steps = 177
   Total nonlinear iterations = 1243
   Total linear iterations    = 22371

