
2D Heat PDE test problem:
 --------------------------------- 
  kx             = 1
  ky             = 1
  forcing        = 1
  tf             = 1
  xu             = 1
  yu             = 1
  nx             = 32
  ny             = 32
  dx             = 0.0322581
  dy             = 0.0322581
 --------------------------------- 
  rtol           = 1e-05
  atol           = 1e-10
  order          = 3
  fixed h        = 0
  controller     = 0
  linear         = 1
 --------------------------------- 
  linear solver  = PCG
  lin iters      = 20
  eps lin        = 0
  prec           = 1
  msbp           = 0
 --------------------------------- 
  output         = 1
 --------------------------------- 

          t                     ||u||_rms                max error      
 -----------------------------------------------------------------------
0.000000000000000000e+00 3.632812500000000000e-01 0.000000000000000000e+00
5.000000000000000000e-02 3.551986501331558548e-01 2.454709297751496433e-03
1.000000000000000000e-01 3.296221520357047285e-01 2.894323919547361294e-03
1.500000000000000000e-01 2.894444225695998276e-01 2.832985205307910100e-03
2.000000000000000000e-01 2.387097144991384530e-01 2.521263753249945207e-03
2.500000000000000000e-01 1.824252562562708318e-01 2.077438066855843805e-03
3.000000000000000000e-01 1.261158270668063531e-01 1.577651269048293420e-03
3.500000000000000000e-01 7.529898286287701187e-02 1.082716566146505821e-03
4.000000000000000000e-01 3.495153696560496674e-02 6.466946651615951410e-04
4.500000000000000000e-01 9.023463384870253863e-03 3.130748363777704720e-04
5.000000000000000001e-01 5.514276264270879068e-05 1.155620640516645959e-04
5.500000000000000001e-01 8.918873927289387991e-03 7.364694516186910515e-05
6.000000000000000001e-01 3.475279561308818912e-02 1.915845582818156208e-04
6.500000000000000001e-01 7.502600218688848208e-02 4.575328703466649332e-04
7.000000000000000001e-01 1.257965232324605590e-01 8.460609208166751209e-04
7.500000000000000001e-01 1.820944241881652693e-01 1.318772365115990133e-03
8.000000000000000001e-01 2.384087267239033348e-01 1.828989119593083098e-03
8.500000000000000001e-01 2.892273800257326464e-01 2.327741594012213474e-03
9.000000000000000001e-01 3.295756018677951994e-01 2.765492516823051840e-03
9.500000000000000002e-01 3.555038425776053945e-01 3.099355958443535727e-03
1.000000000000000000e+00 3.644742099863289934e-01 3.297096723264876170e-03
 -----------------------------------------------------------------------

Final integrator statistics:
  Steps            = 197
  Step attempts    = 215
  Error test fails = 18
  RHS evals        = 1508
  NLS iters        = 645
  NLS fails        = 0
  LS iters         = 12668
  LS fails         = 612
  LS setups        = 63
  LS RHS evals     = 12668
  Jv products      = 12668

  Avg NLS iters per step attempt = 3.000000
  Avg LS iters per NLS iter      = 19.640310

  Preconditioner setups = 20
  Preconditioner solves = 12668

  Max error = 3.297096723264876170e-03
