
2D Heat problem:
 ----------------------------
  kx        = 1
  ky        = 1
  tf        = 1
  xu        = 1
  yu        = 1
  nx        = 32
  ny        = 32
  dx        = 0.0322581
  dy        = 0.0322581
 ----------------------------
  linear solver  = PCG
  rtol      = 0.0001
  atol      = 1e-08
 ----------------------------
  lin iters = 20
  eps lin   = 0
  prec      = 1
  msbp      = 0
 ----------------------------
  output    = 0
 ----------------------------

          t                     ||u||_rms                max error
 -----------------------------------------------------------------------
0.000000000000000000e+00 1.265389879780758564e+00 0.000000000000000000e+00
5.000000000000000000e-02 1.258890394496400278e+00 2.467053919324746296e-03
1.000000000000000000e-01 1.238745442620349690e+00 3.029165881795373811e-03
1.500000000000000000e-01 1.207396672355985467e+00 3.000800036213475985e-03
2.000000000000000000e-01 1.168520882015749107e+00 2.625947581991504689e-03
2.500000000000000000e-01 1.126500429476651632e+00 2.135324476758570849e-03
3.000000000000000000e-01 1.085755743516458205e+00 1.590210475781950726e-03
3.500000000000000000e-01 1.050180745659283321e+00 9.100257353219248389e-04
4.000000000000000000e-01 1.022852639933710561e+00 3.816111263907500956e-04
4.500000000000000000e-01 1.005803963697898373e+00 1.510342985709118950e-04
5.000000000000000001e-01 1.000017143158430155e+00 4.296801708261928105e-05
5.500000000000000001e-01 1.005771994185604923e+00 3.444767877010224914e-05
6.000000000000000001e-01 1.022776553770123442e+00 1.771805597857229646e-04
6.500000000000000001e-01 1.050011938956752822e+00 4.814011524362290118e-04
7.000000000000000001e-01 1.085507021709760656e+00 9.158345277607443137e-04
7.500000000000000001e-01 1.126234131537159566e+00 1.425068178621072940e-03
8.000000000000000001e-01 1.168264528550630565e+00 1.953669191589940636e-03
8.500000000000000001e-01 1.207188629412470515e+00 2.450456610815586966e-03
9.000000000000000001e-01 1.238763568271076920e+00 3.062853580603295514e-03
9.500000000000000002e-01 1.259345212481917109e+00 3.542603574999900412e-03
1.000000000000000000e+00 1.266475469230041728e+00 3.636333253002156608e-03
 -----------------------------------------------------------------------

Final integrator statistics:
  Steps            = 34
  Error test fails = 1
  RHS evals        = 45
  NLS iters        = 42
  NLS fails        = 0
  LS iters         = 573
  LS fails         = 9
  LS setups        = 9
  LS RHS evals     = 573
  Jv products      = 573

  Avg NLS iters per step    = 1.235294
  Avg LS iters per NLS iter = 13.642857

  Preconditioner setups = 1
  Preconditioner solves = 573

  Max error = 3.636333253002156608e-03
