 ------- 
| SPGMR |
 -------
 
2-species diurnal advection-diffusion problem

t = 7.88e-01   no. steps = 50   order = 5   stepsize = 2.51e-02
c1 (bot.left/middle/top rt.) =    2.151e+03     8.392e+03     2.151e+03
c2 (bot.left/middle/top rt.) =    2.500e+11     9.756e+11     2.500e+11


Intermediate Statistics.. 

lenrw   =  2689     leniw   =    53
lenrwLS =  2454     leniwLS =    42
nst     =    50
nfe     =    80     nfeLS   =    55
nni     =    77     nli     =    55
nsetups =    16     netf    =     6
npe     =     1     nps     =   110
ncfn    =     0     ncfl    =     0

======================================================================

t = 2.21e+00   no. steps = 100   order = 5   stepsize = 3.77e-02
c1 (bot.left/middle/top rt.) =    4.149e-01     1.618e+00     4.149e-01
c2 (bot.left/middle/top rt.) =    2.500e+11     9.757e+11     2.500e+11


Intermediate Statistics.. 

lenrw   =  2689     leniw   =    53
lenrwLS =  2454     leniwLS =    42
nst     =   100
nfe     =   131     nfeLS   =   105
nni     =   128     nli     =   105
nsetups =    19     netf    =     6
npe     =     2     nps     =   210
ncfn    =     0     ncfl    =     0

======================================================================

t = 3.67e+03   no. steps = 150   order = 4   stepsize = 3.74e+01
c1 (bot.left/middle/top rt.) =    1.236e-02     4.596e-02     1.288e-02
c2 (bot.left/middle/top rt.) =    2.509e+11     9.328e+11     2.615e+11


Intermediate Statistics.. 

lenrw   =  2689     leniw   =    53
lenrwLS =  2454     leniwLS =    42
nst     =   150
nfe     =   197     nfeLS   =   162
nni     =   194     nli     =   162
nsetups =    34     netf    =     8
npe     =     3     nps     =   321
ncfn    =     0     ncfl    =     0

======================================================================

t = 5.77e+03   no. steps = 200   order = 3   stepsize = 3.60e+01
c1 (bot.left/middle/top rt.) =    3.285e+02     1.066e+03     3.480e+02
c2 (bot.left/middle/top rt.) =    2.518e+11     8.171e+11     2.667e+11


Intermediate Statistics.. 

lenrw   =  2689     leniw   =    53
lenrwLS =  2454     leniwLS =    42
nst     =   200
nfe     =   259     nfeLS   =   214
nni     =   256     nli     =   214
nsetups =    38     netf    =    10
npe     =     4     nps     =   425
ncfn    =     0     ncfl    =     0

======================================================================

t = 1.43e+04   no. steps = 250   order = 5   stepsize = 3.77e+02
c1 (bot.left/middle/top rt.) =    6.387e+06     5.244e+06     7.000e+06
c2 (bot.left/middle/top rt.) =    2.581e+11     2.116e+11     2.831e+11


Intermediate Statistics.. 

lenrw   =  2689     leniw   =    53
lenrwLS =  2454     leniwLS =    42
nst     =   250
nfe     =   320     nfeLS   =   265
nni     =   317     nli     =   265
nsetups =    45     netf    =    11
npe     =     5     nps     =   535
ncfn    =     0     ncfl    =     0

======================================================================

t = 2.87e+04   no. steps = 300   order = 5   stepsize = 2.26e+02
c1 (bot.left/middle/top rt.) =    8.996e+06     1.323e+07     9.975e+06
c2 (bot.left/middle/top rt.) =    3.380e+11     4.983e+11     3.750e+11


Intermediate Statistics.. 

lenrw   =  2689     leniw   =    53
lenrwLS =  2454     leniwLS =    42
nst     =   300
nfe     =   389     nfeLS   =   336
nni     =   386     nli     =   336
nsetups =    53     netf    =    16
npe     =     6     nps     =   675
ncfn    =     0     ncfl    =     0

======================================================================

t = 3.62e+04   no. steps = 350   order = 3   stepsize = 2.60e+01
c1 (bot.left/middle/top rt.) =    9.918e+03     1.404e+04     1.103e+04
c2 (bot.left/middle/top rt.) =    3.387e+11     4.795e+11     3.766e+11


Intermediate Statistics.. 

lenrw   =  2689     leniw   =    53
lenrwLS =  2454     leniwLS =    42
nst     =   350
nfe     =   473     nfeLS   =   422
nni     =   470     nli     =   422
nsetups =    69     netf    =    26
npe     =     6     nps     =   842
ncfn    =     0     ncfl    =     0

======================================================================

t = 3.90e+04   no. steps = 400   order = 5   stepsize = 6.89e+01
c1 (bot.left/middle/top rt.) =    4.793e-01     4.237e-01     5.344e-01
c2 (bot.left/middle/top rt.) =    3.387e+11     2.993e+11     3.775e+11


Intermediate Statistics.. 

lenrw   =  2689     leniw   =    53
lenrwLS =  2454     leniwLS =    42
nst     =   400
nfe     =   533     nfeLS   =   480
nni     =   530     nli     =   480
nsetups =    75     netf    =    28
npe     =     7     nps     =   957
ncfn    =     0     ncfl    =     0

======================================================================

t = 5.70e+04   no. steps = 450   order = 5   stepsize = 1.02e+01
c1 (bot.left/middle/top rt.) =   -1.973e-13     1.873e-13    -2.194e-13
c2 (bot.left/middle/top rt.) =    3.323e+11     9.443e+11     3.905e+11


Intermediate Statistics.. 

lenrw   =  2689     leniw   =    53
lenrwLS =  2454     leniwLS =    42
nst     =   450
nfe     =   599     nfeLS   =   560
nni     =   596     nli     =   560
nsetups =    85     netf    =    32
npe     =     8     nps     =  1094
ncfn    =     0     ncfl    =     0

======================================================================

t = 7.74e+04   no. steps = 500   order = 5   stepsize = 6.39e+02
c1 (bot.left/middle/top rt.) =    1.623e-12    -2.067e-12     1.816e-12
c2 (bot.left/middle/top rt.) =    3.334e+11     6.111e+11     4.101e+11


Intermediate Statistics.. 

lenrw   =  2689     leniw   =    53
lenrwLS =  2454     leniwLS =    42
nst     =   500
nfe     =   662     nfeLS   =   631
nni     =   659     nli     =   631
nsetups =    96     netf    =    34
npe     =     9     nps     =  1217
ncfn    =     0     ncfl    =     0

======================================================================

t = 8.64e+04   no. steps = 515   order = 5   stepsize = 6.39e+02
c1 (bot.left/middle/top rt.) =   -1.521e-14     2.029e-14    -1.715e-14
c2 (bot.left/middle/top rt.) =    3.352e+11     9.107e+11     4.163e+11


Final Statistics.. 

lenrw   =  2689     leniw   =    53
lenrwLS =  2454     leniwLS =    42
nst     =   515
nfe     =   677     nfeLS   =   648
nni     =   674     nli     =   648
nsetups =    96     netf    =    34
npe     =     9     nps     =  1249
ncfn    =     0     ncfl    =     0

======================================================================

 --------- 
| SPFGMR |
 ---------
 
2-species diurnal advection-diffusion problem

t = 7.88e-01   no. steps = 50   order = 5   stepsize = 2.51e-02
c1 (bot.left/middle/top rt.) =    2.151e+03     8.392e+03     2.151e+03
c2 (bot.left/middle/top rt.) =    2.500e+11     9.756e+11     2.500e+11


Intermediate Statistics.. 

lenrw   =  2689     leniw   =    53
lenrwLS =  3254     leniwLS =    46
nst     =    50
nfe     =    80     nfeLS   =    55
nni     =    77     nli     =    55
nsetups =    16     netf    =     6
npe     =     1     nps     =    55
ncfn    =     0     ncfl    =     0

======================================================================

t = 2.21e+00   no. steps = 100   order = 5   stepsize = 3.77e-02
c1 (bot.left/middle/top rt.) =    4.149e-01     1.618e+00     4.149e-01
c2 (bot.left/middle/top rt.) =    2.500e+11     9.757e+11     2.500e+11


Intermediate Statistics.. 

lenrw   =  2689     leniw   =    53
lenrwLS =  3254     leniwLS =    46
nst     =   100
nfe     =   131     nfeLS   =   105
nni     =   128     nli     =   105
nsetups =    19     netf    =     6
npe     =     2     nps     =   105
ncfn    =     0     ncfl    =     0

======================================================================

t = 3.94e+03   no. steps = 150   order = 4   stepsize = 9.97e+01
c1 (bot.left/middle/top rt.) =    8.547e-02     3.136e-01     8.929e-02
c2 (bot.left/middle/top rt.) =    2.510e+11     9.210e+11     2.622e+11


Intermediate Statistics.. 

lenrw   =  2689     leniw   =    53
lenrwLS =  3254     leniwLS =    46
nst     =   150
nfe     =   200     nfeLS   =   171
nni     =   197     nli     =   171
nsetups =    37     netf    =     9
npe     =     3     nps     =   171
ncfn    =     0     ncfl    =     0

======================================================================

t = 8.36e+03   no. steps = 200   order = 5   stepsize = 1.34e+02
c1 (bot.left/middle/top rt.) =    6.996e+04     1.728e+05     7.519e+04
c2 (bot.left/middle/top rt.) =    2.535e+11     6.262e+11     2.724e+11


Intermediate Statistics.. 

lenrw   =  2689     leniw   =    53
lenrwLS =  3254     leniwLS =    46
nst     =   200
nfe     =   261     nfeLS   =   225
nni     =   258     nli     =   225
nsetups =    43     netf    =    12
npe     =     4     nps     =   225
ncfn    =     0     ncfl    =     0

======================================================================

t = 2.23e+04   no. steps = 250   order = 5   stepsize = 3.12e+02
c1 (bot.left/middle/top rt.) =    2.698e+07     1.250e+07     2.967e+07
c2 (bot.left/middle/top rt.) =    3.075e+11     1.307e+11     3.403e+11


Intermediate Statistics.. 

lenrw   =  2689     leniw   =    53
lenrwLS =  3254     leniwLS =    46
nst     =   250
nfe     =   315     nfeLS   =   359
nni     =   312     nli     =   359
nsetups =    46     netf    =    12
npe     =     5     nps     =   359
ncfn    =     0     ncfl    =     0

======================================================================

t = 3.01e+04   no. steps = 300   order = 4   stepsize = 1.75e+02
c1 (bot.left/middle/top rt.) =    5.017e+06     8.297e+06     5.570e+06
c2 (bot.left/middle/top rt.) =    3.383e+11     5.600e+11     3.757e+11


Intermediate Statistics.. 

lenrw   =  2689     leniw   =    53
lenrwLS =  3254     leniwLS =    46
nst     =   300
nfe     =   396     nfeLS   =   484
nni     =   393     nli     =   484
nsetups =    62     netf    =    20
npe     =     6     nps     =   484
ncfn    =     0     ncfl    =     0

======================================================================

t = 3.86e+04   no. steps = 350   order = 5   stepsize = 8.38e+01
c1 (bot.left/middle/top rt.) =    4.312e+00     4.139e+00     4.805e+00
c2 (bot.left/middle/top rt.) =    3.387e+11     3.251e+11     3.774e+11


Intermediate Statistics.. 

lenrw   =  2689     leniw   =    53
lenrwLS =  3254     leniwLS =    46
nst     =   350
nfe     =   462     nfeLS   =   656
nni     =   459     nli     =   656
nsetups =    67     netf    =    24
npe     =     6     nps     =   656
ncfn    =     0     ncfl    =     0

======================================================================

t = 5.68e+04   no. steps = 400   order = 5   stepsize = 7.45e+02
c1 (bot.left/middle/top rt.) =   -1.050e-12    -8.998e-09     2.685e-11
c2 (bot.left/middle/top rt.) =    3.324e+11     9.375e+11     3.904e+11


Intermediate Statistics.. 

lenrw   =  2689     leniw   =    53
lenrwLS =  3254     leniwLS =    46
nst     =   400
nfe     =   519     nfeLS   =   758
nni     =   516     nli     =   758
nsetups =    74     netf    =    25
npe     =     7     nps     =   758
ncfn    =     0     ncfl    =     0

======================================================================

t = 8.64e+04   no. steps = 439   order = 5   stepsize = 7.85e+02
c1 (bot.left/middle/top rt.) =    5.193e-13    -9.077e-11    -1.046e-12
c2 (bot.left/middle/top rt.) =    3.352e+11     9.106e+11     4.162e+11


Final Statistics.. 

lenrw   =  2689     leniw   =    53
lenrwLS =  3254     leniwLS =    46
nst     =   439
nfe     =   564     nfeLS   =   858
nni     =   561     nli     =   858
nsetups =    77     netf    =    26
npe     =     8     nps     =   858
ncfn    =     0     ncfl    =     0

======================================================================

 ------- 
| SPBCGS |
 -------
 
2-species diurnal advection-diffusion problem

t = 7.88e-01   no. steps = 50   order = 5   stepsize = 2.51e-02
c1 (bot.left/middle/top rt.) =    2.151e+03     8.392e+03     2.151e+03
c2 (bot.left/middle/top rt.) =    2.500e+11     9.756e+11     2.500e+11


Intermediate Statistics.. 

lenrw   =  2689     leniw   =    53
lenrwLS =  2202     leniwLS =    41
nst     =    50
nfe     =    80     nfeLS   =   110
nni     =    77     nli     =    55
nsetups =    16     netf    =     6
npe     =     1     nps     =   165
ncfn    =     0     ncfl    =     0

t = 2.21e+00   no. steps = 100   order = 5   stepsize = 3.77e-02
c1 (bot.left/middle/top rt.) =    4.149e-01     1.618e+00     4.149e-01
c2 (bot.left/middle/top rt.) =    2.500e+11     9.757e+11     2.500e+11


Intermediate Statistics.. 

lenrw   =  2689     leniw   =    53
lenrwLS =  2202     leniwLS =    41
nst     =   100
nfe     =   131     nfeLS   =   210
nni     =   128     nli     =   105
nsetups =    19     netf    =     6
npe     =     2     nps     =   315
ncfn    =     0     ncfl    =     0

t = 3.88e+03   no. steps = 150   order = 4   stepsize = 1.45e+02
c1 (bot.left/middle/top rt.) =    5.801e-02     2.135e-01     6.057e-02
c2 (bot.left/middle/top rt.) =    2.509e+11     9.235e+11     2.620e+11


Intermediate Statistics.. 

lenrw   =  2689     leniw   =    53
lenrwLS =  2202     leniwLS =    41
nst     =   150
nfe     =   197     nfeLS   =   312
nni     =   194     nli     =   156
nsetups =    34     netf    =     8
npe     =     3     nps     =   470
ncfn    =     0     ncfl    =     0

t = 8.84e+03   no. steps = 200   order = 5   stepsize = 1.58e+02
c1 (bot.left/middle/top rt.) =    1.311e+05     3.042e+05     1.413e+05
c2 (bot.left/middle/top rt.) =    2.538e+11     5.888e+11     2.734e+11


Intermediate Statistics.. 

lenrw   =  2689     leniw   =    53
lenrwLS =  2202     leniwLS =    41
nst     =   200
nfe     =   261     nfeLS   =   418
nni     =   258     nli     =   209
nsetups =    41     netf    =    11
npe     =     4     nps     =   629
ncfn    =     0     ncfl    =     0

t = 2.36e+04   no. steps = 250   order = 5   stepsize = 4.34e+02
c1 (bot.left/middle/top rt.) =    2.596e+07     1.592e+07     2.856e+07
c2 (bot.left/middle/top rt.) =    3.194e+11     1.885e+11     3.533e+11


Intermediate Statistics.. 

lenrw   =  2689     leniw   =    53
lenrwLS =  2202     leniwLS =    41
nst     =   250
nfe     =   318     nfeLS   =   520
nni     =   315     nli     =   260
nsetups =    46     netf    =    12
npe     =     5     nps     =   788
ncfn    =     0     ncfl    =     0

t = 3.34e+04   no. steps = 300   order = 5   stepsize = 2.67e+02
c1 (bot.left/middle/top rt.) =    5.232e+05     9.140e+05     5.813e+05
c2 (bot.left/middle/top rt.) =    3.385e+11     5.914e+11     3.761e+11


Intermediate Statistics.. 

lenrw   =  2689     leniw   =    53
lenrwLS =  2202     leniwLS =    41
nst     =   300
nfe     =   395     nfeLS   =   642
nni     =   392     nli     =   321
nsetups =    58     netf    =    20
npe     =     5     nps     =   975
ncfn    =     0     ncfl    =     0

t = 3.92e+04   no. steps = 350   order = 5   stepsize = 9.48e+01
c1 (bot.left/middle/top rt.) =    1.804e-01     1.542e-01     2.011e-01
c2 (bot.left/middle/top rt.) =    3.387e+11     2.896e+11     3.776e+11


Intermediate Statistics.. 

lenrw   =  2689     leniw   =    53
lenrwLS =  2202     leniwLS =    41
nst     =   350
nfe     =   460     nfeLS   =   752
nni     =   457     nli     =   376
nsetups =    63     netf    =    23
npe     =     6     nps     =  1140
ncfn    =     0     ncfl    =     0

t = 5.86e+04   no. steps = 400   order = 5   stepsize = 5.97e+02
c1 (bot.left/middle/top rt.) =    7.967e-14    -5.691e-12     1.267e-13
c2 (bot.left/middle/top rt.) =    3.317e+11     9.872e+11     3.915e+11


Intermediate Statistics.. 

lenrw   =  2689     leniw   =    53
lenrwLS =  2202     leniwLS =    41
nst     =   400
nfe     =   522     nfeLS   =   870
nni     =   519     nli     =   435
nsetups =    70     netf    =    25
npe     =     7     nps     =  1312
ncfn    =     0     ncfl    =     0

t = 8.64e+04   no. steps = 447   order = 5   stepsize = 5.97e+02
c1 (bot.left/middle/top rt.) =   -1.016e-26    -1.916e-22    -1.610e-27
c2 (bot.left/middle/top rt.) =    3.352e+11     9.107e+11     4.163e+11


Final Statistics.. 

lenrw   =  2689     leniw   =    53
lenrwLS =  2202     leniwLS =    41
nst     =   447
nfe     =   569     nfeLS   =   964
nni     =   566     nli     =   482
nsetups =    72     netf    =    25
npe     =     8     nps     =  1453
ncfn    =     0     ncfl    =     0

 --------- 
| SPTFQMR |
 ---------
 
2-species diurnal advection-diffusion problem

t = 7.88e-01   no. steps = 50   order = 5   stepsize = 2.51e-02
c1 (bot.left/middle/top rt.) =    2.151e+03     8.392e+03     2.151e+03
c2 (bot.left/middle/top rt.) =    2.500e+11     9.756e+11     2.500e+11


Intermediate Statistics.. 

lenrw   =  2689     leniw   =    53
lenrwLS =  2602     leniwLS =    43
nst     =    50
nfe     =    80     nfeLS   =   110
nni     =    77     nli     =    55
nsetups =    16     netf    =     6
npe     =     1     nps     =   165
ncfn    =     0     ncfl    =     0

t = 2.21e+00   no. steps = 100   order = 5   stepsize = 3.77e-02
c1 (bot.left/middle/top rt.) =    4.149e-01     1.618e+00     4.149e-01
c2 (bot.left/middle/top rt.) =    2.500e+11     9.757e+11     2.500e+11


Intermediate Statistics.. 

lenrw   =  2689     leniw   =    53
lenrwLS =  2602     leniwLS =    43
nst     =   100
nfe     =   131     nfeLS   =   210
nni     =   128     nli     =   105
nsetups =    19     netf    =     6
npe     =     2     nps     =   315
ncfn    =     0     ncfl    =     0

t = 3.65e+03   no. steps = 150   order = 4   stepsize = 3.82e+01
c1 (bot.left/middle/top rt.) =    1.067e-02     3.969e-02     1.111e-02
c2 (bot.left/middle/top rt.) =    2.509e+11     9.336e+11     2.614e+11


Intermediate Statistics.. 

lenrw   =  2689     leniw   =    53
lenrwLS =  2602     leniwLS =    43
nst     =   150
nfe     =   197     nfeLS   =   318
nni     =   194     nli     =   156
nsetups =    34     netf    =     8
npe     =     3     nps     =   483
ncfn    =     0     ncfl    =     0

t = 5.70e+03   no. steps = 200   order = 3   stepsize = 3.36e+01
c1 (bot.left/middle/top rt.) =    2.634e+02     8.596e+02     2.788e+02
c2 (bot.left/middle/top rt.) =    2.518e+11     8.218e+11     2.666e+11


Intermediate Statistics.. 

lenrw   =  2689     leniw   =    53
lenrwLS =  2602     leniwLS =    43
nst     =   200
nfe     =   259     nfeLS   =   422
nni     =   256     nli     =   208
nsetups =    38     netf    =    10
npe     =     4     nps     =   639
ncfn    =     0     ncfl    =     0

t = 1.45e+04   no. steps = 250   order = 5   stepsize = 3.27e+02
c1 (bot.left/middle/top rt.) =    6.824e+06     5.357e+06     7.483e+06
c2 (bot.left/middle/top rt.) =    2.583e+11     2.022e+11     2.834e+11


Intermediate Statistics.. 

lenrw   =  2689     leniw   =    53
lenrwLS =  2602     leniwLS =    43
nst     =   250
nfe     =   318     nfeLS   =   525
nni     =   315     nli     =   259
nsetups =    44     netf    =    11
npe     =     5     nps     =   798
ncfn    =     0     ncfl    =     0

t = 2.89e+04   no. steps = 300   order = 5   stepsize = 1.40e+02
c1 (bot.left/middle/top rt.) =    8.386e+06     1.257e+07     9.301e+06
c2 (bot.left/middle/top rt.) =    3.381e+11     5.079e+11     3.752e+11


Intermediate Statistics.. 

lenrw   =  2689     leniw   =    53
lenrwLS =  2602     leniwLS =    43
nst     =   300
nfe     =   385     nfeLS   =   670
nni     =   382     nli     =   313
nsetups =    51     netf    =    15
npe     =     6     nps     =  1042
ncfn    =     0     ncfl    =     0

t = 3.65e+04   no. steps = 350   order = 4   stepsize = 6.72e+01
c1 (bot.left/middle/top rt.) =    4.552e+03     6.158e+03     5.062e+03
c2 (bot.left/middle/top rt.) =    3.387e+11     4.582e+11     3.766e+11


Intermediate Statistics.. 

lenrw   =  2689     leniw   =    53
lenrwLS =  2602     leniwLS =    43
nst     =   350
nfe     =   458     nfeLS   =   888
nni     =   455     nli     =   388
nsetups =    60     netf    =    21
npe     =     6     nps     =  1378
ncfn    =     0     ncfl    =     0

t = 4.08e+04   no. steps = 400   order = 4   stepsize = 3.17e+02
c1 (bot.left/middle/top rt.) =   -1.304e-06     5.527e-05    -1.161e-06
c2 (bot.left/middle/top rt.) =    3.386e+11     2.011e+11     3.786e+11


Intermediate Statistics.. 

lenrw   =  2689     leniw   =    53
lenrwLS =  2602     leniwLS =    43
nst     =   400
nfe     =   515     nfeLS   =   994
nni     =   512     nli     =   440
nsetups =    66     netf    =    22
npe     =     7     nps     =  1538
ncfn    =     0     ncfl    =     0

t = 5.88e+04   no. steps = 450   order = 5   stepsize = 4.83e+02
c1 (bot.left/middle/top rt.) =   -2.155e-11    -1.083e-08    -1.522e-11
c2 (bot.left/middle/top rt.) =    3.316e+11     9.907e+11     3.917e+11


Intermediate Statistics.. 

lenrw   =  2689     leniw   =    53
lenrwLS =  2602     leniwLS =    43
nst     =   450
nfe     =   569     nfeLS   =  1182
nni     =   566     nli     =   510
nsetups =    68     netf    =    22
npe     =     8     nps     =  1809
ncfn    =     0     ncfl    =     0

t = 8.64e+04   no. steps = 489   order = 5   stepsize = 7.37e+02
c1 (bot.left/middle/top rt.) =    5.724e-24     1.834e-21     2.461e-24
c2 (bot.left/middle/top rt.) =    3.352e+11     9.106e+11     4.163e+11


Final Statistics.. 

lenrw   =  2689     leniw   =    53
lenrwLS =  2602     leniwLS =    43
nst     =   489
nfe     =   610     nfeLS   =  1312
nni     =   607     nli     =   554
nsetups =    70     netf    =    22
npe     =     9     nps     =  2014
ncfn    =     0     ncfl    =     0

