Ignore negative solution components

At t = 4.0000e-01      y =  9.851554e-01    3.386053e-05    1.481072e-02
At t = 4.0000e+00      y =  9.055088e-01    2.240357e-05    9.446884e-02
At t = 4.0000e+01      y =  7.158369e-01    9.186014e-06    2.841539e-01
At t = 4.0000e+02      y =  4.505290e-01    3.223130e-06    5.494678e-01
At t = 4.0000e+03      y =  1.831534e-01    8.939394e-07    8.168457e-01
At t = 4.0000e+04      y =  3.898242e-02    1.621755e-07    9.610174e-01
At t = 4.0000e+05      y =  4.939195e-03    1.985377e-08    9.950608e-01
At t = 4.0000e+06      y =  5.167278e-04    2.067963e-09    9.994833e-01
At t = 4.0000e+07      y =  5.200222e-05    2.080196e-10    9.999480e-01
At t = 4.0000e+08      y =  5.232197e-06    2.092890e-11    9.999948e-01
At t = 4.0000e+09      y =  5.590093e-07    2.236038e-12    9.999994e-01
At t = 4.0000e+10      y =  3.549379e-08    1.419752e-13    1.000000e+00
At t = 4.0000e+11      y = -1.024733e-08   -4.098930e-14    1.000000e+00
At t = 4.0000e+12      y =  8.111418e-09    3.244567e-14    1.000000e+00

Final Statistics:
nst = 552    nfe = 759    nsetups = 104    nfeLS = 42     nje = 14
nni = 756    nnf = 4      netf = 12        ncfn = 0     

Intercept negative solution components

At t = 4.0000e-01      y =  9.851554e-01    3.386053e-05    1.481072e-02
At t = 4.0000e+00      y =  9.055088e-01    2.240357e-05    9.446884e-02
At t = 4.0000e+01      y =  7.158369e-01    9.186014e-06    2.841539e-01
At t = 4.0000e+02      y =  4.505290e-01    3.223130e-06    5.494678e-01
At t = 4.0000e+03      y =  1.831534e-01    8.939394e-07    8.168457e-01
At t = 4.0000e+04      y =  3.898242e-02    1.621755e-07    9.610174e-01
At t = 4.0000e+05      y =  4.939195e-03    1.985377e-08    9.950608e-01
At t = 4.0000e+06      y =  5.167278e-04    2.067963e-09    9.994833e-01
At t = 4.0000e+07      y =  5.200222e-05    2.080196e-10    9.999480e-01
At t = 4.0000e+08      y =  5.232197e-06    2.092890e-11    9.999948e-01
At t = 4.0000e+09      y =  5.590093e-07    2.236038e-12    9.999994e-01
At t = 4.0000e+10      y =  9.027993e-08    3.611197e-13    9.999999e-01
At t = 4.0000e+11      y =  5.527779e-09    2.211112e-14    1.000000e+00
At t = 4.0000e+12      y =  7.595863e-10    3.038345e-15    1.000000e+00

Final Statistics:
nst = 565    nfe = 773    nsetups = 109    nfeLS = 60     nje = 20
nni = 759    nnf = 11     netf = 12        ncfn = 10    

