
g(tf) = 2.446336e-02

dgdp(tf)
  [ 1]: -1.502276e-01
  [ 2]: -1.097951e-02

mu(t0)
  [ 1]: 2.775622e-04
  [ 2]: 5.623134e-04
  [ 3]: 8.474398e-04
  [ 4]: 1.127085e-03
  [ 5]: 1.393283e-03
  [ 6]: 1.640587e-03
  [ 7]: 1.860524e-03
  [ 8]: 2.048621e-03
  [ 9]: 2.196655e-03
  [10]: 2.301650e-03
  [11]: 2.356448e-03
  [12]: 2.360003e-03
  [13]: 2.307009e-03
  [14]: 2.198645e-03
  [15]: 2.032152e-03
  [16]: 1.811041e-03
  [17]: 1.535617e-03
  [18]: 1.211622e-03
  [19]: 8.427014e-04
  [20]: 4.365036e-04
