
Create and allocate CVODES memory for forward run

Allocate global memory

Forward integration

ncheck = 7

   g = int_x int_y c6(Tfinal,x,y) dx dy = 35988.911580 


Create and allocate CVODES memory for backward run

Backward integration

Maximum sensitivity with respect to I.C. of species 1
  mu max = 1.098879e-03
at
  x = 1.000000e+00
  y = 0.000000e+00

Maximum sensitivity with respect to I.C. of species 2
  mu max = 1.075852e-03
at
  x = 1.000000e+00
  y = 0.000000e+00

Maximum sensitivity with respect to I.C. of species 3
  mu max = 1.054720e-03
at
  x = 1.000000e+00
  y = 0.000000e+00

Maximum sensitivity with respect to I.C. of species 4
  mu max = 4.890611e-11
at
  x = 4.736842e-01
  y = 7.368421e-01

Maximum sensitivity with respect to I.C. of species 5
  mu max = 4.889010e-11
at
  x = 4.736842e-01
  y = 7.368421e-01

Maximum sensitivity with respect to I.C. of species 6
  mu max = 1.230926e-10
at
  x = 5.789474e-01
  y = 5.789474e-01
