
Adjoint Sensitivity Example for Chemical Kinetics
-------------------------------------------------

ODE: dy1/dt = -p1*y1 + p2*y2*y3
     dy2/dt =  p1*y1 - p2*y2*y3 - p3*(y2)^2
     dy3/dt =  p3*(y2)^2

Find dG/dp for
     G = int_t0^tB0 g(t,p,y) dt
     g(t,p,y) = y3


Create and allocate CVODES memory for forward runs
Forward integration ... done (ncheck = 5)
--------------------------------------------------------
G:            3.9983e+07 
--------------------------------------------------------

Final Statistics:
Current time                 = 41087881.196646835916908457875252
Steps                        = 838
Error test fails             = 47
NLS step fails               = 0
Initial step size            = 1.0412502929101650174273937417568e-11
Last step size               = 1667240.1186032971880877084913664
Current step size            = 3071518.2821981107811097899684682
Last method order            = 4
Current method order         = 5
Stab. lim. order reductions  = 0
RHS fn evals                 = 1138
NLS iters                    = 1137
NLS fails                    = 0
NLS iters per step           = 1.3568019093078758950188592025121
LS setups                    = 140
Jac fn evals                 = 17
LS RHS fn evals              = 0
Prec setup evals             = 0
Prec solves                  = 0
LS iters                     = 0
LS fails                     = 0
Jac-times setups             = 0
Jac-times evals              = 0
LS iters per NLS iter        = 0
Jac evals per NLS iter       = 0.014951627088830255057115092929415
Prec evals per NLS iter      = 0
Root fn evals                = 0
Quad fn evals                = 839
Quad error test fails        = 0

Create and allocate CVODES memory for backward run
Backward integration from tB0 =   4.0000e+07

--------------------------------------------------------
returned t:   4.0000e+01
tout:         4.0000e+01
lambda(t):    3.9967e+07   3.9967e+07   3.9967e+07
y(t):         7.1583e-01   9.1856e-06   2.8416e-01
--------------------------------------------------------
--------------------------------------------------------
returned t:   0.0000e+00
lambda(t0):   3.9967e+07   3.9967e+07   3.9967e+07
y(t0):        1.0000e+00   0.0000e+00   0.0000e+00
dG/dp:        7.6839e+05  -3.0689e+00   5.1145e-04
--------------------------------------------------------

Final Statistics:
Current time                 = 0
Steps                        = 256
Error test fails             = 1
NLS step fails               = 0
Initial step size            = -3.3776627738364486174326055883477e-09
Last step size               = -0.82588729909508891820430279140375
Current step size            = -0.82588729909508891820430279140375
Last method order            = 3
Current method order         = 3
Stab. lim. order reductions  = 0
RHS fn evals                 = 309
NLS iters                    = 306
NLS fails                    = 0
NLS iters per step           = 1.1953125
LS setups                    = 83
Jac fn evals                 = 5
LS RHS fn evals              = 0
Prec setup evals             = 0
Prec solves                  = 0
LS iters                     = 0
LS fails                     = 0
Jac-times setups             = 0
Jac-times evals              = 0
LS iters per NLS iter        = 0
Jac evals per NLS iter       = 0.016339869281045751633665830647446
Prec evals per NLS iter      = 0
Root fn evals                = 0
Quad fn evals                = 298
Quad error test fails        = 39

Re-initialize CVODES memory for backward run
Backward integration from tB0 =   5.0000e+01

--------------------------------------------------------
returned t:   4.0000e+01
tout:         4.0000e+01
lambda(t):    2.8959e-01   1.7624e+00   9.3567e+00
y(t):         7.1583e-01   9.1856e-06   2.8416e-01
--------------------------------------------------------
--------------------------------------------------------
returned t:   0.0000e+00
lambda(t0):   8.4191e+00   1.6097e+01   1.6097e+01
y(t0):        1.0000e+00   0.0000e+00   0.0000e+00
dG/dp:        1.7341e+02  -5.0591e-04   8.4322e-08
--------------------------------------------------------

Final Statistics:
Current time                 = 0
Steps                        = 143
Error test fails             = 12
NLS step fails               = 0
Initial step size            = -7.6293945312500006241077721712594e-11
Last step size               = -0.00028220858276072485141851049902321
Current step size            = -0.00028220858276072485141851049902321
Last method order            = 4
Current method order         = 4
Stab. lim. order reductions  = 0
RHS fn evals                 = 222
NLS iters                    = 219
NLS fails                    = 5
NLS iters per step           = 1.531468531468531468504173931322
LS setups                    = 39
Jac fn evals                 = 8
LS RHS fn evals              = 0
Prec setup evals             = 0
Prec solves                  = 0
LS iters                     = 0
LS fails                     = 0
Jac-times setups             = 0
Jac-times evals              = 0
LS iters per NLS iter        = 0
Jac evals per NLS iter       = 0.036529680365296803654654366963483
Prec evals per NLS iter      = 0
Root fn evals                = 0
Quad fn evals                = 146
Quad error test fails        = 0
