Solve the nonlinear system:
    3x - cos((y-1)z) - 1/2 = 0
    x^2 - 81(y-0.9)^2 + sin(z) + 1.06 = 0
    exp(-x(y-1)) + 20z + (10 pi - 3)/3 = 0
Analytic solution:
    x = 0.5
    y = 1
    z = -0.523599
Solution method: Anderson accelerated fixed point iteration.
    tolerance    = 3.29272e-08
    max iters    = 30
    m_aa         = 2
    delay_aa     = 0
    damping_aa   = 0.5
    damping_fp   = 1
    orth routine = 0

Final Statistics:
Number of nonlinear iterations:     10
Number of function evaluations:     10
Computed solution:
    x = 0.5
    y = 1
    z = -0.523599
Solution error:
    ex = 3.85815e-09
    ey = 1.00179e-08
    ez = 2.03906e-08
PASS
