
Brusselator ODE test problem:
    initial conditions:  u0 = 1.2,  v0 = 3.1,  w0 = 3
    problem parameters:  a = 1,  b = 3.5,  ep = 0.01
    hs = 0.025,  hf = 0.001

        t           u           v           w
   ----------------------------------------------
    0.000000    1.200000    3.100000    3.000000
    0.100000    1.217191    3.061733    3.457934
    0.200000    1.229591    3.021379    3.457520
    0.300000    1.237127    2.990487    3.457254
    0.400000    1.241026    2.968647    3.457113
    0.500000    1.243444    2.941977    3.457018
    0.600000    1.242194    2.918912    3.457047
    0.700000    1.236795    2.900325    3.457216
    0.800000    1.226849    2.887050    3.457539
    0.900000    1.212068    2.879844    3.458026
    1.000000    1.192294    2.879358    3.458684
    1.100000    1.167513    2.886108    3.459513
    1.200000    1.129708    2.905259    3.460784
    1.300000    1.094356    2.929372    3.461979
    1.400000    1.054926    2.961306    3.463315
    1.500000    1.011971    3.000889    3.464776
    1.600000    0.966145    3.047788    3.466339
    1.700000    0.918184    3.101518    3.467979
    1.800000    0.868888    3.161453    3.469670
    1.900000    0.819096    3.226845    3.471383
    2.000000    0.769659    3.296850    3.473088
   ----------------------------------------------

Final Solver Statistics:
   Steps: nsts = 81, nstf = 2187
   Total RHS evals:  Fs = 244,  Ff = 8831
