
Multirate nonlinear Kvaerno-Prothero-Robinson test problem:
    time domain:  (0,5]
    hs = 0.002
    hf = 2e-05
    G = -100
    w = 100
    e = 0.5
    solver: exp-4/exp-4 (MRI-GARK-ERK45a / ERK-4-4)

        t           u           v       uerr      verr
   ------------------------------------------------------
    0.000000    1.224745    1.732051  0.00e+00  0.00e+00
    0.100000    1.223725    1.077464  1.78e-10  1.07e-11
    0.200000    1.220669    1.551800  1.77e-10  2.15e-11
    0.300000    1.215594    1.467737  1.75e-10  3.07e-11
    0.400000    1.208524    1.154583  1.72e-10  3.88e-11
    0.500000    1.199496    1.721908  1.68e-10  4.68e-11
    0.600000    1.188557    1.023517  1.63e-10  5.25e-11
    0.700000    1.175764    1.622751  1.57e-10  5.85e-11
    0.800000    1.161186    1.374632  1.50e-10  6.28e-11
    0.900000    1.144904    1.245763  1.42e-10  6.63e-11
    1.000000    1.127010    1.691839  1.33e-10  6.94e-11
    1.100000    1.107609    1.000489  1.23e-10  7.12e-11
    1.200000    1.086821    1.677552  1.12e-10  7.21e-11
    1.300000    1.064777    1.277775  9.90e-11  7.21e-11
    1.400000    1.041625    1.342455  8.49e-11  7.13e-11
    1.500000    1.017531    1.642940  6.94e-11  6.96e-11
    1.600000    0.992673    1.012112  5.24e-11  6.69e-11
    1.700000    0.967253    1.714058  3.37e-11  6.34e-11
    1.800000    0.941488    1.183867  1.32e-11  5.89e-11
    1.900000    0.915617    1.437465  9.12e-12  5.34e-11
    2.000000    0.889903    1.577082  3.33e-11  4.69e-11
    2.100000    0.864126    1.020206  4.99e-04  3.63e-02
    2.200000    0.839608    1.720078  4.81e-04  1.08e-02
    2.300000    0.816160    1.162067  4.56e-04  6.10e-02
    2.400000    0.794121    1.459951  4.25e-04  6.51e-02
    2.500000    0.773841    1.558525  3.86e-04  6.15e-02
    2.600000    0.755673    1.071738  3.40e-04  5.51e-02
    2.700000    0.739958    1.731974  2.88e-04  4.44e-03
    2.800000    0.727018    1.083365  2.30e-04  4.50e-02
    2.900000    0.717135    1.544975  1.66e-04  5.58e-02
    3.000000    0.710538    1.475454  9.86e-05  6.91e-02
    3.100000    0.707384    1.147205  2.87e-05  6.71e-02
    3.200000    0.707751    1.723587  4.19e-05  1.96e-02
    3.300000    0.711631    1.027063  1.12e-04  2.27e-02
    3.400000    0.718928    1.617198  1.78e-04  4.40e-02
    3.500000    0.729468    1.382943  2.41e-04  7.28e-02
    3.600000    0.743010    1.237520  2.98e-04  7.26e-02
    3.700000    0.759263    1.695214  3.50e-04  3.40e-02
    3.800000    0.777900    1.001131  3.94e-04  3.26e-03
    3.900000    0.798575    1.673497  4.31e-04  3.05e-02
    4.000000    0.820936    1.286167  4.61e-04  7.18e-02
    4.100000    0.844634    1.334041  4.85e-04  7.23e-02
    4.200000    0.869334    1.647886  5.02e-04  4.71e-02
    4.300000    0.894716    1.009741  5.12e-04  2.86e-02
    4.400000    0.920481    1.711655  5.17e-04  1.59e-02
    4.500000    0.946351    1.191700  5.17e-04  6.48e-02
    4.600000    0.972069    1.429444  5.11e-04  6.75e-02
    4.700000    0.997399    1.583405  5.01e-04  5.83e-02
    4.800000    1.022128    1.051468  4.87e-04  4.96e-02
    4.900000    1.046059    1.730256  4.70e-04  6.66e-04
    5.000000    1.069013    1.107565  4.48e-04  5.11e-02
   ------------------------------------------------------

Final Solver Statistics:
   Steps: nsts = 2501, nstf = 250100
   u error = 3.044e-04, v error = 3.926e-02, total error = 2.776e-02
   Total RHS evals:  Fs = 12506,  Ff = 1002903
