
1D Heat PDE test problem:
  N = 201
  diffusion coefficient:  k = 0.5
        t      ||u||_rms
   -------------------------
    0.000000    0.000000
    0.100000    0.001196
    0.200000    0.001870
    0.300000    0.002247
    0.400000    0.002513
    0.500000    0.002660
    0.600000    0.002744
    0.700000    0.002795
    0.800000    0.002828
    0.900000    0.002849
    1.000000    0.002862
   -------------------------

Final Solver Statistics:
   Internal solver steps = 191 (attempted = 191)
   Total RHS evals:  Fe = 0,  Fi = 1913
   Total linear solver setups = 0
   Total linear iterations = 18265
   Total number of Jacobian-vector products = 18265
   Total number of linear solver convergence failures = 0
   Total number of Newton iterations = 955
   Total number of nonlinear solver convergence failures = 0
   Total number of error test failures = 0
