
Multirate nonlinear Kvaerno-Prothero-Robinson test problem:
    time domain:  (0,5]
    hs = 0.001
    hf = 1e-05
    G = -100
    w = 100
    e = 0.5
    solver: imexark4/exp-4 (IMEX-MRI4 / ERK-4-4) -- solve decoupled
    reltol = 1.00e-12,  abstol = 1.00e-14
        t           u           v       uerr      verr
   ------------------------------------------------------
    0.000000    1.224745    1.732051  0.00e+00  0.00e+00
    0.100000    1.223725    1.077464  1.63e-11  6.36e-13
    0.200000    1.220669    1.551800  1.60e-11  6.87e-13
    0.300000    1.215594    1.467737  1.52e-11  9.55e-13
    0.400000    1.208524    1.154583  1.51e-11  9.30e-13
    0.500000    1.199496    1.721908  1.60e-11  1.72e-12
    0.600000    1.188557    1.023517  1.48e-11  3.42e-12
    0.700000    1.175764    1.622751  1.36e-11  2.18e-12
    0.800000    1.161186    1.374632  1.23e-11  2.75e-12
    0.900000    1.144904    1.245763  1.13e-11  3.15e-12
    1.000000    1.127010    1.691839  1.30e-11  2.16e-12
    1.100000    1.107408    1.005180  2.01e-04  4.69e-03
    1.200000    1.086606    1.658960  2.14e-04  1.86e-02
    1.300000    1.064550    1.314306  2.26e-04  3.65e-02
    1.400000    1.041389    1.305877  2.37e-04  3.66e-02
    1.500000    1.017286    1.663468  2.45e-04  2.05e-02
    1.600000    0.992422    1.003663  2.52e-04  8.45e-03
    1.700000    0.966996    1.702557  2.56e-04  1.15e-02
    1.800000    0.941229    1.218405  2.59e-04  3.45e-02
    1.900000    0.915359    1.402270  2.58e-04  3.52e-02
    2.000000    0.889647    1.603726  2.55e-04  2.66e-02
    2.100000    0.864376    1.036265  2.50e-04  2.02e-02
    2.200000    0.839848    1.726929  2.41e-04  3.99e-03
    2.300000    0.816388    1.130373  2.28e-04  2.93e-02
    2.400000    0.794333    1.493240  2.12e-04  3.18e-02
    2.500000    0.774034    1.528619  1.93e-04  3.16e-02
    2.600000    0.755843    1.097836  1.70e-04  2.90e-02
    2.700000    0.740102    1.731196  1.44e-04  3.66e-03
    2.800000    0.727132    1.059048  1.15e-04  2.07e-02
    2.900000    0.717218    1.573872  8.32e-05  2.69e-02
    3.000000    0.710587    1.441466  4.95e-05  3.51e-02
    3.100000    0.707398    1.179970  1.45e-05  3.44e-02
    3.200000    0.707730    1.715207  2.08e-05  1.12e-02
    3.300000    0.711575    1.013395  5.56e-05  9.00e-03
    3.400000    0.718839    1.640412  8.90e-05  2.08e-02
    3.500000    0.729347    1.346669  1.20e-04  3.66e-02
    3.600000    0.742861    1.273575  1.49e-04  3.65e-02
    3.700000    0.759088    1.679533  1.75e-04  1.83e-02
    3.800000    0.777703    1.000267  1.97e-04  4.12e-03
    3.900000    0.798360    1.690093  2.16e-04  1.39e-02
    4.000000    0.820705    1.249911  2.31e-04  3.55e-02
    4.100000    0.844392    1.370454  2.42e-04  3.59e-02
    4.200000    0.869083    1.625488  2.51e-04  2.47e-02
    4.300000    0.894460    1.021827  2.56e-04  1.66e-02
    4.400000    0.920222    1.721009  2.59e-04  6.52e-03
    4.500000    0.946092    1.158322  2.58e-04  3.14e-02
    4.600000    0.971813    1.463842  2.56e-04  3.31e-02
    4.700000    0.997149    1.555183  2.51e-04  3.01e-02
    4.800000    1.021884    1.074571  2.44e-04  2.65e-02
    4.900000    1.045824    1.732032  2.35e-04  1.11e-03
    5.000000    1.068565    1.056480  9.98e-12  3.23e-12
   ------------------------------------------------------

Final Solver Statistics:
   Steps: nsts = 5000, nstf = 510000
   u error = 1.838e-04, v error = 2.261e-02, total error = 1.598e-02
   Total RHS evals:  Fse = 30001, Fsi = 82555,  Ff = 2070001
   Slow Newton iters = 52554
   Slow Newton conv fails = 0
   Slow Jacobian evals = 250
