
Two way coupling ODE test problem:
    initial conditions:  u0 = 0.90001,  v0 = -9.999,  w0 = 1000
    hs = 0.001,  hf = 2e-05

        t           u           v           w
   -----------------------------------------------
    0.000000    0.900010   -9.999000  1000.000000
    0.100000   -0.929838   -8.503739  904.822759
    0.200000    0.327130   -9.098925  818.723463
    0.300000    0.078695   -6.418882  740.786055
    0.400000   -0.732497   -7.448765  670.300564
    0.500000    0.903691   -5.799589  606.497722
    0.600000   -1.008239   -5.185256  548.775539
    0.700000    0.586396   -5.736752  496.558275
    0.800000   -0.159295   -3.498941  449.283028
    0.900000   -0.484725   -4.961021  406.541945
    1.000000    0.823044   -3.167333  367.837598
    1.100000   -1.023704   -3.186359  332.500253
    1.200000    0.726059   -3.662814  300.863623
    1.300000   -0.306095   -1.761513  272.214320
    1.400000   -0.312641   -3.420672  246.325502
    1.500000    0.740069   -1.581192  222.867267
    1.600000   -1.011917   -2.145309  201.663603
    1.700000    0.884237   -2.255482  182.474272
    1.800000   -0.539745   -0.798525  165.095343
    1.900000   -0.039081   -2.493621  149.400704
    2.000000    0.550249   -0.525485  135.164747
   -----------------------------------------------

Final Solver Statistics:
   Steps: nsts = 2001, nstf = 102051
   Total RHS evals:  Fs = 6004,  Ff = 410207
