
Brusselator ODE test problem, fixed-point solver:
    initial conditions:  u0 = 3,  v0 = 3,  w0 = 3.5
    problem parameters:  a = 0.5,  b = 3,  ep = 0.0005
    reltol = 1.0e-06,  abstol = 1.0e-10

        t           u           v           w
   ----------------------------------------------
    1.000000    1.889875    1.278191    2.997167
    2.000000    0.345307    2.367477    2.999482
    3.000000    0.147036    2.867814    2.999781
    4.000000    0.140875    3.268548    2.999788
    5.000000    0.142928    3.624110    2.999786
    6.000000    0.145266    3.960636    2.999782
    7.000000    0.147957    4.318236    2.999778
    8.000000    0.150743    4.659629    2.999774
    9.000000    0.153637    4.985875    2.999769
   10.000000    0.157031    5.335068    2.999764
   ----------------------------------------------

Final Solver Statistics:
   Internal solver steps = 729 (attempted = 730)
   Total RHS evals:  Fe = 4383,  Fi = 18793
   Total number of fixed-point iterations = 14410
   Total number of nonlinear solver convergence failures = 0
   Total number of error test failures = 1

