
2-species diurnal advection-diffusion problem
  10 by 10 mesh on 4 processors
  Using ARKBBDPRE preconditioner module
    Difference-quotient half-bandwidths are mudq = 10,  mldq = 10
    Retained band block half-bandwidths are mukeep = 2,  mlkeep = 2

Preconditioner type is:  jpre = SUN_PREC_LEFT

t = 7.20e+03   no. steps = 979   stepsize = 3.07e+00
At bottom left:  c1, c2 =    1.047e+04    2.527e+11 
At top right:    c1, c2 =    1.119e+04    2.700e+11 

t = 1.44e+04   no. steps = 2738   stepsize = 6.94e+00
At bottom left:  c1, c2 =    6.659e+06    2.582e+11 
At top right:    c1, c2 =    7.301e+06    2.833e+11 

t = 2.16e+04   no. steps = 3535   stepsize = 1.05e+01
At bottom left:  c1, c2 =    2.665e+07    2.993e+11 
At top right:    c1, c2 =    2.931e+07    3.313e+11 

t = 2.88e+04   no. steps = 4662   stepsize = 4.54e+00
At bottom left:  c1, c2 =    8.702e+06    3.380e+11 
At top right:    c1, c2 =    9.650e+06    3.751e+11 

t = 3.60e+04   no. steps = 5928   stepsize = 2.56e+00
At bottom left:  c1, c2 =    1.404e+04    3.387e+11 
At top right:    c1, c2 =    1.561e+04    3.765e+11 

t = 4.32e+04   no. steps = 7122   stepsize = 4.93e+02
At bottom left:  c1, c2 =   -2.094e-10    3.382e+11 
At top right:    c1, c2 =   -3.202e-07    3.804e+11 

t = 5.04e+04   no. steps = 7137   stepsize = 4.83e+02
At bottom left:  c1, c2 =    2.977e-10    3.358e+11 
At top right:    c1, c2 =   -5.576e-08    3.864e+11 

t = 5.76e+04   no. steps = 7154   stepsize = 1.24e+02
At bottom left:  c1, c2 =    2.865e-12    3.320e+11 
At top right:    c1, c2 =   -7.008e-09    3.909e+11 

t = 6.48e+04   no. steps = 7169   stepsize = 5.48e+02
At bottom left:  c1, c2 =   -2.406e-10    3.313e+11 
At top right:    c1, c2 =    5.574e-08    3.963e+11 

t = 7.20e+04   no. steps = 7182   stepsize = 5.48e+02
At bottom left:  c1, c2 =   -1.285e-17    3.330e+11 
At top right:    c1, c2 =   -3.912e-16    4.039e+11 

t = 7.92e+04   no. steps = 7195   stepsize = 5.48e+02
At bottom left:  c1, c2 =   -4.401e-20    3.334e+11 
At top right:    c1, c2 =    7.356e-19    4.120e+11 

t = 8.64e+04   no. steps = 7209   stepsize = 5.48e+02
At bottom left:  c1, c2 =   -1.312e-19    3.352e+11 
At top right:    c1, c2 =    1.743e-20    4.163e+11 


Final Statistics: 

lenrw   =  3901     leniw   =   265
lenrwls =  2455     leniwls =   126
nst     =  7209     nfe     =     0
nfe     = 75718     nfels   = 82392
nni     = 39520     nli     = 82392
nsetups =   439     netf    =    30
npe     =   121     nps     = 119708
ncfn    =     0     ncfl    =     0

In ARKBBDPRE: real/integer local work space sizes = 1300, 192
             no. flocal evals. = 2662


-------------------------------------------------------------------


Preconditioner type is:  jpre = SUN_PREC_RIGHT

t = 7.20e+03   no. steps = 981   stepsize = 3.07e+00
At bottom left:  c1, c2 =    1.047e+04    2.527e+11 
At top right:    c1, c2 =    1.119e+04    2.700e+11 

t = 1.44e+04   no. steps = 2731   stepsize = 6.90e+00
At bottom left:  c1, c2 =    6.659e+06    2.582e+11 
At top right:    c1, c2 =    7.301e+06    2.833e+11 

t = 2.16e+04   no. steps = 3533   stepsize = 1.04e+01
At bottom left:  c1, c2 =    2.665e+07    2.993e+11 
At top right:    c1, c2 =    2.931e+07    3.313e+11 

t = 2.88e+04   no. steps = 4697   stepsize = 4.20e+00
At bottom left:  c1, c2 =    8.702e+06    3.380e+11 
At top right:    c1, c2 =    9.650e+06    3.751e+11 

t = 3.60e+04   no. steps = 6012   stepsize = 2.55e+00
At bottom left:  c1, c2 =    1.404e+04    3.387e+11 
At top right:    c1, c2 =    1.561e+04    3.765e+11 

t = 4.32e+04   no. steps = 7199   stepsize = 4.72e+02
At bottom left:  c1, c2 =    1.683e-10    3.382e+11 
At top right:    c1, c2 =    1.570e-09    3.804e+11 

t = 5.04e+04   no. steps = 7217   stepsize = 5.12e+02
At bottom left:  c1, c2 =   -5.388e-09    3.358e+11 
At top right:    c1, c2 =    2.036e-09    3.864e+11 

t = 5.76e+04   no. steps = 7231   stepsize = 3.37e+02
At bottom left:  c1, c2 =   -2.173e-13    3.320e+11 
At top right:    c1, c2 =    3.693e-07    3.909e+11 

t = 6.48e+04   no. steps = 7246   stepsize = 5.10e+02
At bottom left:  c1, c2 =   -1.238e-14    3.313e+11 
At top right:    c1, c2 =    6.127e-07    3.963e+11 

t = 7.20e+04   no. steps = 7261   stepsize = 5.10e+02
At bottom left:  c1, c2 =    1.686e-15    3.330e+11 
At top right:    c1, c2 =    2.234e-09    4.039e+11 

t = 7.92e+04   no. steps = 7275   stepsize = 5.10e+02
At bottom left:  c1, c2 =   -1.449e-14    3.334e+11 
At top right:    c1, c2 =   -1.042e-06    4.120e+11 

t = 8.64e+04   no. steps = 7289   stepsize = 5.10e+02
At bottom left:  c1, c2 =    4.550e-24    3.352e+11 
At top right:    c1, c2 =   -1.138e-20    4.163e+11 


Final Statistics: 

lenrw   =  3901     leniw   =   270
lenrwls =  2455     leniwls =   126
nst     =  7289     nfe     =     0
nfe     = 76608     nfels   = 99952
nni     = 40005     nli     = 99952
nsetups =   447     netf    =    31
npe     =   123     nps     = 136597
ncfn    =     0     ncfl    =     0

In ARKBBDPRE: real/integer local work space sizes = 1300, 192
             no. flocal evals. = 2706
