
Robertson ODE test problem:
    initial conditions:  u0 = 1,  v0 = 0,  w0 = 0
        t           u           v           w
   --------------------------------------------------
   0.000e+00   1.00000e+00   0.00000e+00   0.00000e+00
   1.000e+09   1.77352e-06   7.52750e-12   9.99998e-01
   2.000e+09   1.01847e-06   4.05367e-12   9.99999e-01
   3.000e+09   6.87817e-07   2.76659e-12   9.99999e-01
   4.000e+09   4.87754e-07   1.83205e-12   1.00000e+00
   5.000e+09   3.87068e-07   1.51529e-12   1.00000e+00
   6.000e+09   3.40568e-07   9.01387e-13   1.00000e+00
   7.000e+09   2.96214e-07   1.17347e-12   1.00000e+00
   8.000e+09   2.54936e-07   9.67131e-13   1.00000e+00
   9.000e+09   2.24180e-07   9.37253e-13   1.00000e+00
   1.000e+10   2.08205e-07   8.32840e-13   1.00000e+00
   1.100e+10   1.81120e-07   7.40703e-13   1.00000e+00
   1.200e+10   1.57039e-07   2.60184e-13   1.00000e+00
   1.300e+10   1.60263e-07   2.44235e-12   1.00000e+00
   1.400e+10   1.47250e-07   5.34497e-13   1.00000e+00
   1.500e+10   1.29799e-07   2.92154e-13   1.00000e+00
   1.600e+10   1.30216e-07  -4.50139e-13   1.00000e+00
   1.700e+10   1.21500e-07   3.57918e-13   1.00000e+00
   1.800e+10   1.13695e-07   4.23224e-13   1.00000e+00
   1.900e+10   1.06705e-07   4.65109e-13   1.00000e+00
   2.000e+10   1.03745e-07   1.42207e-13   1.00000e+00
   2.100e+10   9.52802e-08   3.89916e-13   1.00000e+00
   2.200e+10   9.13297e-08   3.65391e-13   1.00000e+00
   2.300e+10   8.91716e-08   3.62914e-13   1.00000e+00
   2.400e+10   8.18361e-08   3.04651e-13   1.00000e+00
   2.500e+10   8.33360e-08   3.30691e-13   1.00000e+00
   2.600e+10   7.71618e-08   2.92347e-13   1.00000e+00
   2.700e+10   7.71628e-08   2.92320e-13   1.00000e+00
   2.800e+10   7.22069e-08   2.73467e-13   1.00000e+00
   2.900e+10   6.78500e-08   2.63286e-13   1.00000e+00
   3.000e+10   6.94467e-08  -9.11562e-14   1.00000e+00
   3.100e+10   6.63925e-08   2.57812e-13   1.00000e+00
   3.200e+10   6.48779e-08   2.56441e-13   1.00000e+00
   3.300e+10   6.29396e-08   2.50842e-13   1.00000e+00
   3.400e+10   5.92214e-08   2.38325e-13   1.00000e+00
   3.500e+10   5.95253e-08   2.26724e-13   1.00000e+00
   3.600e+10   5.66489e-08   2.26406e-13   1.00000e+00
   3.700e+10   5.45354e-08   2.17441e-13   1.00000e+00
   3.800e+10   5.48259e-08   1.11859e-13   1.00000e+00
   3.900e+10   5.25739e-08   1.82903e-13   1.00000e+00
   4.000e+10   5.13141e-08   2.05412e-13   1.00000e+00
   4.100e+10   5.01132e-08   2.00910e-13   1.00000e+00
   4.200e+10   4.91036e-08   1.94115e-13   1.00000e+00
   4.300e+10   4.81338e-08   1.92474e-13   1.00000e+00
   4.400e+10   4.53613e-08   1.80268e-13   1.00000e+00
   4.500e+10   4.62972e-08   1.70883e-13   1.00000e+00
   4.600e+10   4.28909e-08   1.17491e-13   1.00000e+00
   4.700e+10   4.43270e-08   2.00773e-13   1.00000e+00
   4.800e+10   4.34036e-08   1.66523e-13   1.00000e+00
   4.900e+10   4.14531e-08   1.91044e-13   1.00000e+00
   5.000e+10   4.16675e-08   1.24112e-13   1.00000e+00
   5.100e+10   4.01088e-08   1.56942e-13   1.00000e+00
   5.200e+10   3.93596e-08   1.52507e-13   1.00000e+00
   5.300e+10   3.86379e-08   1.53983e-13   1.00000e+00
   5.400e+10   3.70955e-08   1.37402e-13   1.00000e+00
   5.500e+10   3.78794e-08   1.44332e-13   1.00000e+00
   5.600e+10   3.72030e-08   1.33489e-13   1.00000e+00
   5.700e+10   3.56715e-08   1.19048e-13   1.00000e+00
   5.800e+10   3.59201e-08   1.27884e-13   1.00000e+00
   5.900e+10   3.21797e-08   1.27597e-13   1.00000e+00
   6.000e+10   3.47227e-08   8.77106e-14   1.00000e+00
   6.100e+10   3.41534e-08   7.29091e-14   1.00000e+00
   6.200e+10   3.36025e-08   6.67606e-14   1.00000e+00
   6.300e+10   3.30692e-08   7.33747e-14   1.00000e+00
   6.400e+10   3.25526e-08   9.68609e-14   1.00000e+00
   6.500e+10   2.93106e-08   9.87934e-14   1.00000e+00
   6.600e+10   3.15661e-08   9.76471e-14   1.00000e+00
   6.700e+10   3.10950e-08  -8.32040e-15   1.00000e+00
   6.800e+10   3.06378e-08  -1.22865e-13   1.00000e+00
   6.900e+10   3.01939e-08  -1.86891e-13   1.00000e+00
   7.000e+10   2.97626e-08  -1.41301e-13   1.00000e+00
   7.100e+10   2.93432e-08   7.30023e-14   1.00000e+00
   7.200e+10   2.88818e-08   1.08993e-13   1.00000e+00
   7.300e+10   2.84653e-08   1.13369e-13   1.00000e+00
   7.400e+10   2.75957e-08   3.33080e-14   1.00000e+00
   7.500e+10   2.77775e-08   7.27387e-13   1.00000e+00
   7.600e+10   2.73865e-08   8.62545e-14   1.00000e+00
   7.700e+10   2.70065e-08   1.04870e-13   1.00000e+00
   7.800e+10   2.66022e-08   1.06412e-13   1.00000e+00
   7.900e+10   2.62941e-08   1.04973e-13   1.00000e+00
   8.000e+10   2.59929e-08   1.03933e-13   1.00000e+00
   8.100e+10   2.49543e-08   2.49911e-13   1.00000e+00
   8.200e+10   2.54066e-08   3.50927e-13   1.00000e+00
   8.300e+10   2.51004e-08   3.88028e-13   1.00000e+00
   8.400e+10   2.39956e-08   1.94938e-13   1.00000e+00
   8.500e+10   2.45108e-08  -5.86149e-13   1.00000e+00
   8.600e+10   2.42258e-08  -6.32460e-13   1.00000e+00
   8.700e+10   2.36549e-08   3.33179e-14   1.00000e+00
   8.800e+10   2.36728e-08   1.82460e-12   1.00000e+00
   8.900e+10   2.32967e-08   9.26181e-14   1.00000e+00
   9.000e+10   2.30114e-08   9.20198e-14   1.00000e+00
   9.100e+10   2.28632e-08   9.14174e-14   1.00000e+00
   9.200e+10   2.24615e-08   6.58673e-14   1.00000e+00
   9.300e+10   2.23678e-08   8.94495e-14   1.00000e+00
   9.400e+10   2.20892e-08   8.40668e-14   1.00000e+00
   9.500e+10   2.17799e-08   8.70523e-14   1.00000e+00
   9.600e+10   2.16091e-08   8.64330e-14   1.00000e+00
   9.700e+10   2.09619e-08   7.82599e-14   1.00000e+00
   9.800e+10   2.12587e-08   1.12928e-13   1.00000e+00
   9.900e+10   2.10440e-08   1.00536e-13   1.00000e+00
   1.000e+11   2.03524e-08   5.72590e-14   1.00000e+00
   --------------------------------------------------

Final Solver Statistics:
   Internal solver steps = 278 (attempted = 402)
   Total RHS evals:  Fe = 0,  Fi = 10718
   Total linear solver setups = 415
   Total RHS evals for setting up the linear system = 0
   Total number of Jacobian evaluations = 272
   Total number of Newton iterations = 9185
   Total number of nonlinear solver convergence failures = 259
   Total number of error test failures = 1
   Total number of constraint test failures = 12
   Total number of failed steps from solver failure = 111
