
2D Heat PDE test problem:
 --------------------------------- 
  nprocs         = 4
  npx            = 2
  npy            = 2
 --------------------------------- 
  kx             = 1
  ky             = 1
  forcing        = 1
  tf             = 1
  xu             = 1
  yu             = 1
  nx             = 32
  ny             = 32
  nxl (proc 0)   = 16
  nyl (proc 0)   = 16
  dx             = 0.0322581
  dy             = 0.0322581
 --------------------------------- 
  rtol           = 1e-05
  atol           = 1e-10
  order          = 3
  fixed h        = 0
  controller     = 0
  linear         = 1
 --------------------------------- 
  linear solver  = PCG
  lin iters      = 20
  eps lin        = 0
  prec           = 1
  msbp           = 0
 --------------------------------- 
  output         = 1
 --------------------------------- 

          t                     ||u||_rms                max error      
 -----------------------------------------------------------------------
 0.000000000000000e+00    3.632812500000001e-01    0.000000000000000e+00
 5.000000000000000e-02    3.551986508856785e-01    2.454706862172862e-03
 1.000000000000000e-01    3.296221525751061e-01    2.894300903953706e-03
 1.500000000000000e-01    2.894444336580465e-01    2.833015990119092e-03
 2.000000000000000e-01    2.387097134356925e-01    2.521253551530878e-03
 2.500000000000000e-01    1.824252924076235e-01    2.077525405240976e-03
 3.000000000000000e-01    1.261158159321401e-01    1.577596742730780e-03
 3.500000000000000e-01    7.529896742327404e-02    1.082666664759396e-03
 4.000000000000000e-01    3.495151971543246e-02    6.466259787762663e-04
 4.500000000000000e-01    9.023483779425280e-03    3.131286805390029e-04
 4.999999999999999e-01    5.515023725460047e-05    1.155788329223060e-04
 5.499999999999999e-01    8.918860375183362e-03    7.361555467050307e-05
 6.000000000000000e-01    3.475275120187277e-02    1.914661367688891e-04
 6.500000000000000e-01    7.502614992580382e-02    4.579215855194663e-04
 7.000000000000001e-01    1.257965340347219e-01    8.460931533113558e-04
 7.500000000000001e-01    1.820945416011227e-01    1.319298048106765e-03
 8.000000000000002e-01    2.384090089404973e-01    1.829783233209259e-03
 8.500000000000002e-01    2.892273650016465e-01    2.327739713874011e-03
 9.000000000000002e-01    3.295755963354325e-01    2.765471448804346e-03
 9.500000000000003e-01    3.555038282782392e-01    3.099390695984749e-03
 1.000000000000000e+00    3.644741893387064e-01    3.297063866046002e-03
 -----------------------------------------------------------------------

Final integrator statistics:
  Steps            = 201
  Step attempts    = 235
  Error test fails = 34
  RHS evals        = 1648
  NLS iters        = 705
  NLS fails        = 0
  LS iters         = 13677
  LS fails         = 646
  LS setups        = 109
  LS RHS evals     = 13677
  Jv products      = 13677

  Avg NLS iters per step attempt = 3.000000
  Avg LS iters per NLS iter      = 19.400000

  Preconditioner setups = 36
  Preconditioner solves = 13677

  Max error = 3.297063866046002e-03
