
Robertson ODE test problem:
    initial conditions:  u0 = 1,  v0 = 0,  w0 = 0
        t           u           v           w
   --------------------------------------------------
   0.000e+00   1.00000e+00   0.00000e+00   0.00000e+00
   1.000e+09   1.83683e-06   7.34750e-12   9.99998e-01
   2.000e+09   9.90022e-07   3.96076e-12   9.99999e-01
   3.000e+09   6.85146e-07   2.74070e-12   9.99999e-01
   4.000e+09   4.65516e-07   1.86235e-12   1.00000e+00
   5.000e+09   4.15458e-07   1.66182e-12   1.00000e+00
   6.000e+09   3.13882e-07   1.25556e-12   1.00000e+00
   7.000e+09   2.79690e-07   1.11915e-12   1.00000e+00
   8.000e+09   2.40166e-07   9.60099e-13   1.00000e+00
   9.000e+09   2.10429e-07   8.41845e-13   1.00000e+00
   1.000e+10   1.87245e-07   7.48403e-13   1.00000e+00
   1.100e+10   1.89395e-07   7.64332e-13   1.00000e+00
   1.200e+10   1.60239e-07   6.41031e-13   1.00000e+00
   1.300e+10   1.60258e-07   6.41057e-13   1.00000e+00
   1.400e+10   1.40042e-07   5.59831e-13   1.00000e+00
   1.500e+10   1.17632e-07   4.69594e-13   1.00000e+00
   1.600e+10   1.30203e-07   4.86507e-13   1.00000e+00
   1.700e+10   1.22547e-07   4.67931e-13   1.00000e+00
   1.800e+10   1.01405e-07   4.05175e-13   1.00000e+00
   1.900e+10   1.09647e-07   4.55585e-13   1.00000e+00
   2.000e+10   1.04167e-07   4.24475e-13   1.00000e+00
   2.100e+10   8.91122e-08   3.56882e-13   1.00000e+00
   2.200e+10   9.46966e-08   3.68978e-13   1.00000e+00
   2.300e+10   9.05806e-08   3.58503e-13   1.00000e+00
   2.400e+10   7.53818e-08   3.02008e-13   1.00000e+00
   2.500e+10   8.33309e-08   3.44650e-13   1.00000e+00
   2.600e+10   8.01259e-08   3.30901e-13   1.00000e+00
   2.700e+10   7.71607e-08   3.13931e-13   1.00000e+00
   2.800e+10   6.53176e-08   2.60867e-13   1.00000e+00
   2.900e+10   7.18388e-08   2.78961e-13   1.00000e+00
   3.000e+10   6.94438e-08   2.67061e-13   1.00000e+00
   3.100e+10   6.72046e-08   2.60762e-13   1.00000e+00
   3.200e+10   5.42306e-08   2.16056e-13   1.00000e+00
   3.300e+10   6.31308e-08   2.61658e-13   1.00000e+00
   3.400e+10   6.12720e-08   2.57843e-13   1.00000e+00
   3.500e+10   5.95204e-08   2.50778e-13   1.00000e+00
   3.600e+10   5.78677e-08   2.41487e-13   1.00000e+00
   3.700e+10   5.63054e-08   2.30992e-13   1.00000e+00
   3.800e+10   5.48254e-08   2.20317e-13   1.00000e+00
   3.900e+10   4.63612e-08   1.85554e-13   1.00000e+00
   4.000e+10   5.20833e-08   2.03599e-13   1.00000e+00
   4.100e+10   5.08123e-08   1.98476e-13   1.00000e+00
   4.200e+10   4.96023e-08   1.94720e-13   1.00000e+00
   4.300e+10   4.84493e-08   1.91698e-13   1.00000e+00
   4.400e+10   4.73490e-08   1.88774e-13   1.00000e+00
   4.500e+10   4.39610e-08   1.75823e-13   1.00000e+00
   4.600e+10   4.52907e-08   1.78904e-13   1.00000e+00
   4.700e+10   4.43271e-08   1.74761e-13   1.00000e+00
   4.800e+10   4.17972e-08   1.67324e-13   1.00000e+00
   4.900e+10   4.25178e-08   1.67760e-13   1.00000e+00
   5.000e+10   3.74517e-08   1.49791e-13   1.00000e+00
   5.100e+10   4.08503e-08   1.72673e-13   1.00000e+00
   5.200e+10   4.00645e-08   1.71906e-13   1.00000e+00
   5.300e+10   3.93085e-08   1.67608e-13   1.00000e+00
   5.400e+10   3.85807e-08   1.61181e-13   1.00000e+00
   5.500e+10   3.78794e-08   1.54027e-13   1.00000e+00
   5.600e+10   3.19774e-08   1.28349e-13   1.00000e+00
   5.700e+10   3.65500e-08   1.42263e-13   1.00000e+00
   5.800e+10   3.59194e-08   1.38124e-13   1.00000e+00
   5.900e+10   3.53102e-08   1.34960e-13   1.00000e+00
   6.000e+10   3.47215e-08   1.32628e-13   1.00000e+00
   6.100e+10   3.41523e-08   1.30983e-13   1.00000e+00
   6.200e+10   3.36017e-08   1.29882e-13   1.00000e+00
   6.300e+10   3.30688e-08   1.29180e-13   1.00000e+00
   6.400e+10   3.25525e-08   1.28734e-13   1.00000e+00
   6.500e+10   3.20519e-08   1.28399e-13   1.00000e+00
   6.600e+10   2.61570e-08   1.05300e-13   1.00000e+00
   6.700e+10   3.10945e-08   1.29667e-13   1.00000e+00
   6.800e+10   3.06366e-08   1.31575e-13   1.00000e+00
   6.900e+10   3.01919e-08   1.33923e-13   1.00000e+00
   7.000e+10   2.97600e-08   1.36404e-13   1.00000e+00
   7.100e+10   2.93405e-08   1.38706e-13   1.00000e+00
   7.200e+10   2.89328e-08   1.40520e-13   1.00000e+00
   7.300e+10   2.85365e-08   1.41536e-13   1.00000e+00
   7.400e+10   2.81511e-08   1.41445e-13   1.00000e+00
   7.500e+10   2.77762e-08   1.39937e-13   1.00000e+00
   7.600e+10   2.74113e-08   1.36702e-13   1.00000e+00
   7.700e+10   2.70559e-08   1.31431e-13   1.00000e+00
   7.800e+10   2.67096e-08   1.23813e-13   1.00000e+00
   7.900e+10   2.63719e-08   1.13538e-13   1.00000e+00
   8.000e+10   2.50185e-08   9.99012e-14   1.00000e+00
   8.100e+10   2.57208e-08   9.31863e-14   1.00000e+00
   8.200e+10   2.54071e-08   9.21249e-14   1.00000e+00
   8.300e+10   2.51010e-08   9.73996e-14   1.00000e+00
   8.400e+10   2.39750e-08   9.58403e-14   1.00000e+00
   8.500e+10   2.45104e-08   1.01400e-13   1.00000e+00
   8.600e+10   2.42254e-08   9.65651e-14   1.00000e+00
   8.700e+10   2.16035e-08   8.54340e-14   1.00000e+00
   8.800e+10   2.36747e-08   9.68559e-14   1.00000e+00
   8.900e+10   2.34087e-08   9.44562e-14   1.00000e+00
   9.000e+10   2.31485e-08   9.00151e-14   1.00000e+00
   9.100e+10   2.28941e-08   8.46151e-14   1.00000e+00
   9.200e+10   2.26453e-08   7.93387e-14   1.00000e+00
   9.300e+10   2.24018e-08   7.52684e-14   1.00000e+00
   9.400e+10   2.21635e-08   7.34866e-14   1.00000e+00
   9.500e+10   2.19303e-08   7.50757e-14   1.00000e+00
   9.600e+10   2.17019e-08   8.11182e-14   1.00000e+00
   9.700e+10   2.07281e-08   8.29339e-14   1.00000e+00
   9.800e+10   2.12589e-08   9.22475e-14   1.00000e+00
   9.900e+10   2.10442e-08   8.92813e-14   1.00000e+00
   1.000e+11   2.08338e-08   8.47365e-14   1.00000e+00
   --------------------------------------------------

Final Statistics:
Current time                 = 100509725868.0247
Steps                        = 990
Step attempts                = 1170
Stability limited steps      = 0
Accuracy limited steps       = 1167
Error test fails             = 177
NLS step fails               = 3
Inequality constraint fails  = 0
Initial step size            = 1e-08
Last step size               = 4072648616.470474
Current step size            = 4072648616.470474
Explicit RHS fn evals        = 0
Implicit RHS fn evals        = 33161
NLS iters                    = 27313
NLS fails                    = 46
NLS iters per step           = 27.58888888888889
LS setups                    = 517
Jac fn evals                 = 56
LS RHS fn evals              = 0
Prec setup evals             = 0
Prec solves                  = 0
LS iters                     = 0
LS fails                     = 0
Jac-times setups             = 0
Jac-times evals              = 0
LS iters per NLS iter        = 0
Jac evals per NLS iter       = 0.002050305715227181
Prec evals per NLS iter      = 0
