
Analytical ODE test problem:
    lamda = -100
   reltol = 1.0e-06
   abstol = 1.0e-10

        t           u
   ---------------------
    1.000000    0.786149
    2.000000    1.108212
    3.000000    1.249976
    4.000000    1.326331
    5.000000    1.373447
    6.000000    1.406061
    7.000000    1.429504
    8.000000    1.446651
    9.000000    1.460490
   10.000000    1.471412
   ---------------------

Final Solver Statistics:
   Internal solver steps = 559 (attempted = 559)
   Total RHS evals:  Fe = 0,  Fi = 5593
   Total linear solver setups = 25
   Total RHS evals for setting up the linear system = 0
   Total number of Jacobian evaluations = 5
   Total number of Newton iterations = 2795
   Total number of linear solver convergence failures = 0
   Total number of error test failures = 0


SUNDIALS_WARNING: check_ans error=193.066

