
Multirate nonlinear Kvaerno-Prothero-Robinson test problem:
    time domain:  (0,5]
    hs = 0.002
    hf = 2e-05
    G = -100
    w = 100
    e = 0.5
    solver: dirk-2/none (dirk slow, no fast)
    reltol = 4.00e-06,  abstol = 1.00e-11
        t           u           v       uerr      verr
   ------------------------------------------------------
    0.000000    1.224745    1.732051  0.00e+00  0.00e+00
    0.100000    1.223734    1.079428  9.43e-06  1.96e-03
    0.200000    1.220669    1.551975  3.21e-07  1.75e-04
    0.300000    1.215599    1.468008  5.52e-06  2.71e-04
    0.400000    1.208526    1.155919  2.23e-06  1.34e-03
    0.500000    1.199497    1.721561  8.79e-07  3.47e-04
    0.600000    1.188564    1.025537  7.38e-06  2.02e-03
    0.700000    1.175763    1.622485  1.23e-06  2.66e-04
    0.800000    1.161186    1.374900  2.52e-07  2.68e-04
    0.900000    1.144904    1.246450  1.12e-07  6.87e-04
    1.000000    1.127010    1.691322  5.38e-07  5.17e-04
    1.100000    1.107615    1.002500  5.42e-06  2.01e-03
    1.200000    1.086818    1.677003  2.06e-06  5.49e-04
    1.300000    1.064782    1.278198  5.48e-06  4.23e-04
    1.400000    1.041624    1.342655  1.37e-06  2.00e-04
    1.500000    1.017531    1.642375  7.35e-07  5.65e-04
    1.600000    0.992677    1.013911  3.39e-06  1.80e-03
    1.700000    0.967249    1.713353  3.48e-06  7.05e-04
    1.800000    0.941493    1.184579  5.35e-06  7.12e-04
    1.900000    0.915615    1.437305  2.35e-06  1.61e-04
    2.000000    0.889904    1.576564  1.28e-06  5.18e-04
    2.100000    0.864129    1.021869  4.96e-04  3.46e-02
    2.200000    0.839605    1.719294  4.84e-04  1.16e-02
    2.300000    0.816165    1.162823  4.51e-04  6.18e-02
    2.400000    0.794118    1.459678  4.28e-04  6.54e-02
    2.500000    0.773843    1.557994  3.85e-04  6.10e-02
    2.600000    0.755673    1.073010  3.39e-04  5.38e-02
    2.700000    0.739956    1.731128  2.90e-04  3.59e-03
    2.800000    0.727023    1.084525  2.24e-04  4.61e-02
    2.900000    0.717132    1.544470  1.69e-04  5.63e-02
    3.000000    0.710535    1.475097  1.01e-04  6.87e-02
    3.100000    0.707383    1.148012  2.91e-05  6.63e-02
    3.200000    0.707750    1.722725  4.02e-05  1.87e-02
    3.300000    0.711636    1.028592  1.17e-04  2.42e-02
    3.400000    0.718925    1.616522  1.75e-04  4.47e-02
    3.500000    0.729471    1.382808  2.44e-04  7.27e-02
    3.600000    0.743009    1.237898  2.97e-04  7.22e-02
    3.700000    0.759262    1.694381  3.48e-04  3.31e-02
    3.800000    0.777904    1.002854  3.98e-04  1.53e-03
    3.900000    0.798571    1.672722  4.27e-04  3.13e-02
    4.000000    0.820940    1.286331  4.66e-04  7.20e-02
    4.100000    0.844632    1.334060  4.83e-04  7.23e-02
    4.200000    0.869334    1.647125  5.01e-04  4.64e-02
    4.300000    0.894719    1.011388  5.15e-04  2.70e-02
    4.400000    0.920478    1.710801  5.14e-04  1.67e-02
    4.500000    0.946356    1.192237  5.22e-04  6.54e-02
    4.600000    0.972066    1.429179  5.08e-04  6.78e-02
    4.700000    0.997400    1.582759  5.02e-04  5.77e-02
    4.800000    1.022129    1.052822  4.89e-04  4.82e-02
    4.900000    1.046056    1.729362  4.67e-04  1.56e-03
    5.000000    1.069019    1.108532  4.54e-04  5.21e-02
   ------------------------------------------------------

Final Solver Statistics:
   Steps: nsts = 2501, nstf = 250100
   u error = 3.045e-04, v error = 3.919e-02, total error = 2.771e-02
   Total RHS evals:  Fs = 7143,  Ff = 755303
   Slow Newton iters = 4641
   Slow Newton conv fails = 0
   Slow Jacobian evals = 126
