

Demonstration program for ARKODE - SPGMR linear solver

Food web problem with ns species, ns = 6
Predator-prey interaction and diffusion on a 2-D square

Matrix parameters: a = 1   e = 1e+04   g = 5e-07
b parameter = 1
Diffusion coefficients: Dprey = 1   Dpred = 0.5
Rate parameter alpha = 1

Mesh dimensions (mx,my) are 6, 6.  Total system size is neq = 216 

Tolerances: reltol = 1e-05, abstol = 1e-05 

Preconditioning uses a product of:
  (1) Gauss-Seidel iterations with itmax = 5 iterations, and
  (2) interaction-only block-diagonal matrix with block-grouping
  Number of diagonal block groups = ngrp = 4  (ngx by ngy, ngx = 2, ngy = 2)


----------------------------------------------------------------------------


Preconditioner type is           jpre = SUN_PREC_LEFT

Gram-Schmidt method type is    gstype = SUN_MODIFIED_GS


c values at t = 0:

Species 1
10        10        10        10        10        10        
10        10.1678   10.3775   10.3775   10.1678   10        
10        10.3775   10.8493   10.8493   10.3775   10        
10        10.3775   10.8493   10.8493   10.3775   10        
10        10.1678   10.3775   10.3775   10.1678   10        
10        10        10        10        10        10        

Species 2
10        10        10        10        10        10        
10        10.3355   10.755    10.755    10.3355   10        
10        10.755    11.6987   11.6987   10.755    10        
10        10.755    11.6987   11.6987   10.755    10        
10        10.3355   10.755    10.755    10.3355   10        
10        10        10        10        10        10        

Species 3
10        10        10        10        10        10        
10        10.5033   11.1325   11.1325   10.5033   10        
10        11.1325   12.548    12.548    11.1325   10        
10        11.1325   12.548    12.548    11.1325   10        
10        10.5033   11.1325   11.1325   10.5033   10        
10        10        10        10        10        10        

Species 4
10        10        10        10        10        10        
10        10.6711   11.5099   11.5099   10.6711   10        
10        11.5099   13.3974   13.3974   11.5099   10        
10        11.5099   13.3974   13.3974   11.5099   10        
10        10.6711   11.5099   11.5099   10.6711   10        
10        10        10        10        10        10        

Species 5
10        10        10        10        10        10        
10        10.8389   11.8874   11.8874   10.8389   10        
10        11.8874   14.2467   14.2467   11.8874   10        
10        11.8874   14.2467   14.2467   11.8874   10        
10        10.8389   11.8874   11.8874   10.8389   10        
10        10        10        10        10        10        

Species 6
10        10        10        10        10        10        
10        11.0066   12.2649   12.2649   11.0066   10        
10        12.2649   15.0961   15.0961   12.2649   10        
10        12.2649   15.0961   15.0961   12.2649   10        
10        11.0066   12.2649   12.2649   11.0066   10        
10        10        10        10        10        10        

t =   1.00e-08  nst = 5  nfe = 0  nfi = 75  nni = 47  hu =    9.89e-08

t =   1.00e-07  nst = 5  nfe = 0  nfi = 75  nni = 47  hu =    9.89e-08

t =   1.00e-06  nst = 8  nfe = 0  nfi = 120  nni = 77  hu =    4.79e-07

c values at t = 1e-06:

Species 1
9.99988   9.9999    9.99991   9.99991   9.9999    9.9999    
9.99989   10.1677   10.3774   10.3774   10.1677   9.9999    
9.99991   10.3774   10.8492   10.8492   10.3774   9.99991   
9.99991   10.3774   10.8492   10.8492   10.3774   9.99991   
9.99989   10.1677   10.3774   10.3774   10.1677   9.9999    
9.99988   9.99989   9.99991   9.99991   9.99989   9.99988   

Species 2
9.99988   9.99991   9.99994   9.99994   9.99991   9.9999    
9.9999    10.3354   10.7548   10.7548   10.3354   9.99991   
9.99993   10.7548   11.6985   11.6985   10.7548   9.99994   
9.99993   10.7548   11.6985   11.6985   10.7548   9.99994   
9.9999    10.3354   10.7548   10.7548   10.3354   9.99991   
9.99988   9.9999    9.99993   9.99993   9.9999    9.99988   

Species 3
9.99988   9.99992   9.99996   9.99996   9.99993   9.9999    
9.99991   10.5032   11.1323   11.1323   10.5032   9.99993   
9.99996   11.1323   12.5478   12.5478   11.1323   9.99996   
9.99996   11.1323   12.5478   12.5478   11.1323   9.99996   
9.99991   10.5032   11.1323   11.1323   10.5032   9.99992   
9.99988   9.99991   9.99996   9.99996   9.99991   9.99988   

Species 4
14.8205   14.8206   14.8206   14.8206   14.8206   14.8205   
14.8206   16.0253   17.5726   17.5726   16.0253   14.8206   
14.8206   17.5726   21.2277   21.2277   17.5726   14.8206   
14.8206   17.5726   21.2277   21.2277   17.5726   14.8206   
14.8206   16.0253   17.5726   17.5726   16.0253   14.8206   
14.8205   14.8206   14.8206   14.8206   14.8206   14.8205   

Species 5
14.8205   14.8206   14.8206   14.8206   14.8206   14.8205   
14.8206   16.2772   18.1489   18.1489   16.2772   14.8206   
14.8206   18.1489   22.5734   22.5734   18.1489   14.8206   
14.8206   18.1489   22.5735   22.5734   18.1489   14.8206   
14.8206   16.2772   18.1489   18.1489   16.2772   14.8206   
14.8205   14.8206   14.8206   14.8206   14.8206   14.8205   

Species 6
14.8205   14.8206   14.8207   14.8207   14.8206   14.8205   
14.8206   16.5292   18.7252   18.7252   16.5292   14.8206   
14.8207   18.7252   23.9192   23.9192   18.7252   14.8207   
14.8207   18.7252   23.9192   23.9192   18.7252   14.8207   
14.8206   16.5292   18.7252   18.7252   16.5292   14.8206   
14.8205   14.8206   14.8207   14.8207   14.8206   14.8205   

t =   1.00e-05  nst = 27  nfe = 0  nfi = 407  nni = 269  hu =    4.79e-07

t =   1.00e-04  nst = 106  nfe = 0  nfi = 1688  nni = 1155  hu =    1.70e-05

t =   1.00e-03  nst = 110  nfe = 0  nfi = 1750  nni = 1197  hu =    1.51e-03

c values at t = 0.001:

Species 1
9.80625   9.82494   9.84805   9.85213   9.83714   9.82617   
9.82104   9.97283   10.1671   10.1705   9.98283   9.83714   
9.84003   10.1628   10.5766   10.5792   10.1705   9.85213   
9.83999   10.162    10.5748   10.5766   10.1671   9.84805   
9.82091   9.97032   10.162    10.1628   9.97283   9.82494   
9.80605   9.82091   9.83999   9.84003   9.82104   9.80625   

Species 2
9.8079    9.84143   9.8836    9.88769   9.85365   9.82781   
9.83752   10.1381   10.5233   10.5268   10.1483   9.85365   
9.87556   10.5189   11.3427   11.3455   10.5268   9.88769   
9.87552   10.518    11.3408   11.3427   10.5233   9.8836    
9.83739   10.1356   10.518    10.5189   10.1381   9.84143   
9.80769   9.83739   9.87552   9.87556   9.83752   9.8079    

Species 3
9.80954   9.85791   9.91913   9.92323   9.87015   9.82946   
9.854     10.3033   10.8789   10.8825   10.3136   9.87015   
9.91106   10.8744   12.1062   12.1092   10.8825   9.92323   
9.91102   10.8735   12.1042   12.1062   10.8789   9.91913   
9.85387   10.3007   10.8735   10.8744   10.3033   9.85791   
9.80934   9.85387   9.91102   9.91106   9.854     9.80954   

Species 4
294245    295250    296514    296636    295615    294841    
295133    304151    315702    315807    304455    295615    
296273    315571    340266    340351    315807    296636    
296272    315544    340210    340266    315702    296514    
295129    304075    315544    315571    304151    295250    
294239    295129    296272    296273    295133    294245    

Species 5
294245    295250    296514    296636    295615    294841    
295133    304151    315702    315807    304455    295615    
296273    315571    340266    340351    315807    296636    
296272    315544    340210    340266    315702    296514    
295129    304075    315544    315571    304151    295250    
294239    295129    296272    296273    295133    294245    

Species 6
294245    295250    296514    296636    295615    294841    
295133    304151    315702    315807    304455    295615    
296273    315571    340266    340351    315807    296636    
296272    315544    340210    340266    315702    296514    
295129    304075    315544    315571    304151    295250    
294239    295129    296272    296273    295133    294245    

t =   1.00e-02  nst = 113  nfe = 0  nfi = 1797  nni = 1229  hu =    3.46e-03

t =   1.00e-01  nst = 127  nfe = 0  nfi = 2024  nni = 1386  hu =    1.28e-02

t =   1.00e+00  nst = 154  nfe = 0  nfi = 2489  nni = 1716  hu =    6.84e-02

c values at t = 1:

Species 1
1.55786   1.5684    1.59032   1.61602   1.63837   1.64931   
1.55472   1.56426   1.58438   1.60803   1.62851   1.63837   
1.54707   1.55484   1.57149   1.59114   1.60803   1.61602   
1.53784   1.54366   1.5564    1.57149   1.58438   1.59032   
1.53022   1.53431   1.54366   1.55484   1.56426   1.5684    
1.52711   1.53022   1.53784   1.54707   1.55472   1.55786   

Species 2
1.55982   1.57037   1.59231   1.61805   1.64042   1.65137   
1.55667   1.56623   1.58636   1.61004   1.63054   1.64042   
1.54902   1.5568    1.57347   1.59313   1.61004   1.61805   
1.53978   1.5456    1.55835   1.57347   1.58636   1.59231   
1.53216   1.53624   1.5456    1.5568    1.56623   1.57037   
1.52904   1.53216   1.53978   1.54902   1.55667   1.55982   

Species 3
1.56167   1.57224   1.59419   1.61995   1.64235   1.65331   
1.55852   1.56809   1.58824   1.61195   1.63246   1.64235   
1.55086   1.55865   1.57533   1.59501   1.61195   1.61995   
1.54161   1.54744   1.56021   1.57533   1.58824   1.59419   
1.53398   1.53807   1.54744   1.55865   1.56809   1.57224   
1.53087   1.53398   1.54161   1.55086   1.55852   1.56167   

Species 4
46792.9   47109.3   47767.1   48538.9   49209.7   49538     
46698.7   46985     47588.8   48299     48913.7   49209.7   
46468.9   46702.3   47202.1   47791.8   48299     48538.9   
46191.7   46366.4   46748.8   47202.1   47588.8   47767.1   
45963.1   46085.7   46366.4   46702.3   46985     47109.3   
45869.8   45963.1   46191.7   46468.9   46698.7   46792.9   

Species 5
46792.9   47109.3   47767.1   48538.9   49209.7   49538     
46698.7   46985     47588.8   48299     48913.7   49209.7   
46468.9   46702.3   47202.1   47791.8   48299     48538.9   
46191.7   46366.4   46748.8   47202.1   47588.8   47767.1   
45963.1   46085.7   46366.4   46702.3   46985     47109.3   
45869.8   45963.1   46191.7   46468.9   46698.7   46792.9   

Species 6
46792.9   47109.3   47767.1   48538.9   49209.7   49538     
46698.7   46985     47588.8   48299     48913.7   49209.7   
46468.9   46702.3   47202.1   47791.8   48299     48538.9   
46191.7   46366.4   46748.8   47202.1   47588.8   47767.1   
45963.1   46085.7   46366.4   46702.3   46985     47109.3   
45869.8   45963.1   46191.7   46468.9   46698.7   46792.9   

t =   2.00e+00  nst = 165  nfe = 0  nfi = 2661  nni = 1833  hu =    4.14e-02

t =   3.00e+00  nst = 177  nfe = 0  nfi = 2848  nni = 1960  hu =    1.08e-01

t =   4.00e+00  nst = 187  nfe = 0  nfi = 3013  nni = 2073  hu =    1.23e-01

c values at t = 4:

Species 1
1.19513   1.20345   1.22087   1.24134   1.25911   1.26776   
1.19258   1.20012   1.21613   1.235     1.2513    1.25911   
1.18635   1.19251   1.2058    1.2215    1.235     1.24134   
1.17882   1.18346   1.19367   1.2058    1.21613   1.22087   
1.17262   1.1759    1.18346   1.19251   1.20012   1.20345   
1.1701    1.17262   1.17882   1.18635   1.19258   1.19513   

Species 2
1.19516   1.20348   1.2209    1.24137   1.25915   1.2678    
1.19261   1.20016   1.21616   1.23503   1.25134   1.25915   
1.18638   1.19254   1.20583   1.22154   1.23503   1.24137   
1.17885   1.18349   1.1937    1.20583   1.21616   1.2209    
1.17265   1.17593   1.18349   1.19254   1.20016   1.20348   
1.17013   1.17265   1.17885   1.18638   1.19261   1.19516   

Species 3
1.19519   1.20352   1.22093   1.2414    1.25918   1.26783   
1.19264   1.20019   1.21619   1.23506   1.25137   1.25918   
1.18641   1.19257   1.20586   1.22157   1.23506   1.2414    
1.17888   1.18352   1.19373   1.20586   1.21619   1.22093   
1.17268   1.17597   1.18352   1.19257   1.20019   1.20352   
1.17016   1.17268   1.17888   1.18641   1.19264   1.19519   

Species 4
35853.8   36103.4   36625.5   37239.4   37772.3   38031.5   
35777.4   36003.6   36483.5   37049.3   37538.3   37772.3   
35590.4   35775.2   36173.7   36644.7   37049.3   37239.4   
35364.7   35503.6   35809.9   36173.7   36483.5   36625.5   
35178.7   35277.1   35503.6   35775.2   36003.6   36103.4   
35103     35178.7   35364.7   35590.4   35777.4   35853.8   

Species 5
35853.8   36103.4   36625.5   37239.4   37772.3   38031.5   
35777.4   36003.6   36483.5   37049.3   37538.3   37772.3   
35590.4   35775.2   36173.7   36644.7   37049.3   37239.4   
35364.7   35503.6   35809.9   36173.7   36483.5   36625.5   
35178.7   35277.1   35503.6   35775.2   36003.6   36103.4   
35103     35178.7   35364.7   35590.4   35777.4   35853.8   

Species 6
35853.8   36103.4   36625.5   37239.4   37772.3   38031.5   
35777.4   36003.6   36483.5   37049.3   37538.3   37772.3   
35590.4   35775.2   36173.7   36644.7   37049.3   37239.4   
35364.7   35503.6   35809.9   36173.7   36483.5   36625.5   
35178.7   35277.1   35503.6   35775.2   36003.6   36103.4   
35103     35178.7   35364.7   35590.4   35777.4   35853.8   

t =   5.00e+00  nst = 198  nfe = 0  nfi = 3179  nni = 2182  hu =    9.99e-02

t =   6.00e+00  nst = 207  nfe = 0  nfi = 3336  nni = 2284  hu =    9.66e-02

t =   7.00e+00  nst = 216  nfe = 0  nfi = 3477  nni = 2375  hu =    1.51e-01

c values at t = 7:

Species 1
1.18853   1.19681   1.21414   1.23452   1.2522    1.26081   
1.18599   1.1935    1.20943   1.2282    1.24443   1.2522    
1.17979   1.18592   1.19915   1.21478   1.2282    1.23452   
1.1723    1.17691   1.18707   1.19915   1.20943   1.21414   
1.16613   1.16939   1.17691   1.18592   1.1935    1.19681   
1.16362   1.16613   1.1723    1.17979   1.18599   1.18853   

Species 2
1.18853   1.19681   1.21414   1.23452   1.2522    1.26081   
1.18599   1.1935    1.20943   1.22821   1.24443   1.2522    
1.17979   1.18592   1.19915   1.21478   1.22821   1.23452   
1.1723    1.17691   1.18708   1.19915   1.20943   1.21414   
1.16613   1.16939   1.17691   1.18592   1.1935    1.19681   
1.16362   1.16613   1.1723    1.17979   1.18599   1.18853   

Species 3
1.18853   1.19682   1.21414   1.23452   1.25221   1.26081   
1.18599   1.1935    1.20943   1.22821   1.24443   1.25221   
1.17979   1.18593   1.19915   1.21478   1.22821   1.23452   
1.1723    1.17691   1.18708   1.19915   1.20943   1.21414   
1.16613   1.16939   1.17691   1.18593   1.1935    1.19682   
1.16362   1.16613   1.1723    1.17979   1.18599   1.18853   

Species 4
35655.4   35903     36423.3   37033.7   37564.2   37822.2   
35578.6   35804.2   36281.3   36844.8   37330.8   37564.2   
35393.2   35576.2   35973.6   36441.7   36844.8   37033.7   
35167.7   35306.6   35610.7   35973.6   36281.3   36423.3   
34983.4   35080.5   35306.6   35576.2   35804.2   35903     
34907.3   34983.4   35167.7   35393.2   35578.6   35655.4   

Species 5
35655.4   35903     36423.3   37033.7   37564.2   37822.2   
35578.6   35804.2   36281.3   36844.8   37330.8   37564.2   
35393.2   35576.2   35973.6   36441.7   36844.8   37033.7   
35167.7   35306.6   35610.7   35973.6   36281.3   36423.3   
34983.4   35080.5   35306.6   35576.2   35804.2   35903     
34907.3   34983.4   35167.7   35393.2   35578.6   35655.4   

Species 6
35655.4   35903     36423.3   37033.7   37564.2   37822.2   
35578.6   35804.2   36281.3   36844.8   37330.8   37564.2   
35393.2   35576.2   35973.6   36441.7   36844.8   37033.7   
35167.7   35306.6   35610.7   35973.6   36281.3   36423.3   
34983.4   35080.5   35306.6   35576.2   35804.2   35903     
34907.3   34983.4   35167.7   35393.2   35578.6   35655.4   

t =   8.00e+00  nst = 232  nfe = 0  nfi = 3780  nni = 2567  hu =    1.06e-01

t =   9.00e+00  nst = 249  nfe = 0  nfi = 4075  nni = 2742  hu =    8.61e-02

t =   1.00e+01  nst = 266  nfe = 0  nfi = 4394  nni = 2941  hu =    8.37e-02

c values at t = 10:

Species 1
1.18838   1.19667   1.21399   1.23437   1.25205   1.26066   
1.18585   1.19335   1.20928   1.22805   1.24428   1.25205   
1.17964   1.18578   1.199     1.21463   1.22805   1.23437   
1.17215   1.17676   1.18693   1.199     1.20928   1.21399   
1.16598   1.16925   1.17676   1.18578   1.19335   1.19667   
1.16347   1.16598   1.17215   1.17964   1.18585   1.18838   

Species 2
1.18838   1.19667   1.21399   1.23437   1.25205   1.26066   
1.18585   1.19335   1.20928   1.22805   1.24428   1.25205   
1.17964   1.18578   1.199     1.21463   1.22805   1.23437   
1.17215   1.17676   1.18693   1.199     1.20928   1.21399   
1.16598   1.16925   1.17676   1.18578   1.19335   1.19667   
1.16347   1.16598   1.17215   1.17964   1.18585   1.18838   

Species 3
1.18838   1.19667   1.21399   1.23437   1.25205   1.26066   
1.18585   1.19335   1.20928   1.22805   1.24428   1.25205   
1.17964   1.18578   1.199     1.21463   1.22805   1.23437   
1.17215   1.17676   1.18693   1.199     1.20928   1.21399   
1.16598   1.16925   1.17676   1.18578   1.19335   1.19667   
1.16347   1.16598   1.17215   1.17964   1.18585   1.18838   

Species 4
35650.6   35898.8   36418.4   37029.2   37559.5   37817.3   
35574.5   35799.5   36277.1   36840     37326.6   37559.5   
35388.4   35572.3   35968.7   36437.5   36840     37029.2   
35163.7   35301.9   35606.7   35968.7   36277.1   36418.4   
34978.6   35076.5   35301.9   35572.3   35799.5   35898.8   
34903.3   34978.6   35163.7   35388.4   35574.5   35650.6   

Species 5
35650.6   35898.8   36418.4   37029.2   37559.5   37817.3   
35574.5   35799.5   36277.1   36840     37326.6   37559.5   
35388.4   35572.3   35968.7   36437.5   36840     37029.2   
35163.7   35301.9   35606.7   35968.7   36277.1   36418.4   
34978.6   35076.5   35301.9   35572.3   35799.5   35898.8   
34903.3   34978.6   35163.7   35388.4   35574.5   35650.6   

Species 6
35650.6   35898.8   36418.4   37029.2   37559.5   37817.3   
35574.5   35799.5   36277.1   36840     37326.6   37559.5   
35388.4   35572.3   35968.7   36437.5   36840     37029.2   
35163.7   35301.9   35606.7   35968.7   36277.1   36418.4   
34978.6   35076.5   35301.9   35572.3   35799.5   35898.8   
34903.3   34978.6   35163.7   35388.4   35574.5   35650.6   



 Final statistics for this run:

 ARKStep real workspace length         = 3773 
 ARKStep integer workspace length      =  130 
 ARKLS real workspace length           = 2647 
 ARKLS integer workspace length        =   42 
 Number of steps                       =  266 
 Number of f-s (explicit)              =    0 
 Number of f-s (implicit)              = 4394 
 Number of f-s (SPGMR)                 = 8980 
 Number of f-s (TOTAL)                 = 8980 
 Number of setups                      =  121 
 Number of nonlinear iterations        = 2941 
 Number of linear iterations           = 8980 
 Number of preconditioner evaluations  =  121 
 Number of preconditioner solves       = 11819 
 Number of error test failures         =   23 
 Number of nonlinear conv. failures    =   17 
 Number of linear convergence failures =  509 
 Average Krylov subspace dimension     = 3.053 


----------------------------------------------------------------------------
----------------------------------------------------------------------------


Preconditioner type is           jpre = SUN_PREC_LEFT

Gram-Schmidt method type is    gstype = SUN_CLASSICAL_GS


t =   1.00e-08  nst = 5  nfe = 0  nfi = 75  nni = 47  hu =    9.89e-08

t =   1.00e-07  nst = 5  nfe = 0  nfi = 75  nni = 47  hu =    9.89e-08

t =   1.00e-06  nst = 8  nfe = 0  nfi = 120  nni = 77  hu =    4.79e-07

t =   1.00e-05  nst = 27  nfe = 0  nfi = 407  nni = 269  hu =    4.79e-07

t =   1.00e-04  nst = 106  nfe = 0  nfi = 1688  nni = 1155  hu =    1.70e-05

t =   1.00e-03  nst = 110  nfe = 0  nfi = 1750  nni = 1197  hu =    1.51e-03

t =   1.00e-02  nst = 113  nfe = 0  nfi = 1797  nni = 1229  hu =    3.46e-03

t =   1.00e-01  nst = 127  nfe = 0  nfi = 2024  nni = 1386  hu =    1.28e-02

t =   1.00e+00  nst = 154  nfe = 0  nfi = 2491  nni = 1718  hu =    7.60e-02

t =   2.00e+00  nst = 169  nfe = 0  nfi = 2746  nni = 1896  hu =    8.04e-02

t =   3.00e+00  nst = 181  nfe = 0  nfi = 2950  nni = 2036  hu =    1.01e-01

t =   4.00e+00  nst = 189  nfe = 0  nfi = 3073  nni = 2119  hu =    1.33e-01

t =   5.00e+00  nst = 199  nfe = 0  nfi = 3242  nni = 2227  hu =    9.38e-02

t =   6.00e+00  nst = 211  nfe = 0  nfi = 3442  nni = 2352  hu =    1.13e-01

t =   7.00e+00  nst = 220  nfe = 0  nfi = 3612  nni = 2457  hu =    1.07e-01

t =   8.00e+00  nst = 229  nfe = 0  nfi = 3747  nni = 2537  hu =    1.33e-01

t =   9.00e+00  nst = 239  nfe = 0  nfi = 3897  nni = 2622  hu =    8.98e-02

t =   1.00e+01  nst = 251  nfe = 0  nfi = 4101  nni = 2746  hu =    7.09e-02



 Final statistics for this run:

 ARKStep real workspace length         = 3773 
 ARKStep integer workspace length      =  135 
 ARKLS real workspace length           = 2647 
 ARKLS integer workspace length        =   42 
 Number of steps                       =  251 
 Number of f-s (explicit)              =    0 
 Number of f-s (implicit)              = 4101 
 Number of f-s (SPGMR)                 = 8880 
 Number of f-s (TOTAL)                 = 8880 
 Number of setups                      =   91 
 Number of nonlinear iterations        = 2746 
 Number of linear iterations           = 8880 
 Number of preconditioner evaluations  =   91 
 Number of preconditioner solves       = 11537 
 Number of error test failures         =   18 
 Number of nonlinear conv. failures    =   13 
 Number of linear convergence failures =  597 
 Average Krylov subspace dimension     = 3.234 


----------------------------------------------------------------------------
----------------------------------------------------------------------------


Preconditioner type is           jpre = SUN_PREC_RIGHT

Gram-Schmidt method type is    gstype = SUN_MODIFIED_GS


t =   1.00e-08  nst = 5  nfe = 0  nfi = 75  nni = 47  hu =    9.89e-08

t =   1.00e-07  nst = 5  nfe = 0  nfi = 75  nni = 47  hu =    9.89e-08

t =   1.00e-06  nst = 8  nfe = 0  nfi = 120  nni = 77  hu =    4.79e-07

t =   1.00e-05  nst = 27  nfe = 0  nfi = 407  nni = 269  hu =    4.79e-07

t =   1.00e-04  nst = 106  nfe = 0  nfi = 1688  nni = 1155  hu =    1.70e-05

t =   1.00e-03  nst = 110  nfe = 0  nfi = 1750  nni = 1197  hu =    1.50e-03

t =   1.00e-02  nst = 113  nfe = 0  nfi = 1797  nni = 1229  hu =    3.42e-03

t =   1.00e-01  nst = 127  nfe = 0  nfi = 2023  nni = 1385  hu =    1.23e-02

t =   1.00e+00  nst = 166  nfe = 0  nfi = 2714  nni = 1875  hu =    2.40e-02

t =   2.00e+00  nst = 214  nfe = 0  nfi = 3550  nni = 2460  hu =    2.34e-02

t =   3.00e+00  nst = 249  nfe = 0  nfi = 4111  nni = 2846  hu =    3.57e-02

t =   4.00e+00  nst = 272  nfe = 0  nfi = 4472  nni = 3092  hu =    5.08e-02

t =   5.00e+00  nst = 297  nfe = 0  nfi = 4851  nni = 3346  hu =    5.15e-02

t =   6.00e+00  nst = 315  nfe = 0  nfi = 5117  nni = 3522  hu =    6.89e-02

t =   7.00e+00  nst = 328  nfe = 0  nfi = 5302  nni = 3642  hu =    9.31e-02

t =   8.00e+00  nst = 339  nfe = 0  nfi = 5458  nni = 3743  hu =    9.71e-02

t =   9.00e+00  nst = 348  nfe = 0  nfi = 5576  nni = 3816  hu =    1.35e-01

t =   1.00e+01  nst = 359  nfe = 0  nfi = 5722  nni = 3907  hu =    1.30e-01



 Final statistics for this run:

 ARKStep real workspace length         = 3773 
 ARKStep integer workspace length      =  140 
 ARKLS real workspace length           = 2647 
 ARKLS integer workspace length        =   42 
 Number of steps                       =  359 
 Number of f-s (explicit)              =    0 
 Number of f-s (implicit)              = 5722 
 Number of f-s (SPGMR)                 = 12905 
 Number of f-s (TOTAL)                 = 12905 
 Number of setups                      =  253 
 Number of nonlinear iterations        = 3907 
 Number of linear iterations           = 12905 
 Number of preconditioner evaluations  =  253 
 Number of preconditioner solves       = 16591 
 Number of error test failures         =    0 
 Number of nonlinear conv. failures    =  117 
 Number of linear convergence failures = 1058 
 Average Krylov subspace dimension     = 3.303 


----------------------------------------------------------------------------
----------------------------------------------------------------------------


Preconditioner type is           jpre = SUN_PREC_RIGHT

Gram-Schmidt method type is    gstype = SUN_CLASSICAL_GS


t =   1.00e-08  nst = 5  nfe = 0  nfi = 75  nni = 47  hu =    9.89e-08

t =   1.00e-07  nst = 5  nfe = 0  nfi = 75  nni = 47  hu =    9.89e-08

t =   1.00e-06  nst = 8  nfe = 0  nfi = 120  nni = 77  hu =    4.79e-07

t =   1.00e-05  nst = 27  nfe = 0  nfi = 407  nni = 269  hu =    4.79e-07

t =   1.00e-04  nst = 106  nfe = 0  nfi = 1688  nni = 1155  hu =    1.70e-05

t =   1.00e-03  nst = 110  nfe = 0  nfi = 1750  nni = 1197  hu =    1.50e-03

t =   1.00e-02  nst = 113  nfe = 0  nfi = 1797  nni = 1229  hu =    3.42e-03

t =   1.00e-01  nst = 127  nfe = 0  nfi = 2023  nni = 1385  hu =    1.23e-02

t =   1.00e+00  nst = 166  nfe = 0  nfi = 2714  nni = 1875  hu =    2.40e-02

t =   2.00e+00  nst = 214  nfe = 0  nfi = 3556  nni = 2465  hu =    2.34e-02

t =   3.00e+00  nst = 249  nfe = 0  nfi = 4117  nni = 2851  hu =    3.57e-02

t =   4.00e+00  nst = 272  nfe = 0  nfi = 4478  nni = 3097  hu =    5.08e-02

t =   5.00e+00  nst = 297  nfe = 0  nfi = 4857  nni = 3351  hu =    5.14e-02

t =   6.00e+00  nst = 315  nfe = 0  nfi = 5123  nni = 3527  hu =    6.89e-02

t =   7.00e+00  nst = 328  nfe = 0  nfi = 5308  nni = 3647  hu =    9.31e-02

t =   8.00e+00  nst = 339  nfe = 0  nfi = 5464  nni = 3748  hu =    9.70e-02

t =   9.00e+00  nst = 349  nfe = 0  nfi = 5598  nni = 3832  hu =    1.12e-01

t =   1.00e+01  nst = 359  nfe = 0  nfi = 5728  nni = 3912  hu =    1.31e-01



 Final statistics for this run:

 ARKStep real workspace length         = 3773 
 ARKStep integer workspace length      =  145 
 ARKLS real workspace length           = 2647 
 ARKLS integer workspace length        =   42 
 Number of steps                       =  359 
 Number of f-s (explicit)              =    0 
 Number of f-s (implicit)              = 5728 
 Number of f-s (SPGMR)                 = 12934 
 Number of f-s (TOTAL)                 = 12934 
 Number of setups                      =  254 
 Number of nonlinear iterations        = 3912 
 Number of linear iterations           = 12934 
 Number of preconditioner evaluations  =  254 
 Number of preconditioner solves       = 16627 
 Number of error test failures         =    0 
 Number of nonlinear conv. failures    =  118 
 Number of linear convergence failures = 1076 
 Average Krylov subspace dimension     = 3.306 


----------------------------------------------------------------------------
----------------------------------------------------------------------------
