
   Begin Kepler Problem

Problem Arguments:
  stepper:              1
  step mode:            1
  use tstop:            1
  use compensated sums: 0
  dt:                   0.01
  Tf:                   100
  nout:                 50

t = 0.0000, H(p,q) = -0.5000000000000000, L(p,q) = 0.8000000000000000
t = 2.0000, H(p,q)-H0 = -0.0005749349147707, L(p,q)-L0 = -0.0000762193764345
t = 4.0000, H(p,q)-H0 = -0.0006444697300625, L(p,q)-L0 = -0.0001185108356820
t = 6.0000, H(p,q)-H0 = -0.0006133689098136, L(p,q)-L0 = -0.0002807042268080
t = 8.0000, H(p,q)-H0 = -0.0032234469444240, L(p,q)-L0 = -0.0009861266213895
t = 10.0000, H(p,q)-H0 = -0.0033583230552776, L(p,q)-L0 = -0.0010762080874103
t = 12.0000, H(p,q)-H0 = -0.0031038573413563, L(p,q)-L0 = -0.0011357193830287
t = 14.0000, H(p,q)-H0 = -0.0061317375517682, L(p,q)-L0 = -0.0020098944058914
t = 16.0000, H(p,q)-H0 = -0.0062240100957323, L(p,q)-L0 = -0.0020580441342328
t = 18.0000, H(p,q)-H0 = -0.0061389862168795, L(p,q)-L0 = -0.0021378671060335
t = 20.0000, H(p,q)-H0 = -0.0079377562441827, L(p,q)-L0 = -0.0026538946822888
t = 22.0000, H(p,q)-H0 = -0.0080415763727092, L(p,q)-L0 = -0.0027033918826269
t = 24.0000, H(p,q)-H0 = -0.0078639348456386, L(p,q)-L0 = -0.0027380158847701
t = 26.0000, H(p,q)-H0 = -0.0102854125287887, L(p,q)-L0 = -0.0034620216566884
t = 28.0000, H(p,q)-H0 = -0.0104129302751975, L(p,q)-L0 = -0.0035096132949474
t = 30.0000, H(p,q)-H0 = -0.0103044482309461, L(p,q)-L0 = -0.0036403344184364
t = 32.0000, H(p,q)-H0 = -0.0126982516834644, L(p,q)-L0 = -0.0044017841716111
t = 34.0000, H(p,q)-H0 = -0.0128187955431815, L(p,q)-L0 = -0.0044419918181727
t = 36.0000, H(p,q)-H0 = -0.0126310779353667, L(p,q)-L0 = -0.0045043101430485
t = 38.0000, H(p,q)-H0 = -0.0150606602825939, L(p,q)-L0 = -0.0052330475274621
t = 40.0000, H(p,q)-H0 = -0.0151788622126682, L(p,q)-L0 = -0.0052699269130898
t = 42.0000, H(p,q)-H0 = -0.0150569458114048, L(p,q)-L0 = -0.0053347236034810
t = 44.0000, H(p,q)-H0 = -0.0173137839662656, L(p,q)-L0 = -0.0059637976449014
t = 46.0000, H(p,q)-H0 = -0.0174338049991393, L(p,q)-L0 = -0.0060030434159550
t = 48.0000, H(p,q)-H0 = -0.0172399835417782, L(p,q)-L0 = -0.0060999971580565
t = 50.0000, H(p,q)-H0 = -0.0195157534409174, L(p,q)-L0 = -0.0068193944884664
t = 52.0000, H(p,q)-H0 = -0.0196372438333672, L(p,q)-L0 = -0.0068597834928577
t = 54.0000, H(p,q)-H0 = -0.0195195095103564, L(p,q)-L0 = -0.0069156618404660
t = 56.0000, H(p,q)-H0 = -0.0217192761675684, L(p,q)-L0 = -0.0075983004187085
t = 58.0000, H(p,q)-H0 = -0.0218549383006266, L(p,q)-L0 = -0.0076477810149674
t = 60.0000, H(p,q)-H0 = -0.0216890495847483, L(p,q)-L0 = -0.0076837133298288
t = 62.0000, H(p,q)-H0 = -0.0246172025657552, L(p,q)-L0 = -0.0085141593296081
t = 64.0000, H(p,q)-H0 = -0.0247491804906661, L(p,q)-L0 = -0.0085680134038080
t = 66.0000, H(p,q)-H0 = -0.0245387353926970, L(p,q)-L0 = -0.0087030775353769
t = 68.0000, H(p,q)-H0 = -0.0270366474424446, L(p,q)-L0 = -0.0094228232314195
t = 70.0000, H(p,q)-H0 = -0.0271390238123069, L(p,q)-L0 = -0.0094731392110757
t = 72.0000, H(p,q)-H0 = -0.0268517871952358, L(p,q)-L0 = -0.0096375517163863
t = 74.0000, H(p,q)-H0 = -0.0282808586526704, L(p,q)-L0 = -0.0099774460317088
t = 76.0000, H(p,q)-H0 = -0.0283575992539021, L(p,q)-L0 = -0.0100169980663102
t = 78.0000, H(p,q)-H0 = -0.0282724941056707, L(p,q)-L0 = -0.0102139068860447
t = 80.0000, H(p,q)-H0 = -0.0299397135146217, L(p,q)-L0 = -0.0105234678480962
t = 82.0000, H(p,q)-H0 = -0.0301057775397382, L(p,q)-L0 = -0.0106490472336963
t = 84.0000, H(p,q)-H0 = -0.0325708656165533, L(p,q)-L0 = -0.0115760490294431
t = 86.0000, H(p,q)-H0 = -0.0331440594404435, L(p,q)-L0 = -0.0116524020864867
t = 88.0000, H(p,q)-H0 = -0.0332280679365117, L(p,q)-L0 = -0.0117474519449512
t = 90.0000, H(p,q)-H0 = -0.0354843844913471, L(p,q)-L0 = -0.0125021630188906
t = 92.0000, H(p,q)-H0 = -0.0358074522410696, L(p,q)-L0 = -0.0125675724739134
t = 94.0000, H(p,q)-H0 = -0.0358075898399343, L(p,q)-L0 = -0.0126049759808168
t = 96.0000, H(p,q)-H0 = -0.0384048584719282, L(p,q)-L0 = -0.0134178750899975
t = 98.0000, H(p,q)-H0 = -0.0386373108787508, L(p,q)-L0 = -0.0134801609406011
t = 100.0000, H(p,q)-H0 = -0.0385931498361761, L(p,q)-L0 = -0.0135317249754924
Current time                 = 100
Steps                        = 371
Step attempts                = 438
Stability limited steps      = 0
Accuracy limited steps       = 438
Error test fails             = 67
NLS step fails               = 0
Inequality constraint fails  = 0
Initial step size            = 1.836231979046091e-06
Last step size               = 0.2400203631656692
Current step size            = 0.2400203631656692
Explicit RHS fn evals        = 2564
Implicit RHS fn evals        = 0
NLS iters                    = 0
NLS fails                    = 0
NLS iters per step           = 0
LS setups                    = 0
