
2D Heat PDE test problem:
 --------------------------------- 
  nprocs         = 4
  npx            = 2
  npy            = 2
 --------------------------------- 
  Dux            = 0.001
  Duy            = 0.001
  Dvx            = 0.001
  Dvy            = 0.001
  A              = 1
  B              = 3
 --------------------------------- 
  tf             = 10
  xl             = -0.5
  xu             = 0.5
  yl             = -0.5
  yu             = 0.5
 --------------------------------- 
  nx             = 128
  ny             = 128
  dx             = 0.0078125
  dy             = 0.0078125
  nxl (proc 0)   = 64
  nyl (proc 0)   = 64
  is  (proc 0)   = 0
  ie  (proc 0)   = 63
  je  (proc 0)   = 0
  je  (proc 0)   = 63
 --------------------------------- 
  rtol           = 0.0001
  atol           = 1e-08
  order          = 3
  fixed h        = 0
  controller     = 0
  linear         = 1
 --------------------------------- 
  linear solver  = PCG
  lin iters      = 5
  eps lin        = 0
  prec           = 1
  msbp           = 0
 --------------------------------- 
  output         = 1
 --------------------------------- 

          t                     ||u||_rms      
 ----------------------------------------------
 0.000000000000000e+00    3.172144385112383e+00
 5.000000000000000e-01    3.136781977409207e+00
 1.000000000000000e+00    3.125095498395424e+00
 1.500000000000000e+00    3.152620951663553e+00
 2.000000000000000e+00    3.252033241853414e+00
 2.500000000000000e+00    3.404813536167822e+00
 3.000000000000000e+00    3.570163176436594e+00
 3.500000000000000e+00    3.699984867992980e+00
 4.000000000000000e+00    3.694669087517584e+00
 4.500000000000000e+00    3.628540815251990e+00
 5.000000000000000e+00    3.475468021389309e+00
 5.500000000000000e+00    3.344018465200086e+00
 6.000000000000000e+00    3.233953113891785e+00
 6.500000000000000e+00    3.082073958181095e+00
 7.000000000000000e+00    2.890454799070531e+00
 7.500000000000000e+00    2.837113541066512e+00
 8.000000000000000e+00    2.898070634408479e+00
 8.500000000000000e+00    3.139950243194743e+00
 9.000000000000000e+00    3.442193253079989e+00
 9.500000000000000e+00    3.740388194875230e+00
 1.000000000000000e+01    4.014479424087781e+00
 ----------------------------------------------

Final integrator statistics:
  Steps            = 105
  Step attempts    = 112
  Error test fails = 7
  RHS reaction     = 451
  RHS diffusion    = 787
  NLS iters        = 336
  NLS fails        = 0
  LS iters         = 1653
  LS fails         = 303
  LS setups        = 0
  LS RHS evals     = 1653
  Jv products      = 1653

  Avg NLS iters per step attempt = 3.000000
  Avg LS iters per NLS iter      = 4.919643

  Preconditioner setups = 0
  Preconditioner solves = 1653

