
1D Brusselator PDE test problem:
    N = 201,  NEQ = 603
    problem parameters:  a = 0.6,  b = 2,  ep = 1e-05
    diffusion coefficients:  du = 0.025,  dv = 0.025,  dw = 0.025
    reltol = 1.0e-06,  abstol = 1.0e-10

        t      ||u||_rms   ||v||_rms   ||w||_rms
   ----------------------------------------------
    0.100000    0.680035    3.365155    1.999987
    0.200000    0.693508    3.338236    1.999986
    0.300000    0.707937    3.309262    1.999986
    0.400000    0.706918    3.311313    1.999986
    0.500000    0.732061    3.260596    1.999986
    0.600000    0.758763    3.206485    1.999985
    0.700000    0.745798    3.232787    1.999985
    0.800000    0.788112    3.146694    1.999984
    0.900000    0.775303    3.172839    1.999985
    1.000000    0.819946    3.081237    1.999984
    1.100000    0.807648    3.106624    1.999984
    1.200000    0.853710    3.010554    1.999983
    1.300000    0.842402    3.034426    1.999983
    1.400000    0.886334    2.940014    1.999983
    1.500000    0.878514    2.957206    1.999983
    1.600000    0.915972    2.872432    1.999982
    1.700000    0.914089    2.876873    1.999982
    1.800000    0.941171    2.810045    1.999982
    1.900000    0.961692    2.752387    1.999981
    2.000000    0.960033    2.757430    1.999981
    2.100000    0.977133    2.698984    1.999981
    2.200000    0.986499    2.650782    1.999981
    2.300000    0.986338    2.651980    1.999981
    2.400000    0.988795    2.609410    1.999981
    2.500000    0.983490    2.576204    1.999981
    2.600000    0.971281    2.552926    1.999981
    2.700000    0.974858    2.557766    1.999981
    2.800000    0.953268    2.538764    1.999981
    2.900000    0.930673    2.532898    1.999982
    3.000000    0.904025    2.534501    1.999982
    3.100000    0.909930    2.533567    1.999982
    3.200000    0.874077    2.543101    1.999983
    3.300000    0.841768    2.558147    1.999983
    3.400000    0.808016    2.578974    1.999984
    3.500000    0.811818    2.576391    1.999984
    3.600000    0.773681    2.604854    1.999985
    3.700000    0.739537    2.635023    1.999985
    3.800000    0.706253    2.668715    1.999986
    3.900000    0.706662    2.668274    1.999986
    4.000000    0.674382    2.705189    1.999987
    4.100000    0.644359    2.743741    1.999987
    4.200000    0.616500    2.783730    1.999988
    4.300000    0.591007    2.824579    1.999988
    4.400000    0.594404    2.818869    1.999988
    4.500000    0.567983    2.865792    1.999989
    4.600000    0.547443    2.906947    1.999989
    4.700000    0.529329    2.947697    1.999990
    4.800000    0.530011    2.946071    1.999990
    4.900000    0.513529    2.987769    1.999990
    5.000000    0.499894    3.026950    1.999990
    5.100000    0.488250    3.065082    1.999990
    5.200000    0.478414    3.102053    1.999991
    5.300000    0.479935    3.095976    1.999991
    5.400000    0.470199    3.137787    1.999991
    5.500000    0.463426    3.172235    1.999991
    5.600000    0.457928    3.205372    1.999991
    5.700000    0.458264    3.203165    1.999991
    5.800000    0.453550    3.237186    1.999991
    5.900000    0.450153    3.267680    1.999991
    6.000000    0.447613    3.296862    1.999991
    6.100000    0.445821    3.324746    1.999991
    6.200000    0.446115    3.319428    1.999991
    6.300000    0.444682    3.351349    1.999991
    6.400000    0.444114    3.376693    1.999991
    6.500000    0.444048    3.400796    1.999991
    6.600000    0.444034    3.398547    1.999991
    6.700000    0.444421    3.423679    1.999991
    6.800000    0.445184    3.445364    1.999991
    6.900000    0.446293    3.465869    1.999991
    7.000000    0.448581    3.495059    1.999991
    7.100000    0.447370    3.481018    1.999991
    7.200000    0.451489    3.521588    1.999991
    7.300000    0.450016    3.509131    1.999991
    7.400000    0.454938    3.545513    1.999991
    7.500000    0.453249    3.534557    1.999991
    7.600000    0.458867    3.566887    1.999991
    7.700000    0.457000    3.557353    1.999991
    7.800000    0.463233    3.585759    1.999991
    7.900000    0.461216    3.577571    1.999991
    8.000000    0.468007    3.602168    1.999991
    8.100000    0.465860    3.595257    1.999991
    8.200000    0.473172    3.616147    1.999991
    8.300000    0.470909    3.610447    1.999991
    8.400000    0.481653    3.632638    1.999991
    8.500000    0.476352    3.623171    1.999991
    8.600000    0.479220    3.628616    1.999991
    8.700000    0.491011    3.643747    1.999990
    8.800000    0.485250    3.637679    1.999990
    8.900000    0.488416    3.641299    1.999990
    9.000000    0.501298    3.649474    1.999990
    9.100000    0.495058    3.646715    1.999990
    9.200000    0.498540    3.648509    1.999990
    9.300000    0.512607    3.649755    1.999990
    9.400000    0.505844    3.650257    1.999990
    9.500000    0.509675    3.650202    1.999990
    9.600000    0.525077    3.644455    1.999990
    9.700000    0.517722    3.648209    1.999990
    9.800000    0.521951    3.646257    1.999990
    9.900000    0.538901    3.633345    1.999989
   10.000000    0.530857    3.640396    1.999990
   ----------------------------------------------

Final Solver Statistics:
   Internal solver steps = 99 (attempted = 99)
   Total RHS evals:  Fe = 0,  Fi = 1694
   Total linear solver setups = 35
   Total RHS evals for setting up the linear system = 0
   Total number of Jacobian evaluations = 14
   Total number of Newton iterations = 1196
   Total number of nonlinear solver convergence failures = 13
   Total number of error test failures = 0

