
1D Brusselator PDE test problem:
    N = 201
    problem parameters:  a = 0.6,  b = 2,  ep = 1e-05
    diffusion coefficients:  du = 0.001,  dv = 0.001,  dw = 0.001
    reltol = 1.0e-06,  abstol = 1.0e-10

        t      ||u||_rms   ||v||_rms   ||w||_rms
   ----------------------------------------------
    0.100000    0.676688    3.376827    1.999987
    0.200000    0.691083    3.353556    1.999986
    0.300000    0.705833    3.329349    1.999986
    0.400000    0.722000    3.302544    1.999986
    0.500000    0.737964    3.275909    1.999985
    0.600000    0.758608    3.241350    1.999985
    0.700000    0.777057    3.210453    1.999985
    0.800000    0.800321    3.171561    1.999984
    0.900000    0.829539    3.122917    1.999984
    1.000000    0.862230    3.068801    1.999983
    1.100000    0.888684    3.025226    1.999983
    1.200000    0.924002    2.967230    1.999982
    1.300000    0.977257    2.879614    1.999981
    1.400000    1.008910    2.826936    1.999980
    1.500000    1.051414    2.754492    1.999980
    1.600000    1.092654    2.680561    1.999979
    1.700000    1.132145    2.602845    1.999978
    1.800000    1.158794    2.542172    1.999978
    1.900000    1.182051    2.474993    1.999977
    2.000000    1.194689    2.417217    1.999977
    2.100000    1.197324    2.353468    1.999977
    2.200000    1.190622    2.314094    1.999977
    2.300000    1.178460    2.281840    1.999977
    2.400000    1.153386    2.244402    1.999978
    2.500000    1.123989    2.217712    1.999978
    2.600000    1.091287    2.198299    1.999979
    2.700000    1.046955    2.182250    1.999979
    2.800000    1.013703    2.175702    1.999980
    2.900000    0.971784    2.172714    1.999981
    3.000000    0.926078    2.175203    1.999982
    3.100000    0.880976    2.182975    1.999983
    3.200000    0.836758    2.195479    1.999984
    3.300000    0.804960    2.207434    1.999984
    3.400000    0.763359    2.226889    1.999985
    3.500000    0.715316    2.254984    1.999986
    3.600000    0.683394    2.277222    1.999987
    3.700000    0.658208    2.296940    1.999987
    3.800000    0.627782    2.323536    1.999988
    3.900000    0.593669    2.357348    1.999989
    4.000000    0.564892    2.389592    1.999989
    4.100000    0.544788    2.414423    1.999990
    4.200000    0.519893    2.448196    1.999990
    4.300000    0.497094    2.482537    1.999991
    4.400000    0.476296    2.517269    1.999991
    4.500000    0.461949    2.543486    1.999991
    4.600000    0.444405    2.578568    1.999992
    4.700000    0.428577    2.613701    1.999992
    4.800000    0.414362    2.648800    1.999992
    4.900000    0.404695    2.675060    1.999992
    5.000000    0.393051    2.709943    1.999993
    5.100000    0.382735    2.744635    1.999993
    5.200000    0.373646    2.779099    1.999993
    5.300000    0.365685    2.813307    1.999993
    5.400000    0.360396    2.838781    1.999993
    5.500000    0.354182    2.872490    1.999993
    5.600000    0.348843    2.905892    1.999993
    5.700000    0.344307    2.938887    1.999993
    5.800000    0.341376    2.963417    1.999994
    5.900000    0.338035    2.995845    1.999994
    6.000000    0.335281    3.027952    1.999994
    6.100000    0.333053    3.059735    1.999994
    6.200000    0.331296    3.091195    1.999994
    6.300000    0.330256    3.114579    1.999994
    6.400000    0.329206    3.145474    1.999994
    6.500000    0.328501    3.176048    1.999994
    6.600000    0.328106    3.206300    1.999994
    6.700000    0.327994    3.228778    1.999994
    6.800000    0.328068    3.258467    1.999994
    6.900000    0.328373    3.287833    1.999994
    7.000000    0.328887    3.316876    1.999994
    7.100000    0.329593    3.345593    1.999994
    7.200000    0.330238    3.366916    1.999994
    7.300000    0.331240    3.395057    1.999994
    7.400000    0.332394    3.422865    1.999994
    7.500000    0.333689    3.450335    1.999994
    7.600000    0.334748    3.470713    1.999994
    7.700000    0.336271    3.497582    1.999994
    7.800000    0.337915    3.524098    1.999994
    7.900000    0.339676    3.550257    1.999993
    8.000000    0.341549    3.576050    1.999993
    8.100000    0.343026    3.595150    1.999993
    8.200000    0.345091    3.620284    1.999993
    8.300000    0.347264    3.645029    1.999993
    8.400000    0.349545    3.669375    1.999993
    8.500000    0.351327    3.687366    1.999993
    8.600000    0.353800    3.710986    1.999993
    8.700000    0.356385    3.734174    1.999993
    8.800000    0.359085    3.756917    1.999993
    8.900000    0.361905    3.779198    1.999993
    9.000000    0.364101    3.795597    1.999993
    9.100000    0.367141    3.817031    1.999993
    9.200000    0.370316    3.837955    1.999993
    9.300000    0.373632    3.858348    1.999993
    9.400000    0.376218    3.873280    1.999993
    9.500000    0.379804    3.892688    1.999993
    9.600000    0.383557    3.911496    1.999993
    9.700000    0.387491    3.929675    1.999992
    9.800000    0.391619    3.947193    1.999992
    9.900000    0.394851    3.959875    1.999992
   10.000000    0.399357    3.976146    1.999992
   ----------------------------------------------

Final Solver Statistics:
   Internal solver steps = 393 (attempted = 422)
   Total RHS evals:  Fe = 2535,  Fi = 7195
   Total linear solver setups = 0
   Total linear iterations = 15302
   Total linear convergence failures = 0
   Total J*v evaluations = 15302
   Total RHS evals in linear solver = 0
   Total number of Newton iterations = 4660
   Total number of nonlinear solver convergence failures = 0
   Total number of error test failures = 29

