
2D Heat PDE test problem:
 --------------------------------- 
  nprocs         = 4
  npx            = 2
  npy            = 2
 --------------------------------- 
  kx             = 1
  ky             = 1
  forcing        = 1
  tf             = 1
  xu             = 1
  yu             = 1
  nx             = 32
  ny             = 32
  nxl (proc 0)   = 16
  nyl (proc 0)   = 16
  dx             = 0.0322581
  dy             = 0.0322581
 --------------------------------- 
  rtol           = 1e-05
  atol           = 1e-10
 --------------------------------- 
  linear solver  = PCG
  lin iters      = 20
  eps lin        = 0
  prec           = 1
  msbp           = 0
 --------------------------------- 
  output         = 1
 --------------------------------- 

          t                     ||u||_rms                max error      
 -----------------------------------------------------------------------
 0.000000000000000e+00    3.632812500000001e-01    0.000000000000000e+00
 5.000000000000000e-02    3.551986624101299e-01    2.454797623539062e-03
 1.000000000000000e-01    3.296219563381938e-01    2.893480216923816e-03
 1.500000000000000e-01    2.894444105465607e-01    2.833131740126116e-03
 2.000000000000000e-01    2.387095098006512e-01    2.520921910586171e-03
 2.500000000000000e-01    1.824250183498053e-01    2.076905543411445e-03
 3.000000000000000e-01    1.261155986865715e-01    1.577103615616415e-03
 3.500000000000000e-01    7.529896083278811e-02    1.082710961677669e-03
 4.000000000000000e-01    3.495194295452374e-02    6.477245719035268e-04
 4.500000000000000e-01    9.023753571216427e-03    3.136871567157792e-04
 4.999999999999999e-01    5.527713843569933e-05    1.158354804069166e-04
 5.499999999999999e-01    8.918918661156889e-03    7.374164300967198e-05
 6.000000000000000e-01    3.475281341318142e-02    1.916178855909112e-04
 6.500000000000000e-01    7.502616979150148e-02    4.579108704096946e-04
 7.000000000000001e-01    1.257966994555726e-01    8.464814959865952e-04
 7.500000000000001e-01    1.820949359969601e-01    1.319953608424684e-03
 8.000000000000002e-01    2.384091662669633e-01    1.829942771129578e-03
 8.500000000000002e-01    2.892274011262765e-01    2.327740787594568e-03
 9.000000000000002e-01    3.295753331294728e-01    2.764782494346418e-03
 9.500000000000003e-01    3.555033248344159e-01    3.098133519656709e-03
 1.000000000000000e+00    3.644737010235479e-01    3.295971549496124e-03
 -----------------------------------------------------------------------

Final integrator statistics:
  Steps            = 94
  Error test fails = 4
  RHS evals        = 122
  NLS iters        = 119
  NLS fails        = 0
  LS iters         = 1251
  LS fails         = 21
  LS setups        = 21
  LS RHS evals     = 1251
  Jv products      = 1251

  Avg NLS iters per step    = 1.265957
  Avg LS iters per NLS iter = 10.512605

  Preconditioner setups = 2
  Preconditioner solves = 1251

  Max error = 3.295971549496124e-03
