
2-species diurnal advection-diffusion problem
  10 by 10 mesh on 4 processors
  Using CVBBDPRE preconditioner module
    Difference-quotient half-bandwidths are mudq = 10,  mldq = 10
    Retained band block half-bandwidths are mukeep = 2,  mlkeep = 2

Preconditioner type is:  jpre = SUN_PREC_LEFT

t = 7.20e+03   no. steps = 190   order = 5   stepsize = 1.61e+02
At bottom left:  c1, c2 =    1.047e+04    2.527e+11 
At top right:    c1, c2 =    1.119e+04    2.700e+11 

t = 1.44e+04   no. steps = 221   order = 5   stepsize = 3.85e+02
At bottom left:  c1, c2 =    6.659e+06    2.582e+11 
At top right:    c1, c2 =    7.301e+06    2.833e+11 

t = 2.16e+04   no. steps = 247   order = 5   stepsize = 3.00e+02
At bottom left:  c1, c2 =    2.665e+07    2.993e+11 
At top right:    c1, c2 =    2.931e+07    3.313e+11 

t = 2.88e+04   no. steps = 272   order = 4   stepsize = 2.13e+02
At bottom left:  c1, c2 =    8.702e+06    3.380e+11 
At top right:    c1, c2 =    9.650e+06    3.751e+11 

t = 3.60e+04   no. steps = 311   order = 4   stepsize = 9.71e+01
At bottom left:  c1, c2 =    1.404e+04    3.387e+11 
At top right:    c1, c2 =    1.561e+04    3.765e+11 

t = 4.32e+04   no. steps = 368   order = 4   stepsize = 4.02e+02
At bottom left:  c1, c2 =    1.227e-07    3.382e+11 
At top right:    c1, c2 =    1.387e-07    3.804e+11 

t = 5.04e+04   no. steps = 382   order = 5   stepsize = 4.22e+02
At bottom left:  c1, c2 =    3.334e-11    3.358e+11 
At top right:    c1, c2 =    3.580e-11    3.864e+11 

t = 5.76e+04   no. steps = 394   order = 5   stepsize = 4.66e+02
At bottom left:  c1, c2 =    2.613e-12    3.320e+11 
At top right:    c1, c2 =    2.992e-12    3.909e+11 

t = 6.48e+04   no. steps = 406   order = 5   stepsize = 7.18e+02
At bottom left:  c1, c2 =    1.380e-11    3.313e+11 
At top right:    c1, c2 =   -3.343e-12    3.963e+11 

t = 7.20e+04   no. steps = 416   order = 5   stepsize = 7.18e+02
At bottom left:  c1, c2 =   -1.551e-11    3.330e+11 
At top right:    c1, c2 =    6.481e-13    4.039e+11 

t = 7.92e+04   no. steps = 426   order = 5   stepsize = 7.18e+02
At bottom left:  c1, c2 =   -2.003e-12    3.334e+11 
At top right:    c1, c2 =    1.665e-12    4.120e+11 

t = 8.64e+04   no. steps = 436   order = 5   stepsize = 7.18e+02
At bottom left:  c1, c2 =   -2.236e-13    3.352e+11 
At top right:    c1, c2 =    1.653e-13    4.163e+11 


Final Statistics: 

lenrw   =  2689     leniw   =   144
lenrwls =  2454     leniwls =   126
nst     =   436
nfe     =   565     nfels   =   496
nni     =   562     nli     =   496
nsetups =    72     netf    =    25
npe     =     8     nps     =  1003
ncfn    =     0     ncfl    =     0

In CVBBDPRE: real/integer local work space sizes = 1300, 192
             no. flocal evals. = 176


-------------------------------------------------------------------


Preconditioner type is:  jpre = SUN_PREC_RIGHT

t = 7.20e+03   no. steps = 191   order = 5   stepsize = 1.22e+02
At bottom left:  c1, c2 =    1.047e+04    2.527e+11 
At top right:    c1, c2 =    1.119e+04    2.700e+11 

t = 1.44e+04   no. steps = 223   order = 5   stepsize = 2.79e+02
At bottom left:  c1, c2 =    6.659e+06    2.582e+11 
At top right:    c1, c2 =    7.301e+06    2.833e+11 

t = 2.16e+04   no. steps = 249   order = 5   stepsize = 4.31e+02
At bottom left:  c1, c2 =    2.665e+07    2.993e+11 
At top right:    c1, c2 =    2.931e+07    3.313e+11 

t = 2.88e+04   no. steps = 309   order = 4   stepsize = 1.86e+02
At bottom left:  c1, c2 =    8.702e+06    3.380e+11 
At top right:    c1, c2 =    9.650e+06    3.751e+11 

t = 3.60e+04   no. steps = 347   order = 4   stepsize = 6.69e+01
At bottom left:  c1, c2 =    1.404e+04    3.387e+11 
At top right:    c1, c2 =    1.561e+04    3.765e+11 

t = 4.32e+04   no. steps = 405   order = 5   stepsize = 5.79e+02
At bottom left:  c1, c2 =   -1.236e-10    3.382e+11 
At top right:    c1, c2 =   -1.623e-10    3.804e+11 

t = 5.04e+04   no. steps = 418   order = 5   stepsize = 3.78e+02
At bottom left:  c1, c2 =   -9.050e-12    3.358e+11 
At top right:    c1, c2 =   -2.034e-11    3.864e+11 

t = 5.76e+04   no. steps = 431   order = 5   stepsize = 4.14e+02
At bottom left:  c1, c2 =   -9.079e-12    3.320e+11 
At top right:    c1, c2 =    8.849e-11    3.909e+11 

t = 6.48e+04   no. steps = 441   order = 5   stepsize = 7.90e+02
At bottom left:  c1, c2 =   -8.110e-12    3.313e+11 
At top right:    c1, c2 =   -4.224e-12    3.963e+11 

t = 7.20e+04   no. steps = 450   order = 5   stepsize = 7.90e+02
At bottom left:  c1, c2 =    8.746e-12    3.330e+11 
At top right:    c1, c2 =    3.260e-12    4.039e+11 

t = 7.92e+04   no. steps = 459   order = 5   stepsize = 7.90e+02
At bottom left:  c1, c2 =    8.954e-13    3.334e+11 
At top right:    c1, c2 =    2.246e-12    4.120e+11 

t = 8.64e+04   no. steps = 468   order = 5   stepsize = 7.90e+02
At bottom left:  c1, c2 =   -1.574e-13    3.352e+11 
At top right:    c1, c2 =   -3.963e-13    4.163e+11 


Final Statistics: 

lenrw   =  2689     leniw   =   144
lenrwls =  2454     leniwls =   126
nst     =   468
nfe     =   605     nfels   =   773
nni     =   602     nli     =   773
nsetups =    94     netf    =    30
npe     =     9     nps     =  1270
ncfn    =     0     ncfl    =     0

In CVBBDPRE: real/integer local work space sizes = 1300, 192
             no. flocal evals. = 198
