
2-species diurnal advection-diffusion problem
Sensitivity: YES ( STAGGERED + FULL ERROR CONTROL )

========================================================================
     T     Q       H      NST                    Bottom left  Top right 
========================================================================
7.200e+03  4  6.219e+01   456
                                Solution         1.0468e+04   1.1185e+04 
                                                 2.5267e+11   2.6998e+11 
                                ----------------------------------------
                                Sensitivity 1   -6.4201e+19  -6.8598e+19 
                                                 7.1178e+19   7.6557e+19 
                                ----------------------------------------
                                Sensitivity 2   -4.3853e+14  -5.0065e+14 
                                                -2.4408e+18  -2.7843e+18 
------------------------------------------------------------------------
1.440e+04  3  1.749e+02   539
                                Solution         6.6590e+06   7.3008e+06 
                                                 2.5819e+11   2.8329e+11 
                                ----------------------------------------
                                Sensitivity 1   -4.0848e+22  -4.4785e+22 
                                                 5.9549e+22   6.7173e+22 
                                ----------------------------------------
                                Sensitivity 2   -4.5235e+17  -5.4318e+17 
                                                -6.5418e+21  -7.8315e+21 
------------------------------------------------------------------------
2.160e+04  5  1.503e+02   585
                                Solution         2.6650e+07   2.9308e+07 
                                                 2.9928e+11   3.3134e+11 
                                ----------------------------------------
                                Sensitivity 1   -1.6346e+23  -1.7976e+23 
                                                 3.8203e+23   4.4991e+23 
                                ----------------------------------------
                                Sensitivity 2   -7.6601e+18  -9.4433e+18 
                                                -7.6459e+22  -9.4501e+22 
------------------------------------------------------------------------
2.880e+04  4  1.221e+02   628
                                Solution         8.7021e+06   9.6501e+06 
                                                 3.3804e+11   3.7510e+11 
                                ----------------------------------------
                                Sensitivity 1   -5.3375e+22  -5.9188e+22 
                                                 5.4487e+23   6.7430e+23 
                                ----------------------------------------
                                Sensitivity 2   -4.8855e+18  -6.1040e+18 
                                                -1.7194e+23  -2.1518e+23 
------------------------------------------------------------------------
3.600e+04  4  8.723e+01   672
                                Solution         1.4040e+04   1.5609e+04 
                                                 3.3868e+11   3.7652e+11 
                                ----------------------------------------
                                Sensitivity 1   -8.6141e+19  -9.5762e+19 
                                                 5.2718e+23   6.6030e+23 
                                ----------------------------------------
                                Sensitivity 2   -8.4328e+15  -1.0549e+16 
                                                -1.8439e+23  -2.3096e+23 
------------------------------------------------------------------------
4.320e+04  3  4.013e+01   744
                                Solution         1.8697e-08   2.7537e-08 
                                                 3.3823e+11   3.8035e+11 
                                ----------------------------------------
                                Sensitivity 1   -7.3549e+07  -1.0225e+08 
                                                 5.2753e+23   6.7448e+23 
                                ----------------------------------------
                                Sensitivity 2   -4.2641e+07  -4.9301e+07 
                                                -1.8455e+23  -2.3595e+23 
------------------------------------------------------------------------
5.040e+04  5  4.135e+02   786
                                Solution        -1.7397e-08  -7.1483e-08 
                                                 3.3582e+11   3.8645e+11 
                                ----------------------------------------
                                Sensitivity 1    2.5545e+08   1.0018e+09 
                                                 5.2067e+23   6.9664e+23 
                                ----------------------------------------
                                Sensitivity 2    3.6193e+05   1.6775e+06 
                                                -1.8214e+23  -2.4371e+23 
------------------------------------------------------------------------
5.760e+04  5  4.257e+02   800
                                Solution        -5.9900e-09  -2.3820e-08 
                                                 3.3203e+11   3.9090e+11 
                                ----------------------------------------
                                Sensitivity 1    3.0089e+07   1.1813e+08 
                                                 5.0825e+23   7.1206e+23 
                                ----------------------------------------
                                Sensitivity 2    1.1726e+05   5.4269e+05 
                                                -1.7780e+23  -2.4910e+23 
------------------------------------------------------------------------
6.480e+04  5  2.997e+02   822
                                Solution        -1.4821e-09  -5.9663e-09 
                                                 3.3130e+11   3.9634e+11 
                                ----------------------------------------
                                Sensitivity 1    1.5776e+07   2.6493e+07 
                                                 5.0442e+23   7.3274e+23 
                                ----------------------------------------
                                Sensitivity 2    1.2191e+07   5.6994e+07 
                                                -1.7646e+23  -2.5633e+23 
------------------------------------------------------------------------
7.200e+04  5  4.070e+02   840
                                Solution        -3.1498e-11   2.3566e-10 
                                                 3.3297e+11   4.0389e+11 
                                ----------------------------------------
                                Sensitivity 1    1.2693e+07  -3.8485e+06 
                                                 5.0783e+23   7.6382e+23 
                                ----------------------------------------
                                Sensitivity 2    3.4895e+05   1.6083e+06 
                                                -1.7765e+23  -2.6721e+23 
------------------------------------------------------------------------
7.920e+04  5  6.212e+02   854
                                Solution         1.9691e-11   1.5883e-10 
                                                 3.3344e+11   4.1203e+11 
                                ----------------------------------------
                                Sensitivity 1   -5.5593e+05  -4.7444e+06 
                                                 5.0731e+23   7.9960e+23 
                                ----------------------------------------
                                Sensitivity 2    6.6429e+03   3.0889e+04 
                                                -1.7747e+23  -2.7972e+23 
------------------------------------------------------------------------
8.640e+04  5  6.212e+02   865
                                Solution         5.5018e-13   3.7731e-12 
                                                 3.3518e+11   4.1625e+11 
                                ----------------------------------------
                                Sensitivity 1   -5.2758e+04  -4.4089e+05 
                                                 5.1171e+23   8.2143e+23 
                                ----------------------------------------
                                Sensitivity 2    3.6408e+02   1.6934e+03 
                                                -1.7901e+23  -2.8736e+23 
------------------------------------------------------------------------

Final Statistics

nst     =   865

nfe     =  1866
netf    =     8    nsetups  =   120
nni     =   971    ncfn     =     0

nfSe    =  2054    nfeS     =  4108
netfs   =    28    nsetupsS =     0
nniS    =  1025    ncfnS    =     0
