2-species diurnal advection-diffusion problem, 10 by 10 mesh
SPGMR solver; band preconditioner; mu = 2, ml = 2



Preconditioner type is:  jpre = SUN_PREC_LEFT

t = 7.20e+03   no. steps = 190   order = 5   stepsize = 1.61e+02
c1 (bot.left/middle/top rt.) =    1.047e+04     2.964e+04     1.119e+04
c2 (bot.left/middle/top rt.) =    2.527e+11     7.154e+11     2.700e+11

t = 1.44e+04   no. steps = 221   order = 5   stepsize = 3.83e+02
c1 (bot.left/middle/top rt.) =    6.659e+06     5.316e+06     7.301e+06
c2 (bot.left/middle/top rt.) =    2.582e+11     2.057e+11     2.833e+11

t = 2.16e+04   no. steps = 246   order = 5   stepsize = 2.78e+02
c1 (bot.left/middle/top rt.) =    2.665e+07     1.036e+07     2.931e+07
c2 (bot.left/middle/top rt.) =    2.993e+11     1.028e+11     3.313e+11

t = 2.88e+04   no. steps = 297   order = 4   stepsize = 1.28e+02
c1 (bot.left/middle/top rt.) =    8.702e+06     1.292e+07     9.650e+06
c2 (bot.left/middle/top rt.) =    3.380e+11     5.029e+11     3.751e+11

t = 3.60e+04   no. steps = 338   order = 4   stepsize = 9.71e+01
c1 (bot.left/middle/top rt.) =    1.404e+04     2.029e+04     1.561e+04
c2 (bot.left/middle/top rt.) =    3.387e+11     4.894e+11     3.765e+11

t = 4.32e+04   no. steps = 408   order = 4   stepsize = 4.61e+02
c1 (bot.left/middle/top rt.) =    1.554e-08     3.558e-08     2.255e-08
c2 (bot.left/middle/top rt.) =    3.382e+11     1.355e+11     3.804e+11

t = 5.04e+04   no. steps = 426   order = 4   stepsize = 3.03e+02
c1 (bot.left/middle/top rt.) =    5.186e-14    -1.076e-12    -9.173e-13
c2 (bot.left/middle/top rt.) =    3.358e+11     4.930e+11     3.864e+11

t = 5.76e+04   no. steps = 439   order = 5   stepsize = 3.38e+02
c1 (bot.left/middle/top rt.) =   -2.677e-16    -1.435e-13    -1.779e-17
c2 (bot.left/middle/top rt.) =    3.320e+11     9.650e+11     3.909e+11

t = 6.48e+04   no. steps = 451   order = 5   stepsize = 6.47e+02
c1 (bot.left/middle/top rt.) =   -2.375e-16     6.893e-14     8.476e-19
c2 (bot.left/middle/top rt.) =    3.313e+11     8.922e+11     3.963e+11

t = 7.20e+04   no. steps = 463   order = 5   stepsize = 6.47e+02
c1 (bot.left/middle/top rt.) =    3.214e-15     5.592e-15     2.093e-21
c2 (bot.left/middle/top rt.) =    3.330e+11     6.186e+11     4.039e+11

t = 7.92e+04   no. steps = 474   order = 5   stepsize = 6.47e+02
c1 (bot.left/middle/top rt.) =   -9.598e-16     1.589e-13     6.949e-21
c2 (bot.left/middle/top rt.) =    3.334e+11     6.669e+11     4.120e+11

t = 8.64e+04   no. steps = 485   order = 5   stepsize = 6.47e+02
c1 (bot.left/middle/top rt.) =    5.360e-16    -2.494e-14     8.438e-21
c2 (bot.left/middle/top rt.) =    3.352e+11     9.106e+11     4.163e+11


Final Statistics.. 

lenrw   =  2696     leniw   =    65
lenrwls =  2454     leniwls =    42
lenrwbp =  2800     leniwbp =   622
nst     =   485
nfe     =   617     nfetot  =  1262
nfeLS   =   600     nfeBP   =    45
nni     =   614     nli     =   600
nsetups =    80     netf    =    26
npe     =     9     nps     =  1136
ncfn    =     0     ncfl    =     0



-------------------------------------------------------------------


Preconditioner type is:  jpre = SUN_PREC_RIGHT

t = 7.20e+03   no. steps = 219   order = 5   stepsize = 1.55e+02
c1 (bot.left/middle/top rt.) =    1.047e+04     2.964e+04     1.119e+04
c2 (bot.left/middle/top rt.) =    2.527e+11     7.154e+11     2.700e+11

t = 1.44e+04   no. steps = 251   order = 5   stepsize = 3.59e+02
c1 (bot.left/middle/top rt.) =    6.659e+06     5.316e+06     7.301e+06
c2 (bot.left/middle/top rt.) =    2.582e+11     2.057e+11     2.833e+11

t = 2.16e+04   no. steps = 279   order = 5   stepsize = 3.58e+02
c1 (bot.left/middle/top rt.) =    2.665e+07     1.036e+07     2.931e+07
c2 (bot.left/middle/top rt.) =    2.993e+11     1.028e+11     3.313e+11

t = 2.88e+04   no. steps = 303   order = 5   stepsize = 2.68e+02
c1 (bot.left/middle/top rt.) =    8.702e+06     1.292e+07     9.650e+06
c2 (bot.left/middle/top rt.) =    3.380e+11     5.029e+11     3.751e+11

t = 3.60e+04   no. steps = 329   order = 5   stepsize = 1.16e+02
c1 (bot.left/middle/top rt.) =    1.404e+04     2.029e+04     1.561e+04
c2 (bot.left/middle/top rt.) =    3.387e+11     4.894e+11     3.765e+11

t = 4.32e+04   no. steps = 381   order = 4   stepsize = 4.67e+02
c1 (bot.left/middle/top rt.) =    9.713e-09     7.855e-09     1.084e-08
c2 (bot.left/middle/top rt.) =    3.382e+11     1.355e+11     3.804e+11

t = 5.04e+04   no. steps = 402   order = 5   stepsize = 2.19e+02
c1 (bot.left/middle/top rt.) =    2.450e-09     2.253e-06    -2.297e-09
c2 (bot.left/middle/top rt.) =    3.358e+11     4.930e+11     3.864e+11

t = 5.76e+04   no. steps = 420   order = 5   stepsize = 3.43e+02
c1 (bot.left/middle/top rt.) =   -2.180e-16    -3.986e-14    -3.804e-16
c2 (bot.left/middle/top rt.) =    3.320e+11     9.650e+11     3.909e+11

t = 6.48e+04   no. steps = 434   order = 4   stepsize = 5.18e+02
c1 (bot.left/middle/top rt.) =    1.282e-19    -8.541e-19    -7.916e-24
c2 (bot.left/middle/top rt.) =    3.313e+11     8.922e+11     3.963e+11

t = 7.20e+04   no. steps = 448   order = 4   stepsize = 5.18e+02
c1 (bot.left/middle/top rt.) =    1.432e-19    -4.404e-17     8.671e-24
c2 (bot.left/middle/top rt.) =    3.330e+11     6.186e+11     4.039e+11

t = 7.92e+04   no. steps = 462   order = 4   stepsize = 5.18e+02
c1 (bot.left/middle/top rt.) =    6.267e-20    -3.291e-18    -1.992e-23
c2 (bot.left/middle/top rt.) =    3.334e+11     6.669e+11     4.120e+11

t = 8.64e+04   no. steps = 476   order = 4   stepsize = 5.18e+02
c1 (bot.left/middle/top rt.) =   -6.630e-20    -1.611e-18     1.470e-23
c2 (bot.left/middle/top rt.) =    3.352e+11     9.108e+11     4.163e+11


Final Statistics.. 

lenrw   =  2696     leniw   =    65
lenrwls =  2454     leniwls =    42
lenrwbp =  2800     leniwbp =   622
nst     =   476
nfe     =   604     nfetot  =  1381
nfeLS   =   737     nfeBP   =    40
nni     =   601     nli     =   737
nsetups =    81     netf    =    26
npe     =     8     nps     =  1237
ncfn    =     0     ncfl    =     0

