
2-species diurnal advection-diffusion problem
Sensitivity: YES ( STAGGERED + FULL ERROR CONTROL )

========================================================================
     T     Q       H      NST                    Bottom left  Top right 
========================================================================
7.200e+03  3  2.869e+01   511
                                Solution         1.0593e+04   1.1152e+04 
                                                 2.5567e+11   2.6917e+11 
                                ----------------------------------------
                                Sensitivity 1   -6.4963e+19  -6.8394e+19 
                                                 7.2120e+19   7.6304e+19 
                                ----------------------------------------
                                Sensitivity 2   -4.4900e+14  -4.9768e+14 
                                                -2.5039e+18  -2.7672e+18 
------------------------------------------------------------------------
1.440e+04  5  1.627e+02   573
                                Solution         6.9172e+06   7.2517e+06 
                                                 2.6829e+11   2.8137e+11 
                                ----------------------------------------
                                Sensitivity 1   -4.2432e+22  -4.4483e+22 
                                                 6.2762e+22   6.6563e+22 
                                ----------------------------------------
                                Sensitivity 2   -4.8955e+17  -5.3580e+17 
                                                -7.1115e+21  -7.7236e+21 
------------------------------------------------------------------------
2.160e+04  3  5.408e+01   656
                                Solution         2.7558e+07   2.9196e+07 
                                                 3.1024e+11   3.3000e+11 
                                ----------------------------------------
                                Sensitivity 1   -1.6903e+23  -1.7907e+23 
                                                 4.0588e+23   4.4683e+23 
                                ----------------------------------------
                                Sensitivity 2   -8.2851e+18  -9.3610e+18 
                                                -8.2851e+22  -9.3662e+22 
------------------------------------------------------------------------
2.880e+04  4  2.054e+02   725
                                Solution         8.9631e+06   9.8602e+06 
                                                 3.4824e+11   3.8331e+11 
                                ----------------------------------------
                                Sensitivity 1   -5.4975e+22  -6.0476e+22 
                                                 5.8239e+23   7.0579e+23 
                                ----------------------------------------
                                Sensitivity 2   -5.2367e+18  -6.4007e+18 
                                                -1.8450e+23  -2.2574e+23 
------------------------------------------------------------------------
3.600e+04  4  1.425e+02   763
                                Solution         1.4433e+04   1.6660e+04 
                                                 3.4814e+11   4.0186e+11 
                                ----------------------------------------
                                Sensitivity 1   -8.8547e+19  -1.0220e+20 
                                                 5.6473e+23   7.6273e+23 
                                ----------------------------------------
                                Sensitivity 2   -9.0220e+15  -1.2170e+16 
                                                -1.9753e+23  -2.6679e+23 
------------------------------------------------------------------------
4.320e+04  4  4.274e+02   830
                                Solution        -1.4752e-06  -1.7205e-06 
                                                 3.4900e+11   4.0867e+11 
                                ----------------------------------------
                                Sensitivity 1    1.7860e+10   2.0832e+10 
                                                 5.7083e+23   7.9553e+23 
                                ----------------------------------------
                                Sensitivity 2    1.4023e+04   2.0557e+04 
                                                -1.9969e+23  -2.7830e+23 
------------------------------------------------------------------------
5.040e+04  4  4.274e+02   847
                                Solution        -1.4476e-10  -1.7274e-10 
                                                 3.5570e+11   4.1225e+11 
                                ----------------------------------------
                                Sensitivity 1    5.8951e+06   6.8996e+06 
                                                 5.9553e+23   8.1823e+23 
                                ----------------------------------------
                                Sensitivity 2    2.4939e+02   3.6427e+02 
                                                -2.0833e+23  -2.8624e+23 
------------------------------------------------------------------------
5.760e+04  4  1.533e+02   871
                                Solution        -3.6066e-08  -6.1682e-08 
                                                 3.6425e+11   4.1628e+11 
                                ----------------------------------------
                                Sensitivity 1    2.5674e+08   4.3861e+08 
                                                 6.2592e+23   8.4334e+23 
                                ----------------------------------------
                                Sensitivity 2    2.5485e+03   4.9748e+03 
                                                -2.1896e+23  -2.9502e+23 
------------------------------------------------------------------------
6.480e+04  4  9.297e+01   916
                                Solution         1.0310e-07   1.7628e-07 
                                                 3.6334e+11   4.2182e+11 
                                ----------------------------------------
                                Sensitivity 1   -6.9656e+08  -1.1908e+09 
                                                 6.2461e+23   8.7310e+23 
                                ----------------------------------------
                                Sensitivity 2    3.4781e+07   7.0169e+07 
                                                -2.1850e+23  -3.0543e+23 
------------------------------------------------------------------------
7.200e+04  5  4.637e+02   944
                                Solution        -1.1328e-10  -1.9428e-10 
                                                 3.6192e+11   4.3354e+11 
                                ----------------------------------------
                                Sensitivity 1    5.6989e+06   9.8690e+06 
                                                 6.2310e+23   9.2797e+23 
                                ----------------------------------------
                                Sensitivity 2    3.3300e+05   6.7919e+05 
                                                -2.1798e+23  -3.2463e+23 
------------------------------------------------------------------------
7.920e+04  5  4.637e+02   960
                                Solution         6.5782e-14   1.1411e-13 
                                                 3.6148e+11   4.4474e+11 
                                ----------------------------------------
                                Sensitivity 1   -6.4318e+04  -1.1090e+05 
                                                 6.2481e+23   9.8067e+23 
                                ----------------------------------------
                                Sensitivity 2   -4.7983e+03  -9.6611e+03 
                                                -2.1858e+23  -3.4306e+23 
------------------------------------------------------------------------
8.640e+04  5  4.637e+02   975
                                Solution        -8.3568e-17  -1.4365e-16 
                                                 3.6318e+11   4.4524e+11 
                                ----------------------------------------
                                Sensitivity 1    3.5078e+01   5.9815e+01 
                                                 6.3248e+23   9.8819e+23 
                                ----------------------------------------
                                Sensitivity 2    2.7472e+00   5.3858e+00 
                                                -2.2126e+23  -3.4570e+23 
------------------------------------------------------------------------

Final Statistics

nst     =   975

nfe     =  2056
netf    =     5    nsetups  =   124
nni     =  1051    ncfn     =     0

nfSe    =  2262    nfeS     =  4524
netfs   =    28    nsetupsS =     0
nniS    =  1129    ncfnS    =     0

nli     =  3103    ncfl     =     0
npe     =    17    nps      =  6102
