
2-species diurnal advection-diffusion problem
Sensitivity: YES ( SIMULTANEOUS + FULL ERROR CONTROL )

========================================================================
     T     Q       H      NST                    Bottom left  Top right 
========================================================================
7.200e+03  3  3.475e+01   345
                                Solution         1.0468e+04   1.1185e+04 
                                                 2.5267e+11   2.6998e+11 
                                ----------------------------------------
                                Sensitivity 1   -6.4201e+19  -6.8598e+19 
                                                 7.1177e+19   7.6556e+19 
                                ----------------------------------------
                                Sensitivity 2   -4.3853e+14  -5.0065e+14 
                                                -2.4407e+18  -2.7843e+18 
------------------------------------------------------------------------
1.440e+04  3  7.455e+01   695
                                Solution         6.6590e+06   7.3008e+06 
                                                 2.5819e+11   2.8329e+11 
                                ----------------------------------------
                                Sensitivity 1   -4.0848e+22  -4.4785e+22 
                                                 5.9550e+22   6.7173e+22 
                                ----------------------------------------
                                Sensitivity 2   -4.5235e+17  -5.4318e+17 
                                                -6.5419e+21  -7.8316e+21 
------------------------------------------------------------------------
2.160e+04  3  5.834e+01  1008
                                Solution         2.6650e+07   2.9308e+07 
                                                 2.9928e+11   3.3134e+11 
                                ----------------------------------------
                                Sensitivity 1   -1.6346e+23  -1.7976e+23 
                                                 3.8203e+23   4.4991e+23 
                                ----------------------------------------
                                Sensitivity 2   -7.6601e+18  -9.4433e+18 
                                                -7.6459e+22  -9.4502e+22 
------------------------------------------------------------------------
2.880e+04  3  7.810e+01  1174
                                Solution         8.7021e+06   9.6501e+06 
                                                 3.3804e+11   3.7510e+11 
                                ----------------------------------------
                                Sensitivity 1   -5.3375e+22  -5.9188e+22 
                                                 5.4487e+23   6.7430e+23 
                                ----------------------------------------
                                Sensitivity 2   -4.8855e+18  -6.1040e+18 
                                                -1.7194e+23  -2.1518e+23 
------------------------------------------------------------------------
3.600e+04  4  2.052e+01  1324
                                Solution         1.4040e+04   1.5609e+04 
                                                 3.3868e+11   3.7652e+11 
                                ----------------------------------------
                                Sensitivity 1   -8.6141e+19  -9.5761e+19 
                                                 5.2719e+23   6.6030e+23 
                                ----------------------------------------
                                Sensitivity 2   -8.4328e+15  -1.0549e+16 
                                                -1.8439e+23  -2.3096e+23 
------------------------------------------------------------------------
4.320e+04  4  2.771e+01  1518
                                Solution        -1.0604e-08  -7.4220e-09 
                                                 3.3823e+11   3.8035e+11 
                                ----------------------------------------
                                Sensitivity 1   -1.2295e+09  -8.5048e+08 
                                                 5.2753e+23   6.7448e+23 
                                ----------------------------------------
                                Sensitivity 2   -2.9778e+07  -2.9774e+07 
                                                -1.8455e+23  -2.3595e+23 
------------------------------------------------------------------------
5.040e+04  4  1.929e+02  1571
                                Solution        -1.2937e-11  -8.2107e-12 
                                                 3.3582e+11   3.8645e+11 
                                ----------------------------------------
                                Sensitivity 1    8.0252e+07   1.1647e+08 
                                                 5.2067e+23   6.9665e+23 
                                ----------------------------------------
                                Sensitivity 2    1.2620e+07   2.0113e+07 
                                                -1.8214e+23  -2.4371e+23 
------------------------------------------------------------------------
5.760e+04  4  2.071e+02  1605
                                Solution        -1.0589e-08  -2.3233e-08 
                                                 3.3203e+11   3.9090e+11 
                                ----------------------------------------
                                Sensitivity 1    2.3617e+09   5.4020e+09 
                                                 5.0826e+23   7.1206e+23 
                                ----------------------------------------
                                Sensitivity 2   -2.8211e+06  -6.8451e+06 
                                                -1.7780e+23  -2.4910e+23 
------------------------------------------------------------------------
6.480e+04  3  1.604e+02  1690
                                Solution        -5.1829e-12  -1.4626e-11 
                                                 3.3130e+11   3.9634e+11 
                                ----------------------------------------
                                Sensitivity 1   -4.1942e+07  -1.2012e+08 
                                                 5.0442e+23   7.3274e+23 
                                ----------------------------------------
                                Sensitivity 2   -3.0773e+05  -6.8557e+05 
                                                -1.7646e+23  -2.5633e+23 
------------------------------------------------------------------------
7.200e+04  4  3.313e+02  1712
                                Solution        -3.1017e-11  -9.0647e-11 
                                                 3.3297e+11   4.0389e+11 
                                ----------------------------------------
                                Sensitivity 1   -9.1123e+07  -2.5822e+08 
                                                 5.0784e+23   7.6382e+23 
                                ----------------------------------------
                                Sensitivity 2   -2.6373e+03  -8.6631e+03 
                                                -1.7766e+23  -2.6721e+23 
------------------------------------------------------------------------
7.920e+04  5  5.721e+02  1728
                                Solution        -1.4848e-14  -4.4266e-14 
                                                 3.3344e+11   4.1203e+11 
                                ----------------------------------------
                                Sensitivity 1    1.3276e+05   4.7387e+05 
                                                 5.0731e+23   7.9960e+23 
                                ----------------------------------------
                                Sensitivity 2   -3.0601e+01  -9.8487e+01 
                                                -1.7747e+23  -2.7972e+23 
------------------------------------------------------------------------
8.640e+04  5  5.721e+02  1741
                                Solution        -2.5469e-18  -9.8121e-18 
                                                 3.3518e+11   4.1625e+11 
                                ----------------------------------------
                                Sensitivity 1    1.3514e+04   4.7750e+04 
                                                 5.1171e+23   8.2143e+23 
                                ----------------------------------------
                                Sensitivity 2   -3.0412e+00  -9.4036e+00 
                                                -1.7901e+23  -2.8736e+23 
------------------------------------------------------------------------

Final Statistics

nst     =  1741

nfe     =  2379
netf    =    92    nsetups  =   280
nni     =  2377    ncfn     =    10

nfSe    =  4758    nfeS     =  9516
netfs   =     0    nsetupsS =     0
nniS    =     0    ncfnS    =     0
