
1D Brusselator PDE test problem:
    N = 201
    problem parameters:  a = 0.6,  b = 2,  ep = 1e-05
    diffusion coefficients:  du = 0.001,  dv = 0.001,  dw = 0.001
    reltol = 1.0e-06,  abstol = 1.0e-10

        t      ||u||_rms   ||v||_rms   ||w||_rms
   ----------------------------------------------
    0.100000    0.675721    3.378400    1.999986
    0.200000    0.688547    3.357722    1.999985
    0.300000    0.702698    3.334563    1.999985
    0.400000    0.718344    3.308668    1.999986
    0.500000    0.735680    3.279767    1.999985
    0.600000    0.754926    3.247575    1.999985
    0.700000    0.776324    3.211746    1.999984
    0.800000    0.800132    3.171944    1.999985
    0.900000    0.826609    3.127850    1.999984
    1.000000    0.855983    3.079184    1.999983
    1.100000    0.888410    3.025748    1.999983
    1.200000    0.923881    2.967502    1.999982
    1.300000    0.962130    2.904652    1.999981
    1.400000    1.002496    2.837751    1.999981
    1.500000    1.043804    2.767753    1.999980
    1.600000    1.084306    2.696047    1.999979
    1.700000    1.121778    2.624360    1.999978
    1.800000    1.153799    2.554553    1.999978
    1.900000    1.178143    2.488387    1.999977
    2.000000    1.193201    2.427302    1.999977
    2.100000    1.198210    2.372313    1.999976
    2.200000    1.193263    2.324006    1.999977
    2.300000    1.179129    2.282630    1.999977
    2.400000    1.157010    2.248196    1.999977
    2.500000    1.128302    2.220556    1.999977
    2.600000    1.094424    2.199474    1.999979
    2.700000    1.056713    2.184659    1.999978
    2.799999    1.016370    2.175773    1.999979
    2.899999    0.974438    2.172456    1.999981
    2.999999    0.931802    2.174311    1.999983
    3.099999    0.889198    2.180921    1.999983
    3.199999    0.847226    2.191841    1.999984
    3.299999    0.806360    2.206620    1.999985
    3.399999    0.766963    2.224802    1.999985
    3.499999    0.729298    2.245940    1.999986
    3.599999    0.693545    2.269608    1.999986
    3.699999    0.659815    2.295410    1.999987
    3.799999    0.628159    2.322979    1.999988
    3.899998    0.598586    2.351991    1.999988
    3.999998    0.571069    2.382161    1.999989
    4.099998    0.545572    2.413227    1.999989
    4.199998    0.522016    2.444988    1.999989
    4.299998    0.500326    2.477263    1.999990
    4.399998    0.480422    2.509905    1.999990
    4.499998    0.462219    2.542786    1.999991
    4.599998    0.445631    2.575803    1.999991
    4.699998    0.430570    2.608870    1.999991
    4.799998    0.416950    2.641914    1.999991
    4.899998    0.404684    2.674876    1.999992
    4.999998    0.393685    2.707710    1.999992
    5.099998    0.383868    2.740374    1.999992
    5.199997    0.375149    2.772842    1.999993
    5.299997    0.367444    2.805087    1.999993
    5.399997    0.360674    2.837087    1.999993
    5.499997    0.354760    2.868831    1.999993
    5.599997    0.349630    2.900307    1.999994
    5.699997    0.345212    2.931505    1.999993
    5.799997    0.341441    2.962425    1.999994
    5.899997    0.338256    2.993057    1.999994
    5.999997    0.335599    3.023403    1.999993
    6.099997    0.333418    3.053463    1.999994
    6.199996    0.331665    3.083233    1.999994
    6.299996    0.330298    3.112717    1.999993
    6.399996    0.329278    3.141917    1.999994
    6.499996    0.328571    3.170827    1.999994
    6.599996    0.328144    3.199448    1.999994
    6.699996    0.327971    3.227782    1.999994
    6.799996    0.328027    3.255830    1.999994
    6.899996    0.328291    3.283591    1.999994
    6.999996    0.328745    3.311066    1.999994
    7.099996    0.329372    3.338249    1.999994
    7.199996    0.330159    3.365140    1.999994
    7.299995    0.331092    3.391738    1.999994
    7.399995    0.332161    3.418036    1.999994
    7.499995    0.333358    3.444031    1.999995
    7.599995    0.334674    3.469723    1.999994
    7.699995    0.336104    3.495109    1.999994
    7.799995    0.337643    3.520185    1.999994
    7.899995    0.339286    3.544941    1.999994
    7.999995    0.341030    3.569379    1.999993
    8.099995    0.342875    3.593502    1.999994
    8.199995    0.344817    3.617285    1.999994
    8.299995    0.346855    3.640720    1.999994
    8.399996    0.348991    3.663798    1.999993
    8.499996    0.351223    3.686513    1.999993
    8.599997    0.353553    3.708856    1.999994
    8.699997    0.355983    3.730815    1.999993
    8.799997    0.358516    3.752378    1.999993
    8.899998    0.361155    3.773531    1.999993
    8.999998    0.363903    3.794264    1.999993
    9.099998    0.366766    3.814557    1.999993
    9.199999    0.369748    3.834399    1.999992
    9.299999    0.372855    3.853765    1.999993
    9.400000    0.376094    3.872645    1.999993
    9.500000    0.379474    3.891013    1.999992
    9.600000    0.383003    3.908848    1.999993
    9.700001    0.386691    3.926128    1.999992
    9.800001    0.390550    3.942819    1.999992
    9.900002    0.394592    3.958883    1.999992
   10.000000    0.398831    3.974297    1.999993
   ----------------------------------------------

Final Solver Statistics:
   Internal solver steps = 19458 (attempted = 19458)
   Total RHS evals:  Fe = 116751,  Fi = 311331
   Total linear solver setups = 0
   Total linear iterations = 426782
   Total linear convergence failures = 0
   Total J*v evaluations = 426782
   Total RHS evals in linear solver = 0
   Total number of Newton iterations = 194580
   Total number of nonlinear solver convergence failures = 0
   Total number of error test failures = 0

