hwloc/linux: Ignoring PCI device with non-16bit domain.
Pass --enable-32bits-pci-domain to configure to support such devices
(warning: it would break the library ABI, don't enable unless really needed).

2D Heat PDE test problem:
 --------------------------------- 
  nprocs         = 4
  npx            = 2
  npy            = 2
 --------------------------------- 
  Dux            = 0.001
  Duy            = 0.001
  Dvx            = 0.001
  Dvy            = 0.001
  A              = 1
  B              = 3
 --------------------------------- 
  tf             = 10
  xl             = -0.5
  xu             = 0.5
  yl             = -0.5
  yu             = 0.5
 --------------------------------- 
  nx             = 128
  ny             = 128
  dx             = 0.0078125
  dy             = 0.0078125
  nxl (proc 0)   = 64
  nyl (proc 0)   = 64
  is  (proc 0)   = 0
  ie  (proc 0)   = 63
  je  (proc 0)   = 0
  je  (proc 0)   = 63
 --------------------------------- 
  rtol_slow      = 0.0001
  atol_slow      = 1e-08
  rtol_fast      = 1e-05
  atol_fast      = 1e-09
  order_fast     = 3
  fixed h slow   = 0.0762939
  fixed h fast   = 0
  controller     = 0
  linear         = 1
 --------------------------------- 
  linear solver  = PCG
  lin iters      = 5
  eps lin        = 0
  prec           = 1
  msbp           = 0
 --------------------------------- 
  output         = 1
 --------------------------------- 

          t                     ||u||_rms      
 ----------------------------------------------
          0.000000e+00             3.172141e+00
          5.000000e-01             3.136736e+00
          1.000000e+00             3.125084e+00
          1.500000e+00             3.152664e+00
          2.000000e+00             3.252087e+00
          2.500000e+00             3.404751e+00
          3.000000e+00             3.570085e+00
          3.500000e+00             3.699706e+00
          4.000000e+00             3.694066e+00
          4.500000e+00             3.627690e+00
          5.000000e+00             3.474853e+00
          5.500000e+00             3.343828e+00
          6.000000e+00             3.234210e+00
          6.500000e+00             3.082953e+00
          7.000000e+00             2.891401e+00
          7.500000e+00             2.837947e+00
          8.000000e+00             2.898350e+00
          8.500000e+00             3.139801e+00
          9.000000e+00             3.441846e+00
          9.500000e+00             3.739980e+00
          1.000000e+01             4.013998e+00
 ----------------------------------------------

Final integrator statistics:

Slow Integrator:
  Steps            = 132
  RHS diffusion    = 793
  NLS iters        = 396
  NLS fails        = 0
  LS iters         = 1971
  LS fails         = 393
  LS setups        = 0
  LS RHS evals     = 1971
  Jv products      = 1971

  Avg NLS iters per step attempt = 3.000000
  Avg LS iters per NLS iter      = 4.977273

  Preconditioner setups = 0
  Preconditioner solves = 1971

Fast Integrator:
  Steps            = 2052
  Error test fails = 390
  RHS reaction     = 4963
  NLS iters        = 3778
  NLS fails        = 0

