
Nonlinear Kvaerno-Prothero-Robinson test problem with mass matrix:
    time domain:  (-3,7]
    Time-dependent mass matrix
    ERK solver, order = 8
    Adaptive run with reltol = 1e-05, abstol = 1e-11
    G = -10
    g = 10
    e = 0.5

        t           u           v       uerr      verr
   ------------------------------------------------------
   -3.000000    0.710636    1.363407  0.00e+00  0.00e+00
   -2.900000    0.717198    1.327367  1.03e-04  4.34e-04
   -2.800000    0.727104    1.290784  1.44e-04  4.30e-04
   -2.700000    0.740065    1.254463  1.81e-04  4.21e-04
   -2.600000    0.755799    1.218806  2.14e-04  4.06e-04
   -2.500000    0.773986    1.184247  2.42e-04  3.86e-04
   -2.400001    0.794281    1.151245  2.65e-04  3.60e-04
   -2.300001    0.816334    1.120281  2.82e-04  3.28e-04
   -2.200001    0.839795    1.091852  2.94e-04  2.91e-04
   -2.100001    0.864324    1.066453  3.01e-04  2.49e-04
   -2.000001    0.889599    1.044570  3.04e-04  2.03e-04
   -1.900001    0.915316    1.026652  3.01e-04  1.53e-04
   -1.800001    0.941192    1.013092  2.95e-04  1.00e-04
   -1.700001    0.966967    1.004205  2.85e-04  4.59e-05
   -1.600001    0.992400    1.000205  2.73e-04  8.34e-06
   -1.500001    1.017273    1.001190  2.58e-04  6.16e-05
   -1.400001    1.041384    1.007136  2.41e-04  1.13e-04
   -1.300001    1.064553    1.017897  2.24e-04  1.60e-04
   -1.200001    1.086616    1.033219  2.05e-04  2.03e-04
   -1.100001    1.107345    1.052651  2.64e-04  3.41e-04
   -1.000001    1.126771    1.075962  2.38e-04  3.88e-04
   -0.900001    1.144692    1.102603  2.12e-04  4.26e-04
   -0.800001    1.160999    1.132082  1.87e-04  4.57e-04
   -0.700001    1.175601    1.163900  1.62e-04  4.80e-04
   -0.600001    1.188418    1.197566  1.39e-04  4.97e-04
   -0.500001    1.199381    1.232608  1.15e-04  5.08e-04
   -0.400001    1.208431    1.268573  9.31e-05  5.13e-04
   -0.300001    1.215523    1.305043  7.02e-05  5.14e-04
   -0.200001    1.220621    1.341626  4.83e-05  5.10e-04
   -0.100001    1.223698    1.377963  2.62e-05  5.02e-04
   -0.000001    1.224741    1.413721  3.81e-06  4.92e-04
    0.099999    1.223743    1.448601  1.85e-05  4.79e-04
    0.199999    1.220710    1.482328  4.11e-05  4.63e-04
    0.299999    1.215658    1.514652  6.46e-05  4.45e-04
    0.399999    1.208612    1.545350  8.83e-05  4.24e-04
    0.499999    1.199609    1.574217  1.13e-04  4.01e-04
    0.599999    1.188695    1.601073  1.37e-04  3.77e-04
    0.699999    1.175927    1.625754  1.63e-04  3.51e-04
    0.799999    1.161375    1.648117  1.88e-04  3.23e-04
    0.899999    1.145119    1.668037  2.15e-04  2.93e-04
    0.999999    1.127251    1.685405  2.41e-04  2.61e-04
    1.099999    1.107876    1.700127  2.67e-04  2.28e-04
    1.199999    1.087113    1.712128  2.92e-04  1.92e-04
    1.299999    1.065093    1.721345  3.16e-04  1.54e-04
    1.399999    1.041965    1.727731  3.39e-04  1.14e-04
    1.500000    1.017891    1.731255  3.60e-04  7.27e-05
    1.600000    0.993052    1.731898  3.79e-04  2.96e-05
    1.700000    0.967647    1.729658  3.94e-04  1.53e-05
    1.800000    0.941894    1.724546  4.07e-04  6.14e-05
    1.900000    0.916032    1.716588  4.15e-04  1.09e-04
    2.000000    0.890320    1.705823  4.18e-04  1.57e-04
    2.100000    0.865041    1.692307  4.15e-04  2.05e-04
    2.200000    0.840496    1.676110  4.07e-04  2.53e-04
    2.299999    0.817009    1.657318  3.92e-04  3.01e-04
    2.399999    0.794917    1.636032  3.71e-04  3.48e-04
    2.499999    0.774570    1.612371  3.42e-04  3.93e-04
    2.599999    0.756320    1.586470  3.06e-04  4.36e-04
    2.699999    0.740509    1.558482  2.63e-04  4.76e-04
    2.799999    0.727462    1.528579  2.14e-04  5.12e-04
    2.899999    0.717460    1.496957  1.59e-04  5.44e-04
    2.999999    0.710736    1.463828  9.95e-05  5.71e-04
    3.099999    0.707450    1.429432  3.70e-05  5.92e-04
    3.199999    0.707683    1.394030  2.67e-05  6.07e-04
    3.299999    0.711430    1.357913  8.99e-05  6.16e-04
    3.399998    0.718598    1.321397  1.51e-04  6.17e-04
    3.499998    0.729019    1.284829  2.08e-04  6.10e-04
    3.599998    0.742452    1.248587  2.60e-04  5.96e-04
    3.699998    0.758608    1.213078  3.05e-04  5.74e-04
    3.799998    0.777162    1.178739  3.44e-04  5.44e-04
    3.899998    0.797768    1.146034  3.75e-04  5.06e-04
    3.999998    0.820075    1.115448  3.99e-04  4.60e-04
    4.099998    0.843734    1.087477  4.15e-04  4.06e-04
    4.199998    0.868407    1.062619  4.24e-04  3.45e-04
    4.299998    0.893777    1.041353  4.27e-04  2.79e-04
    4.399998    0.919540    1.024120  4.23e-04  2.07e-04
    4.499998    0.945420    1.011304  4.14e-04  1.32e-04
    4.599998    0.971157    1.003204  3.99e-04  5.45e-05
    4.699997    0.996516    1.000015  3.81e-04  2.29e-05
    4.799997    1.021280    1.001817  3.60e-04  9.83e-05
    4.899997    1.045251    1.008565  3.37e-04  1.70e-04
    4.999997    1.068253    1.020094  3.11e-04  2.37e-04
    5.099997    1.090121    1.036132  2.86e-04  2.96e-04
    5.199997    1.110711    1.056317  2.60e-04  3.49e-04
    5.299997    1.129893    1.080222  2.34e-04  3.94e-04
    5.399997    1.147549    1.107375  2.08e-04  4.31e-04
    5.499997    1.163576    1.137281  1.83e-04  4.61e-04
    5.599997    1.177883    1.169444  1.59e-04  4.83e-04
    5.699996    1.190393    1.203375  1.35e-04  4.99e-04
    5.799996    1.201037    1.238602  1.12e-04  5.09e-04
    5.899996    1.209762    1.274681  8.90e-05  5.13e-04
    5.999996    1.216521    1.311196  6.68e-05  5.13e-04
    6.099996    1.221280    1.347762  4.46e-05  5.09e-04
    6.199996    1.224016    1.384023  2.26e-05  5.01e-04
    6.299996    1.224716    1.419654  2.38e-07  4.90e-04
    6.399996    1.223375    1.454359  2.21e-05  4.76e-04
    6.499996    1.220002    1.487867  4.51e-05  4.60e-04
    6.599996    1.214612    1.519933  6.84e-05  4.41e-04
    6.699996    1.207235    1.550336  9.25e-05  4.20e-04
    6.799995    1.197906    1.578878  1.17e-04  3.97e-04
    6.899995    1.186677    1.605378  1.42e-04  3.73e-04
    6.999995    1.173604    1.629679  1.67e-04  3.46e-04
   ------------------------------------------------------

Final Solver Statistics:
   Internal solver steps = 104 (attempted = 104)
   Total number of error test failures = 0
   Total RHS evals:  Fe = 1755,  Fi = 0
   Total mass matrix setups = 1551
   Total mass matrix solves = 1859
   Total mass times evals = 104
   Errors: u = 0.000255902, v = 0.000391945, total = 0.000330989
