
Nonlinear Kvaerno-Prothero-Robinson test problem with mass matrix:
    time domain:  (-3,7]
    Fixed mass matrix
    ARK solver, order = 3
    Newton nonlinear solver
    Adaptive run with reltol = 1e-05, abstol = 1e-11
    G = -10
    g = 10
    e = 0.5

        t           u           v       uerr      verr
   ------------------------------------------------------
   -3.000000    0.710636    1.363407  0.00e+00  0.00e+00
   -2.900000    0.717686    1.324551  3.85e-04  2.38e-03
   -2.800000    0.727979    1.287566  7.32e-04  2.79e-03
   -2.700000    0.741107    1.251415  8.61e-04  2.63e-03
   -2.600000    0.757011    1.216047  9.98e-04  2.35e-03
   -2.500000    0.775586    1.181078  1.36e-03  2.78e-03
   -2.400001    0.795597    1.149116  1.05e-03  1.77e-03
   -2.300001    0.818405    1.117284  1.79e-03  2.67e-03
   -2.200001    0.842497    1.088500  2.41e-03  3.06e-03
   -2.100001    0.867787    1.062953  3.16e-03  3.25e-03
   -2.000001    0.890233    1.044110  3.30e-04  2.57e-04
   -1.900001    0.918747    1.024374  3.13e-03  2.12e-03
   -1.800001    0.944497    1.011653  3.01e-03  1.34e-03
   -1.700001    0.967996    1.003918  7.43e-04  2.41e-04
   -1.600001    0.996107    0.999928  3.43e-03  2.85e-04
   -1.500001    1.019946    1.001655  2.42e-03  4.03e-04
   -1.400001    1.043218    1.007720  1.59e-03  4.71e-04
   -1.300001    1.068074    1.019879  3.30e-03  1.82e-03
   -1.200001    1.088367    1.034701  1.55e-03  1.28e-03
   -1.100001    1.109654    1.054959  2.05e-03  1.97e-03
   -1.000001    1.129777    1.079801  2.77e-03  3.45e-03
   -0.900001    1.145520    1.104024  6.16e-04  9.95e-04
   -0.800001    1.163223    1.136079  2.04e-03  3.54e-03
   -0.700001    1.177731    1.168562  1.97e-03  4.18e-03
   -0.600001    1.188644    1.198333  8.71e-05  2.69e-04
   -0.500001    1.201099    1.237773  1.60e-03  4.66e-03
   -0.400001    1.209599    1.273070  1.07e-03  3.98e-03
   -0.300001    1.215987    1.307300  3.93e-04  1.74e-03
   -0.200001    1.221525    1.347221  8.56e-04  5.08e-03
   -0.100001    1.224020    1.381540  2.95e-04  3.07e-03
   -0.000001    1.224917    1.417080  1.72e-04  2.87e-03
    0.099999    1.223681    1.453901  4.36e-05  4.82e-03
    0.199999    1.220495    1.484561  1.75e-04  1.77e-03
    0.299999    1.215138    1.518500  4.55e-04  3.40e-03
    0.399999    1.207615    1.549779  9.10e-04  4.01e-03
    0.499999    1.199332    1.575036  1.64e-04  4.17e-04
    0.599999    1.187234    1.604753  1.32e-03  3.30e-03
    0.699999    1.174203    1.628958  1.56e-03  2.85e-03
    0.799999    1.160774    1.649063  4.13e-04  6.22e-04
    0.899999    1.142667    1.670982  2.24e-03  2.65e-03
    0.999999    1.125169    1.687287  1.84e-03  1.62e-03
    1.099999    1.106344    1.701304  1.27e-03  9.49e-04
    1.199999    1.083820    1.713934  3.00e-03  1.61e-03
    1.299999    1.063134    1.722074  1.64e-03  5.76e-04
    1.399999    1.039400    1.728444  2.23e-03  5.98e-04
    1.500000    1.014093    1.731731  3.44e-03  4.03e-04
    1.600000    0.991731    1.731905  9.42e-04  2.30e-05
    1.700000    0.961432    1.728910  5.82e-03  7.33e-04
    1.800000    0.935544    1.723128  5.94e-03  1.36e-03
    1.900000    0.909672    1.714510  5.95e-03  1.97e-03
    2.000000    0.884079    1.703120  5.82e-03  2.55e-03
    2.100000    0.859047    1.689035  5.58e-03  3.07e-03
    2.200000    0.835554    1.672842  4.54e-03  3.02e-03
    2.299999    0.814544    1.655375  2.07e-03  1.64e-03
    2.399999    0.792195    1.633262  2.35e-03  2.42e-03
    2.499999    0.771809    1.609167  2.42e-03  2.81e-03
    2.599999    0.753726    1.582657  2.29e-03  3.38e-03
    2.699999    0.739169    1.555926  1.08e-03  2.08e-03
    2.799999    0.726890    1.527098  3.58e-04  9.69e-04
    2.899999    0.717101    1.495604  2.01e-04  8.08e-04
    2.999999    0.710394    1.461747  2.43e-04  1.51e-03
    3.099999    0.707229    1.426245  1.84e-04  2.59e-03
    3.199999    0.707774    1.389883  6.44e-05  3.54e-03
    3.299999    0.711937    1.353275  4.17e-04  4.02e-03
    3.399998    0.719483    1.316823  7.34e-04  3.96e-03
    3.499998    0.730105    1.280892  8.79e-04  3.33e-03
    3.599998    0.743446    1.245844  7.35e-04  2.15e-03
    3.699998    0.759119    1.212038  2.06e-04  4.66e-04
    3.799998    0.778212    1.176870  7.06e-04  1.32e-03
    3.899998    0.799661    1.143047  1.52e-03  2.48e-03
    3.999998    0.822604    1.111968  2.13e-03  3.02e-03
    4.099998    0.846612    1.084066  2.46e-03  3.01e-03
    4.199998    0.872611    1.058543  3.78e-03  3.73e-03
    4.299998    0.896775    1.038889  2.57e-03  2.18e-03
    4.399998    0.922636    1.022368  2.67e-03  1.55e-03
    4.499998    0.949810    1.009422  3.98e-03  1.75e-03
    4.599998    0.971646    1.003136  8.92e-05  1.34e-05
    4.699997    1.000875    0.999979  3.98e-03  5.90e-05
    4.799997    1.024143    1.002248  2.50e-03  3.32e-04
    4.899997    1.048198    1.009865  2.61e-03  1.13e-03
    4.999997    1.072200    1.022456  3.64e-03  2.13e-03
    5.099997    1.090587    1.036624  1.80e-04  1.95e-04
    5.199997    1.114339    1.060258  3.37e-03  3.59e-03
    5.299997    1.132084    1.083060  1.96e-03  2.44e-03
    5.399997    1.149792    1.111106  2.04e-03  3.30e-03
    5.499997    1.166389    1.142529  2.63e-03  4.79e-03
    5.599997    1.178225    1.170444  1.84e-04  5.16e-04
    5.699996    1.192671    1.209451  2.14e-03  5.58e-03
    5.799996    1.202261    1.242451  1.11e-03  3.34e-03
    5.899996    1.210911    1.279421  1.06e-03  4.23e-03
    5.999996    1.217782    1.317311  1.19e-03  5.60e-03
    6.099996    1.221386    1.349022  6.15e-05  7.52e-04
    6.199996    1.224582    1.390338  5.43e-04  5.81e-03
    6.299996    1.224864    1.423348  1.47e-04  3.20e-03
    6.399996    1.223198    1.458890  1.55e-04  4.05e-03
    6.499996    1.219540    1.493348  4.17e-04  5.02e-03
    6.599996    1.214359    1.521176  1.85e-04  8.02e-04
    6.699996    1.205962    1.555574  1.18e-03  4.82e-03
    6.799995    1.197015    1.581723  7.75e-04  2.45e-03
    6.899995    1.185102    1.608855  1.43e-03  3.10e-03
    6.999995    1.171476    1.633601  1.96e-03  3.58e-03
   ------------------------------------------------------

Final Solver Statistics:
   Internal solver steps = 168 (attempted = 168)
   Total number of error test failures = 0
   Total RHS evals:  Fe = 675,  Fi = 1698
   Total mass matrix setups = 508
   Total mass matrix solves = 1515
   Total mass times evals = 1191
   Total number of Jacobian evaluations = 18
   Total linear solver setups = 18
   Total number of Nonlinear iterations = 1023
   Total number of Nonlinear convergence failures = 5
   Errors: u = 0.00224534, v = 0.00277084, total = 0.00252182
