
Nonlinear Kvaerno-Prothero-Robinson test problem with mass matrix:
    time domain:  (-3,7]
    Time-dependent mass matrix
    DIRK solver, order = 4
    Newton nonlinear solver
    Adaptive run with reltol = 1e-05, abstol = 1e-11
    G = -100
    g = 10
    e = 0.5

        t           u           v       uerr      verr
   ------------------------------------------------------
   -3.000000    0.710636    1.363407  0.00e+00  0.00e+00
   -2.900000    0.717344    1.326848  4.30e-05  8.44e-05
   -2.800000    0.726976    1.291162  2.71e-04  8.08e-04
   -2.700000    0.740449    1.253592  2.03e-04  4.49e-04
   -2.600000    0.756302    1.217904  2.89e-04  4.96e-04
   -2.500000    0.773543    1.184958  6.85e-04  1.10e-03
   -2.400001    0.794058    1.151587  4.88e-04  7.02e-04
   -2.300001    0.816623    1.120007  7.39e-06  5.33e-05
   -2.200001    0.840690    1.091032  6.01e-04  5.28e-04
   -2.100001    0.865490    1.065534  8.65e-04  6.70e-04
   -2.000001    0.890307    1.044109  4.05e-04  2.59e-04
   -1.900001    0.914241    1.027217  1.38e-03  7.18e-04
   -1.800001    0.942613    1.012652  1.13e-03  3.40e-04
   -1.700001    0.965706    1.004438  1.55e-03  2.79e-04
   -1.600001    0.990969    1.000371  1.70e-03  1.58e-04
   -1.500001    1.018794    1.001791  1.26e-03  5.39e-04
   -1.400001    1.040444    1.006834  1.18e-03  4.15e-04
   -1.300001    1.064076    1.017572  7.00e-04  4.86e-04
   -1.200001    1.086298    1.032915  5.22e-04  5.07e-04
   -1.100001    1.106833    1.052047  7.76e-04  9.45e-04
   -1.000001    1.126699    1.075976  3.11e-04  3.74e-04
   -0.900001    1.145433    1.104162  5.29e-04  1.13e-03
   -0.800001    1.160711    1.131414  4.75e-04  1.12e-03
   -0.700001    1.175928    1.164989  1.65e-04  6.08e-04
   -0.600001    1.188431    1.197618  1.26e-04  4.46e-04
   -0.500001    1.199435    1.233002  6.08e-05  1.13e-04
   -0.400001    1.208664    1.269891  1.40e-04  8.05e-04
   -0.300001    1.215465    1.304811  1.28e-04  7.46e-04
   -0.200001    1.220761    1.343319  9.20e-05  1.18e-03
   -0.100001    1.223680    1.378071  4.49e-05  3.94e-04
   -0.000001    1.224744    1.413519  5.96e-07  6.94e-04
    0.099999    1.223655    1.450108  7.02e-05  1.03e-03
    0.199999    1.220710    1.482121  4.10e-05  6.70e-04
    0.299999    1.215641    1.514794  4.73e-05  3.03e-04
    0.399999    1.208316    1.546584  2.08e-04  8.10e-04
    0.499999    1.199678    1.573907  1.82e-04  7.12e-04
    0.599999    1.188591    1.601361  3.36e-05  8.92e-05
    0.699999    1.175367    1.626857  3.97e-04  7.52e-04
    0.799999    1.160957    1.648744  2.29e-04  3.04e-04
    0.899999    1.144986    1.668162  8.19e-05  1.69e-04
    0.999999    1.127406    1.685214  3.96e-04  4.52e-04
    1.099999    1.108199    1.699857  5.89e-04  4.98e-04
    1.199999    1.087292    1.712024  4.71e-04  2.96e-04
    1.299999    1.064609    1.721577  1.68e-04  7.83e-05
    1.399999    1.040927    1.728055  6.98e-04  2.10e-04
    1.500000    1.016748    1.731447  7.83e-04  1.20e-04
    1.600000    0.992165    1.731923  5.09e-04  4.41e-06
    1.700000    0.967239    1.729600  1.42e-05  4.33e-05
    1.800000    0.942989    1.724658  1.50e-03  1.73e-04
    1.900000    0.914838    1.716268  7.80e-04  2.11e-04
    2.000000    0.889308    1.705270  5.95e-04  3.96e-04
    2.100000    0.866148    1.692781  1.52e-03  6.79e-04
    2.200000    0.840510    1.676115  4.21e-04  2.58e-04
    2.299999    0.817129    1.657414  5.13e-04  3.97e-04
    2.399999    0.795510    1.636553  9.64e-04  8.68e-04
    2.499999    0.773616    1.611209  6.12e-04  7.69e-04
    2.599999    0.755977    1.585885  3.64e-05  1.49e-04
    2.699999    0.740217    1.557847  2.87e-05  1.58e-04
    2.799999    0.726972    1.527283  2.75e-04  7.84e-04
    2.899999    0.717171    1.495942  1.30e-04  4.71e-04
    2.999999    0.710831    1.464297  1.95e-04  1.04e-03
    3.099999    0.707446    1.428503  3.37e-05  3.37e-04
    3.199999    0.707736    1.393018  2.67e-05  4.05e-04
    3.299999    0.711486    1.357740  3.40e-05  4.42e-04
    3.399998    0.718929    1.320121  1.79e-04  6.59e-04
    3.499998    0.729128    1.284592  9.90e-05  3.73e-04
    3.599998    0.742760    1.247887  4.89e-05  1.04e-04
    3.699998    0.759373    1.211733  4.59e-04  7.71e-04
    3.799998    0.777136    1.178795  3.70e-04  5.99e-04
    3.899998    0.797574    1.146271  5.70e-04  7.43e-04
    3.999998    0.820601    1.114848  1.28e-04  1.40e-04
    4.099998    0.843184    1.088005  9.65e-04  9.33e-04
    4.199998    0.869286    1.061927  4.54e-04  3.47e-04
    4.299998    0.894768    1.040728  5.65e-04  3.46e-04
    4.399998    0.918590    1.024614  1.37e-03  7.01e-04
    4.499998    0.944500    1.011625  1.33e-03  4.52e-04
    4.599998    0.970301    1.003347  1.26e-03  1.98e-04
    4.699997    0.995753    0.999994  1.14e-03  4.42e-05
    4.799997    1.020633    1.001662  1.01e-03  2.54e-04
    4.899997    1.044631    1.008281  9.57e-04  4.54e-04
    4.999997    1.067599    1.019655  9.65e-04  6.76e-04
    5.099997    1.089604    1.035693  8.03e-04  7.36e-04
    5.199997    1.110706    1.056442  2.65e-04  2.25e-04
    5.299997    1.130660    1.081611  5.34e-04  9.95e-04
    5.399997    1.147728    1.107763  2.87e-05  4.30e-05
    5.499997    1.163685    1.137674  7.32e-05  6.83e-05
    5.599997    1.178056    1.169986  1.45e-05  5.81e-05
    5.699996    1.190587    1.204226  5.95e-05  3.52e-04
    5.799996    1.200927    1.238122  2.22e-04  9.88e-04
    5.899996    1.210033    1.276366  1.83e-04  1.17e-03
    5.999996    1.216527    1.311424  5.98e-05  2.85e-04
    6.099996    1.221220    1.347143  1.05e-04  1.13e-03
    6.199996    1.224028    1.384268  1.11e-05  2.56e-04
    6.299996    1.224698    1.421229  1.76e-05  1.08e-03
    6.399996    1.223300    1.455333  5.30e-05  4.98e-04
    6.499996    1.219980    1.487868  2.35e-05  4.59e-04
    6.599996    1.214583    1.520004  3.90e-05  3.70e-04
    6.699996    1.207035    1.551118  1.07e-04  3.62e-04
    6.799995    1.197537    1.580039  2.52e-04  7.64e-04
    6.899995    1.186375    1.606151  1.60e-04  4.00e-04
    6.999995    1.173705    1.629493  2.69e-04  5.32e-04
   ------------------------------------------------------

Final Solver Statistics:
   Internal solver steps = 276 (attempted = 278)
   Total number of error test failures = 2
   Total RHS evals:  Fe = 0,  Fi = 5594
   Total mass matrix setups = 1393
   Total mass matrix solves = 1669
   Total mass times evals = 4477
   Total number of Jacobian evaluations = 151
   Total linear solver setups = 162
   Total number of Nonlinear iterations = 4201
   Total number of Nonlinear convergence failures = 150
   Errors: u = 0.000619703, v = 0.000587801, total = 0.000603963
