
Multirate nonlinear Kvaerno-Prothero-Robinson test problem:
    time domain:  (0,5]
    hs = 0.01
    hf = 0.0001
    G = -100
    w = 100
    e = 0.5
    solver: exp-3/none (explicit slow, no fast)
        t           u           v       uerr      verr
   ------------------------------------------------------
    0.000000    1.224745    1.732051  0.00e+00  0.00e+00
    0.100000    1.223766    1.078824  4.11e-05  1.36e-03
    0.200000    1.220622    1.551451  4.74e-05  3.49e-04
    0.300000    1.215672    1.468235  7.86e-05  4.97e-04
    0.400000    1.208474    1.153458  5.02e-05  1.13e-03
    0.500000    1.199502    1.721904  5.84e-06  3.70e-06
    0.600000    1.188559    1.024791  1.67e-06  1.27e-03
    0.700000    1.175717    1.622380  4.70e-05  3.68e-04
    0.800000    1.161272    1.375506  8.58e-05  8.71e-04
    0.900000    1.144848    1.244866  5.59e-05  8.95e-04
    1.000000    1.127038    1.691996  2.80e-05  1.55e-04
    1.100000    1.107591    1.000828  1.79e-05  3.38e-04
    1.200000    1.086788    1.677223  3.25e-05  3.26e-04
    1.300000    1.064865    1.278812  8.86e-05  1.03e-03
    1.400000    1.041571    1.341618  5.48e-05  8.32e-04
    1.500000    1.017572    1.643290  4.15e-05  3.44e-04
    1.600000    0.992635    1.011467  3.83e-05  6.42e-04
    1.700000    0.967231    1.713979  2.12e-05  7.55e-05
    1.800000    0.941566    1.185048  7.81e-05  1.17e-03
    1.900000    0.915563    1.436868  5.44e-05  5.87e-04
    2.000000    0.889959    1.577454  5.64e-05  3.64e-04
    2.100000    0.864574    1.054892  5.14e-05  1.57e-03
    2.200000    0.840074    1.731124  1.45e-05  2.04e-04
    2.300000    0.816661    1.102073  4.47e-05  1.03e-03
    2.400000    0.794495    1.524756  5.13e-05  3.00e-04
    2.500000    0.774297    1.497482  6.98e-05  4.99e-04
    2.600000    0.755954    1.125545  5.90e-05  1.32e-03
    2.700000    0.740245    1.727747  1.31e-06  2.12e-04
    2.799999    0.727260    1.039415  1.25e-05  1.03e-03
    2.899999    0.717253    1.600615  4.77e-05  1.60e-04
    2.999999    0.710717    1.407127  8.09e-05  7.69e-04
    3.099999    0.707357    1.214513  5.56e-05  1.28e-04
    3.199999    0.707730    1.704637  2.02e-05  6.22e-04
    3.299999    0.711509    1.007089  1.07e-05  2.70e-03
    3.399999    0.718711    1.660763  3.87e-05  4.85e-04
    3.499999    0.729320    1.312707  9.30e-05  2.65e-03
    3.599999    0.742647    1.309532  6.46e-05  5.93e-04
    3.699999    0.758945    1.661823  3.19e-05  6.16e-04
    3.799999    0.777466    1.005412  4.05e-05  1.01e-03
    3.899998    0.798109    1.703434  3.47e-05  6.04e-04
    3.999998    0.820554    1.216950  7.95e-05  2.63e-03
    4.099998    0.844079    1.405502  6.97e-05  9.10e-04
    4.199998    0.868877    1.600955  4.55e-05  2.19e-04
    4.299998    0.894148    1.038697  5.58e-05  2.81e-04
    4.399998    0.919936    1.726392  2.77e-05  1.15e-03
    4.499998    0.945890    1.129764  5.68e-05  2.94e-03
    4.599998    0.971488    1.495926  6.93e-05  1.12e-03
    4.699998    0.996956    1.525484  5.89e-05  4.80e-04
    4.799998    1.021576    1.100858  6.45e-05  2.31e-04
    4.899998    1.045577    1.729711  1.12e-05  1.20e-03
    4.999998    1.068585    1.059580  2.05e-05  3.15e-03
   ------------------------------------------------------

Final Solver Statistics:
   Steps: nsts = 500, nstf = 50308
   u error = 5.181e-05, v error = 1.153e-03, total error = 8.160e-04
   Total RHS evals:  Fs = 1501,  Ff = 151426
