
Multirate nonlinear Kvaerno-Prothero-Robinson test problem:
    time domain:  (0,5]
    hs = 0.002
    hf = 2e-05
    G = -100
    w = 100
    e = 0.5
    solver: exp-3/exp-3 (standard MIS)

        t           u           v       uerr      verr
   ------------------------------------------------------
    0.000000    1.224745    1.732051  0.00e+00  0.00e+00
    0.100000    1.223702    1.077358  2.25e-05  1.05e-04
    0.200000    1.220669    1.551751  3.58e-07  4.84e-05
    0.300000    1.215548    1.467686  4.58e-05  5.15e-05
    0.400000    1.208547    1.154508  2.30e-05  7.50e-05
    0.500000    1.199440    1.721886  5.60e-05  2.22e-05
    0.600000    1.188605    1.026322  4.83e-05  2.80e-03
    0.700000    1.175709    1.622876  5.52e-05  1.27e-04
    0.800000    1.161229    1.375747  4.27e-05  1.11e-03
    0.900000    1.144858    1.247279  4.58e-05  1.52e-03
    1.000000    1.127050    1.691416  4.03e-05  4.25e-04
    1.100000    1.107588    1.003537  2.12e-05  3.05e-03
    1.200000    1.086830    1.673746  1.00e-05  3.80e-03
    1.300000    1.064837    1.278037  6.06e-05  2.56e-04
    1.400000    1.041588    1.342331  3.78e-05  1.19e-04
    1.500000    1.017525    1.639607  5.60e-06  3.34e-03
    1.600000    0.992705    1.015450  3.15e-05  3.34e-03
    1.700000    0.967269    1.708360  1.63e-05  5.69e-03
    1.800000    0.941550    1.188109  6.22e-05  4.23e-03
    1.900000    0.915640    1.437516  2.23e-05  6.13e-05
    2.000000    0.889947    1.573444  4.42e-05  3.65e-03
    2.100000    0.864701    1.063886  7.59e-05  7.42e-03
    2.200000    0.840133    1.718726  4.38e-05  1.22e-02
    2.300000    0.816727    1.107614  1.11e-04  6.57e-03
    2.400000    0.794583    1.519723  3.70e-05  5.33e-03
    2.500000    0.774318    1.491927  9.00e-05  5.06e-03
    2.600000    0.756055    1.133774  4.16e-05  6.91e-03
    2.700000    0.740256    1.716139  1.05e-05  1.14e-02
    2.799999    0.727342    1.054149  9.47e-05  1.58e-02
    2.899999    0.717305    1.594633  3.52e-06  6.14e-03
    2.999999    0.710705    1.406722  6.85e-05  3.64e-04
    3.099999    0.707407    1.223548  5.42e-06  9.16e-03
    3.199999    0.707712    1.692584  2.98e-06  1.14e-02
    3.299999    0.711533    1.020961  1.35e-05  1.66e-02
    3.399999    0.718665    1.651077  8.40e-05  1.02e-02
    3.499999    0.729230    1.315509  3.70e-06  5.45e-03
    3.599999    0.742616    1.317542  9.52e-05  7.42e-03
    3.699999    0.758826    1.649151  8.70e-05  1.21e-02
    3.799999    0.777456    1.025782  5.00e-05  2.14e-02
    3.899998    0.797959    1.689888  1.85e-04  1.41e-02
    3.999998    0.820428    1.227799  4.55e-05  1.35e-02
    4.099998    0.843963    1.410055  1.86e-04  3.64e-03
    4.199998    0.868698    1.590664  1.34e-04  1.01e-02
    4.299998    0.894096    1.062955  1.07e-04  2.45e-02
    4.399998    0.919748    1.710198  2.15e-04  1.73e-02
    4.499998    0.945762    1.149790  7.14e-05  2.30e-02
    4.599998    0.971310    1.495679  2.47e-04  1.36e-03
    4.699998    0.996773    1.519193  1.25e-04  5.81e-03
    4.799998    1.021510    1.126351  1.30e-04  2.53e-02
    4.899998    1.045373    1.710851  2.15e-04  2.01e-02
    4.999998    1.068492    1.088927  7.26e-05  3.25e-02
   ------------------------------------------------------

Final Solver Statistics:
   Steps: nsts = 2500, nstf = 242264
   u error = 8.929e-05, v error = 1.116e-02, total error = 7.891e-03
   Total RHS evals:  Fs = 7501,  Ff = 729294
