
Nonlinear Kvaerno-Prothero-Robinson test problem with mass matrix:
    time domain:  (-3,7]
    Fixed mass matrix
    ARK solver, order = 4
    Newton nonlinear solver
    Adaptive run with reltol = 1e-05, abstol = 1e-11
    G = -10
    g = 10
    e = 0.5

        t           u           v       uerr      verr
   ------------------------------------------------------
   -3.000000    0.710636    1.363407  0.00e+00  0.00e+00
   -2.900000    0.717036    1.329794  2.65e-04  2.86e-03
   -2.800000    0.727191    1.291540  5.61e-05  1.19e-03
   -2.700000    0.741021    1.252177  7.75e-04  1.86e-03
   -2.600000    0.756904    1.216235  8.91e-04  2.17e-03
   -2.500000    0.773255    1.185988  9.72e-04  2.13e-03
   -2.400001    0.793714    1.152709  8.32e-04  1.82e-03
   -2.300001    0.817388    1.119117  7.72e-04  8.36e-04
   -2.200001    0.841683    1.089592  1.59e-03  1.97e-03
   -2.100001    0.863740    1.067197  8.86e-04  9.93e-04
   -2.000001    0.892387    1.042311  2.48e-03  2.06e-03
   -1.900001    0.917742    1.025625  2.12e-03  8.74e-04
   -1.800001    0.937443    1.016685  4.04e-03  3.69e-03
   -1.700001    0.971828    1.003736  4.58e-03  4.22e-04
   -1.600001    0.989579    1.001921  3.09e-03  1.71e-03
   -1.500001    1.020051    1.001586  2.52e-03  3.34e-04
   -1.400001    1.041486    1.008901  1.39e-04  1.65e-03
   -1.300001    1.062261    1.017027  2.52e-03  1.03e-03
   -1.200001    1.089700    1.036318  2.88e-03  2.90e-03
   -1.100001    1.105610    1.052331  2.00e-03  6.61e-04
   -1.000001    1.126023    1.075249  9.87e-04  1.10e-03
   -0.900001    1.147019    1.106776  2.11e-03  3.75e-03
   -0.800001    1.159889    1.131512  1.30e-03  1.03e-03
   -0.700001    1.173999    1.161137  1.77e-03  3.24e-03
   -0.600001    1.190184    1.202249  1.63e-03  4.19e-03
   -0.500001    1.199483    1.234451  1.32e-05  1.34e-03
   -0.400001    1.206989    1.265005  1.53e-03  4.08e-03
   -0.300001    1.215679    1.305935  8.57e-05  3.78e-04
   -0.200001    1.221137    1.346209  4.68e-04  4.07e-03
   -0.100001    1.223090    1.377008  6.35e-04  1.46e-03
   -0.000001    1.224279    1.409971  4.66e-04  4.24e-03
    0.099999    1.223701    1.452442  2.34e-05  3.36e-03
    0.199999    1.220132    1.484828  5.38e-04  2.04e-03
    0.299999    1.215557    1.511833  3.71e-05  3.26e-03
    0.399999    1.208869    1.543771  3.45e-04  2.00e-03
    0.499999    1.198310    1.577955  1.19e-03  3.34e-03
    0.599999    1.188042    1.601153  5.15e-04  2.97e-04
    0.699999    1.176993    1.622833  1.23e-03  3.27e-03
    0.799999    1.160519    1.649462  6.67e-04  1.02e-03
    0.899999    1.143004    1.669935  1.90e-03  1.60e-03
    0.999999    1.127661    1.684119  6.51e-04  1.55e-03
    1.099999    1.109592    1.698616  1.98e-03  1.74e-03
    1.199999    1.084405    1.713538  2.42e-03  1.22e-03
    1.299999    1.063398    1.721379  1.38e-03  1.20e-04
    1.399999    1.043922    1.726673  2.30e-03  1.17e-03
    1.500000    1.018326    1.731179  7.95e-04  1.48e-04
    1.600000    0.989526    1.731696  3.15e-03  2.31e-04
    1.700000    0.967521    1.729032  2.68e-04  6.11e-04
    1.800000    0.945825    1.724935  4.34e-03  4.50e-04
    1.900000    0.913039    1.714397  2.58e-03  2.08e-03
    2.000000    0.892861    1.706694  2.96e-03  1.03e-03
    2.100000    0.862988    1.689963  1.64e-03  2.14e-03
    2.200000    0.842916    1.677460  2.83e-03  1.60e-03
    2.299999    0.813624    1.654042  2.99e-03  2.98e-03
    2.399999    0.796310    1.636495  1.76e-03  8.10e-04
    2.499999    0.776529    1.614297  2.30e-03  2.32e-03
    2.599999    0.754433    1.583761  1.58e-03  2.27e-03
    2.699999    0.738869    1.554971  1.38e-03  3.03e-03
    2.799999    0.727130    1.526581  1.17e-04  1.49e-03
    2.899999    0.717922    1.496690  6.21e-04  2.77e-04
    2.999999    0.711409    1.464718  7.73e-04  1.46e-03
    3.099999    0.708034    1.430953  6.22e-04  2.11e-03
    3.199999    0.708082    1.395855  3.72e-04  2.43e-03
    3.299999    0.711624    1.359894  1.05e-04  2.60e-03
    3.399998    0.718589    1.323488  1.61e-04  2.71e-03
    3.499998    0.728802    1.287011  4.25e-04  2.79e-03
    3.599998    0.742031    1.250837  6.81e-04  2.85e-03
    3.699998    0.757990    1.215369  9.23e-04  2.87e-03
    3.799998    0.776358    1.181041  1.15e-03  2.85e-03
    3.899998    0.796792    1.148313  1.35e-03  2.78e-03
    3.999998    0.818942    1.117665  1.53e-03  2.68e-03
    4.099998    0.842461    1.089591  1.69e-03  2.52e-03
    4.199998    0.867012    1.064586  1.82e-03  2.31e-03
    4.299998    0.892275    1.043128  1.93e-03  2.05e-03
    4.399998    0.916041    1.027125  3.92e-03  3.21e-03
    4.499998    0.949035    1.011397  3.20e-03  2.25e-04
    4.599998    0.967863    1.004831  3.69e-03  1.68e-03
    4.699997    1.000576    1.000381  3.68e-03  3.42e-04
    4.799997    1.019536    1.003165  2.10e-03  1.25e-03
    4.899997    1.045780    1.008799  1.92e-04  6.33e-05
    4.999997    1.070408    1.022570  1.84e-03  2.24e-03
    5.099997    1.087301    1.034973  3.11e-03  1.46e-03
    5.199997    1.112834    1.058576  1.86e-03  1.91e-03
    5.299997    1.131102    1.082939  9.76e-04  2.32e-03
    5.399997    1.145270    1.104999  2.49e-03  2.81e-03
    5.499997    1.164294    1.138685  5.36e-04  9.43e-04
    5.599997    1.179402    1.173611  1.36e-03  3.68e-03
    5.699996    1.189233    1.201977  1.29e-03  1.90e-03
    5.799996    1.199842    1.235659  1.31e-03  3.45e-03
    5.899996    1.210965    1.279510  1.11e-03  4.32e-03
    5.999996    1.216457    1.313056  1.30e-04  1.35e-03
    6.099996    1.220283    1.344126  1.04e-03  4.14e-03
    6.199996    1.224009    1.384331  2.96e-05  1.93e-04
    6.299996    1.224688    1.424128  2.77e-05  3.98e-03
    6.399996    1.222878    1.453561  4.75e-04  1.27e-03
    6.499996    1.220023    1.484226  6.63e-05  4.10e-03
    6.599996    1.214105    1.523263  4.39e-04  2.89e-03
    6.699996    1.206269    1.552669  8.73e-04  1.91e-03
    6.799995    1.198137    1.576409  3.47e-04  2.87e-03
    6.899995    1.187249    1.603774  7.15e-04  1.98e-03
    6.999995    1.171736    1.632791  1.70e-03  2.77e-03
   ------------------------------------------------------

Final Solver Statistics:
   Internal solver steps = 80 (attempted = 82)
   Total number of error test failures = 2
   Total RHS evals:  Fe = 495,  Fi = 1086
   Total mass matrix setups = 416
   Total mass matrix solves = 657
   Total mass times evals = 1081
   Total number of Jacobian evaluations = 21
   Total linear solver setups = 21
   Total number of Nonlinear iterations = 1001
   Total number of Nonlinear convergence failures = 13
   Errors: u = 0.00178844, v = 0.00231556, total = 0.00206886
