
2D Heat PDE test problem:
 --------------------------------- 
  kx             = 1
  ky             = 1
  forcing        = 1
  tf             = 1
  xu             = 1
  yu             = 1
  nx             = 32
  ny             = 32
  dx             = 0.0322581
  dy             = 0.0322581
 --------------------------------- 
  rtol           = 1e-05
  atol           = 1e-10
 --------------------------------- 
  linear solver  = PCG
  lin iters      = 20
  eps lin        = 0
  prec           = 1
  msbp           = 0
 --------------------------------- 
  output         = 1
 --------------------------------- 

          t                     ||u||_rms                max error      
 -----------------------------------------------------------------------
          0.000000e+00             3.632813e-01             0.000000e+00
          5.000000e-02             3.551987e-01             2.454758e-03
          1.000000e-01             3.296221e-01             2.893984e-03
          1.500000e-01             2.894445e-01             2.833605e-03
          2.000000e-01             2.387102e-01             2.522111e-03
          2.500000e-01             1.824258e-01             2.078384e-03
          3.000000e-01             1.261156e-01             1.577139e-03
          3.500000e-01             7.529881e-02             1.082256e-03
          4.000000e-01             3.495108e-02             6.456822e-04
          4.500000e-01             9.022505e-03             3.109369e-04
          5.000001e-01             5.460613e-05             1.144335e-04
          5.500001e-01             8.918651e-03             7.311068e-05
          6.000001e-01             3.475278e-02             1.914427e-04
          6.500001e-01             7.502614e-02             4.576892e-04
          7.000001e-01             1.257962e-01             8.450747e-04
          7.500001e-01             1.820943e-01             1.317918e-03
          8.000001e-01             2.384091e-01             1.829445e-03
          8.500001e-01             2.892278e-01             2.328694e-03
          9.000002e-01             3.295747e-01             2.762198e-03
          9.500002e-01             3.555046e-01             3.100932e-03
          1.000000e+00             3.644748e-01             3.298342e-03
 -----------------------------------------------------------------------

Final integrator statistics:
  Steps            = 213
  Error test fails = 3
  RHS evals        = 290
  NLS iters        = 288
  NLS fails        = 26
  LS iters         = 3827
  LS fails         = 134
  LS setups        = 78
  LS RHS evals     = 3827
  Jv products      = 3827

  Avg NLS iters per step    = 1.352113
  Avg LS iters per NLS iter = 13.288195

  Preconditioner setups = 28
  Preconditioner solves = 3827

  Max error = 3.298342e-03
