 
3-species kinetics problem

At t = 2.6396e-01      y =  9.899645e-01    3.470491e-05    1.000006e-02
    rootsfound[] =   0   1
At t = 4.0000e-01      y =  9.851704e-01    3.386412e-05    1.479506e-02
At t = 4.0000e+00      y =  9.055083e-01    2.240381e-05    9.446871e-02
At t = 4.0000e+01      y =  7.158460e-01    9.185090e-06    2.841441e-01
At t = 4.0000e+02      y =  4.505309e-01    3.222900e-06    5.494652e-01
At t = 4.0000e+03      y =  1.832264e-01    8.945700e-07    8.167721e-01
At t = 4.0000e+04      y =  3.898884e-02    1.622006e-07    9.610105e-01
At t = 4.0000e+05      y =  4.940053e-03    1.985664e-08    9.950596e-01
At t = 4.0000e+06      y =  5.169773e-04    2.068969e-09    9.994828e-01
At t = 2.0792e+07      y =  1.000000e-04    4.000395e-10    9.999001e-01
    rootsfound[] =  -1   0
At t = 4.0000e+07      y =  5.202278e-05    2.081018e-10    9.999480e-01
At t = 4.0000e+08      y =  5.203188e-06    2.081286e-11    9.999949e-01
At t = 4.0000e+09      y =  5.195392e-07    2.078158e-12    9.999996e-01
At t = 4.0000e+10      y =  5.908730e-08    2.363492e-13    9.999999e-01

Final Statistics:
nst = 568    nfe = 797    nsetups = 101    nfeLS = 0      nje = 14
nni = 793    nnf = 6      netf = 18        ncfn = 3       nge = 592

