
idaFoodWeb_bnd_omp: Predator-prey DAE OpenMP example problem for IDA 

Number of species ns: 2     Mesh dimensions: 20 x 20     System size: 800
Tolerance parameters:  rtol = 1e-05   atol = 1e-05
Linear solver: SUNBAND,  Band parameters mu = 40, ml = 40
CalcIC called to correct initial predator concentrations.

-----------------------------------------------------------
  t        bottom-left  top-right    | nst  k      h
-----------------------------------------------------------

0.00e+00   1.0000e+01   1.0000e+01   |   0  0   1.6310e-08
           1.0000e+05   1.0000e+05   |

1.00e-03   1.0318e+01   1.0827e+01   |  48  3   2.7057e-05
           1.0319e+05   1.0822e+05   |

1.00e-02   1.6188e+02   1.9735e+02   | 188  2   8.7242e-05
           1.6189e+06   1.9734e+06   |

1.00e-01   2.4019e+02   2.7072e+02   | 307  1   4.0201e-02
           2.4019e+06   2.7072e+06   |

4.00e-01   2.4019e+02   2.7072e+02   | 310  1   3.2161e-01
           2.4019e+06   2.7072e+06   |

7.00e-01   2.4019e+02   2.7072e+02   | 311  1   6.4322e-01
           2.4019e+06   2.7072e+06   |

1.00e+00   2.4019e+02   2.7072e+02   | 311  1   6.4322e-01
           2.4019e+06   2.7072e+06   |

-----------------------------------------------------------
Final run statistics: 

Number of steps                    = 311
Number of residual evaluations     = 3363
Number of Jacobian evaluations     = 35
Number of nonlinear iterations     = 526
Number of error test failures      = 1
Number of nonlinear conv. failures = 11
num_threads = 4

