
2D Heat PDE test problem:
 --------------------------------- 
  nprocs         = 4
  npx            = 2
  npy            = 2
 --------------------------------- 
  Dux            = 0.001
  Duy            = 0.001
  Dvx            = 0.001
  Dvy            = 0.001
  A              = 1
  B              = 3
 --------------------------------- 
  tf             = 10
  xl             = -0.5
  xu             = 0.5
  yl             = -0.5
  yu             = 0.5
 --------------------------------- 
  nx             = 128
  ny             = 128
  dx             = 0.0078125
  dy             = 0.0078125
  nxl (proc 0)   = 64
  nyl (proc 0)   = 64
  is  (proc 0)   = 0
  ie  (proc 0)   = 63
  je  (proc 0)   = 0
  je  (proc 0)   = 63
 --------------------------------- 
  rtol_slow      = 0.0001
  atol_slow      = 1e-08
  rtol_fast      = 1e-05
  atol_fast      = 1e-09
  order_fast     = 3
  fixed h slow   = 0.0762939
  fixed h fast   = 0
  controller     = I
  linear         = 1
 --------------------------------- 
  linear solver  = PCG
  lin iters      = 10
  eps lin        = 0
  prec           = 1
  msbp           = 0
 --------------------------------- 
  output         = 1
 --------------------------------- 

          t                     ||u||_rms      
 ----------------------------------------------
 0.000000000000000e+00    3.172144385112383e+00
 5.000000000000000e-01    3.136725902108103e+00
 1.000000000000000e+00    3.125062723968630e+00
 1.500000000000000e+00    3.152641767474593e+00
 2.000000000000000e+00    3.252087892793326e+00
 2.500000000000000e+00    3.404789707300682e+00
 3.000000000000000e+00    3.570168692775724e+00
 3.500000000000000e+00    3.699857008091542e+00
 4.000000000000000e+00    3.694326556293848e+00
 4.500000000000000e+00    3.627843453161714e+00
 5.000000000000000e+00    3.474835579161443e+00
 5.500000000000000e+00    3.343631683541163e+00
 6.000000000000000e+00    3.233852876337871e+00
 6.500000000000000e+00    3.082275229807438e+00
 7.000000000000000e+00    2.890614412843843e+00
 7.500000000000000e+00    2.837341524605920e+00
 8.000000000000000e+00    2.898435722388906e+00
 8.500000000000000e+00    3.140292462155306e+00
 9.000000000000000e+00    3.442454938973031e+00
 9.500000000000000e+00    3.740595505936025e+00
 1.000000000000000e+01    4.014626249812268e+00
 ----------------------------------------------

Final integrator statistics:

Slow Integrator:
  Steps            = 132
  RHS diffusion    = 792
  NLS iters        = 396
  NLS fails        = 0
  LS iters         = 2091
  LS fails         = 0
  LS setups        = 0
  LS RHS evals     = 2091
  Jv products      = 2091

  Avg NLS iters per step attempt = 3.000000
  Avg LS iters per NLS iter      = 5.280303

  Preconditioner setups = 0
  Preconditioner solves = 2091

Fast Integrator:
  Steps            = 2057
  Error test fails = 392
  RHS reaction     = 4991
  NLS iters        = 3803
  NLS fails        = 0

