
2D Heat PDE test problem:
 --------------------------------- 
  nprocs         = 4
  npx            = 2
  npy            = 2
 --------------------------------- 
  Dux            = 0.001
  Duy            = 0.001
  Dvx            = 0.001
  Dvy            = 0.001
  A              = 1
  B              = 3
 --------------------------------- 
  tf             = 10
  xl             = -0.5
  xu             = 0.5
  yl             = -0.5
  yu             = 0.5
 --------------------------------- 
  nx             = 128
  ny             = 128
  dx             = 0.0078125
  dy             = 0.0078125
  nxl (proc 0)   = 64
  nyl (proc 0)   = 64
  is  (proc 0)   = 0
  ie  (proc 0)   = 63
  je  (proc 0)   = 0
  je  (proc 0)   = 63
 --------------------------------- 
  rtol           = 0.0001
  atol           = 1e-08
  order          = 3
  fixed h        = 0
  controller     = I
  linear         = 1
 --------------------------------- 
  linear solver  = PCG
  lin iters      = 10
  eps lin        = 0
  prec           = 1
  msbp           = 0
 --------------------------------- 
  output         = 1
 --------------------------------- 

          t                     ||u||_rms      
 ----------------------------------------------
 0.000000000000000e+00    3.172144385112383e+00
 5.000000000000000e-01    3.136709367363515e+00
 1.000000000000000e+00    3.125056077527710e+00
 1.500000000000000e+00    3.152635465931791e+00
 2.000000000000000e+00    3.252104804904224e+00
 2.500000000000000e+00    3.404901138456975e+00
 3.000000000000000e+00    3.570334073140693e+00
 3.500000000000000e+00    3.700341471616635e+00
 4.000000000000000e+00    3.694854454063622e+00
 4.500000000000000e+00    3.628332900815146e+00
 5.000000000000000e+00    3.475263331820284e+00
 5.500000000000000e+00    3.343915128346256e+00
 6.000000000000000e+00    3.234045516238267e+00
 6.500000000000000e+00    3.082497443644274e+00
 7.000000000000000e+00    2.890568594000767e+00
 7.500000000000000e+00    2.837301834462614e+00
 8.000000000000000e+00    2.898254575496577e+00
 8.500000000000000e+00    3.140144802315767e+00
 9.000000000000000e+00    3.442343111506579e+00
 9.500000000000000e+00    3.740528071262636e+00
 1.000000000000000e+01    4.014597191412464e+00
 ----------------------------------------------

Final integrator statistics:
  Steps            = 82
  Step attempts    = 94
  Error test fails = 12
  RHS reaction     = 366
  RHS diffusion    = 648
  NLS iters        = 282
  NLS fails        = 0
  LS iters         = 2186
  LS fails         = 85
  LS setups        = 0
  LS RHS evals     = 2186
  Jv products      = 2186

  Avg NLS iters per step attempt = 3.000000
  Avg LS iters per NLS iter      = 7.751773

  Preconditioner setups = 0
  Preconditioner solves = 2186

