
Conserved Exponential Entropy problem:
   method     = DIRK
   reltol     = 1.0e-06
   abstol     = 1.0e-10
   relaxation = ON

 step   t              u              v              e              delta e
 -------------------------------------------------------------------------------
    0   0.000000e+00   1.000000e+00   5.000000e-01   4.367003e+00   0.000000e+00
   40   4.754706e-02   9.164641e-01   6.241023e-01   4.367003e+00   0.000000e+00
   80   1.007767e-01   8.104351e-01   7.505274e-01   4.367003e+00   0.000000e+00
  120   1.529755e-01   6.933819e-01   8.614263e-01   4.367003e+00   1.776357e-15
  160   2.048472e-01   5.643101e-01   9.588783e-01   4.367003e+00  -1.776357e-15
  200   2.372826e-01   4.773049e-01   1.013518e+00   4.367003e+00  -7.993606e-15
  240   2.766247e-01   3.655244e-01   1.073545e+00   4.367003e+00  -5.329071e-15
  280   3.077561e-01   2.724314e-01   1.116403e+00   4.367003e+00  -2.664535e-15
  320   3.433279e-01   1.613167e-01   1.160631e+00   4.367003e+00  -7.105427e-15
  360   3.634221e-01   9.643033e-02   1.183496e+00   4.367003e+00  -8.881784e-15
  400   3.783520e-01   4.727620e-02   1.199540e+00   4.367003e+00  -1.243450e-14
  440   3.896150e-01   9.680080e-03   1.211130e+00   4.367003e+00  -1.421085e-14
  480   3.929227e-01  -1.443449e-03   1.214451e+00   4.367003e+00  -1.065814e-14
  520   3.980913e-01  -1.889835e-02   1.219568e+00   4.367003e+00  -7.993606e-15
  560   4.129378e-01  -6.952620e-02   1.233775e+00   4.367003e+00  -1.332268e-14
  600   4.321170e-01  -1.359705e-01   1.251086e+00   4.367003e+00  -9.769963e-15
  640   4.583958e-01  -2.288212e-01   1.272995e+00   4.367003e+00  -1.154632e-14
  680   4.988202e-01  -3.754335e-01   1.302916e+00   4.367003e+00  -9.769963e-15
  720   5.525395e-01  -5.765769e-01   1.336365e+00   4.367003e+00  -1.065814e-14
  760   6.065620e-01  -7.850850e-01   1.363773e+00   4.367003e+00  -7.105427e-15
  800   6.755478e-01  -1.058804e+00   1.391315e+00   4.367003e+00  -8.881784e-15
  840   7.567249e-01  -1.389311e+00   1.415308e+00   4.367003e+00  -1.065814e-14
  880   8.813831e-01  -1.909443e+00   1.439560e+00   4.367003e+00  -3.552714e-15
  920   1.017967e+00  -2.490544e+00   1.454919e+00   4.367003e+00   7.105427e-15
  960   1.298150e+00  -3.700622e+00   1.468403e+00   4.367003e+00   1.421085e-14
 1000   1.991632e+00  -6.723664e+00   1.473802e+00   4.367003e+00   1.598721e-14
 -------------------------------------------------------------------------------

Final Solver Statistics:
   Internal solver steps = 1022 (attempted = 1394)
   Total number of error test failures = 107
   Total RHS evals:  Fe = 0,  Fi = 9971
   Total number of Newton iterations = 5786
   Total number of linear solver convergence failures = 36
   Total linear solver setups = 878
   Total number of Jacobian evaluations = 303
   Total RHS evals for setting up the linear system = 0
   Total Relaxation fails     = 265
   Total Relaxation Fn evals  = 7162
   Total Relaxation Jac evals = 8811
   Total Relaxation NLS iters = 4629
   Total Relaxation NLS fails = 255

