
Adaptive nested multirate nonlinear Kvaerno-Prothero-Robinson test problem:
    time domain:  (0,5]
    G = -10
    e = 0.5
    al = -1
    be = 1
    om = 50

  Slow integrator: ARKODE_MRI_GARK_ERK45a (explicit)

  Intermediate integrator: ARKODE_MRI_GARK_ERK45a (explicit)
    MRI-HTOL controller (using I for H) based on order of MRI embedding
    rtol = 0.0001, atol = 1e-11
    fast error accumulation strategy = 0

  Fast order 4
    I controller for fast time scale, based on order of RK embedding
    fast_rtol = 0.0001, atol = 1e-11
        t          u          v          w        uerr       verr       werr
   ----------------------------------------------------------------------------
    0.000000   1.581139   1.732051   1.732051   0.00e+00   0.00e+00   0.00e+00
    0.250000   1.575568   1.691653   0.982638   8.18e-06   4.44e-07   9.29e-05
    0.500000   1.560231   1.085823   1.209956   1.49e-05   8.07e-06   4.30e-04
    0.750000   1.536102   1.469088   1.256444   3.00e-05   3.10e-05   2.84e-03
    1.000000   1.504205   1.644139   1.534738   5.98e-05   8.65e-06   4.35e-04
    1.250000   1.465597   1.089258   1.075900   2.87e-05   3.16e-06   1.15e-04
    1.500000   1.422645   1.424070   1.332193   2.34e-06   7.84e-09   3.97e-08
    1.750000   1.377092   1.701792   1.324408   4.49e-06   2.63e-05   3.93e-04
    2.000000   1.332370   1.534071   0.886999   1.10e-10   3.34e-13   6.01e-12
    2.250000   1.290314   1.296504   1.093453   5.11e-06   1.44e-05   3.29e-03
    2.500000   1.254200   1.020992   0.935999   1.43e-08   5.85e-10   1.37e-07
    2.750000   1.229247   1.082903   1.598229   8.41e-06   2.44e-06   5.59e-04
    3.000000   1.216144   1.091610   1.130624   2.39e-05   4.74e-06   1.40e-03
    3.250000   1.216297   1.240783   1.639081   3.44e-06   8.55e-07   6.50e-06
    3.500000   1.230701   1.413878   1.540425   6.51e-05   1.73e-04   2.06e-03
    3.750000   1.254951   1.365115   1.401758   2.29e-05   7.27e-06   2.13e-04
    4.000000   1.287747   0.974938   1.690643   3.14e-06   1.77e-05   2.69e-03
    4.250000   1.328130   1.675308   0.966312   2.42e-06   7.03e-09   1.21e-05
    4.500000   1.371964   1.605167   1.479730   5.60e-07   4.61e-08   2.75e-08
    4.750000   1.417588   1.514725   1.160359   8.37e-06   3.40e-07   4.86e-06
    5.000000   1.461167   1.473354   1.644126   6.42e-07   1.35e-06   9.85e-05
   ----------------------------------------------------------------------------

Final Solver Statistics:
   Slow steps = 239  (attempts = 309,  fails = 70,  innerfails = 0)
   Intermediate steps = 2820  (attempts = 2955,  fails = 135,  innerfails = 0)
   Fast steps = 87774  (attempts = 122683,  fails = 34909)
   u error = 9.45885e-05, v error = 0.000106298, total error = 0.00175566
   Relative accuracy = 94.0089
   Total RHS evals:  Fse = 1477, Fsi = 0, Fme = 14883, Fmi = 0, Ff = 496888
