[ERROR][rank 0][/__w/sundials/sundials/src/arkode/arkode.c:823][ARKodeEvolve] At t = 0.000940618529904891, mxstep steps taken before reaching tout.

SUNDIALS_ERROR: ARKodeEvolve() failed with flag = -1


Analytical ODE test problem:
    lambda = -1e+06
   reltol = 1.0e-08
   abstol = 1.0e-08

        t           u
   ---------------------
   ---------------------

Final Statistics:
Current time                  = 0.000940618529904891
Steps                         = 1000
Step attempts                 = 1000
Stability limited steps       = 998
Accuracy limited steps        = 1000
Error test fails              = 0
NLS step fails                = 0
Inequality constraint fails   = 0
Initial step size             = 1.93010111094261e-10
Last step size                = 9.40594059405941e-07
Current step size             = 9.40594059405941e-07
RHS fn evals                  = 2003
Number of dom_eig updates     = 1
Max. num. of stages used      = 2
Max. num. of stages allowed   = 200
Max. spectral radius          = 1010000
Min. spectral radius          = 1010000

ACCURACY at the final time   = 2.60967e-16
