
Adaptive nested multirate nonlinear Kvaerno-Prothero-Robinson test problem:
    time domain:  (0,5]
    G = -10
    e = 0.5
    al = -1
    be = 1
    om = 50

  Slow integrator: ARKODE_MRI_GARK_ERK45a (explicit)

  Intermediate integrator: ARKODE_MRI_GARK_ERK45a (explicit)
    MRI-HTOL controller (using I for H) based on order of MRI embedding
    rtol = 0.0001, atol = 1e-11
    fast error accumulation strategy = 0

  Fast order 4
    I controller for fast time scale, based on order of RK embedding
    fast_rtol = 0.0001, atol = 1e-11
        t          u          v          w        uerr       verr       werr
   ----------------------------------------------------------------------------
    0.000000   1.581139   1.732051   1.732051   0.00e+00   0.00e+00   0.00e+00
    0.250000   1.575488   1.691408   0.974824   1.07e-06   3.35e-06   1.64e-03
    0.500000   1.560021   1.082827   1.200536   3.89e-06   5.82e-08   4.38e-06
    0.750000   1.535586   1.465656   1.249481   2.84e-06   3.08e-07   1.29e-04
    1.000000   1.503452   1.640090   1.522324   4.72e-05   7.33e-06   7.41e-04
    1.250000   1.465112   1.081586   1.071820   5.67e-05   3.81e-05   1.39e-03
    1.500000   1.422716   1.419663   1.341169   3.04e-05   5.51e-05   1.46e-03
    1.750000   1.377280   1.700794   1.344496   2.04e-04   9.51e-05   4.59e-04
    2.000000   1.332798   1.537273   0.898640   9.68e-06   1.77e-06   1.71e-04
    2.250000   1.291076   1.301774   1.097570   2.16e-05   1.72e-07   5.20e-04
    2.500000   1.255431   1.030460   0.948586   2.49e-06   3.70e-06   5.07e-04
    2.750000   1.229888   1.091033   1.598956   2.01e-05   1.12e-05   2.98e-04
    3.000000   1.216557   1.096587   1.128121   1.46e-05   4.11e-06   2.45e-04
    3.250000   1.216056   1.244834   1.639460   1.95e-05   3.11e-07   6.47e-06
    3.500000   1.230832   1.416352   1.541911   1.72e-05   1.38e-07   2.33e-06
    3.750000   1.255359   1.368416   1.405133   2.51e-05   3.31e-06   6.26e-04
    4.000000   1.287946   0.978906   1.689817   6.37e-05   2.01e-05   1.88e-03
    4.250000   1.328133   1.676523   0.958706   4.29e-05   2.08e-05   1.22e-03
    4.500000   1.372003   1.605571   1.481984   8.80e-07   3.69e-08   4.35e-08
    4.750000   1.417588   1.515528   1.161513   1.65e-05   2.22e-05   6.06e-04
    5.000000   1.461234   1.473916   1.644001   4.45e-05   4.10e-05   1.42e-03
   ----------------------------------------------------------------------------

Final Solver Statistics:
   Slow steps = 269  (attempts = 345,  fails = 76,  innerfails = 0)
   Intermediate steps = 3096  (attempts = 3260,  fails = 164,  innerfails = 0)
   Fast steps = 80748  (attempts = 112929,  fails = 32181)
   u error = 8.72633e-05, v error = 0.0001079, total error = 0.00166232
   Relative accuracy = 160.219
   Total RHS evals:  Fse = 1651, Fsi = 0, Fme = 16409, Fmi = 0, Ff = 458512
