
2D Heat PDE test problem:
 --------------------------------- 
  nprocs         = 4
  npx            = 2
  npy            = 2
 --------------------------------- 
  kx             = 1
  ky             = 1
  forcing        = 1
  tf             = 1
  xu             = 1
  yu             = 1
  nx             = 64
  ny             = 64
  nxl (proc 0)   = 32
  nyl (proc 0)   = 32
  dx             = 0.015873
  dy             = 0.015873
 --------------------------------- 
  rtol           = 1e-05
  atol           = 1e-10
  order          = 3
  fixed h        = 0
  controller     = I
  linear         = 1
 --------------------------------- 
  linear solver  = PCG
  lin iters      = 10
  matvec         = 0
  eps lin        = 0
  prec           = 1
  msbp           = 0
  pfmg_relax     = 2
  pfmg_nrelax    = 2
 --------------------------------- 
  output         = 1
 --------------------------------- 

          t                     ||u||_rms                max error      
 -----------------------------------------------------------------------
 0.000000000000000e+00    3.691406249999997e-01    0.000000000000000e+00
 5.000000000000000e-02    3.602986319434093e-01    5.774417326016579e-04
 1.000000000000000e-01    3.341368530116742e-01    6.828785246434377e-04
 1.500000000000000e-01    2.933115381444916e-01    6.834466139040707e-04
 2.000000000000000e-01    2.418304058984733e-01    5.956825134640908e-04
 2.500000000000000e-01    1.847580507427081e-01    4.904855720838097e-04
 3.000000000000000e-01    1.276800467700173e-01    3.730421196167510e-04
 3.500000000000000e-01    7.618633579773297e-02    2.614494450732807e-04
 4.000000000000000e-01    3.531279890610749e-02    1.536556185479099e-04
 4.500000000000000e-01    9.065923241215390e-03    7.497504022043605e-05
 4.999999999999999e-01    1.353785950292641e-05    2.797949605784158e-05
 5.499999999999999e-01    9.040670742125882e-03    1.812865946103012e-05
 6.000000000000000e-01    3.526610376219265e-02    4.911500683482672e-05
 6.500000000000000e-01    7.612132030600652e-02    1.154672776377541e-04
 7.000000000000001e-01    1.276079503439818e-01    2.129192738150043e-04
 7.500000000000001e-01    1.846845285873553e-01    3.276114694829579e-04
 8.000000000000002e-01    2.417645101939117e-01    4.496970353569107e-04
 8.500000000000002e-01    2.932638337619066e-01    5.762193872254073e-04
 9.000000000000002e-01    3.341365952914144e-01    6.818334397309389e-04
 9.500000000000003e-01    3.603849071178083e-01    7.643953658387215e-04
 1.000000000000000e+00    3.694337662734846e-01    8.004826146303934e-04
 -----------------------------------------------------------------------

Final integrator statistics:
  Steps            = 72
  Step attempts    = 75
  Error test fails = 3
  RHS evals        = 603
  NLS iters        = 300
  NLS fails        = 0
  LS iters         = 1719
  LS fails         = 0
  LS setups        = 72
  LS RHS evals     = 1719
  Jv products      = 1719

  Avg NLS iters per step attempt = 4.000000
  Avg LS iters per NLS iter      = 5.730000

  Preconditioner setups = 72
  Preconditioner solves = 1719
  PFMG iters            = 1719

  Max error = 8.004826146303934e-04
