
2-species diurnal advection-diffusion problem

t = 7.20e+03   no. steps = 69   stepsize = 1.17e+02
At bottom left:  c1, c2 =    1.047e+04    2.527e+11 
At top right:    c1, c2 =    1.118e+04    2.700e+11 

t = 1.44e+04   no. steps = 96   stepsize = 5.38e+02
At bottom left:  c1, c2 =    6.659e+06    2.582e+11 
At top right:    c1, c2 =    7.301e+06    2.833e+11 

t = 2.16e+04   no. steps = 114   stepsize = 6.85e+02
At bottom left:  c1, c2 =    2.665e+07    2.993e+11 
At top right:    c1, c2 =    2.931e+07    3.313e+11 

t = 2.88e+04   no. steps = 128   stepsize = 1.99e+02
At bottom left:  c1, c2 =    8.702e+06    3.380e+11 
At top right:    c1, c2 =    9.650e+06    3.751e+11 

t = 3.60e+04   no. steps = 156   stepsize = 7.39e+01
At bottom left:  c1, c2 =    1.404e+04    3.387e+11 
At top right:    c1, c2 =    1.561e+04    3.765e+11 

t = 4.32e+04   no. steps = 197   stepsize = 1.72e+03
At bottom left:  c1, c2 =   -9.954e-06    3.382e+11 
At top right:    c1, c2 =    2.804e-05    3.804e+11 

t = 5.04e+04   no. steps = 202   stepsize = 1.17e+03
At bottom left:  c1, c2 =    5.188e-07    3.358e+11 
At top right:    c1, c2 =   -2.348e-06    3.864e+11 

t = 5.76e+04   no. steps = 207   stepsize = 6.27e+02
At bottom left:  c1, c2 =   -1.195e-08    3.320e+11 
At top right:    c1, c2 =   -3.655e-07    3.909e+11 

t = 6.48e+04   no. steps = 212   stepsize = 1.92e+03
At bottom left:  c1, c2 =   -1.162e-05    3.313e+11 
At top right:    c1, c2 =   -4.455e-05    3.963e+11 

t = 7.20e+04   no. steps = 215   stepsize = 2.22e+03
At bottom left:  c1, c2 =    2.943e-05    3.330e+11 
At top right:    c1, c2 =    3.663e-05    4.039e+11 

t = 7.92e+04   no. steps = 219   stepsize = 2.32e+03
At bottom left:  c1, c2 =   -8.881e-07    3.334e+11 
At top right:    c1, c2 =   -9.828e-06    4.120e+11 

t = 8.64e+04   no. steps = 222   stepsize = 2.39e+03
At bottom left:  c1, c2 =   -3.224e-06    3.352e+11 
At top right:    c1, c2 =   -1.319e-05    4.163e+11 


Final Statistics: 

lenrw   =  3530     leniw   =   261
lenrwls =  2455     leniwls =   126
nst     =   222     nfe     =     0
nfi     =  3434     nfels   =  6748
nni     =  2196     nli     =  6748
nsetups =    72     netf    =    25
npe     =     4     nps     =  8866
ncfn    =     0     ncfl    =   477

