    
 Finished initialization, starting time steps
    
       t          c1  (bottom left      middle       top right)  | lnst  lnst_att  lh
       t          c2  (bottom left      middle       top right)  | lnst  lnst_att  lh
  ----------------------------------------------------------------------------------------
    7.200000E+03    1.839643E+04    3.009340E+04    1.582905E+04     71   78  1.212771E+02
                    4.440304E+11    7.263651E+11    3.820583E+11
    1.440000E+04    1.149666E+07    1.249140E+07    1.329999E+07    100  109  4.387331E+02
                    4.473691E+11    4.862280E+11    5.178449E+11
    2.160000E+04    2.525226E+07    7.837501E+07    3.019071E+07    112  121  7.944418E+02
                    2.824257E+11    9.233194E+11    3.419881E+11
    2.880000E+04    1.189308E+07    2.395811E+07    1.042594E+07    121  131  5.050231E+02
                    4.627831E+11    9.345115E+11    4.054342E+11
    3.600000E+04    2.342771E+04    2.291275E+04    2.522167E+04    144  157  1.320771E+02
                    5.651678E+11    5.527501E+11    6.084388E+11
    4.320000E+04   -3.514960E-03    1.665846E-04    1.495361E-03    183  199  2.171341E+03
                    3.689315E+11    8.238153E+11    4.623772E+11
    5.040000E+04   -2.449234E-02    1.132801E-03   -8.723866E-03    187  203  2.362350E+03
                    3.862261E+11    1.017890E+12    3.537063E+11
    5.760000E+04   -1.114982E-02    5.645169E-03   -5.034018E-02    190  206  2.369234E+03
                    5.832534E+11    6.189377E+11    5.787962E+11
    6.480000E+04    2.428597E-02   -6.935561E-03    1.820200E-02    193  209  2.382737E+03
                    4.275450E+11    6.787267E+11    5.388025E+11
    7.200000E+04    8.258524E-03   -3.339854E-03   -9.968310E-03    196  212  2.353298E+03
                    3.453342E+11    1.030092E+12    3.448384E+11
    7.920000E+04   -1.438307E-02    2.420380E-02   -4.030673E-02    199  215  2.374530E+03
                    5.449458E+11    7.333926E+11    5.108723E+11
    8.640000E+04    2.448922E-02   -1.144348E-03   -1.737387E-02    202  218  2.372566E+03
                    5.092306E+11    5.754905E+11    5.984138E+11
  ----------------------------------------------------------------------------------------
  
  General Solver Stats:
    Total internal steps taken      =      202
    Total internal steps attempts   =      218
    Total rhs exp function call     =        0
    Total rhs imp function call     =     2681
    Total num preconditioner evals  =        4
    Total num preconditioner solves =     5851
    Num error test failures         =       16
    Num nonlinear solver iters      =     1588
    Num linear solver iters         =     4336
    Avg Krylov subspace dim         =  2.730479E+00
    Num nonlinear solver fails      =        0
    Num linear solver fails         =      145
    main solver real/int workspace sizes   =     3930         144
    linear solver real/int workspace sizes =     2455          42
    ARKBandPre real/int workspace sizes    =     2800         622
    ARKBandPre number of f evaluations     =       20
  
