                      t                      u                      v                      w                  u err                  v err                  w err
-----------------------------------------------------------------------------------------------------------------------------------------------------------------
  0.000000000000000E+00  1.581138830084190E+00  1.732050807568877E+00  1.732050807568877E+00  0.000000000000000E+00  0.000000000000000E+00  0.000000000000000E+00
  2.500000000000000E-01  1.575488099703589E+00  1.691408071908898E+00  9.748237878831466E-01  7.276884597327005E-04  2.310134960835653E-03  3.061242526540020E-02
  5.000000000000000E-01  1.560020851877072E+00  1.082826622715322E+00  1.200536353412202E+00  1.642133835654480E-03  1.148511743905178E-02  3.671490319904636E-02
  7.500000000000000E-01  1.535585832662415E+00  1.465656401589849E+00  1.249480978647192E+00  2.544342074726647E-03  1.470730182867408E-02  4.078649807256340E-02
  1.000000000000000E+00  1.503452096019860E+00  1.640090126930339E+00  1.522323950257723E+00  3.249982340049362E-03  1.855455669798989E-02  4.434273756983043E-02
  1.250000000000000E+00  1.465111759823188E+00  1.081586298466720E+00  1.071820476875938E+00  3.786188026707826E-03  3.624661386511230E-02  5.748511390209621E-02
  1.500000000000000E+00  1.422715889421813E+00  1.419662849914407E+00  1.341169082801302E+00  3.947561022562329E-03  3.203318283751422E-02  4.291397555678222E-02
  1.750000000000000E+00  1.377279656722405E+00  1.700794200939152E+00  1.344495890440867E+00  5.065080372959496E-03  3.085670232066140E-02  5.658034706707049E-02
  2.000000000000000E+00  1.332797853110247E+00  1.537272721066875E+00  8.986397818013304E-01  5.830766681825361E-03  3.980929170449787E-02  1.069589311381131E-01
  2.250000000000000E+00  1.291075514971698E+00  1.301773905654803E+00  1.097569723073454E+00  7.351683079324767E-03  5.613658121744680E-02  1.066341381730778E-01
  2.500000000000000E+00  1.255431340976248E+00  1.030459749076821E+00  9.485863115238685E-01  9.253676024639113E-03  8.178182154659486E-02  1.330322076475686E-01
  2.750000000000000E+00  1.229887628043804E+00  1.091033469768824E+00  1.598955837439798E+00  1.021269478647691E-02  9.132414187529903E-02  9.066656592927202E-02
  3.000000000000000E+00  1.216557007406716E+00  1.096587083257220E+00  1.128120604628566E+00  1.022893630953736E-02  1.040977788835651E-01  1.171885486860338E-01
  3.250000000000000E+00  1.216056359156953E+00  1.244833801812930E+00  1.639460193231149E+00  9.886201471287270E-03  9.280659620929388E-02  5.721993937512360E-02
  3.500000000000000E+00  1.230832033956452E+00  1.416351850214761E+00  1.541910614060546E+00  6.815596168779692E-03  7.854145505820065E-02  3.657633957115669E-02
  3.750000000000000E+00  1.255359156981547E+00  1.368415999446642E+00  1.405133208686316E+00  5.481959626814525E-03  7.379192212315555E-02  3.595263272206695E-02
  4.000000000000000E+00  1.287946342419833E+00  9.789060781538605E-01  1.689817470809373E+00  5.567549878272127E-03  8.996918014009969E-02  2.929191627318994E-02
  4.250000000000000E+00  1.328132640201319E+00  1.676522964480704E+00  9.587059007582152E-01  4.892586507876828E-03  4.875918965980852E-02  4.580352687441158E-02
  4.500000000000000E+00  1.372003486823825E+00  1.605570817778762E+00  1.481983814873412E+00  4.441971697729086E-03  4.507035828843975E-02  1.819775837425586E-02
  4.750000000000000E+00  1.417587542572605E+00  1.515528020486936E+00  1.161512643343792E+00  3.257655344461208E-03  4.002181038799346E-02  6.225243137057745E-03
  5.000000000000000E+00  1.461234008429432E+00  1.473915515593784E+00  1.644001189284456E+00  2.265596193545827E-03  3.300586166036523E-02  7.792604241307899E-04
-----------------------------------------------------------------------------------------------------------------------------------------------------------------

Slow Integrator Stats
Current time                  = 5
Steps                         = 269
Step attempts                 = 345
Stability limited steps       = 0
Accuracy limited steps        = 345
Error test fails              = 76
NLS step fails                = 0
Inequality constraint fails   = 0
Initial step size             = 9.11844056568919e-06
Last step size                = 0.0472959798003946
Current step size             = 0.0472959798003946
Explicit slow RHS fn evals    = 1651
Implicit slow RHS fn evals    = 0
Inner stepper failures        = 0
NLS iters                     = 0
NLS fails                     = 0
NLS iters per step            = 0
LS setups                     = 0

Intermediate Integrator Stats
Current time                  = 5
Steps                         = 3096
Step attempts                 = 3260
Stability limited steps       = 0
Accuracy limited steps        = 3260
Error test fails              = 164
NLS step fails                = 0
Inequality constraint fails   = 0
Initial step size             = 6.25937005783581e-11
Last step size                = 0.00945919596007893
Current step size             = 0.00945919596007893
Explicit slow RHS fn evals    = 16409
Implicit slow RHS fn evals    = 0
Inner stepper failures        = 0
NLS iters                     = 0
NLS fails                     = 0
NLS iters per step            = 0
LS setups                     = 0

Fast Integrator Stats
Current time                  = 5
Steps                         = 80748
Step attempts                 = 112929
Stability limited steps       = 0
Accuracy limited steps        = 112929
Error test fails              = 32181
NLS step fails                = 0
Inequality constraint fails   = 0
Initial step size             = 4.29675592429222e-16
Last step size                = 0.00059422770479145
Current step size             = 0.00059422770479145
RHS fn evals                  = 458512
