
2D Heat PDE test problem:
 --------------------------------- 
  nprocs         = 4
  npx            = 2
  npy            = 2
 --------------------------------- 
  kx             = 10
  ky             = 10
  forcing        = 1
  tf             = 1
  xu             = 1
  yu             = 1
  nx             = 64
  ny             = 64
  nxl (proc 0)   = 32
  nyl (proc 0)   = 32
  dx             = 0.015873
  dy             = 0.015873
 --------------------------------- 
  rtol           = 1e-05
  atol           = 1e-10
  fixed h        = 0
  controller     = I
  method         = 0
  eigfrequency   = 25
  stage_max_limit  = 1000
  eigsafety      = 1.01
 --------------------------------- 
  output         = 1
  max steps      = 0
 --------------------------------- 

          t                     ||u||_rms                max error      
 -----------------------------------------------------------------------
 0.000000000000000e+00    3.691406249999997e-01    0.000000000000000e+00
 5.000000000000000e-02    3.604068358761060e-01    8.104221300082592e-04
 1.000000000000000e-01    3.341701059757770e-01    7.544115126157935e-04
 1.500000000000000e-01    2.933044782217299e-01    6.651814475125972e-04
 2.000000000000000e-01    2.418101896201083e-01    5.514071519014951e-04
 2.500000000000000e-01    1.847278611303946e-01    4.242190327112816e-04
 3.000000000000000e-01    1.276450270427266e-01    2.958523062470686e-04
 3.500000000000000e-01    7.614942228920905e-02    1.790708724014045e-04
 4.000000000000000e-01    3.528179537000032e-02    8.530247738357255e-05
 4.500000000000000e-01    9.042539511534492e-03    2.369999169868700e-05
 4.999999999999999e-01    1.483064700781864e-07    3.058880645247257e-07
 5.499999999999999e-01    9.039745354753935e-03    1.742511893078336e-05
 6.000000000000000e-01    3.527649564062994e-02    7.339776416150079e-05
 6.500000000000000e-01    7.614215113696234e-02    1.627297047905318e-04
 7.000000000000001e-01    1.276364922567211e-01    2.766671249438413e-04
 7.500000000000001e-01    1.847188955826064e-01    4.040611521863302e-04
 8.000000000000002e-01    2.418017381570017e-01    5.324421139035751e-04
 8.500000000000002e-01    2.932973539537148e-01    6.492436781119215e-04
 9.000000000000002e-01    3.341649926279788e-01    7.430309092383292e-04
 9.500000000000003e-01    3.604042442507243e-01    8.046240492081136e-04
 1.000000000000000e+00    3.694466531646752e-01    8.280996386544892e-04
 -----------------------------------------------------------------------

Final integrator statistics:
Current time                  = 1
Steps                         = 484
Step attempts                 = 491
Stability limited steps       = 0
Accuracy limited steps        = 491
Error test fails              = 7
NLS step fails                = 0
Inequality constraint fails   = 0
Initial step size             = 2.87768024842502e-06
Last step size                = 4.42688901791665e-05
Current step size             = 4.42688901791665e-05
RHS fn evals                  = 15622
Number of dom_eig updates     = 23
Max. num. of stages used      = 63
Max. num. of stages allowed   = 1000
Max. spectral radius          = 320695.2
Min. spectral radius          = 320695.2
  Max error = 8.280996386544892e-04
