
   Begin Kepler Problem

Problem Arguments:
  stepper:              0
  step mode:            0
  use tstop:            1
  use compensated sums: 1
  dt:                   0.01
  Tf:                   100
  nout:                 50

t = 0.0000, H(p,q) = -0.5000000000000000, L(p,q) = 0.8000000000000000
t = 2.0000, H(p,q)-H0 = 2.1900069535618627e-09, L(p,q)-L0 = 0.0000000000000000e+00
ROOT RETURN:	  g[0] =  -1, y[0] = -1.6, y[1] = -1.84649e-14, num. orbits is now 0.50
t = 3.1416, H(p,q)-H0 = 2.1771856539842815e-09, L(p,q)-L0 = -3.4632297030157133e-11
t = 4.0000, H(p,q)-H0 = 2.1902835656284481e-09, L(p,q)-L0 = 0.0000000000000000e+00
t = 6.0000, H(p,q)-H0 = -1.2929013415430290e-10, L(p,q)-L0 = 1.1102230246251565e-16
ROOT RETURN:	  g[0] =   1, y[0] = 0.4, y[1] = 2.42861e-16, num. orbits is now 1.00
t = 6.2832, H(p,q)-H0 = 2.1834023646860601e-06, L(p,q)-L0 = 4.9307926430763871e-07
t = 8.0000, H(p,q)-H0 = 2.1893967749875287e-09, L(p,q)-L0 = 0.0000000000000000e+00
ROOT RETURN:	  g[0] =  -1, y[0] = -1.6, y[1] = -5.18164e-14, num. orbits is now 1.50
t = 9.4248, H(p,q)-H0 = 2.1541973760363931e-09, L(p,q)-L0 = -9.4402263783877061e-11
t = 10.0000, H(p,q)-H0 = 2.1904204006162331e-09, L(p,q)-L0 = 1.1102230246251565e-16
t = 12.0000, H(p,q)-H0 = 1.9669064155181104e-09, L(p,q)-L0 = 1.1102230246251565e-16
ROOT RETURN:	  g[0] =   1, y[0] = 0.4, y[1] = 2.80089e-13, num. orbits is now 2.00
t = 12.5664, H(p,q)-H0 = 3.2666979974393939e-06, L(p,q)-L0 = 7.3786250787133412e-07
t = 14.0000, H(p,q)-H0 = 2.1878395761731895e-09, L(p,q)-L0 = 0.0000000000000000e+00
ROOT RETURN:	  g[0] =  -1, y[0] = -1.6, y[1] = -4.89951e-16, num. orbits is now 2.50
t = 15.7080, H(p,q)-H0 = 2.1581316178576060e-09, L(p,q)-L0 = -8.4173779058005493e-11
t = 16.0000, H(p,q)-H0 = 2.1904854596854761e-09, L(p,q)-L0 = 1.1102230246251565e-16
t = 18.0000, H(p,q)-H0 = 2.1569465102899699e-09, L(p,q)-L0 = 1.1102230246251565e-16
ROOT RETURN:	  g[0] =   1, y[0] = 0.4, y[1] = 4.13657e-14, num. orbits is now 3.00
t = 18.8496, H(p,q)-H0 = 7.9684258746937076e-07, L(p,q)-L0 = 1.8003222124196583e-07
t = 20.0000, H(p,q)-H0 = 2.1828335805551546e-09, L(p,q)-L0 = -1.1102230246251565e-16
ROOT RETURN:	  g[0] =  -1, y[0] = -1.6, y[1] = -5.9829e-16, num. orbits is now 3.50
t = 21.9911, H(p,q)-H0 = 2.1809751227230834e-09, L(p,q)-L0 = -2.4779289731213794e-11
t = 22.0000, H(p,q)-H0 = 2.1905054436999194e-09, L(p,q)-L0 = 0.0000000000000000e+00
t = 24.0000, H(p,q)-H0 = 2.1821994766746400e-09, L(p,q)-L0 = 0.0000000000000000e+00
ROOT RETURN:	  g[0] =   1, y[0] = 0.4, y[1] = 3.2461e-15, num. orbits is now 4.00
t = 25.1327, H(p,q)-H0 = 1.8982353684471320e-06, L(p,q)-L0 = 4.2867047012062898e-07
t = 26.0000, H(p,q)-H0 = 2.1602144517629540e-09, L(p,q)-L0 = 0.0000000000000000e+00
t = 28.0000, H(p,q)-H0 = 2.1904880131984328e-09, L(p,q)-L0 = -1.1102230246251565e-16
ROOT RETURN:	  g[0] =  -1, y[0] = -1.6, y[1] = -1.55191e-13, num. orbits is now 4.50
t = 28.2743, H(p,q)-H0 = 2.1564633412296530e-09, L(p,q)-L0 = -8.8510754281401205e-11
t = 30.0000, H(p,q)-H0 = 2.1876619960004007e-09, L(p,q)-L0 = 0.0000000000000000e+00
ROOT RETURN:	  g[0] =   1, y[0] = 0.4, y[1] = 1.02177e-12, num. orbits is now 5.00
t = 31.4159, H(p,q)-H0 = 3.2652130843580096e-06, L(p,q)-L0 = 7.3750452778131859e-07
t = 32.0000, H(p,q)-H0 = 1.9945791684961023e-09, L(p,q)-L0 = -1.1102230246251565e-16
t = 34.0000, H(p,q)-H0 = 2.1904265623540198e-09, L(p,q)-L0 = 0.0000000000000000e+00
ROOT RETURN:	  g[0] =  -1, y[0] = -1.6, y[1] = -1.97032e-15, num. orbits is now 5.50
t = 34.5575, H(p,q)-H0 = 2.1547713613401243e-09, L(p,q)-L0 = -9.2910679150293163e-11
t = 36.0000, H(p,q)-H0 = 2.1893326596078566e-09, L(p,q)-L0 = 0.0000000000000000e+00
ROOT RETURN:	  g[0] =   1, y[0] = 0.4, y[1] = 5.17963e-13, num. orbits is now 6.00
t = 37.6991, H(p,q)-H0 = 1.4644406864938730e-06, L(p,q)-L0 = 3.3085088491091597e-07
t = 38.0000, H(p,q)-H0 = 1.4440826312522859e-10, L(p,q)-L0 = -1.1102230246251565e-16
t = 40.0000, H(p,q)-H0 = 2.1902960556374751e-09, L(p,q)-L0 = 0.0000000000000000e+00
ROOT RETURN:	  g[0] =  -1, y[0] = -1.6, y[1] = -2.26018e-13, num. orbits is now 6.50
t = 40.8407, H(p,q)-H0 = 2.1847283981912824e-09, L(p,q)-L0 = -1.5020762411666055e-11
t = 42.0000, H(p,q)-H0 = 2.1899793090085495e-09, L(p,q)-L0 = 0.0000000000000000e+00
ROOT RETURN:	  g[0] =   1, y[0] = 0.4, y[1] = 9.74328e-13, num. orbits is now 7.00
t = 43.9823, H(p,q)-H0 = 1.5984138097557832e-06, L(p,q)-L0 = 3.6095561672944143e-07
t = 44.0000, H(p,q)-H0 = -8.7564622219815647e-11, L(p,q)-L0 = 0.0000000000000000e+00
t = 46.0000, H(p,q)-H0 = 2.1900308233568921e-09, L(p,q)-L0 = -1.1102230246251565e-16
ROOT RETURN:	  g[0] =  -1, y[0] = -1.6, y[1] = -2.61588e-13, num. orbits is now 7.50
t = 47.1239, H(p,q)-H0 = 2.1591559096201252e-09, L(p,q)-L0 = -8.1509798910417430e-11
t = 48.0000, H(p,q)-H0 = 2.1902712976640260e-09, L(p,q)-L0 = 0.0000000000000000e+00
t = 50.0000, H(p,q)-H0 = -4.5252490643576948e-10, L(p,q)-L0 = 0.0000000000000000e+00
ROOT RETURN:	  g[0] =   1, y[0] = 0.4, y[1] = 4.52763e-16, num. orbits is now 8.00
t = 50.2655, H(p,q)-H0 = 3.2033230450423389e-06, L(p,q)-L0 = 7.2350434643375650e-07
t = 52.0000, H(p,q)-H0 = 2.1894521196053063e-09, L(p,q)-L0 = 0.0000000000000000e+00
ROOT RETURN:	  g[0] =  -1, y[0] = -1.6, y[1] = -1.3494e-15, num. orbits is now 8.50
t = 53.4071, H(p,q)-H0 = 2.1524910742698466e-09, L(p,q)-L0 = -9.8839270101791499e-11
t = 54.0000, H(p,q)-H0 = 2.1904142943895977e-09, L(p,q)-L0 = 0.0000000000000000e+00
t = 56.0000, H(p,q)-H0 = 1.9337541568020811e-09, L(p,q)-L0 = -1.1102230246251565e-16
ROOT RETURN:	  g[0] =   1, y[0] = 0.4, y[1] = 5.71244e-15, num. orbits is now 9.00
t = 56.5487, H(p,q)-H0 = 2.0121016079954757e-06, L(p,q)-L0 = 4.5456268393806454e-07
t = 58.0000, H(p,q)-H0 = 2.1879919542833193e-09, L(p,q)-L0 = 0.0000000000000000e+00
ROOT RETURN:	  g[0] =  -1, y[0] = -1.6, y[1] = -4.88593e-13, num. orbits is now 9.50
t = 59.6903, H(p,q)-H0 = 2.1883964085311902e-09, L(p,q)-L0 = -5.4836135632285732e-12
t = 60.0000, H(p,q)-H0 = 2.1904828506613683e-09, L(p,q)-L0 = 0.0000000000000000e+00
t = 62.0000, H(p,q)-H0 = 2.1533409499951972e-09, L(p,q)-L0 = 0.0000000000000000e+00
ROOT RETURN:	  g[0] =   1, y[0] = 0.4, y[1] = 1.38556e-12, num. orbits is now 10.00
t = 62.8319, H(p,q)-H0 = 1.2891478542442769e-06, L(p,q)-L0 = 2.9111120147806702e-07
t = 64.0000, H(p,q)-H0 = 2.1833787555713968e-09, L(p,q)-L0 = 0.0000000000000000e+00
ROOT RETURN:	  g[0] =  -1, y[0] = -1.6, y[1] = -3.67637e-13, num. orbits is now 10.50
t = 65.9734, H(p,q)-H0 = 2.1621995305309838e-09, L(p,q)-L0 = -7.3596240213191777e-11
t = 66.0000, H(p,q)-H0 = 2.1905052771664657e-09, L(p,q)-L0 = 0.0000000000000000e+00
t = 68.0000, H(p,q)-H0 = 2.1815429462890279e-09, L(p,q)-L0 = 0.0000000000000000e+00
ROOT RETURN:	  g[0] =   1, y[0] = 0.4, y[1] = 1.25465e-12, num. orbits is now 11.00
t = 69.1150, H(p,q)-H0 = 3.0882619204142259e-06, L(p,q)-L0 = 6.9749695075227436e-07
t = 70.0000, H(p,q)-H0 = 2.1630524038585008e-09, L(p,q)-L0 = 0.0000000000000000e+00
t = 72.0000, H(p,q)-H0 = 2.1904903446667845e-09, L(p,q)-L0 = 1.1102230246251565e-16
ROOT RETURN:	  g[0] =  -1, y[0] = -1.6, y[1] = -1.52721e-15, num. orbits is now 11.50
t = 72.2566, H(p,q)-H0 = 2.1511886716396589e-09, L(p,q)-L0 = -1.0222589441610808e-10
t = 74.0000, H(p,q)-H0 = 2.1874850819614267e-09, L(p,q)-L0 = 0.0000000000000000e+00
ROOT RETURN:	  g[0] =   1, y[0] = 0.4, y[1] = 1.66329e-12, num. orbits is now 12.00
t = 75.3982, H(p,q)-H0 = 2.4488947429901486e-06, L(p,q)-L0 = 5.5322002912028267e-07
t = 76.0000, H(p,q)-H0 = 2.0191780469858145e-09, L(p,q)-L0 = 0.0000000000000000e+00
t = 78.0000, H(p,q)-H0 = 2.1904320579579917e-09, L(p,q)-L0 = 0.0000000000000000e+00
ROOT RETURN:	  g[0] =  -1, y[0] = -1.6, y[1] = -4.31567e-13, num. orbits is now 12.50
t = 78.5398, H(p,q)-H0 = 2.1863215127204683e-09, L(p,q)-L0 = -1.0878964395999446e-11
t = 80.0000, H(p,q)-H0 = 2.1892699875181165e-09, L(p,q)-L0 = 0.0000000000000000e+00
ROOT RETURN:	  g[0] =   1, y[0] = 0.4, y[1] = 1.81561e-12, num. orbits is now 13.00
t = 81.6814, H(p,q)-H0 = 9.7535366538892276e-07, L(p,q)-L0 = 2.2024722390323603e-07
t = 82.0000, H(p,q)-H0 = 4.1583447796256223e-10, L(p,q)-L0 = 0.0000000000000000e+00
t = 84.0000, H(p,q)-H0 = 2.1903072133788726e-09, L(p,q)-L0 = 0.0000000000000000e+00
ROOT RETURN:	  g[0] =  -1, y[0] = -1.6, y[1] = -4.67886e-13, num. orbits is now 13.50
t = 84.8230, H(p,q)-H0 = 2.1655219839544770e-09, L(p,q)-L0 = -6.4957927925490822e-11
t = 86.0000, H(p,q)-H0 = 2.1899528857005635e-09, L(p,q)-L0 = 0.0000000000000000e+00
ROOT RETURN:	  g[0] =   1, y[0] = 0.4, y[1] = 1.95379e-12, num. orbits is now 14.00
t = 87.9646, H(p,q)-H0 = 2.9269917813934399e-06, L(p,q)-L0 = 6.6105562701590515e-07
t = 88.0000, H(p,q)-H0 = -3.5649505569779194e-10, L(p,q)-L0 = 1.1102230246251565e-16
t = 90.0000, H(p,q)-H0 = 2.1900539159958043e-09, L(p,q)-L0 = 0.0000000000000000e+00
ROOT RETURN:	  g[0] =  -1, y[0] = -1.6, y[1] = -2.17903e-15, num. orbits is now 14.50
t = 91.1062, H(p,q)-H0 = 2.1507650660446131e-09, L(p,q)-L0 = -1.0332701361193131e-10
t = 92.0000, H(p,q)-H0 = 2.1902586411215452e-09, L(p,q)-L0 = -1.1102230246251565e-16
t = 94.0000, H(p,q)-H0 = -7.9522921581087758e-10, L(p,q)-L0 = 0.0000000000000000e+00
ROOT RETURN:	  g[0] =   1, y[0] = 0.4, y[1] = 7.2416e-15, num. orbits is now 15.00
t = 94.2478, H(p,q)-H0 = 2.7836469316255830e-06, L(p,q)-L0 = 6.2882004048248064e-07
t = 96.0000, H(p,q)-H0 = 2.1895047996878247e-09, L(p,q)-L0 = 0.0000000000000000e+00
ROOT RETURN:	  g[0] =  -1, y[0] = -1.6, y[1] = -2.27162e-15, num. orbits is now 15.50
t = 97.3894, H(p,q)-H0 = 2.1772524338992127e-09, L(p,q)-L0 = -3.4459435305222996e-11
t = 98.0000, H(p,q)-H0 = 2.1904082436741135e-09, L(p,q)-L0 = 0.0000000000000000e+00
t = 100.0000, H(p,q)-H0 = 1.8950307989484827e-09, L(p,q)-L0 = 1.1102230246251565e-16
Current time                 = 100
Steps                        = 10000
Step attempts                = 10000
Stability limited steps      = 0
Accuracy limited steps       = 0
Error test fails             = 0
NLS step fails               = 0
Inequality constraint fails  = 0
Initial step size            = 0.01
Last step size               = 0.01
Current step size            = 0.01
Root fn evals                = 10276
f1 RHS fn evals              = 40032
f2 RHS fn evals              = 40032
