
2D Heat PDE test problem:
 --------------------------------- 
  kx             = 10
  ky             = 10
  forcing        = 1
  tf             = 1
  xu             = 1
  yu             = 1
  nx             = 64
  ny             = 64
  dx             = 0.015873
  dy             = 0.015873
 --------------------------------- 
  rtol           = 1e-05
  atol           = 1e-10
  fixed h        = 0
  controller     = I
  method         = 0
  eigfrequency   = 25
  stage_max_limit  = 1000
  eigsafety      = 1.01
 --------------------------------- 
  output         = 1
  max steps      = 0
 --------------------------------- 

          t                     ||u||_rms                max error      
 -----------------------------------------------------------------------
 0.000000000000000e+00    3.691406250000004e-01    0.000000000000000e+00
 5.000000000000000e-02    3.604068358907149e-01    8.104221701811243e-04
 1.000000000000000e-01    3.341701059754251e-01    7.544115117641415e-04
 1.500000000000000e-01    2.933044782209016e-01    6.651814449623039e-04
 2.000000000000000e-01    2.418101896199850e-01    5.514071514960417e-04
 2.500000000000000e-01    1.847278611304905e-01    4.242190328966888e-04
 3.000000000000000e-01    1.276450270426700e-01    2.958523061228346e-04
 3.500000000000000e-01    7.614942228921409e-02    1.790708724090651e-04
 4.000000000000000e-01    3.528179537000335e-02    8.530247739373109e-05
 4.500000000000000e-01    9.042539511534036e-03    2.369999169737555e-05
 4.999999999999999e-01    1.483064700793510e-07    3.058880645262216e-07
 5.499999999999999e-01    9.039745354754979e-03    1.742511893323626e-05
 6.000000000000000e-01    3.527649564062748e-02    7.339776415678234e-05
 6.500000000000000e-01    7.614215113696896e-02    1.627297048091281e-04
 7.000000000000001e-01    1.276364922567036e-01    2.766671248967123e-04
 7.500000000000001e-01    1.847188955826157e-01    4.040611522574955e-04
 8.000000000000002e-01    2.418017381567783e-01    5.324421134781376e-04
 8.500000000000002e-01    2.932973539537500e-01    6.492436781972977e-04
 9.000000000000002e-01    3.341649926285427e-01    7.430309108362732e-04
 9.500000000000003e-01    3.604042442500819e-01    8.046240470902521e-04
 1.000000000000000e+00    3.694466531502236e-01    8.280995348743936e-04
 -----------------------------------------------------------------------

Final integrator statistics:
Current time                  = 1
Steps                         = 484
Step attempts                 = 491
Stability limited steps       = 0
Accuracy limited steps        = 491
Error test fails              = 7
NLS step fails                = 0
Inequality constraint fails   = 0
Initial step size             = 2.87768024842502e-06
Last step size                = 4.58430493656125e-05
Current step size             = 4.58430493656125e-05
RHS fn evals                  = 15622
Number of dom_eig updates     = 23
Max. num. of stages used      = 63
Max. num. of stages allowed   = 1000
Max. spectral radius          = 320695.2
Min. spectral radius          = 320695.2
  Max error = 8.280995348743936e-04
