
2D Heat PDE test problem:
 --------------------------------- 
  nprocs         = 4
  npx            = 2
  npy            = 2
 --------------------------------- 
  Dux            = 0.001
  Duy            = 0.001
  Dvx            = 0.001
  Dvy            = 0.001
  A              = 1
  B              = 3
 --------------------------------- 
  tf             = 10
  xl             = -0.5
  xu             = 0.5
  yl             = -0.5
  yu             = 0.5
 --------------------------------- 
  nx             = 128
  ny             = 128
  dx             = 0.0078125
  dy             = 0.0078125
  nxl (proc 0)   = 64
  nyl (proc 0)   = 64
  is  (proc 0)   = 0
  ie  (proc 0)   = 63
  je  (proc 0)   = 0
  je  (proc 0)   = 63
 --------------------------------- 
  rtol_slow      = 0.0001
  atol_slow      = 1e-08
  rtol_fast      = 1e-05
  atol_fast      = 1e-09
  order_fast     = 3
  fixed h slow   = 0.0762939
  fixed h fast   = 0
  controller     = I
  linear         = 1
 --------------------------------- 
  linear solver  = PCG
  lin iters      = 10
  eps lin        = 0
  prec           = 1
  msbp           = 0
 --------------------------------- 
  output         = 1
 --------------------------------- 

          t                     ||u||_rms      
 ----------------------------------------------
 0.000000000000000e+00    3.172144385112383e+00
 5.000000000000000e-01    3.136745023010742e+00
 1.000000000000000e+00    3.125068351357510e+00
 1.500000000000000e+00    3.152617654180431e+00
 2.000000000000000e+00    3.252048626798735e+00
 2.500000000000000e+00    3.404768673267907e+00
 3.000000000000000e+00    3.570191245058012e+00
 3.500000000000000e+00    3.699965446129349e+00
 4.000000000000000e+00    3.694647376884309e+00
 4.500000000000000e+00    3.628171216211877e+00
 5.000000000000000e+00    3.475161475689860e+00
 5.500000000000000e+00    3.343875056969678e+00
 6.000000000000000e+00    3.234028095479617e+00
 6.500000000000000e+00    3.082419852956697e+00
 7.000000000000000e+00    2.890674237909459e+00
 7.500000000000000e+00    2.837291372563222e+00
 8.000000000000000e+00    2.898215047225165e+00
 8.500000000000000e+00    3.140044822789905e+00
 9.000000000000000e+00    3.442231803713057e+00
 9.500000000000000e+00    3.740405130200477e+00
 1.000000000000000e+01    4.014479254438215e+00
 ----------------------------------------------

Final integrator statistics:

Slow Integrator:
  Steps            = 132
  RHS diffusion    = 792
  NLS iters        = 396
  NLS fails        = 0
  LS iters         = 2104
  LS fails         = 0
  LS setups        = 0
  LS RHS evals     = 2104
  Jv products      = 2104

  Avg NLS iters per step attempt = 3.000000
  Avg LS iters per NLS iter      = 5.313131

  Preconditioner setups = 0
  Preconditioner solves = 2104

Fast Integrator:
  Steps            = 444
  Step attempts    = 445
  Error test fails = 1
  RHS reaction     = 1865
