

Demonstration program for ARKODE - SPGMR linear solver

Food web problem with ns species, ns = 6
Predator-prey interaction and diffusion on a 2-D square

Matrix parameters: a = 1   e = 1e+04   g = 5e-07
b parameter = 1
Diffusion coefficients: Dprey = 1   Dpred = 0.5
Rate parameter alpha = 1

Mesh dimensions (mx,my) are 6, 6.  Total system size is neq = 216 

Tolerances: reltol = 1e-05, abstol = 1e-05 

Preconditioning uses a product of:
  (1) Gauss-Seidel iterations with itmax = 5 iterations, and
  (2) interaction-only block-diagonal matrix with block-grouping
  Number of diagonal block groups = ngrp = 4  (ngx by ngy, ngx = 2, ngy = 2)


----------------------------------------------------------------------------


Preconditioner type is           jpre = SUN_PREC_LEFT

Gram-Schmidt method type is    gstype = SUN_MODIFIED_GS


c values at t = 0:

Species 1
10        10        10        10        10        10        
10        10.1678   10.3775   10.3775   10.1678   10        
10        10.3775   10.8493   10.8493   10.3775   10        
10        10.3775   10.8493   10.8493   10.3775   10        
10        10.1678   10.3775   10.3775   10.1678   10        
10        10        10        10        10        10        

Species 2
10        10        10        10        10        10        
10        10.3355   10.755    10.755    10.3355   10        
10        10.755    11.6987   11.6987   10.755    10        
10        10.755    11.6987   11.6987   10.755    10        
10        10.3355   10.755    10.755    10.3355   10        
10        10        10        10        10        10        

Species 3
10        10        10        10        10        10        
10        10.5033   11.1325   11.1325   10.5033   10        
10        11.1325   12.548    12.548    11.1325   10        
10        11.1325   12.548    12.548    11.1325   10        
10        10.5033   11.1325   11.1325   10.5033   10        
10        10        10        10        10        10        

Species 4
10        10        10        10        10        10        
10        10.6711   11.5099   11.5099   10.6711   10        
10        11.5099   13.3974   13.3974   11.5099   10        
10        11.5099   13.3974   13.3974   11.5099   10        
10        10.6711   11.5099   11.5099   10.6711   10        
10        10        10        10        10        10        

Species 5
10        10        10        10        10        10        
10        10.8389   11.8874   11.8874   10.8389   10        
10        11.8874   14.2467   14.2467   11.8874   10        
10        11.8874   14.2467   14.2467   11.8874   10        
10        10.8389   11.8874   11.8874   10.8389   10        
10        10        10        10        10        10        

Species 6
10        10        10        10        10        10        
10        11.0066   12.2649   12.2649   11.0066   10        
10        12.2649   15.0961   15.0961   12.2649   10        
10        12.2649   15.0961   15.0961   12.2649   10        
10        11.0066   12.2649   12.2649   11.0066   10        
10        10        10        10        10        10        

t =   1.00e-08  nst = 3  nfe = 0  nfi = 45  nni = 27  hu =    6.86e-08

t =   1.00e-07  nst = 4  nfe = 0  nfi = 77  nni = 49  hu =    1.20e-06

t =   1.00e-06  nst = 4  nfe = 0  nfi = 77  nni = 49  hu =    1.20e-06

c values at t = 1e-06:

Species 1
9.99991   9.99992   9.99993   9.99993   9.99993   9.99992   
9.99992   10.1677   10.3774   10.3774   10.1677   9.99993   
9.99993   10.3774   10.8492   10.8492   10.3774   9.99993   
9.99993   10.3774   10.8492   10.8492   10.3774   9.99993   
9.99992   10.1677   10.3774   10.3774   10.1677   9.99992   
9.99991   9.99992   9.99993   9.99993   9.99992   9.99991   

Species 2
9.99991   9.99993   9.99995   9.99995   9.99993   9.99992   
9.99993   10.3355   10.7549   10.7549   10.3355   9.99993   
9.99995   10.7549   11.6985   11.6985   10.7549   9.99995   
9.99995   10.7549   11.6985   11.6985   10.7549   9.99995   
9.99993   10.3355   10.7549   10.7549   10.3355   9.99993   
9.99991   9.99993   9.99995   9.99995   9.99993   9.99991   

Species 3
9.99991   9.99994   9.99997   9.99997   9.99994   9.99992   
9.99994   10.5032   11.1323   11.1323   10.5032   9.99994   
9.99997   11.1323   12.5478   12.5478   11.1323   9.99997   
9.99997   11.1323   12.5478   12.5478   11.1323   9.99997   
9.99994   10.5032   11.1323   11.1323   10.5032   9.99994   
9.99991   9.99994   9.99997   9.99997   9.99994   9.99991   

Species 4
13.4981   13.4981   13.4981   13.4981   13.4981   13.4981   
13.4981   14.5496   15.8919   15.8919   14.5496   13.4981   
13.4981   15.8919   19.0288   19.0288   15.8919   13.4981   
13.4981   15.8919   19.0288   19.0288   15.8919   13.4981   
13.4981   14.5496   15.8919   15.8919   14.5496   13.4981   
13.4981   13.4981   13.4981   13.4981   13.4981   13.4981   

Species 5
13.4981   13.4981   13.4982   13.4981   13.4981   13.4981   
13.4981   14.7783   16.4131   16.4131   14.7783   13.4981   
13.4982   16.4131   20.2351   20.2351   16.4131   13.4981   
13.4982   16.4131   20.2351   20.2351   16.4131   13.4982   
13.4981   14.7783   16.4131   16.4131   14.7783   13.4981   
13.4981   13.4981   13.4982   13.4982   13.4981   13.4981   

Species 6
13.4981   13.4981   13.4982   13.4982   13.4981   13.4981   
13.4981   15.0071   16.9343   16.9343   15.0071   13.4981   
13.4982   16.9343   21.4414   21.4414   16.9343   13.4982   
13.4982   16.9343   21.4414   21.4414   16.9343   13.4982   
13.4981   15.0071   16.9343   16.9343   15.0071   13.4981   
13.4981   13.4981   13.4982   13.4982   13.4981   13.4981   

t =   1.00e-05  nst = 12  nfe = 0  nfi = 197  nni = 129  hu =    1.19e-06

t =   1.00e-04  nst = 43  nfe = 0  nfi = 770  nni = 547  hu =    2.66e-05

t =   1.00e-03  nst = 46  nfe = 0  nfi = 820  nni = 582  hu =    7.29e-03

c values at t = 0.001:

Species 1
9.90702   9.91664   9.92836   9.93033   9.92253   9.91674   
9.91472   10.0747   10.2769   10.2785   10.0795   9.92253   
9.92446   10.2748   10.7181   10.7194   10.2785   9.93033   
9.92445   10.2744   10.7173   10.7181   10.2769   9.92836   
9.91469   10.0734   10.2744   10.2748   10.0747   9.91664   
9.90698   9.91469   9.92445   9.92446   9.91472   9.90702   

Species 2
9.90742   9.92474   9.94622   9.94819   9.93064   9.91713   
9.92282   10.2412   10.644    10.6457   10.2461   9.93064   
9.94232   10.6419   11.5267   11.5281   10.6457   9.94819   
9.94231   10.6415   11.5258   11.5267   10.644    9.94622   
9.92279   10.24     10.6415   10.6419   10.2412   9.92474   
9.90737   9.92279   9.94231   9.94232   9.92282   9.90742   

Species 3
9.90781   9.93284   9.96408   9.96605   9.93874   9.91753   
9.93092   10.4078   11.0109   11.0127   10.4127   9.93874   
9.96017   11.0088   12.3339   12.3354   11.0127   9.96605   
9.96016   11.0083   12.333    12.3339   11.0109   9.96408   
9.93089   10.4065   11.0083   11.0088   10.4078   9.93284   
9.90776   9.93089   9.96016   9.96017   9.93092   9.90781   

Species 4
297231    297750    298393    298451    297925    297520    
297692    307245    319327    319378    307390    297925    
298276    319264    345799    345840    319378    298451    
298276    319252    345772    345799    319327    298393    
297691    307208    319252    319264    307245    297750    
297229    297691    298276    298276    297692    297231    

Species 5
297231    297750    298393    298451    297925    297520    
297692    307245    319327    319378    307390    297925    
298276    319264    345799    345840    319378    298451    
298276    319252    345772    345799    319327    298393    
297691    307208    319252    319264    307245    297750    
297229    297691    298276    298276    297692    297231    

Species 6
297231    297750    298393    298451    297925    297520    
297692    307245    319327    319378    307390    297925    
298276    319264    345799    345840    319378    298451    
298276    319252    345772    345799    319327    298393    
297691    307208    319252    319264    307245    297750    
297229    297691    298276    298276    297692    297231    

t =   1.00e-02  nst = 47  nfe = 0  nfi = 840  nni = 597  hu =    1.29e-02

t =   1.00e-01  nst = 51  nfe = 0  nfi = 920  nni = 657  hu =    2.99e-02

t =   1.00e+00  nst = 62  nfe = 0  nfi = 1153  nni = 832  hu =    5.39e-02

c values at t = 1:

Species 1
1.58852   1.59925   1.62153   1.64766   1.67037   1.6815    
1.58534   1.59505   1.61549   1.63953   1.66034   1.67037   
1.57758   1.58549   1.6024    1.62236   1.63953   1.64766   
1.56822   1.57413   1.58707   1.6024    1.61549   1.62153   
1.56049   1.56464   1.57413   1.58549   1.59505   1.59925   
1.55734   1.56049   1.56822   1.57758   1.58534   1.58852   

Species 2
1.59068   1.60142   1.62372   1.64988   1.67262   1.68376   
1.58749   1.59721   1.61768   1.64175   1.66258   1.67262   
1.57972   1.58764   1.60458   1.62456   1.64175   1.64988   
1.57035   1.57627   1.58923   1.60458   1.61768   1.62372   
1.56262   1.56677   1.57627   1.58764   1.59721   1.60142   
1.55946   1.56262   1.57035   1.57972   1.58749   1.59068   

Species 3
1.59272   1.60347   1.6258    1.65198   1.67475   1.6859    
1.58953   1.59925   1.61974   1.64384   1.66469   1.67475   
1.58175   1.58967   1.60663   1.62663   1.64384   1.65198   
1.57237   1.5783    1.59127   1.60663   1.61974   1.6258    
1.56463   1.56879   1.5783    1.58967   1.59925   1.60347   
1.56147   1.56463   1.57237   1.58175   1.58953   1.59272   

Species 4
47718.7   48040.6   48709.4   49493.8   50175.8   50509.7   
47623.2   47914.4   48528.2   49250     49874.8   50175.8   
47390.1   47627.3   48135.4   48734.5   49250     49493.8   
47109     47286.4   47674.9   48135.4   48528.2   48709.4   
46877     47001.4   47286.4   47627.3   47914.4   48040.6   
46782.4   46877     47109     47390.1   47623.2   47718.7   

Species 5
47718.7   48040.6   48709.4   49493.8   50175.8   50509.7   
47623.2   47914.4   48528.2   49250     49874.8   50175.8   
47390.1   47627.3   48135.4   48734.5   49250     49493.8   
47109     47286.4   47674.9   48135.4   48528.2   48709.4   
46877     47001.4   47286.4   47627.3   47914.4   48040.6   
46782.4   46877     47109     47390.1   47623.2   47718.7   

Species 6
47718.7   48040.6   48709.4   49493.8   50175.8   50509.7   
47623.2   47914.4   48528.2   49250     49874.8   50175.8   
47390.1   47627.3   48135.4   48734.5   49250     49493.8   
47109     47286.4   47674.9   48135.4   48528.2   48709.4   
46877     47001.4   47286.4   47627.3   47914.4   48040.6   
46782.4   46877     47109     47390.1   47623.2   47718.7   

t =   2.00e+00  nst = 75  nfe = 0  nfi = 1381  nni = 993  hu =    9.70e-02

t =   3.00e+00  nst = 82  nfe = 0  nfi = 1538  nni = 1107  hu =    4.39e-01

t =   4.00e+00  nst = 83  nfe = 0  nfi = 1558  nni = 1122  hu =    1.07e+00

c values at t = 4:

Species 1
1.19533   1.20366   1.22108   1.24155   1.25933   1.26798   
1.19279   1.20033   1.21634   1.23521   1.25152   1.25933   
1.18655   1.19272   1.20601   1.22172   1.23521   1.24155   
1.17903   1.18366   1.19388   1.20601   1.21634   1.22108   
1.17283   1.17611   1.18366   1.19272   1.20033   1.20366   
1.1703    1.17283   1.17903   1.18655   1.19279   1.19533   

Species 2
1.19537   1.2037    1.22111   1.24159   1.25937   1.26802   
1.19282   1.20037   1.21638   1.23524   1.25155   1.25937   
1.18659   1.19275   1.20604   1.22175   1.23524   1.24159   
1.17906   1.1837    1.19391   1.20604   1.21638   1.22111   
1.17286   1.17614   1.1837    1.19275   1.20037   1.2037    
1.17034   1.17286   1.17906   1.18659   1.19282   1.19537   

Species 3
1.1954    1.20373   1.22114   1.24162   1.2594    1.26805   
1.19285   1.2004    1.21641   1.23528   1.25159   1.2594    
1.18662   1.19278   1.20607   1.22178   1.23528   1.24162   
1.17909   1.18373   1.19394   1.20607   1.21641   1.22114   
1.17289   1.17617   1.18373   1.19278   1.2004    1.20373   
1.17037   1.17289   1.17909   1.18662   1.19285   1.1954    

Species 4
35860.1   36109.9   36631.9   37246.1   37778.8   38038.2   
35783.5   36009.9   36489.8   37055.7   37544.5   37778.8   
35596.6   35781.6   36179.9   36651.4   37055.7   37246.1   
35370.8   35510     35816.3   36179.9   36489.8   36631.9   
35184.8   35283.4   35510     35781.6   36009.9   36109.9   
35108.9   35184.8   35370.8   35596.6   35783.5   35860.1   

Species 5
35860.1   36109.9   36631.9   37246.1   37778.8   38038.2   
35783.5   36009.9   36489.8   37055.7   37544.5   37778.8   
35596.6   35781.6   36179.9   36651.4   37055.7   37246.1   
35370.8   35510     35816.3   36179.9   36489.8   36631.9   
35184.8   35283.4   35510     35781.6   36009.9   36109.9   
35108.9   35184.8   35370.8   35596.6   35783.5   35860.1   

Species 6
35860.1   36109.9   36631.9   37246.1   37778.8   38038.2   
35783.5   36009.9   36489.8   37055.7   37544.5   37778.8   
35596.6   35781.6   36179.9   36651.4   37055.7   37246.1   
35370.8   35510     35816.3   36179.9   36489.8   36631.9   
35184.8   35283.4   35510     35781.6   36009.9   36109.9   
35108.9   35184.8   35370.8   35596.6   35783.5   35860.1   

t =   5.00e+00  nst = 84  nfe = 0  nfi = 1575  nni = 1134  hu =    1.41e+00

t =   6.00e+00  nst = 85  nfe = 0  nfi = 1591  nni = 1145  hu =    2.05e+00

t =   7.00e+00  nst = 85  nfe = 0  nfi = 1591  nni = 1145  hu =    2.05e+00

c values at t = 7:

Species 1
1.18853   1.19682   1.21414   1.23452   1.2522    1.26081   
1.18599   1.1935    1.20943   1.22821   1.24443   1.2522    
1.17979   1.18592   1.19915   1.21478   1.22821   1.23452   
1.1723    1.17691   1.18708   1.19915   1.20943   1.21414   
1.16613   1.16939   1.17691   1.18592   1.1935    1.19682   
1.16362   1.16613   1.1723    1.17979   1.18599   1.18853   

Species 2
1.18853   1.19682   1.21414   1.23452   1.25221   1.26081   
1.186     1.1935    1.20943   1.22821   1.24443   1.25221   
1.17979   1.18593   1.19915   1.21478   1.22821   1.23452   
1.1723    1.17691   1.18708   1.19915   1.20943   1.21414   
1.16613   1.16939   1.17691   1.18593   1.1935    1.19682   
1.16362   1.16613   1.1723    1.17979   1.186     1.18853   

Species 3
1.18853   1.19682   1.21415   1.23452   1.25221   1.26081   
1.186     1.1935    1.20943   1.22821   1.24443   1.25221   
1.17979   1.18593   1.19915   1.21478   1.22821   1.23452   
1.1723    1.17691   1.18708   1.19915   1.20943   1.21415   
1.16613   1.16939   1.17691   1.18593   1.1935    1.19682   
1.16362   1.16613   1.1723    1.17979   1.186     1.18853   

Species 4
35655.2   35903.4   36423     37033.9   37564.3   37822.2   
35579.1   35804.1   36281.8   36844.7   37331.4   37564.3   
35392.9   35576.8   35973.4   36442     36844.7   37033.9   
35168.2   35306.4   35611.3   35973.4   36281.8   36423     
34983.1   35080.9   35306.4   35576.8   35804.1   35903.4   
34907.7   34983.1   35168.2   35392.9   35579.1   35655.2   

Species 5
35655.2   35903.4   36423     37033.9   37564.3   37822.2   
35579.1   35804.1   36281.8   36844.7   37331.4   37564.3   
35392.9   35576.8   35973.4   36442     36844.7   37033.9   
35168.2   35306.4   35611.3   35973.4   36281.8   36423     
34983.1   35080.9   35306.4   35576.8   35804.1   35903.4   
34907.7   34983.1   35168.2   35392.9   35579.1   35655.2   

Species 6
35655.2   35903.4   36423     37033.9   37564.3   37822.2   
35579.1   35804.1   36281.8   36844.7   37331.4   37564.3   
35392.9   35576.8   35973.4   36442     36844.7   37033.9   
35168.2   35306.4   35611.3   35973.4   36281.8   36423     
34983.1   35080.9   35306.4   35576.8   35804.1   35903.4   
34907.7   34983.1   35168.2   35392.9   35579.1   35655.2   

t =   8.00e+00  nst = 86  nfe = 0  nfi = 1606  nni = 1155  hu =    3.32e+00

t =   9.00e+00  nst = 86  nfe = 0  nfi = 1606  nni = 1155  hu =    3.32e+00

t =   1.00e+01  nst = 86  nfe = 0  nfi = 1606  nni = 1155  hu =    3.32e+00

c values at t = 10:

Species 1
1.18838   1.19667   1.21399   1.23436   1.25205   1.26065   
1.18585   1.19335   1.20928   1.22805   1.24428   1.25205   
1.17964   1.18578   1.199     1.21463   1.22805   1.23436   
1.17215   1.17676   1.18693   1.199     1.20928   1.21399   
1.16598   1.16925   1.17676   1.18578   1.19335   1.19667   
1.16347   1.16598   1.17215   1.17964   1.18585   1.18838   

Species 2
1.18838   1.19667   1.21399   1.23436   1.25205   1.26065   
1.18585   1.19335   1.20928   1.22805   1.24428   1.25205   
1.17964   1.18578   1.199     1.21463   1.22805   1.23436   
1.17215   1.17676   1.18693   1.199     1.20928   1.21399   
1.16598   1.16925   1.17676   1.18578   1.19335   1.19667   
1.16347   1.16598   1.17215   1.17964   1.18585   1.18838   

Species 3
1.18838   1.19667   1.21399   1.23436   1.25205   1.26065   
1.18585   1.19335   1.20928   1.22805   1.24428   1.25205   
1.17964   1.18578   1.199     1.21463   1.22805   1.23436   
1.17215   1.17676   1.18693   1.199     1.20928   1.21399   
1.16598   1.16925   1.17676   1.18578   1.19335   1.19667   
1.16347   1.16598   1.17215   1.17964   1.18585   1.18838   

Species 4
35650.4   35898.6   36418.1   37029     37559.2   37817.1   
35574.3   35799.3   36276.8   36839.8   37326.3   37559.2   
35388.2   35572     35968.5   36437.2   36839.8   37029     
35163.5   35301.7   35606.5   35968.5   36276.8   36418.1   
34978.4   35076.3   35301.7   35572     35799.3   35898.6   
34903.1   34978.4   35163.5   35388.2   35574.3   35650.4   

Species 5
35650.4   35898.6   36418.1   37029     37559.2   37817.1   
35574.3   35799.3   36276.8   36839.8   37326.3   37559.2   
35388.2   35572     35968.5   36437.2   36839.8   37029     
35163.5   35301.7   35606.5   35968.5   36276.8   36418.1   
34978.4   35076.3   35301.7   35572     35799.3   35898.6   
34903.1   34978.4   35163.5   35388.2   35574.3   35650.4   

Species 6
35650.4   35898.6   36418.1   37029     37559.2   37817.1   
35574.3   35799.3   36276.8   36839.8   37326.3   37559.2   
35388.2   35572     35968.5   36437.2   36839.8   37029     
35163.5   35301.7   35606.5   35968.5   36276.8   36418.1   
34978.4   35076.3   35301.7   35572     35799.3   35898.6   
34903.1   34978.4   35163.5   35388.2   35574.3   35650.4   



 Final statistics for this run:

 ARKStep real workspace length         = 3802 
 ARKStep integer workspace length      =  142 
 ARKLS real workspace length           = 2647 
 ARKLS integer workspace length        =   42 
 Number of steps                       =   86 
 Number of f-s (explicit)              =    0 
 Number of f-s (implicit)              = 1606 
 Number of f-s (SPGMR)                 = 3395 
 Number of f-s (TOTAL)                 = 3395 
 Number of setups                      =   57 
 Number of nonlinear iterations        = 1155 
 Number of linear iterations           = 3395 
 Number of preconditioner evaluations  =   57 
 Number of preconditioner solves       = 4496 
 Number of error test failures         =    1 
 Number of nonlinear conv. failures    =   15 
 Number of linear convergence failures =   92 
 Average Krylov subspace dimension     = 2.939 


----------------------------------------------------------------------------
----------------------------------------------------------------------------


Preconditioner type is           jpre = SUN_PREC_LEFT

Gram-Schmidt method type is    gstype = SUN_CLASSICAL_GS


t =   1.00e-08  nst = 3  nfe = 0  nfi = 45  nni = 27  hu =    6.86e-08

t =   1.00e-07  nst = 4  nfe = 0  nfi = 77  nni = 49  hu =    1.20e-06

t =   1.00e-06  nst = 4  nfe = 0  nfi = 77  nni = 49  hu =    1.20e-06

t =   1.00e-05  nst = 12  nfe = 0  nfi = 197  nni = 129  hu =    1.19e-06

t =   1.00e-04  nst = 43  nfe = 0  nfi = 770  nni = 547  hu =    2.66e-05

t =   1.00e-03  nst = 46  nfe = 0  nfi = 820  nni = 582  hu =    7.29e-03

t =   1.00e-02  nst = 47  nfe = 0  nfi = 840  nni = 597  hu =    1.29e-02

t =   1.00e-01  nst = 51  nfe = 0  nfi = 920  nni = 657  hu =    2.99e-02

t =   1.00e+00  nst = 62  nfe = 0  nfi = 1153  nni = 832  hu =    5.39e-02

t =   2.00e+00  nst = 75  nfe = 0  nfi = 1381  nni = 993  hu =    9.70e-02

t =   3.00e+00  nst = 82  nfe = 0  nfi = 1538  nni = 1107  hu =    4.39e-01

t =   4.00e+00  nst = 83  nfe = 0  nfi = 1558  nni = 1122  hu =    1.07e+00

t =   5.00e+00  nst = 84  nfe = 0  nfi = 1575  nni = 1134  hu =    1.41e+00

t =   6.00e+00  nst = 85  nfe = 0  nfi = 1591  nni = 1145  hu =    2.05e+00

t =   7.00e+00  nst = 85  nfe = 0  nfi = 1591  nni = 1145  hu =    2.05e+00

t =   8.00e+00  nst = 86  nfe = 0  nfi = 1606  nni = 1155  hu =    3.32e+00

t =   9.00e+00  nst = 86  nfe = 0  nfi = 1606  nni = 1155  hu =    3.32e+00

t =   1.00e+01  nst = 86  nfe = 0  nfi = 1606  nni = 1155  hu =    3.32e+00



 Final statistics for this run:

 ARKStep real workspace length         = 3802 
 ARKStep integer workspace length      =  142 
 ARKLS real workspace length           = 2647 
 ARKLS integer workspace length        =   42 
 Number of steps                       =   86 
 Number of f-s (explicit)              =    0 
 Number of f-s (implicit)              = 1606 
 Number of f-s (SPGMR)                 = 3395 
 Number of f-s (TOTAL)                 = 3395 
 Number of setups                      =   57 
 Number of nonlinear iterations        = 1155 
 Number of linear iterations           = 3395 
 Number of preconditioner evaluations  =   57 
 Number of preconditioner solves       = 4496 
 Number of error test failures         =    1 
 Number of nonlinear conv. failures    =   15 
 Number of linear convergence failures =   92 
 Average Krylov subspace dimension     = 2.939 


----------------------------------------------------------------------------
----------------------------------------------------------------------------


Preconditioner type is           jpre = SUN_PREC_RIGHT

Gram-Schmidt method type is    gstype = SUN_MODIFIED_GS


t =   1.00e-08  nst = 3  nfe = 0  nfi = 45  nni = 27  hu =    6.86e-08

t =   1.00e-07  nst = 4  nfe = 0  nfi = 77  nni = 49  hu =    1.20e-06

t =   1.00e-06  nst = 4  nfe = 0  nfi = 77  nni = 49  hu =    1.20e-06

t =   1.00e-05  nst = 12  nfe = 0  nfi = 197  nni = 129  hu =    1.19e-06

t =   1.00e-04  nst = 43  nfe = 0  nfi = 770  nni = 547  hu =    2.66e-05

t =   1.00e-03  nst = 46  nfe = 0  nfi = 820  nni = 582  hu =    8.21e-03

t =   1.00e-02  nst = 47  nfe = 0  nfi = 840  nni = 597  hu =    1.32e-02

t =   1.00e-01  nst = 51  nfe = 0  nfi = 920  nni = 657  hu =    3.03e-02

t =   1.00e+00  nst = 86  nfe = 0  nfi = 1554  nni = 1111  hu =    5.43e-02

t =   2.00e+00  nst = 114  nfe = 0  nfi = 2055  nni = 1469  hu =    4.34e-02

t =   3.00e+00  nst = 131  nfe = 0  nfi = 2351  nni = 1680  hu =    5.87e-02

t =   4.00e+00  nst = 147  nfe = 0  nfi = 2622  nni = 1871  hu =    5.44e-02

t =   5.00e+00  nst = 162  nfe = 0  nfi = 2866  nni = 2040  hu =    7.46e-02

t =   6.00e+00  nst = 172  nfe = 0  nfi = 3026  nni = 2150  hu =    9.73e-02

t =   7.00e+00  nst = 180  nfe = 0  nfi = 3150  nni = 2234  hu =    1.51e-01

t =   8.00e+00  nst = 186  nfe = 0  nfi = 3241  nni = 2295  hu =    1.83e-01

t =   9.00e+00  nst = 191  nfe = 0  nfi = 3319  nni = 2348  hu =    2.55e-01

t =   1.00e+01  nst = 194  nfe = 0  nfi = 3358  nni = 2372  hu =    3.19e-01



 Final statistics for this run:

 ARKStep real workspace length         = 3802 
 ARKStep integer workspace length      =  142 
 ARKLS real workspace length           = 2647 
 ARKLS integer workspace length        =   42 
 Number of steps                       =  194 
 Number of f-s (explicit)              =    0 
 Number of f-s (implicit)              = 3358 
 Number of f-s (SPGMR)                 = 7968 
 Number of f-s (TOTAL)                 = 7968 
 Number of setups                      =  218 
 Number of nonlinear iterations        = 2372 
 Number of linear iterations           = 7968 
 Number of preconditioner evaluations  =  218 
 Number of preconditioner solves       = 10180 
 Number of error test failures         =    1 
 Number of nonlinear conv. failures    =  126 
 Number of linear convergence failures =  785 
 Average Krylov subspace dimension     = 3.359 


----------------------------------------------------------------------------
----------------------------------------------------------------------------


Preconditioner type is           jpre = SUN_PREC_RIGHT

Gram-Schmidt method type is    gstype = SUN_CLASSICAL_GS


t =   1.00e-08  nst = 3  nfe = 0  nfi = 45  nni = 27  hu =    6.86e-08

t =   1.00e-07  nst = 4  nfe = 0  nfi = 77  nni = 49  hu =    1.20e-06

t =   1.00e-06  nst = 4  nfe = 0  nfi = 77  nni = 49  hu =    1.20e-06

t =   1.00e-05  nst = 12  nfe = 0  nfi = 197  nni = 129  hu =    1.19e-06

t =   1.00e-04  nst = 43  nfe = 0  nfi = 770  nni = 547  hu =    2.66e-05

t =   1.00e-03  nst = 46  nfe = 0  nfi = 820  nni = 582  hu =    8.21e-03

t =   1.00e-02  nst = 47  nfe = 0  nfi = 840  nni = 597  hu =    1.32e-02

t =   1.00e-01  nst = 51  nfe = 0  nfi = 920  nni = 657  hu =    3.03e-02

t =   1.00e+00  nst = 86  nfe = 0  nfi = 1554  nni = 1111  hu =    5.43e-02

t =   2.00e+00  nst = 114  nfe = 0  nfi = 2055  nni = 1469  hu =    4.34e-02

t =   3.00e+00  nst = 131  nfe = 0  nfi = 2351  nni = 1680  hu =    5.87e-02

t =   4.00e+00  nst = 147  nfe = 0  nfi = 2622  nni = 1871  hu =    5.44e-02

t =   5.00e+00  nst = 162  nfe = 0  nfi = 2866  nni = 2040  hu =    7.46e-02

t =   6.00e+00  nst = 172  nfe = 0  nfi = 3026  nni = 2150  hu =    9.73e-02

t =   7.00e+00  nst = 180  nfe = 0  nfi = 3150  nni = 2234  hu =    1.51e-01

t =   8.00e+00  nst = 186  nfe = 0  nfi = 3241  nni = 2295  hu =    1.83e-01

t =   9.00e+00  nst = 191  nfe = 0  nfi = 3319  nni = 2348  hu =    2.55e-01

t =   1.00e+01  nst = 194  nfe = 0  nfi = 3358  nni = 2372  hu =    3.19e-01



 Final statistics for this run:

 ARKStep real workspace length         = 3802 
 ARKStep integer workspace length      =  142 
 ARKLS real workspace length           = 2647 
 ARKLS integer workspace length        =   42 
 Number of steps                       =  194 
 Number of f-s (explicit)              =    0 
 Number of f-s (implicit)              = 3358 
 Number of f-s (SPGMR)                 = 7967 
 Number of f-s (TOTAL)                 = 7967 
 Number of setups                      =  218 
 Number of nonlinear iterations        = 2372 
 Number of linear iterations           = 7967 
 Number of preconditioner evaluations  =  218 
 Number of preconditioner solves       = 10179 
 Number of error test failures         =    1 
 Number of nonlinear conv. failures    =  126 
 Number of linear convergence failures =  785 
 Average Krylov subspace dimension     = 3.359 


----------------------------------------------------------------------------
----------------------------------------------------------------------------
