
2D Heat PDE test problem:
 --------------------------------- 
  nprocs         = 4
  npx            = 2
  npy            = 2
 --------------------------------- 
  kx             = 1
  ky             = 1
  forcing        = 1
  tf             = 1
  xu             = 1
  yu             = 1
  nx             = 32
  ny             = 32
  nxl (proc 0)   = 16
  nyl (proc 0)   = 16
  dx             = 0.0322581
  dy             = 0.0322581
 --------------------------------- 
  rtol           = 1e-05
  atol           = 1e-10
  order          = 3
  fixed h        = 0
  controller     = I
  linear         = 1
 --------------------------------- 
  linear solver  = PCG
  lin iters      = 40
  eps lin        = 0
  prec           = 1
  msbp           = 0
 --------------------------------- 
  output         = 1
 --------------------------------- 

          t                     ||u||_rms                max error      
 -----------------------------------------------------------------------
 0.000000000000000e+00    3.632812500000001e-01    0.000000000000000e+00
 5.000000000000000e-02    3.551986631704038e-01    2.454628106304813e-03
 1.000000000000000e-01    3.296199937598414e-01    2.888579398300006e-03
 1.500000000000000e-01    2.894433725302070e-01    2.830137213013506e-03
 2.000000000000000e-01    2.387030621109960e-01    2.503056528674552e-03
 2.500000000000000e-01    1.824218462098695e-01    2.068112853229775e-03
 3.000000000000000e-01    1.261107820257404e-01    1.563842442028118e-03
 3.500000000000000e-01    7.529583825964663e-02    1.074120680237628e-03
 4.000000000000000e-01    3.495092400163277e-02    6.450281048183959e-04
 4.500000000000000e-01    9.022836485445973e-03    3.113714818648167e-04
 4.999999999999999e-01    5.510908147883343e-05    1.154837461016024e-04
 5.499999999999999e-01    8.918887034280523e-03    7.368923670685035e-05
 6.000000000000000e-01    3.475404615460442e-02    1.950088702268732e-04
 6.500000000000000e-01    7.502645201545498e-02    4.587275480029962e-04
 7.000000000000001e-01    1.258005282564993e-01    8.570097463171389e-04
 7.500000000000001e-01    1.820995642246237e-01    1.332826098576545e-03
 8.000000000000002e-01    2.384153184394451e-01    1.846996284775249e-03
 8.500000000000002e-01    2.892292975708248e-01    2.332986747060395e-03
 9.000000000000002e-01    3.295789511845296e-01    2.774655216726374e-03
 9.500000000000003e-01    3.555066049466726e-01    3.106953636062615e-03
 1.000000000000000e+00    3.644743511741312e-01    3.297468528896896e-03
 -----------------------------------------------------------------------

Final integrator statistics:
  Steps            = 66
  Step attempts    = 68
  Error test fails = 2
  RHS evals        = 547
  NLS iters        = 272
  NLS fails        = 0
  LS iters         = 8743
  LS fails         = 0
  LS setups        = 66
  LS RHS evals     = 8743
  Jv products      = 8743

  Avg NLS iters per step attempt = 4.000000
  Avg LS iters per NLS iter      = 32.143382

  Preconditioner setups = 3
  Preconditioner solves = 8743

  Max error = 3.297468528896896e-03
