
2D Heat PDE test problem:
 --------------------------------- 
  nprocs         = 4
  npx            = 2
  npy            = 2
 --------------------------------- 
  Dux            = 0.001
  Duy            = 0.001
  Dvx            = 0.001
  Dvy            = 0.001
  A              = 1
  B              = 3
 --------------------------------- 
  tf             = 10
  xl             = -0.5
  xu             = 0.5
  yl             = -0.5
  yu             = 0.5
 --------------------------------- 
  nx             = 128
  ny             = 128
  dx             = 0.0078125
  dy             = 0.0078125
  nxl (proc 0)   = 64
  nyl (proc 0)   = 64
  is  (proc 0)   = 0
  ie  (proc 0)   = 63
  je  (proc 0)   = 0
  je  (proc 0)   = 63
 --------------------------------- 
  rtol_slow      = 0.0001
  atol_slow      = 1e-08
  rtol_fast      = 1e-05
  atol_fast      = 1e-09
  order_fast     = 3
  fixed h slow   = 0.0762939
  fixed h fast   = 0
  controller     = I
  linear         = 1
 --------------------------------- 
  linear solver  = PCG
  lin iters      = 10
  eps lin        = 0
  prec           = 1
  msbp           = 0
 --------------------------------- 
  output         = 1
 --------------------------------- 

          t                     ||u||_rms      
 ----------------------------------------------
 0.000000000000000e+00    3.172144385112383e+00
 5.000000000000000e-01    3.136731489885552e+00
 1.000000000000000e+00    3.125059497567088e+00
 1.500000000000000e+00    3.152610456001913e+00
 2.000000000000000e+00    3.252024970410793e+00
 2.500000000000000e+00    3.404696694591985e+00
 3.000000000000000e+00    3.570046361245391e+00
 3.500000000000000e+00    3.699705370723198e+00
 4.000000000000000e+00    3.694129602661182e+00
 4.500000000000000e+00    3.627687941825726e+00
 5.000000000000000e+00    3.474713442388389e+00
 5.500000000000000e+00    3.343599986920361e+00
 6.000000000000000e+00    3.233926430503737e+00
 6.500000000000000e+00    3.082433295527311e+00
 7.000000000000000e+00    2.890767485747153e+00
 7.500000000000000e+00    2.837459463899500e+00
 8.000000000000000e+00    2.898451190906767e+00
 8.500000000000000e+00    3.140256773444511e+00
 9.000000000000000e+00    3.442402828076599e+00
 9.500000000000000e+00    3.740532867541877e+00
 1.000000000000000e+01    4.014550859886351e+00
 ----------------------------------------------

Final integrator statistics:

Slow Integrator:
  Steps            = 132
  RHS diffusion    = 792
  NLS iters        = 396
  NLS fails        = 0
  LS iters         = 2116
  LS fails         = 0
  LS setups        = 0
  LS RHS evals     = 2116
  Jv products      = 2116

  Avg NLS iters per step attempt = 3.000000
  Avg LS iters per NLS iter      = 5.343434

  Preconditioner setups = 0
  Preconditioner solves = 2116

Fast Integrator:
  Steps            = 2002
  Error test fails = 397
  RHS reaction     = 4898
  NLS iters        = 3710
  NLS fails        = 0

