Nonlinear Pendulum problem:
   method     = DIRK
   relaxation = ON
   reltol     = 1e-06
   abstol     = 1e-10

 step                       t                       u                       v                       e                   e err
------------------------------------------------------------------------------------------------------------------------------
    0   0.000000000000000e+00   1.500000000000000e+00   1.000000000000000e+00   5.846976941318602e-01   0.000000000000000e+00
 1000   1.226511879590613e+00   3.458488320503688e-01   2.123384535093593e+00   5.846976941318661e-01   5.884182030513330e-15
 2000   2.398782205493453e+00  -6.416422653535414e-01   1.959344595768142e+00   5.846976941318484e-01  -1.187938636348917e-14
 3000   3.618478866399982e+00  -1.718122359481182e+00   4.706482288464925e-01   5.846976941318416e-01  -1.865174681370263e-14
 4000   4.580481238625143e+00  -1.412050274126966e+00  -1.145879184006386e+00   5.846976941318365e-01  -2.375877272697835e-14
 5000   5.877131838118099e+00  -2.032312460372715e-01  -2.170074073066594e+00   5.846976941318296e-01  -3.064215547965432e-14
 6000   7.268062579993090e+00   1.017822304232442e+00  -1.637562492530556e+00   5.846976941318209e-01  -3.930189507173054e-14
 7000   8.489922430309726e+00   1.766752546694394e+00   2.194855588256628e-01   5.846976941318278e-01  -3.241851231905457e-14
 8000   9.510608025574198e+00   9.719845512096875e-01   1.683354559903229e+00   5.846976941318369e-01  -2.331468351712829e-14
------------------------------------------------------------------------------------------------------------------------------

Final Solver Statistics:
  Internal solver steps = 8386 (attempted = 8396)
  Total number of error test failures = 10
  Total RHS evals:  Fe = 0,  Fi = 50180
  Total number of Newton iterations = 24999
  Total number of linear solver convergence failures = 4
  Total linear solver setups = 453
  Total number of Jacobian evaluations = 142
  Total RHS evals for setting up the linear system = 0
  Total Relaxation fails     = 0
  Total Relaxation Fn evals  = 25101
  Total Relaxation Jac evals = 25101
  Total Relaxation NLS iters = 8309
  Total Relaxation NLS fails = 0

