
2D Heat PDE test problem:
 --------------------------------- 
  kx             = 1
  ky             = 1
  forcing        = 1
  tf             = 1
  xu             = 1
  yu             = 1
  nx             = 32
  ny             = 32
  dx             = 0.0322581
  dy             = 0.0322581
 --------------------------------- 
  rtol           = 1e-05
  atol           = 1e-10
  order          = 3
  fixed h        = 0
  controller     = 0
  linear         = 1
 --------------------------------- 
  linear solver  = PCG
  lin iters      = 40
  eps lin        = 0
  prec           = 1
  msbp           = 0
 --------------------------------- 
  output         = 1
 --------------------------------- 

          t                     ||u||_rms                max error      
 -----------------------------------------------------------------------
 0.000000000000000e+00    3.632812500000000e-01    0.000000000000000e+00
 5.000000000000000e-02    3.551980223603746e-01    2.452793917107843e-03
 1.000000000000000e-01    3.296191931150657e-01    2.886350008589944e-03
 1.500000000000000e-01    2.894357088971942e-01    2.809214304082652e-03
 2.000000000000000e-01    2.387057098562813e-01    2.510324663760000e-03
 2.500000000000000e-01    1.824194049224769e-01    2.061440083058141e-03
 3.000000000000000e-01    1.261115266397567e-01    1.565890170920126e-03
 3.500000000000000e-01    7.529736476163236e-02    1.078307812657137e-03
 4.000000000000000e-01    3.495017700119465e-02    6.429879399343502e-04
 4.500000000000000e-01    9.022969941554059e-03    3.117400655240597e-04
 4.999999999999999e-01    5.510911845245719e-05    1.154857626825430e-04
 5.499999999999999e-01    8.919092738178131e-03    7.425365128264916e-05
 6.000000000000000e-01    3.475355810750833e-02    1.936730318511937e-04
 6.500000000000000e-01    7.502668181354410e-02    4.593546713625440e-04
 7.000000000000001e-01    1.257986613676302e-01    8.518957138801131e-04
 7.500000000000001e-01    1.820945169785080e-01    1.319004607811258e-03
 8.000000000000002e-01    2.384126873541135e-01    1.839783593414968e-03
 8.500000000000002e-01    2.892298087179995e-01    2.334374834515929e-03
 9.000000000000002e-01    3.295777129934503e-01    2.771247028753421e-03
 9.500000000000003e-01    3.555048813232540e-01    3.102199801011229e-03
 1.000000000000000e+00    3.644743588953554e-01    3.297517139712824e-03
 -----------------------------------------------------------------------

Final integrator statistics:
  Steps            = 75
  Step attempts    = 76
  Error test fails = 1
  RHS evals        = 611
  NLS iters        = 304
  NLS fails        = 0
  LS iters         = 9207
  LS fails         = 0
  LS setups        = 76
  LS RHS evals     = 9207
  Jv products      = 9207

  Avg NLS iters per step attempt = 4.000000
  Avg LS iters per NLS iter      = 30.286184

  Preconditioner setups = 2
  Preconditioner solves = 9207

  Max error = 3.297517139712824e-03
