
2D Heat PDE test problem:
 --------------------------------- 
  nprocs         = 4
  npx            = 2
  npy            = 2
 --------------------------------- 
  kx             = 1
  ky             = 1
  forcing        = 1
  tf             = 1
  xu             = 1
  yu             = 1
  nx             = 64
  ny             = 64
  nxl (proc 0)   = 32
  nyl (proc 0)   = 32
  dx             = 0.015873
  dy             = 0.015873
 --------------------------------- 
  rtol           = 1e-05
  atol           = 1e-10
  order          = 3
  fixed h        = 0
  controller     = I
  linear         = 1
 --------------------------------- 
  linear solver  = PCG
  lin iters      = 10
  eps lin        = 0
  prec           = 1
  msbp           = 0
  pfmg_relax     = 2
  pfmg_nrelax    = 2
 --------------------------------- 
  output         = 1
 --------------------------------- 

          t                     ||u||_rms                max error      
 -----------------------------------------------------------------------
 0.000000000000000e+00    3.691406249999997e-01    0.000000000000000e+00
 5.000000000000000e-02    3.602986319515668e-01    5.774417377928387e-04
 1.000000000000000e-01    3.341368530141092e-01    6.828785377542834e-04
 1.500000000000000e-01    2.933115381502904e-01    6.834465932298306e-04
 2.000000000000000e-01    2.418304059015230e-01    5.956824900470448e-04
 2.500000000000000e-01    1.847580507423077e-01    4.904854280175508e-04
 3.000000000000000e-01    1.276800467719076e-01    3.730420783781274e-04
 3.500000000000000e-01    7.618633579943976e-02    2.614494043889914e-04
 4.000000000000000e-01    3.531279890667719e-02    1.536555802684469e-04
 4.500000000000000e-01    9.065923238325365e-03    7.497502459129918e-05
 4.999999999999999e-01    1.353785913541669e-05    2.797949497501711e-05
 5.499999999999999e-01    9.040670739921836e-03    1.812865242715317e-05
 6.000000000000000e-01    3.526610376743381e-02    4.911501140628105e-05
 6.500000000000000e-01    7.612132032625563e-02    1.154673176336496e-04
 7.000000000000001e-01    1.276079503121785e-01    2.129191472591829e-04
 7.500000000000001e-01    1.846845286344413e-01    3.276114734559465e-04
 8.000000000000002e-01    2.417645102530898e-01    4.496971047812659e-04
 8.500000000000002e-01    2.932638338225598e-01    5.762194356376815e-04
 9.000000000000002e-01    3.341365951895005e-01    6.818331433390279e-04
 9.500000000000003e-01    3.603849071331733e-01    7.643953647856749e-04
 1.000000000000000e+00    3.694337662741964e-01    8.004826062201209e-04
 -----------------------------------------------------------------------

Final integrator statistics:
  Steps            = 72
  Step attempts    = 75
  Error test fails = 3
  RHS evals        = 603
  NLS iters        = 300
  NLS fails        = 0
  LS iters         = 1969
  LS fails         = 0
  LS setups        = 72
  J evals          = 4

  Avg NLS iters per step attempt = 4.000000
  Avg LS iters per NLS iter      = 6.563333

  Max error = 8.004826062201209e-04
