
2D Heat PDE test problem:
 ------------------------------------ 
 kx                = 10
 ky                = 10
 forcing           = 1
 tf                = 1
 xu                = 1
 yu                = 1
 nx                = 64
 ny                = 64
 dx                = 0.015873
 dy                = 0.015873
 ------------------------------------ 
 rtol              = 1e-05
 atol              = 1e-10
 fixed h           = 0
 controller        = I
 method            = 0
 eigfrequency      = 25
 stage_max_limit   = 1000
 eigsafety         = 1.01
 ------------------------------------ 
 output            = 1
 max steps         = 0
 ------------------------------------ 
 dee ID            = 1
 dee num_init_wups = 20
 dee num_succ_wups = 5
 dee_max_iters     = 100
 dee_krylov_dim    = 3
 dee_reltol        = 0.005
 ------------------------------------ 

          t                     ||u||_rms                max error      
 -----------------------------------------------------------------------
 0.000000000000000e+00    3.691406250000004e-01    0.000000000000000e+00
 5.000000000000000e-02    3.604068358262748e-01    8.104220262494799e-04
 1.000000000000000e-01    3.341701059490975e-01    7.544114129217627e-04
 1.500000000000000e-01    2.933044782329327e-01    6.651814882105977e-04
 2.000000000000000e-01    2.418101896131380e-01    5.514071296627288e-04
 2.500000000000000e-01    1.847278611302407e-01    4.242190324242334e-04
 3.000000000000000e-01    1.276450270426788e-01    2.958523061760143e-04
 3.500000000000000e-01    7.614942228521246e-02    1.790708608036262e-04
 4.000000000000000e-01    3.528179536470312e-02    8.530246663751573e-05
 4.500000000000000e-01    9.042539510484919e-03    2.369998940774873e-05
 4.999999999999999e-01    1.483065494995854e-07    3.058881635906592e-07
 5.499999999999999e-01    9.039745355429542e-03    1.742512024820175e-05
 6.000000000000000e-01    3.527649563979653e-02    7.339776131201625e-05
 6.500000000000000e-01    7.614215113316045e-02    1.627296960794444e-04
 7.000000000000001e-01    1.276364922566113e-01    2.766671249812003e-04
 7.500000000000001e-01    1.847188955826945e-01    4.040611524536719e-04
 8.000000000000002e-01    2.418017381500226e-01    5.324420938447316e-04
 8.500000000000002e-01    2.932973539539149e-01    6.492436786457167e-04
 9.000000000000002e-01    3.341649926251714e-01    7.430309016035475e-04
 9.500000000000003e-01    3.604042442533515e-01    8.046240582888498e-04
 1.000000000000000e+00    3.694466529244105e-01    8.280978975687692e-04
 -----------------------------------------------------------------------

Final integrator statistics:
Current time                  = 1
Steps                         = 484
Step attempts                 = 491
Stability limited steps       = 0
Accuracy limited steps        = 491
Error test fails              = 7
NLS step fails                = 0
Inequality constraint fails   = 0
Initial step size             = 2.87768024842502e-06
Last step size                = 7.38036732151891e-05
Current step size             = 7.38036732151891e-05
RHS fn evals                  = 15579
Number of dom_eig updates     = 23
Number of fe calls for DEE    = 231
Number of iterations for DEE  = 199
Max. num. of stages used      = 62
Max. num. of stages allowed   = 1000
Max. spectral radius          = 319815.174883451
Min. spectral radius          = 316783.771743622
  Max error = 8.280978975687692e-04
