
Conserved Exponential Entropy problem:
   method     = ERK
   reltol     = 1.0e-06
   abstol     = 1.0e-10
   relaxation = ON

 step   t              u              v              e              delta e
 -------------------------------------------------------------------------------
    0   0.000000e+00   1.000000e+00   5.000000e-01   4.367003e+00   0.000000e+00
   40   6.759227e-01  -1.060311e+00   1.391445e+00   4.367003e+00  -1.776357e-15
   80   2.195795e+00  -7.615081e+00   1.473964e+00   4.367003e+00  -1.776357e-15
 -------------------------------------------------------------------------------

Final Solver Statistics:
   Internal solver steps = 93 (attempted = 116)
   Total number of error test failures = 2
   Total RHS evals = 560
   Total Relaxation Fn evals    = 582
   Total Relaxation Jac evals   = 951
   Total Relaxation fails       = 21
   Total Relaxation bound fails = 21
   Total Relaxation NLS fails   = 21
   Total Relaxation NLS iters   = 371

