
2-species diurnal advection-diffusion problem
  10 by 10 mesh on 4 processors
  Using ARKBBDPRE preconditioner module
    Difference-quotient half-bandwidths are mudq = 10,  mldq = 10
    Retained band block half-bandwidths are mukeep = 2,  mlkeep = 2

Preconditioner type is:  jpre = SUN_PREC_LEFT

t = 7.20e+03   no. steps = 70   stepsize = 1.20e+02
At bottom left:  c1, c2 =    1.047e+04    2.527e+11 
At top right:    c1, c2 =    1.119e+04    2.700e+11 

t = 1.44e+04   no. steps = 96   stepsize = 6.25e+02
At bottom left:  c1, c2 =    6.659e+06    2.582e+11 
At top right:    c1, c2 =    7.301e+06    2.833e+11 

t = 2.16e+04   no. steps = 114   stepsize = 6.85e+02
At bottom left:  c1, c2 =    2.665e+07    2.993e+11 
At top right:    c1, c2 =    2.931e+07    3.313e+11 

t = 2.88e+04   no. steps = 127   stepsize = 2.71e+02
At bottom left:  c1, c2 =    8.702e+06    3.380e+11 
At top right:    c1, c2 =    9.650e+06    3.751e+11 

t = 3.60e+04   no. steps = 157   stepsize = 7.26e+01
At bottom left:  c1, c2 =    1.404e+04    3.387e+11 
At top right:    c1, c2 =    1.561e+04    3.765e+11 

t = 4.32e+04   no. steps = 197   stepsize = 1.71e+03
At bottom left:  c1, c2 =   -2.398e-06    3.382e+11 
At top right:    c1, c2 =    1.708e-05    3.804e+11 

t = 5.04e+04   no. steps = 202   stepsize = 1.68e+03
At bottom left:  c1, c2 =    1.356e-06    3.358e+11 
At top right:    c1, c2 =    3.088e-06    3.864e+11 

t = 5.76e+04   no. steps = 206   stepsize = 1.49e+03
At bottom left:  c1, c2 =   -5.807e-07    3.320e+11 
At top right:    c1, c2 =   -2.199e-06    3.909e+11 

t = 6.48e+04   no. steps = 211   stepsize = 1.95e+03
At bottom left:  c1, c2 =    1.388e-07    3.313e+11 
At top right:    c1, c2 =   -5.088e-07    3.963e+11 

t = 7.20e+04   no. steps = 215   stepsize = 2.16e+03
At bottom left:  c1, c2 =   -5.031e-07    3.330e+11 
At top right:    c1, c2 =   -5.804e-06    4.039e+11 

t = 7.92e+04   no. steps = 219   stepsize = 1.49e+03
At bottom left:  c1, c2 =    2.744e-09    3.334e+11 
At top right:    c1, c2 =    2.297e-06    4.120e+11 

t = 8.64e+04   no. steps = 222   stepsize = 2.43e+03
At bottom left:  c1, c2 =    2.629e-07    3.352e+11 
At top right:    c1, c2 =    3.178e-06    4.163e+11 


Final Statistics: 

lenrw   =  4130     leniw   =   285
lenrwls =  2455     leniwls =   126
nst     =   222     nfe     =     0
nfe     =  3418     nfels   =  6419
nni     =  2175     nli     =  6419
nsetups =    75     netf    =    26
npe     =     4     nps     =  8515
ncfn    =     0     ncfl    =   391

In ARKBBDPRE: real/integer local work space sizes = 1300, 192
             no. flocal evals. = 88


-------------------------------------------------------------------


Preconditioner type is:  jpre = SUN_PREC_RIGHT

t = 7.20e+03   no. steps = 69   stepsize = 1.17e+02
At bottom left:  c1, c2 =    1.047e+04    2.527e+11 
At top right:    c1, c2 =    1.118e+04    2.700e+11 

t = 1.44e+04   no. steps = 96   stepsize = 5.40e+02
At bottom left:  c1, c2 =    6.659e+06    2.582e+11 
At top right:    c1, c2 =    7.301e+06    2.833e+11 

t = 2.16e+04   no. steps = 114   stepsize = 6.89e+02
At bottom left:  c1, c2 =    2.665e+07    2.993e+11 
At top right:    c1, c2 =    2.931e+07    3.313e+11 

t = 2.88e+04   no. steps = 132   stepsize = 2.49e+02
At bottom left:  c1, c2 =    8.702e+06    3.380e+11 
At top right:    c1, c2 =    9.650e+06    3.751e+11 

t = 3.60e+04   no. steps = 160   stepsize = 7.56e+01
At bottom left:  c1, c2 =    1.404e+04    3.387e+11 
At top right:    c1, c2 =    1.561e+04    3.765e+11 

t = 4.32e+04   no. steps = 200   stepsize = 1.76e+03
At bottom left:  c1, c2 =   -1.228e-07    3.382e+11 
At top right:    c1, c2 =   -1.388e-07    3.804e+11 

t = 5.04e+04   no. steps = 204   stepsize = 1.08e+03
At bottom left:  c1, c2 =    8.697e-10    3.358e+11 
At top right:    c1, c2 =   -1.343e-09    3.864e+11 

t = 5.76e+04   no. steps = 209   stepsize = 1.23e+03
At bottom left:  c1, c2 =    4.405e-08    3.320e+11 
At top right:    c1, c2 =    5.871e-09    3.909e+11 

t = 6.48e+04   no. steps = 213   stepsize = 2.04e+03
At bottom left:  c1, c2 =    1.386e-10    3.313e+11 
At top right:    c1, c2 =   -6.219e-10    3.963e+11 

t = 7.20e+04   no. steps = 217   stepsize = 2.19e+03
At bottom left:  c1, c2 =    8.884e-08    3.330e+11 
At top right:    c1, c2 =    8.182e-07    4.039e+11 

t = 7.92e+04   no. steps = 220   stepsize = 2.32e+03
At bottom left:  c1, c2 =    5.450e-08    3.334e+11 
At top right:    c1, c2 =    2.005e-07    4.120e+11 

t = 8.64e+04   no. steps = 223   stepsize = 2.47e+03
At bottom left:  c1, c2 =   -1.483e-08    3.352e+11 
At top right:    c1, c2 =    7.231e-08    4.163e+11 


Final Statistics: 

lenrw   =  4130     leniw   =   285
lenrwls =  2455     leniwls =   126
nst     =   223     nfe     =     0
nfe     =  3240     nfels   =  7115
nni     =  2017     nli     =  7115
nsetups =    77     netf    =    21
npe     =     7     nps     =  9039
ncfn    =     3     ncfl    =   793

In ARKBBDPRE: real/integer local work space sizes = 1300, 192
             no. flocal evals. = 154
