
2D Heat PDE test problem:
 --------------------------------- 
  nprocs         = 4
  npx            = 2
  npy            = 2
 --------------------------------- 
  kx             = 1
  ky             = 1
  forcing        = 1
  tf             = 1
  xu             = 1
  yu             = 1
  nx             = 64
  ny             = 64
  nxl (proc 0)   = 32
  nyl (proc 0)   = 32
  dx             = 0.015873
  dy             = 0.015873
 --------------------------------- 
  rtol           = 1e-05
  atol           = 1e-10
 --------------------------------- 
  linear solver  = PCG
  lin iters      = 10
  matvec         = 0
  eps lin        = 0
  prec           = 1
  msbp           = 0
  pfmg_relax     = 2
  pfmg_nrelax    = 2
 --------------------------------- 
  output         = 1
 --------------------------------- 

          t                     ||u||_rms                max error      
 -----------------------------------------------------------------------
 0.000000000000000e+00    3.691406249999997e-01    0.000000000000000e+00
 5.000000000000000e-02    3.603055554624067e-01    5.964173782736504e-04
 1.000000000000000e-01    3.341441224318785e-01    7.025395326595296e-04
 1.500000000000000e-01    2.933127009699427e-01    6.866877540108174e-04
 2.000000000000000e-01    2.418343773481995e-01    6.071392736702874e-04
 2.500000000000000e-01    1.847604445208283e-01    4.980600556848680e-04
 3.000000000000000e-01    1.276806245794636e-01    3.758916451022665e-04
 3.500000000000000e-01    7.618367100500849e-02    2.555916898441535e-04
 4.000000000000000e-01    3.531132595289787e-02    1.509334518145916e-04
 4.500000000000000e-01    9.065102374981164e-03    7.337467322523356e-05
 4.999999999999999e-01    1.303654517123814e-05    2.695058607790640e-05
 5.499999999999999e-01    9.040400101441292e-03    1.749964041963467e-05
 6.000000000000000e-01    3.526522329656517e-02    4.674270012051951e-05
 6.500000000000000e-01    7.611999195141091e-02    1.117514719666812e-04
 7.000000000000001e-01    1.276053510150357e-01    2.058216616807051e-04
 7.500000000000001e-01    1.846818917639366e-01    3.204262435609340e-04
 8.000000000000002e-01    2.417625123384627e-01    4.442551063703615e-04
 8.500000000000002e-01    2.932595816243398e-01    5.647136714418410e-04
 9.000000000000002e-01    3.341321193154027e-01    6.698936772957520e-04
 9.500000000000003e-01    3.603795391769086e-01    7.501943169998526e-04
 1.000000000000000e+00    3.694325325764489e-01    7.976446662439907e-04
 -----------------------------------------------------------------------

Final integrator statistics:
  Steps            = 94
  Error test fails = 3
  RHS evals        = 117
  NLS iters        = 114
  NLS fails        = 0
  LS iters         = 213
  LS fails         = 0
  LS setups        = 17
  LS RHS evals     = 213
  Jv products      = 213

  Avg NLS iters per step    = 1.212766
  Avg LS iters per NLS iter = 1.868421

  Preconditioner setups = 17
  Preconditioner solves = 213
  PFMG iters            = 213

  Max error = 7.976446662439907e-04
