   
 2D Heat PDE test problem:
   nprocs =    4
   nx =  100
   ny =  100
   kx =  1.00
   ky =  1.00
   rtol =  0.00E+00
   atol =  1.00E-03
   nxl (proc 0) =   50
   nyl (proc 0) =   50
   
   
 Case            1
   Difference quotient half-bandwidths =                    50
   Retained matrix half-bandwidths =                     1
   
 Output Summary
   umax = max-norm of solution
   nre = nre + nreLS (total number of RES evals.)
    
         t      ||u||_max       k  nst   nni   nli   nre    nge       h      npe   nps
    ------------------------------------------------------------------------------------
    0.010000    8.46213E-01   2   15    20    32    20+ 32    816    2.56E-03    8    52
    0.020000    7.05517E-01   2   18    24    47    24+ 47    918    5.12E-03    9    71
    0.040000    4.83694E-01   3   22    29    73    29+ 73    918    5.12E-03    9   102
    0.080000    2.15365E-01   3   28    38   143    38+143    918    6.97E-03    9   181
    0.160000    6.15447E-02   2   36    48   211    48+211   1020    1.39E-02   10   259
    0.320000    1.63800E-02   2   48    69   393    69+393   1428    1.88E-02   14   462
    0.640000    2.04253E-02   1   65    97   482    97+482   2550    6.90E-02   25   579
    1.280000    2.84118E-02   1   69   103   508   103+508   2754    2.76E-01   27   611
    2.560000    2.28392E-02   1   74   111   534   111+534   2856    7.37E-01   28   645
    5.120000    1.50053E-02   1   76   114   546   114+546   2958    1.47E+00   29   660
   10.240000    6.77062E-03   1   85   129   564   129+564   3876    1.89E+00   38   693
    ------------------------------------------------------------------------------------
   
 Final Solver Statistics:
   Total number of error test failures      =      1
   Total number of nonlinear conv. failures =      2
   Total number of linear conv. failures    =      2
   
 Case            2
   Difference quotient half-bandwidths =                     5
   Retained matrix half-bandwidths =                     1
   
 Output Summary
   umax = max-norm of solution
   nre = nre + nreLS (total number of RES evals.)
    
         t      ||u||_max       k  nst   nni   nli   nre    nge       h      npe   nps
    ------------------------------------------------------------------------------------
    0.010000    8.46213E-01   2   15    20    32    20+ 32     96    2.56E-03    8    52
    0.020000    7.05517E-01   2   18    24    47    24+ 47    108    5.12E-03    9    71
    0.040000    4.83694E-01   3   22    29    73    29+ 73    108    5.12E-03    9   102
    0.080000    2.15365E-01   3   28    38   143    38+143    108    6.97E-03    9   181
    0.160000    6.15447E-02   2   36    48   211    48+211    120    1.39E-02   10   259
    0.320000    1.63800E-02   2   48    69   393    69+393    168    1.88E-02   14   462
    0.640000    2.04253E-02   1   65    97   482    97+482    300    6.90E-02   25   579
    1.280000    2.84118E-02   1   69   103   508   103+508    324    2.76E-01   27   611
    2.560000    2.28392E-02   1   74   111   534   111+534    336    7.37E-01   28   645
    5.120000    1.50053E-02   1   76   114   546   114+546    348    1.47E+00   29   660
   10.240000    6.77062E-03   1   85   129   564   129+564    456    1.89E+00   38   693
    ------------------------------------------------------------------------------------
   
 Final Solver Statistics:
   Total number of error test failures      =      1
   Total number of nonlinear conv. failures =      2
   Total number of linear conv. failures    =      2
