
Conserved Exponential Entropy problem:
   method     = ERK
   reltol     = 1.0e-06
   abstol     = 1.0e-10
   relaxation = ON

 step   t              u              v              e              delta e
 -------------------------------------------------------------------------------
    0   0.000000e+00   1.000000e+00   5.000000e-01   4.367003e+00   0.000000e+00
   40   1.925155e+00  -6.433450e+00   1.473709e+00   4.367003e+00   4.768372e-07
 -------------------------------------------------------------------------------

Final Solver Statistics:
   Internal solver steps = 46 (attempted = 48)
   Total number of error test failures = 2
   Total RHS evals = 239
   Total Relaxation Fn evals    = 96
   Total Relaxation Jac evals   = 240
   Total Relaxation fails       = 0
   Total Relaxation bound fails = 0
   Total Relaxation NLS fails   = 0
   Total Relaxation NLS iters   = 0

