
Multirate nonlinear Kvaerno-Prothero-Robinson test problem:
    time domain:  (0,5]
    hs = 0.005
    hf = 5e-05
    G = -100
    w = 100
    e = 0.5
    slow solver: ARKODE_IMEX_MRI_SR32
      reltol = 1.25e-07,  abstol = 1.00e-11
    fast solver: erk-3-3
        t           u           v       uerr      verr
   ------------------------------------------------------
    0.000000    1.224745    1.732051  0.00e+00  0.00e+00
    0.100000    1.223724    1.077470  2.38e-07  6.44e-06
    0.200000    1.220668    1.551807  1.07e-06  7.03e-06
    0.300000    1.215595    1.467775  1.67e-06  3.74e-05
    0.400000    1.208522    1.154666  2.50e-06  8.32e-05
    0.500000    1.199495    1.721895  1.43e-06  1.30e-05
    0.600000    1.188558    1.023615  1.43e-06  9.74e-05
    0.700000    1.175765    1.622743  9.54e-07  5.72e-06
    0.800000    1.161185    1.374664  1.55e-06  2.98e-05
    0.900000    1.144902    1.245803  2.26e-06  4.27e-05
    1.000000    1.127010    1.691809  2.38e-07  3.24e-05
    1.100000    1.107609    1.000476  1.19e-07  1.38e-05
    1.200000    1.086816    1.677598  4.41e-06  4.85e-05
    1.300000    1.064773    1.277688  3.93e-06  9.24e-05
    1.400000    1.041625    1.342534  1.19e-07  8.46e-05
    1.500000    1.017523    1.642885  7.99e-06  6.14e-05
    1.600000    0.992674    1.012114  4.17e-07  4.89e-06
    1.700000    0.967249    1.714071  3.76e-06  1.60e-05
    1.800000    0.941484    1.183779  3.22e-06  9.82e-05
    1.900000    0.915616    1.437529  1.73e-06  7.44e-05
    2.000000    0.889907    1.577018  4.35e-06  7.20e-05
    2.100000    0.864630    1.057080  5.13e-06  6.16e-04
    2.200000    0.840092    1.730609  2.62e-06  3.12e-04
    2.300000    0.816623    1.101561  6.56e-06  5.14e-04
    2.400000    0.794542    1.524993  3.46e-06  6.33e-05
    2.500000    0.774221    1.496942  6.56e-06  4.08e-05
    2.600000    0.756011    1.127319  2.09e-06  4.53e-04
    2.700000    0.740242    1.727168  3.52e-06  3.67e-04
    2.799999    0.727245    1.038939  2.32e-06  5.57e-04
    2.899999    0.717298    1.600580  2.74e-06  1.95e-04
    2.999999    0.710632    1.406403  3.81e-06  4.49e-05
    3.099999    0.707415    1.214685  2.32e-06  3.01e-04
    3.199999    0.707704    1.703650  5.25e-06  3.65e-04
    3.299999    0.711526    1.004955  6.56e-06  5.70e-04
    3.399999    0.718747    1.660928  2.09e-06  3.21e-04
    3.499999    0.729228    1.310204  1.37e-06  1.47e-04
    3.599999    0.742719    1.310275  7.87e-06  1.51e-04
    3.699999    0.758904    1.660426  9.42e-06  7.81e-04
    3.799999    0.777506    1.010437  2.98e-07  6.04e-03
    3.899998    0.798118    1.703153  2.59e-05  8.85e-04
    3.999998    0.820473    1.217005  1.37e-06  2.68e-03
    4.099998    0.844123    1.408677  2.61e-05  2.26e-03
    4.199998    0.868814    1.599503  1.79e-05  1.23e-03
    4.299998    0.894191    1.043597  1.20e-05  5.18e-03
    4.399998    0.919933    1.725517  3.02e-05  2.03e-03
    4.499998    0.945823    1.129782  1.03e-05  2.96e-03
    4.599998    0.971525    1.497718  3.15e-05  6.75e-04
    4.699998    0.996885    1.523839  1.23e-05  1.17e-03
    4.799998    1.021631    1.105371  9.54e-06  4.28e-03
    4.899998    1.045559    1.728218  2.90e-05  2.70e-03
    4.999998    1.068557    1.059850  7.27e-06  3.42e-03
   ------------------------------------------------------

Final Solver Statistics:
   Steps: nsts = 1000, nstf = 360309
   u error = 1.053e-05, v error = 1.630e-03, total error = 1.152e-03
   Total RHS evals:  Fse = 4001, Fsi = 12084,  Ff = 1080977
   Slow Newton iters = 8083
   Slow Newton conv fails = 0
   Slow Jacobian evals = 50
