
1D Heat PDE test problem:
  N = 201
  diffusion coefficient:  k = 0.5
        t      ||u||_rms
   -------------------------
    0.000000    0.000000
    0.100000    0.001165
    0.200000    0.001826
    0.300000    0.002237
    0.400000    0.002485
    0.500000    0.002641
    0.600000    0.002735
    0.700000    0.002789
    0.800000    0.002825
    0.900000    0.002847
    1.000000    0.002861
   -------------------------

Final Solver Statistics:
   Internal solver steps = 12 (attempted = 12)
   Total RHS evals:  Fe = 0,  Fi = 121
   Total linear solver setups = 0
   Total linear iterations = 5116
   Total number of Jacobian-vector products = 5116
   Total number of linear solver convergence failures = 0
   Total number of Newton iterations = 60
   Total number of nonlinear solver convergence failures = 0
   Total number of error test failures = 0
