
Multirate nonlinear Kvaerno-Prothero-Robinson test problem:
    time domain:  (0,5]
    hs = 0.002
    hf = 2e-05
    G = -100
    w = 100
    e = 0.5
    slow solver: ARKODE_MRI_GARK_ERK45a
    fast solver: erk-4-4
        t           u           v       uerr      verr
   ------------------------------------------------------
    0.000000    1.224745    1.732051  0.00e+00  0.00e+00
    0.100000    1.223721    1.077432  3.93e-06  3.22e-05
    0.200000    1.220659    1.551769  1.03e-05  3.06e-05
    0.300000    1.215583    1.467705  1.11e-05  3.24e-05
    0.400000    1.208521    1.154556  2.98e-06  2.71e-05
    0.500000    1.199489    1.721869  7.75e-06  3.84e-05
    0.600000    1.188549    1.024336  8.11e-06  8.18e-04
    0.700000    1.175751    1.622857  1.25e-05  1.09e-04
    0.800000    1.161176    1.374728  1.06e-05  9.35e-05
    0.900000    1.144903    1.246539  1.07e-06  7.79e-04
    1.000000    1.127010    1.691407  1.19e-07  4.35e-04
    1.100000    1.107608    1.001257  1.55e-06  7.67e-04
    1.200000    1.086807    1.677617  1.39e-05  6.77e-05
    1.300000    1.064768    1.277531  9.06e-06  2.50e-04
    1.400000    1.041628    1.343471  2.50e-06  1.02e-03
    1.500000    1.017527    1.642056  3.46e-06  8.91e-04
    1.600000    0.992677    1.013114  3.64e-06  1.01e-03
    1.700000    0.967407    1.712322  1.54e-04  1.73e-03
    1.800000    0.941750    1.205882  2.63e-04  2.20e-02
    1.900000    0.915767    1.448538  1.49e-04  1.11e-02
    2.000000    0.890105    1.576909  2.03e-04  1.82e-04
    2.100000    0.864826    1.083846  2.01e-04  2.74e-02
    2.200000    0.840217    1.722721  1.28e-04  8.20e-03
    2.300000    0.816841    1.123108  2.24e-04  2.21e-02
    2.400000    0.794641    1.526158  9.54e-05  1.10e-03
    2.500000    0.774393    1.497906  1.66e-04  9.23e-04
    2.600000    0.756138    1.146603  1.25e-04  1.97e-02
    2.700000    0.740318    1.716162  7.21e-05  1.14e-02
    2.799999    0.727398    1.060816  1.50e-04  2.24e-02
    2.899999    0.717311    1.595305  9.83e-06  5.47e-03
    2.999999    0.710728    1.409201  9.17e-05  2.84e-03
    3.099999    0.707428    1.227615  1.50e-05  1.32e-02
    3.199999    0.707694    1.691596  1.55e-05  1.24e-02
    3.299999    0.711559    1.026823  3.95e-05  2.24e-02
    3.399999    0.718575    1.641627  1.75e-04  1.96e-02
    3.499999    0.729231    1.323124  4.23e-06  1.31e-02
    3.599999    0.742516    1.325158  1.96e-04  1.50e-02
    3.699999    0.758735    1.638605  1.78e-04  2.26e-02
    3.799999    0.777385    1.048094  1.21e-04  4.37e-02
    3.899998    0.797819    1.677520  3.24e-04  2.65e-02
    3.999998    0.820355    1.234698  1.19e-04  2.04e-02
    4.099998    0.843817    1.409870  3.32e-04  3.46e-03
    4.199998    0.868588    1.582163  2.44e-04  1.86e-02
    4.299998    0.893978    1.077348  2.25e-04  3.89e-02
    4.399998    0.919596    1.696885  3.68e-04  3.07e-02
    4.499998    0.945680    1.154887  1.54e-04  2.81e-02
    4.599998    0.971182    1.489833  3.74e-04  7.21e-03
    4.699998    0.996676    1.512840  2.22e-04  1.22e-02
    4.799998    1.021392    1.132818  2.48e-04  3.17e-02
    4.899998    1.045262    1.698710  3.26e-04  3.22e-02
    4.999998    1.068437    1.097348  1.28e-04  4.09e-02
   ------------------------------------------------------

Final Solver Statistics:
   Steps: nsts = 2500, nstf = 237354
   u error = 1.639e-04, v error = 1.769e-02, total error = 1.251e-02
   Total RHS evals:  Fs = 12501,  Ff = 949466
