
Multirate nonlinear Kvaerno-Prothero-Robinson test problem:
    time domain:  (0,5]
    hs = 0.002
    hf = 2e-05
    G = -100
    w = 100
    e = 0.5
    solver: exp-4/exp-4 (MRI-GARK-ERK45a / ERK-4-4)

        t           u           v       uerr      verr
   ------------------------------------------------------
    0.000000    1.224745    1.732051  0.00e+00  0.00e+00
    0.100000    1.223706    1.077434  1.86e-05  3.02e-05
    0.200000    1.220656    1.551768  1.36e-05  3.12e-05
    0.300000    1.215551    1.467705  4.28e-05  3.28e-05
    0.400000    1.208529    1.154554  4.53e-06  2.92e-05
    0.500000    1.199479    1.721868  1.72e-05  4.02e-05
    0.600000    1.188552    1.024338  5.01e-06  8.20e-04
    0.700000    1.175740    1.622762  2.35e-05  1.38e-05
    0.800000    1.161181    1.374935  5.48e-06  3.01e-04
    0.900000    1.144891    1.246213  1.31e-05  4.53e-04
    1.000000    1.127028    1.691686  1.84e-05  1.56e-04
    1.100000    1.107572    1.001200  3.67e-05  7.10e-04
    1.200000    1.086749    1.677367  7.12e-05  1.82e-04
    1.300000    1.064770    1.278095  6.91e-06  3.15e-04
    1.400000    1.041592    1.342667  3.30e-05  2.18e-04
    1.500000    1.017500    1.642764  3.10e-05  1.83e-04
    1.600000    0.992660    1.012735  1.32e-05  6.27e-04
    1.700000    0.967414    1.712194  1.62e-04  1.86e-03
    1.800000    0.941744    1.206645  2.56e-04  2.28e-02
    1.900000    0.915777    1.447339  1.60e-04  9.88e-03
    2.000000    0.890108    1.578061  2.06e-04  9.70e-04
    2.100000    0.864830    1.083228  2.05e-04  2.68e-02
    2.200000    0.840216    1.722824  1.27e-04  8.10e-03
    2.300000    0.816850    1.123262  2.34e-04  2.22e-02
    2.400000    0.794639    1.526155  9.35e-05  1.10e-03
    2.500000    0.774392    1.497913  1.64e-04  9.30e-04
    2.600000    0.756131    1.146585  1.18e-04  1.97e-02
    2.700000    0.740300    1.716168  5.37e-05  1.14e-02
    2.799999    0.727384    1.060830  1.37e-04  2.24e-02
    2.899999    0.717315    1.595262  1.37e-05  5.51e-03
    2.999999    0.710738    1.409275  1.02e-04  2.92e-03
    3.099999    0.707422    1.227519  9.18e-06  1.31e-02
    3.199999    0.707705    1.691654  4.47e-06  1.24e-02
    3.299999    0.711560    1.026813  4.01e-05  2.24e-02
    3.399999    0.718574    1.641511  1.76e-04  1.97e-02
    3.499999    0.729234    1.323377  6.97e-06  1.33e-02
    3.599999    0.742517    1.324850  1.94e-04  1.47e-02
    3.699999    0.758722    1.638826  1.91e-04  2.24e-02
    3.799999    0.777399    1.047977  1.07e-04  4.36e-02
    3.899998    0.797826    1.677432  3.17e-04  2.66e-02
    3.999998    0.820360    1.235064  1.14e-04  2.07e-02
    4.099998    0.843813    1.409491  3.36e-04  3.08e-03
    4.199998    0.868590    1.582428  2.42e-04  1.83e-02
    4.299998    0.893978    1.077181  2.26e-04  3.88e-02
    4.399998    0.919595    1.696880  3.68e-04  3.07e-02
    4.499998    0.945684    1.155026  1.49e-04  2.82e-02
    4.599998    0.971184    1.489697  3.73e-04  7.35e-03
    4.699998    0.996671    1.512940  2.26e-04  1.21e-02
    4.799998    1.021421    1.132757  2.19e-04  3.17e-02
    4.899998    1.045249    1.698716  3.39e-04  3.22e-02
    4.999998    1.068431    1.097360  1.34e-04  4.09e-02
   ------------------------------------------------------

Final Solver Statistics:
   Steps: nsts = 2500, nstf = 237354
   u error = 1.644e-04, v error = 1.767e-02, total error = 1.249e-02
   Total RHS evals:  Fs = 12500,  Ff = 949416
