Nonlinear Pendulum problem:
   method     = DIRK
   relaxation = ON
   reltol     = 1e-06
   abstol     = 1e-10

    step             t             u             v             e         e err
------------------------------------------------------------------------------
       0  0.000000e+00  1.500000e+00  1.000000e+00  5.846977e-01  0.000000e+00
    1000  1.835517e+00 -1.544224e-01  2.180686e+00  5.847000e-01  2.264977e-06
    2000  3.587860e+00 -1.703526e+00  5.230478e-01  5.846999e-01  2.205372e-06
    3000  5.050683e+00 -9.517385e-01 -1.702978e+00  5.847000e-01  2.264977e-06
    4000  6.930013e+00  6.890555e-01 -1.925485e+00  5.846970e-01 -7.152557e-07
    5000  8.487322e+00  1.767313e+00  2.148891e-01  5.846984e-01  6.556511e-07
------------------------------------------------------------------------------

Final Solver Statistics:
  Internal solver steps = 5913 (attempted = 5920)
  Total number of error test failures = 7
  Total RHS evals:  Fe = 0,  Fi = 27492
  Total number of Newton iterations = 21666
  Total number of linear solver convergence failures = 88
  Total linear solver setups = 387
  Total number of Jacobian evaluations = 182
  Total RHS evals for setting up the linear system = 0
  Total Relaxation Fn evals    = 11840
  Total Relaxation Jac evals   = 11840
  Total Relaxation fails       = 0
  Total Relaxation bound fails = 0
  Total Relaxation NLS fails   = 0
  Total Relaxation NLS iters   = 0

