
Multirate nonlinear Kvaerno-Prothero-Robinson test problem:
    time domain:  (0,5]
    hs = 0.002
    hf = 2e-05
    G = -100
    w = 100
    e = 0.5
    solver: none/exp-3 (no slow, explicit fast)

        t           u           v       uerr      verr
   ------------------------------------------------------
    0.000000    1.224745    1.732051  0.00e+00  0.00e+00
    0.100000    1.223699    1.077324  2.59e-05  1.40e-04
    0.200000    1.220667    1.551733  2.26e-06  6.68e-05
    0.300000    1.215547    1.467665  4.68e-05  7.27e-05
    0.400000    1.208542    1.154472  1.78e-05  1.11e-04
    0.500000    1.199436    1.721873  6.00e-05  3.48e-05
    0.600000    1.188599    1.026259  4.22e-05  2.74e-03
    0.700000    1.175706    1.622971  5.78e-05  2.22e-04
    0.800000    1.161229    1.375599  4.29e-05  9.64e-04
    0.900000    1.144855    1.247410  4.84e-05  1.65e-03
    1.000000    1.127048    1.687528  3.78e-05  4.31e-03
    1.100000    1.107586    1.003314  2.36e-05  2.82e-03
    1.200000    1.086828    1.673771  7.03e-06  3.78e-03
    1.300000    1.064842    1.277821  6.48e-05  4.08e-05
    1.400000    1.041585    1.342335  4.08e-05  1.14e-04
    1.500000    1.017525    1.639547  5.36e-06  3.40e-03
    1.600000    0.992706    1.015358  3.24e-05  3.25e-03
    1.700000    0.967265    1.710258  1.20e-05  3.80e-03
    1.800000    0.941508    1.185243  2.03e-05  1.37e-03
    1.900000    0.915623    1.436693  5.84e-06  7.62e-04
    2.000000    0.889931    1.574597  2.83e-05  2.49e-03
    2.100000    0.864670    1.059628  4.48e-05  3.16e-03
    2.200000    0.840091    1.723194  2.09e-06  7.73e-03
    2.300000    0.816698    1.105551  8.23e-05  4.50e-03
    2.400000    0.794583    1.522137  3.75e-05  2.92e-03
    2.500000    0.774293    1.493624  6.57e-05  3.36e-03
    2.600000    0.756039    1.132044  2.64e-05  5.18e-03
    2.700000    0.740282    1.719916  3.58e-05  7.62e-03
    2.799999    0.727328    1.051060  8.01e-05  1.27e-02
    2.899999    0.717312    1.597134  1.12e-05  3.64e-03
    2.999999    0.710704    1.407100  6.80e-05  7.42e-04
    3.099999    0.707412    1.222211  2.98e-07  7.83e-03
    3.199999    0.707719    1.695868  9.78e-06  8.15e-03
    3.299999    0.711531    1.017527  1.13e-05  1.31e-02
    3.399999    0.718706    1.654764  4.33e-05  6.48e-03
    3.499999    0.729236    1.312962  9.06e-06  2.90e-03
    3.599999    0.742659    1.314396  5.26e-05  4.27e-03
    3.699999    0.758873    1.653536  4.09e-05  7.67e-03
    3.799999    0.777474    1.017329  3.22e-05  1.29e-02
    3.899998    0.797979    1.689360  1.65e-04  1.47e-02
    3.999998    0.820405    1.218244  6.85e-05  3.92e-03
    4.099998    0.843997    1.404899  1.52e-04  1.51e-03
    4.199998    0.868709    1.589666  1.23e-04  1.11e-02
    4.299998    0.894098    1.051624  1.05e-04  1.32e-02
    4.399998    0.919771    1.709795  1.93e-04  1.77e-02
    4.499998    0.945741    1.138144  9.23e-05  1.13e-02
    4.599998    0.971359    1.492006  1.98e-04  5.04e-03
    4.699998    0.996775    1.516415  1.22e-04  8.59e-03
    4.799998    1.021470    1.115857  1.70e-04  1.48e-02
    4.899998    1.045441    1.713194  1.48e-04  1.77e-02
    4.999998    1.068542    1.071794  2.28e-05  1.54e-02
   ------------------------------------------------------

Final Solver Statistics:
   Steps: nsts = 2500, nstf = 244734
   u error = 7.669e-05, v error = 7.619e-03, total error = 5.388e-03
   Total RHS evals:  Fs = 5001,  Ff = 734252
