
Problem parameters and options:
 --------------------------------- 
  c                = 0.001
  d                = 0.01
  A                = 0.6
  B                = 2
 --------------------------------- 
  tf               = 3
  xl               = 0
  xu               = 1
  nx               = 512
  dx               = 0.00195695
 --------------------------------- 
  integrator       = ARK
  advection        = Explicit
  diffusion        = Implicit
  reaction         = Implicit
  order            = 3
  rtol             = 0.0001
  atol             = 1e-09
  fixed h          = 0
  controller       = I
  predictor        = trivial
  ls setup freq    = 0
  linear           = 0
 --------------------------------- 
  output          = 1
 --------------------------------- 

          t                     ||y||_rms      
 ----------------------------------------------
          0.000000e+00             4.029897e+00
          3.000000e-01             3.942382e+00
          6.000000e-01             3.877804e+00
          9.000000e-01             3.795223e+00
          1.200000e+00             3.689286e+00
          1.500000e+00             3.567359e+00
          1.800000e+00             3.439543e+00
          2.100000e+00             3.320298e+00
          2.400000e+00             3.220010e+00
          2.700000e+00             3.147363e+00
          3.000000e+00             3.111071e+00
 ----------------------------------------------

Final integrator statistics:
  Steps              = 20
  Step attempts      = 24
  Error test fails   = 2
  Explicit RHS evals = 88
  Implicit RHS evals = 277
  NLS iters          = 189
  NLS fails          = 10
  LS setups          = 24
  J evals            = 11

  Avg NLS iters per step attempt = 7.875000
  Avg LS setups per NLS iter     = 0.126984

