
Multirate nonlinear Kvaerno-Prothero-Robinson test problem:
    time domain:  (0,5]
    hs = 0.002
    hf = 2e-05
    G = -100
    w = 100
    e = 0.5
    slow solver: ARKODE_MRI_GARK_IRK21a
      reltol = 4.00e-06,  abstol = 1.00e-11
    fast solver: ARKODE_HEUN_EULER_2_1_2
        t           u           v       uerr      verr
   ------------------------------------------------------
    0.000000    1.224745    1.732051  0.00e+00  0.00e+00
    0.100000    1.223721    1.077433  3.81e-06  3.04e-05
    0.200000    1.220658    1.551778  1.10e-05  2.12e-05
    0.300000    1.215578    1.467708  1.61e-05  2.96e-05
    0.400000    1.208525    1.154567  7.15e-07  1.55e-05
    0.500000    1.199492    1.721883  4.77e-06  2.44e-05
    0.600000    1.188551    1.024396  5.84e-06  8.79e-04
    0.700000    1.175745    1.622784  1.85e-05  3.50e-05
    0.800000    1.161171    1.374966  1.51e-05  3.31e-04
    0.900000    1.144903    1.246252  1.19e-06  4.91e-04
    1.000000    1.127014    1.691672  4.17e-06  1.69e-04
    1.100000    1.107605    1.001282  3.81e-06  7.92e-04
    1.200000    1.086806    1.677352  1.48e-05  1.97e-04
    1.300000    1.064761    1.278121  1.56e-05  3.41e-04
    1.400000    1.041617    1.342687  8.23e-06  2.37e-04
    1.500000    1.017556    1.642751  2.54e-05  1.95e-04
    1.600000    0.992711    1.018360  3.80e-05  6.25e-03
    1.700000    0.967273    1.712988  2.05e-05  1.07e-03
    1.800000    0.941535    1.187542  4.74e-05  3.66e-03
    1.900000    0.915648    1.439029  3.11e-05  1.57e-03
    2.000000    0.889931    1.576488  2.88e-05  6.03e-04
    2.100000    0.864666    1.061502  4.09e-05  5.04e-03
    2.200000    0.840114    1.728809  2.47e-05  2.11e-03
    2.300000    0.816659    1.104867  4.31e-05  3.82e-03
    2.400000    0.794565    1.525083  1.88e-05  2.72e-05
    2.500000    0.774266    1.496570  3.81e-05  4.13e-04
    2.600000    0.756037    1.130699  2.40e-05  3.83e-03
    2.700000    0.740258    1.724861  1.19e-05  2.67e-03
    2.799999    0.727278    1.042530  3.06e-05  4.15e-03
    2.899999    0.717302    1.599511  3.58e-07  1.26e-03
    2.999999    0.710650    1.406419  1.38e-05  6.16e-05
    3.099999    0.707416    1.217036  3.93e-06  2.65e-03
    3.199999    0.707718    1.701006  8.23e-06  3.01e-03
    3.299999    0.711546    1.015451  2.61e-05  1.11e-02
    3.399999    0.718727    1.659089  2.22e-05  2.16e-03
    3.499999    0.729238    1.313642  1.17e-05  3.59e-03
    3.599999    0.742680    1.314916  3.14e-05  4.79e-03
    3.699999    0.758886    1.657473  2.78e-05  3.73e-03
    3.799999    0.777494    1.014549  1.20e-05  1.02e-02
    3.899998    0.798083    1.699661  6.07e-05  4.38e-03
    3.999998    0.820461    1.218889  1.34e-05  4.57e-03
    4.099998    0.844092    1.408263  5.72e-05  1.85e-03
    4.199998    0.868786    1.597271  4.55e-05  3.46e-03
    4.299998    0.894171    1.047219  3.23e-05  8.80e-03
    4.399998    0.919903    1.721945  6.04e-05  5.60e-03
    4.499998    0.945809    1.132577  2.41e-05  5.76e-03
    4.599998    0.971492    1.496449  6.51e-05  5.94e-04
    4.699998    0.996858    1.522495  3.91e-05  2.51e-03
    4.799998    1.021590    1.108193  5.05e-05  7.10e-03
    4.899998    1.045466    1.718425  1.22e-04  1.25e-02
    4.999998    1.068521    1.063734  4.37e-05  7.31e-03
   ------------------------------------------------------

Final Solver Statistics:
   Steps: nsts = 2500, nstf = 247194
   u error = 3.432e-05, v error = 4.252e-03, total error = 3.006e-03
   Total RHS evals:  Fs = 6952,  Ff = 494438
   Slow Newton iters = 4501
   Slow Newton conv fails = 0
   Slow Jacobian evals = 125
