Initial condition:
 1.000000e+00
 1.000000e+00
Forward Solution:
 1.026099e+00
 9.104304e-01
ARKODE Stats for Forward Solution:
Current time                  = 10.0004
Steps                         = 10000
Step attempts                 = 10000
Stability limited steps       = 0
Accuracy limited steps        = 0
Error test fails              = 0
NLS step fails                = 0
Inequality constraint fails   = 0
Initial step size             = 0.001
Last step size                = 0.001
Current step size             = 0.001
Explicit RHS fn evals         = 40001
Implicit RHS fn evals         = 0
NLS iters                     = 0
NLS fails                     = 0
NLS iters per step            = 0
LS setups                     = 0

Adjoint terminal condition:
 2.609897e-02
-8.956963e-02
 0.000000e+00
 0.000000e+00
 0.000000e+00
 0.000000e+00
Adjoint Solution:
 2.970253e-01
-1.391579e-02
 6.166683e-01
 6.757827e-02
 1.677682e-01
 2.703087e-01

SUNAdjointStepper Stats:
Num backwards steps           = 10000
Num recompute passes          = 0

