
Brusselator ODE test problem:
    initial conditions:  u0 = 1.2,  v0 = 3.1,  w0 = 3
    problem parameters:  a = 1,  b = 3.5,  ep = 0.01
    hs = 0.025,  hf = 0.001

        t           u           v           w
   ----------------------------------------------
    0.000000    1.200000    3.100000    3.000000
    0.100000    1.217192    3.061734    3.457933
    0.200000    1.227349    3.029333    3.457598
    0.300000    1.235479    2.998048    3.457312
    0.400000    1.241031    2.968644    3.457113
    0.500000    1.243450    2.941973    3.457018
    0.600000    1.242199    2.918903    3.457047
    0.700000    1.236849    2.900261    3.457214
    0.800000    1.226961    2.886919    3.457535
    0.900000    1.212242    2.879619    3.458020
    1.000000    1.192532    2.879028    3.458675
    1.100000    1.167814    2.885672    3.459502
    1.200000    1.138215    2.899906    3.460497
    1.300000    1.104009    2.921932    3.461651
    1.400000    1.065593    2.951799    3.462952
    1.500000    1.023493    2.989378    3.464382
    1.600000    0.978334    3.034378    3.465921
    1.700000    0.930831    3.086356    3.467544
    1.800000    0.881772    3.144732    3.469227
    1.900000    0.831988    3.208771    3.470938
    2.000000    0.782334    3.277653    3.472649
   ----------------------------------------------

Final Solver Statistics:
   Steps: nsts = 81, nstf = 2187
   Total RHS evals:  Fs = 243,  Ff = 6561
