
Multirate nonlinear Kvaerno-Prothero-Robinson test problem:
    time domain:  (0,5]
    hs = 0.005
    hf = 5e-05
    G = -100
    w = 100
    e = 0.5
    slow solver: none
    fast solver: esdirk-3-3
      reltol = 1.25e-07,  abstol = 1.00e-11
        t           u           v       uerr      verr
   ------------------------------------------------------
    0.000000    1.224745    1.732051  0.00e+00  0.00e+00
    0.100000    1.223736    1.077469  1.08e-05  4.89e-06
    0.200000    1.220649    1.551773  1.98e-05  2.65e-05
    0.300000    1.215595    1.467773  1.31e-06  3.54e-05
    0.400000    1.208511    1.154666  1.29e-05  8.34e-05
    0.500000    1.199484    1.721889  1.22e-05  1.92e-05
    0.600000    1.188565    1.023613  7.99e-06  9.51e-05
    0.700000    1.175754    1.622735  9.89e-06  1.35e-05
    0.800000    1.161167    1.374659  1.96e-05  2.41e-05
    0.900000    1.144892    1.245805  1.18e-05  4.46e-05
    1.000000    1.127000    1.691804  1.03e-05  3.73e-05
    1.100000    1.107594    0.999800  1.48e-05  6.90e-04
    1.200000    1.086806    1.677551  1.45e-05  2.03e-06
    1.300000    1.064749    1.277413  2.79e-05  3.68e-04
    1.400000    1.041619    1.342164  6.20e-06  2.86e-04
    1.500000    1.017530    1.642983  7.15e-07  3.68e-05
    1.600000    0.992678    1.011664  5.25e-06  4.44e-04
    1.700000    0.967249    1.711913  4.05e-06  2.14e-03
    1.800000    0.941503    1.182845  1.50e-05  1.03e-03
    1.900000    0.915630    1.436521  1.22e-05  9.34e-04
    2.000000    0.889906    1.575304  3.70e-06  1.79e-03
    2.100000    0.864642    1.057330  1.65e-05  8.67e-04
    2.200000    0.840095    1.728855  6.32e-06  2.07e-03
    2.300000    0.816636    1.101527  1.96e-05  4.80e-04
    2.400000    0.794552    1.524182  5.72e-06  8.74e-04
    2.500000    0.774243    1.492940  1.50e-05  4.04e-03
    2.600000    0.756023    1.127660  1.04e-05  7.94e-04
    2.700000    0.740244    1.721926  2.26e-06  5.61e-03
    2.799999    0.727269    1.039987  2.16e-05  1.61e-03
    2.899999    0.717292    1.597201  9.48e-06  3.57e-03
    2.999999    0.710649    1.404190  1.24e-05  2.17e-03
    3.099999    0.707406    1.215237  6.56e-06  8.53e-04
    3.199999    0.707699    1.699281  1.03e-05  4.73e-03
    3.299999    0.711522    1.007366  2.03e-06  2.98e-03
    3.399999    0.718722    1.657549  2.72e-05  3.70e-03
    3.499999    0.729227    1.309512  5.96e-07  5.45e-04
    3.599999    0.742687    1.310516  2.47e-05  3.92e-04
    3.699999    0.758886    1.657259  2.72e-05  3.95e-03
    3.799999    0.777493    1.008093  1.34e-05  3.70e-03
    3.899998    0.798106    1.700135  3.80e-05  3.90e-03
    3.999998    0.820458    1.215281  1.57e-05  9.61e-04
    4.099998    0.844109    1.406070  3.99e-05  3.42e-04
    4.199998    0.868793    1.597605  3.92e-05  3.13e-03
    4.299998    0.894171    1.042195  3.22e-05  3.78e-03
    4.399998    0.919917    1.723480  4.66e-05  4.06e-03
    4.499998    0.945817    1.129179  1.65e-05  2.36e-03
    4.599998    0.971512    1.495827  4.51e-05  1.22e-03
    4.699998    0.996866    1.522776  3.12e-05  2.23e-03
    4.799998    1.021598    1.104421  4.18e-05  3.33e-03
    4.899998    1.045556    1.726785  3.28e-05  4.13e-03
    4.999998    1.068548    1.060003  1.68e-05  3.58e-03
   ------------------------------------------------------

Final Solver Statistics:
   Steps: nsts = 1000, nstf = 99791
   u error = 2.093e-05, v error = 2.325e-03, total error = 1.644e-03
   Total RHS evals:  Fs = 2001,  Ff = 0
   Fast Newton iters = 250878
   Fast Newton conv fails = 0
   Fast Jacobian evals = 1658
