
Nonlinear Kvaerno-Prothero-Robinson test problem with mass matrix:
    time domain:  (-3,7]
    Time-dependent mass matrix
    ARK solver, order = 4
    Newton nonlinear solver
    Adaptive run with reltol = 1e-05, abstol = 1e-11
    G = -10
    g = 10
    e = 0.5

        t           u           v       uerr      verr
   ------------------------------------------------------
   -3.000000    0.710636    1.363407  0.00e+00  0.00e+00
   -2.900000    0.717302    1.326932  1.13e-06  3.58e-07
   -2.800000    0.727252    1.290355  4.59e-06  1.31e-06
   -2.700000    0.740250    1.254044  4.05e-06  2.38e-06
   -2.600000    0.756016    1.218403  3.10e-06  3.10e-06
   -2.500000    0.774230    1.183865  2.21e-06  3.22e-06
   -2.400001    0.794547    1.150889  1.55e-06  3.22e-06
   -2.300001    0.816617    1.119956  4.77e-07  2.74e-06
   -2.200001    0.840089    1.091564  7.15e-07  3.22e-06
   -2.100001    0.864626    1.066207  4.17e-07  2.86e-06
   -2.000001    0.889903    1.044371  4.77e-07  4.05e-06
   -1.900001    0.915618    1.026504  3.58e-07  4.89e-06
   -1.800001    0.941487    1.012997  1.79e-07  4.65e-06
   -1.700001    0.967251    1.004164  1.19e-06  5.01e-06
   -1.600001    0.992672    1.000219  1.49e-06  5.48e-06
   -1.500001    1.017529    1.001257  1.67e-06  5.01e-06
   -1.400001    1.041623    1.007253  2.26e-06  4.29e-06
   -1.300001    1.064773    1.018062  3.22e-06  4.65e-06
   -1.200001    1.086817    1.033427  3.46e-06  4.89e-06
   -1.100001    1.107606    1.052996  3.22e-06  4.17e-06
   -1.000001    1.127007    1.076354  3.22e-06  3.93e-06
   -0.900001    1.144899    1.103033  4.41e-06  4.05e-06
   -0.800001    1.161181    1.132542  4.77e-06  3.81e-06
   -0.700001    1.175760    1.164384  4.29e-06  3.46e-06
   -0.600001    1.188553    1.198067  3.93e-06  3.22e-06
   -0.500001    1.199491    1.233119  4.77e-06  3.22e-06
   -0.400001    1.208519    1.269090  5.48e-06  2.98e-06
   -0.300001    1.215589    1.305560  4.89e-06  2.50e-06
   -0.200001    1.220665    1.342139  4.41e-06  2.26e-06
   -0.100001    1.223720    1.378467  4.77e-06  2.26e-06
   -0.000001    1.224739    1.414215  5.60e-06  2.15e-06
    0.099999    1.223719    1.449082  5.36e-06  1.67e-06
    0.199999    1.220665    1.482792  4.53e-06  1.43e-06
    0.299999    1.215589    1.515098  4.41e-06  1.19e-06
    0.399999    1.208519    1.545775  5.36e-06  8.34e-07
    0.499999    1.199491    1.574620  4.89e-06  5.96e-07
    0.599999    1.188553    1.601450  4.29e-06  1.19e-07
    0.699999    1.175760    1.626105  3.70e-06  1.19e-07
    0.799999    1.161182    1.648440  4.29e-06  0.00e+00
    0.899999    1.144900    1.668330  3.93e-06  4.77e-07
    0.999999    1.127007    1.685665  3.34e-06  7.15e-07
    1.099999    1.107607    1.700354  2.74e-06  7.15e-07
    1.199999    1.086818    1.712319  2.74e-06  8.34e-07
    1.299999    1.064774    1.721498  2.62e-06  1.19e-06
    1.399999    1.041624    1.727844  2.03e-06  1.79e-06
    1.500000    1.017529    1.731326  1.31e-06  1.91e-06
    1.600000    0.992673    1.731926  8.34e-07  2.03e-06
    1.700000    0.967253    1.729641  1.19e-07  2.26e-06
    1.800000    0.941488    1.724482  4.17e-07  2.62e-06
    1.900000    0.915620    1.716476  2.15e-06  3.10e-06
    2.000000    0.889914    1.705662  1.16e-05  3.81e-06
    2.100000    0.864636    1.692099  1.01e-05  3.10e-06
    2.200000    0.840105    1.675851  1.56e-05  6.32e-06
    2.299999    0.816627    1.657011  1.07e-05  6.20e-06
    2.399999    0.794556    1.635679  9.60e-06  5.48e-06
    2.499999    0.774238    1.611973  1.00e-05  5.13e-06
    2.599999    0.756021    1.586029  8.11e-06  4.89e-06
    2.699999    0.740253    1.558001  6.74e-06  4.65e-06
    2.799999    0.727254    1.528063  6.14e-06  4.17e-06
    2.899999    0.717306    1.496409  4.47e-06  3.22e-06
    2.999999    0.710640    1.463255  3.46e-06  2.38e-06
    3.099999    0.707418    1.428837  5.42e-06  1.91e-06
    3.199999    0.707713    1.393421  3.46e-06  1.67e-06
    3.299999    0.711524    1.357296  4.77e-06  1.31e-06
    3.399998    0.718752    1.320779  2.68e-06  1.43e-06
    3.499998    0.729231    1.284218  4.05e-06  8.34e-07
    3.599998    0.742714    1.247990  2.15e-06  1.31e-06
    3.699998    0.758914    1.212502  1.01e-06  1.91e-06
    3.799998    0.777506    1.178192  2.38e-07  2.62e-06
    3.899998    0.798143    1.145525  1.79e-07  3.34e-06
    3.999998    0.820473    1.114984  6.56e-07  4.05e-06
    4.099998    0.844148    1.087066  9.54e-07  4.89e-06
    4.199998    0.868831    1.062268  1.25e-06  5.36e-06
    4.299998    0.894202    1.041068  1.49e-06  5.96e-06
    4.399998    0.919962    1.023911  1.19e-06  2.86e-06
    4.499998    0.945832    1.011171  1.07e-06  1.67e-06
    4.599998    0.971554    1.003148  2.38e-06  1.43e-06
    4.699997    0.996894    1.000039  3.40e-06  5.96e-07
    4.799997    1.021637    1.001916  2.86e-06  1.19e-07
    4.899997    1.045583    1.008736  4.77e-06  7.15e-07
    4.999997    1.068559    1.020333  5.25e-06  2.15e-06
    5.099997    1.090402    1.036430  4.65e-06  1.79e-06
    5.199997    1.110965    1.056669  6.44e-06  2.15e-06
    5.299997    1.130120    1.080619  6.44e-06  2.50e-06
    5.399997    1.147751    1.107808  5.36e-06  2.38e-06
    5.499997    1.163752    1.137745  6.32e-06  3.10e-06
    5.599997    1.178035    1.169930  6.91e-06  2.62e-06
    5.699996    1.190522    1.203876  5.60e-06  2.38e-06
    5.799996    1.201144    1.239113  5.36e-06  2.74e-06
    5.899996    1.209843    1.275197  7.27e-06  2.74e-06
    5.999996    1.216581    1.311712  6.56e-06  2.50e-06
    6.099996    1.221319    1.348273  5.60e-06  2.38e-06
    6.199996    1.224033    1.384527  6.20e-06  2.62e-06
    6.299996    1.224709    1.420147  7.15e-06  2.38e-06
    6.399996    1.223347    1.454837  6.08e-06  2.15e-06
    6.499996    1.219951    1.488328  5.25e-06  1.91e-06
    6.599996    1.214537    1.520376  6.68e-06  1.91e-06
    6.699996    1.207136    1.550758  6.20e-06  1.43e-06
    6.799995    1.197784    1.579276  5.25e-06  9.54e-07
    6.899995    1.186529    1.605752  5.25e-06  8.34e-07
    6.999995    1.173431    1.630026  5.72e-06  2.38e-07
   ------------------------------------------------------

Final Solver Statistics:
   Internal solver steps = 84 (attempted = 85)
   Total number of error test failures = 1
   Total RHS evals:  Fe = 512,  Fi = 1791
   Total mass matrix setups = 428
   Total mass matrix solves = 597
   Total mass times evals = 1788
   Total number of Jacobian evaluations = 151
   Total linear solver setups = 158
   Total number of Nonlinear iterations = 1704
   Total number of Nonlinear convergence failures = 150
   Errors: u = 4.94598e-06, v = 3.05292e-06, total = 4.10993e-06
