
Nonlinear Kvaerno-Prothero-Robinson test problem with mass matrix:
    time domain:  (-3,7]
    Time-dependent mass matrix
    ARK solver, order = 5
    Newton nonlinear solver
    Adaptive run with reltol = 1e-05, abstol = 1e-11
    G = -100
    g = 10
    e = 0.5

        t           u           v       uerr      verr
   ------------------------------------------------------
   -3.000000    0.710636    1.363407  0.00e+00  0.00e+00
   -2.900000    0.717292    1.326933  8.94e-06  0.00e+00
   -2.800000    0.727241    1.290353  6.68e-06  0.00e+00
   -2.700000    0.740240    1.254042  5.96e-06  2.38e-07
   -2.600000    0.756009    1.218401  3.58e-06  8.34e-07
   -2.500000    0.774224    1.183863  3.10e-06  1.07e-06
   -2.400001    0.794544    1.150887  1.67e-06  1.07e-06
   -2.300001    0.816615    1.119954  1.19e-06  8.34e-07
   -2.200001    0.840088    1.091561  8.34e-07  4.77e-07
   -2.100001    0.864625    1.066205  4.17e-07  7.15e-07
   -2.000001    0.889901    1.044368  1.19e-06  7.15e-07
   -1.900001    0.915617    1.026500  5.96e-07  9.54e-07
   -1.800001    0.941486    1.012993  1.07e-06  1.07e-06
   -1.700001    0.967246    1.004160  6.14e-06  8.34e-07
   -1.600001    0.992675    1.000214  2.44e-06  5.96e-07
   -1.500001    1.017538    1.001252  7.15e-06  4.77e-07
   -1.400001    1.041639    1.007249  1.35e-05  1.19e-07
   -1.300001    1.064802    1.018058  2.53e-05  0.00e+00
   -1.200001    1.086844    1.033422  2.38e-05  2.38e-07
   -1.100001    1.107629    1.052992  2.01e-05  2.38e-07
   -1.000001    1.127020    1.076350  9.89e-06  4.77e-07
   -0.900001    1.144907    1.103029  3.34e-06  0.00e+00
   -0.800001    1.161196    1.132539  9.89e-06  3.58e-07
   -0.700001    1.175790    1.164381  2.61e-05  3.58e-07
   -0.600001    1.188577    1.198064  1.99e-05  2.38e-07
   -0.500001    1.199505    1.233116  8.58e-06  2.38e-07
   -0.400001    1.208533    1.269087  8.70e-06  3.58e-07
   -0.300001    1.215617    1.305557  2.30e-05  4.77e-07
   -0.200001    1.220687    1.342137  1.74e-05  9.54e-07
   -0.100001    1.223728    1.378466  3.70e-06  5.96e-07
   -0.000001    1.224767    1.414214  2.21e-05  2.38e-07
    0.099999    1.223745    1.449080  2.06e-05  1.19e-07
    0.199999    1.220673    1.482791  3.93e-06  0.00e+00
    0.299999    1.215612    1.515097  1.82e-05  4.77e-07
    0.399999    1.208543    1.545774  1.86e-05  0.00e+00
    0.499999    1.199499    1.574618  2.26e-06  5.96e-07
    0.599999    1.188572    1.601450  1.51e-05  3.58e-07
    0.699999    1.175780    1.626105  1.62e-05  1.19e-07
    0.799999    1.161189    1.648441  2.86e-06  7.15e-07
    0.899999    1.144917    1.668330  1.25e-05  0.00e+00
    0.999999    1.127023    1.685666  1.29e-05  1.19e-07
    1.099999    1.107611    1.700355  1.91e-06  0.00e+00
    1.199999    1.086829    1.712320  8.23e-06  1.19e-07
    1.299999    1.064786    1.721499  9.42e-06  0.00e+00
    1.399999    1.041626    1.727845  5.96e-07  2.38e-07
    1.500000    1.017532    1.731327  1.55e-06  2.38e-07
    1.600000    0.992675    1.731928  1.79e-06  3.58e-07
    1.700000    0.967253    1.729643  5.96e-08  2.38e-07
    1.800000    0.941482    1.724485  5.72e-06  1.19e-07
    1.900000    0.915609    1.716479  8.46e-06  0.00e+00
    2.000000    0.889901    1.705666  1.61e-06  1.19e-07
    2.100000    0.864614    1.692102  1.10e-05  1.19e-07
    2.200000    0.840074    1.675857  1.54e-05  1.19e-07
    2.299999    0.816613    1.657017  3.34e-06  3.58e-07
    2.399999    0.794531    1.635685  1.48e-05  2.38e-07
    2.499999    0.774209    1.611978  1.86e-05  1.19e-07
    2.599999    0.756010    1.586033  3.10e-06  0.00e+00
    2.699999    0.740227    1.558005  1.88e-05  1.19e-07
    2.799999    0.727243    1.528067  4.05e-06  2.38e-07
    2.899999    0.717292    1.496413  8.94e-06  1.19e-07
    2.999999    0.710623    1.463257  1.34e-05  4.77e-07
    3.099999    0.707403    1.428839  9.89e-06  2.38e-07
    3.199999    0.707705    1.393422  4.29e-06  3.58e-07
    3.299999    0.711517    1.357297  2.21e-06  7.15e-07
    3.399998    0.718745    1.320780  4.17e-06  4.77e-07
    3.499998    0.729219    1.284219  7.39e-06  3.58e-07
    3.599998    0.742701    1.247990  1.01e-05  7.15e-07
    3.699998    0.758905    1.212503  8.05e-06  7.15e-07
    3.799998    0.777500    1.178195  6.44e-06  4.77e-07
    3.899998    0.798140    1.145528  3.81e-06  5.96e-07
    3.999998    0.820472    1.114988  1.37e-06  4.77e-07
    4.099998    0.844148    1.087071  6.56e-07  4.77e-07
    4.199998    0.868831    1.062273  7.75e-07  9.54e-07
    4.299998    0.894203    1.041073  7.15e-07  1.07e-06
    4.399998    0.919957    1.023912  6.56e-06  1.19e-06
    4.499998    0.945830    1.011172  3.34e-06  1.07e-06
    4.599998    0.971559    1.003149  2.21e-06  1.07e-06
    4.699997    0.996902    1.000037  4.35e-06  9.54e-07
    4.799997    1.021658    1.001915  1.80e-05  8.34e-07
    4.899997    1.045607    1.008734  1.92e-05  8.34e-07
    4.999997    1.068586    1.020330  2.19e-05  8.34e-07
    5.099997    1.090434    1.036428  2.74e-05  5.96e-07
    5.199997    1.110991    1.056666  1.96e-05  5.96e-07
    5.299997    1.130146    1.080616  1.91e-05  3.58e-07
    5.399997    1.147761    1.107805  4.41e-06  7.15e-07
    5.499997    1.163768    1.137742  9.18e-06  2.38e-07
    5.599997    1.178063    1.169927  2.18e-05  4.77e-07
    5.699996    1.190553    1.203873  2.59e-05  4.77e-07
    5.799996    1.201156    1.239110  7.51e-06  3.58e-07
    5.899996    1.209860    1.275194  8.94e-06  2.38e-07
    5.999996    1.216613    1.311709  2.53e-05  1.19e-07
    6.099996    1.221338    1.348271  1.36e-05  1.19e-07
    6.199996    1.224042    1.384524  3.70e-06  1.19e-07
    6.299996    1.224739    1.420144  2.30e-05  2.38e-07
    6.399996    1.223378    1.454834  2.47e-05  8.34e-07
    6.499996    1.219960    1.488326  3.10e-06  7.15e-07
    6.599996    1.214561    1.520373  1.75e-05  9.54e-07
    6.699996    1.207162    1.550755  1.99e-05  1.19e-06
    6.799995    1.197792    1.579274  2.86e-06  1.07e-06
    6.899995    1.186549    1.605750  1.50e-05  9.54e-07
    6.999995    1.173454    1.630025  1.79e-05  8.34e-07
   ------------------------------------------------------

Final Solver Statistics:
   Internal solver steps = 145 (attempted = 145)
   Total number of error test failures = 0
   Total RHS evals:  Fe = 1263,  Fi = 4597
   Total mass matrix setups = 1118
   Total mass matrix solves = 2424
   Total mass times evals = 3479
   Total number of Jacobian evaluations = 169
   Total linear solver setups = 173
   Total number of Nonlinear iterations = 3334
   Total number of Nonlinear convergence failures = 168
   Errors: u = 1.28197e-05, v = 5.76411e-07, total = 9.07407e-06
