
Multirate nonlinear Kvaerno-Prothero-Robinson test problem:
    time domain:  (0,5]
    hs = 0.001
    hf = 1e-05
    G = -100
    w = 100
    e = 0.5
    slow solver: ARKODE_MERK21
    fast solver: ARKODE_HEUN_EULER_2_1_2
        t           u           v       uerr      verr
   ------------------------------------------------------
    0.000000    1.224745    1.732051  0.00e+00  0.00e+00
    0.100000    1.223708    1.077478  1.69e-05  1.43e-05
    0.200000    1.220680    1.551822  1.07e-05  2.22e-05
    0.300000    1.215558    1.468080  3.56e-05  3.43e-04
    0.400000    1.208498    1.155302  2.57e-05  7.19e-04
    0.500000    1.199511    1.721812  1.44e-05  9.57e-05
    0.600000    1.188515    1.024342  4.20e-05  8.24e-04
    0.700000    1.175767    1.622729  2.74e-06  1.92e-05
    0.800000    1.161162    1.371914  2.47e-05  2.72e-03
    0.900000    1.144922    1.244954  1.81e-05  8.07e-04
    1.000000    1.126971    1.686523  3.86e-05  5.32e-03
    1.100000    1.107582    1.002415  2.73e-05  1.93e-03
    1.200000    1.086812    1.672968  8.70e-06  4.58e-03
    1.300000    1.064767    1.277104  9.42e-06  6.77e-04
    1.400000    1.041590    1.341654  3.56e-05  7.96e-04
    1.500000    1.017504    1.638924  2.68e-05  4.02e-03
    1.600000    0.992740    1.021926  6.71e-05  9.82e-03
    1.700000    0.967303    1.709560  5.04e-05  4.50e-03
    1.800000    0.941585    1.189394  9.76e-05  5.52e-03
    1.900000    0.915675    1.438451  5.72e-05  9.97e-04
    2.000000    0.889957    1.574438  5.41e-05  2.65e-03
    2.100000    0.864703    1.064689  7.75e-05  8.23e-03
    2.200000    0.840127    1.725322  3.77e-05  5.60e-03
    2.300000    0.816701    1.107611  8.52e-05  6.56e-03
    2.400000    0.794579    1.523703  3.28e-05  1.35e-03
    2.500000    0.774301    1.495204  7.34e-05  1.78e-03
    2.600000    0.756082    1.137036  6.87e-05  1.02e-02
    2.700000    0.740274    1.718976  2.80e-05  8.56e-03
    2.799999    0.727317    1.050133  6.91e-05  1.18e-02
    2.899999    0.717297    1.596248  3.99e-06  4.53e-03
    2.999999    0.710701    1.406497  6.46e-05  1.39e-04
    3.099999    0.707418    1.221371  5.60e-06  6.99e-03
    3.199999    0.707703    1.695379  6.68e-06  8.64e-03
    3.299999    0.711522    1.017497  2.44e-06  1.31e-02
    3.399999    0.718654    1.648754  9.55e-05  1.25e-02
    3.499999    0.729214    1.310589  1.29e-05  5.31e-04
    3.599999    0.742619    1.312459  9.30e-05  2.34e-03
    3.699999    0.758832    1.648336  8.18e-05  1.29e-02
    3.799999    0.777449    1.018748  5.67e-05  1.44e-02
    3.899998    0.798005    1.690436  1.38e-04  1.36e-02
    3.999998    0.820416    1.219464  5.77e-05  5.14e-03
    4.099998    0.843985    1.408688  1.64e-04  2.28e-03
    4.199998    0.868708    1.591322  1.24e-04  9.41e-03
    4.299998    0.894097    1.058468  1.07e-04  2.01e-02
    4.399998    0.919800    1.712315  1.64e-04  1.52e-02
    4.499998    0.945770    1.140760  6.34e-05  1.39e-02
    4.599998    0.971378    1.493887  1.79e-04  3.16e-03
    4.699998    0.996790    1.518548  1.08e-04  6.46e-03
    4.799998    1.021543    1.117607  9.70e-05  1.65e-02
    4.899998    1.045414    1.714688  1.75e-04  1.62e-02
    4.999998    1.068492    1.075867  7.20e-05  1.94e-02
   ------------------------------------------------------

Final Solver Statistics:
   Steps: nsts = 5001, nstf = 724397
   u error = 7.640e-05, v error = 8.538e-03, total error = 6.038e-03
   Total RHS evals:  Fs = 10003,  Ff = 1453796
