
Analytical ODE test problem:
   lambda = -100
   reltol = 1.0e-06
   abstol = 1.0e-10

        t           u
   ---------------------
    1.000000    0.785398
    2.000000    1.107148
    3.000000    1.249045
    4.000000    1.325817
    5.000000    1.373401
    6.000000    1.405649
    7.000000    1.428894
    8.000000    1.446445
    9.000000    1.460135
   10.000000    1.471127
   ---------------------

Final Solver Statistics:
   Internal solver steps = 90 (attempted = 90)
   Total RHS evals:  Fe = 0,  Fi = 901
   Total linear solver setups = 30
   Total RHS evals for setting up the linear system = 0
   Total number of Jacobian evaluations = 2
   Total number of Newton iterations = 450
   Total number of linear solver convergence failures = 0
   Total number of error test failures = 0

