
2D Heat PDE test problem:
 --------------------------------- 
  nprocs         = 4
  npx            = 2
  npy            = 2
 --------------------------------- 
  kx             = 1
  ky             = 1
  forcing        = 1
  tf             = 1
  xu             = 1
  yu             = 1
  nx             = 32
  ny             = 32
  nxl (proc 0)   = 16
  nyl (proc 0)   = 16
  dx             = 0.0322581
  dy             = 0.0322581
 --------------------------------- 
  rtol           = 1e-05
  atol           = 1e-10
  order          = 3
  fixed h        = 0
  controller     = I
  linear         = 1
 --------------------------------- 
  linear solver  = PCG
  lin iters      = 40
  eps lin        = 0
  prec           = 1
  msbp           = 0
 --------------------------------- 
  output         = 1
 --------------------------------- 

          t                     ||u||_rms                max error      
 -----------------------------------------------------------------------
          0.000000e+00             3.632812e-01             0.000000e+00
          5.000000e-02             3.551980e-01             2.513885e-03
          1.000000e-01             3.296217e-01             2.977371e-03
          1.500000e-01             2.894508e-01             2.929449e-03
          2.000000e-01             2.387101e-01             2.555430e-03
          2.500000e-01             1.824238e-01             2.131999e-03
          3.000000e-01             1.261106e-01             1.592696e-03
          3.500000e-01             7.529743e-02             1.104355e-03
          4.000000e-01             3.494835e-02             6.506070e-04
          4.500000e-01             9.022282e-03             3.110003e-04
          5.000001e-01             5.480262e-05             1.149383e-04
          5.500001e-01             8.918938e-03             7.635914e-05
          6.000001e-01             3.475214e-02             1.935884e-04
          6.500001e-01             7.502525e-02             4.664660e-04
          7.000001e-01             1.257935e-01             8.664727e-04
          7.500001e-01             1.820936e-01             1.359820e-03
          8.000001e-01             2.384200e-01             1.914322e-03
          8.500001e-01             2.892359e-01             2.423584e-03
          9.000002e-01             3.295824e-01             2.787054e-03
          9.500002e-01             3.555013e-01             3.141403e-03
          1.000000e+00             3.644727e-01             3.293693e-03
 -----------------------------------------------------------------------

Final integrator statistics:
  Steps            = 626
  Step attempts    = 630
  Error test fails = 4
  RHS evals        = 5042
  NLS iters        = 2520
  NLS fails        = 0
  LS iters         = 30785
  LS fails         = 26
  LS setups        = 626
  LS RHS evals     = 30785
  Jv products      = 30785

  Avg NLS iters per step attempt = 4.000000
  Avg LS iters per NLS iter      = 12.216269

  Preconditioner setups = 16
  Preconditioner solves = 30785

  Max error = 3.293693e-03
