
Analytical ODE test problem:
    lambda = -10
   reltol = 1.0e-04
   abstol = 1.0e-08

        t           u
   ---------------------
    1.000000    0.785420
    2.000000    1.107180
    3.000000    1.249084
    4.000000    1.325859
    5.000000    1.373441
    6.000000    1.405684
    7.000000    1.428928
    8.000000    1.446467
    9.000000    1.460172
   10.000000    1.471191
   ---------------------

Final Statistics:
Current time                  = 10.6815
Steps                         = 46
Step attempts                 = 47
Stability limited steps       = 0
Accuracy limited steps        = 47
Error test fails              = 1
NLS step fails                = 0
Inequality constraint fails   = 0
Initial step size             = 3.45267e-07
Last step size                = 1.06606
Current step size             = 1.2387
RHS fn evals                  = 422
Number of stages used         = 9

ACCURACY at the final time = 6.35386e-05
