
Analytical ODE test problem:
   lambda = -100
   reltol = 1.0e-05
   abstol = 1.0e-10

        t           u
   ---------------------
    1.000000    0.785397
    2.000000    1.107144
    3.000000    1.249037
    4.000000    1.325817
    5.000000    1.373400
    6.000000    1.405626
    7.000000    1.428873
    8.000000    1.446437
    9.000000    1.460191
   10.000000    1.471128
   ---------------------

Final Solver Statistics:
   Internal solver steps = 89 (attempted = 99)
   Total RHS evals:  Fe = 0,  Fi = 1199
   Total linear solver setups = 95
   Total RHS evals for setting up the linear system = 0
   Total number of Jacobian evaluations = 11
   Total number of Newton iterations = 594
   Total number of linear solver convergence failures = 0
   Total number of error test failures = 10

