
1D Advection-Reaction example problem:
    N = 200,  NEQ = 600
    problem parameters:  a = 1,  b = 3.5,  ep = 1e-06
    advection coefficient:  c = 0.25
    reltol = 1.0e-06,  abstol = 1.0e-10

        t      ||u||_rms   ||v||_rms   ||w||_rms
   ----------------------------------------------
    0.100000    1.078853    3.524788    3.499999
    0.200000    1.107280    3.488025    3.499999
    0.300000    1.141277    3.443351    3.499999
    0.400000    1.181837    3.389592    3.499999
    0.500000    1.230009    3.325554    3.499999
    0.600000    1.286534    3.250424    3.499999
    0.700000    1.351406    3.164108    3.499999
    0.800000    1.423064    3.067833    3.499999
    0.900000    1.497594    2.964591    3.499999
    1.000000    1.568611    2.859039    3.499999
    1.100000    1.628523    2.756622    3.499999
    1.200000    1.671092    2.661968    3.499999
    1.300000    1.693129    2.578290    3.499998
    1.400000    1.694735    2.507310    3.499998
    1.500000    1.678207    2.449723    3.499998
    1.600000    1.646700    2.405671    3.499998
    1.700000    1.603518    2.375226    3.499997
    1.800000    1.551466    2.358205    3.499997
    1.900000    1.493094    2.354428    3.499997
    2.000000    1.430257    2.363531    3.499997
    2.100000    1.364561    2.385014    3.499997
    2.200000    1.297250    2.418189    3.499998
    2.300000    1.229559    2.461995    3.499998
    2.400000    1.162247    2.515280    3.499999
    2.500000    1.096062    2.576614    3.499999
    2.600000    1.031466    2.644579    3.500000
    2.700000    0.968869    2.717690    3.500000
    2.799999    0.908444    2.794711    3.500000
    2.899999    0.850397    2.874454    3.500000
    2.999999    0.794812    2.956044    3.500000
    3.099999    0.741872    3.038647    3.500000
    3.199999    0.691717    3.121675    3.500000
    3.299999    0.644510    3.204686    3.500000
    3.399999    0.600424    3.287365    3.500000
    3.499999    0.559616    3.369530    3.500000
    3.599999    0.522354    3.450821    3.500000
    3.699999    0.488688    3.531323    3.500000
    3.799999    0.458807    3.610720    3.500000
    3.899998    0.432735    3.688903    3.500000
    3.999998    0.410298    3.766167    3.500000
    4.099998    0.391451    3.842108    3.500000
    4.199998    0.375907    3.916861    3.500000
    4.299998    0.363355    3.990461    3.499999
    4.399998    0.353430    4.063108    3.500000
    4.499998    0.345815    4.134614    3.499999
    4.599998    0.340167    4.204934    3.500000
    4.699998    0.336155    4.274334    3.499998
    4.799998    0.333512    4.342775    3.500000
    4.899998    0.332001    4.410542    3.500000
    4.999998    0.331441    4.477622    3.500000
    5.099998    0.331675    4.543522    3.500003
    5.199997    0.332585    4.609172    3.499999
    5.299997    0.334076    4.674109    3.500000
    5.399997    0.336077    4.738441    3.500002
    5.499997    0.338535    4.802122    3.500000
    5.599997    0.341410    4.865174    3.500000
    5.699997    0.344677    4.927532    3.499999
    5.799997    0.348317    4.989127    3.499998
    5.899997    0.352325    5.049925    3.500000
    5.999997    0.356703    5.109881    3.499992
    6.099997    0.361474    5.169082    3.499996
    6.199996    0.366656    5.227384    3.500003
    6.299996    0.372272    5.284656    3.499998
    6.399996    0.378393    5.341078    3.499997
    6.499996    0.385024    5.396125    3.499998
    6.599996    0.392253    5.449870    3.500000
    6.699996    0.400161    5.502159    3.500000
    6.799996    0.408845    5.552769    3.500002
    6.899996    0.418469    5.601655    3.500002
    6.999996    0.429199    5.648491    3.500000
    7.099996    0.441239    5.692841    3.499999
    7.199996    0.454896    5.734319    3.499996
    7.299995    0.470563    5.772349    3.499998
    7.399995    0.488767    5.806139    3.499997
    7.499995    0.510406    5.834819    3.499999
    7.599995    0.536662    5.856816    3.500001
    7.699995    0.569344    5.869856    3.499999
    7.799995    0.611533    5.870487    3.500000
    7.899995    0.668787    5.852855    3.499997
    7.999995    0.751649    5.806444    3.500000
    8.099995    0.884606    5.709532    3.499997
    8.199995    1.134090    5.510913    3.499997
    8.299995    1.703191    5.089175    3.499993
    8.399996    2.783020    4.405964    3.499999
    8.499996    3.555599    3.776836    3.499987
    8.599997    3.869415    3.206635    3.499990
    8.699997    4.009103    2.606977    3.499988
    8.799997    4.097884    1.898765    3.499986
    8.899998    4.176568    1.135621    3.499987
    8.999998    4.049352    0.886408    3.499983
    9.099998    3.730982    0.930213    3.499990
    9.199999    3.403540    1.005444    3.499986
    9.299999    3.098605    1.088749    3.499984
    9.400000    2.818354    1.177618    3.499992
    9.500000    2.557411    1.272976    3.499991
    9.600000    2.315303    1.374392    3.499990
    9.700001    2.090865    1.481502    3.499991
    9.800001    1.883354    1.593551    3.499992
    9.900002    1.690924    1.710282    3.499995
   10.000000    1.511555    1.831717    3.499995
   ----------------------------------------------

Final Solver Statistics:
   Slow Steps: nsts = 1000
   Fast Steps: nstf = 37451 (attempted = 37467)
   Total RHS evals:  Fs = 3001,  Ff = 322098
   Total number of fast error test failures = 16
   Total linear solver setups = 5931
   Total RHS evals for setting up the linear system = 0
   Total number of Jacobian evaluations = 706
   Total number of Newton iterations = 208693
   Total number of nonlinear solver convergence failures = 79
