
   Begin Kepler Problem

Problem Arguments:
  stepper:              1
  step mode:            1
  use tstop:            1
  use compensated sums: 0
  dt:                   0.01
  Tf:                   100
  nout:                 50

t = 0.0000, H(p,q) = -0.5000002384185791, L(p,q) = 0.7999999523162842
t = 2.0000, H(p,q)-H0 = -1.6969442367553711e-03, L(p,q)-L0 = -2.9575824737548828e-04
t = 4.0000, H(p,q)-H0 = -1.9796490669250488e-03, L(p,q)-L0 = -5.2970647811889648e-04
t = 6.0000, H(p,q)-H0 = -1.8390417098999023e-03, L(p,q)-L0 = -6.4498186111450195e-04
t = 8.0000, H(p,q)-H0 = -4.6855211257934570e-03, L(p,q)-L0 = -1.3656616210937500e-03
t = 10.0000, H(p,q)-H0 = -5.0562620162963867e-03, L(p,q)-L0 = -1.6100406646728516e-03
t = 12.0000, H(p,q)-H0 = -4.8067569732666016e-03, L(p,q)-L0 = -1.6821622848510742e-03
t = 14.0000, H(p,q)-H0 = -7.9300999641418457e-03, L(p,q)-L0 = -2.4535655975341797e-03
t = 16.0000, H(p,q)-H0 = -8.2973241806030273e-03, L(p,q)-L0 = -2.6608705520629883e-03
t = 18.0000, H(p,q)-H0 = -8.0516338348388672e-03, L(p,q)-L0 = -2.7456283569335938e-03
t = 20.0000, H(p,q)-H0 = -1.1382341384887695e-02, L(p,q)-L0 = -3.6976337432861328e-03
t = 22.0000, H(p,q)-H0 = -1.1718511581420898e-02, L(p,q)-L0 = -3.8650035858154297e-03
t = 24.0000, H(p,q)-H0 = -1.1546015739440918e-02, L(p,q)-L0 = -3.9388537406921387e-03
t = 26.0000, H(p,q)-H0 = -1.4478862285614014e-02, L(p,q)-L0 = -4.7437548637390137e-03
t = 28.0000, H(p,q)-H0 = -1.4810800552368164e-02, L(p,q)-L0 = -4.9002170562744141e-03
t = 30.0000, H(p,q)-H0 = -1.4656245708465576e-02, L(p,q)-L0 = -4.9767494201660156e-03
t = 32.0000, H(p,q)-H0 = -1.7621934413909912e-02, L(p,q)-L0 = -5.7733058929443359e-03
t = 34.0000, H(p,q)-H0 = -1.7958879470825195e-02, L(p,q)-L0 = -5.9323310852050781e-03
t = 36.0000, H(p,q)-H0 = -1.7779588699340820e-02, L(p,q)-L0 = -6.0144066810607910e-03
t = 38.0000, H(p,q)-H0 = -2.0780801773071289e-02, L(p,q)-L0 = -6.8558454513549805e-03
t = 40.0000, H(p,q)-H0 = -2.1120011806488037e-02, L(p,q)-L0 = -7.0235133171081543e-03
t = 42.0000, H(p,q)-H0 = -2.0903944969177246e-02, L(p,q)-L0 = -7.1114897727966309e-03
t = 44.0000, H(p,q)-H0 = -2.3796558380126953e-02, L(p,q)-L0 = -7.8579783439636230e-03
t = 46.0000, H(p,q)-H0 = -2.4148404598236084e-02, L(p,q)-L0 = -8.0503821372985840e-03
t = 48.0000, H(p,q)-H0 = -2.3925304412841797e-02, L(p,q)-L0 = -8.1394314765930176e-03
t = 50.0000, H(p,q)-H0 = -2.7104616165161133e-02, L(p,q)-L0 = -9.0072154998779297e-03
t = 52.0000, H(p,q)-H0 = -2.7516722679138184e-02, L(p,q)-L0 = -9.2644095420837402e-03
t = 54.0000, H(p,q)-H0 = -2.7449607849121094e-02, L(p,q)-L0 = -9.4086527824401855e-03
t = 56.0000, H(p,q)-H0 = -3.1052589416503906e-02, L(p,q)-L0 = -1.0396540164947510e-02
t = 58.0000, H(p,q)-H0 = -3.1505167484283447e-02, L(p,q)-L0 = -1.0717272758483887e-02
t = 60.0000, H(p,q)-H0 = -3.2787203788757324e-02, L(p,q)-L0 = -1.1333465576171875e-02
t = 62.0000, H(p,q)-H0 = -3.4375846385955811e-02, L(p,q)-L0 = -1.1613786220550537e-02
t = 64.0000, H(p,q)-H0 = -3.4726142883300781e-02, L(p,q)-L0 = -1.1899828910827637e-02
t = 66.0000, H(p,q)-H0 = -3.6829352378845215e-02, L(p,q)-L0 = -1.2595355510711670e-02
t = 68.0000, H(p,q)-H0 = -3.7742495536804199e-02, L(p,q)-L0 = -1.2828469276428223e-02
t = 70.0000, H(p,q)-H0 = -3.7935197353363037e-02, L(p,q)-L0 = -1.3036608695983887e-02
t = 72.0000, H(p,q)-H0 = -4.0694117546081543e-02, L(p,q)-L0 = -1.3896584510803223e-02
t = 74.0000, H(p,q)-H0 = -4.1235744953155518e-02, L(p,q)-L0 = -1.4088392257690430e-02
t = 76.0000, H(p,q)-H0 = -4.1179299354553223e-02, L(p,q)-L0 = -1.4201402664184570e-02
t = 78.0000, H(p,q)-H0 = -4.4968962669372559e-02, L(p,q)-L0 = -1.5290021896362305e-02
t = 80.0000, H(p,q)-H0 = -4.5375406742095947e-02, L(p,q)-L0 = -1.5481948852539062e-02
t = 82.0000, H(p,q)-H0 = -4.5267939567565918e-02, L(p,q)-L0 = -1.5616238117218018e-02
t = 84.0000, H(p,q)-H0 = -4.8368334770202637e-02, L(p,q)-L0 = -1.6407608985900879e-02
t = 86.0000, H(p,q)-H0 = -4.8832058906555176e-02, L(p,q)-L0 = -1.6717731952667236e-02
t = 88.0000, H(p,q)-H0 = -5.0667285919189453e-02, L(p,q)-L0 = -1.7443656921386719e-02
t = 90.0000, H(p,q)-H0 = -5.1965236663818359e-02, L(p,q)-L0 = -1.7713844776153564e-02
t = 92.0000, H(p,q)-H0 = -5.2345633506774902e-02, L(p,q)-L0 = -1.8069803714752197e-02
t = 94.0000, H(p,q)-H0 = -5.5230557918548584e-02, L(p,q)-L0 = -1.8961071968078613e-02
t = 96.0000, H(p,q)-H0 = -5.5835127830505371e-02, L(p,q)-L0 = -1.9158542156219482e-02
t = 98.0000, H(p,q)-H0 = -5.5687069892883301e-02, L(p,q)-L0 = -1.9292652606964111e-02
t = 100.0000, H(p,q)-H0 = -5.9143662452697754e-02, L(p,q)-L0 = -2.0257234573364258e-02
Current time                  = 100
Steps                         = 325
Step attempts                 = 435
Stability limited steps       = 0
Accuracy limited steps        = 435
Error test fails              = 110
NLS step fails                = 0
Inequality constraint fails   = 0
Initial step size             = 0.000472871
Last step size                = 0.337417
Current step size             = 0.337417
Explicit RHS fn evals         = 2067
Implicit RHS fn evals         = 0
NLS iters                     = 0
NLS fails                     = 0
NLS iters per step            = 0
LS setups                     = 0
