
   Begin Kepler Problem

Problem Arguments:
  stepper:              0
  step mode:            0
  use tstop:            1
  use compensated sums: 1
  dt:                   0.01
  Tf:                   100
  nout:                 50

t = 0.0000, H(p,q) = -0.5000002384185791, L(p,q) = 0.7999999523162842
t = 2.0000, H(p,q)-H0 = 0.0000001192092896, L(p,q)-L0 = 0.0000000596046448
ROOT RETURN:	  g[0] =  -1, y[0] = -1.6, y[1] = -1.10158e-08, num. orbits is now 0.50
t = 3.1416, H(p,q)-H0 = 0.0000000000000000, L(p,q)-L0 = -0.0000001788139343
t = 4.0000, H(p,q)-H0 = 0.0000001192092896, L(p,q)-L0 = 0.0000000596046448
t = 6.0000, H(p,q)-H0 = 0.0000002384185791, L(p,q)-L0 = 0.0000000596046448
ROOT RETURN:	  g[0] =   1, y[0] = 0.4, y[1] = 1.03202e-06, num. orbits is now 1.00
t = 6.2832, H(p,q)-H0 = -0.0000002384185791, L(p,q)-L0 = -0.0000000596046448
t = 8.0000, H(p,q)-H0 = 0.0000001192092896, L(p,q)-L0 = 0.0000000000000000
ROOT RETURN:	  g[0] =  -1, y[0] = -1.6, y[1] = -2.77794e-05, num. orbits is now 1.50
t = 9.4248, H(p,q)-H0 = 0.0000002384185791, L(p,q)-L0 = 0.0000002980232239
t = 10.0000, H(p,q)-H0 = 0.0000001192092896, L(p,q)-L0 = 0.0000000596046448
t = 12.0000, H(p,q)-H0 = 0.0000000596046448, L(p,q)-L0 = 0.0000000596046448
ROOT RETURN:	  g[0] =   1, y[0] = 0.4, y[1] = 0.000150421, num. orbits is now 2.00
t = 12.5664, H(p,q)-H0 = 0.0000007152557373, L(p,q)-L0 = 0.0000001192092896
t = 14.0000, H(p,q)-H0 = 0.0000000596046448, L(p,q)-L0 = 0.0000000000000000
ROOT RETURN:	  g[0] =  -1, y[0] = -1.6, y[1] = -2.2765e-07, num. orbits is now 2.50
t = 15.7080, H(p,q)-H0 = -0.0000001192092896, L(p,q)-L0 = -0.0000002980232239
t = 16.0000, H(p,q)-H0 = 0.0000001192092896, L(p,q)-L0 = 0.0000000000000000
t = 18.0000, H(p,q)-H0 = 0.0000000000000000, L(p,q)-L0 = 0.0000000000000000
ROOT RETURN:	  g[0] =   1, y[0] = 0.4, y[1] = 0.000223985, num. orbits is now 3.00
t = 18.8497, H(p,q)-H0 = 0.0000007152557373, L(p,q)-L0 = 0.0000002384185791
t = 20.0000, H(p,q)-H0 = 0.0000001192092896, L(p,q)-L0 = 0.0000000596046448
ROOT RETURN:	  g[0] =  -1, y[0] = -1.6, y[1] = -6.57149e-05, num. orbits is now 3.50
t = 21.9913, H(p,q)-H0 = 0.0000002384185791, L(p,q)-L0 = 0.0000002384185791
t = 22.0000, H(p,q)-H0 = 0.0000000596046448, L(p,q)-L0 = 0.0000000000000000
t = 24.0000, H(p,q)-H0 = 0.0000000596046448, L(p,q)-L0 = 0.0000000000000000
ROOT RETURN:	  g[0] =   1, y[0] = 0.4, y[1] = 6.99656e-08, num. orbits is now 4.00
t = 25.1327, H(p,q)-H0 = 0.0000007152557373, L(p,q)-L0 = 0.0000002384185791
t = 26.0000, H(p,q)-H0 = 0.0000001192092896, L(p,q)-L0 = 0.0000000596046448
t = 28.0000, H(p,q)-H0 = 0.0000000596046448, L(p,q)-L0 = 0.0000000596046448
ROOT RETURN:	  g[0] =  -1, y[0] = -1.6, y[1] = -6.90692e-07, num. orbits is now 4.50
t = 28.2743, H(p,q)-H0 = 0.0000001192092896, L(p,q)-L0 = 0.0000001192092896
t = 30.0000, H(p,q)-H0 = 0.0000000000000000, L(p,q)-L0 = 0.0000000000000000
ROOT RETURN:	  g[0] =   1, y[0] = 0.4, y[1] = 0.000372197, num. orbits is now 5.00
t = 31.4161, H(p,q)-H0 = 0.0000002384185791, L(p,q)-L0 = 0.0000000596046448
t = 32.0000, H(p,q)-H0 = 0.0000000596046448, L(p,q)-L0 = 0.0000000000000000
t = 34.0000, H(p,q)-H0 = 0.0000000000000000, L(p,q)-L0 = -0.0000000596046448
ROOT RETURN:	  g[0] =  -1, y[0] = -1.6, y[1] = -4.2672e-07, num. orbits is now 5.50
t = 34.5575, H(p,q)-H0 = 0.0000001192092896, L(p,q)-L0 = 0.0000002384185791
t = 36.0000, H(p,q)-H0 = 0.0000000596046448, L(p,q)-L0 = 0.0000000000000000
ROOT RETURN:	  g[0] =   1, y[0] = 0.4, y[1] = 3.80119e-06, num. orbits is now 6.00
t = 37.6991, H(p,q)-H0 = 0.0000030994415283, L(p,q)-L0 = 0.0000007748603821
t = 38.0000, H(p,q)-H0 = -0.0000001192092896, L(p,q)-L0 = -0.0000000596046448
t = 40.0000, H(p,q)-H0 = 0.0000000000000000, L(p,q)-L0 = 0.0000000000000000
ROOT RETURN:	  g[0] =  -1, y[0] = -1.6, y[1] = -0.000121978, num. orbits is now 6.50
t = 40.8409, H(p,q)-H0 = -0.0000001192092896, L(p,q)-L0 = -0.0000002384185791
t = 42.0000, H(p,q)-H0 = 0.0000000000000000, L(p,q)-L0 = 0.0000000000000000
ROOT RETURN:	  g[0] =   1, y[0] = 0.4, y[1] = 1.67941e-06, num. orbits is now 7.00
t = 43.9823, H(p,q)-H0 = 0.0000004768371582, L(p,q)-L0 = 0.0000001192092896
t = 44.0000, H(p,q)-H0 = -0.0000001192092896, L(p,q)-L0 = -0.0000000596046448
t = 46.0000, H(p,q)-H0 = 0.0000000000000000, L(p,q)-L0 = 0.0000000000000000
ROOT RETURN:	  g[0] =  -1, y[0] = -1.6, y[1] = -1.51622e-06, num. orbits is now 7.50
t = 47.1239, H(p,q)-H0 = 0.0000000000000000, L(p,q)-L0 = 0.0000000596046448
t = 48.0000, H(p,q)-H0 = 0.0000000000000000, L(p,q)-L0 = 0.0000000000000000
t = 50.0000, H(p,q)-H0 = -0.0000001192092896, L(p,q)-L0 = 0.0000000000000000
ROOT RETURN:	  g[0] =   1, y[0] = 0.4, y[1] = 7.5947e-06, num. orbits is now 8.00
t = 50.2655, H(p,q)-H0 = 0.0000045299530029, L(p,q)-L0 = 0.0000010728836060
t = 52.0000, H(p,q)-H0 = 0.0000000596046448, L(p,q)-L0 = 0.0000000000000000
ROOT RETURN:	  g[0] =  -1, y[0] = -1.6, y[1] = -1.3588e-06, num. orbits is now 8.50
t = 53.4070, H(p,q)-H0 = 0.0000001192092896, L(p,q)-L0 = 0.0000001788139343
t = 54.0000, H(p,q)-H0 = 0.0000000000000000, L(p,q)-L0 = 0.0000000000000000
t = 56.0000, H(p,q)-H0 = -0.0000000596046448, L(p,q)-L0 = 0.0000000000000000
ROOT RETURN:	  g[0] =   1, y[0] = 0.4, y[1] = 2.40048e-06, num. orbits is now 9.00
t = 56.5486, H(p,q)-H0 = -0.0000004768371582, L(p,q)-L0 = -0.0000001788139343
t = 58.0000, H(p,q)-H0 = 0.0000001192092896, L(p,q)-L0 = 0.0000000596046448
ROOT RETURN:	  g[0] =  -1, y[0] = -1.6, y[1] = -6.29656e-05, num. orbits is now 9.50
t = 59.6904, H(p,q)-H0 = 0.0000000000000000, L(p,q)-L0 = -0.0000001192092896
t = 60.0000, H(p,q)-H0 = 0.0000000596046448, L(p,q)-L0 = 0.0000000000000000
t = 62.0000, H(p,q)-H0 = 0.0000001192092896, L(p,q)-L0 = 0.0000000000000000
ROOT RETURN:	  g[0] =   1, y[0] = 0.4, y[1] = 2.31375e-06, num. orbits is now 10.00
t = 62.8318, H(p,q)-H0 = 0.0000021457672119, L(p,q)-L0 = 0.0000005364418030
t = 64.0000, H(p,q)-H0 = 0.0000000000000000, L(p,q)-L0 = 0.0000000000000000
ROOT RETURN:	  g[0] =  -1, y[0] = -1.6, y[1] = -0.000328111, num. orbits is now 10.50
t = 65.9741, H(p,q)-H0 = -0.0000000596046448, L(p,q)-L0 = -0.0000001192092896
t = 66.0000, H(p,q)-H0 = -0.0000000596046448, L(p,q)-L0 = 0.0000000000000000
t = 68.0000, H(p,q)-H0 = 0.0000000000000000, L(p,q)-L0 = -0.0000000596046448
ROOT RETURN:	  g[0] =   1, y[0] = 0.399999, y[1] = 0.000990644, num. orbits is now 11.00
t = 69.1155, H(p,q)-H0 = 0.0000045299530029, L(p,q)-L0 = 0.0000010728836060
t = 70.0000, H(p,q)-H0 = 0.0000000596046448, L(p,q)-L0 = 0.0000000596046448
t = 72.0000, H(p,q)-H0 = 0.0000000000000000, L(p,q)-L0 = 0.0000000596046448
ROOT RETURN:	  g[0] =  -1, y[0] = -1.6, y[1] = -0.00021339, num. orbits is now 11.50
t = 72.2570, H(p,q)-H0 = 0.0000001788139343, L(p,q)-L0 = 0.0000002980232239
t = 74.0000, H(p,q)-H0 = 0.0000000596046448, L(p,q)-L0 = 0.0000000000000000
ROOT RETURN:	  g[0] =   1, y[0] = 0.4, y[1] = 8.09948e-06, num. orbits is now 12.00
t = 75.3982, H(p,q)-H0 = 0.0000026226043701, L(p,q)-L0 = 0.0000007152557373
t = 76.0000, H(p,q)-H0 = -0.0000000596046448, L(p,q)-L0 = 0.0000000000000000
t = 78.0000, H(p,q)-H0 = 0.0000000596046448, L(p,q)-L0 = 0.0000000596046448
ROOT RETURN:	  g[0] =  -1, y[0] = -1.6, y[1] = -0.000113162, num. orbits is now 12.50
t = 78.5400, H(p,q)-H0 = 0.0000000596046448, L(p,q)-L0 = 0.0000000000000000
t = 80.0000, H(p,q)-H0 = 0.0000000596046448, L(p,q)-L0 = 0.0000000000000000
ROOT RETURN:	  g[0] =   1, y[0] = 0.4, y[1] = 2.0836e-05, num. orbits is now 13.00
t = 81.6814, H(p,q)-H0 = 0.0000014305114746, L(p,q)-L0 = 0.0000004172325134
t = 82.0000, H(p,q)-H0 = 0.0000002384185791, L(p,q)-L0 = 0.0000001192092896
t = 84.0000, H(p,q)-H0 = 0.0000001788139343, L(p,q)-L0 = 0.0000000596046448
ROOT RETURN:	  g[0] =  -1, y[0] = -1.6, y[1] = -1.92542e-06, num. orbits is now 13.50
t = 84.8230, H(p,q)-H0 = 0.0000002384185791, L(p,q)-L0 = 0.0000001788139343
t = 86.0000, H(p,q)-H0 = 0.0000001192092896, L(p,q)-L0 = 0.0000000000000000
ROOT RETURN:	  g[0] =   1, y[0] = 0.399999, y[1] = 0.00108307, num. orbits is now 14.00
t = 87.9651, H(p,q)-H0 = 0.0000035762786865, L(p,q)-L0 = 0.0000008344650269
t = 88.0000, H(p,q)-H0 = 0.0000000000000000, L(p,q)-L0 = 0.0000000596046448
t = 90.0000, H(p,q)-H0 = 0.0000002980232239, L(p,q)-L0 = 0.0000000596046448
ROOT RETURN:	  g[0] =  -1, y[0] = -1.6, y[1] = -0.000270709, num. orbits is now 14.50
t = 91.1067, H(p,q)-H0 = 0.0000003576278687, L(p,q)-L0 = 0.0000002980232239
t = 92.0000, H(p,q)-H0 = 0.0000002384185791, L(p,q)-L0 = 0.0000000000000000
t = 94.0000, H(p,q)-H0 = 0.0000002384185791, L(p,q)-L0 = 0.0000001192092896
ROOT RETURN:	  g[0] =   1, y[0] = 0.399999, y[1] = 0.00112721, num. orbits is now 15.00
t = 94.2483, H(p,q)-H0 = -0.0000052452087402, L(p,q)-L0 = -0.0000012516975403
t = 96.0000, H(p,q)-H0 = 0.0000002682209015, L(p,q)-L0 = 0.0000001192092896
ROOT RETURN:	  g[0] =  -1, y[0] = -1.6, y[1] = -0.000336041, num. orbits is now 15.50
t = 97.3900, H(p,q)-H0 = 0.0000002384185791, L(p,q)-L0 = 0.0000000596046448
t = 98.0000, H(p,q)-H0 = 0.0000002384185791, L(p,q)-L0 = 0.0000000596046448
t = 100.0000, H(p,q)-H0 = 0.0000001192092896, L(p,q)-L0 = 0.0000000596046448
Current time                 = 100
Steps                        = 10000
Step attempts                = 10000
Stability limited steps      = 0
Accuracy limited steps       = 0
Error test fails             = 0
NLS step fails               = 0
Inequality constraint fails  = 0
Initial step size            = 0.009999999776482582
Last step size               = 0.009999999776482582
Current step size            = 0.009999999776482582
Root fn evals                = 10138
f1 RHS fn evals              = 40034
f2 RHS fn evals              = 40034
