[ERROR][rank 0][/__w/sundials/sundials/src/arkode/arkode.c:820][ARKodeEvolve] At t = 0, too much accuracy requested.

SUNDIALS_ERROR: ARKodeEvolve() failed with retval = -2


Multirate nonlinear Kvaerno-Prothero-Robinson test problem:
    time domain:  (0,5]
    hs = 0.01
    hf = 0.0001
    G = -100
    w = 100
    e = 0.5
    slow solver: ARKODE_IMEX_MRI_SR43
      reltol = 1.00e-08,  abstol = 1.00e-14
    fast solver: erk-4-4
        t           u           v       uerr      verr
   ------------------------------------------------------
    0.000000    1.224745    1.732051  0.00e+00  0.00e+00
   ------------------------------------------------------

Final Solver Statistics:
   Steps: nsts = 0, nstf = 0
   u error = 0.000e+00, v error = 0.000e+00, total error = 0.000e+00
   Total RHS evals:  Fse = 0, Fsi = 0,  Ff = 0
   Slow Newton iters = 0
   Slow Newton conv fails = 0
   Slow Jacobian evals = 0
