hwloc/linux: Ignoring PCI device with non-16bit domain.
Pass --enable-32bits-pci-domain to configure to support such devices
(warning: it would break the library ABI, don't enable unless really needed).

2D Heat PDE test problem:
 --------------------------------- 
  nprocs         = 4
  npx            = 2
  npy            = 2
 --------------------------------- 
  Dux            = 0.001
  Duy            = 0.001
  Dvx            = 0.001
  Dvy            = 0.001
  A              = 1
  B              = 3
 --------------------------------- 
  tf             = 10
  xl             = -0.5
  xu             = 0.5
  yl             = -0.5
  yu             = 0.5
 --------------------------------- 
  nx             = 128
  ny             = 128
  dx             = 0.0078125
  dy             = 0.0078125
  nxl (proc 0)   = 64
  nyl (proc 0)   = 64
  is  (proc 0)   = 0
  ie  (proc 0)   = 63
  je  (proc 0)   = 0
  je  (proc 0)   = 63
 --------------------------------- 
  rtol           = 0.0001
  atol           = 1e-08
  order          = 3
  fixed h        = 0
  controller     = 0
  linear         = 1
 --------------------------------- 
  linear solver  = PCG
  lin iters      = 5
  eps lin        = 0
  prec           = 1
  msbp           = 0
 --------------------------------- 
  output         = 1
 --------------------------------- 

          t                     ||u||_rms      
 ----------------------------------------------
          0.000000e+00             3.172141e+00
          5.000000e-01             3.136740e+00
          1.000000e+00             3.125073e+00
          1.500000e+00             3.152604e+00
          2.000000e+00             3.252028e+00
          2.500000e+00             3.404753e+00
          3.000000e+00             3.570164e+00
          3.500000e+00             3.699899e+00
          4.000000e+00             3.694635e+00
          4.500000e+00             3.628311e+00
          5.000000e+00             3.475284e+00
          5.500000e+00             3.343949e+00
          6.000000e+00             3.234051e+00
          6.500000e+00             3.082387e+00
          7.000000e+00             2.890714e+00
          7.500000e+00             2.837339e+00
          8.000000e+00             2.898130e+00
          8.500000e+00             3.139927e+00
          9.000000e+00             3.442139e+00
          9.500000e+00             3.740324e+00
          1.000000e+01             4.014409e+00
 ----------------------------------------------

Final integrator statistics:
  Steps            = 111
  Step attempts    = 115
  Error test fails = 4
  RHS reaction     = 463
  RHS diffusion    = 808
  NLS iters        = 345
  NLS fails        = 0
  LS iters         = 1719
  LS fails         = 342
  LS setups        = 0
  LS RHS evals     = 1719
  Jv products      = 1719

  Avg NLS iters per step attempt = 3.000000
  Avg LS iters per NLS iter      = 4.982609

  Preconditioner setups = 0
  Preconditioner solves = 1719

