
Analytical ODE test problem:
   lambda = -100
   reltol = 1.0e-06
   abstol = 1.0e-10

        t           u
   ---------------------
    1.000000    0.785398
    2.000000    1.107147
    3.000000    1.249043
    4.000000    1.325817
    5.000000    1.373401
    6.000000    1.405647
    7.000000    1.428900
    8.000000    1.446438
    9.000000    1.460146
   10.000000    1.471122
   ---------------------

Final Solver Statistics:
   Internal solver steps = 63 (attempted = 64)
   Total RHS evals:  Fe = 0,  Fi = 641
   Total linear solver setups = 0
   Total RHS evals for setting up the linear system = 0
   Total number of Jacobian evaluations = 0
   Total number of Newton iterations = 320
   Total number of linear solver convergence failures = 0
   Total number of error test failures = 1


SUNDIALS_WARNING: check_ans error=4.13238

