
Multirate nonlinear Kvaerno-Prothero-Robinson test problem:
    time domain:  (0,5]
    hs = 0.01
    hf = 0.0001
    G = -100
    w = 100
    e = 0.5
    slow solver: ARKODE_MIS_KW3
    fast solver: none
        t           u           v       uerr      verr
   ------------------------------------------------------
    0.000000    1.224745    1.732051  0.00e+00  0.00e+00
    0.100000    1.223762    1.078828  3.68e-05  1.36e-03
    0.200000    1.220624    1.551447  4.48e-05  3.53e-04
    0.300000    1.215667    1.468247  7.34e-05  5.10e-04
    0.400000    1.208470    1.153484  5.45e-05  1.10e-03
    0.500000    1.199502    1.721907  5.84e-06  5.96e-07
    0.600000    1.188564    1.024797  7.27e-06  1.28e-03
    0.700000    1.175723    1.622408  4.14e-05  3.41e-04
    0.800000    1.161275    1.375550  8.85e-05  9.16e-04
    0.900000    1.144848    1.244906  5.54e-05  8.55e-04
    1.000000    1.127032    1.692045  2.25e-05  2.04e-04
    1.100000    1.107589    1.000910  2.06e-05  4.20e-04
    1.200000    1.086787    1.677288  3.35e-05  2.61e-04
    1.300000    1.064865    1.278871  8.82e-05  1.09e-03
    1.400000    1.041568    1.341650  5.76e-05  8.00e-04
    1.500000    1.017572    1.643326  4.12e-05  3.80e-04
    1.600000    0.992635    1.011492  3.84e-05  6.17e-04
    1.700000    0.967230    1.713992  2.26e-05  6.27e-05
    1.800000    0.941564    1.185055  7.63e-05  1.18e-03
    1.900000    0.915563    1.436862  5.42e-05  5.93e-04
    2.000000    0.889960    1.577462  5.70e-05  3.71e-04
    2.100000    0.864572    1.054896  5.31e-05  1.57e-03
    2.200000    0.840076    1.731105  1.25e-05  1.84e-04
    2.300000    0.816662    1.102033  4.63e-05  9.86e-04
    2.400000    0.794493    1.524728  5.30e-05  3.28e-04
    2.500000    0.774296    1.497459  6.83e-05  4.76e-04
    2.600000    0.755957    1.125519  5.56e-05  1.35e-03
    2.700000    0.740245    1.727734  1.19e-06  1.99e-04
    2.799999    0.727259    1.039374  1.16e-05  9.92e-04
    2.899999    0.717255    1.600566  4.66e-05  2.09e-04
    2.999999    0.710718    1.407091  8.21e-05  7.33e-04
    3.099999    0.707356    1.214479  5.68e-05  9.45e-05
    3.199999    0.707730    1.704603  2.10e-05  5.88e-04
    3.299999    0.711507    1.007063  1.24e-05  2.68e-03
    3.399999    0.718709    1.660751  4.05e-05  4.98e-04
    3.499999    0.729320    1.312711  9.35e-05  2.65e-03
    3.599999    0.742649    1.309559  6.26e-05  5.66e-04
    3.699999    0.758948    1.661851  3.41e-05  6.44e-04
    3.799999    0.777469    1.005416  3.68e-05  1.02e-03
    3.899998    0.798110    1.703432  3.34e-05  6.05e-04
    3.999998    0.820555    1.216966  8.13e-05  2.65e-03
    4.099998    0.844078    1.405508  7.08e-05  9.05e-04
    4.199998    0.868877    1.600949  4.48e-05  2.14e-04
    4.299998    0.894147    1.038711  5.66e-05  2.95e-04
    4.399998    0.919935    1.726388  2.83e-05  1.15e-03
    4.499998    0.945887    1.129787  5.37e-05  2.97e-03
    4.599998    0.971491    1.495957  6.63e-05  1.09e-03
    4.699998    0.996959    1.525506  6.12e-05  5.02e-04
    4.799998    1.021576    1.100868  6.40e-05  2.21e-04
    4.899998    1.045573    1.729704  1.57e-05  1.21e-03
    4.999998    1.068585    1.059591  2.09e-05  3.16e-03
   ------------------------------------------------------

Final Solver Statistics:
   Steps: nsts = 500, nstf = 50308
   u error = 5.161e-05, v error = 1.153e-03, total error = 8.164e-04
   Total RHS evals:  Fs = 1501,  Ff = 251590
