
One way coupling ODE test problem:
    initial conditions:  u0 = 1,  v0 = 0,  w0 = 2
    hs = 0.001,  hf = 0.0001

        t           u           v           w       max err
   ----------------------------------------------------------
    0.000000    1.000000    0.000000    2.000000    0.000000
    0.100000    0.283608   -0.958913    1.802294    0.000054
    0.200000   -0.839096   -0.543891    1.658852    0.000131
    0.300000   -0.759721    0.650133    1.524290    0.000154
    0.400000    0.407371    0.913151    1.364400    0.000712
    0.500000    0.991250   -0.131020    1.202825    0.001332
    0.600000    0.154805   -0.987785    1.085199    0.000551
    0.700000   -0.903591   -0.427958    1.011891    0.000228
    0.800000   -0.666120    0.745554    0.935744    0.000821
    0.900000    0.526592    0.849826    0.828154    0.001274
    1.000000    0.964067   -0.264618    0.718727    0.002243
   ----------------------------------------------------------

Final Solver Statistics:
   Steps: nsts = 1001, nstf = 12012
   Total RHS evals:  Fs = 3004,  Ff = 36046
