
1D Brusselator PDE test problem:
    N = 201
    problem parameters:  a = 0.6,  b = 2,  ep = 1e-05
    diffusion coefficients:  du = 0.001,  dv = 0.001,  dw = 0.001
    reltol = 1.0e-06,  abstol = 1.0e-10

        t      ||u||_rms   ||v||_rms   ||w||_rms
   ----------------------------------------------
    0.100000    0.675721    3.378375    2.000124
    0.200000    0.688547    3.357685    1.999863
    0.300000    0.702697    3.334521    1.999990
    0.400000    0.718341    3.308631    2.000018
    0.500000    0.735675    3.279735    1.999974
    0.600000    0.754919    3.247531    1.999995
    0.700000    0.776314    3.211697    1.999977
    0.800000    0.800120    3.171898    1.999949
    0.900000    0.826592    3.127812    1.999948
    1.000000    0.855962    3.079154    1.999892
    1.100000    0.888378    3.025729    2.000009
    1.200000    0.923838    2.967500    1.999966
    1.300000    0.962073    2.904674    2.000036
    1.400000    1.002424    2.837795    1.999989
    1.500000    1.043715    2.767825    1.999966
    1.600000    1.084200    2.696150    2.000039
    1.700000    1.121658    2.624492    1.999952
    1.800000    1.153663    2.554715    2.000055
    1.900000    1.177997    2.488579    1.999938
    2.000000    1.193049    2.427522    1.999910
    2.100000    1.198056    2.372555    1.999922
    2.200000    1.193111    2.324268    1.999971
    2.300000    1.178984    2.282907    2.000141
    2.400000    1.156874    2.248483    1.999965
    2.500000    1.128177    2.220850    1.999974
    2.600000    1.094311    2.199771    2.000099
    2.700000    1.056613    2.184954    1.999960
    2.799999    1.016284    2.176066    2.000021
    2.899999    0.974365    2.172743    1.999975
    2.999999    0.931744    2.174589    1.999920
    3.099999    0.889155    2.181186    1.999997
    3.199999    0.847198    2.192094    1.999958
    3.299999    0.806347    2.206859    2.000019
    3.399999    0.766962    2.225028    2.000006
    3.499999    0.729310    2.246153    1.999976
    3.599999    0.693568    2.269807    2.000007
    3.699999    0.659847    2.295594    2.000013
    3.799999    0.628200    2.323147    1.999883
    3.899998    0.598633    2.352143    1.999988
    3.999998    0.571122    2.382295    1.999972
    4.099998    0.545618    2.413356    1.999976
    4.199998    0.522056    2.445114    1.999980
    4.299998    0.500361    2.477391    1.999997
    4.399998    0.480453    2.510036    1.999929
    4.499998    0.462245    2.542923    1.999996
    4.599998    0.445653    2.575947    2.000018
    4.699998    0.430589    2.609023    1.999898
    4.799998    0.416966    2.642078    1.999932
    4.899998    0.404698    2.675051    2.000062
    4.999998    0.393697    2.707897    1.999972
    5.099998    0.383879    2.740577    2.000032
    5.199997    0.375159    2.773057    2.000089
    5.299997    0.367454    2.805314    1.999979
    5.399997    0.360684    2.837327    2.000000
    5.499997    0.354771    2.869084    1.999920
    5.599997    0.349641    2.900572    1.999927
    5.699997    0.345224    2.931784    2.000043
    5.799997    0.341454    2.962715    1.999982
    5.899997    0.338270    2.993361    2.000007
    5.999997    0.335614    3.023720    2.000008
    6.099997    0.333434    3.053790    1.999979
    6.199996    0.331683    3.083573    1.999904
    6.299996    0.330317    3.113068    2.000003
    6.399996    0.329298    3.142274    1.999973
    6.499996    0.328592    3.171194    1.999938
    6.599996    0.328167    3.199826    1.999993
    6.699996    0.327995    3.228172    2.000021
    6.799996    0.328054    3.256230    2.000006
    6.899996    0.328320    3.284000    1.999998
    6.999996    0.328776    3.311481    1.999969
    7.099996    0.329406    3.338673    1.999999
    7.199996    0.330194    3.365572    1.999967
    7.299995    0.331130    3.392177    1.999996
    7.399995    0.332202    3.418486    1.999950
    7.499995    0.333401    3.444493    1.999988
    7.599995    0.334721    3.470197    1.999969
    7.699995    0.336154    3.495591    2.000011
    7.799995    0.337695    3.520674    2.000072
    7.899995    0.339341    3.545435    1.999933
    7.999995    0.341088    3.569873    1.999977
    8.099995    0.342933    3.593980    1.999951
    8.199995    0.344876    3.617748    2.000030
    8.299995    0.346916    3.641169    1.999973
    8.399996    0.349052    3.664236    1.999969
    8.499996    0.351284    3.686940    1.999992
    8.599997    0.353615    3.709269    2.000069
    8.699997    0.356046    3.731215    2.000043
    8.799997    0.358579    3.752764    2.000054
    8.899998    0.361218    3.773904    1.999993
    8.999998    0.363967    3.794621    1.999984
    9.099998    0.366830    3.814902    2.000117
    9.199999    0.369812    3.834729    1.999994
    9.299999    0.372920    3.854086    1.999988
    9.400000    0.376160    3.872952    2.000041
    9.500000    0.379540    3.891309    2.000069
    9.600000    0.383069    3.909132    2.000015
    9.700001    0.386758    3.926399    2.000020
    9.800001    0.390617    3.943080    2.000019
    9.900002    0.394659    3.959146    2.000118
   10.000000    0.398900    3.974566    1.999989
   ----------------------------------------------

Final Solver Statistics:
   Internal solver steps = 1147 (attempted = 1147)
   Total RHS evals:  Fe = 8032,  Fi = 21796
   Total linear solver setups = 0
   Total linear iterations = 42527
   Total linear convergence failures = 124
   Total J*v evaluations = 42527
   Total RHS evals in linear solver = 0
   Total number of Newton iterations = 13764
   Total number of nonlinear solver convergence failures = 0
   Total number of error test failures = 0

