
Two way coupling ODE test problem:
    initial conditions:  u0 = 0.90001,  v0 = -9.999,  w0 = 1000
    hs = 0.001,  hf = 2e-05

        t           u           v           w
   -----------------------------------------------
    0.000000    0.900010   -9.999001  1000.000000
    0.100000   -0.929338   -8.503141  904.834961
    0.200000    0.324720   -9.099948  818.716125
    0.300000    0.083065   -6.419753  740.801575
    0.400000   -0.737033   -7.444559  670.293213
    0.500000    0.905701   -5.807259  606.497437
    0.600000   -1.009557   -5.190407  548.855042
    0.700000    0.599449   -5.727102  496.689636
    0.800000   -0.188659   -3.504744  449.482056
    0.900000   -0.364852   -5.016825  407.120117
    1.000000    0.677508   -2.987634  368.780365
    1.100000   -0.977374   -3.671191  334.143433
    1.200000    0.969724   -3.029662  303.069122
    1.300000   -0.971938   -2.419810  274.885864
    1.400000    0.805944   -3.051595  249.536179
    1.500000   -0.744381   -1.574357  226.683563
    1.600000    0.570027   -2.866254  205.944855
    1.700000   -0.460309   -0.973365  187.081329
    1.800000    0.262176   -2.659797  169.968292
    1.900000   -0.123710   -0.549664  154.397369
    2.000000   -0.079914   -2.400486  140.276367
   -----------------------------------------------

Final Solver Statistics:
   Steps: nsts = 2000, nstf = 99239
   Total RHS evals:  Fs = 6001,  Ff = 297737
