
Dissipated Exponential Entropy problem:
   method     = DIRK
   reltol     = 1.0e-06
   abstol     = 1.0e-10
   relaxation = ON

 step   t              u              e              u_err          delta e
 -------------------------------------------------------------------------------
    0   0.000000e+00   5.000000e-01   1.648721e+00   0.000000e+00   0.000000e+00
   40   5.394144e-02   4.148003e-01   1.514068e+00  -1.192093e-07  -1.346529e-01
   80   1.093681e-01   3.342166e-01   1.396846e+00   2.980232e-08  -2.518756e-01
  120   1.647945e-01   2.596451e-01   1.296470e+00  -1.788139e-07  -3.522514e-01
  160   2.201803e-01   1.902997e-01   1.209612e+00  -3.874302e-07  -4.391091e-01
  200   2.717400e-01   1.298001e-01   1.138601e+00  -3.576279e-07  -5.101204e-01
  240   3.158979e-01   8.074507e-02   1.084095e+00  -2.905726e-07  -5.646267e-01
  280   3.512184e-01   4.316916e-02   1.044114e+00  -2.421439e-07  -6.046067e-01
  320   3.764882e-01   1.712668e-02   1.017274e+00  -2.756715e-07  -6.314471e-01
  360   3.907425e-01   2.730391e-03   1.002734e+00  -2.468005e-07  -6.459872e-01
  400   3.948130e-01  -1.342932e-03   9.986579e-01  -1.065200e-07  -6.500633e-01
  440   4.024983e-01  -8.988453e-03   9.910518e-01   5.960464e-08  -6.576694e-01
  480   4.169518e-01  -2.321079e-02   9.770565e-01   2.998859e-07  -6.716647e-01
  520   4.386739e-01  -4.421249e-02   9.567506e-01   2.086163e-07  -6.919706e-01
  560   4.684673e-01  -7.231844e-02   9.302346e-01   2.682209e-07  -7.184866e-01
  600   5.048080e-01  -1.055647e-01   8.998162e-01   5.215406e-07  -7.489050e-01
  640   5.518098e-01  -1.469869e-01   8.633053e-01   1.415610e-06  -7.854159e-01
  680   6.090957e-01  -1.952575e-01   8.226228e-01   2.011657e-06  -8.260984e-01
  720   6.754881e-01  -2.484338e-01   7.800215e-01   2.220273e-06  -8.686997e-01
  760   7.578728e-01  -3.107153e-01   7.329225e-01   1.966953e-06  -9.157987e-01
  800   8.518192e-01  -3.773042e-01   6.857074e-01   1.430511e-06  -9.630138e-01
  840   9.654264e-01  -4.523206e-01   6.361502e-01   7.748604e-07  -1.012571e+00
  880   1.098273e+00  -5.334498e-01   5.865779e-01   2.980232e-07  -1.062143e+00
  920   1.253296e+00  -6.204829e-01   5.376847e-01   1.192093e-07  -1.111037e+00
  960   1.440845e+00  -7.165583e-01   4.884304e-01   5.364418e-07  -1.160291e+00
 1000   1.652170e+00  -8.147888e-01   4.427328e-01   7.748604e-07  -1.205988e+00
 1040   1.917573e+00  -9.258854e-01   3.961805e-01   4.172325e-07  -1.252541e+00
 1080   2.213736e+00  -1.036831e+00   3.545764e-01  -1.192093e-07  -1.294145e+00
 1120   2.588864e+00  -1.161711e+00   3.129504e-01  -1.192093e-07  -1.335771e+00
 1160   3.015221e+00  -1.286958e+00   2.761094e-01  -2.384186e-07  -1.372612e+00
 1200   3.545435e+00  -1.423582e+00   2.408497e-01  -2.384186e-07  -1.407871e+00
 1240   4.175704e+00  -1.564908e+00   2.091073e-01   2.384186e-07  -1.439614e+00
 1280   4.925673e+00  -1.710585e+00   1.807601e-01   1.430511e-06  -1.467961e+00
 -------------------------------------------------------------------------------

Final Solver Statistics:
   Internal solver steps = 1284 (attempted = 1285)
   Total number of error test failures = 1
   Total RHS evals:  Fe = 0,  Fi = 9582
   Total number of Newton iterations = 5726
   Total number of linear solver convergence failures = 125
   Total linear solver setups = 190
   Total number of Jacobian evaluations = 138
   Total RHS evals for setting up the linear system = 0
   Total Relaxation Fn evals    = 2570
   Total Relaxation Jac evals   = 3855
   Total Relaxation fails       = 0
   Total Relaxation bound fails = 0
   Total Relaxation NLS fails   = 0
   Total Relaxation NLS iters   = 0

