
Conserved Exponential Entropy problem:
   method     = DIRK
   reltol     = 1.0e-06
   abstol     = 1.0e-10
   relaxation = ON

 step   t              u              v              e              delta e
 -------------------------------------------------------------------------------
    0   0.000000e+00   1.000000e+00   5.000000e-01   4.367003e+00   0.000000e+00
   40   4.812198e-02   9.153901e-01   6.255389e-01   4.367002e+00  -4.768372e-07
   80   9.742664e-02   8.175043e-01   7.429665e-01   4.367002e+00  -4.768372e-07
  120   1.467312e-01   7.080668e-01   8.488424e-01   4.367003e+00   0.000000e+00
  160   1.960355e-01   5.871185e-01   9.432074e-01   4.367003e+00   4.768372e-07
  200   2.453399e-01   4.549595e-01   1.026362e+00   4.367003e+00   0.000000e+00
  240   2.946381e-01   3.121433e-01   1.098830e+00   4.367003e+00   4.768372e-07
  280   3.388678e-01   1.755151e-01   1.155353e+00   4.367003e+00   4.768372e-07
  320   3.715059e-01   6.991239e-02   1.192282e+00   4.367004e+00   1.430511e-06
  360   3.897068e-01   9.370831e-03   1.211223e+00   4.367005e+00   2.384186e-06
  400   3.941496e-01  -5.579816e-03   1.215675e+00   4.367005e+00   1.907349e-06
  440   4.043354e-01  -4.010539e-02   1.225631e+00   4.367005e+00   1.907349e-06
  480   4.251144e-01  -1.115810e-01   1.244899e+00   4.367003e+00   4.768372e-07
  520   4.567923e-01  -2.231021e-01   1.271717e+00   4.367004e+00   1.430511e-06
  560   5.022246e-01  -3.879798e-01   1.305241e+00   4.367005e+00   2.384186e-06
  600   5.645917e-01  -6.225967e-01   1.342984e+00   4.367006e+00   3.337860e-06
  640   6.486354e-01  -9.511401e-01   1.381460e+00   4.367008e+00   5.245209e-06
  680   7.648267e-01  -1.422711e+00   1.417296e+00   4.367010e+00   6.675720e-06
  720   9.349783e-01  -2.136396e+00   1.446668e+00   4.367012e+00   8.583069e-06
  760   1.227164e+00  -3.392684e+00   1.466352e+00   4.367016e+00   1.335144e-05
  800   2.304121e+00  -8.088121e+00   1.474013e+00   4.367029e+00   2.622604e-05
 -------------------------------------------------------------------------------

Final Solver Statistics:
   Internal solver steps = 809 (attempted = 816)
   Total number of error test failures = 3
   Total RHS evals:  Fe = 0,  Fi = 6131
   Total number of Newton iterations = 3689
   Total number of linear solver convergence failures = 102
   Total linear solver setups = 165
   Total number of Jacobian evaluations = 110
   Total RHS evals for setting up the linear system = 0
   Total Relaxation Fn evals    = 1638
   Total Relaxation Jac evals   = 2454
   Total Relaxation fails       = 4
   Total Relaxation bound fails = 4
   Total Relaxation NLS fails   = 0
   Total Relaxation NLS iters   = 6

