
Brusselator ODE test problem:
    initial conditions:  u0 = 1.2,  v0 = 3.1,  w0 = 3
    problem parameters:  a = 1,  b = 3.5,  ep = 5e-06
    reltol = 1.0e-06,  abstol = 1.0e-10

        t           u           v           w
   -------------------------------------------
    0.000000    1.200000    3.100000    3.000000
    1.000000    1.103872    3.013138    3.499980
    2.000000    0.687999    3.521384    3.499987
    3.000000    0.409462    4.277897    3.499993
    4.000000    0.367898    4.942000    3.499993
    5.000000    0.413861    5.510617    3.499993
    6.000000    0.589255    5.855654    3.499989
    7.000000    4.756496    0.735466    3.499917
    8.000000    1.813443    1.575776    3.499969
    9.000000    0.527882    2.807387    3.499991
   10.000000    0.305610    3.657368    3.499995
   -------------------------------------------

Final Solver Statistics:
   Internal solver steps = 162 (attempted = 187)
   Total RHS evals:  Fe = 0,  Fi = 1516
   Total linear solver setups = 148
   Total RHS evals for setting up the linear system = 0
   Total number of Jacobian evaluations = 84
   Total number of Newton iterations = 2475
   Total number of nonlinear solver convergence failures = 82
   Total number of error test failures = 10
   Total number of failed steps from solver failure = 15
