
Multirate nonlinear Kvaerno-Prothero-Robinson test problem:
    time domain:  (0,5]
    hs = 0.01
    hf = 0.0001
    G = -100
    w = 100
    e = 0.5
    solver: exp-3/exp-3 (standard MIS)

        t           u           v       uerr      verr
   ------------------------------------------------------
    0.000000    1.224745    1.732051  0.00e+00  0.00e+00
    0.100000    1.223720    1.077460  4.77e-06  4.05e-06
    0.200000    1.220675    1.551786  5.72e-06  1.38e-05
    0.300000    1.215599    1.467692  5.25e-06  4.58e-05
    0.400000    1.208522    1.154514  1.67e-06  6.87e-05
    0.500000    1.199492    1.721896  4.53e-06  1.18e-05
    0.600000    1.188561    1.023614  4.17e-06  9.69e-05
    0.700000    1.175763    1.622744  1.31e-06  4.89e-06
    0.800000    1.161190    1.374660  3.81e-06  2.56e-05
    0.900000    1.144901    1.245809  3.34e-06  4.79e-05
    1.000000    1.127012    1.691804  2.15e-06  3.76e-05
    1.100000    1.107609    1.000561  3.58e-07  7.09e-05
    1.200000    1.086816    1.677505  4.05e-06  4.39e-05
    1.300000    1.064773    1.277794  3.46e-06  1.41e-05
    1.400000    1.041622    1.342463  3.34e-06  1.28e-05
    1.500000    1.017535    1.642895  4.05e-06  5.11e-05
    1.600000    0.992677    1.012166  3.99e-06  5.76e-05
    1.700000    0.967250    1.713990  2.21e-06  6.50e-05
    1.800000    0.941493    1.183882  5.48e-06  4.89e-06
    1.900000    0.915620    1.437431  2.38e-06  2.34e-05
    2.000000    0.889902    1.577029  1.01e-06  6.10e-05
    2.100000    0.864621    1.056078  4.23e-06  3.85e-04
    2.200000    0.840090    1.731036  1.43e-06  1.16e-04
    2.300000    0.816614    1.100641  2.44e-06  4.06e-04
    2.400000    0.794543    1.525076  2.74e-06  2.00e-05
    2.500000    0.774226    1.496910  1.67e-06  7.32e-05
    2.600000    0.756011    1.126605  2.50e-06  2.61e-04
    2.700000    0.740243    1.727696  2.38e-06  1.61e-04
    2.799999    0.727245    1.037992  2.62e-06  3.90e-04
    2.899999    0.717300    1.600889  1.43e-06  1.15e-04
    2.999999    0.710635    1.406246  1.19e-06  1.11e-04
    3.099999    0.707414    1.215947  1.25e-06  1.56e-03
    3.199999    0.707714    1.704227  4.53e-06  2.12e-04
    3.299999    0.711528    1.006574  8.34e-06  2.19e-03
    3.399999    0.718748    1.661237  1.49e-06  1.13e-05
    3.499999    0.729229    1.311275  2.68e-06  1.22e-03
    3.599999    0.742707    1.310926  5.01e-06  8.02e-04
    3.699999    0.758911    1.661161  2.74e-06  4.54e-05
    3.799999    0.777504    1.006139  1.85e-06  1.74e-03
    3.899998    0.798138    1.703596  5.60e-06  4.42e-04
    3.999998    0.820473    1.215494  1.49e-06  1.17e-03
    4.099998    0.844135    1.406418  1.39e-05  5.84e-06
    4.199998    0.868821    1.600134  1.10e-05  6.01e-04
    4.299998    0.894195    1.040112  8.82e-06  1.70e-03
    4.399998    0.919948    1.726225  1.54e-05  1.32e-03
    4.499998    0.945830    1.128259  3.34e-06  1.44e-03
    4.599998    0.971539    1.496607  1.75e-05  4.35e-04
    4.699998    0.996890    1.524510  7.87e-06  4.94e-04
    4.799998    1.021632    1.102517  8.11e-06  1.43e-03
    4.899998    1.045572    1.729486  1.63e-05  1.43e-03
    4.999998    1.068560    1.058228  4.17e-06  1.80e-03
   ------------------------------------------------------

Final Solver Statistics:
   Steps: nsts = 500, nstf = 50308
   u error = 6.098e-06, v error = 7.676e-04, total error = 5.428e-04
   Total RHS evals:  Fs = 1500,  Ff = 150924
