
   Begin Kepler Problem

Problem Arguments:
  stepper:              0
  step mode:            0
  use tstop:            1
  use compensated sums: 0
  dt:                   0.01
  Tf:                   100
  nout:                 50

t = 0.0000, H(p,q) = -0.5000002384185791, L(p,q) = 0.7999999523162842
t = 2.0000, H(p,q)-H0 = 1.1920928955078125e-07, L(p,q)-L0 = -5.9604644775390625e-08
t = 4.0000, H(p,q)-H0 = 2.3841857910156250e-07, L(p,q)-L0 = -1.7881393432617188e-07
t = 6.0000, H(p,q)-H0 = 2.7418136596679688e-06, L(p,q)-L0 = 1.4901161193847656e-06
t = 8.0000, H(p,q)-H0 = 3.0398368835449219e-06, L(p,q)-L0 = 9.5367431640625000e-07
t = 10.0000, H(p,q)-H0 = 3.7252902984619141e-06, L(p,q)-L0 = 1.3709068298339844e-06
t = 12.0000, H(p,q)-H0 = 4.3511390686035156e-06, L(p,q)-L0 = 1.6689300537109375e-06
t = 14.0000, H(p,q)-H0 = 4.3511390686035156e-06, L(p,q)-L0 = 1.6689300537109375e-06
t = 16.0000, H(p,q)-H0 = 3.8444995880126953e-06, L(p,q)-L0 = 9.5367431640625000e-07
t = 18.0000, H(p,q)-H0 = 4.0531158447265625e-06, L(p,q)-L0 = 8.9406967163085938e-07
t = 20.0000, H(p,q)-H0 = 5.0663948059082031e-06, L(p,q)-L0 = 8.3446502685546875e-07
t = 22.0000, H(p,q)-H0 = 5.4836273193359375e-06, L(p,q)-L0 = 1.1324882507324219e-06
t = 24.0000, H(p,q)-H0 = 5.4240226745605469e-06, L(p,q)-L0 = 1.0728836059570312e-06
t = 26.0000, H(p,q)-H0 = 3.2782554626464844e-06, L(p,q)-L0 = 7.1525573730468750e-07
t = 28.0000, H(p,q)-H0 = 4.4107437133789062e-06, L(p,q)-L0 = 1.4901161193847656e-06
t = 30.0000, H(p,q)-H0 = 4.0233135223388672e-06, L(p,q)-L0 = 5.9604644775390625e-07
t = 32.0000, H(p,q)-H0 = 3.8743019104003906e-06, L(p,q)-L0 = 7.7486038208007812e-07
t = 34.0000, H(p,q)-H0 = 3.1292438507080078e-06, L(p,q)-L0 = 2.3841857910156250e-07
t = 36.0000, H(p,q)-H0 = 3.4272670745849609e-06, L(p,q)-L0 = 4.7683715820312500e-07
t = 38.0000, H(p,q)-H0 = 6.3180923461914062e-06, L(p,q)-L0 = 1.4305114746093750e-06
t = 40.0000, H(p,q)-H0 = 7.6293945312500000e-06, L(p,q)-L0 = 1.6689300537109375e-06
t = 42.0000, H(p,q)-H0 = 7.3909759521484375e-06, L(p,q)-L0 = 1.2516975402832031e-06
t = 44.0000, H(p,q)-H0 = 6.0796737670898438e-06, L(p,q)-L0 = 5.9604644775390625e-07
t = 46.0000, H(p,q)-H0 = 7.8082084655761719e-06, L(p,q)-L0 = 1.7881393432617188e-06
t = 48.0000, H(p,q)-H0 = 7.6591968536376953e-06, L(p,q)-L0 = 1.1324882507324219e-06
t = 50.0000, H(p,q)-H0 = 7.9870223999023438e-06, L(p,q)-L0 = 2.0265579223632812e-06
t = 52.0000, H(p,q)-H0 = 7.6293945312500000e-06, L(p,q)-L0 = 1.6689300537109375e-06
t = 54.0000, H(p,q)-H0 = 8.3148479461669922e-06, L(p,q)-L0 = 2.6822090148925781e-06
t = 56.0000, H(p,q)-H0 = 7.3313713073730469e-06, L(p,q)-L0 = 1.9073486328125000e-06
t = 58.0000, H(p,q)-H0 = 8.7618827819824219e-06, L(p,q)-L0 = 2.5033950805664062e-06
t = 60.0000, H(p,q)-H0 = 9.2983245849609375e-06, L(p,q)-L0 = 3.2782554626464844e-06
t = 62.0000, H(p,q)-H0 = 8.9406967163085938e-06, L(p,q)-L0 = 2.6226043701171875e-06
t = 64.0000, H(p,q)-H0 = 1.1473894119262695e-05, L(p,q)-L0 = 4.2319297790527344e-06
t = 66.0000, H(p,q)-H0 = 1.1742115020751953e-05, L(p,q)-L0 = 4.4107437133789062e-06
t = 68.0000, H(p,q)-H0 = 1.1980533599853516e-05, L(p,q)-L0 = 5.1856040954589844e-06
t = 70.0000, H(p,q)-H0 = 1.0430812835693359e-05, L(p,q)-L0 = 4.7683715820312500e-06
t = 72.0000, H(p,q)-H0 = 1.0520219802856445e-05, L(p,q)-L0 = 4.8875808715820312e-06
t = 74.0000, H(p,q)-H0 = 1.1116266250610352e-05, L(p,q)-L0 = 6.1392784118652344e-06
t = 76.0000, H(p,q)-H0 = 1.2755393981933594e-05, L(p,q)-L0 = 6.9141387939453125e-06
t = 78.0000, H(p,q)-H0 = 1.2993812561035156e-05, L(p,q)-L0 = 6.8545341491699219e-06
t = 80.0000, H(p,q)-H0 = 1.2099742889404297e-05, L(p,q)-L0 = 5.2452087402343750e-06
t = 82.0000, H(p,q)-H0 = 8.9406967163085938e-06, L(p,q)-L0 = 3.7550926208496094e-06
t = 84.0000, H(p,q)-H0 = 7.9870223999023438e-06, L(p,q)-L0 = 3.1590461730957031e-06
t = 86.0000, H(p,q)-H0 = 7.8976154327392578e-06, L(p,q)-L0 = 3.0994415283203125e-06
t = 88.0000, H(p,q)-H0 = 8.7022781372070312e-06, L(p,q)-L0 = 3.8743019104003906e-06
t = 90.0000, H(p,q)-H0 = 8.4042549133300781e-06, L(p,q)-L0 = 3.2782554626464844e-06
t = 92.0000, H(p,q)-H0 = 8.5234642028808594e-06, L(p,q)-L0 = 3.2186508178710938e-06
t = 94.0000, H(p,q)-H0 = 8.9406967163085938e-06, L(p,q)-L0 = 2.9802322387695312e-06
t = 96.0000, H(p,q)-H0 = 6.7055225372314453e-06, L(p,q)-L0 = 2.0265579223632812e-06
t = 98.0000, H(p,q)-H0 = 6.2584877014160156e-06, L(p,q)-L0 = 1.5497207641601562e-06
t = 100.0000, H(p,q)-H0 = 6.1392784118652344e-06, L(p,q)-L0 = 1.9073486328125000e-06
Current time                 = 100
Steps                        = 10000
Step attempts                = 10000
Stability limited steps      = 0
Accuracy limited steps       = 0
Error test fails             = 0
NLS step fails               = 0
Inequality constraint fails  = 0
Initial step size            = 0.009999999776482582
Last step size               = 0.009574885480105877
Current step size            = 0.009999999776482582
f1 RHS fn evals              = 40000
f2 RHS fn evals              = 40000
