
Multirate nonlinear Kvaerno-Prothero-Robinson test problem:
    time domain:  (0,5]
    hs = 0.002
    hf = 2e-05
    G = -100
    w = 100
    e = 0.5
    solver: dirk-2/none (dirk slow, no fast)
    reltol = 4.00e-06,  abstol = 1.00e-11
        t           u           v       uerr      verr
   ------------------------------------------------------
    0.000000    1.224745    1.732051  0.00e+00  0.00e+00
    0.100000    1.223713    1.079346  1.18e-05  1.88e-03
    0.200000    1.220671    1.551946  2.15e-06  1.46e-04
    0.300000    1.215575    1.468075  1.91e-05  3.38e-04
    0.400000    1.208545    1.155988  2.12e-05  1.41e-03
    0.500000    1.199437    1.721586  5.90e-05  3.22e-04
    0.600000    1.188600    1.026457  4.28e-05  2.94e-03
    0.700000    1.175706    1.622547  5.82e-05  2.02e-04
    0.800000    1.161221    1.375258  3.43e-05  6.23e-04
    0.900000    1.144861    1.246934  4.32e-05  1.17e-03
    1.000000    1.127032    1.691148  2.23e-05  6.93e-04
    1.100000    1.107582    1.003300  2.74e-05  2.81e-03
    1.200000    1.086784    1.676800  3.62e-05  7.49e-04
    1.300000    1.064815    1.278638  3.85e-05  8.58e-04
    1.400000    1.041603    1.342932  2.26e-05  4.82e-04
    1.500000    1.017544    1.642897  1.36e-05  4.92e-05
    1.600000    0.992724    1.020339  5.05e-05  8.23e-03
    1.700000    0.967272    1.712385  1.93e-05  1.67e-03
    1.800000    0.941532    1.189037  4.49e-05  5.16e-03
    1.900000    0.915627    1.438382  9.78e-06  9.27e-04
    2.000000    0.889937    1.576550  3.46e-05  5.41e-04
    2.100000    0.864677    1.062636  5.21e-05  6.17e-03
    2.200000    0.840092    1.728004  3.46e-06  2.92e-03
    2.300000    0.816663    1.106484  4.65e-05  5.44e-03
    2.400000    0.794578    1.524117  3.22e-05  9.39e-04
    2.500000    0.774280    1.496819  5.22e-05  1.64e-04
    2.600000    0.756020    1.131069  6.68e-06  4.20e-03
    2.700000    0.740273    1.724154  2.69e-05  3.38e-03
    2.799999    0.727288    1.044435  4.06e-05  6.05e-03
    2.899999    0.717306    1.598443  4.77e-06  2.33e-03
    2.999999    0.710650    1.406891  1.42e-05  5.33e-04
    3.099999    0.707412    1.216894  1.19e-07  2.51e-03
    3.199999    0.707730    1.700424  2.03e-05  3.59e-03
    3.299999    0.711544    1.017282  2.40e-05  1.29e-02
    3.399999    0.718732    1.657402  1.69e-05  3.85e-03
    3.499999    0.729271    1.314958  4.40e-05  4.90e-03
    3.599999    0.742673    1.313463  3.86e-05  3.34e-03
    3.699999    0.758909    1.657309  4.35e-06  3.90e-03
    3.799999    0.777483    1.015892  2.29e-05  1.15e-02
    3.899998    0.798076    1.698240  6.81e-05  5.80e-03
    3.999998    0.820458    1.220468  1.57e-05  6.15e-03
    4.099998    0.844104    1.406474  4.49e-05  6.13e-05
    4.199998    0.868772    1.597293  5.95e-05  3.44e-03
    4.299998    0.894189    1.047705  1.43e-05  9.29e-03
    4.399998    0.919909    1.720596  5.47e-05  6.95e-03
    4.499998    0.945823    1.134404  1.03e-05  7.59e-03
    4.599998    0.971495    1.494630  6.22e-05  2.41e-03
    4.699998    0.996846    1.523032  5.14e-05  1.97e-03
    4.799998    1.021592    1.108005  4.84e-05  6.91e-03
    4.899998    1.045511    1.718017  7.71e-05  1.29e-02
    4.999998    1.068552    1.066670  1.19e-05  1.02e-02
   ------------------------------------------------------

Final Solver Statistics:
   Steps: nsts = 2500, nstf = 247194
   u error = 3.712e-05, v error = 5.020e-03, total error = 3.550e-03
   Total RHS evals:  Fs = 7135,  Ff = 741582
   Slow Newton iters = 4635
   Slow Newton conv fails = 0
   Slow Jacobian evals = 125
