
Multirate nonlinear Kvaerno-Prothero-Robinson test problem:
    time domain:  (0,5]
    hs = 0.001
    hf = 1e-05
    G = -100
    w = 100
    e = 0.5
    slow solver: ARKODE_MERK54
    fast solver: ARKODE_DORMAND_PRINCE_7_4_5
        t           u           v       uerr      verr
   ------------------------------------------------------
    0.000000    1.224745    1.732051  0.00e+00  0.00e+00
    0.100000    1.223701    1.077488  2.40e-05  2.38e-05
    0.200000    1.220679    1.551816  9.54e-06  1.67e-05
    0.300000    1.215555    1.468080  3.84e-05  3.42e-04
    0.400000    1.208502    1.155312  2.19e-05  7.29e-04
    0.500000    1.199507    1.721835  1.11e-05  7.24e-05
    0.600000    1.188515    1.024345  4.17e-05  8.27e-04
    0.700000    1.175770    1.622742  6.44e-06  7.03e-06
    0.800000    1.161160    1.371919  2.59e-05  2.72e-03
    0.900000    1.144919    1.244956  1.47e-05  8.04e-04
    1.000000    1.126964    1.686550  4.58e-05  5.29e-03
    1.100000    1.107581    1.002413  2.85e-05  1.92e-03
    1.200000    1.086789    1.672971  3.10e-05  4.58e-03
    1.300000    1.064756    1.277094  2.09e-05  6.86e-04
    1.400000    1.041581    1.341650  4.40e-05  8.00e-04
    1.500000    1.017500    1.638952  3.06e-05  3.99e-03
    1.600000    0.992737    1.021892  6.41e-05  9.78e-03
    1.700000    0.967263    1.709590  1.03e-05  4.46e-03
    1.800000    0.941548    1.189339  6.04e-05  5.46e-03
    1.900000    0.915652    1.438490  3.47e-05  1.04e-03
    2.000000    0.889920    1.574426  1.72e-05  2.66e-03
    2.100000    0.864686    1.064620  6.09e-05  8.16e-03
    2.200000    0.840087    1.725317  2.09e-06  5.60e-03
    2.300000    0.816666    1.107545  4.94e-05  6.50e-03
    2.400000    0.794557    1.523672  1.08e-05  1.38e-03
    2.500000    0.774272    1.495170  4.49e-05  1.81e-03
    2.600000    0.756074    1.136987  6.08e-05  1.01e-02
    2.700000    0.740250    1.718958  4.05e-06  8.58e-03
    2.799999    0.727312    1.050071  6.41e-05  1.17e-02
    2.899999    0.717291    1.596226  1.02e-05  4.55e-03
    2.999999    0.710663    1.406509  2.66e-05  1.51e-04
    3.099999    0.707435    1.221281  2.26e-05  6.90e-03
    3.199999    0.707680    1.695417  2.91e-05  8.60e-03
    3.299999    0.711555    1.017353  3.53e-05  1.30e-02
    3.399999    0.718667    1.648790  8.24e-05  1.25e-02
    3.499999    0.729208    1.310601  1.88e-05  5.44e-04
    3.599999    0.742660    1.312406  5.17e-05  2.28e-03
    3.699999    0.758836    1.648415  7.73e-05  1.28e-02
    3.799999    0.777502    1.018518  4.29e-06  1.41e-02
    3.899998    0.798030    1.690534  1.14e-04  1.35e-02
    3.999998    0.820456    1.219400  1.78e-05  5.08e-03
    4.099998    0.844040    1.408747  1.09e-04  2.33e-03
    4.199998    0.868734    1.591414  9.82e-05  9.32e-03
    4.299998    0.894164    1.058238  3.97e-05  1.98e-02
    4.399998    0.919818    1.712486  1.46e-04  1.51e-02
    4.499998    0.945808    1.140525  2.53e-05  1.37e-02
    4.599998    0.971424    1.494066  1.33e-04  2.98e-03
    4.699998    0.996812    1.518547  8.59e-05  6.46e-03
    4.799998    1.021599    1.117480  4.08e-05  1.64e-02
    4.899998    1.045432    1.714879  1.57e-04  1.60e-02
    4.999998    1.068524    1.075437  4.04e-05  1.90e-02
   ------------------------------------------------------

Final Solver Statistics:
   Steps: nsts = 5001, nstf = 1476274
   u error = 5.804e-05, v error = 8.450e-03, total error = 5.976e-03
   Total RHS evals:  Fs = 50061,  Ff = 8882750
