
Conserved Exponential Entropy problem:
   method     = ERK
   reltol     = 1.0e-06
   abstol     = 1.0e-10
   relaxation = ON

 step   t              u              v              e              delta e
 -------------------------------------------------------------------------------
    0   0.000000e+00   1.000000e+00   5.000000e-01   4.367003e+00   0.000000e+00
   40   1.120111e+00  -2.929757e+00   1.461771e+00   4.367003e+00   0.000000e+00
 -------------------------------------------------------------------------------

Final Solver Statistics:
   Internal solver steps = 54 (attempted = 55)
   Total number of error test failures = 1
   Total RHS evals:  Fe = 275,  Fi = 0
   Total Relaxation Fn evals    = 110
   Total Relaxation Jac evals   = 275
   Total Relaxation fails       = 0
   Total Relaxation bound fails = 0
   Total Relaxation NLS fails   = 0
   Total Relaxation NLS iters   = 0

