
   Begin Kepler Problem

Problem Arguments:
  stepper:              1
  step mode:            0
  use tstop:            1
  use compensated sums: 0
  dt:                   0.01
  Tf:                   100
  nout:                 50

t = 0.0000, H(p,q) = -0.5000002384185791, L(p,q) = 0.7999999523162842
t = 2.0000, H(p,q)-H0 = 0.0000000000000000, L(p,q)-L0 = -0.0000003576278687
ROOT RETURN:	  g[0] =  -1, y[0] = -1.6, y[1] = -9.40647e-06, num. orbits is now 0.50
t = 3.1416, H(p,q)-H0 = -0.0000005960464478, L(p,q)-L0 = -0.0000011920928955
t = 4.0000, H(p,q)-H0 = 0.0000001192092896, L(p,q)-L0 = -0.0000001192092896
t = 6.0000, H(p,q)-H0 = -0.0000029802322388, L(p,q)-L0 = -0.0000023841857910
ROOT RETURN:	  g[0] =   1, y[0] = 0.399997, y[1] = 0.000135064, num. orbits is now 1.00
t = 6.2833, H(p,q)-H0 = -0.0000028610229492, L(p,q)-L0 = -0.0000024437904358
t = 8.0000, H(p,q)-H0 = -0.0000014901161194, L(p,q)-L0 = -0.0000016689300537
ROOT RETURN:	  g[0] =  -1, y[0] = -1.59999, y[1] = -2.79328e-05, num. orbits is now 1.50
t = 9.4249, H(p,q)-H0 = -0.0000017285346985, L(p,q)-L0 = -0.0000020265579224
t = 10.0000, H(p,q)-H0 = -0.0000014305114746, L(p,q)-L0 = -0.0000014901161194
t = 12.0000, H(p,q)-H0 = -0.0000016689300537, L(p,q)-L0 = -0.0000008344650269
ROOT RETURN:	  g[0] =   1, y[0] = 0.399999, y[1] = 0.00015015, num. orbits is now 2.00
t = 12.5666, H(p,q)-H0 = 0.0000000000000000, L(p,q)-L0 = -0.0000003576278687
t = 14.0000, H(p,q)-H0 = 0.0000000596046448, L(p,q)-L0 = -0.0000003576278687
ROOT RETURN:	  g[0] =  -1, y[0] = -1.6, y[1] = -9.33583e-05, num. orbits is now 2.50
t = 15.7084, H(p,q)-H0 = -0.0000002384185791, L(p,q)-L0 = -0.0000012516975403
t = 16.0000, H(p,q)-H0 = -0.0000002384185791, L(p,q)-L0 = -0.0000014305114746
t = 18.0000, H(p,q)-H0 = 0.0000000596046448, L(p,q)-L0 = -0.0000011920928955
ROOT RETURN:	  g[0] =   1, y[0] = 0.399999, y[1] = 0.000350317, num. orbits is now 3.00
t = 18.8500, H(p,q)-H0 = 0.0000019073486328, L(p,q)-L0 = -0.0000001192092896
t = 20.0000, H(p,q)-H0 = 0.0000009834766388, L(p,q)-L0 = -0.0000008344650269
ROOT RETURN:	  g[0] =  -1, y[0] = -1.60001, y[1] = -4.08421e-07, num. orbits is now 3.50
t = 21.9915, H(p,q)-H0 = 0.0000012218952179, L(p,q)-L0 = -0.0000008344650269
t = 22.0000, H(p,q)-H0 = 0.0000012218952179, L(p,q)-L0 = -0.0000008344650269
t = 24.0000, H(p,q)-H0 = 0.0000009238719940, L(p,q)-L0 = -0.0000010132789612
ROOT RETURN:	  g[0] =   1, y[0] = 0.399998, y[1] = 1.62947e-06, num. orbits is now 4.00
t = 25.1332, H(p,q)-H0 = 0.0000021457672119, L(p,q)-L0 = -0.0000007748603821
t = 26.0000, H(p,q)-H0 = 0.0000022649765015, L(p,q)-L0 = -0.0000004768371582
t = 28.0000, H(p,q)-H0 = 0.0000033378601074, L(p,q)-L0 = -0.0000000596046448
ROOT RETURN:	  g[0] =  -1, y[0] = -1.60001, y[1] = -8.37425e-05, num. orbits is now 4.50
t = 28.2750, H(p,q)-H0 = 0.0000034570693970, L(p,q)-L0 = 0.0000001192092896
t = 30.0000, H(p,q)-H0 = 0.0000030398368835, L(p,q)-L0 = -0.0000002980232239
ROOT RETURN:	  g[0] =   1, y[0] = 0.399999, y[1] = 0.000689519, num. orbits is now 5.00
t = 31.4169, H(p,q)-H0 = 0.0000028610229492, L(p,q)-L0 = 0.0000004172325134
t = 32.0000, H(p,q)-H0 = 0.0000039339065552, L(p,q)-L0 = 0.0000008344650269
t = 34.0000, H(p,q)-H0 = 0.0000052154064178, L(p,q)-L0 = 0.0000023841857910
ROOT RETURN:	  g[0] =  -1, y[0] = -1.60002, y[1] = -1.22236e-07, num. orbits is now 5.50
t = 34.5581, H(p,q)-H0 = 0.0000051856040955, L(p,q)-L0 = 0.0000022649765015
t = 36.0000, H(p,q)-H0 = 0.0000056624412537, L(p,q)-L0 = 0.0000026226043701
ROOT RETURN:	  g[0] =   1, y[0] = 0.400003, y[1] = 0.000257328, num. orbits is now 6.00
t = 37.6997, H(p,q)-H0 = 0.0000053644180298, L(p,q)-L0 = 0.0000030398368835
t = 38.0000, H(p,q)-H0 = 0.0000035762786865, L(p,q)-L0 = 0.0000025629997253
t = 40.0000, H(p,q)-H0 = 0.0000023245811462, L(p,q)-L0 = 0.0000013113021851
ROOT RETURN:	  g[0] =  -1, y[0] = -1.60001, y[1] = -1.38214e-06, num. orbits is now 6.50
t = 40.8413, H(p,q)-H0 = 0.0000019669532776, L(p,q)-L0 = 0.0000007748603821
t = 42.0000, H(p,q)-H0 = 0.0000017881393433, L(p,q)-L0 = 0.0000003576278687
ROOT RETURN:	  g[0] =   1, y[0] = 0.4, y[1] = 2.46591e-06, num. orbits is now 7.00
t = 43.9828, H(p,q)-H0 = 0.0000019073486328, L(p,q)-L0 = 0.0000002980232239
t = 44.0000, H(p,q)-H0 = 0.0000025033950806, L(p,q)-L0 = 0.0000004172325134
t = 46.0000, H(p,q)-H0 = 0.0000036060810089, L(p,q)-L0 = 0.0000004172325134
ROOT RETURN:	  g[0] =  -1, y[0] = -1.60001, y[1] = -1.1751e-06, num. orbits is now 7.50
t = 47.1245, H(p,q)-H0 = 0.0000036954879761, L(p,q)-L0 = 0.0000009536743164
t = 48.0000, H(p,q)-H0 = 0.0000039637088776, L(p,q)-L0 = 0.0000011920928955
t = 50.0000, H(p,q)-H0 = 0.0000033378601074, L(p,q)-L0 = 0.0000009536743164
ROOT RETURN:	  g[0] =   1, y[0] = 0.4, y[1] = 0.000730514, num. orbits is now 8.00
t = 50.2667, H(p,q)-H0 = 0.0000033378601074, L(p,q)-L0 = 0.0000011324882507
t = 52.0000, H(p,q)-H0 = 0.0000008344650269, L(p,q)-L0 = 0.0000000000000000
ROOT RETURN:	  g[0] =  -1, y[0] = -1.6, y[1] = -0.000157623, num. orbits is now 8.50
t = 53.4080, H(p,q)-H0 = 0.0000012516975403, L(p,q)-L0 = 0.0000002384185791
t = 54.0000, H(p,q)-H0 = 0.0000015795230865, L(p,q)-L0 = 0.0000007152557373
t = 56.0000, H(p,q)-H0 = 0.0000012516975403, L(p,q)-L0 = -0.0000002980232239
ROOT RETURN:	  g[0] =   1, y[0] = 0.399999, y[1] = 8.3237e-08, num. orbits is now 9.00
t = 56.5495, H(p,q)-H0 = 0.0000014305114746, L(p,q)-L0 = -0.0000002980232239
t = 58.0000, H(p,q)-H0 = 0.0000027418136597, L(p,q)-L0 = 0.0000006556510925
ROOT RETURN:	  g[0] =  -1, y[0] = -1.60001, y[1] = -6.3132e-07, num. orbits is now 9.50
t = 59.6909, H(p,q)-H0 = 0.0000016689300537, L(p,q)-L0 = -0.0000003576278687
t = 60.0000, H(p,q)-H0 = 0.0000015497207642, L(p,q)-L0 = -0.0000003576278687
t = 62.0000, H(p,q)-H0 = 0.0000014901161194, L(p,q)-L0 = -0.0000002384185791
ROOT RETURN:	  g[0] =   1, y[0] = 0.399999, y[1] = 3.20724e-06, num. orbits is now 10.00
t = 62.8326, H(p,q)-H0 = 0.0000026226043701, L(p,q)-L0 = 0.0000000000000000
t = 64.0000, H(p,q)-H0 = 0.0000034272670746, L(p,q)-L0 = 0.0000001192092896
ROOT RETURN:	  g[0] =  -1, y[0] = -1.60001, y[1] = -0.000280373, num. orbits is now 10.50
t = 65.9754, H(p,q)-H0 = 0.0000037252902985, L(p,q)-L0 = 0.0000007152557373
t = 66.0000, H(p,q)-H0 = 0.0000037252902985, L(p,q)-L0 = 0.0000006556510925
t = 68.0000, H(p,q)-H0 = 0.0000042021274567, L(p,q)-L0 = 0.0000013113021851
ROOT RETURN:	  g[0] =   1, y[0] = 0.400001, y[1] = 1.21468e-06, num. orbits is now 11.00
t = 69.1171, H(p,q)-H0 = 0.0000038146972656, L(p,q)-L0 = 0.0000017881393433
t = 70.0000, H(p,q)-H0 = 0.0000037550926208, L(p,q)-L0 = 0.0000017285346985
t = 72.0000, H(p,q)-H0 = 0.0000042915344238, L(p,q)-L0 = 0.0000019073486328
ROOT RETURN:	  g[0] =  -1, y[0] = -1.60001, y[1] = -0.000330385, num. orbits is now 11.50
t = 72.2601, H(p,q)-H0 = 0.0000042021274567, L(p,q)-L0 = 0.0000018477439880
t = 74.0000, H(p,q)-H0 = 0.0000045299530029, L(p,q)-L0 = 0.0000017285346985
ROOT RETURN:	  g[0] =   1, y[0] = 0.400001, y[1] = 1.54876e-06, num. orbits is now 12.00
t = 75.4017, H(p,q)-H0 = 0.0000064373016357, L(p,q)-L0 = 0.0000023245811462
t = 76.0000, H(p,q)-H0 = 0.0000060796737671, L(p,q)-L0 = 0.0000022053718567
t = 78.0000, H(p,q)-H0 = 0.0000066757202148, L(p,q)-L0 = 0.0000027418136597
ROOT RETURN:	  g[0] =  -1, y[0] = -1.60002, y[1] = -0.000303015, num. orbits is now 12.50
t = 78.5446, H(p,q)-H0 = 0.0000070631504059, L(p,q)-L0 = 0.0000031590461731
t = 80.0000, H(p,q)-H0 = 0.0000067353248596, L(p,q)-L0 = 0.0000030994415283
ROOT RETURN:	  g[0] =   1, y[0] = 0.400002, y[1] = 2.42656e-06, num. orbits is now 13.00
t = 81.6864, H(p,q)-H0 = 0.0000066757202148, L(p,q)-L0 = 0.0000025033950806
t = 82.0000, H(p,q)-H0 = 0.0000070333480835, L(p,q)-L0 = 0.0000026822090149
t = 84.0000, H(p,q)-H0 = 0.0000061988830566, L(p,q)-L0 = 0.0000016689300537
ROOT RETURN:	  g[0] =  -1, y[0] = -1.60002, y[1] = -4.14497e-07, num. orbits is now 13.50
t = 84.8287, H(p,q)-H0 = 0.0000066161155701, L(p,q)-L0 = 0.0000020861625671
t = 86.0000, H(p,q)-H0 = 0.0000070929527283, L(p,q)-L0 = 0.0000028610229492
ROOT RETURN:	  g[0] =   1, y[0] = 0.399998, y[1] = 0.00188661, num. orbits is now 14.00
t = 87.9719, H(p,q)-H0 = 0.0000052452087402, L(p,q)-L0 = 0.0000016093254089
t = 88.0000, H(p,q)-H0 = 0.0000053644180298, L(p,q)-L0 = 0.0000015497207642
t = 90.0000, H(p,q)-H0 = 0.0000043809413910, L(p,q)-L0 = 0.0000014305114746
ROOT RETURN:	  g[0] =  -1, y[0] = -1.60001, y[1] = -0.000344851, num. orbits is now 14.50
t = 91.1140, H(p,q)-H0 = 0.0000038444995880, L(p,q)-L0 = 0.0000009536743164
t = 92.0000, H(p,q)-H0 = 0.0000040233135223, L(p,q)-L0 = 0.0000012516975403
t = 94.0000, H(p,q)-H0 = 0.0000027418136597, L(p,q)-L0 = 0.0000004768371582
ROOT RETURN:	  g[0] =   1, y[0] = 0.399999, y[1] = 0.00112122, num. orbits is now 15.00
t = 94.2561, H(p,q)-H0 = 0.0000035762786865, L(p,q)-L0 = 0.0000006556510925
t = 96.0000, H(p,q)-H0 = 0.0000034868717194, L(p,q)-L0 = 0.0000004768371582
ROOT RETURN:	  g[0] =  -1, y[0] = -1.60001, y[1] = -1.15449e-06, num. orbits is now 15.50
t = 97.3979, H(p,q)-H0 = 0.0000042021274567, L(p,q)-L0 = 0.0000014901161194
t = 98.0000, H(p,q)-H0 = 0.0000044107437134, L(p,q)-L0 = 0.0000019073486328
t = 100.0000, H(p,q)-H0 = 0.0000034570693970, L(p,q)-L0 = 0.0000008940696716
Current time                 = 100
Steps                        = 10000
Step attempts                = 10000
Stability limited steps      = 0
Accuracy limited steps       = 0
Error test fails             = 0
NLS step fails               = 0
Inequality constraint fails  = 0
Initial step size            = 0.009999999776482582
Last step size               = 0.009574885480105877
Current step size            = 0.009574885480105877
Root fn evals                = 10134
Explicit RHS fn evals        = 60001
Implicit RHS fn evals        = 0
NLS iters                    = 0
NLS fails                    = 0
NLS iters per step           = 0
LS setups                    = 0
