
Multirate nonlinear Kvaerno-Prothero-Robinson test problem:
    time domain:  (0,5]
    hs = 0.001
    hf = 1e-05
    G = -100
    w = 100
    e = 0.5
    slow solver: ARKODE_MERK32
    fast solver: erk-3-3
        t           u           v       uerr      verr
   ------------------------------------------------------
    0.000000    1.224745    1.732051  0.00e+00  0.00e+00
    0.100000    1.223708    1.077480  1.69e-05  1.66e-05
    0.200000    1.220680    1.551824  1.07e-05  2.40e-05
    0.300000    1.215558    1.468077  3.56e-05  3.39e-04
    0.400000    1.208498    1.155304  2.57e-05  7.21e-04
    0.500000    1.199511    1.721821  1.43e-05  8.63e-05
    0.600000    1.188515    1.024338  4.20e-05  8.20e-04
    0.700000    1.175767    1.622745  2.74e-06  3.81e-06
    0.800000    1.161162    1.371913  2.47e-05  2.72e-03
    0.900000    1.144922    1.244950  1.81e-05  8.11e-04
    1.000000    1.126971    1.686542  3.86e-05  5.30e-03
    1.100000    1.107582    1.002408  2.73e-05  1.92e-03
    1.200000    1.086812    1.672969  8.82e-06  4.58e-03
    1.300000    1.064767    1.277095  9.42e-06  6.85e-04
    1.400000    1.041590    1.341660  3.56e-05  7.90e-04
    1.500000    1.017504    1.638953  2.68e-05  3.99e-03
    1.600000    0.992740    1.021892  6.72e-05  9.78e-03
    1.700000    0.967303    1.709602  5.05e-05  4.45e-03
    1.800000    0.941585    1.189354  9.78e-05  5.48e-03
    1.900000    0.915675    1.438494  5.75e-05  1.04e-03
    2.000000    0.889957    1.574445  5.43e-05  2.65e-03
    2.100000    0.864703    1.064638  7.77e-05  8.17e-03
    2.200000    0.840127    1.725341  3.80e-05  5.58e-03
    2.300000    0.816701    1.107562  8.53e-05  6.52e-03
    2.400000    0.794579    1.523696  3.29e-05  1.36e-03
    2.500000    0.774301    1.495191  7.35e-05  1.79e-03
    2.600000    0.756082    1.137005  6.87e-05  1.01e-02
    2.700000    0.740274    1.718970  2.80e-05  8.56e-03
    2.799999    0.727317    1.050053  6.91e-05  1.17e-02
    2.899999    0.717297    1.596283  3.87e-06  4.49e-03
    2.999999    0.710701    1.406464  6.47e-05  1.07e-04
    3.099999    0.707418    1.221368  5.60e-06  6.98e-03
    3.199999    0.707703    1.695417  6.68e-06  8.60e-03
    3.299999    0.711522    1.017334  2.26e-06  1.29e-02
    3.399999    0.718653    1.648873  9.60e-05  1.24e-02
    3.499999    0.729213    1.310483  1.35e-05  4.26e-04
    3.599999    0.742618    1.312540  9.34e-05  2.42e-03
    3.699999    0.758831    1.648367  8.21e-05  1.28e-02
    3.799999    0.777449    1.018528  5.75e-05  1.41e-02
    3.899998    0.798005    1.690597  1.39e-04  1.34e-02
    3.999998    0.820415    1.219269  5.87e-05  4.95e-03
    4.099998    0.843989    1.408907  1.60e-04  2.50e-03
    4.199998    0.868706    1.591308  1.25e-04  9.43e-03
    4.299998    0.894095    1.058299  1.09e-04  1.99e-02
    4.399998    0.919798    1.712515  1.65e-04  1.50e-02
    4.499998    0.945769    1.140407  6.46e-05  1.36e-02
    4.599998    0.971376    1.494174  1.81e-04  2.87e-03
    4.699998    0.996788    1.518439  1.10e-04  6.56e-03
    4.799998    1.021541    1.117542  9.88e-05  1.65e-02
    4.899998    1.045411    1.714858  1.77e-04  1.61e-02
    4.999998    1.068490    1.075354  7.43e-05  1.89e-02
   ------------------------------------------------------

Final Solver Statistics:
   Steps: nsts = 5001, nstf = 1044943
   u error = 7.684e-05, v error = 8.449e-03, total error = 5.974e-03
   Total RHS evals:  Fs = 15004,  Ff = 3139831
