
Nonlinear Kvaerno-Prothero-Robinson test problem with mass matrix:
    time domain:  (-3,7]
    Fixed mass matrix
    ARK solver, order = 4
    Newton nonlinear solver
    Adaptive run with reltol = 1e-05, abstol = 1e-11
    G = -10
    g = 10
    e = 0.5

        t           u           v       uerr      verr
   ------------------------------------------------------
   -3.000000    0.710636    1.363407  0.00e+00  0.00e+00
   -2.900000    0.717302    1.326934  5.96e-07  1.19e-06
   -2.800000    0.727257    1.290354  9.18e-06  1.19e-07
   -2.700000    0.740256    1.254043  1.06e-05  8.34e-07
   -2.600000    0.756025    1.218400  1.23e-05  0.00e+00
   -2.500000    0.774237    1.183862  9.54e-06  5.96e-07
   -2.400001    0.794556    1.150886  1.04e-05  1.19e-07
   -2.300001    0.816623    1.119954  6.79e-06  4.77e-07
   -2.200001    0.840096    1.091561  7.27e-06  4.77e-07
   -2.100001    0.864629    1.066205  4.05e-06  1.31e-06
   -2.000001    0.889906    1.044368  3.93e-06  7.15e-07
   -1.900001    0.915618    1.026502  1.31e-06  2.50e-06
   -1.800001    0.941488    1.012993  1.07e-06  5.96e-07
   -1.700001    0.967246    1.004175  6.91e-06  1.61e-05
   -1.600001    0.992655    1.000235  1.76e-05  2.23e-05
   -1.500001    1.017516    1.001253  1.42e-05  1.43e-06
   -1.400001    1.041607    1.007264  1.79e-05  1.53e-05
   -1.300001    1.064741    1.018077  3.54e-05  1.91e-05
   -1.200001    1.086791    1.033424  2.98e-05  2.62e-06
   -1.100001    1.107581    1.053000  2.75e-05  7.75e-06
   -1.000001    1.126962    1.076359  4.74e-05  9.18e-06
   -0.900001    1.144865    1.103032  3.84e-05  3.46e-06
   -0.800001    1.161152    1.132540  3.39e-05  1.43e-06
   -0.700001    1.175709    1.164383  5.47e-05  2.26e-06
   -0.600001    1.188515    1.198068  4.18e-05  3.81e-06
   -0.500001    1.199459    1.233114  3.74e-05  1.43e-06
   -0.400001    1.208466    1.269087  5.81e-05  1.19e-07
   -0.300001    1.215552    1.305561  4.20e-05  3.58e-06
   -0.200001    1.220630    1.342134  3.92e-05  1.91e-06
   -0.100001    1.223666    1.378465  5.91e-05  3.58e-07
   -0.000001    1.224704    1.414216  4.09e-05  2.86e-06
    0.099999    1.223685    1.449078  3.93e-05  1.67e-06
    0.199999    1.220612    1.482791  5.76e-05  4.77e-07
    0.299999    1.215556    1.515100  3.79e-05  2.26e-06
    0.399999    1.208486    1.545773  3.84e-05  1.43e-06
    0.499999    1.199442    1.574620  5.41e-05  8.34e-07
    0.599999    1.188523    1.601452  3.43e-05  1.55e-06
    0.699999    1.175728    1.626103  3.60e-05  1.55e-06
    0.799999    1.161137    1.648441  4.90e-05  5.96e-07
    0.899999    1.144874    1.668331  2.96e-05  9.54e-07
    0.999999    1.126978    1.685665  3.19e-05  1.55e-06
    1.099999    1.107568    1.700355  4.14e-05  3.58e-07
    1.199999    1.086797    1.712320  2.42e-05  3.58e-07
    1.299999    1.064750    1.721497  2.65e-05  1.91e-06
    1.399999    1.041594    1.727845  3.16e-05  1.19e-07
    1.500000    1.017513    1.731327  1.76e-05  3.58e-07
    1.600000    0.992655    1.731925  1.85e-05  2.74e-06
    1.700000    0.967234    1.729642  1.90e-05  5.96e-07
    1.800000    0.941478    1.724484  9.95e-06  7.15e-07
    1.900000    0.915610    1.716476  7.57e-06  3.22e-06
    2.000000    0.889899    1.705665  3.46e-06  1.43e-06
    2.100000    0.864625    1.692101  5.96e-08  1.43e-06
    2.200000    0.840097    1.675853  8.40e-06  4.41e-06
    2.299999    0.816633    1.657015  1.63e-05  2.38e-06
    2.399999    0.794571    1.635679  2.53e-05  5.13e-06
    2.499999    0.774341    1.611956  1.13e-04  2.19e-05
    2.599999    0.756225    1.586003  2.12e-04  3.06e-05
    2.699999    0.740489    1.557983  2.43e-04  2.26e-05
    2.799999    0.727397    1.528058  1.50e-04  9.54e-06
    2.899999    0.717424    1.496399  1.23e-04  1.37e-05
    2.999999    0.710818    1.463238  1.82e-04  1.92e-05
    3.099999    0.707591    1.428827  1.78e-04  1.28e-05
    3.199999    0.707802    1.393415  9.24e-05  8.11e-06
    3.299999    0.711626    1.357285  1.07e-04  1.22e-05
    3.399998    0.718859    1.320772  1.10e-04  8.46e-06
    3.499998    0.729286    1.284212  5.95e-05  6.44e-06
    3.599998    0.742790    1.247980  7.80e-05  1.11e-05
    3.699998    0.758994    1.212496  8.09e-05  7.75e-06
    3.799998    0.777547    1.178189  4.09e-05  6.32e-06
    3.899998    0.798191    1.145521  4.79e-05  7.03e-06
    3.999998    0.820513    1.114984  3.95e-05  4.77e-06
    4.099998    0.844169    1.087070  2.07e-05  1.19e-06
    4.199998    0.868858    1.062271  2.57e-05  2.15e-06
    4.299998    0.894218    1.041072  1.47e-05  1.55e-06
    4.399998    0.919968    1.023922  4.41e-06  8.46e-06
    4.499998    0.945839    1.011173  5.36e-06  2.38e-07
    4.599998    0.971555    1.003156  1.37e-06  6.32e-06
    4.699997    0.996886    1.000052  1.15e-05  1.36e-05
    4.799997    1.021630    1.001914  9.54e-06  1.43e-06
    4.899997    1.045539    1.008777  4.89e-05  4.20e-05
    4.999997    1.068424    1.020423  1.41e-04  9.20e-05
    5.099997    1.090197    1.036510  2.10e-04  8.09e-05
    5.199997    1.110774    1.056695  1.97e-04  2.90e-05
    5.299997    1.130032    1.080626  9.42e-05  9.54e-06
    5.399997    1.147663    1.107815  9.32e-05  9.06e-06
    5.499997    1.163620    1.137753  1.39e-04  1.08e-05
    5.599997    1.177907    1.169940  1.34e-04  1.22e-05
    5.699996    1.190456    1.203877  7.16e-05  3.10e-06
    5.799996    1.201041    1.239105  1.08e-04  5.36e-06
    5.899996    1.209692    1.275196  1.59e-04  1.55e-06
    5.999996    1.216455    1.311720  1.32e-04  1.11e-05
    6.099996    1.221250    1.348271  7.50e-05  1.19e-07
    6.199996    1.223926    1.384518  1.13e-04  5.72e-06
    6.299996    1.224567    1.420147  1.49e-04  2.74e-06
    6.399996    1.223257    1.454841  9.57e-05  6.44e-06
    6.499996    1.219882    1.488323  7.51e-05  3.46e-06
    6.599996    1.214425    1.520370  1.19e-04  4.41e-06
    6.699996    1.207006    1.550760  1.37e-04  3.81e-06
    6.799995    1.197717    1.579277  7.27e-05  1.67e-06
    6.899995    1.186458    1.605746  7.63e-05  5.25e-06
    6.999995    1.173322    1.630022  1.14e-04  3.10e-06
   ------------------------------------------------------

Final Solver Statistics:
   Internal solver steps = 37 (attempted = 39)
   Total number of error test failures = 2
   Total RHS evals:  Fe = 274,  Fi = 573
   Total mass matrix setups = 237
   Total mass matrix solves = 312
   Total mass times evals = 570
   Total number of Jacobian evaluations = 3
   Total linear solver setups = 10
   Total number of Nonlinear iterations = 533
   Total number of Nonlinear convergence failures = 2
   Errors: u = 8.1073e-05, v = 1.54071e-05, total = 5.83533e-05
