
Nonlinear Kvaerno-Prothero-Robinson test problem with mass matrix:
    time domain:  (-3,7]
    Time-dependent mass matrix
    ARK solver, order = 4
    Fixed-point nonlinear solver
    Adaptive run with reltol = 1e-05, abstol = 1e-11
    G = -100
    g = 10
    e = 0.5

        t           u           v       uerr      verr
   ------------------------------------------------------
   -3.000000    0.710636    1.363407  0.00e+00  0.00e+00
   -2.900000    0.717269    1.327063  3.25e-05  1.31e-04
   -2.800000    0.727220    1.290433  2.77e-05  7.96e-05
   -2.700000    0.740295    1.253933  4.91e-05  1.08e-04
   -2.600000    0.756082    1.218276  6.86e-05  1.25e-04
   -2.500000    0.774245    1.183834  1.73e-05  2.74e-05
   -2.400001    0.794428    1.151041  1.18e-04  1.55e-04
   -2.300001    0.816533    1.120047  8.26e-05  9.38e-05
   -2.200001    0.840149    1.091501  6.04e-05  5.89e-05
   -2.100001    0.864706    1.066139  8.10e-05  6.51e-05
   -2.000001    0.889974    1.044322  7.19e-05  4.58e-05
   -1.900001    0.915825    1.026398  2.08e-04  1.01e-04
   -1.800001    0.941342    1.013039  1.45e-04  4.68e-05
   -1.700001    0.967437    1.004134  1.85e-04  2.52e-05
   -1.600001    0.992612    1.000217  6.13e-05  3.93e-06
   -1.500001    1.018129    1.001427  5.99e-04  1.75e-04
   -1.400001    1.041737    1.007302  1.11e-04  5.27e-05
   -1.300001    1.064690    1.017995  8.61e-05  6.23e-05
   -1.200001    1.086748    1.033351  7.28e-05  7.12e-05
   -1.100001    1.107587    1.052962  2.24e-05  2.98e-05
   -1.000001    1.126953    1.076256  5.72e-05  9.35e-05
   -0.900001    1.144917    1.103054  1.30e-05  2.55e-05
   -0.800001    1.161188    1.132544  1.79e-06  5.84e-06
   -0.700001    1.175789    1.164454  2.48e-05  7.32e-05
   -0.600001    1.188580    1.198149  2.35e-05  8.52e-05
   -0.500001    1.199471    1.233001  2.56e-05  1.15e-04
   -0.400001    1.208546    1.269210  2.22e-05  1.24e-04
   -0.300001    1.215576    1.305428  1.74e-05  1.29e-04
   -0.200001    1.220658    1.342012  1.13e-05  1.25e-04
   -0.100001    1.223720    1.378363  4.77e-06  1.02e-04
   -0.000001    1.224738    1.414604  6.68e-06  3.90e-04
    0.099999    1.223722    1.449114  2.50e-06  3.43e-05
    0.199999    1.220675    1.482728  5.72e-06  6.28e-05
    0.299999    1.215574    1.515220  1.99e-05  1.23e-04
    0.399999    1.208544    1.545683  2.04e-05  9.10e-05
    0.499999    1.199518    1.574546  2.19e-05  7.25e-05
    0.599999    1.188525    1.601532  3.22e-05  8.25e-05
    0.699999    1.175743    1.626147  2.09e-05  4.21e-05
    0.799999    1.161142    1.648511  4.40e-05  7.09e-05
    0.899999    1.144839    1.668415  6.52e-05  8.43e-05
    0.999999    1.127097    1.685577  8.71e-05  8.94e-05
    1.099999    1.107682    1.700297  7.30e-05  5.81e-05
    1.199999    1.086887    1.712278  6.64e-05  4.14e-05
    1.299999    1.064641    1.721561  1.36e-04  6.25e-05
    1.399999    1.041742    1.727808  1.16e-04  3.70e-05
    1.500000    1.018063    1.731223  5.32e-04  1.04e-04
    1.600000    0.992468    1.731914  2.06e-04  1.38e-05
    1.700000    0.967392    1.729649  1.39e-04  5.96e-06
    1.800000    0.941651    1.724510  1.63e-04  2.56e-05
    1.900000    0.915699    1.716499  8.17e-05  2.00e-05
    2.000000    0.889777    1.705618  1.25e-04  4.83e-05
    2.100000    0.864790    1.692183  1.65e-04  8.05e-05
    2.200000    0.840152    1.675896  6.29e-05  3.93e-05
    2.299999    0.816536    1.656955  8.03e-05  6.23e-05
    2.399999    0.794649    1.635780  1.03e-04  9.57e-05
    2.499999    0.774178    1.611920  5.01e-05  5.78e-05
    2.599999    0.755961    1.585958  5.18e-05  7.53e-05
    2.699999    0.740179    1.557881  6.73e-05  1.24e-04
    2.799999    0.727198    1.527945  4.91e-05  1.22e-04
    2.899999    0.717287    1.496360  1.42e-05  5.25e-05
    2.999999    0.710614    1.463111  2.24e-05  1.46e-04
    3.099999    0.707416    1.428924  3.93e-06  8.48e-05
    3.199999    0.707709    1.393432  5.96e-08  9.30e-06
    3.299999    0.711500    1.357417  1.98e-05  1.20e-04
    3.399998    0.718743    1.320805  6.62e-06  2.47e-05
    3.499998    0.729212    1.284259  1.48e-05  4.01e-05
    3.599998    0.742774    1.247857  6.25e-05  1.33e-04
    3.699998    0.758836    1.212643  7.78e-05  1.39e-04
    3.799998    0.777502    1.178202  4.47e-06  6.91e-06
    3.899998    0.798042    1.145659  1.02e-04  1.31e-04
    3.999998    0.820382    1.115090  9.21e-05  1.02e-04
    4.099998    0.844092    1.087126  5.70e-05  5.48e-05
    4.199998    0.868928    1.062199  9.66e-05  7.43e-05
    4.299998    0.894127    1.041122  7.64e-05  4.78e-05
    4.399998    0.919862    1.023960  1.02e-04  4.68e-05
    4.499998    0.945683    1.011218  1.51e-04  4.49e-05
    4.599998    0.971750    1.003129  1.93e-04  2.06e-05
    4.699997    0.996644    1.000021  2.53e-04  1.69e-05
    4.799997    1.021938    1.002048  2.98e-04  1.32e-04
    4.899997    1.045439    1.008660  1.49e-04  7.57e-05
    4.999997    1.068659    1.020403  9.48e-05  7.24e-05
    5.099997    1.090376    1.036398  3.11e-05  3.08e-05
    5.199997    1.110856    1.056512  1.15e-04  1.54e-04
    5.299997    1.130151    1.080658  2.48e-05  4.16e-05
    5.399997    1.147778    1.107849  2.11e-05  4.36e-05
    5.499997    1.163739    1.137696  1.90e-05  4.65e-05
    5.599997    1.178009    1.169827  3.30e-05  1.00e-04
    5.699996    1.190529    1.203879  1.55e-06  5.13e-06
    5.799996    1.201137    1.239056  1.20e-05  5.50e-05
    5.899996    1.209824    1.275037  2.71e-05  1.57e-04
    5.999996    1.216575    1.311618  1.20e-05  9.13e-05
    6.099996    1.221318    1.348191  7.03e-06  7.93e-05
    6.199996    1.224038    1.384494  8.34e-07  2.97e-05
    6.299996    1.224716    1.420078  0.00e+00  6.63e-05
    6.399996    1.223344    1.454988  9.18e-06  1.53e-04
    6.499996    1.219943    1.488447  1.37e-05  1.20e-04
    6.599996    1.214564    1.520251  2.04e-05  1.23e-04
    6.699996    1.207170    1.550636  2.81e-05  1.21e-04
    6.799995    1.197775    1.579317  1.45e-05  4.20e-05
    6.899995    1.186537    1.605740  2.86e-06  1.08e-05
    6.999995    1.173388    1.630118  4.84e-05  9.31e-05
   ------------------------------------------------------

Final Solver Statistics:
   Internal solver steps = 2240 (attempted = 3374)
   Total number of error test failures = 0
   Total RHS evals:  Fe = 14844,  Fi = 51771
   Total mass matrix setups = 13739
   Total mass matrix solves = 68852
   Total mass times evals = 2240
   Total number of Jacobian evaluations = 0
   Total linear solver setups = 0
   Total number of Nonlinear iterations = 36927
   Total number of Nonlinear convergence failures = 1134
   Errors: u = 0.000117265, v = 9.31033e-05, total = 0.000105876
