
2D Heat PDE test problem:
 --------------------------------- 
  kx             = 1
  ky             = 1
  forcing        = 1
  tf             = 1
  xu             = 1
  yu             = 1
  nx             = 32
  ny             = 32
  dx             = 0.0322581
  dy             = 0.0322581
 --------------------------------- 
  rtol           = 1e-05
  atol           = 1e-10
  order          = 3
  fixed h        = 0
  controller     = 0
  linear         = 1
 --------------------------------- 
  linear solver  = PCG
  lin iters      = 40
  eps lin        = 0
  prec           = 1
  msbp           = 0
 --------------------------------- 
  output         = 1
 --------------------------------- 

          t                     ||u||_rms                max error      
 -----------------------------------------------------------------------
          0.000000e+00             3.632813e-01             0.000000e+00
          5.000000e-02             3.552033e-01             2.504885e-03
          1.000000e-01             3.296233e-01             2.936125e-03
          1.500000e-01             2.894418e-01             2.869070e-03
          2.000000e-01             2.387069e-01             2.547443e-03
          2.500000e-01             1.824217e-01             2.114326e-03
          3.000000e-01             1.261155e-01             1.623154e-03
          3.500000e-01             7.529811e-02             1.091838e-03
          4.000000e-01             3.495228e-02             6.577820e-04
          4.500000e-01             9.023509e-03             3.136974e-04
          5.000001e-01             5.515286e-05             1.155937e-04
          5.500001e-01             8.919359e-03             7.605925e-05
          6.000001e-01             3.475290e-02             2.013966e-04
          6.500001e-01             7.502473e-02             4.626662e-04
          7.000001e-01             1.257967e-01             8.571148e-04
          7.500001e-01             1.820945e-01             1.339555e-03
          8.000001e-01             2.384060e-01             1.855612e-03
          8.500001e-01             2.892202e-01             2.359867e-03
          9.000002e-01             3.295712e-01             2.788007e-03
          9.500002e-01             3.555036e-01             3.205478e-03
          1.000000e+00             3.644736e-01             3.299057e-03
 -----------------------------------------------------------------------

Final integrator statistics:
  Steps            = 714
  Step attempts    = 715
  Error test fails = 1
  RHS evals        = 5722
  NLS iters        = 2860
  NLS fails        = 0
  LS iters         = 31059
  LS fails         = 4
  LS setups        = 715
  LS RHS evals     = 31059
  Jv products      = 31059

  Avg NLS iters per step attempt = 4.000000
  Avg LS iters per NLS iter      = 10.859790

  Preconditioner setups = 15
  Preconditioner solves = 31059

  Max error = 3.299057e-03
