
Nonlinear Kvaerno-Prothero-Robinson test problem with mass matrix:
    time domain:  (-3,7]
    Time-dependent mass matrix
    DIRK solver, order = 4
    Newton nonlinear solver
    Adaptive run with reltol = 1e-05, abstol = 1e-11
    G = -100
    g = 10
    e = 0.5

        t           u           v       uerr      verr
   ------------------------------------------------------
   -3.000000    0.710636    1.363407  0.00e+00  0.00e+00
   -2.900000    0.717302    1.326932  7.15e-07  3.58e-07
   -2.800000    0.727248    1.290353  4.77e-07  3.58e-07
   -2.700000    0.740246    1.254041  1.79e-07  2.38e-07
   -2.600000    0.756015    1.218400  1.67e-06  3.58e-07
   -2.500000    0.774228    1.183861  4.17e-07  2.38e-07
   -2.400001    0.794546    1.150885  2.38e-07  1.19e-07
   -2.300001    0.816616    1.119954  5.96e-08  2.38e-07
   -2.200001    0.840089    1.091561  6.56e-07  3.58e-07
   -2.100001    0.864626    1.066204  4.77e-07  4.77e-07
   -2.000001    0.889902    1.044368  1.19e-07  4.77e-07
   -1.900001    0.915618    1.026500  4.77e-07  5.96e-07
   -1.800001    0.941488    1.012993  5.36e-07  7.15e-07
   -1.700001    0.967252    1.004160  4.17e-07  7.15e-07
   -1.600001    0.992673    1.000214  2.38e-07  8.34e-07
   -1.500001    1.017531    1.001253  1.19e-07  8.34e-07
   -1.400001    1.041625    1.007250  1.19e-07  7.15e-07
   -1.300001    1.064777    1.018059  0.00e+00  9.54e-07
   -1.200001    1.086822    1.033423  2.03e-06  1.67e-06
   -1.100001    1.107609    1.052994  3.58e-07  1.43e-06
   -1.000001    1.127010    1.076351  5.96e-07  1.07e-06
   -0.900001    1.144906    1.103031  1.91e-06  1.91e-06
   -0.800001    1.161191    1.132541  4.41e-06  2.38e-06
   -0.700001    1.175762    1.164382  2.15e-06  1.31e-06
   -0.600001    1.188561    1.198066  4.29e-06  1.79e-06
   -0.500001    1.199494    1.233118  2.38e-06  2.03e-06
   -0.400001    1.208525    1.269087  8.34e-07  4.77e-07
   -0.300001    1.215594    1.305560  2.38e-07  2.62e-06
   -0.200001    1.220668    1.342137  8.34e-07  1.19e-07
   -0.100001    1.223727    1.378467  1.91e-06  2.03e-06
   -0.000001    1.224739    1.414211  5.48e-06  2.74e-06
    0.099999    1.223717    1.449073  8.11e-06  7.27e-06
    0.199999    1.220666    1.482790  3.58e-06  1.19e-06
    0.299999    1.215593    1.515099  4.77e-07  2.03e-06
    0.399999    1.208514    1.545770  1.01e-05  4.41e-06
    0.499999    1.199480    1.574615  1.61e-05  4.17e-06
    0.599999    1.188550    1.601451  6.91e-06  1.43e-06
    0.699999    1.175764    1.626107  1.19e-07  1.67e-06
    0.799999    1.161187    1.648442  2.38e-07  1.67e-06
    0.899999    1.144902    1.668332  2.50e-06  1.31e-06
    0.999999    1.127010    1.685667  1.19e-07  1.07e-06
    1.099999    1.107608    1.700356  1.31e-06  5.96e-07
    1.199999    1.086821    1.712319  1.19e-07  1.19e-06
    1.299999    1.064775    1.721496  1.79e-06  2.26e-06
    1.399999    1.041626    1.727843  0.00e+00  2.38e-06
    1.500000    1.017527    1.731325  3.34e-06  2.26e-06
    1.600000    0.992673    1.731924  1.19e-07  3.34e-06
    1.700000    0.967249    1.729640  3.58e-06  3.10e-06
    1.800000    0.941488    1.724482  1.79e-07  2.74e-06
    1.900000    0.915618    1.716476  4.77e-07  2.98e-06
    2.000000    0.889902    1.705663  5.96e-07  2.86e-06
    2.100000    0.864626    1.692099  9.54e-07  3.10e-06
    2.200000    0.840088    1.675851  8.94e-07  6.44e-06
    2.299999    0.816616    1.657011  1.79e-07  6.08e-06
    2.399999    0.794546    1.635678  1.79e-07  6.44e-06
    2.499999    0.774228    1.611970  4.77e-07  7.51e-06
    2.599999    0.756010    1.586025  2.80e-06  8.46e-06
    2.699999    0.740245    1.557997  7.75e-07  7.99e-06
    2.799999    0.727248    1.528060  3.58e-07  7.39e-06
    2.899999    0.717301    1.496406  1.79e-07  6.79e-06
    2.999999    0.710635    1.463251  7.15e-07  6.20e-06
    3.099999    0.707412    1.428834  9.54e-07  5.72e-06
    3.199999    0.707713    1.393417  3.76e-06  6.32e-06
    3.299999    0.711520    1.357292  0.00e+00  5.01e-06
    3.399998    0.718757    1.320775  7.45e-06  5.60e-06
    3.499998    0.729227    1.284215  2.98e-07  4.17e-06
    3.599998    0.742712    1.247987  1.79e-07  3.81e-06
    3.699998    0.758913    1.212500  1.19e-07  3.58e-06
    3.799998    0.777506    1.178192  0.00e+00  3.10e-06
    3.899998    0.798143    1.145526  4.17e-07  2.62e-06
    3.999998    0.820474    1.114986  5.96e-08  2.38e-06
    4.099998    0.844149    1.087069  1.19e-07  2.15e-06
    4.199998    0.868833    1.062272  8.94e-07  1.91e-06
    4.299998    0.894205    1.041072  1.31e-06  1.67e-06
    4.399998    0.919964    1.023912  7.75e-07  1.31e-06
    4.499998    0.945834    1.011172  7.75e-07  9.54e-07
    4.599998    0.971557    1.003149  5.36e-07  4.77e-07
    4.699997    0.996897    1.000038  2.38e-07  7.15e-07
    4.799997    1.021640    1.001915  2.38e-07  3.58e-07
    4.899997    1.045589    1.008736  8.34e-07  9.54e-07
    4.999997    1.068564    1.020331  0.00e+00  1.19e-07
    5.099997    1.090409    1.036429  1.67e-06  4.77e-07
    5.199997    1.110972    1.056667  7.15e-07  7.15e-07
    5.299997    1.130126    1.080616  3.58e-07  4.77e-07
    5.399997    1.147758    1.107806  1.91e-06  5.96e-07
    5.499997    1.163759    1.137743  3.58e-07  3.58e-07
    5.599997    1.178041    1.169928  4.77e-07  1.19e-07
    5.699996    1.190530    1.203873  2.26e-06  3.58e-07
    5.799996    1.201149    1.239111  1.19e-07  9.54e-07
    5.899996    1.209851    1.275193  0.00e+00  5.96e-07
    5.999996    1.216588    1.311710  1.19e-06  1.19e-06
    6.099996    1.221322    1.348270  2.38e-06  5.96e-07
    6.199996    1.224039    1.384525  0.00e+00  7.15e-07
    6.299996    1.224713    1.420141  2.62e-06  2.98e-06
    6.399996    1.223347    1.454827  5.60e-06  7.87e-06
    6.499996    1.219953    1.488324  3.34e-06  2.38e-06
    6.599996    1.214544    1.520376  3.58e-07  1.55e-06
    6.699996    1.207133    1.550752  9.66e-06  4.53e-06
    6.799995    1.197773    1.579270  1.65e-05  4.89e-06
    6.899995    1.186527    1.605752  7.51e-06  7.15e-07
    6.999995    1.173436    1.630027  3.58e-07  1.31e-06
   ------------------------------------------------------

Final Solver Statistics:
   Internal solver steps = 93 (attempted = 110)
   Total number of error test failures = 0
   Total RHS evals:  Fe = 0,  Fi = 2648
   Total mass matrix setups = 535
   Total mass matrix solves = 518
   Total mass times evals = 2223
   Total number of Jacobian evaluations = 218
   Total linear solver setups = 257
   Total number of Nonlinear iterations = 2130
   Total number of Nonlinear convergence failures = 217
   Errors: u = 3.46008e-06, v = 3.19354e-06, total = 3.32948e-06
