
Dissipated Exponential Entropy problem:
   method     = ERK
   reltol     = 1.0e-06
   abstol     = 1.0e-10
   relaxation = ON

 step   t              u              e              u_err          delta e
 -------------------------------------------------------------------------------
    0   0.000000e+00   5.000000e-01   1.648721e+00   0.000000e+00   0.000000e+00
   40   5.193767e+00  -1.757909e+00   1.724050e-01   0.000000e+00  -1.476316e+00
 -------------------------------------------------------------------------------

Final Solver Statistics:
   Internal solver steps = 40 (attempted = 40)
   Total number of error test failures = 0
   Total RHS evals:  Fe = 202,  Fi = 0
   Total Relaxation Fn evals    = 80
   Total Relaxation Jac evals   = 200
   Total Relaxation fails       = 0
   Total Relaxation bound fails = 0
   Total Relaxation NLS fails   = 0
   Total Relaxation NLS iters   = 0

