
Multirate nonlinear Kvaerno-Prothero-Robinson test problem:
    time domain:  (0,5]
    hs = 0.001
    hf = 1e-05
    G = -100
    w = 100
    e = 0.5
    slow solver: ARKODE_IMEX_MRI_SR21
      reltol = 1.00e-06,  abstol = 1.00e-11
    fast solver: ARKODE_HEUN_EULER_2_1_2
        t           u           v       uerr      verr
   ------------------------------------------------------
    0.000000    1.224745    1.732051  0.00e+00  0.00e+00
    0.100000    1.223697    1.077478  2.74e-05  1.42e-05
    0.200000    1.220682    1.551822  1.32e-05  2.21e-05
    0.300000    1.215553    1.468080  4.12e-05  3.43e-04
    0.400000    1.208495    1.155302  2.96e-05  7.19e-04
    0.500000    1.199509    1.721812  1.29e-05  9.60e-05
    0.600000    1.188513    1.024342  4.45e-05  8.24e-04
    0.700000    1.175763    1.622729  9.54e-07  1.96e-05
    0.800000    1.161160    1.371914  2.67e-05  2.72e-03
    0.900000    1.144923    1.244954  1.88e-05  8.07e-04
    1.000000    1.126965    1.686522  4.48e-05  5.32e-03
    1.100000    1.107585    1.002415  2.44e-05  1.93e-03
    1.200000    1.086808    1.672968  1.25e-05  4.58e-03
    1.300000    1.064766    1.277103  1.06e-05  6.77e-04
    1.400000    1.041579    1.341653  4.65e-05  7.97e-04
    1.500000    1.017495    1.638924  3.58e-05  4.02e-03
    1.600000    0.992735    1.021925  6.19e-05  9.82e-03
    1.700000    0.967298    1.709558  4.58e-05  4.50e-03
    1.800000    0.941577    1.189393  8.96e-05  5.52e-03
    1.900000    0.915670    1.438450  5.28e-05  9.95e-04
    2.000000    0.889955    1.574436  5.24e-05  2.65e-03
    2.100000    0.864699    1.064688  7.40e-05  8.22e-03
    2.200000    0.840122    1.725321  3.33e-05  5.60e-03
    2.300000    0.816699    1.107609  8.33e-05  6.56e-03
    2.400000    0.794579    1.523701  3.34e-05  1.35e-03
    2.500000    0.774296    1.495203  6.80e-05  1.78e-03
    2.600000    0.756081    1.137034  6.80e-05  1.02e-02
    2.700000    0.740279    1.718974  3.35e-05  8.56e-03
    2.799999    0.727314    1.050132  6.69e-05  1.18e-02
    2.899999    0.717302    1.596247  5.36e-07  4.53e-03
    2.999999    0.710699    1.406495  6.23e-05  1.38e-04
    3.099999    0.707422    1.221370  9.60e-06  6.98e-03
    3.199999    0.707697    1.695379  1.26e-05  8.64e-03
    3.299999    0.711529    1.017497  9.00e-06  1.31e-02
    3.399999    0.718660    1.648754  8.94e-05  1.25e-02
    3.499999    0.729209    1.310589  1.78e-05  5.32e-04
    3.599999    0.742631    1.312460  8.07e-05  2.34e-03
    3.699999    0.758835    1.648337  7.83e-05  1.29e-02
    3.799999    0.777458    1.018749  4.80e-05  1.44e-02
    3.899998    0.798010    1.690437  1.34e-04  1.36e-02
    3.999998    0.820422    1.219466  5.17e-05  5.15e-03
    4.099998    0.844003    1.408691  1.46e-04  2.28e-03
    4.199998    0.868709    1.591325  1.22e-04  9.41e-03
    4.299998    0.894109    1.058470  9.47e-05  2.01e-02
    4.399998    0.919804    1.712317  1.59e-04  1.52e-02
    4.499998    0.945781    1.140762  5.26e-05  1.39e-02
    4.599998    0.971389    1.493889  1.68e-04  3.15e-03
    4.699998    0.996791    1.518551  1.06e-04  6.45e-03
    4.799998    1.021563    1.117611  7.71e-05  1.65e-02
    4.899998    1.045419    1.714692  1.69e-04  1.62e-02
    4.999998    1.068502    1.075871  6.25e-05  1.94e-02
   ------------------------------------------------------

Final Solver Statistics:
   Steps: nsts = 5001, nstf = 895063
   u error = 7.231e-05, v error = 8.538e-03, total error = 6.038e-03
   Total RHS evals:  Fse = 15004, Fsi = 33183,  Ff = 1790176
   Slow Newton iters = 18179
   Slow Newton conv fails = 0
   Slow Jacobian evals = 251
