
Multirate nonlinear Kvaerno-Prothero-Robinson test problem:
    time domain:  (0,5]
    hs = 0.001
    hf = 1e-05
    G = -100
    w = 100
    e = 0.5
    slow solver: ARKODE_MERK43
    fast solver: erk-4-4
        t           u           v       uerr      verr
   ------------------------------------------------------
    0.000000    1.224745    1.732051  0.00e+00  0.00e+00
    0.100000    1.223708    1.077487  1.69e-05  2.34e-05
    0.200000    1.220680    1.551823  1.07e-05  2.29e-05
    0.300000    1.215558    1.468059  3.56e-05  3.21e-04
    0.400000    1.208498    1.155419  2.57e-05  8.36e-04
    0.500000    1.199511    1.721723  1.44e-05  1.85e-04
    0.600000    1.188515    1.024298  4.20e-05  7.81e-04
    0.700000    1.175767    1.622979  2.98e-06  2.30e-04
    0.800000    1.161162    1.371511  2.46e-05  3.12e-03
    0.900000    1.144922    1.245533  1.84e-05  2.28e-04
    1.000000    1.126971    1.686097  3.84e-05  5.74e-03
    1.100000    1.107582    1.002473  2.72e-05  1.98e-03
    1.200000    1.086812    1.672982  8.70e-06  4.57e-03
    1.300000    1.064767    1.277104  9.54e-06  6.76e-04
    1.400000    1.041590    1.341668  3.55e-05  7.82e-04
    1.500000    1.017504    1.638951  2.68e-05  4.00e-03
    1.600000    0.992740    1.021905  6.72e-05  9.80e-03
    1.700000    0.967303    1.709585  5.05e-05  4.47e-03
    1.800000    0.941585    1.189306  9.78e-05  5.43e-03
    1.900000    0.915675    1.438544  5.74e-05  1.09e-03
    2.000000    0.889962    1.574344  5.93e-05  2.75e-03
    2.100000    0.864702    1.064670  7.65e-05  8.21e-03
    2.200000    0.840126    1.725298  3.68e-05  5.62e-03
    2.300000    0.816700    1.107528  8.39e-05  6.48e-03
    2.400000    0.794577    1.523672  3.15e-05  1.38e-03
    2.500000    0.774300    1.495156  7.21e-05  1.83e-03
    2.600000    0.756080    1.137330  6.71e-05  1.05e-02
    2.700000    0.740272    1.718526  2.62e-05  9.01e-03
    2.799999    0.727320    1.049731  7.28e-05  1.13e-02
    2.899999    0.717301    1.597448  4.77e-07  3.33e-03
    2.999999    0.710698    1.404449  6.21e-05  1.91e-03
    3.099999    0.707415    1.223913  2.50e-06  9.53e-03
    3.199999    0.707700    1.693354  9.30e-06  1.07e-02
    3.299999    0.711519    1.017524  9.54e-07  1.31e-02
    3.399999    0.718657    1.650434  9.26e-05  1.08e-02
    3.499999    0.729211    1.307084  1.57e-05  2.97e-03
    3.599999    0.742616    1.317133  9.60e-05  7.01e-03
    3.699999    0.758833    1.644454  8.04e-05  1.68e-02
    3.799999    0.777470    1.020324  3.61e-05  1.59e-02
    3.899998    0.798005    1.691289  1.38e-04  1.27e-02
    3.999998    0.820418    1.215271  5.58e-05  9.51e-04
    4.099998    0.844007    1.414906  1.42e-04  8.49e-03
    4.199998    0.868713    1.585706  1.19e-04  1.50e-02
    4.299998    0.894122    1.062298  8.12e-05  2.39e-02
    4.399998    0.919802    1.711369  1.62e-04  1.62e-02
    4.499998    0.945779    1.136775  5.50e-05  9.96e-03
    4.599998    0.971403    1.500716  1.54e-04  3.67e-03
    4.699998    0.996792    1.511504  1.05e-04  1.35e-02
    4.799998    1.021550    1.123833  8.96e-05  2.27e-02
    4.899998    1.045416    1.711481  1.72e-04  1.94e-02
    4.999998    1.068493    1.073106  7.14e-05  1.67e-02
   ------------------------------------------------------

Final Solver Statistics:
   Steps: nsts = 5001, nstf = 1340808
   u error = 7.263e-05, v error = 9.559e-03, total error = 6.759e-03
   Total RHS evals:  Fs = 30007,  Ff = 5363282
