
Nonlinear Kvaerno-Prothero-Robinson test problem with mass matrix:
    time domain:  (-3,7]
    Fixed mass matrix
    ARK solver, order = 3
    Newton nonlinear solver
    Adaptive run with reltol = 1e-05, abstol = 1e-11
    G = -10
    g = 10
    e = 0.5

        t           u           v       uerr      verr
   ------------------------------------------------------
   -3.000000    0.710636    1.363407  0.00e+00  0.00e+00
   -2.900000    0.717316    1.326932  1.49e-05  7.15e-07
   -2.800000    0.727263    1.290352  1.55e-05  1.31e-06
   -2.700000    0.740260    1.254041  1.38e-05  8.34e-07
   -2.600000    0.756026    1.218399  1.33e-05  1.19e-06
   -2.500000    0.774239    1.183860  1.17e-05  1.19e-06
   -2.400001    0.794556    1.150884  9.89e-06  1.55e-06
   -2.300001    0.816624    1.119952  8.11e-06  1.19e-06
   -2.200001    0.840096    1.091558  7.57e-06  2.15e-06
   -2.100001    0.864636    1.066202  1.10e-05  1.55e-06
   -2.000001    0.889911    1.044365  8.58e-06  2.15e-06
   -1.900001    0.915620    1.026500  2.80e-06  9.54e-07
   -1.800001    0.941486    1.012992  1.25e-06  4.77e-07
   -1.700001    0.967247    1.004161  5.60e-06  2.38e-06
   -1.600001    0.992662    1.000216  1.07e-05  3.34e-06
   -1.500001    1.017516    1.001257  1.41e-05  4.89e-06
   -1.400001    1.041608    1.007254  1.72e-05  4.65e-06
   -1.300001    1.064755    1.018065  2.12e-05  7.15e-06
   -1.200001    1.086799    1.033429  2.15e-05  6.79e-06
   -1.100001    1.107583    1.052999  2.57e-05  7.27e-06
   -1.000001    1.126982    1.076359  2.73e-05  8.94e-06
   -0.900001    1.144876    1.103035  2.77e-05  5.96e-06
   -0.800001    1.161155    1.132547  3.10e-05  8.46e-06
   -0.700001    1.175735    1.164387  2.91e-05  6.68e-06
   -0.600001    1.188524    1.198071  3.28e-05  6.68e-06
   -0.500001    1.199463    1.233123  3.29e-05  7.39e-06
   -0.400001    1.208492    1.269091  3.23e-05  4.65e-06
   -0.300001    1.215559    1.305564  3.48e-05  6.56e-06
   -0.200001    1.220637    1.342141  3.18e-05  4.89e-06
   -0.100001    1.223690    1.378470  3.49e-05  4.53e-06
   -0.000001    1.224710    1.414218  3.46e-05  4.89e-06
    0.099999    1.223692    1.449083  3.28e-05  2.98e-06
    0.199999    1.220634    1.482794  3.49e-05  3.46e-06
    0.299999    1.215563    1.515099  3.08e-05  1.91e-06
    0.399999    1.208491    1.545776  3.33e-05  1.79e-06
    0.499999    1.199464    1.574621  3.21e-05  1.91e-06
    0.599999    1.188528    1.601451  2.96e-05  7.15e-07
    0.699999    1.175733    1.626106  3.09e-05  9.54e-07
    0.799999    1.161160    1.648440  2.66e-05  1.19e-07
    0.899999    1.144876    1.668330  2.75e-05  1.19e-07
    0.999999    1.126984    1.685666  2.56e-05  3.58e-07
    1.099999    1.107587    1.700354  2.24e-05  1.31e-06
    1.199999    1.086799    1.712318  2.21e-05  1.43e-06
    1.299999    1.064759    1.721497  1.78e-05  2.03e-06
    1.399999    1.041609    1.727843  1.68e-05  2.50e-06
    1.500000    1.017516    1.731324  1.42e-05  3.10e-06
    1.600000    0.992664    1.731924  9.89e-06  3.34e-06
    1.700000    0.967239    1.729638  1.39e-05  4.77e-06
    1.800000    0.941479    1.724478  8.70e-06  6.91e-06
    1.900000    0.915621    1.716470  3.22e-06  9.42e-06
    2.000000    0.889921    1.705655  1.88e-05  1.18e-05
    2.100000    0.864660    1.692088  3.47e-05  1.41e-05
    2.200000    0.840136    1.675842  4.65e-05  1.49e-05
    2.299999    0.816667    1.657003  5.05e-05  1.43e-05
    2.399999    0.794591    1.635672  4.47e-05  1.25e-05
    2.499999    0.774270    1.611965  4.23e-05  1.25e-05
    2.599999    0.756049    1.586022  3.59e-05  1.14e-05
    2.699999    0.740279    1.557995  3.34e-05  1.04e-05
    2.799999    0.727279    1.528057  3.17e-05  1.00e-05
    2.899999    0.717331    1.496403  3.00e-05  9.54e-06
    2.999999    0.710665    1.463248  2.84e-05  8.58e-06
    3.099999    0.707439    1.428831  2.65e-05  8.11e-06
    3.199999    0.707735    1.393415  2.57e-05  7.63e-06
    3.299999    0.711546    1.357289  2.64e-05  7.87e-06
    3.399998    0.718776    1.320773  2.64e-05  7.63e-06
    3.499998    0.729252    1.284212  2.53e-05  7.03e-06
    3.599998    0.742735    1.247984  2.32e-05  6.68e-06
    3.699998    0.758934    1.212498  2.04e-05  5.72e-06
    3.799998    0.777523    1.178190  1.70e-05  4.77e-06
    3.899998    0.798157    1.145524  1.37e-05  4.17e-06
    3.999998    0.820485    1.114984  1.14e-05  3.93e-06
    4.099998    0.844158    1.087067  9.48e-06  3.93e-06
    4.199998    0.868842    1.062268  1.03e-05  5.72e-06
    4.299998    0.894212    1.041071  8.64e-06  3.22e-06
    4.399998    0.919965    1.023914  2.03e-06  2.38e-07
    4.499998    0.945830    1.011173  3.64e-06  2.38e-07
    4.599998    0.971546    1.003152  1.12e-05  2.62e-06
    4.699997    0.996881    1.000043  1.60e-05  4.29e-06
    4.799997    1.021616    1.001922  2.35e-05  6.32e-06
    4.899997    1.045562    1.008742  2.59e-05  6.44e-06
    4.999997    1.068532    1.020342  3.19e-05  1.07e-05
    5.099997    1.090370    1.036438  3.67e-05  9.89e-06
    5.199997    1.110935    1.056676  3.59e-05  1.00e-05
    5.299997    1.130083    1.080629  4.33e-05  1.26e-05
    5.399997    1.147714    1.107815  4.29e-05  9.06e-06
    5.499997    1.163713    1.137755  4.52e-05  1.29e-05
    5.599997    1.177993    1.169939  4.86e-05  1.12e-05
    5.699996    1.190485    1.203882  4.28e-05  8.23e-06
    5.799996    1.201099    1.239122  5.04e-05  1.17e-05
    5.899996    1.209802    1.275202  4.85e-05  8.34e-06
    5.999996    1.216538    1.311719  4.90e-05  9.89e-06
    6.099996    1.221273    1.348279  5.14e-05  8.46e-06
    6.199996    1.223994    1.384530  4.43e-05  5.72e-06
    6.299996    1.224664    1.420152  5.20e-05  7.87e-06
    6.399996    1.223304    1.454840  4.86e-05  4.89e-06
    6.499996    1.219908    1.488332  4.88e-05  5.60e-06
    6.599996    1.214494    1.520378  5.01e-05  4.05e-06
    6.699996    1.207100    1.550759  4.23e-05  2.15e-06
    6.799995    1.197742    1.579278  4.80e-05  2.86e-06
    6.899995    1.186490    1.605752  4.41e-05  1.07e-06
    6.999995    1.173393    1.630027  4.32e-05  1.19e-06
   ------------------------------------------------------

Final Solver Statistics:
   Internal solver steps = 167 (attempted = 167)
   Total number of error test failures = 0
   Total RHS evals:  Fe = 671,  Fi = 1719
   Total mass matrix setups = 504
   Total mass matrix solves = 1340
   Total mass times evals = 1215
   Total number of Jacobian evaluations = 7
   Total linear solver setups = 18
   Total number of Nonlinear iterations = 1048
   Total number of Nonlinear convergence failures = 5
   Errors: u = 3.02724e-05, v = 6.75972e-06, total = 2.1933e-05
