
Multirate nonlinear Kvaerno-Prothero-Robinson test problem:
    time domain:  (0,5]
    hs = 0.005
    hf = 5e-05
    G = -100
    w = 100
    e = 0.5
    solver: exp-4/exp-3 (MRI-GARK-ERK45a / ERK-3-3)

        t           u           v       uerr      verr
   ------------------------------------------------------
    0.000000    1.224745    1.732051  0.00e+00  0.00e+00
    0.100000    1.223725    1.077469  1.19e-07  4.65e-06
    0.200000    1.220667    1.551799  2.03e-06  9.54e-07
    0.300000    1.215592    1.467757  1.79e-06  1.91e-05
    0.400000    1.208526    1.154671  2.15e-06  8.85e-05
    0.500000    1.199497    1.721885  8.34e-07  2.29e-05
    0.600000    1.188557    1.023598  2.38e-07  8.08e-05
    0.700000    1.175763    1.622770  8.34e-07  2.11e-05
    0.800000    1.161187    1.374616  3.58e-07  1.91e-05
    0.900000    1.144906    1.245857  1.79e-06  9.67e-05
    1.000000    1.127010    1.691779  3.58e-07  6.27e-05
    1.100000    1.107609    1.000472  1.19e-07  1.75e-05
    1.200000    1.086822    1.677588  1.55e-06  3.85e-05
    1.300000    1.064775    1.277672  2.15e-06  1.08e-04
    1.400000    1.041625    1.342541  3.58e-07  9.13e-05
    1.500000    1.017526    1.642843  4.89e-06  1.03e-04
    1.600000    0.992673    1.012131  3.58e-07  2.22e-05
    1.700000    0.967250    1.714086  2.68e-06  3.08e-05
    1.800000    0.941486    1.183748  1.25e-06  1.29e-04
    1.900000    0.915620    1.437590  2.38e-06  1.35e-04
    2.000000    0.889902    1.576942  1.19e-07  1.48e-04
    2.100000    0.864631    1.057089  5.90e-06  6.25e-04
    2.200000    0.840092    1.730655  3.16e-06  2.65e-04
    2.300000    0.816623    1.101580  6.38e-06  5.33e-04
    2.400000    0.794548    1.525035  2.50e-06  2.12e-05
    2.500000    0.774231    1.496975  3.58e-06  8.46e-06
    2.600000    0.756016    1.127334  3.28e-06  4.69e-04
    2.700000    0.740247    1.727204  8.94e-07  3.31e-04
    2.799999    0.727252    1.038933  4.41e-06  5.51e-04
    2.899999    0.717302    1.600592  7.15e-07  1.83e-04
    2.999999    0.710639    1.406397  3.22e-06  3.91e-05
    3.099999    0.707412    1.214684  1.19e-07  2.99e-04
    3.199999    0.707710    1.703658  6.56e-07  3.57e-04
    3.299999    0.711520    1.004942  3.58e-07  5.57e-04
    3.399999    0.718747    1.660954  2.50e-06  2.95e-04
    3.499999    0.729227    1.310196  2.98e-07  1.39e-04
    3.599999    0.742711    1.310297  6.56e-07  1.72e-04
    3.699999    0.758912    1.660878  1.37e-06  3.28e-04
    3.799999    0.777506    1.004945  5.36e-07  5.48e-04
    3.899998    0.798140    1.703668  3.87e-06  3.69e-04
    3.999998    0.820472    1.214563  1.85e-06  2.43e-04
    4.099998    0.844076    1.418102  7.28e-05  1.17e-02
    4.199998    0.868746    1.597306  8.63e-05  3.43e-03
    4.299998    0.894130    1.063798  7.31e-05  2.54e-02
    4.399998    0.919810    1.717406  1.54e-04  1.01e-02
    4.499998    0.945790    1.145037  4.37e-05  1.82e-02
    4.599998    0.971399    1.498196  1.58e-04  1.15e-03
    4.699998    0.996810    1.522197  8.73e-05  2.81e-03
    4.799998    1.021542    1.120952  9.83e-05  1.99e-02
    4.899998    1.045442    1.717877  1.47e-04  1.30e-02
    4.999998    1.068524    1.076176  4.02e-05  1.97e-02
   ------------------------------------------------------

Final Solver Statistics:
   Steps: nsts = 1000, nstf = 99087
   u error = 4.677e-05, v error = 6.624e-03, total error = 4.684e-03
   Total RHS evals:  Fs = 5001,  Ff = 297311
