
Nonlinear Kvaerno-Prothero-Robinson test problem with mass matrix:
    time domain:  (-3,7]
    Fixed mass matrix
    ERK solver, order = 4
    Adaptive run with reltol = 1e-05, abstol = 1e-11
    G = -10
    g = 10
    e = 0.5

        t           u           v       uerr      verr
   ------------------------------------------------------
   -3.000000    0.710636    1.363407  0.00e+00  0.00e+00
   -2.900000    0.717302    1.326933  1.13e-06  0.00e+00
   -2.800000    0.727249    1.290354  1.25e-06  2.38e-07
   -2.700000    0.740247    1.254042  1.19e-06  2.38e-07
   -2.600000    0.756014    1.218400  1.19e-06  2.38e-07
   -2.500000    0.774228    1.183862  1.01e-06  1.19e-07
   -2.400001    0.794547    1.150886  7.75e-07  2.38e-07
   -2.300001    0.816617    1.119953  7.15e-07  0.00e+00
   -2.200001    0.840089    1.091560  5.36e-07  1.19e-07
   -2.100001    0.864625    1.066204  3.58e-07  3.58e-07
   -2.000001    0.889903    1.044368  5.96e-07  2.38e-07
   -1.900001    0.915617    1.026499  2.38e-07  3.58e-07
   -1.800001    0.941486    1.012992  1.01e-06  3.58e-07
   -1.700001    0.967249    1.004160  3.58e-06  7.15e-07
   -1.600001    0.992668    1.000214  5.19e-06  8.34e-07
   -1.500001    1.017524    1.001253  5.96e-06  8.34e-07
   -1.400001    1.041619    1.007249  5.96e-06  5.96e-07
   -1.300001    1.064772    1.018058  4.77e-06  4.77e-07
   -1.200001    1.086816    1.033422  4.53e-06  4.77e-07
   -1.100001    1.107604    1.052993  4.77e-06  4.77e-07
   -1.000001    1.127005    1.076350  4.41e-06  5.96e-07
   -0.900001    1.144899    1.103029  4.65e-06  4.77e-07
   -0.800001    1.161182    1.132539  4.29e-06  4.77e-07
   -0.700001    1.175759    1.164381  4.77e-06  3.58e-07
   -0.600001    1.188553    1.198064  4.05e-06  4.77e-07
   -0.500001    1.199492    1.233116  4.65e-06  3.58e-07
   -0.400001    1.208520    1.269087  4.29e-06  3.58e-07
   -0.300001    1.215589    1.305557  4.65e-06  3.58e-07
   -0.200001    1.220665    1.342137  4.29e-06  3.58e-07
   -0.100001    1.223720    1.378465  5.01e-06  2.38e-07
   -0.000001    1.224741    1.414214  4.29e-06  3.58e-07
    0.099999    1.223720    1.449080  4.89e-06  3.58e-07
    0.199999    1.220665    1.482791  4.29e-06  3.58e-07
    0.299999    1.215589    1.515097  4.65e-06  2.38e-07
    0.399999    1.208520    1.545774  4.05e-06  2.38e-07
    0.499999    1.199492    1.574619  4.41e-06  3.58e-07
    0.599999    1.188553    1.601450  3.70e-06  0.00e+00
    0.699999    1.175760    1.626105  3.93e-06  2.38e-07
    0.799999    1.161183    1.648441  3.46e-06  2.38e-07
    0.899999    1.144900    1.668331  3.58e-06  2.38e-07
    0.999999    1.127007    1.685666  2.86e-06  1.19e-07
    1.099999    1.107606    1.700355  3.10e-06  1.19e-07
    1.199999    1.086818    1.712320  2.62e-06  1.19e-07
    1.299999    1.064774    1.721499  2.62e-06  2.38e-07
    1.399999    1.041624    1.727846  2.03e-06  1.19e-07
    1.500000    1.017529    1.731328  1.79e-06  1.19e-07
    1.600000    0.992672    1.731928  1.31e-06  1.19e-07
    1.700000    0.967252    1.729643  9.54e-07  1.19e-07
    1.800000    0.941487    1.724485  3.58e-07  1.19e-07
    1.900000    0.915618    1.716479  6.56e-07  0.00e+00
    2.000000    0.889905    1.705666  2.68e-06  0.00e+00
    2.100000    0.864629    1.692102  3.81e-06  2.38e-07
    2.200000    0.840093    1.675857  4.41e-06  2.38e-07
    2.299999    0.816621    1.657017  4.47e-06  2.38e-07
    2.399999    0.794550    1.635684  4.11e-06  3.58e-07
    2.499999    0.774232    1.611978  4.05e-06  1.19e-07
    2.599999    0.756017    1.586033  3.70e-06  2.38e-07
    2.699999    0.740249    1.558005  3.28e-06  2.38e-07
    2.799999    0.727251    1.528067  3.16e-06  1.19e-07
    2.899999    0.717304    1.496412  3.16e-06  3.58e-07
    2.999999    0.710639    1.463257  3.16e-06  1.19e-07
    3.099999    0.707416    1.428839  3.04e-06  2.38e-07
    3.199999    0.707712    1.393423  2.86e-06  2.38e-07
    3.299999    0.711522    1.357297  2.74e-06  2.38e-07
    3.399998    0.718752    1.320780  2.62e-06  1.19e-07
    3.499998    0.729229    1.284219  2.50e-06  1.19e-07
    3.599998    0.742714    1.247991  2.32e-06  2.38e-07
    3.699998    0.758915    1.212504  2.03e-06  1.19e-07
    3.799998    0.777508    1.178195  1.73e-06  1.19e-07
    3.899998    0.798145    1.145528  1.49e-06  1.19e-07
    3.999998    0.820475    1.114988  1.31e-06  2.38e-07
    4.099998    0.844150    1.087071  1.01e-06  1.19e-07
    4.199998    0.868833    1.062273  8.34e-07  2.38e-07
    4.299998    0.894204    1.041074  5.36e-07  3.58e-07
    4.399998    0.919964    1.023913  4.17e-07  2.38e-07
    4.499998    0.945833    1.011173  5.96e-07  1.19e-07
    4.599998    0.971555    1.003150  1.91e-06  0.00e+00
    4.699997    0.996895    1.000038  2.68e-06  0.00e+00
    4.799997    1.021636    1.001916  3.81e-06  2.38e-07
    4.899997    1.045583    1.008736  4.77e-06  2.38e-07
    4.999997    1.068560    1.020331  4.41e-06  1.19e-07
    5.099997    1.090403    1.036429  4.41e-06  1.19e-07
    5.199997    1.110966    1.056666  4.77e-06  0.00e+00
    5.299997    1.130122    1.080616  4.29e-06  0.00e+00
    5.399997    1.147752    1.107806  4.65e-06  0.00e+00
    5.499997    1.163754    1.137742  4.17e-06  0.00e+00
    5.599997    1.178037    1.169928  4.89e-06  0.00e+00
    5.699996    1.190523    1.203873  4.17e-06  1.19e-07
    5.799996    1.201144    1.239110  4.89e-06  2.38e-07
    5.899996    1.209846    1.275194  4.29e-06  1.19e-07
    5.999996    1.216582    1.311709  5.01e-06  2.38e-07
    6.099996    1.221320    1.348270  4.41e-06  2.38e-07
    6.199996    1.224034    1.384524  4.77e-06  2.38e-07
    6.299996    1.224712    1.420144  4.41e-06  2.38e-07
    6.399996    1.223348    1.454835  4.77e-06  3.58e-07
    6.499996    1.219953    1.488326  4.05e-06  4.77e-07
    6.599996    1.214539    1.520374  4.65e-06  2.38e-07
    6.699996    1.207138    1.550756  4.05e-06  1.19e-07
    6.799995    1.197785    1.579275  4.29e-06  3.58e-07
    6.899995    1.186531    1.605750  3.70e-06  4.77e-07
    6.999995    1.173432    1.630025  3.93e-06  3.58e-07
   ------------------------------------------------------

Final Solver Statistics:
   Internal solver steps = 160 (attempted = 162)
   Total number of error test failures = 2
   Total RHS evals:  Fe = 651,  Fi = 0
   Total mass matrix setups = 489
   Total mass matrix solves = 651
   Total mass times evals = 160
   Errors: u = 3.56728e-06, v = 2.985e-07, total = 2.53126e-06
