
Multirate nonlinear Kvaerno-Prothero-Robinson test problem:
    time domain:  (0,5]
    hs = 0.01
    hf = 0.0001
    G = -100
    w = 100
    e = 0.5
    solver: exp-3/none (explicit slow, no fast)
        t           u           v       uerr      verr
   ------------------------------------------------------
    0.000000    1.224745    1.732051  0.00e+00  0.00e+00
    0.100000    1.223762    1.078831  3.68e-05  1.37e-03
    0.200000    1.220624    1.551447  4.48e-05  3.53e-04
    0.300000    1.215667    1.468247  7.34e-05  5.10e-04
    0.400000    1.208470    1.153488  5.45e-05  1.10e-03
    0.500000    1.199502    1.721910  5.84e-06  2.62e-06
    0.600000    1.188564    1.024808  7.27e-06  1.29e-03
    0.700000    1.175723    1.622414  4.14e-05  3.35e-04
    0.800000    1.161275    1.375554  8.85e-05  9.19e-04
    0.900000    1.144849    1.244912  5.53e-05  8.49e-04
    1.000000    1.127033    1.692052  2.26e-05  2.10e-04
    1.100000    1.107589    1.000912  2.05e-05  4.22e-04
    1.200000    1.086787    1.677291  3.34e-05  2.58e-04
    1.300000    1.064864    1.278871  8.77e-05  1.09e-03
    1.400000    1.041569    1.341653  5.59e-05  7.97e-04
    1.500000    1.017571    1.643336  4.09e-05  3.89e-04
    1.600000    0.992635    1.011506  3.86e-05  6.02e-04
    1.700000    0.967229    1.714009  2.34e-05  4.63e-05
    1.800000    0.941563    1.185073  7.51e-05  1.20e-03
    1.900000    0.915563    1.436880  5.47e-05  5.74e-04
    2.000000    0.889960    1.577472  5.72e-05  3.81e-04
    2.100000    0.864573    1.054909  5.25e-05  1.55e-03
    2.200000    0.840077    1.731120  1.19e-05  2.00e-04
    2.300000    0.816660    1.102045  4.39e-05  9.98e-04
    2.400000    0.794493    1.524737  5.29e-05  3.19e-04
    2.500000    0.774296    1.497464  6.84e-05  4.80e-04
    2.600000    0.755957    1.125534  5.64e-05  1.33e-03
    2.700000    0.740245    1.727746  1.07e-06  2.11e-04
    2.799999    0.727259    1.039377  1.17e-05  9.96e-04
    2.899999    0.717255    1.600572  4.65e-05  2.03e-04
    2.999999    0.710716    1.407080  7.98e-05  7.22e-04
    3.099999    0.707356    1.214464  5.64e-05  7.89e-05
    3.199999    0.707731    1.704584  2.15e-05  5.69e-04
    3.299999    0.711507    1.007044  1.29e-05  2.66e-03
    3.399999    0.718708    1.660737  4.10e-05  5.12e-04
    3.499999    0.729320    1.312685  9.30e-05  2.63e-03
    3.599999    0.742649    1.309529  6.25e-05  5.95e-04
    3.699999    0.758948    1.661825  3.42e-05  6.18e-04
    3.799999    0.777469    1.005392  3.71e-05  9.95e-04
    3.899998    0.798108    1.703393  3.53e-05  6.45e-04
    3.999998    0.820556    1.216933  8.20e-05  2.61e-03
    4.099998    0.844079    1.405485  7.02e-05  9.27e-04
    4.199998    0.868876    1.600933  4.43e-05  1.98e-04
    4.299998    0.894147    1.038695  5.60e-05  2.78e-04
    4.399998    0.919935    1.726385  2.87e-05  1.16e-03
    4.499998    0.945887    1.129769  5.36e-05  2.95e-03
    4.599998    0.971491    1.495957  6.64e-05  1.09e-03
    4.699998    0.996959    1.525509  6.12e-05  5.05e-04
    4.799998    1.021576    1.100879  6.40e-05  2.10e-04
    4.899998    1.045573    1.729719  1.59e-05  1.20e-03
    4.999998    1.068585    1.059587  2.07e-05  3.16e-03
   ------------------------------------------------------

Final Solver Statistics:
   Steps: nsts = 500, nstf = 50308
   u error = 5.143e-05, v error = 1.148e-03, total error = 8.129e-04
   Total RHS evals:  Fs = 1501,  Ff = 150974
