
Multirate nonlinear Kvaerno-Prothero-Robinson test problem:
    time domain:  (0,5]
    hs = 0.002
    hf = 2e-05
    G = -100
    w = 100
    e = 0.5
    solver: exp-3/exp-3 (standard MIS)

        t           u           v       uerr      verr
   ------------------------------------------------------
    0.000000    1.224745    1.732051  0.00e+00  0.00e+00
    0.100000    1.223702    1.077358  2.25e-05  1.06e-04
    0.200000    1.220669    1.551751  2.38e-07  4.84e-05
    0.300000    1.215548    1.467686  4.58e-05  5.17e-05
    0.400000    1.208547    1.154508  2.30e-05  7.47e-05
    0.500000    1.199440    1.721885  5.60e-05  2.23e-05
    0.600000    1.188605    1.026321  4.83e-05  2.80e-03
    0.700000    1.175709    1.622877  5.47e-05  1.28e-04
    0.800000    1.161229    1.375745  4.29e-05  1.11e-03
    0.900000    1.144858    1.247281  4.54e-05  1.52e-03
    1.000000    1.127049    1.691416  3.96e-05  4.25e-04
    1.100000    1.107594    1.003537  1.47e-05  3.05e-03
    1.200000    1.086830    1.673746  1.00e-05  3.80e-03
    1.300000    1.064837    1.278035  6.07e-05  2.54e-04
    1.400000    1.041591    1.342333  3.43e-05  1.17e-04
    1.500000    1.017525    1.639607  5.72e-06  3.34e-03
    1.600000    0.992705    1.015455  3.22e-05  3.35e-03
    1.700000    0.967269    1.708357  1.65e-05  5.70e-03
    1.800000    0.941549    1.188111  6.12e-05  4.23e-03
    1.900000    0.915640    1.437511  2.26e-05  5.58e-05
    2.000000    0.889945    1.573451  4.25e-05  3.64e-03
    2.100000    0.864702    1.063888  7.62e-05  7.42e-03
    2.200000    0.840133    1.718723  4.37e-05  1.22e-02
    2.300000    0.816727    1.107618  1.11e-04  6.57e-03
    2.400000    0.794583    1.519723  3.70e-05  5.33e-03
    2.500000    0.774318    1.491929  8.99e-05  5.05e-03
    2.600000    0.756055    1.133771  4.15e-05  6.91e-03
    2.700000    0.740256    1.716140  1.04e-05  1.14e-02
    2.799999    0.727342    1.054157  9.47e-05  1.58e-02
    2.899999    0.717305    1.594612  3.46e-06  6.16e-03
    2.999999    0.710705    1.406750  6.85e-05  3.92e-04
    3.099999    0.707407    1.223520  5.30e-06  9.14e-03
    3.199999    0.707712    1.692597  2.98e-06  1.14e-02
    3.299999    0.711533    1.020976  1.37e-05  1.66e-02
    3.399999    0.718666    1.651033  8.37e-05  1.02e-02
    3.499999    0.729231    1.315576  3.99e-06  5.52e-03
    3.599999    0.742617    1.317463  9.47e-05  7.34e-03
    3.699999    0.758827    1.649196  8.63e-05  1.20e-02
    3.799999    0.777456    1.025794  5.03e-05  2.14e-02
    3.899998    0.797959    1.689835  1.85e-04  1.42e-02
    3.999998    0.820431    1.227911  4.34e-05  1.36e-02
    4.099998    0.843964    1.409933  1.85e-04  3.52e-03
    4.199998    0.868699    1.590740  1.33e-04  9.99e-03
    4.299998    0.894096    1.062931  1.07e-04  2.45e-02
    4.399998    0.919748    1.710181  2.15e-04  1.74e-02
    4.499998    0.945762    1.149852  7.13e-05  2.30e-02
    4.599998    0.971310    1.495611  2.47e-04  1.43e-03
    4.699998    0.996773    1.519240  1.24e-04  5.76e-03
    4.799998    1.021511    1.126326  1.29e-04  2.52e-02
    4.899998    1.045374    1.710852  2.15e-04  2.01e-02
    4.999998    1.068492    1.088934  7.25e-05  3.25e-02
   ------------------------------------------------------

Final Solver Statistics:
   Steps: nsts = 2500, nstf = 242264
   u error = 8.895e-05, v error = 1.116e-02, total error = 7.893e-03
   Total RHS evals:  Fs = 7500,  Ff = 726792
