 ------- 
| SPGMR |
 -------
 
2-species diurnal advection-diffusion problem

t = 8.64e+04   no. steps = 521   order = 5   stepsize = 7.37e+02
c1 (bot.left/middle/top rt.) =    7.791e-18     5.244e-15     1.555e-16
c2 (bot.left/middle/top rt.) =    3.352e+11     9.107e+11     4.163e+11


Final Statistics.. 

lenrw   =  2689     leniw   =    53
lenrwLS =  2454     leniwLS =    42
nst     =   521
nfe     =   635     nfeLS   =   703
nni     =   634     nli     =   703
nsetups =    80     netf    =    25
npe     =    11     nps     =  1292
ncfn    =     0     ncfl    =     1

======================================================================

 --------- 
| SPFGMR |
 ---------
 
2-species diurnal advection-diffusion problem

t = 8.64e+04   no. steps = 589   order = 5   stepsize = 6.83e+02
c1 (bot.left/middle/top rt.) =    2.021e-16     3.758e-14    -7.728e-16
c2 (bot.left/middle/top rt.) =    3.352e+11     9.106e+11     4.163e+11


Final Statistics.. 

lenrw   =  2689     leniw   =    53
lenrwLS =  3254     leniwLS =    46
nst     =   589
nfe     =   727     nfeLS   =  1236
nni     =   726     nli     =  1236
nsetups =    89     netf    =    27
npe     =    13     nps     =  1236
ncfn    =     1     ncfl    =     4

======================================================================

 ------- 
| SPBCGS |
 -------
 
2-species diurnal advection-diffusion problem

t = 8.64e+04   no. steps = 579   order = 5   stepsize = 5.94e+02
c1 (bot.left/middle/top rt.) =    2.788e-24     7.896e-21     1.314e-24
c2 (bot.left/middle/top rt.) =    3.352e+11     9.107e+11     4.163e+11


Final Statistics.. 

lenrw   =  2689     leniw   =    53
lenrwLS =  2202     leniwLS =    41
nst     =   579
nfe     =   727     nfeLS   =  1324
nni     =   726     nli     =   662
nsetups =    93     netf    =    28
npe     =    14     nps     =  1978
ncfn    =     2     ncfl    =     3

 --------- 
| SPTFQMR |
 ---------
 
2-species diurnal advection-diffusion problem

t = 8.64e+04   no. steps = 560   order = 5   stepsize = 6.43e+02
c1 (bot.left/middle/top rt.) =    1.325e-23    -1.829e-20     1.098e-22
c2 (bot.left/middle/top rt.) =    3.352e+11     9.107e+11     4.163e+11


Final Statistics.. 

lenrw   =  2689     leniw   =    53
lenrwLS =  2602     leniwLS =    43
nst     =   560
nfe     =   719     nfeLS   =  1698
nni     =   718     nli     =   654
nsetups =    96     netf    =    37
npe     =    12     nps     =  2665
ncfn    =     0     ncfl    =     0

