 ------- 
| SPGMR |
 -------
 
2-species diurnal advection-diffusion problem

t = 7.20e+03   no. steps = 211   order = 4   stepsize = 1.06e+02
c1 (bot.left/middle/top rt.) =    1.047e+04     2.964e+04     1.119e+04
c2 (bot.left/middle/top rt.) =    2.527e+11     7.154e+11     2.700e+11

t = 1.44e+04   no. steps = 247   order = 5   stepsize = 2.57e+02
c1 (bot.left/middle/top rt.) =    6.659e+06     5.316e+06     7.301e+06
c2 (bot.left/middle/top rt.) =    2.582e+11     2.057e+11     2.833e+11

t = 2.16e+04   no. steps = 275   order = 5   stepsize = 2.57e+02
c1 (bot.left/middle/top rt.) =    2.665e+07     1.036e+07     2.931e+07
c2 (bot.left/middle/top rt.) =    2.993e+11     1.028e+11     3.313e+11

t = 2.88e+04   no. steps = 319   order = 4   stepsize = 1.07e+02
c1 (bot.left/middle/top rt.) =    8.702e+06     1.292e+07     9.650e+06
c2 (bot.left/middle/top rt.) =    3.380e+11     5.029e+11     3.751e+11

t = 3.60e+04   no. steps = 367   order = 4   stepsize = 7.85e+01
c1 (bot.left/middle/top rt.) =    1.404e+04     2.029e+04     1.561e+04
c2 (bot.left/middle/top rt.) =    3.387e+11     4.894e+11     3.765e+11

t = 4.32e+04   no. steps = 443   order = 5   stepsize = 5.79e+02
c1 (bot.left/middle/top rt.) =    2.552e-07     2.035e-06     3.487e-07
c2 (bot.left/middle/top rt.) =    3.382e+11     1.355e+11     3.804e+11

t = 5.04e+04   no. steps = 458   order = 5   stepsize = 3.34e+02
c1 (bot.left/middle/top rt.) =    4.198e-07     2.139e-05     7.543e-07
c2 (bot.left/middle/top rt.) =    3.358e+11     4.930e+11     3.864e+11

t = 5.76e+04   no. steps = 477   order = 4   stepsize = 2.80e+02
c1 (bot.left/middle/top rt.) =   -3.818e-11    -7.799e-09     2.118e-10
c2 (bot.left/middle/top rt.) =    3.320e+11     9.650e+11     3.909e+11

t = 6.48e+04   no. steps = 492   order = 5   stepsize = 7.37e+02
c1 (bot.left/middle/top rt.) =   -1.159e-14     5.562e-12    -2.357e-13
c2 (bot.left/middle/top rt.) =    3.313e+11     8.922e+11     3.963e+11

t = 7.20e+04   no. steps = 502   order = 5   stepsize = 7.37e+02
c1 (bot.left/middle/top rt.) =    8.070e-16    -3.858e-13     1.635e-14
c2 (bot.left/middle/top rt.) =    3.330e+11     6.186e+11     4.039e+11

t = 7.92e+04   no. steps = 511   order = 5   stepsize = 7.37e+02
c1 (bot.left/middle/top rt.) =   -5.050e-17     1.932e-14    -1.010e-15
c2 (bot.left/middle/top rt.) =    3.334e+11     6.669e+11     4.120e+11

t = 8.64e+04   no. steps = 521   order = 5   stepsize = 7.37e+02
c1 (bot.left/middle/top rt.) =    7.791e-18     5.244e-15     1.555e-16
c2 (bot.left/middle/top rt.) =    3.352e+11     9.107e+11     4.163e+11


Final Statistics.. 

lenrw   =  2689     leniw   =    53
lenrwLS =  2454     leniwLS =    42
nst     =   521
nfe     =   635     nfeLS   =   703
nni     =   634     nli     =   703
nsetups =    80     netf    =    25
npe     =    11     nps     =  1292
ncfn    =     0     ncfl    =     1

======================================================================

 --------- 
| SPFGMR |
 ---------
 
2-species diurnal advection-diffusion problem

t = 7.20e+03   no. steps = 252   order = 4   stepsize = 9.19e+01
c1 (bot.left/middle/top rt.) =    1.047e+04     2.964e+04     1.119e+04
c2 (bot.left/middle/top rt.) =    2.527e+11     7.154e+11     2.700e+11

t = 1.44e+04   no. steps = 297   order = 5   stepsize = 2.39e+02
c1 (bot.left/middle/top rt.) =    6.659e+06     5.316e+06     7.301e+06
c2 (bot.left/middle/top rt.) =    2.582e+11     2.057e+11     2.833e+11

t = 2.16e+04   no. steps = 326   order = 5   stepsize = 3.66e+02
c1 (bot.left/middle/top rt.) =    2.665e+07     1.036e+07     2.931e+07
c2 (bot.left/middle/top rt.) =    2.993e+11     1.028e+11     3.313e+11

t = 2.88e+04   no. steps = 395   order = 3   stepsize = 7.36e+01
c1 (bot.left/middle/top rt.) =    8.702e+06     1.292e+07     9.650e+06
c2 (bot.left/middle/top rt.) =    3.380e+11     5.029e+11     3.751e+11

t = 3.60e+04   no. steps = 446   order = 4   stepsize = 7.30e+01
c1 (bot.left/middle/top rt.) =    1.404e+04     2.029e+04     1.561e+04
c2 (bot.left/middle/top rt.) =    3.387e+11     4.894e+11     3.765e+11

t = 4.32e+04   no. steps = 516   order = 4   stepsize = 4.46e+02
c1 (bot.left/middle/top rt.) =    1.377e-09     4.135e-10     2.103e-09
c2 (bot.left/middle/top rt.) =    3.382e+11     1.355e+11     3.804e+11

t = 5.04e+04   no. steps = 534   order = 5   stepsize = 3.76e+02
c1 (bot.left/middle/top rt.) =   -4.234e-12    -7.825e-10    -7.998e-12
c2 (bot.left/middle/top rt.) =    3.358e+11     4.930e+11     3.864e+11

t = 5.76e+04   no. steps = 546   order = 5   stepsize = 4.29e+02
c1 (bot.left/middle/top rt.) =   -6.006e-12    -1.566e-09    -7.670e-12
c2 (bot.left/middle/top rt.) =    3.320e+11     9.650e+11     3.909e+11

t = 6.48e+04   no. steps = 558   order = 5   stepsize = 6.83e+02
c1 (bot.left/middle/top rt.) =   -1.432e-12    -2.083e-10    -2.294e-12
c2 (bot.left/middle/top rt.) =    3.313e+11     8.922e+11     3.963e+11

t = 7.20e+04   no. steps = 568   order = 5   stepsize = 6.83e+02
c1 (bot.left/middle/top rt.) =   -3.452e-13    -5.165e-11     1.027e-12
c2 (bot.left/middle/top rt.) =    3.330e+11     6.186e+11     4.039e+11

t = 7.92e+04   no. steps = 579   order = 5   stepsize = 6.83e+02
c1 (bot.left/middle/top rt.) =    9.853e-16     5.364e-13    -3.831e-15
c2 (bot.left/middle/top rt.) =    3.334e+11     6.669e+11     4.120e+11

t = 8.64e+04   no. steps = 589   order = 5   stepsize = 6.83e+02
c1 (bot.left/middle/top rt.) =    2.021e-16     3.758e-14    -7.728e-16
c2 (bot.left/middle/top rt.) =    3.352e+11     9.106e+11     4.163e+11


Final Statistics.. 

lenrw   =  2689     leniw   =    53
lenrwLS =  3254     leniwLS =    46
nst     =   589
nfe     =   727     nfeLS   =  1236
nni     =   726     nli     =  1236
nsetups =    89     netf    =    27
npe     =    13     nps     =  1236
ncfn    =     1     ncfl    =     4

======================================================================

 ------- 
| SPBCGS |
 -------
 
2-species diurnal advection-diffusion problem

t = 7.20e+03   no. steps = 255   order = 4   stepsize = 9.78e+01
c1 (bot.left/middle/top rt.) =    1.047e+04     2.964e+04     1.119e+04
c2 (bot.left/middle/top rt.) =    2.527e+11     7.154e+11     2.700e+11

t = 1.44e+04   no. steps = 296   order = 4   stepsize = 2.23e+02
c1 (bot.left/middle/top rt.) =    6.659e+06     5.316e+06     7.301e+06
c2 (bot.left/middle/top rt.) =    2.582e+11     2.057e+11     2.833e+11

t = 2.16e+04   no. steps = 333   order = 4   stepsize = 2.94e+02
c1 (bot.left/middle/top rt.) =    2.665e+07     1.036e+07     2.931e+07
c2 (bot.left/middle/top rt.) =    2.993e+11     1.028e+11     3.313e+11

t = 2.88e+04   no. steps = 360   order = 4   stepsize = 1.72e+02
c1 (bot.left/middle/top rt.) =    8.702e+06     1.292e+07     9.650e+06
c2 (bot.left/middle/top rt.) =    3.380e+11     5.029e+11     3.751e+11

t = 3.60e+04   no. steps = 406   order = 4   stepsize = 7.70e+01
c1 (bot.left/middle/top rt.) =    1.404e+04     2.029e+04     1.561e+04
c2 (bot.left/middle/top rt.) =    3.387e+11     4.894e+11     3.765e+11

t = 4.32e+04   no. steps = 478   order = 5   stepsize = 5.83e+02
c1 (bot.left/middle/top rt.) =    1.873e-08     1.765e-08     2.083e-08
c2 (bot.left/middle/top rt.) =    3.382e+11     1.355e+11     3.804e+11

t = 5.04e+04   no. steps = 497   order = 4   stepsize = 3.53e+02
c1 (bot.left/middle/top rt.) =   -4.646e-07    -2.017e-06    -6.103e-07
c2 (bot.left/middle/top rt.) =    3.358e+11     4.930e+11     3.864e+11

t = 5.76e+04   no. steps = 523   order = 4   stepsize = 7.23e+01
c1 (bot.left/middle/top rt.) =   -3.299e-08    -6.783e-07    -3.898e-08
c2 (bot.left/middle/top rt.) =    3.320e+11     9.650e+11     3.909e+11

t = 6.48e+04   no. steps = 543   order = 5   stepsize = 5.94e+02
c1 (bot.left/middle/top rt.) =    1.750e-15     3.573e-14     2.064e-15
c2 (bot.left/middle/top rt.) =    3.313e+11     8.922e+11     3.963e+11

t = 7.20e+04   no. steps = 555   order = 5   stepsize = 5.94e+02
c1 (bot.left/middle/top rt.) =    2.065e-19     4.195e-18     2.436e-19
c2 (bot.left/middle/top rt.) =    3.330e+11     6.186e+11     4.039e+11

t = 7.92e+04   no. steps = 567   order = 5   stepsize = 5.94e+02
c1 (bot.left/middle/top rt.) =    2.586e-23     3.679e-20    -2.914e-23
c2 (bot.left/middle/top rt.) =    3.334e+11     6.669e+11     4.120e+11

t = 8.64e+04   no. steps = 579   order = 5   stepsize = 5.94e+02
c1 (bot.left/middle/top rt.) =    2.788e-24     7.896e-21     1.314e-24
c2 (bot.left/middle/top rt.) =    3.352e+11     9.107e+11     4.163e+11


Final Statistics.. 

lenrw   =  2689     leniw   =    53
lenrwLS =  2202     leniwLS =    41
nst     =   579
nfe     =   727     nfeLS   =  1324
nni     =   726     nli     =   662
nsetups =    93     netf    =    28
npe     =    14     nps     =  1978
ncfn    =     2     ncfl    =     3

 --------- 
| SPTFQMR |
 ---------
 
2-species diurnal advection-diffusion problem

t = 7.20e+03   no. steps = 200   order = 4   stepsize = 9.34e+01
c1 (bot.left/middle/top rt.) =    1.047e+04     2.964e+04     1.119e+04
c2 (bot.left/middle/top rt.) =    2.527e+11     7.154e+11     2.700e+11

t = 1.44e+04   no. steps = 245   order = 5   stepsize = 2.47e+02
c1 (bot.left/middle/top rt.) =    6.659e+06     5.316e+06     7.301e+06
c2 (bot.left/middle/top rt.) =    2.582e+11     2.057e+11     2.833e+11

t = 2.16e+04   no. steps = 276   order = 4   stepsize = 2.96e+02
c1 (bot.left/middle/top rt.) =    2.665e+07     1.036e+07     2.931e+07
c2 (bot.left/middle/top rt.) =    2.993e+11     1.028e+11     3.313e+11

t = 2.88e+04   no. steps = 330   order = 3   stepsize = 8.92e+01
c1 (bot.left/middle/top rt.) =    8.702e+06     1.292e+07     9.650e+06
c2 (bot.left/middle/top rt.) =    3.380e+11     5.029e+11     3.751e+11

t = 3.60e+04   no. steps = 382   order = 4   stepsize = 7.13e+01
c1 (bot.left/middle/top rt.) =    1.404e+04     2.029e+04     1.561e+04
c2 (bot.left/middle/top rt.) =    3.387e+11     4.895e+11     3.765e+11

t = 4.32e+04   no. steps = 476   order = 4   stepsize = 4.15e+02
c1 (bot.left/middle/top rt.) =    1.598e-09    -3.445e-06     1.603e-08
c2 (bot.left/middle/top rt.) =    3.382e+11     1.355e+11     3.804e+11

t = 5.04e+04   no. steps = 495   order = 4   stepsize = 2.87e+02
c1 (bot.left/middle/top rt.) =    1.659e-15    -3.200e-12     1.673e-14
c2 (bot.left/middle/top rt.) =    3.358e+11     4.930e+11     3.864e+11

t = 5.76e+04   no. steps = 511   order = 5   stepsize = 1.42e+02
c1 (bot.left/middle/top rt.) =   -6.130e-13     1.263e-09    -6.427e-12
c2 (bot.left/middle/top rt.) =    3.320e+11     9.650e+11     3.909e+11

t = 6.48e+04   no. steps = 526   order = 5   stepsize = 6.43e+02
c1 (bot.left/middle/top rt.) =   -5.968e-15     1.326e-11    -6.517e-14
c2 (bot.left/middle/top rt.) =    3.313e+11     8.922e+11     3.963e+11

t = 7.20e+04   no. steps = 537   order = 5   stepsize = 6.43e+02
c1 (bot.left/middle/top rt.) =   -4.202e-19     7.555e-16    -4.537e-18
c2 (bot.left/middle/top rt.) =    3.330e+11     6.186e+11     4.039e+11

t = 7.92e+04   no. steps = 549   order = 5   stepsize = 6.43e+02
c1 (bot.left/middle/top rt.) =    1.080e-21    -2.085e-18     1.115e-20
c2 (bot.left/middle/top rt.) =    3.334e+11     6.669e+11     4.120e+11

t = 8.64e+04   no. steps = 560   order = 5   stepsize = 6.43e+02
c1 (bot.left/middle/top rt.) =    1.325e-23    -1.829e-20     1.098e-22
c2 (bot.left/middle/top rt.) =    3.352e+11     9.107e+11     4.163e+11


Final Statistics.. 

lenrw   =  2689     leniw   =    53
lenrwLS =  2602     leniwLS =    43
nst     =   560
nfe     =   719     nfeLS   =  1698
nni     =   718     nli     =   654
nsetups =    96     netf    =    37
npe     =    12     nps     =  2665
ncfn    =     0     ncfl    =     0

