

Demonstration program for CVODE - SPGMR linear solver

Food web problem with ns species, ns = 6
Predator-prey interaction and diffusion on a 2-D square

Matrix parameters: a = 1   e = 1e+04   g = 5e-07
b parameter = 1
Diffusion coefficients: Dprey = 1   Dpred = 0.5
Rate parameter alpha = 1

Mesh dimensions (mx,my) are 6, 6.  Total system size is neq = 216 

Tolerances: reltol = 1e-05, abstol = 1e-05 

Preconditioning uses a product of:
  (1) Gauss-Seidel iterations with itmax = 5 iterations, and
  (2) interaction-only block-diagonal matrix with block-grouping
  Number of diagonal block groups = ngrp = 4  (ngx by ngy, ngx = 2, ngy = 2)


----------------------------------------------------------------------------


Preconditioner type is           jpre = SUN_PREC_LEFT

Gram-Schmidt method type is    gstype = SUN_MODIFIED_GS


c values at t = 0:

Species 1
10        10        10        10        10        10        
10        10.1678   10.3775   10.3775   10.1678   10        
10        10.3775   10.8493   10.8493   10.3775   10        
10        10.3775   10.8493   10.8493   10.3775   10        
10        10.1678   10.3775   10.3775   10.1678   10        
10        10        10        10        10        10        

Species 2
10        10        10        10        10        10        
10        10.3355   10.755    10.755    10.3355   10        
10        10.755    11.6987   11.6987   10.755    10        
10        10.755    11.6987   11.6987   10.755    10        
10        10.3355   10.755    10.755    10.3355   10        
10        10        10        10        10        10        

Species 3
10        10        10        10        10        10        
10        10.5033   11.1325   11.1325   10.5033   10        
10        11.1325   12.548    12.548    11.1325   10        
10        11.1325   12.548    12.548    11.1325   10        
10        10.5033   11.1325   11.1325   10.5033   10        
10        10        10        10        10        10        

Species 4
10        10        10        10        10        10        
10        10.6711   11.5099   11.5099   10.6711   10        
10        11.5099   13.3974   13.3974   11.5099   10        
10        11.5099   13.3974   13.3974   11.5099   10        
10        10.6711   11.5099   11.5099   10.6711   10        
10        10        10        10        10        10        

Species 5
10        10        10        10        10        10        
10        10.8389   11.8874   11.8874   10.8389   10        
10        11.8874   14.2467   14.2467   11.8874   10        
10        11.8874   14.2467   14.2467   11.8874   10        
10        10.8389   11.8874   11.8874   10.8389   10        
10        10        10        10        10        10        

Species 6
10        10        10        10        10        10        
10        11.0066   12.2649   12.2649   11.0066   10        
10        12.2649   15.0961   15.0961   12.2649   10        
10        12.2649   15.0961   15.0961   12.2649   10        
10        11.0066   12.2649   12.2649   11.0066   10        
10        10        10        10        10        10        

t =   1.00e-08  nst = 3  nfe = 10  nni = 7  qu = 2  hu =    2.04e-08

t =   1.00e-07  nst = 7  nfe = 14  nni = 11  qu = 2  hu =    4.83e-08

t =   1.00e-06  nst = 15  nfe = 24  nni = 21  qu = 3  hu =    1.48e-07

c values at t = 1e-06:

Species 1
9.99991   9.99992   9.99994   9.99994   9.99993   9.99992   
9.99992   10.1677   10.3774   10.3774   10.1677   9.99993   
9.99993   10.3774   10.8492   10.8492   10.3774   9.99994   
9.99993   10.3774   10.8492   10.8492   10.3774   9.99994   
9.99992   10.1677   10.3774   10.3774   10.1677   9.99992   
9.99991   9.99992   9.99993   9.99993   9.99992   9.99991   

Species 2
9.99991   9.99993   9.99996   9.99996   9.99994   9.99992   
9.99993   10.3355   10.7549   10.7549   10.3355   9.99994   
9.99995   10.7549   11.6985   11.6985   10.7549   9.99996   
9.99995   10.7549   11.6985   11.6985   10.7549   9.99996   
9.99993   10.3355   10.7549   10.7549   10.3355   9.99993   
9.99991   9.99993   9.99995   9.99995   9.99993   9.99991   

Species 3
9.99991   9.99994   9.99997   9.99997   9.99994   9.99992   
9.99994   10.5032   11.1323   11.1323   10.5032   9.99994   
9.99997   11.1323   12.5478   12.5478   11.1323   9.99997   
9.99997   11.1323   12.5478   12.5478   11.1323   9.99997   
9.99994   10.5032   11.1323   11.1323   10.5032   9.99994   
9.99991   9.99994   9.99997   9.99997   9.99994   9.99991   

Species 4
13.499    13.499    13.499    13.499    13.499    13.499    
13.499    14.5507   15.8933   15.8933   14.5507   13.499    
13.4991   15.8933   19.0309   19.0309   15.8933   13.499    
13.4991   15.8933   19.0309   19.0309   15.8933   13.499    
13.499    14.5507   15.8933   15.8933   14.5507   13.499    
13.499    13.499    13.4991   13.4991   13.499    13.499    

Species 5
13.499    13.499    13.4991   13.4991   13.499    13.499    
13.499    14.7794   16.4145   16.4145   14.7794   13.499    
13.4991   16.4145   20.2373   20.2373   16.4145   13.4991   
13.4991   16.4145   20.2373   20.2373   16.4145   13.4991   
13.499    14.7794   16.4145   16.4145   14.7794   13.499    
13.499    13.499    13.4991   13.4991   13.499    13.499    

Species 6
13.499    13.499    13.4991   13.4991   13.499    13.499    
13.499    15.0082   16.9358   16.9358   15.0082   13.499    
13.4991   16.9358   21.4438   21.4438   16.9358   13.4991   
13.4991   16.9358   21.4438   21.4438   16.9358   13.4991   
13.499    15.0082   16.9358   16.9358   15.0082   13.499    
13.499    13.499    13.4991   13.4991   13.499    13.499    

t =   1.00e-05  nst = 39  nfe = 50  nni = 47  qu = 4  hu =    4.06e-07

t =   1.00e-04  nst = 129  nfe = 148  nni = 145  qu = 5  hu =    3.71e-06

t =   1.00e-03  nst = 152  nfe = 176  nni = 173  qu = 2  hu =    5.41e-04

c values at t = 0.001:

Species 1
9.90703   9.91664   9.92834   9.93032   9.92254   9.91674   
9.9147    10.0747   10.2769   10.2785   10.0795   9.92254   
9.92446   10.2748   10.7181   10.7194   10.2785   9.93032   
9.92445   10.2744   10.7173   10.7181   10.2769   9.92834   
9.91467   10.0734   10.2744   10.2748   10.0747   9.91664   
9.90698   9.91467   9.92445   9.92446   9.9147    9.90703   

Species 2
9.90742   9.92474   9.94622   9.94819   9.93063   9.91713   
9.92282   10.2412   10.644    10.6457   10.2461   9.93063   
9.94233   10.6419   11.5267   11.528    10.6457   9.94819   
9.94232   10.6415   11.5258   11.5267   10.644    9.94622   
9.92279   10.24     10.6415   10.6419   10.2412   9.92474   
9.90738   9.92279   9.94232   9.94233   9.92282   9.90742   

Species 3
9.90781   9.93283   9.96407   9.96605   9.93875   9.91752   
9.93091   10.4078   11.0109   11.0127   10.4127   9.93875   
9.96018   11.0088   12.3339   12.3354   11.0127   9.96605   
9.96017   11.0083   12.3329   12.3339   11.0109   9.96407   
9.93088   10.4065   11.0083   11.0088   10.4077   9.93283   
9.90777   9.93088   9.96017   9.96018   9.93091   9.90781   

Species 4
297231    297749    298392    298451    297925    297520    
297692    307244    319327    319378    307390    297925    
298276    319264    345799    345839    319378    298451    
298276    319252    345771    345799    319327    298392    
297691    307208    319252    319264    307244    297749    
297229    297691    298276    298276    297692    297231    

Species 5
297231    297749    298392    298451    297925    297520    
297692    307244    319327    319378    307390    297925    
298276    319264    345799    345839    319378    298451    
298276    319252    345771    345799    319327    298392    
297691    307208    319252    319264    307244    297749    
297230    297691    298276    298276    297692    297231    

Species 6
297231    297749    298392    298451    297925    297520    
297692    307244    319327    319378    307390    297925    
298276    319264    345799    345839    319378    298451    
298276    319252    345771    345799    319327    298392    
297691    307208    319252    319264    307244    297749    
297230    297691    298276    298276    297692    297231    

t =   1.00e-02  nst = 160  nfe = 186  nni = 183  qu = 3  hu =    1.89e-03

t =   1.00e-01  nst = 185  nfe = 213  nni = 210  qu = 4  hu =    6.64e-03

t =   1.00e+00  nst = 257  nfe = 299  nni = 296  qu = 3  hu =    1.86e-02

c values at t = 1:

Species 1
1.58854   1.59927   1.62155   1.64768   1.6704    1.68153   
1.58535   1.59506   1.61551   1.63956   1.66038   1.67041   
1.5776    1.58551   1.60243   1.62241   1.63959   1.64771   
1.56824   1.57416   1.58711   1.60247   1.61557   1.62162   
1.56052   1.56467   1.57417   1.58554   1.59515   1.59938   
1.55737   1.56052   1.56824   1.57759   1.58542   1.58864   

Species 2
1.59066   1.6014    1.6237    1.64985   1.67259   1.68373   
1.58747   1.59719   1.61765   1.64171   1.66254   1.67258   
1.5797    1.58762   1.60455   1.62451   1.64169   1.64982   
1.57032   1.57624   1.58919   1.60451   1.61759   1.62362   
1.56259   1.56674   1.57623   1.58758   1.5971    1.60129   
1.55943   1.56259   1.57032   1.57971   1.58741   1.59056   

Species 3
1.59271   1.60347   1.62579   1.65198   1.67475   1.6859    
1.58952   1.59925   1.61974   1.64384   1.66469   1.67475   
1.58175   1.58967   1.60663   1.62663   1.64384   1.65198   
1.57237   1.57829   1.59126   1.60663   1.61974   1.62579   
1.56463   1.56879   1.57829   1.58967   1.59925   1.60347   
1.56147   1.56463   1.57237   1.58175   1.58952   1.59271   

Species 4
47718.7   48040.6   48709.3   49493.8   50175.8   50509.8   
47623.1   47914.4   48528.1   49250     49874.7   50175.8   
47390     47627.3   48135.3   48734.5   49250     49493.8   
47108.9   47286.4   47674.9   48135.3   48528.1   48709.4   
46876.9   47001.4   47286.4   47627.3   47914.4   48040.6   
46782.2   46876.9   47108.8   47390     47623.1   47718.7   

Species 5
47718.7   48040.6   48709.4   49493.8   50175.8   50509.7   
47623.1   47914.4   48528.1   49250     49874.7   50175.8   
47390     47627.3   48135.3   48734.5   49250     49493.8   
47108.9   47286.4   47674.9   48135.3   48528.1   48709.4   
46876.9   47001.5   47286.3   47627.3   47914.4   48040.6   
46782.2   46876.9   47108.9   47390     47623.1   47718.7   

Species 6
47718.7   48040.6   48709.3   49493.9   50175.8   50509.7   
47623.1   47914.4   48528.1   49250     49874.7   50175.9   
47390     47627.3   48135.3   48734.5   49250     49493.8   
47108.8   47286.4   47674.9   48135.3   48528.1   48709.4   
46876.9   47001.4   47286.3   47627.3   47914.4   48040.6   
46782.1   46876.9   47108.9   47390     47623.1   47718.7   

t =   2.00e+00  nst = 290  nfe = 332  nni = 329  qu = 3  hu =    4.75e-02

t =   3.00e+00  nst = 305  nfe = 348  nni = 345  qu = 3  hu =    7.40e-02

t =   4.00e+00  nst = 318  nfe = 362  nni = 359  qu = 3  hu =    7.40e-02

c values at t = 4:

Species 1
1.19537   1.20369   1.22111   1.24158   1.25936   1.26801   
1.1928    1.20036   1.21637   1.23523   1.25154   1.25936   
1.18657   1.19274   1.20603   1.22174   1.23523   1.24158   
1.17904   1.1837    1.1939    1.20603   1.21637   1.2211    
1.17285   1.17613   1.18369   1.19274   1.20036   1.20369   
1.17034   1.17285   1.17905   1.18658   1.19281   1.19536   

Species 2
1.19539   1.20372   1.22114   1.24161   1.25939   1.26804   
1.19284   1.20039   1.2164    1.23527   1.25158   1.25939   
1.18661   1.19278   1.20606   1.22177   1.23527   1.24161   
1.1791    1.18373   1.19393   1.20606   1.2164    1.22113   
1.17289   1.17616   1.18372   1.19277   1.20039   1.20372   
1.17037   1.17289   1.17908   1.18661   1.19284   1.19539   

Species 3
1.1954    1.20375   1.22116   1.24165   1.25942   1.26808   
1.19288   1.20042   1.21643   1.2353    1.25161   1.25942   
1.18664   1.19281   1.2061    1.22181   1.2353    1.24165   
1.1791    1.18372   1.19396   1.2061    1.21643   1.22117   
1.17291   1.1762    1.18375   1.19281   1.20042   1.20375   
1.17036   1.17291   1.17912   1.18664   1.19288   1.19542   

Species 4
35860.8   36110.4   36632.6   37246.6   37779.7   38038.9   
35784.4   36010.5   36490.6   37056.5   37545.5   37779.7   
35597.4   35782.2   36180.7   36651.8   37056.5   37246.6   
35371.6   35510.6   35816.9   36180.7   36490.6   36632.6   
35185.7   35284     35510.6   35782.2   36010.5   36110.4   
35109.8   35185.7   35371.6   35597.4   35784.4   35860.8   

Species 5
35860.8   36110.4   36632.5   37246.7   37779.6   38038.9   
35784.4   36010.5   36490.6   37056.4   37545.6   37779.6   
35597.4   35782.2   36180.7   36651.8   37056.4   37246.7   
35371.5   35510.6   35816.8   36180.7   36490.6   36632.6   
35185.7   35283.9   35510.6   35782.2   36010.5   36110.4   
35109.8   35185.7   35371.5   35597.4   35784.4   35860.8   

Species 6
35860.8   36110.4   36632.6   37246.6   37779.7   38038.9   
35784.4   36010.5   36490.6   37056.5   37545.5   37779.7   
35597.4   35782.2   36180.7   36651.8   37056.5   37246.6   
35371.6   35510.6   35816.8   36180.7   36490.6   36632.6   
35185.7   35283.9   35510.6   35782.2   36010.6   36110.4   
35109.8   35185.7   35371.5   35597.4   35784.4   35860.8   

t =   5.00e+00  nst = 332  nfe = 377  nni = 374  qu = 3  hu =    7.40e-02

t =   6.00e+00  nst = 345  nfe = 392  nni = 389  qu = 3  hu =    7.40e-02

t =   7.00e+00  nst = 359  nfe = 408  nni = 405  qu = 3  hu =    7.40e-02

c values at t = 7:

Species 1
1.18855   1.19683   1.21416   1.23454   1.25222   1.26083   
1.18601   1.19352   1.20945   1.22822   1.24445   1.25222   
1.17981   1.18594   1.19917   1.2148    1.22822   1.23454   
1.17232   1.17693   1.18709   1.19917   1.20945   1.21416   
1.16614   1.16941   1.17693   1.18594   1.19352   1.19683   
1.16363   1.16614   1.17232   1.17981   1.18601   1.18855   

Species 2
1.18853   1.19682   1.21415   1.23452   1.25221   1.26082   
1.186     1.19351   1.20944   1.22821   1.24444   1.25221   
1.17979   1.18593   1.19915   1.21478   1.22821   1.23452   
1.1723    1.17692   1.18708   1.19915   1.20944   1.21415   
1.16613   1.1694    1.17692   1.18593   1.19351   1.19682   
1.16362   1.16613   1.1723    1.1798    1.186     1.18853   

Species 3
1.18854   1.19683   1.21415   1.23453   1.25222   1.26082   
1.186     1.19351   1.20944   1.22822   1.24444   1.25222   
1.1798    1.18594   1.19916   1.21479   1.22822   1.23453   
1.17231   1.17692   1.18709   1.19916   1.20944   1.21415   
1.16614   1.1694    1.17692   1.18594   1.19351   1.19683   
1.16363   1.16614   1.17231   1.1798    1.186     1.18854   

Species 4
35655.3   35903.7   36423.2   37034.2   37564.4   37822.4   
35579.3   35804.2   36282     36844.9   37331.6   37564.4   
35393.1   35577.1   35973.5   36442.3   36844.9   37034.1   
35168.4   35306.6   35611.5   35973.5   36282     36423.1   
34983.3   35081.2   35306.6   35577     35804.2   35903.7   
34907.9   34983.2   35168.4   35393.1   35579.4   35655.3   

Species 5
35655.4   35903.6   36423.2   37034.1   37564.5   37822.4   
35579.3   35804.3   36281.9   36844.9   37331.5   37564.4   
35393.2   35577     35973.5   36442.3   36844.9   37034.1   
35168.4   35306.7   35611.4   35973.5   36281.9   36423.2   
34983.3   35081.1   35306.7   35577     35804.3   35903.6   
34907.8   34983.3   35168.3   35393.2   35579.3   35655.4   

Species 6
35655.3   35903.7   36423.1   37034.2   37564.4   37822.5   
35579.4   35804.2   36282     36844.8   37331.6   37564.3   
35393     35577.1   35973.4   36442.4   36844.8   37034.2   
35168.5   35306.6   35611.6   35973.4   36282     36423.1   
34983.2   35081.2   35306.5   35577.1   35804.2   35903.7   
34908     34983.2   35168.5   35393     35579.4   35655.3   

t =   8.00e+00  nst = 371  nfe = 425  nni = 422  qu = 1  hu =    1.99e-01

t =   9.00e+00  nst = 379  nfe = 436  nni = 430  qu = 1  hu =    6.81e-02

t =   1.00e+01  nst = 385  nfe = 444  nni = 436  qu = 1  hu =    4.50e-01

c values at t = 10:

Species 1
1.18838   1.19667   1.214     1.23437   1.25205   1.26066   
1.18585   1.19336   1.20928   1.22806   1.24428   1.25205   
1.17965   1.18578   1.199     1.21463   1.22806   1.23437   
1.17216   1.17677   1.18693   1.199     1.20928   1.214     
1.16599   1.16925   1.17677   1.18578   1.19336   1.19667   
1.16348   1.16598   1.17215   1.17965   1.18585   1.18838   

Species 2
1.18838   1.19667   1.21399   1.23437   1.25205   1.26066   
1.18585   1.19336   1.20928   1.22805   1.24428   1.25205   
1.17964   1.18578   1.199     1.21463   1.22806   1.23437   
1.17215   1.17676   1.18693   1.199     1.20928   1.21399   
1.16598   1.16925   1.17676   1.18578   1.19335   1.19667   
1.16347   1.16598   1.17215   1.17964   1.18585   1.18838   

Species 3
1.18838   1.19667   1.21399   1.23437   1.25205   1.26066   
1.18585   1.19336   1.20928   1.22806   1.24428   1.25205   
1.17964   1.18578   1.199     1.21463   1.22805   1.23437   
1.17215   1.17677   1.18693   1.199     1.20928   1.21399   
1.16598   1.16925   1.17677   1.18578   1.19336   1.19667   
1.16347   1.16598   1.17215   1.17964   1.18585   1.18838   

Species 4
35650.6   35898.9   36418.4   37029.3   37559.5   37817.4   
35574.6   35799.5   36277.1   36840.1   37326.6   37559.5   
35388.5   35572.3   35968.8   36437.5   36840.1   37029.2   
35163.7   35302     35606.7   35968.8   36277.1   36418.4   
34978.6   35076.5   35301.9   35572.3   35799.6   35898.9   
34903.3   34978.6   35163.7   35388.4   35574.6   35650.6   

Species 5
35650.6   35898.9   36418.4   37029.3   37559.5   37817.4   
35574.6   35799.5   36277.1   36840.1   37326.6   37559.5   
35388.5   35572.3   35968.8   36437.5   36840.1   37029.2   
35163.7   35302     35606.7   35968.8   36277.1   36418.4   
34978.6   35076.5   35302     35572.3   35799.6   35898.9   
34903.2   34978.6   35163.7   35388.4   35574.6   35650.6   

Species 6
35650.6   35898.9   36418.4   37029.2   37559.5   37817.4   
35574.6   35799.5   36277.1   36840.1   37326.6   37559.5   
35388.4   35572.3   35968.8   36437.5   36840.1   37029.2   
35163.7   35302     35606.7   35968.8   36277.1   36418.4   
34978.6   35076.5   35301.9   35572.3   35799.5   35898.9   
34903.2   34978.6   35163.7   35388.4   35574.6   35650.6   



 Final statistics for this run:

 CVode real workspace length           = 2897 
 CVode integer workspace length        =   53 
 CVLS real workspace length            = 2646 
 CVLS integer workspace length         =   42 
 Number of steps                       =  385 
 Number of f-s                         =  444 
 Number of f-s (SPGMR)                 =  792 
 Number of f-s (TOTAL)                 = 1236 
 Number of setups                      =   59 
 Number of nonlinear iterations        =  436 
 Number of linear iterations           =  792 
 Number of preconditioner evaluations  =   55 
 Number of preconditioner solves       = 1211 
 Number of error test failures         =    1 
 Number of nonlinear conv. failures    =    6 
 Number of linear convergence failures =    5 
 Average Krylov subspace dimension     = 1.817 


----------------------------------------------------------------------------
----------------------------------------------------------------------------


Preconditioner type is           jpre = SUN_PREC_LEFT

Gram-Schmidt method type is    gstype = SUN_CLASSICAL_GS


t =   1.00e-08  nst = 3  nfe = 10  nni = 7  qu = 2  hu =    2.04e-08

t =   1.00e-07  nst = 7  nfe = 14  nni = 11  qu = 2  hu =    4.83e-08

t =   1.00e-06  nst = 15  nfe = 24  nni = 21  qu = 3  hu =    1.48e-07

t =   1.00e-05  nst = 39  nfe = 50  nni = 47  qu = 4  hu =    4.06e-07

t =   1.00e-04  nst = 129  nfe = 148  nni = 145  qu = 5  hu =    3.73e-06

t =   1.00e-03  nst = 152  nfe = 174  nni = 171  qu = 2  hu =    5.72e-04

t =   1.00e-02  nst = 160  nfe = 184  nni = 181  qu = 3  hu =    1.83e-03

t =   1.00e-01  nst = 187  nfe = 213  nni = 210  qu = 4  hu =    4.43e-03

t =   1.00e+00  nst = 253  nfe = 283  nni = 280  qu = 4  hu =    2.87e-02

t =   2.00e+00  nst = 288  nfe = 320  nni = 317  qu = 4  hu =    2.87e-02

t =   3.00e+00  nst = 322  nfe = 355  nni = 352  qu = 4  hu =    2.87e-02

t =   4.00e+00  nst = 338  nfe = 374  nni = 371  qu = 3  hu =    8.89e-02

t =   5.00e+00  nst = 349  nfe = 385  nni = 382  qu = 3  hu =    8.89e-02

t =   6.00e+00  nst = 360  nfe = 397  nni = 394  qu = 3  hu =    8.89e-02

t =   7.00e+00  nst = 372  nfe = 410  nni = 407  qu = 3  hu =    8.89e-02

t =   8.00e+00  nst = 383  nfe = 422  nni = 419  qu = 3  hu =    8.89e-02

t =   9.00e+00  nst = 394  nfe = 435  nni = 432  qu = 3  hu =    8.89e-02

t =   1.00e+01  nst = 405  nfe = 447  nni = 444  qu = 3  hu =    8.89e-02



 Final statistics for this run:

 CVode real workspace length           = 2897 
 CVode integer workspace length        =   53 
 CVLS real workspace length            = 2646 
 CVLS integer workspace length         =   42 
 Number of steps                       =  405 
 Number of f-s                         =  447 
 Number of f-s (SPGMR)                 =  798 
 Number of f-s (TOTAL)                 = 1245 
 Number of setups                      =   43 
 Number of nonlinear iterations        =  444 
 Number of linear iterations           =  798 
 Number of preconditioner evaluations  =   43 
 Number of preconditioner solves       = 1225 
 Number of error test failures         =    1 
 Number of nonlinear conv. failures    =    0 
 Number of linear convergence failures =    2 
 Average Krylov subspace dimension     = 1.797 


----------------------------------------------------------------------------
----------------------------------------------------------------------------


Preconditioner type is           jpre = SUN_PREC_RIGHT

Gram-Schmidt method type is    gstype = SUN_MODIFIED_GS


t =   1.00e-08  nst = 3  nfe = 10  nni = 7  qu = 2  hu =    2.04e-08

t =   1.00e-07  nst = 7  nfe = 14  nni = 11  qu = 2  hu =    4.83e-08

t =   1.00e-06  nst = 15  nfe = 24  nni = 21  qu = 3  hu =    1.48e-07

t =   1.00e-05  nst = 39  nfe = 50  nni = 47  qu = 4  hu =    4.06e-07

t =   1.00e-04  nst = 129  nfe = 148  nni = 145  qu = 5  hu =    3.73e-06

t =   1.00e-03  nst = 151  nfe = 173  nni = 170  qu = 2  hu =    3.68e-04

t =   1.00e-02  nst = 160  nfe = 183  nni = 180  qu = 3  hu =    1.35e-03

t =   1.00e-01  nst = 183  nfe = 210  nni = 207  qu = 4  hu =    5.60e-03

t =   1.00e+00  nst = 225  nfe = 255  nni = 252  qu = 5  hu =    4.79e-02

t =   2.00e+00  nst = 257  nfe = 293  nni = 290  qu = 4  hu =    2.89e-02

t =   3.00e+00  nst = 283  nfe = 333  nni = 330  qu = 3  hu =    2.60e-02

t =   4.00e+00  nst = 309  nfe = 375  nni = 370  qu = 2  hu =    2.20e-02

t =   5.00e+00  nst = 338  nfe = 425  nni = 419  qu = 2  hu =    6.04e-02

t =   6.00e+00  nst = 368  nfe = 474  nni = 463  qu = 2  hu =    5.92e-02

t =   7.00e+00  nst = 397  nfe = 525  nni = 512  qu = 1  hu =    3.12e-02

t =   8.00e+00  nst = 424  nfe = 575  nni = 559  qu = 1  hu =    8.93e-02

t =   9.00e+00  nst = 449  nfe = 623  nni = 606  qu = 1  hu =    3.52e-02

t =   1.00e+01  nst = 467  nfe = 655  nni = 634  qu = 1  hu =    3.69e-02



 Final statistics for this run:

 CVode real workspace length           = 2897 
 CVode integer workspace length        =   53 
 CVLS real workspace length            = 2646 
 CVLS integer workspace length         =   42 
 Number of steps                       =  467 
 Number of f-s                         =  655 
 Number of f-s (SPGMR)                 = 2350 
 Number of f-s (TOTAL)                 = 3005 
 Number of setups                      =  220 
 Number of nonlinear iterations        =  634 
 Number of linear iterations           = 2350 
 Number of preconditioner evaluations  =  202 
 Number of preconditioner solves       = 2965 
 Number of error test failures         =    1 
 Number of nonlinear conv. failures    =   86 
 Number of linear convergence failures =  324 
 Average Krylov subspace dimension     = 3.707 


----------------------------------------------------------------------------
----------------------------------------------------------------------------


Preconditioner type is           jpre = SUN_PREC_RIGHT

Gram-Schmidt method type is    gstype = SUN_CLASSICAL_GS


t =   1.00e-08  nst = 3  nfe = 10  nni = 7  qu = 2  hu =    2.04e-08

t =   1.00e-07  nst = 7  nfe = 14  nni = 11  qu = 2  hu =    4.83e-08

t =   1.00e-06  nst = 15  nfe = 24  nni = 21  qu = 3  hu =    1.48e-07

t =   1.00e-05  nst = 39  nfe = 50  nni = 47  qu = 4  hu =    4.06e-07

t =   1.00e-04  nst = 129  nfe = 148  nni = 145  qu = 5  hu =    3.72e-06

t =   1.00e-03  nst = 151  nfe = 173  nni = 170  qu = 2  hu =    5.99e-04

t =   1.00e-02  nst = 158  nfe = 182  nni = 179  qu = 3  hu =    1.63e-03

t =   1.00e-01  nst = 181  nfe = 208  nni = 205  qu = 5  hu =    9.25e-03

t =   1.00e+00  nst = 248  nfe = 289  nni = 286  qu = 3  hu =    3.03e-02

t =   2.00e+00  nst = 274  nfe = 316  nni = 313  qu = 4  hu =    7.01e-02

t =   3.00e+00  nst = 293  nfe = 344  nni = 340  qu = 3  hu =    4.99e-02

t =   4.00e+00  nst = 315  nfe = 376  nni = 372  qu = 2  hu =    3.91e-02

t =   5.00e+00  nst = 342  nfe = 420  nni = 413  qu = 2  hu =    6.10e-02

t =   6.00e+00  nst = 362  nfe = 456  nni = 449  qu = 2  hu =    7.60e-02

t =   7.00e+00  nst = 386  nfe = 498  nni = 491  qu = 2  hu =    6.88e-02

t =   8.00e+00  nst = 408  nfe = 536  nni = 527  qu = 1  hu =    1.18e-02

t =   9.00e+00  nst = 426  nfe = 571  nni = 561  qu = 1  hu =    7.98e-02

t =   1.00e+01  nst = 442  nfe = 601  nni = 591  qu = 1  hu =    4.68e-02



 Final statistics for this run:

 CVode real workspace length           = 2897 
 CVode integer workspace length        =   53 
 CVLS real workspace length            = 2646 
 CVLS integer workspace length         =   42 
 Number of steps                       =  442 
 Number of f-s                         =  601 
 Number of f-s (SPGMR)                 = 2132 
 Number of f-s (TOTAL)                 = 2733 
 Number of setups                      =  168 
 Number of nonlinear iterations        =  591 
 Number of linear iterations           = 2132 
 Number of preconditioner evaluations  =  161 
 Number of preconditioner solves       = 2704 
 Number of error test failures         =    2 
 Number of nonlinear conv. failures    =   63 
 Number of linear convergence failures =  288 
 Average Krylov subspace dimension     = 3.607 


----------------------------------------------------------------------------
----------------------------------------------------------------------------
