 
2-species diurnal advection-diffusion problem

t = 7.20e+03   no. steps = 197   order = 4   stepsize = 7.08e+01
c1 (bot.left/middle/top rt.) =    1.047e+04     2.964e+04     1.119e+04
c2 (bot.left/middle/top rt.) =    2.527e+11     7.154e+11     2.700e+11

t = 1.44e+04   no. steps = 246   order = 4   stepsize = 1.68e+02
c1 (bot.left/middle/top rt.) =    6.659e+06     5.316e+06     7.301e+06
c2 (bot.left/middle/top rt.) =    2.582e+11     2.057e+11     2.833e+11

t = 2.16e+04   no. steps = 282   order = 4   stepsize = 2.42e+02
c1 (bot.left/middle/top rt.) =    2.665e+07     1.036e+07     2.931e+07
c2 (bot.left/middle/top rt.) =    2.993e+11     1.028e+11     3.313e+11

t = 2.88e+04   no. steps = 320   order = 4   stepsize = 1.38e+02
c1 (bot.left/middle/top rt.) =    8.702e+06     1.292e+07     9.650e+06
c2 (bot.left/middle/top rt.) =    3.380e+11     5.029e+11     3.751e+11

t = 3.60e+04   no. steps = 360   order = 4   stepsize = 6.70e+01
c1 (bot.left/middle/top rt.) =    1.404e+04     2.029e+04     1.561e+04
c2 (bot.left/middle/top rt.) =    3.387e+11     4.894e+11     3.765e+11

t = 4.32e+04   no. steps = 432   order = 3   stepsize = 3.02e+02
c1 (bot.left/middle/top rt.) =    2.924e-09    -8.734e-07     2.967e-08
c2 (bot.left/middle/top rt.) =    3.382e+11     1.355e+11     3.804e+11

t = 5.04e+04   no. steps = 458   order = 4   stepsize = 3.19e+02
c1 (bot.left/middle/top rt.) =   -8.645e-10     1.472e-07    -1.714e-09
c2 (bot.left/middle/top rt.) =    3.358e+11     4.930e+11     3.864e+11

t = 5.76e+04   no. steps = 474   order = 5   stepsize = 3.65e+02
c1 (bot.left/middle/top rt.) =    1.072e-09    -1.566e-07     2.090e-09
c2 (bot.left/middle/top rt.) =    3.320e+11     9.650e+11     3.909e+11

t = 6.48e+04   no. steps = 487   order = 5   stepsize = 6.01e+02
c1 (bot.left/middle/top rt.) =    2.747e-08    -3.967e-06     5.355e-08
c2 (bot.left/middle/top rt.) =    3.313e+11     8.922e+11     3.963e+11

t = 7.20e+04   no. steps = 499   order = 5   stepsize = 6.01e+02
c1 (bot.left/middle/top rt.) =    8.652e-09    -1.215e-06     1.685e-08
c2 (bot.left/middle/top rt.) =    3.330e+11     6.186e+11     4.039e+11

t = 7.92e+04   no. steps = 511   order = 5   stepsize = 6.01e+02
c1 (bot.left/middle/top rt.) =    2.539e-11    -4.287e-09     4.976e-11
c2 (bot.left/middle/top rt.) =    3.334e+11     6.668e+11     4.120e+11

t = 8.64e+04   no. steps = 523   order = 5   stepsize = 6.01e+02
c1 (bot.left/middle/top rt.) =   -9.461e-13     1.243e-10    -1.839e-12
c2 (bot.left/middle/top rt.) =    3.352e+11     9.107e+11     4.163e+11


Final Statistics.. 

lenrw   =  2696     leniw   =    65
lenrwLS =  2454     leniwLS =    42
nst     =   523
nfe     =   640     nfeLS   =     0
nni     =   639     nli     =   669
nsetups =    72     netf    =    24
npe     =    12     nps     =  1265
ncfn    =     0     ncfl    =     0

