
Create and allocate CVODES memory for forward run

Allocate global memory

Forward integration

ncheck = 13

   g = int_x int_y c6(Tfinal,x,y) dx dy = 35988.914062 


Create and allocate CVODES memory for backward run

Backward integration

Maximum sensitivity with respect to I.C. of species 1
  mu max = 5.088018e-04
at
  x = 1.000000e+00
  y = 1.000000e+00

Maximum sensitivity with respect to I.C. of species 2
  mu max = 4.848193e-04
at
  x = 1.000000e+00
  y = 1.000000e+00

Maximum sensitivity with respect to I.C. of species 3
  mu max = 4.627125e-04
at
  x = 1.000000e+00
  y = 1.000000e+00

Maximum sensitivity with respect to I.C. of species 4
  mu max = 3.576455e-11
at
  x = 6.315789e-01
  y = 5.789474e-01

Maximum sensitivity with respect to I.C. of species 5
  mu max = 3.712296e-11
at
  x = 6.315789e-01
  y = 5.789474e-01

Maximum sensitivity with respect to I.C. of species 6
  mu max = 2.658508e-11
at
  x = 7.368421e-01
  y = 5.789474e-01
