 ------- 
| SPGMR |
 -------

idaKrylovDemo_ls: Heat equation, serial example problem for IDA
               Discretized heat equation on 2D unit square.
               Zero boundary conditions, polynomial initial conditions.
         Mesh dimensions: 10 x 10       Total system size: 100

Tolerance parameters:  rtol = 0   atol = 0.001
Constraints set to force all solution components >= 0. 
Linear solver: SPGMR, preconditioner using diagonal elements. 

   Output Summary (umax = max-norm of solution) 

  time     umax       k  nst  nni  nje   nre   nreLS    h      npe nps
----------------------------------------------------------------------
  0.01   8.24106e-01  2   12   14    7    14     7   2.56e-03    8  21
  0.02   6.88134e-01  3   15   18   12    18    12   5.12e-03    8  30
  0.04   4.70714e-01  3   18   24   21    24    21   6.58e-03    9  45
  0.08   2.16497e-01  3   22   29   30    29    30   1.32e-02    9  59
  0.16   4.56824e-02  4   28   36   45    36    45   1.32e-02    9  81
  0.32   2.01738e-03  4   35   44   67    44    67   2.63e-02   10 111
  0.64   1.24539e-04  1   40   52   81    52    81   2.11e-01   13 133
  1.28   0.00000e+00  1   42   54   82    54    82   8.43e-01   15 136
  2.56   0.00000e+00  1   43   55   82    55    82   1.69e+00   16 137
  5.12   0.00000e+00  1   44   56   82    56    82   3.37e+00   17 138
 10.24   0.00000e+00  1   45   57   82    57    82   6.74e+00   18 139

Error test failures            = 1
Nonlinear convergence failures = 0
Linear convergence failures    = 0

======================================================================

 ------- 
| SPBCGS |
 -------

idaKrylovDemo_ls: Heat equation, serial example problem for IDA
               Discretized heat equation on 2D unit square.
               Zero boundary conditions, polynomial initial conditions.
         Mesh dimensions: 10 x 10       Total system size: 100

Tolerance parameters:  rtol = 0   atol = 0.001
Constraints set to force all solution components >= 0. 
Linear solver: SPBCG, preconditioner using diagonal elements. 

   Output Summary (umax = max-norm of solution) 

  time     umax       k  nst  nni  nje   nre   nreLS    h      npe nps
----------------------------------------------------------------------
  0.01   8.24105e-01  2   12   14    8    14     8   2.56e-03    8  22
  0.02   6.88129e-01  3   15   18   14    18    14   5.12e-03    8  32
  0.04   4.70820e-01  3   19   23   22    23    22   1.02e-02    9  45
  0.08   2.16330e-01  3   23   27   32    27    32   1.02e-02    9  59
  0.16   4.51183e-02  4   27   33   46    33    46   2.05e-02   10  79
  0.32   2.27903e-03  2   34   42   72    42    72   4.10e-02   11 114
  0.64   0.00000e+00  1   39   49   82    49    82   1.64e-01   14 131
  1.28   0.00000e+00  1   41   51   82    51    82   6.55e-01   16 133
  2.56   0.00000e+00  1   42   52   82    52    82   1.31e+00   17 134
  5.12   0.00000e+00  1   43   53   82    53    82   2.62e+00   18 135
 10.24   0.00000e+00  1   44   54   82    54    82   5.24e+00   19 136

Error test failures            = 0
Nonlinear convergence failures = 0
Linear convergence failures    = 0

======================================================================

 --------- 
| SPTFQMR |
 ---------

idaKrylovDemo_ls: Heat equation, serial example problem for IDA
               Discretized heat equation on 2D unit square.
               Zero boundary conditions, polynomial initial conditions.
         Mesh dimensions: 10 x 10       Total system size: 100

Tolerance parameters:  rtol = 0   atol = 0.001
Constraints set to force all solution components >= 0. 
Linear solver: SPTFQMR, preconditioner using diagonal elements. 

   Output Summary (umax = max-norm of solution) 

  time     umax       k  nst  nni  nje   nre   nreLS    h      npe nps
----------------------------------------------------------------------
  0.01   8.24104e-01  2   12   14   11    14    11   2.56e-03    8  28
  0.02   6.88133e-01  3   15   18   19    18    19   5.12e-03    8  42
  0.04   4.70857e-01  3   19   23   34    23    34   1.02e-02    9  65
  0.08   2.16462e-01  3   23   27   59    27    59   1.02e-02    9  98
  0.16   4.51380e-02  4   28   35   96    35    96   1.84e-02   10 148
  0.32   1.99937e-03  4   36   46  143    46   143   3.69e-02   11 214
  0.64   1.80886e-05  1   40   53  178    53   178   1.47e-01   13 259
  1.28   0.00000e+00  1   42   55  178    55   178   5.90e-01   15 261
  2.56   0.00000e+00  1   43   56  178    56   178   1.18e+00   16 262
  5.12   0.00000e+00  1   45   58  178    58   178   4.72e+00   18 264
 10.24   0.00000e+00  1   46   59  178    59   178   9.44e+00   19 265

Error test failures            = 0
Nonlinear convergence failures = 0
Linear convergence failures    = 0
