Solve the nonlinear system:
    3x - cos((y-1)z) - 1/2 = 0
    x^2 - 81(y-0.9)^2 + sin(z) + 1.06 = 0
    exp(-x(y-1)) + 20z + (10 pi - 3)/3 = 0
Analytic solution:
    x = 0.5
    y = 1
    z = -0.523599
Solution method: Anderson accelerated fixed point iteration.
    tolerance    = 0.0345267
    max iters    = 30
    m_aa         = 2
    delay_aa     = 0
    damping_aa   = 0.5
    damping_fp   = 1
    damping_fn   = OFF
    orth routine = 0

Final Statistics:
Number of nonlinear iterations:      3
Number of function evaluations:      3
Computed solution:
    x = 0.494518
    y = 0.99683
    z = -0.528286
Solution error:
    ex = 0.0054816
    ey = 0.00317049
    ez = 0.00468725
PASS
