
One way coupling ODE test problem:
    initial conditions:  u0 = 1,  v0 = 0,  w0 = 2
    hs = 0.001,  hf = 0.0001

        t           u           v           w       max err
   ----------------------------------------------------------
    0.000000    1.000000    0.000000    2.000000    0.000000
    0.100000    0.283656   -0.958899    1.802291    0.000025
    0.200000   -0.839027   -0.543995    1.658848    0.000045
    0.300000   -0.759925    0.650528    1.524305    0.000240
    0.400000    0.408431    0.913583    1.364401    0.000638
    0.500000    0.992295   -0.132587    1.202800    0.001092
    0.600000    0.154366   -0.989534    1.085173    0.001503
    0.700000   -0.905465   -0.428858    1.011895    0.001773
    0.800000   -0.668072    0.746601    0.935775    0.001488
    0.900000    0.526413    0.852391    0.828173    0.001488
    1.000000    0.966677   -0.262991    0.718664    0.001711
   ----------------------------------------------------------

Final Solver Statistics:
   Steps: nsts = 1000, nstf = 12000
   Total RHS evals:  Fs = 3000,  Ff = 36000
