
Multirate nonlinear Kvaerno-Prothero-Robinson test problem:
    time domain:  (0,5]
    hs = 0.001999999999999999608
    hf = 1.9999999999999996079e-05
    G = -100
    w = 100
    e = 0.5
    solver: none/exp-3 (no slow, explicit fast)

        t           u           v       uerr      verr
   ------------------------------------------------------
    0.000000    1.224745    1.732051  0.00e+00  0.00e+00
    0.100000    1.223725    1.077464  5.13e-13  1.05e-14
    0.200000    1.220669    1.551800  3.61e-13  1.62e-14
    0.300000    1.215594    1.467737  2.02e-13  5.23e-15
    0.400000    1.208524    1.154583  9.69e-14  1.93e-14
    0.500000    1.199496    1.721908  2.06e-13  8.08e-15
    0.600000    1.188557    1.023517  4.69e-13  9.05e-16
    0.700000    1.175764    1.622751  3.68e-13  2.20e-14
    0.800000    1.161186    1.374632  3.08e-13  9.08e-16
    0.900000    1.144904    1.245763  2.00e-13  2.84e-14
    1.000000    1.127010    1.691839  1.31e-13  1.09e-14
    1.100000    1.107609    1.000489  3.66e-13  5.59e-15
    1.200000    1.086821    1.677552  3.58e-13  2.45e-14
    1.300000    1.064777    1.277775  4.04e-13  4.20e-15
    1.400000    1.041625    1.342455  2.77e-13  3.20e-14
    1.500000    1.017531    1.642940  4.44e-14  1.21e-14
    1.600000    0.992673    1.012112  2.23e-13  1.58e-14
    1.700000    0.967253    1.714058  3.33e-13  2.50e-14
    1.800000    0.941488    1.183867  4.74e-13  7.35e-15
    1.900000    0.915617    1.437465  3.32e-13  3.43e-14
    2.000000    0.889903    1.577082  5.10e-14  1.20e-14
    2.100000    0.864625    1.056467  6.94e-14  2.86e-14
    2.200000    0.840089    1.730920  2.95e-13  2.31e-14
    2.300000    0.816616    1.101047  5.02e-13  1.21e-14
    2.400000    0.794546    1.525051  3.67e-13  3.45e-14
    2.500000    0.774227    1.496993  1.52e-13  1.13e-14
    2.600000    0.756013    1.126857  7.16e-14  3.50e-14
    2.700000    0.740246    1.727536  2.43e-13  2.07e-14
    2.800000    0.727247    1.038393  4.74e-13  1.40e-14
    2.900000    0.717301    1.600759  3.84e-13  3.27e-14
    3.000000    0.710636    1.406380  2.56e-13  1.11e-14
    3.100000    0.707412    1.214353  1.86e-13  3.84e-14
    3.200000    0.707709    1.704026  1.75e-13  1.82e-14
    3.300000    0.711520    1.004391  3.90e-13  1.70e-14
    3.400000    0.718750    1.661225  3.79e-13  3.05e-14
    3.500000    0.729227    1.310102  3.60e-13  1.15e-14
    3.600000    0.742712    1.310080  2.67e-13  3.91e-14
    3.700000    0.758914    1.661237  8.71e-14  1.60e-14
    3.800000    0.777506    1.004387  2.65e-13  2.27e-14
    3.900000    0.798144    1.704019  3.52e-13  2.76e-14
    4.000000    0.820474    1.214374  4.49e-13  1.28e-14
    4.100000    0.844149    1.406358  3.20e-13  3.80e-14
    4.200000    0.868832    1.600774  1.47e-14  1.40e-14
    4.300000    0.894204    1.038382  1.21e-13  3.04e-14
    4.400000    0.919964    1.727533  3.10e-13  2.48e-14
    4.500000    0.945834    1.126875  5.03e-13  1.44e-14
    4.600000    0.971557    1.496974  3.53e-13  3.63e-14
    4.700000    0.996898    1.525070  1.24e-13  1.24e-14
    4.800000    1.021641    1.101030  1.74e-14  3.64e-14
    4.900000    1.045589    1.730922  2.53e-13  2.16e-14
    5.000000    1.068565    1.056480  5.03e-13  1.62e-14
   ------------------------------------------------------

Final Solver Statistics:
   Steps: nsts = 2501, nstf = 252601
   u error = 3.126e-13, v error = 2.257e-14, total error = 2.216e-13
   Total RHS evals:  Fs = 5003,  Ff = 760306
