
2D Heat PDE test problem:
 --------------------------------- 
  nprocs         = 4
  npx            = 2
  npy            = 2
 --------------------------------- 
  Dux            = 0.001
  Duy            = 0.001
  Dvx            = 0.001
  Dvy            = 0.001
  A              = 1
  B              = 3
 --------------------------------- 
  tf             = 10
  xl             = -0.5
  xu             = 0.5
  yl             = -0.5
  yu             = 0.5
 --------------------------------- 
  nx             = 128
  ny             = 128
  dx             = 0.0078125
  dy             = 0.0078125
  nxl (proc 0)   = 64
  nyl (proc 0)   = 64
  is  (proc 0)   = 0
  ie  (proc 0)   = 63
  je  (proc 0)   = 0
  je  (proc 0)   = 63
 --------------------------------- 
  rtol_slow      = 0.0001
  atol_slow      = 1e-08
  rtol_fast      = 1e-05
  atol_fast      = 1e-09
  order_fast     = 3
  fixed h slow   = 0.0762939
  fixed h fast   = 0
  controller     = I
  linear         = 1
 --------------------------------- 
  linear solver  = PCG
  lin iters      = 10
  eps lin        = 0
  prec           = 1
  msbp           = 0
 --------------------------------- 
  output         = 1
 --------------------------------- 

          t                     ||u||_rms      
 ----------------------------------------------
0.000000000000000000e+00 3.172144385112380094e+00
5.000000000000000000e-01 3.136731194276804168e+00
1.000000000000000000e+00 3.125061495233430283e+00
1.500000000000000000e+00 3.152623091770606882e+00
2.000000000000000000e+00 3.252056465487773521e+00
2.500000000000000000e+00 3.404750870360976659e+00
3.000000000000000000e+00 3.570123259285662002e+00
3.500000000000000000e+00 3.699812967786601543e+00
4.000000000000000000e+00 3.694284154565169122e+00
4.500000000000000000e+00 3.627808123451013411e+00
5.000000000000000000e+00 3.474795562846759397e+00
5.500000000000000000e+00 3.343603337349584434e+00
6.000000000000000000e+00 3.233850186278866168e+00
6.500000000000000000e+00 3.082307425599296767e+00
7.000000000000000000e+00 2.890651637156022654e+00
7.500000000000000000e+00 2.837374165149379010e+00
8.000000000000000000e+00 2.898432589873477349e+00
8.500000000000000000e+00 3.140273333089684959e+00
9.000000000000000000e+00 3.442431059777516307e+00
9.500000000000000000e+00 3.740565727715449927e+00
1.000000000000000000e+01 4.014589250087820813e+00
 ----------------------------------------------

Final integrator statistics:

Slow Integrator:
  Steps            = 132
  RHS diffusion    = 792
  NLS iters        = 396
  NLS fails        = 0
  LS iters         = 2664
  LS fails         = 0
  LS setups        = 0
  LS RHS evals     = 2664
  Jv products      = 2664

  Avg NLS iters per step attempt = 3.000000
  Avg LS iters per NLS iter      = 6.727273

  Preconditioner setups = 0
  Preconditioner solves = 2664

Fast Integrator:
  Steps            = 2006
  Error test fails = 398
  RHS reaction     = 4902
  NLS iters        = 3714
  NLS fails        = 0

