
Conserved Exponential Entropy problem:
   method     = ERK
   reltol     = 1.0e-06
   abstol     = 1.0e-10
   relaxation = ON

 step   t              u              v              e              delta e
 -------------------------------------------------------------------------------
    0   0.000000e+00   1.000000e+00   5.000000e-01   4.367003e+00   0.000000e+00
   40   7.671134e-01  -1.432143e+00   1.417843e+00   4.367003e+00   2.168404e-18
   80   2.733675e+00  -9.963899e+00   1.474066e+00   4.367003e+00   9.540979e-18
 -------------------------------------------------------------------------------

Final Solver Statistics:
   Internal solver steps = 86 (attempted = 86)
   Total number of error test failures = 0
   Total RHS evals:  Fe = 432,  Fi = 0
   Total Relaxation Fn evals    = 297
   Total Relaxation Jac evals   = 590
   Total Relaxation fails       = 0
   Total Relaxation bound fails = 0
   Total Relaxation NLS fails   = 0
   Total Relaxation NLS iters   = 160

