
   Begin Kepler Problem

Problem Arguments:
  stepper:              0
  step mode:            0
  use tstop:            1
  use compensated sums: 1
  dt:                   0.01
  Tf:                   100
  nout:                 50

t = 0.0000, H(p,q) = -0.5000000000000000, L(p,q) = 0.8000000000000000
t = 2.0000, H(p,q)-H0 = 0.0000000021900066, L(p,q)-L0 = 0.0000000000000000
ROOT RETURN:	  g[0] =  -1, y[0] = -1.6, y[1] = -2.4564e-20, num. orbits is now 0.50
t = 3.1416, H(p,q)-H0 = 0.0000000021905041, L(p,q)-L0 = -0.0000000000000037
t = 4.0000, H(p,q)-H0 = 0.0000000021902833, L(p,q)-L0 = 0.0000000000000000
t = 6.0000, H(p,q)-H0 = -0.0000000001292902, L(p,q)-L0 = 0.0000000000000000
ROOT RETURN:	  g[0] =   1, y[0] = 0.4, y[1] = 6.83171e-17, num. orbits is now 1.00
t = 6.2832, H(p,q)-H0 = -0.0000000251097657, L(p,q)-L0 = -0.0000000054735660
t = 8.0000, H(p,q)-H0 = 0.0000000021893966, L(p,q)-L0 = 0.0000000000000000
ROOT RETURN:	  g[0] =  -1, y[0] = -1.6, y[1] = -1.95823e-19, num. orbits is now 1.50
t = 9.4248, H(p,q)-H0 = 0.0000000021905012, L(p,q)-L0 = -0.0000000000000121
t = 10.0000, H(p,q)-H0 = 0.0000000021904202, L(p,q)-L0 = 0.0000000000000000
t = 12.0000, H(p,q)-H0 = 0.0000000019669061, L(p,q)-L0 = 0.0000000000000000
ROOT RETURN:	  g[0] =   1, y[0] = 0.4, y[1] = 2.68933e-19, num. orbits is now 2.00
t = 12.5664, H(p,q)-H0 = -0.0000000433269721, L(p,q)-L0 = -0.0000000094495757
t = 14.0000, H(p,q)-H0 = 0.0000000021878394, L(p,q)-L0 = 0.0000000000000000
ROOT RETURN:	  g[0] =  -1, y[0] = -1.6, y[1] = -6.86626e-20, num. orbits is now 2.50
t = 15.7080, H(p,q)-H0 = 0.0000000021905011, L(p,q)-L0 = -0.0000000000000126
t = 16.0000, H(p,q)-H0 = 0.0000000021904852, L(p,q)-L0 = -0.0000000000000000
t = 18.0000, H(p,q)-H0 = 0.0000000021569462, L(p,q)-L0 = 0.0000000000000000
ROOT RETURN:	  g[0] =   1, y[0] = 0.4, y[1] = 2.02989e-16, num. orbits is now 3.00
t = 18.8496, H(p,q)-H0 = -0.0000000120056741, L(p,q)-L0 = -0.0000000026200591
t = 20.0000, H(p,q)-H0 = 0.0000000021828336, L(p,q)-L0 = 0.0000000000000000
ROOT RETURN:	  g[0] =  -1, y[0] = -1.6, y[1] = -4.21002e-20, num. orbits is now 3.50
t = 21.9911, H(p,q)-H0 = 0.0000000021905044, L(p,q)-L0 = -0.0000000000000026
t = 22.0000, H(p,q)-H0 = 0.0000000021905053, L(p,q)-L0 = 0.0000000000000000
t = 24.0000, H(p,q)-H0 = 0.0000000021821994, L(p,q)-L0 = 0.0000000000000000
ROOT RETURN:	  g[0] =   1, y[0] = 0.4, y[1] = 1.66897e-18, num. orbits is now 4.00
t = 25.1327, H(p,q)-H0 = -0.0000000213724669, L(p,q)-L0 = -0.0000000046585862
t = 26.0000, H(p,q)-H0 = 0.0000000021602141, L(p,q)-L0 = 0.0000000000000000
t = 28.0000, H(p,q)-H0 = 0.0000000021904878, L(p,q)-L0 = 0.0000000000000000
ROOT RETURN:	  g[0] =  -1, y[0] = -1.6, y[1] = -7.6141e-17, num. orbits is now 4.50
t = 28.2743, H(p,q)-H0 = 0.0000000021905016, L(p,q)-L0 = -0.0000000000000111
t = 30.0000, H(p,q)-H0 = 0.0000000021876617, L(p,q)-L0 = 0.0000000000000000
ROOT RETURN:	  g[0] =   1, y[0] = 0.4, y[1] = 3.38317e-16, num. orbits is now 5.00
t = 31.4159, H(p,q)-H0 = -0.0000000424953116, L(p,q)-L0 = -0.0000000092674631
t = 32.0000, H(p,q)-H0 = 0.0000000019945792, L(p,q)-L0 = 0.0000000000000000
t = 34.0000, H(p,q)-H0 = 0.0000000021904264, L(p,q)-L0 = 0.0000000000000000
ROOT RETURN:	  g[0] =  -1, y[0] = -1.6, y[1] = -6.11081e-19, num. orbits is now 5.50
t = 34.5575, H(p,q)-H0 = 0.0000000021905007, L(p,q)-L0 = -0.0000000000000136
t = 36.0000, H(p,q)-H0 = 0.0000000021893324, L(p,q)-L0 = 0.0000000000000000
ROOT RETURN:	  g[0] =   1, y[0] = 0.4, y[1] = 7.18364e-16, num. orbits is now 6.00
t = 37.6991, H(p,q)-H0 = -0.0000000216938060, L(p,q)-L0 = -0.0000000047339076
t = 38.0000, H(p,q)-H0 = 0.0000000001444082, L(p,q)-L0 = 0.0000000000000000
t = 40.0000, H(p,q)-H0 = 0.0000000021902958, L(p,q)-L0 = 0.0000000000000000
ROOT RETURN:	  g[0] =  -1, y[0] = -1.6, y[1] = -9.16819e-17, num. orbits is now 6.50
t = 40.8407, H(p,q)-H0 = 0.0000000021905048, L(p,q)-L0 = -0.0000000000000015
t = 42.0000, H(p,q)-H0 = 0.0000000021899791, L(p,q)-L0 = 0.0000000000000000
ROOT RETURN:	  g[0] =   1, y[0] = 0.4, y[1] = 4.96703e-16, num. orbits is now 7.00
t = 43.9823, H(p,q)-H0 = -0.0000000176133199, L(p,q)-L0 = -0.0000000038389573
t = 44.0000, H(p,q)-H0 = -0.0000000000875647, L(p,q)-L0 = 0.0000000000000000
t = 46.0000, H(p,q)-H0 = 0.0000000021900306, L(p,q)-L0 = 0.0000000000000000
ROOT RETURN:	  g[0] =  -1, y[0] = -1.6, y[1] = -1.28336e-16, num. orbits is now 7.50
t = 47.1239, H(p,q)-H0 = 0.0000000021905020, L(p,q)-L0 = -0.0000000000000099
t = 48.0000, H(p,q)-H0 = 0.0000000021902711, L(p,q)-L0 = 0.0000000000000000
t = 50.0000, H(p,q)-H0 = -0.0000000004525250, L(p,q)-L0 = 0.0000000000000000
ROOT RETURN:	  g[0] =   1, y[0] = 0.4, y[1] = 6.58221e-16, num. orbits is now 8.00
t = 50.2655, H(p,q)-H0 = -0.0000000408959948, L(p,q)-L0 = -0.0000000089179977
t = 52.0000, H(p,q)-H0 = 0.0000000021894520, L(p,q)-L0 = 0.0000000000000000
ROOT RETURN:	  g[0] =  -1, y[0] = -1.6, y[1] = -1.43165e-16, num. orbits is now 8.50
t = 53.4071, H(p,q)-H0 = 0.0000000021905005, L(p,q)-L0 = -0.0000000000000142
t = 54.0000, H(p,q)-H0 = 0.0000000021904142, L(p,q)-L0 = 0.0000000000000000
t = 56.0000, H(p,q)-H0 = 0.0000000019337540, L(p,q)-L0 = 0.0000000000000000
ROOT RETURN:	  g[0] =   1, y[0] = 0.4, y[1] = 2.47482e-18, num. orbits is now 9.00
t = 56.5487, H(p,q)-H0 = -0.0000000292986997, L(p,q)-L0 = -0.0000000063928244
t = 58.0000, H(p,q)-H0 = 0.0000000021879919, L(p,q)-L0 = 0.0000000000000000
ROOT RETURN:	  g[0] =  -1, y[0] = -1.6, y[1] = -1.60307e-16, num. orbits is now 9.50
t = 59.6903, H(p,q)-H0 = 0.0000000021905051, L(p,q)-L0 = -0.0000000000000005
t = 60.0000, H(p,q)-H0 = 0.0000000021904826, L(p,q)-L0 = 0.0000000000000000
t = 62.0000, H(p,q)-H0 = 0.0000000021533408, L(p,q)-L0 = 0.0000000000000000
ROOT RETURN:	  g[0] =   1, y[0] = 0.4, y[1] = 2.25417e-18, num. orbits is now 10.00
t = 62.8319, H(p,q)-H0 = -0.0000000138979508, L(p,q)-L0 = -0.0000000030289784
t = 64.0000, H(p,q)-H0 = 0.0000000021833785, L(p,q)-L0 = 0.0000000000000000
ROOT RETURN:	  g[0] =  -1, y[0] = -1.6, y[1] = -1.80279e-16, num. orbits is now 10.50
t = 65.9734, H(p,q)-H0 = 0.0000000021905024, L(p,q)-L0 = -0.0000000000000088
t = 66.0000, H(p,q)-H0 = 0.0000000021905052, L(p,q)-L0 = 0.0000000000000000
t = 68.0000, H(p,q)-H0 = 0.0000000021815427, L(p,q)-L0 = 0.0000000000000000
ROOT RETURN:	  g[0] =   1, y[0] = 0.4, y[1] = 1.85945e-18, num. orbits is now 11.00
t = 69.1150, H(p,q)-H0 = -0.0000000386645379, L(p,q)-L0 = -0.0000000084307649
t = 70.0000, H(p,q)-H0 = 0.0000000021630523, L(p,q)-L0 = 0.0000000000000000
t = 72.0000, H(p,q)-H0 = 0.0000000021904901, L(p,q)-L0 = 0.0000000000000000
ROOT RETURN:	  g[0] =  -1, y[0] = -1.6, y[1] = -1.42688e-18, num. orbits is now 11.50
t = 72.2566, H(p,q)-H0 = 0.0000000021905005, L(p,q)-L0 = -0.0000000000000143
t = 74.0000, H(p,q)-H0 = 0.0000000021874849, L(p,q)-L0 = 0.0000000000000000
ROOT RETURN:	  g[0] =   1, y[0] = 0.4, y[1] = 3.4235e-18, num. orbits is now 12.00
t = 75.3982, H(p,q)-H0 = -0.0000000350417519, L(p,q)-L0 = -0.0000000076452477
t = 76.0000, H(p,q)-H0 = 0.0000000020191778, L(p,q)-L0 = 0.0000000000000000
t = 78.0000, H(p,q)-H0 = 0.0000000021904319, L(p,q)-L0 = 0.0000000000000000
ROOT RETURN:	  g[0] =  -1, y[0] = -1.6, y[1] = -9.36567e-19, num. orbits is now 12.50
t = 78.5398, H(p,q)-H0 = 0.0000000021905047, L(p,q)-L0 = -0.0000000000000018
t = 80.0000, H(p,q)-H0 = 0.0000000021892699, L(p,q)-L0 = 0.0000000000000000
ROOT RETURN:	  g[0] =   1, y[0] = 0.4, y[1] = 8.84454e-16, num. orbits is now 13.00
t = 81.6814, H(p,q)-H0 = -0.0000000102837531, L(p,q)-L0 = -0.0000000022411513
t = 82.0000, H(p,q)-H0 = 0.0000000004158341, L(p,q)-L0 = 0.0000000000000000
t = 84.0000, H(p,q)-H0 = 0.0000000021903069, L(p,q)-L0 = 0.0000000000000000
ROOT RETURN:	  g[0] =  -1, y[0] = -1.6, y[1] = -2.277e-16, num. orbits is now 13.50
t = 84.8230, H(p,q)-H0 = 0.0000000021905028, L(p,q)-L0 = -0.0000000000000076
t = 86.0000, H(p,q)-H0 = 0.0000000021899525, L(p,q)-L0 = 0.0000000000000000
ROOT RETURN:	  g[0] =   1, y[0] = 0.4, y[1] = 2.69822e-18, num. orbits is now 14.00
t = 87.9646, H(p,q)-H0 = -0.0000000359256455, L(p,q)-L0 = -0.0000000078329821
t = 88.0000, H(p,q)-H0 = -0.0000000003564954, L(p,q)-L0 = 0.0000000000000000
t = 90.0000, H(p,q)-H0 = 0.0000000021900536, L(p,q)-L0 = 0.0000000000000000
ROOT RETURN:	  g[0] =  -1, y[0] = -1.6, y[1] = -1.67236e-18, num. orbits is now 14.50
t = 91.1062, H(p,q)-H0 = 0.0000000021905005, L(p,q)-L0 = -0.0000000000000142
t = 92.0000, H(p,q)-H0 = 0.0000000021902584, L(p,q)-L0 = 0.0000000000000000
t = 94.0000, H(p,q)-H0 = -0.0000000007952296, L(p,q)-L0 = 0.0000000000000000
ROOT RETURN:	  g[0] =   1, y[0] = 0.4, y[1] = 1.02158e-15, num. orbits is now 15.00
t = 94.2478, H(p,q)-H0 = -0.0000000391316416, L(p,q)-L0 = -0.0000000085368184
t = 96.0000, H(p,q)-H0 = 0.0000000021895044, L(p,q)-L0 = 0.0000000000000000
ROOT RETURN:	  g[0] =  -1, y[0] = -1.6, y[1] = -1.62374e-17, num. orbits is now 15.50
t = 97.3894, H(p,q)-H0 = 0.0000000021905035, L(p,q)-L0 = -0.0000000000000055
t = 98.0000, H(p,q)-H0 = 0.0000000021904079, L(p,q)-L0 = 0.0000000000000000
t = 100.0000, H(p,q)-H0 = 0.0000000018950302, L(p,q)-L0 = 0.0000000000000000
Current time                 = 100
Steps                        = 10000
Step attempts                = 10000
Stability limited steps      = 0
Accuracy limited steps       = 0
Error test fails             = 0
NLS step fails               = 0
Inequality constraint fails  = 0
Initial step size            = 0.009999999999999999999796712092659
Last step size               = 0.009999999999999999999796712092659
Current step size            = 0.009999999999999999999796712092659
Root fn evals                = 10337
f1 RHS fn evals              = 40032
f2 RHS fn evals              = 40032
