
Robertson ODE test problem:
    initial conditions:  u0 = 1,  v0 = 0,  w0 = 0
        t           u           v           w
   --------------------------------------------------
   0.000e+00   1.00000e+00   0.00000e+00   0.00000e+00
   1.000e+09   2.08324e-06   8.32597e-12   9.99998e-01
   2.000e+09   1.04163e-06   4.17575e-12   9.99999e-01
   3.000e+09   6.94433e-07   2.77273e-12   9.99999e-01
   4.000e+09   5.20823e-07   2.08435e-12   9.99999e-01
   5.000e+09   4.16666e-07   1.66860e-12   1.00000e+00
   6.000e+09   3.47223e-07   1.38880e-12   1.00000e+00
   7.000e+09   2.97619e-07   1.18917e-12   1.00000e+00
   8.000e+09   2.60416e-07   1.04158e-12   1.00000e+00
   9.000e+09   2.31478e-07   9.25656e-13   1.00000e+00
   1.000e+10   2.08335e-07   8.33371e-13   1.00000e+00
   1.100e+10   1.89393e-07   7.57218e-13   1.00000e+00
   1.200e+10   1.73607e-07   6.94006e-13   1.00000e+00
   1.300e+10   1.60253e-07   6.39600e-13   1.00000e+00
   1.400e+10   1.48809e-07   5.96497e-13   1.00000e+00
   1.500e+10   1.38888e-07   5.55748e-13   1.00000e+00
   1.600e+10   1.30209e-07   5.21187e-13   1.00000e+00
   1.700e+10   1.22549e-07   4.90288e-13   1.00000e+00
   1.800e+10   1.15742e-07   4.63079e-13   1.00000e+00
   1.900e+10   1.09649e-07   4.38763e-13   1.00000e+00
   2.000e+10   1.04168e-07   4.16662e-13   1.00000e+00
   2.100e+10   9.92046e-08   3.96655e-13   1.00000e+00
   2.200e+10   9.46948e-08   3.78505e-13   1.00000e+00
   2.300e+10   9.05805e-08   3.62185e-13   1.00000e+00
   2.400e+10   8.68060e-08   3.47786e-13   1.00000e+00
   2.500e+10   8.33326e-08   3.34951e-13   1.00000e+00
   2.600e+10   8.01284e-08   3.22140e-13   1.00000e+00
   2.700e+10   7.71614e-08   3.07922e-13   1.00000e+00
   2.800e+10   7.44032e-08   2.95152e-13   1.00000e+00
   2.900e+10   7.18354e-08   2.84800e-13   1.00000e+00
   3.000e+10   6.94411e-08   2.76082e-13   1.00000e+00
   3.100e+10   6.72033e-08   2.68216e-13   1.00000e+00
   3.200e+10   6.51053e-08   2.60418e-13   1.00000e+00
   3.300e+10   6.31318e-08   2.52495e-13   1.00000e+00
   3.400e+10   6.12738e-08   2.45075e-13   1.00000e+00
   3.500e+10   5.95227e-08   2.38107e-13   1.00000e+00
   3.600e+10   5.78700e-08   2.31524e-13   1.00000e+00
   3.700e+10   5.63071e-08   2.25261e-13   1.00000e+00
   3.800e+10   5.48254e-08   2.18949e-13   1.00000e+00
   3.900e+10   5.34191e-08   2.11193e-13   1.00000e+00
   4.000e+10   5.20832e-08   2.03225e-13   1.00000e+00
   4.100e+10   5.08131e-08   1.96708e-13   1.00000e+00
   4.200e+10   4.96037e-08   1.93304e-13   1.00000e+00
   4.300e+10   4.84505e-08   1.94564e-13   1.00000e+00
   4.400e+10   4.73493e-08   1.91405e-13   1.00000e+00
   4.500e+10   4.62971e-08   1.85188e-13   1.00000e+00
   4.600e+10   4.52906e-08   1.81152e-13   1.00000e+00
   4.700e+10   4.43270e-08   1.77306e-13   1.00000e+00
   4.800e+10   4.34033e-08   1.73904e-13   1.00000e+00
   4.900e+10   4.25173e-08   1.71016e-13   1.00000e+00
   5.000e+10   4.16669e-08   1.68234e-13   1.00000e+00
   5.100e+10   4.08500e-08   1.65150e-13   1.00000e+00
   5.200e+10   4.00647e-08   1.61355e-13   1.00000e+00
   5.300e+10   3.93088e-08   1.56579e-13   1.00000e+00
   5.400e+10   3.85805e-08   1.52298e-13   1.00000e+00
   5.500e+10   3.78786e-08   1.48875e-13   1.00000e+00
   5.600e+10   3.72018e-08   1.46136e-13   1.00000e+00
   5.700e+10   3.65491e-08   1.43906e-13   1.00000e+00
   5.800e+10   3.59190e-08   1.42011e-13   1.00000e+00
   5.900e+10   3.53106e-08   1.40276e-13   1.00000e+00
   6.000e+10   3.47225e-08   1.38527e-13   1.00000e+00
   6.100e+10   3.41535e-08   1.36590e-13   1.00000e+00
   6.200e+10   3.36027e-08   1.34403e-13   1.00000e+00
   6.300e+10   3.30693e-08   1.32252e-13   1.00000e+00
   6.400e+10   3.25526e-08   1.30183e-13   1.00000e+00
   6.500e+10   3.20518e-08   1.28219e-13   1.00000e+00
   6.600e+10   3.15661e-08   1.26405e-13   1.00000e+00
   6.700e+10   3.10950e-08   1.24615e-13   1.00000e+00
   6.800e+10   3.06377e-08   1.22666e-13   1.00000e+00
   6.900e+10   3.01937e-08   1.20529e-13   1.00000e+00
   7.000e+10   2.97622e-08   1.18577e-13   1.00000e+00
   7.100e+10   2.93429e-08   1.16811e-13   1.00000e+00
   7.200e+10   2.89352e-08   1.15196e-13   1.00000e+00
   7.300e+10   2.85388e-08   1.13699e-13   1.00000e+00
   7.400e+10   2.81532e-08   1.12286e-13   1.00000e+00
   7.500e+10   2.77779e-08   1.10925e-13   1.00000e+00
   7.600e+10   2.74126e-08   1.09581e-13   1.00000e+00
   7.700e+10   2.70567e-08   1.08222e-13   1.00000e+00
   7.800e+10   2.67097e-08   1.06828e-13   1.00000e+00
   7.900e+10   2.63715e-08   1.05432e-13   1.00000e+00
   8.000e+10   2.60416e-08   1.04044e-13   1.00000e+00
   8.100e+10   2.57198e-08   1.02672e-13   1.00000e+00
   8.200e+10   2.54060e-08   1.01323e-13   1.00000e+00
   8.300e+10   2.50997e-08   1.00007e-13   1.00000e+00
   8.400e+10   2.48008e-08   9.87296e-14   1.00000e+00
   8.500e+10   2.45091e-08   9.74993e-14   1.00000e+00
   8.600e+10   2.42242e-08   9.63239e-14   1.00000e+00
   8.700e+10   2.39460e-08   9.52110e-14   1.00000e+00
   8.800e+10   2.36741e-08   9.41684e-14   1.00000e+00
   8.900e+10   2.34083e-08   9.32038e-14   1.00000e+00
   9.000e+10   2.31484e-08   9.23250e-14   1.00000e+00
   9.100e+10   2.28941e-08   9.15396e-14   1.00000e+00
   9.200e+10   2.26452e-08   9.08049e-14   1.00000e+00
   9.300e+10   2.24015e-08   9.00427e-14   1.00000e+00
   9.400e+10   2.21628e-08   8.92551e-14   1.00000e+00
   9.500e+10   2.19292e-08   8.84453e-14   1.00000e+00
   9.600e+10   2.17003e-08   8.76165e-14   1.00000e+00
   9.700e+10   2.14762e-08   8.67719e-14   1.00000e+00
   9.800e+10   2.12567e-08   8.59148e-14   1.00000e+00
   9.900e+10   2.10416e-08   8.50484e-14   1.00000e+00
   1.000e+11   2.08310e-08   8.41758e-14   1.00000e+00
   --------------------------------------------------

Final Statistics:
Current time                 = 113392366778.72176961600780487061
Steps                        = 725
Step attempts                = 763
Stability limited steps      = 0
Accuracy limited steps       = 761
Error test fails             = 36
NLS step fails               = 2
Inequality constraint fails  = 0
Initial step size            = 1.0000000000000000000007074462189e-08
Last step size               = 22258341708.984348732978105545044
Current step size            = 22258341708.984348732978105545044
Explicit RHS fn evals        = 0
Implicit RHS fn evals        = 24338
NLS iters                    = 20524
NLS fails                    = 46
NLS iters per step           = 28.308965517241379310914295430734
LS setups                    = 209
Jac fn evals                 = 50
LS RHS fn evals              = 0
Prec setup evals             = 0
Prec solves                  = 0
LS iters                     = 0
LS fails                     = 0
Jac-times setups             = 0
Jac-times evals              = 0
LS iters per NLS iter        = 0
Jac evals per NLS iter       = 0.0024361722861040732801073507070994
Prec evals per NLS iter      = 0
