
Multirate nonlinear Kvaerno-Prothero-Robinson test problem:
    time domain:  (0,5]
    hs = 0.0019999999999999999999
    hf = 2e-05
    G = -100
    w = 100
    e = 0.5
    solver: dirk-2/none (dirk slow, no fast)
    reltol = 4.00e-06,  abstol = 1.00e-11
        t           u           v       uerr      verr
   ------------------------------------------------------
    0.000000    1.224745    1.732051  0.00e+00  0.00e+00
    0.100000    1.223734    1.079428  9.43e-06  1.96e-03
    0.200000    1.220669    1.551975  3.21e-07  1.75e-04
    0.300000    1.215599    1.468008  5.52e-06  2.71e-04
    0.400000    1.208527    1.155979  2.53e-06  1.40e-03
    0.500000    1.199497    1.721562  8.86e-07  3.45e-04
    0.600000    1.188564    1.025547  7.43e-06  2.03e-03
    0.700000    1.175763    1.622528  1.01e-06  2.22e-04
    0.800000    1.161186    1.374893  2.86e-07  2.62e-04
    0.900000    1.144904    1.246510  4.09e-07  7.47e-04
    1.000000    1.127010    1.691315  5.01e-07  5.24e-04
    1.100000    1.107615    1.002516  5.49e-06  2.03e-03
    1.200000    1.086819    1.677031  1.92e-06  5.21e-04
    1.300000    1.064782    1.278187  5.43e-06  4.12e-04
    1.400000    1.041624    1.342645  1.42e-06  1.90e-04
    1.500000    1.017531    1.642366  6.90e-07  5.74e-04
    1.600000    0.992677    1.013903  3.35e-06  1.79e-03
    1.700000    0.967249    1.713346  3.51e-06  7.12e-04
    1.800000    0.941493    1.184572  5.32e-06  7.06e-04
    1.900000    0.915615    1.437299  2.38e-06  1.67e-04
    2.000000    0.889904    1.576558  1.25e-06  5.24e-04
    2.100000    0.864627    1.057863  1.50e-06  1.40e-03
    2.200000    0.840086    1.730113  2.45e-06  8.08e-04
    2.300000    0.816622    1.102132  5.76e-06  1.09e-03
    2.400000    0.794543    1.524622  3.14e-06  4.30e-04
    2.500000    0.774230    1.496594  2.14e-06  3.99e-04
    2.600000    0.756013    1.127797  9.18e-08  9.41e-04
    2.700000    0.740244    1.726693  1.86e-06  8.43e-04
    2.800000    0.727253    1.039859  5.32e-06  1.47e-03
    2.900000    0.717298    1.600136  3.25e-06  6.23e-04
    3.000000    0.710633    1.406198  3.04e-06  1.81e-04
    3.100000    0.707411    1.214843  1.23e-06  4.90e-04
    3.200000    0.707708    1.703194  1.22e-06  8.32e-04
    3.300000    0.711524    1.006101  4.35e-06  1.71e-03
    3.400000    0.718746    1.660464  3.41e-06  7.61e-04
    3.500000    0.729231    1.310193  4.07e-06  9.14e-05
    3.600000    0.742710    1.310189  2.18e-06  1.09e-04
    3.700000    0.758913    1.660461  4.70e-07  7.75e-04
    3.800000    0.777509    1.006086  3.05e-06  1.70e-03
    3.900000    0.798140    1.703187  3.88e-06  8.32e-04
    4.000000    0.820479    1.214818  4.63e-06  4.45e-04
    4.100000    0.844146    1.406162  2.79e-06  1.96e-04
    4.200000    0.868833    1.600101  4.13e-07  6.73e-04
    4.300000    0.894205    1.039812  1.50e-06  1.43e-03
    4.400000    0.919961    1.726650  2.81e-06  8.83e-04
    4.500000    0.945839    1.127737  5.30e-06  8.62e-04
    4.600000    0.971554    1.496540  3.30e-06  4.33e-04
    4.700000    0.996899    1.524546  1.45e-06  5.23e-04
    4.800000    1.021641    1.102066  8.43e-08  1.04e-03
    4.900000    1.045587    1.730025  2.02e-06  8.97e-04
    5.000000    1.068570    1.057773  5.26e-06  1.29e-03
   ------------------------------------------------------

Final Solver Statistics:
   Steps: nsts = 2500, nstf = 250000
   u error = 3.486e-06, v error = 9.562e-04, total error = 6.762e-04
   Total RHS evals:  Fs = 7139,  Ff = 750000
   Slow Newton iters = 4639
   Slow Newton conv fails = 0
   Slow Jacobian evals = 125
