
Adaptive nested multirate nonlinear Kvaerno-Prothero-Robinson test problem:
    time domain:  (0,5]
    G = -10
    e = 0.5
    al = -1
    be = 1
    om = 50

  Slow integrator: ARKODE_MRI_GARK_ERK45a (explicit)

  Intermediate integrator: ARKODE_MRI_GARK_ERK45a (explicit)
    MRI-HTOL controller (using I for H) based on order of MRI embedding
    rtol = 0.0001, atol = 1e-11
    fast error accumulation strategy = 0

  Fast order 4
    I controller for fast time scale, based on order of RK embedding
    fast_rtol = 0.0001, atol = 1e-11
        t          u          v          w        uerr       verr       werr
   ----------------------------------------------------------------------------
    0.000000   1.581139   1.732051   1.732051   0.00e+00   0.00e+00   0.00e+00
    0.250000   1.575860   1.692104   0.986711   1.03e-06   1.36e-07   2.15e-05
    0.500000   1.560395   1.086160   1.208928   7.82e-06   2.31e-05   9.98e-04
    0.750000   1.536100   1.469104   1.255588   1.33e-04   2.60e-05   2.45e-03
    1.000000   1.503645   1.642590   1.528433   4.37e-05   6.94e-07   8.00e-04
    1.250000   1.465383   1.086026   1.077462   3.21e-06   3.27e-07   1.23e-05
    1.500000   1.422898   1.422699   1.339032   9.47e-06   2.94e-06   6.81e-05
    1.750000   1.378138   1.703109   1.343064   1.09e-05   2.62e-08   5.90e-06
    2.000000   1.332558   1.538017   0.895924   2.94e-05   1.11e-05   1.33e-03
    2.250000   1.291054   1.301390   1.098004   4.18e-05   8.42e-05   3.11e-03
    2.500000   1.254918   1.028216   0.935111   3.02e-05   2.00e-06   5.41e-04
    2.750000   1.229250   1.086116   1.589824   1.80e-05   1.05e-06   4.85e-04
    3.000000   1.215869   1.091177   1.123896   5.83e-05   9.94e-06   1.54e-03
    3.250000   1.215344   1.240575   1.637255   1.11e-05   1.91e-06   5.11e-06
    3.500000   1.230549   1.412766   1.539240   5.97e-05   6.34e-05   1.64e-03
    3.750000   1.254969   1.365256   1.405337   1.58e-05   8.56e-05   2.21e-03
    4.000000   1.287309   0.972106   1.680793   7.17e-05   1.84e-05   1.14e-03
    4.250000   1.327213   1.671699   0.947543   9.11e-05   8.21e-06   1.72e-03
    4.500000   1.371576   1.600488   1.476322   2.64e-06   7.50e-09   1.57e-08
    4.750000   1.417341   1.510315   1.158402   2.67e-04   2.11e-06   1.90e-04
    5.000000   1.460740   1.469206   1.639622   2.59e-06   2.35e-06   2.68e-04
   ----------------------------------------------------------------------------

Final Solver Statistics:
   Slow steps = 269  (attempts = 352,  fails = 83,  innerfails = 0)
   Intermediate steps = 3239  (attempts = 3403,  fails = 164,  innerfails = 0)
   Fast steps = 83244  (attempts = 116423,  fails = 33179)
   u error = 9.09931e-05, v error = 8.49021e-05, total error = 0.00174995
   Relative accuracy = 136.738
   Total RHS evals:  Fse = 1678, Fsi = 0, Fme = 17121, Fmi = 0, Ff = 472769
