
   Begin Kepler Problem

Problem Arguments:
  stepper:              1
  step mode:            1
  use tstop:            1
  use compensated sums: 0
  dt:                   0.01
  Tf:                   100
  nout:                 50

t = 0.0000, H(p,q) = -0.5000000000000000, L(p,q) = 0.8000000000000000
t = 2.0000, H(p,q)-H0 = -0.0007032077655568, L(p,q)-L0 = -0.0001024719259973
t = 4.0000, H(p,q)-H0 = -0.0008788455481279, L(p,q)-L0 = -0.0002475701597511
t = 6.0000, H(p,q)-H0 = -0.0006665968541609, L(p,q)-L0 = -0.0003938605508590
t = 8.0000, H(p,q)-H0 = -0.0024870849816391, L(p,q)-L0 = -0.0008588842427626
t = 10.0000, H(p,q)-H0 = -0.0025347002779225, L(p,q)-L0 = -0.0008850024574916
t = 12.0000, H(p,q)-H0 = -0.0022416171912694, L(p,q)-L0 = -0.0009583291792696
t = 14.0000, H(p,q)-H0 = -0.0045211813056829, L(p,q)-L0 = -0.0014238187934430
t = 16.0000, H(p,q)-H0 = -0.0046130490326358, L(p,q)-L0 = -0.0014701246506907
t = 18.0000, H(p,q)-H0 = -0.0045262750811887, L(p,q)-L0 = -0.0015485596942811
t = 20.0000, H(p,q)-H0 = -0.0060242164458998, L(p,q)-L0 = -0.0019386629051125
t = 22.0000, H(p,q)-H0 = -0.0061480178757956, L(p,q)-L0 = -0.0019858196413878
t = 24.0000, H(p,q)-H0 = -0.0059777457604535, L(p,q)-L0 = -0.0021055232786538
t = 26.0000, H(p,q)-H0 = -0.0083580326704429, L(p,q)-L0 = -0.0028709374561257
t = 28.0000, H(p,q)-H0 = -0.0084787498809249, L(p,q)-L0 = -0.0029111511038050
t = 30.0000, H(p,q)-H0 = -0.0084049504849676, L(p,q)-L0 = -0.0029411262968801
t = 32.0000, H(p,q)-H0 = -0.0114489501828812, L(p,q)-L0 = -0.0038389352449856
t = 34.0000, H(p,q)-H0 = -0.0115645429863814, L(p,q)-L0 = -0.0038714898039511
t = 36.0000, H(p,q)-H0 = -0.0114940266639459, L(p,q)-L0 = -0.0039508019408641
t = 38.0000, H(p,q)-H0 = -0.0133380369348800, L(p,q)-L0 = -0.0045220235188968
t = 40.0000, H(p,q)-H0 = -0.0134507180256494, L(p,q)-L0 = -0.0045552864929219
t = 42.0000, H(p,q)-H0 = -0.0133700315249318, L(p,q)-L0 = -0.0045800291984460
t = 44.0000, H(p,q)-H0 = -0.0152030664301918, L(p,q)-L0 = -0.0051661089760786
t = 46.0000, H(p,q)-H0 = -0.0153319927115973, L(p,q)-L0 = -0.0052001654210189
t = 48.0000, H(p,q)-H0 = -0.0152588020408969, L(p,q)-L0 = -0.0052353828887954
t = 50.0000, H(p,q)-H0 = -0.0174800888937570, L(p,q)-L0 = -0.0059705394626186
t = 52.0000, H(p,q)-H0 = -0.0176236678282351, L(p,q)-L0 = -0.0060180577356304
t = 54.0000, H(p,q)-H0 = -0.0175334555834858, L(p,q)-L0 = -0.0060699608739421
t = 56.0000, H(p,q)-H0 = -0.0199378478257385, L(p,q)-L0 = -0.0068519258026075
t = 58.0000, H(p,q)-H0 = -0.0200569256939255, L(p,q)-L0 = -0.0068877485027076
t = 60.0000, H(p,q)-H0 = -0.0199001194517451, L(p,q)-L0 = -0.0069277330162866
t = 62.0000, H(p,q)-H0 = -0.0221683664325000, L(p,q)-L0 = -0.0076400538909644
t = 64.0000, H(p,q)-H0 = -0.0222888946689445, L(p,q)-L0 = -0.0076753536729449
t = 66.0000, H(p,q)-H0 = -0.0220939596932559, L(p,q)-L0 = -0.0077838309893110
t = 68.0000, H(p,q)-H0 = -0.0243291008845321, L(p,q)-L0 = -0.0085057771308702
t = 70.0000, H(p,q)-H0 = -0.0244583556068431, L(p,q)-L0 = -0.0085507458990412
t = 72.0000, H(p,q)-H0 = -0.0242394702209013, L(p,q)-L0 = -0.0086155939319397
t = 74.0000, H(p,q)-H0 = -0.0266759467030501, L(p,q)-L0 = -0.0092843198918123
t = 76.0000, H(p,q)-H0 = -0.0267992433508768, L(p,q)-L0 = -0.0093367619534052
t = 78.0000, H(p,q)-H0 = -0.0265353688900642, L(p,q)-L0 = -0.0094387891844902
t = 80.0000, H(p,q)-H0 = -0.0288222942456435, L(p,q)-L0 = -0.0100730397235473
t = 82.0000, H(p,q)-H0 = -0.0289269369516718, L(p,q)-L0 = -0.0101263495406701
t = 84.0000, H(p,q)-H0 = -0.0288582091286310, L(p,q)-L0 = -0.0102528471228051
t = 86.0000, H(p,q)-H0 = -0.0302203213051312, L(p,q)-L0 = -0.0105490464625164
t = 88.0000, H(p,q)-H0 = -0.0303359893400239, L(p,q)-L0 = -0.0106231935055170
t = 90.0000, H(p,q)-H0 = -0.0306264380844257, L(p,q)-L0 = -0.0109654340591873
t = 92.0000, H(p,q)-H0 = -0.0320929059457775, L(p,q)-L0 = -0.0111990184145142
t = 94.0000, H(p,q)-H0 = -0.0322722742114708, L(p,q)-L0 = -0.0113426988125802
t = 96.0000, H(p,q)-H0 = -0.0343001989318715, L(p,q)-L0 = -0.0121071623130218
t = 98.0000, H(p,q)-H0 = -0.0347857879649814, L(p,q)-L0 = -0.0121857941332482
t = 100.0000, H(p,q)-H0 = -0.0348111275780327, L(p,q)-L0 = -0.0122179364036112
Current time                 = 100
Steps                        = 377
Step attempts                = 449
Stability limited steps      = 0
Accuracy limited steps       = 449
Error test fails             = 72
NLS step fails               = 0
Inequality constraint fails  = 0
Initial step size            = 2.7295751678464229691193990604203e-07
Last step size               = 0.22232825529804433458086563440981
Current step size            = 0.49963382372651285814619398495395
Explicit RHS fn evals        = 2625
Implicit RHS fn evals        = 0
NLS iters                    = 0
NLS fails                    = 0
NLS iters per step           = 0
LS setups                    = 0
