
Analytical ODE test problem:
   lambda = -100
   reltol = 1.0e-05
   abstol = 1.0e-10

        t           u
   ---------------------
    1.000000    0.785398
    2.000000    1.107134
    3.000000    1.249037
    4.000000    1.325825
    5.000000    1.373399
    6.000000    1.405629
    7.000000    1.428883
    8.000000    1.446444
    9.000000    1.460167
   10.000000    1.471111
   ---------------------

Final Solver Statistics:
   Internal solver steps = 34 (attempted = 35)
   Total RHS evals:  Fe = 0,  Fi = 353
   Total linear solver setups = 0
   Total RHS evals for setting up the linear system = 0
   Total number of Jacobian evaluations = 0
   Total number of Newton iterations = 175
   Total number of linear solver convergence failures = 0
   Total number of error test failures = 1

