
Dissipated Exponential Entropy problem:
   method     = ERK
   reltol     = 1.0e-06
   abstol     = 1.0e-10
   relaxation = ON

 step   t              u              e              u_err          delta e
 -------------------------------------------------------------------------------
    0   0.000000e+00   5.000000e-01   1.648721e+00   0.000000e+00   0.000000e+00
   40   4.017479e-02   4.358643e-01   1.546299e+00   1.491788e-11  -1.024223e-01
   80   8.070185e-02   3.750826e-01   1.455112e+00   2.556447e-11  -1.936097e-01
  120   1.204567e-01   3.188462e-01   1.375540e+00   3.263517e-11  -2.731815e-01
  160   1.590222e-01   2.671571e-01   1.306246e+00   3.705216e-11  -3.424757e-01
  200   1.959742e-01   2.200174e-01   1.246098e+00   3.955120e-11  -4.026228e-01
  240   2.308893e-01   1.774296e-01   1.194144e+00   4.071262e-11  -4.545772e-01
  280   2.633523e-01   1.393966e-01   1.149580e+00   4.098742e-11  -4.991414e-01
  320   2.929646e-01   1.059215e-01   1.111735e+00   4.071940e-11  -5.369867e-01
  360   3.193513e-01   7.700853e-02   1.080051e+00   4.016394e-11  -5.686700e-01
  400   3.421692e-01   5.266283e-02   1.054074e+00   3.950429e-11  -5.946471e-01
  440   3.611129e-01   3.289146e-02   1.033438e+00   3.886567e-11  -6.152829e-01
  480   3.759203e-01   1.770489e-02   1.017863e+00   3.832777e-11  -6.308587e-01
  520   3.863737e-01   7.120959e-03   1.007146e+00   3.793611e-11  -6.415749e-01
  560   3.922901e-01   1.179899e-03   1.001181e+00   3.771281e-11  -6.475407e-01
  600   3.944067e-01  -9.368725e-04   9.990636e-01   3.763310e-11  -6.496577e-01
  640   3.995138e-01  -6.026249e-03   9.939919e-01   3.744286e-11  -6.547294e-01
  680   4.091373e-01  -1.554650e-02   9.845737e-01   3.709597e-11  -6.641475e-01
  720   4.234510e-01  -2.954099e-02   9.708911e-01   3.661526e-11  -6.778302e-01
  760   4.426690e-01  -4.802764e-02   9.531074e-01   3.604816e-11  -6.956138e-01
  800   4.670678e-01  -7.101608e-02   9.314469e-01   3.547355e-11  -7.172744e-01
  840   4.969972e-01  -9.851218e-02   9.061847e-01   3.500824e-11  -7.425366e-01
  880   5.328898e-01  -1.305198e-01   8.776391e-01   3.481253e-11  -7.710821e-01
  920   5.752726e-01  -1.670415e-01   8.461645e-01   3.509483e-11  -8.025567e-01
  960   6.247798e-01  -2.080790e-01   8.121429e-01   3.611493e-11  -8.365784e-01
 1000   6.821691e-01  -2.536337e-01   7.759760e-01   3.818614e-11  -8.727453e-01
 1040   7.483406e-01  -3.037064e-01   7.380775e-01   4.167609e-11  -9.106438e-01
 1080   8.243609e-01  -3.582977e-01   6.988650e-01   4.700638e-11  -9.498563e-01
 1120   9.114909e-01  -4.174079e-01   6.587522e-01   5.465094e-11  -9.899691e-01
 1160   1.011221e+00  -4.810372e-01   6.181419e-01   6.513340e-11  -1.030579e+00
 1200   1.125311e+00  -5.491856e-01   5.774199e-01   7.902348e-11  -1.071301e+00
 1240   1.255845e+00  -6.218530e-01   5.369485e-01   9.693261e-11  -1.111773e+00
 1280   1.405289e+00  -6.990394e-01   4.970626e-01   1.195089e-10  -1.151659e+00
 1320   1.576566e+00  -7.807444e-01   4.580649e-01   1.474314e-10  -1.190656e+00
 1360   1.773153e+00  -8.669677e-01   4.202239e-01   1.814049e-10  -1.228497e+00
 1400   1.999189e+00  -9.577090e-01   3.837711e-01   2.221534e-10  -1.264950e+00
 1440   2.259614e+00  -1.052968e+00   3.489007e-01   2.704145e-10  -1.299821e+00
 1480   2.560340e+00  -1.152744e+00   3.157691e-01   3.269337e-10  -1.332952e+00
 1520   2.908459e+00  -1.257037e+00   2.844958e-01   3.924594e-10  -1.364225e+00
 1560   3.312505e+00  -1.365846e+00   2.551648e-01   4.677375e-10  -1.393556e+00
 1600   3.782771e+00  -1.479170e+00   2.278267e-01   5.535072e-10  -1.420895e+00
 1640   4.331713e+00  -1.597010e+00   2.025011e-01   6.504973e-10  -1.446220e+00
 1680   4.974447e+00  -1.719364e+00   1.791801e-01   7.594229e-10  -1.469541e+00
 -------------------------------------------------------------------------------

Final Solver Statistics:
   Internal solver steps = 1682 (attempted = 1683)
   Total number of error test failures = 1
   Total RHS evals:  Fe = 5050,  Fi = 0
   Total Relaxation Fn evals    = 5173
   Total Relaxation Jac evals   = 6856
   Total Relaxation fails       = 0
   Total Relaxation bound fails = 0
   Total Relaxation NLS fails   = 0
   Total Relaxation NLS iters   = 1807

