
   Begin Kepler Problem

Problem Arguments:
  stepper:              0
  step mode:            0
  use tstop:            1
  use compensated sums: 0
  dt:                   0.01
  Tf:                   100
  nout:                 50

t = 0.0000, H(p,q) = -0.5000000000000000, L(p,q) = 0.8000000000000000
t = 2.0000, H(p,q)-H0 = 0.0000000021900066, L(p,q)-L0 = 0.0000000000000000
t = 4.0000, H(p,q)-H0 = 0.0000000021902833, L(p,q)-L0 = 0.0000000000000000
t = 6.0000, H(p,q)-H0 = -0.0000000001292902, L(p,q)-L0 = 0.0000000000000000
t = 8.0000, H(p,q)-H0 = 0.0000000021893966, L(p,q)-L0 = 0.0000000000000000
t = 10.0000, H(p,q)-H0 = 0.0000000021904202, L(p,q)-L0 = -0.0000000000000000
t = 12.0000, H(p,q)-H0 = 0.0000000019669061, L(p,q)-L0 = -0.0000000000000000
t = 14.0000, H(p,q)-H0 = 0.0000000021878394, L(p,q)-L0 = 0.0000000000000000
t = 16.0000, H(p,q)-H0 = 0.0000000021904852, L(p,q)-L0 = 0.0000000000000000
t = 18.0000, H(p,q)-H0 = 0.0000000021569462, L(p,q)-L0 = 0.0000000000000000
t = 20.0000, H(p,q)-H0 = 0.0000000021828336, L(p,q)-L0 = 0.0000000000000000
t = 22.0000, H(p,q)-H0 = 0.0000000021905053, L(p,q)-L0 = 0.0000000000000000
t = 24.0000, H(p,q)-H0 = 0.0000000021821994, L(p,q)-L0 = 0.0000000000000000
t = 26.0000, H(p,q)-H0 = 0.0000000021602141, L(p,q)-L0 = 0.0000000000000000
t = 28.0000, H(p,q)-H0 = 0.0000000021904878, L(p,q)-L0 = 0.0000000000000000
t = 30.0000, H(p,q)-H0 = 0.0000000021876617, L(p,q)-L0 = 0.0000000000000000
t = 32.0000, H(p,q)-H0 = 0.0000000019945792, L(p,q)-L0 = 0.0000000000000000
t = 34.0000, H(p,q)-H0 = 0.0000000021904264, L(p,q)-L0 = 0.0000000000000000
t = 36.0000, H(p,q)-H0 = 0.0000000021893324, L(p,q)-L0 = 0.0000000000000000
t = 38.0000, H(p,q)-H0 = 0.0000000001444082, L(p,q)-L0 = 0.0000000000000000
t = 40.0000, H(p,q)-H0 = 0.0000000021902959, L(p,q)-L0 = 0.0000000000000000
t = 42.0000, H(p,q)-H0 = 0.0000000021899791, L(p,q)-L0 = 0.0000000000000000
t = 44.0000, H(p,q)-H0 = -0.0000000000875647, L(p,q)-L0 = 0.0000000000000000
t = 46.0000, H(p,q)-H0 = 0.0000000021900306, L(p,q)-L0 = 0.0000000000000000
t = 48.0000, H(p,q)-H0 = 0.0000000021902711, L(p,q)-L0 = 0.0000000000000000
t = 50.0000, H(p,q)-H0 = -0.0000000004525250, L(p,q)-L0 = 0.0000000000000000
t = 52.0000, H(p,q)-H0 = 0.0000000021894520, L(p,q)-L0 = 0.0000000000000000
t = 54.0000, H(p,q)-H0 = 0.0000000021904142, L(p,q)-L0 = 0.0000000000000000
t = 56.0000, H(p,q)-H0 = 0.0000000019337540, L(p,q)-L0 = 0.0000000000000000
t = 58.0000, H(p,q)-H0 = 0.0000000021879919, L(p,q)-L0 = 0.0000000000000000
t = 60.0000, H(p,q)-H0 = 0.0000000021904827, L(p,q)-L0 = 0.0000000000000000
t = 62.0000, H(p,q)-H0 = 0.0000000021533408, L(p,q)-L0 = 0.0000000000000000
t = 64.0000, H(p,q)-H0 = 0.0000000021833786, L(p,q)-L0 = 0.0000000000000000
t = 66.0000, H(p,q)-H0 = 0.0000000021905052, L(p,q)-L0 = 0.0000000000000000
t = 68.0000, H(p,q)-H0 = 0.0000000021815427, L(p,q)-L0 = 0.0000000000000000
t = 70.0000, H(p,q)-H0 = 0.0000000021630523, L(p,q)-L0 = 0.0000000000000000
t = 72.0000, H(p,q)-H0 = 0.0000000021904901, L(p,q)-L0 = 0.0000000000000000
t = 74.0000, H(p,q)-H0 = 0.0000000021874849, L(p,q)-L0 = 0.0000000000000000
t = 76.0000, H(p,q)-H0 = 0.0000000020191778, L(p,q)-L0 = 0.0000000000000000
t = 78.0000, H(p,q)-H0 = 0.0000000021904319, L(p,q)-L0 = 0.0000000000000000
t = 80.0000, H(p,q)-H0 = 0.0000000021892699, L(p,q)-L0 = 0.0000000000000000
t = 82.0000, H(p,q)-H0 = 0.0000000004158341, L(p,q)-L0 = 0.0000000000000000
t = 84.0000, H(p,q)-H0 = 0.0000000021903069, L(p,q)-L0 = 0.0000000000000000
t = 86.0000, H(p,q)-H0 = 0.0000000021899525, L(p,q)-L0 = 0.0000000000000000
t = 88.0000, H(p,q)-H0 = -0.0000000003564954, L(p,q)-L0 = 0.0000000000000000
t = 90.0000, H(p,q)-H0 = 0.0000000021900536, L(p,q)-L0 = 0.0000000000000000
t = 92.0000, H(p,q)-H0 = 0.0000000021902584, L(p,q)-L0 = 0.0000000000000000
t = 94.0000, H(p,q)-H0 = -0.0000000007952296, L(p,q)-L0 = 0.0000000000000000
t = 96.0000, H(p,q)-H0 = 0.0000000021895044, L(p,q)-L0 = 0.0000000000000000
t = 98.0000, H(p,q)-H0 = 0.0000000021904079, L(p,q)-L0 = 0.0000000000000000
t = 100.0000, H(p,q)-H0 = 0.0000000018950302, L(p,q)-L0 = 0.0000000000000000
Current time                 = 100
Steps                        = 10000
Step attempts                = 10000
Stability limited steps      = 0
Accuracy limited steps       = 0
Error test fails             = 0
NLS step fails               = 0
Inequality constraint fails  = 0
Initial step size            = 0.009999999999999999999796712092659
Last step size               = 0.0099999999999996133605965095529633
Current step size            = 0.0099999999999996133605965095529633
f1 RHS fn evals              = 40001
f2 RHS fn evals              = 40001
