
Problem parameters and options:
 --------------------------------- 
  c                = 0.001
  d                = 0.01
  A                = 0.6
  B                = 2
 --------------------------------- 
  tf               = 3
  xl               = 0
  xu               = 1
  nx               = 512
  dx               = 0.00195695
 --------------------------------- 
  integrator       = ARK
  advection        = Explicit
  diffusion        = Implicit
  reaction         = Implicit
  order            = 3
  rtol             = 0.0001
  atol             = 1e-09
  fixed h          = 0
  controller       = PID
  predictor        = trivial
  ls setup freq    = 0
  linear           = 0
 --------------------------------- 
  output          = 1
 --------------------------------- 

          t                     ||y||_rms      
 ----------------------------------------------
0.000000000000000000e+00 4.029895706298217753e+00
3.000000000000000000e-01 3.942280121135495101e+00
6.000000000000000000e-01 3.877434662389672670e+00
9.000000000000000000e-01 3.793654006700011172e+00
1.200000000000000000e+00 3.689067718768737643e+00
1.500000000000000000e+00 3.567028830880824122e+00
1.800000000000000000e+00 3.439281683889985075e+00
2.100000000000000000e+00 3.320143971224310351e+00
2.400000000000000000e+00 3.219720187221863547e+00
2.700000000000000000e+00 3.146931515115543092e+00
3.000000000000000000e+00 3.110922385062612841e+00
 ----------------------------------------------

Final integrator statistics:
  Steps              = 23
  Step attempts      = 24
  Error test fails   = 0
  Explicit RHS evals = 94
  Implicit RHS evals = 286
  NLS iters          = 192
  NLS fails          = 7
  LS setups          = 16
  J evals            = 8

  Avg NLS iters per step attempt = 8.000000
  Avg LS setups per NLS iter     = 0.083333

