
2D Heat PDE test problem:
 --------------------------------- 
  nprocs         = 4
  npx            = 2
  npy            = 2
 --------------------------------- 
  Dux            = 0.001
  Duy            = 0.001
  Dvx            = 0.001
  Dvy            = 0.001
  A              = 1
  B              = 3
 --------------------------------- 
  tf             = 10
  xl             = -0.5
  xu             = 0.5
  yl             = -0.5
  yu             = 0.5
 --------------------------------- 
  nx             = 128
  ny             = 128
  dx             = 0.0078125
  dy             = 0.0078125
  nxl (proc 0)   = 64
  nyl (proc 0)   = 64
  is  (proc 0)   = 0
  ie  (proc 0)   = 63
  je  (proc 0)   = 0
  je  (proc 0)   = 63
 --------------------------------- 
  rtol           = 0.0001
  atol           = 1e-08
  order          = 3
  fixed h        = 0
  controller     = 0
  linear         = 1
 --------------------------------- 
  linear solver  = PCG
  lin iters      = 10
  eps lin        = 0
  prec           = 1
  msbp           = 0
 --------------------------------- 
  output         = 1
 --------------------------------- 

          t                     ||u||_rms      
 ----------------------------------------------
0.000000000000000000e+00 3.172144385112380094e+00
5.000000000000000000e-01 3.136697190295857693e+00
1.000000000000000000e+00 3.125045557487025802e+00
1.500000000000000000e+00 3.152624764558184679e+00
2.000000000000000000e+00 3.252110216095164792e+00
2.500000000000000000e+00 3.404844615258908594e+00
3.000000000000000000e+00 3.570312081581723589e+00
3.500000000000000000e+00 3.700253324959975600e+00
4.000000000000000000e+00 3.694878482686467183e+00
4.500000000000000000e+00 3.628319196011868898e+00
5.000000000000000000e+00 3.475278392233601514e+00
5.500000000000000000e+00 3.343897898868422318e+00
6.000000000000000000e+00 3.233978980175298645e+00
6.500000000000000000e+00 3.082324528289270360e+00
7.000000000000000000e+00 2.890530862554417127e+00
7.500000000000000000e+00 2.837258314229922684e+00
8.000000000000000000e+00 2.898203334304169953e+00
8.500000000000000000e+00 3.140063063131923633e+00
9.000000000000000000e+00 3.442273503670651839e+00
9.500000000000000000e+00 3.740451069019927422e+00
1.000000000000000000e+01 4.014529383240258279e+00
 ----------------------------------------------

Final integrator statistics:
  Steps            = 105
  Step attempts    = 112
  Error test fails = 7
  RHS reaction     = 443
  RHS diffusion    = 779
  NLS iters        = 336
  NLS fails        = 0
  LS iters         = 2675
  LS fails         = 87
  LS setups        = 0
  LS RHS evals     = 2675
  Jv products      = 2675

  Avg NLS iters per step attempt = 3.000000
  Avg LS iters per NLS iter      = 7.961310

  Preconditioner setups = 0
  Preconditioner solves = 2675

