
   Begin Kepler Problem

Problem Arguments:
  stepper:              1
  step mode:            0
  use tstop:            1
  use compensated sums: 0
  dt:                   0.001
  Tf:                   50
  nout:                 1

t = 0.0000, H(p,q) = -0.5000000000000000, L(p,q) = 0.8000000000000000
t = 50.0000, H(p,q)-H0 = -2.3144680616482560e-13, L(p,q)-L0 = -2.3539221787050035e-14
Current time                  = 50
Steps                         = 50000
Step attempts                 = 50000
Stability limited steps       = 0
Accuracy limited steps        = 0
Error test fails              = 0
NLS step fails                = 0
Inequality constraint fails   = 0
Initial step size             = 0.001
Last step size                = 0.000999999999997239208
Current step size             = 0.001
Explicit RHS fn evals         = 400000
Implicit RHS fn evals         = 0
NLS iters                     = 0
NLS fails                     = 0
NLS iters per step            = 0
LS setups                     = 0

   Begin Kepler Problem

Problem Arguments:
  stepper:              0
  step mode:            0
  use tstop:            1
  use compensated sums: 0
  dt:                   0.001
  Tf:                   50
  nout:                 1

t = 0.0000, H(p,q) = -0.5000000000000000, L(p,q) = 0.8000000000000000
t = 50.0000, H(p,q)-H0 = -1.2973337429613572e-03, L(p,q)-L0 = -1.9515639104739080e-18
Current time                  = 50
Steps                         = 50000
Step attempts                 = 50000
Stability limited steps       = 0
Accuracy limited steps        = 0
Error test fails              = 0
NLS step fails                = 0
Inequality constraint fails   = 0
Initial step size             = 0.001
Last step size                = 0.000999999999997239208
Current step size             = 0.001
f1 RHS fn evals               = 50000
f2 RHS fn evals               = 50000


   Begin Kepler Problem

Problem Arguments:
  stepper:              0
  step mode:            0
  use tstop:            1
  use compensated sums: 0
  dt:                   0.0005
  Tf:                   50
  nout:                 1

t = 0.0000, H(p,q) = -0.5000000000000000, L(p,q) = 0.8000000000000000
t = 50.0000, H(p,q)-H0 = -6.5221362039137793e-04, L(p,q)-L0 = 3.3610267347050637e-18
Current time                  = 50
Steps                         = 100000
Step attempts                 = 100000
Stability limited steps       = 0
Accuracy limited steps        = 0
Error test fails              = 0
NLS step fails                = 0
Inequality constraint fails   = 0
Initial step size             = 0.0005
Last step size                = 0.000499999999976415143
Current step size             = 0.0005
f1 RHS fn evals               = 100000
f2 RHS fn evals               = 100000


   Begin Kepler Problem

Problem Arguments:
  stepper:              0
  step mode:            0
  use tstop:            1
  use compensated sums: 0
  dt:                   0.00025
  Tf:                   50
  nout:                 1

t = 0.0000, H(p,q) = -0.5000000000000000, L(p,q) = 0.8000000000000000
t = 50.0000, H(p,q)-H0 = -3.2690039073421026e-04, L(p,q)-L0 = 1.2902005852577503e-17
Current time                  = 50
Steps                         = 200000
Step attempts                 = 200000
Stability limited steps       = 0
Accuracy limited steps        = 0
Error test fails              = 0
NLS step fails                = 0
Inequality constraint fails   = 0
Initial step size             = 0.00025
Last step size                = 0.000249999999966003111
Current step size             = 0.00025
f1 RHS fn evals               = 200000
f2 RHS fn evals               = 200000


   Begin Kepler Problem

Problem Arguments:
  stepper:              0
  step mode:            0
  use tstop:            1
  use compensated sums: 0
  dt:                   0.000125
  Tf:                   50
  nout:                 1

t = 0.0000, H(p,q) = -0.5000000000000000, L(p,q) = 0.8000000000000000
t = 50.0000, H(p,q)-H0 = -1.6363718513900277e-04, L(p,q)-L0 = 9.5409791178724390e-18
Current time                  = 50
Steps                         = 400000
Step attempts                 = 400000
Stability limited steps       = 0
Accuracy limited steps        = 0
Error test fails              = 0
NLS step fails                = 0
Inequality constraint fails   = 0
Initial step size             = 0.000125
Last step size                = 0.00012499999996079883
Current step size             = 0.000125
f1 RHS fn evals               = 400000
f2 RHS fn evals               = 400000


   Begin Kepler Problem

Problem Arguments:
  stepper:              0
  step mode:            0
  use tstop:            1
  use compensated sums: 0
  dt:                   6.25e-05
  Tf:                   50
  nout:                 1

t = 0.0000, H(p,q) = -0.5000000000000000, L(p,q) = 0.8000000000000000
t = 50.0000, H(p,q)-H0 = -8.1863924339195407e-05, L(p,q)-L0 = 2.2226144535952841e-17
Current time                  = 50
Steps                         = 800000
Step attempts                 = 800000
Stability limited steps       = 0
Accuracy limited steps        = 0
Error test fails              = 0
NLS step fails                = 0
Inequality constraint fails   = 0
Initial step size             = 6.25e-05
Last step size                = 6.24999999581966892e-05
Current step size             = 6.25e-05
f1 RHS fn evals               = 800000
f2 RHS fn evals               = 800000


   Begin Kepler Problem

Problem Arguments:
  stepper:              0
  step mode:            0
  use tstop:            1
  use compensated sums: 0
  dt:                   3.125e-05
  Tf:                   50
  nout:                 1

t = 0.0000, H(p,q) = -0.5000000000000000, L(p,q) = 0.8000000000000000
t = 50.0000, H(p,q)-H0 = -4.0943118631132577e-05, L(p,q)-L0 = 4.1687573532067645e-17
Current time                  = 50
Steps                         = 1600000
Step attempts                 = 1600000
Stability limited steps       = 0
Accuracy limited steps        = 0
Error test fails              = 0
NLS step fails                = 0
Inequality constraint fails   = 0
Initial step size             = 3.125e-05
Last step size                = 3.12499999568956188e-05
Current step size             = 3.125e-05
f1 RHS fn evals               = 1600000
f2 RHS fn evals               = 1600000


   Begin Kepler Problem

Problem Arguments:
  stepper:              0
  step mode:            0
  use tstop:            1
  use compensated sums: 0
  dt:                   1.5625e-05
  Tf:                   50
  nout:                 1

t = 0.0000, H(p,q) = -0.5000000000000000, L(p,q) = 0.8000000000000000
t = 50.0000, H(p,q)-H0 = -2.0474326396076868e-05, L(p,q)-L0 = -1.1926223897340549e-18
Current time                  = 50
Steps                         = 3200001
Step attempts                 = 3200001
Stability limited steps       = 0
Accuracy limited steps        = 0
Error test fails              = 0
NLS step fails                = 0
Inequality constraint fails   = 0
Initial step size             = 1.5625e-05
Last step size                = 1.95464477936724279e-12
Current step size             = 1.5625e-05
f1 RHS fn evals               = 3200001
f2 RHS fn evals               = 3200001


   Begin Kepler Problem

Problem Arguments:
  stepper:              0
  step mode:            0
  use tstop:            1
  use compensated sums: 0
  dt:                   7.8125e-06
  Tf:                   50
  nout:                 1

t = 0.0000, H(p,q) = -0.5000000000000000, L(p,q) = 0.8000000000000000
t = 50.0000, H(p,q)-H0 = -1.0237852215241807e-05, L(p,q)-L0 = 5.8004816227974487e-17
Current time                  = 50
Steps                         = 6400001
Step attempts                 = 6400001
Stability limited steps       = 0
Accuracy limited steps        = 0
Error test fails              = 0
NLS step fails                = 0
Inequality constraint fails   = 0
Initial step size             = 7.8125e-06
Last step size                = 3.73067549075400961e-12
Current step size             = 7.8125e-06
f1 RHS fn evals               = 6400001
f2 RHS fn evals               = 6400001

Order of accuracy wrt solution:    expected = 1, max = 1.6317,  avg = 1.0842,  overall = 1.0418
Order of accuracy wrt Hamiltonian: expected = 1, max = 0.9999,  avg = 0.9979,  overall = 0.9983
