
Analytical ODE test problem:
   reltol = 1.0e-06
   abstol = 1.0e-10

        t           u
   ---------------------
    1.000000    0.916291
    2.000000    1.609438
    3.000000    2.140066
    4.000000    2.564949
    5.000000    2.917771
    6.000000    3.218876
    7.000000    3.481240
    8.000000    3.713572
    9.000000    3.921973
   10.000000    4.110874
   ---------------------

Final Statistics:
Current time                 = 10.071989124716688859123570054521
Steps                        = 85
Step attempts                = 85
Stability limited steps      = 0
Accuracy limited steps       = 85
Error test fails             = 0
NLS step fails               = 0
Inequality constraint fails  = 0
Initial step size            = 9.0729302597253501833443342834229e-13
Last step size               = 0.39457843271255068991654364751742
Current step size            = 0.39457843271255068991654364751742
RHS fn evals                 = 428
