
Multirate nonlinear Kvaerno-Prothero-Robinson test problem:
    time domain:  (0,5]
    hs = 0.0099999999999999999998
    hf = 0.0001
    G = -100
    w = 100
    e = 0.5
    solver: exp-3/exp-3 (standard MIS)

        t           u           v       uerr      verr
   ------------------------------------------------------
    0.000000    1.224745    1.732051  0.00e+00  0.00e+00
    0.100000    1.223726    1.077464  8.49e-07  8.80e-09
    0.200000    1.220670    1.551796  7.16e-07  3.24e-06
    0.300000    1.215595    1.467734  8.18e-07  2.92e-06
    0.400000    1.208525    1.154578  6.93e-07  5.51e-06
    0.500000    1.199497    1.721903  7.68e-07  5.15e-06
    0.600000    1.188558    1.023511  7.13e-07  5.68e-06
    0.700000    1.175765    1.622741  5.52e-07  9.47e-06
    0.800000    1.161187    1.374623  6.77e-07  8.45e-06
    0.900000    1.144904    1.245751  4.52e-07  1.24e-05
    1.000000    1.127010    1.691827  5.42e-07  1.21e-05
    1.100000    1.107610    1.000476  4.18e-07  1.39e-05
    1.200000    1.086821    1.677535  2.76e-07  1.74e-05
    1.300000    1.064777    1.277758  3.41e-07  1.70e-05
    1.400000    1.041626    1.342434  8.19e-08  2.16e-05
    1.500000    1.017531    1.642919  1.73e-07  2.11e-05
    1.600000    0.992673    1.012089  1.79e-08  2.34e-05
    1.700000    0.967253    1.714032  1.35e-07  2.59e-05
    1.800000    0.941487    1.183841  1.46e-07  2.57e-05
    1.900000    0.915617    1.437435  4.36e-07  3.01e-05
    2.000000    0.889902    1.577053  3.61e-07  2.89e-05
    2.100000    0.864625    1.056436  6.17e-07  3.12e-05
    2.200000    0.840088    1.730888  7.10e-07  3.20e-05
    2.300000    0.816615    1.101015  8.00e-07  3.14e-05
    2.400000    0.794545    1.525016  1.10e-06  3.48e-05
    2.500000    0.774226    1.496961  1.04e-06  3.24e-05
    2.600000    0.756012    1.126823  1.33e-06  3.40e-05
    2.700000    0.740245    1.727504  1.35e-06  3.25e-05
    2.800000    0.727246    1.038362  1.46e-06  3.09e-05
    2.900000    0.717299    1.600726  1.67e-06  3.24e-05
    3.000000    0.710635    1.406351  1.53e-06  2.83e-05
    3.100000    0.707411    1.214324  1.71e-06  2.87e-05
    3.200000    0.707708    1.704001  1.55e-06  2.47e-05
    3.300000    0.711518    1.004369  1.53e-06  2.19e-05
    3.400000    0.718748    1.661204  1.52e-06  2.11e-05
    3.500000    0.729226    1.310086  1.24e-06  1.57e-05
    3.600000    0.742711    1.310065  1.26e-06  1.51e-05
    3.700000    0.758913    1.661227  9.34e-07  9.49e-06
    3.800000    0.777506    1.004381  8.41e-07  6.40e-06
    3.900000    0.798143    1.704014  6.99e-07  4.11e-06
    4.000000    0.820474    1.214375  4.18e-07  1.24e-06
    4.100000    0.844149    1.406360  4.20e-07  1.64e-06
    4.200000    0.868832    1.600776  3.03e-07  1.48e-06
    4.300000    0.894204    1.038383  1.77e-07  1.34e-06
    4.400000    0.919964    1.727535  5.95e-08  1.21e-06
    4.500000    0.945834    1.126876  4.89e-08  1.09e-06
    4.600000    0.971558    1.496975  1.49e-07  9.90e-07
    4.700000    0.996898    1.525071  2.40e-07  8.98e-07
    4.800000    1.021641    1.101031  3.22e-07  8.17e-07
    4.900000    1.045589    1.730923  3.98e-07  7.44e-07
    5.000000    1.068565    1.056481  4.66e-07  6.80e-07
   ------------------------------------------------------

Final Solver Statistics:
   Steps: nsts = 500, nstf = 50500
   u error = 8.536e-07, v error = 1.957e-05, total error = 1.385e-05
   Total RHS evals:  Fs = 1500,  Ff = 151500
