
2D Heat PDE test problem:
 --------------------------------- 
  kx             = 10
  ky             = 10
  forcing        = 1
  tf             = 1
  xu             = 1
  yu             = 1
  nx             = 64
  ny             = 64
  dx             = 0.015873
  dy             = 0.015873
 --------------------------------- 
  rtol           = 1e-05
  atol           = 1e-10
  fixed h        = 0
  controller     = I
  method         = 0
  eigfrequency   = 25
  stage_max_limit  = 1000
  eigsafety      = 1.01
 --------------------------------- 
  output         = 1
  max steps      = 0
 --------------------------------- 

          t                     ||u||_rms                max error      
 -----------------------------------------------------------------------
0.000000000000000000e+00 3.691406250000000003e-01 0.000000000000000000e+00
5.000000000000000000e-02 3.604068358878501126e-01 8.104221627939273598e-04
1.000000000000000000e-01 3.341701059752430393e-01 7.544115112762991003e-04
1.500000000000000000e-01 2.933044782214424953e-01 6.651814467509737120e-04
2.000000000000000000e-01 2.418101896200443193e-01 5.514071516690739077e-04
2.500000000000000000e-01 1.847278611305232852e-01 4.242190329937550654e-04
3.000000000000000000e-01 1.276450270426878754e-01 2.958523061599522207e-04
3.500000000000000000e-01 7.614942228919773399e-02 1.790708723747263089e-04
4.000000000000000000e-01 3.528179537000865609e-02 8.530247740589411815e-05
4.500000000000000000e-01 9.042539511534691727e-03 2.369999169889890635e-05
5.000000000000000001e-01 1.483064700824616089e-07 3.058880645337697799e-07
5.500000000000000001e-01 9.039745354754944597e-03 1.742511893313721193e-05
6.000000000000000001e-01 3.527649564063230563e-02 7.339776416702150600e-05
6.500000000000000001e-01 7.614215113696914246e-02 1.627297048060489794e-04
7.000000000000000001e-01 1.276364922567131274e-01 2.766671249171038681e-04
7.500000000000000001e-01 1.847188955826900327e-01 4.040611524260041300e-04
8.000000000000000001e-01 2.418017381568670195e-01 5.324421135837282474e-04
8.500000000000000001e-01 2.932973539536080520e-01 6.492436778901463377e-04
9.000000000000000001e-01 3.341649926280062685e-01 7.430309093903220987e-04
9.500000000000000002e-01 3.604042442505885743e-01 8.046240486242567879e-04
1.000000000000000000e+00 3.694466531587774579e-01 8.280995948540592405e-04
 -----------------------------------------------------------------------

Final integrator statistics:
Current time                  = 1
Steps                         = 484
Step attempts                 = 491
Stability limited steps       = 0
Accuracy limited steps        = 491
Error test fails              = 7
NLS step fails                = 0
Inequality constraint fails   = 0
Initial step size             = 2.87768024839445415e-06
Last step size                = 4.49358821355203539e-05
Current step size             = 4.49358821355203539e-05
RHS fn evals                  = 15622
Number of dom_eig updates     = 23
Max. num. of stages used      = 63
Max. num. of stages allowed   = 1000
Max. spectral radius          = 320695.2
Min. spectral radius          = 320695.2
  Max error = 8.280995948540592405e-04
