
2D Heat PDE test problem:
 --------------------------------- 
  nprocs         = 4
  npx            = 2
  npy            = 2
 --------------------------------- 
  Dux            = 0.001
  Duy            = 0.001
  Dvx            = 0.001
  Dvy            = 0.001
  A              = 1
  B              = 3
 --------------------------------- 
  tf             = 10
  xl             = -0.5
  xu             = 0.5
  yl             = -0.5
  yu             = 0.5
 --------------------------------- 
  nx             = 128
  ny             = 128
  dx             = 0.0078125
  dy             = 0.0078125
  nxl (proc 0)   = 64
  nyl (proc 0)   = 64
  is  (proc 0)   = 0
  ie  (proc 0)   = 63
  je  (proc 0)   = 0
  je  (proc 0)   = 63
 --------------------------------- 
  rtol_slow      = 0.0001
  atol_slow      = 1e-08
  rtol_fast      = 1e-05
  atol_fast      = 1e-09
  order_fast     = 3
  fixed h slow   = 0.0762939
  fixed h fast   = 0
  controller     = 0
  linear         = 1
 --------------------------------- 
  linear solver  = PCG
  lin iters      = 10
  eps lin        = 0
  prec           = 1
  msbp           = 0
 --------------------------------- 
  output         = 1
 --------------------------------- 

          t                     ||u||_rms      
 ----------------------------------------------
0.000000000000000000e+00 3.172144385112380094e+00
5.000000000000000000e-01 3.136729931856999059e+00
1.000000000000000000e+00 3.125062563752156238e+00
1.500000000000000000e+00 3.152636908190450368e+00
2.000000000000000000e+00 3.252081564520712965e+00
2.500000000000000000e+00 3.404785462698433964e+00
3.000000000000000000e+00 3.570169387696173085e+00
3.500000000000000000e+00 3.699866074482146176e+00
4.000000000000000000e+00 3.694350577667068028e+00
4.500000000000000000e+00 3.627863935655308903e+00
5.000000000000000000e+00 3.474855303267634892e+00
5.500000000000000000e+00 3.343641843991617381e+00
6.000000000000000000e+00 3.233853076351966729e+00
6.500000000000000000e+00 3.082269721083843284e+00
7.000000000000000000e+00 2.890602140409708647e+00
7.500000000000000000e+00 2.837329243137833392e+00
8.000000000000000000e+00 2.898422245044390162e+00
8.500000000000000000e+00 3.140280092153793849e+00
9.000000000000000000e+00 3.442444390713063471e+00
9.500000000000000000e+00 3.740587690810682890e+00
1.000000000000000000e+01 4.014621939228908801e+00
 ----------------------------------------------

Final integrator statistics:

Slow Integrator:
  Steps            = 132
  RHS diffusion    = 792
  NLS iters        = 396
  NLS fails        = 0
  LS iters         = 2635
  LS fails         = 0
  LS setups        = 0
  LS RHS evals     = 2635
  Jv products      = 2635

  Avg NLS iters per step attempt = 3.000000
  Avg LS iters per NLS iter      = 6.654040

  Preconditioner setups = 0
  Preconditioner solves = 2635

Fast Integrator:
  Steps            = 2060
  Error test fails = 392
  RHS reaction     = 4986
  NLS iters        = 3798
  NLS fails        = 0

