
2-species diurnal advection-diffusion problem

t = 7.20e+03   no. steps = 980   stepsize = 3.07e+00
At bottom left:  c1, c2 =    1.047e+04    2.527e+11 
At top right:    c1, c2 =    1.119e+04    2.700e+11 

t = 1.44e+04   no. steps = 2730   stepsize = 6.90e+00
At bottom left:  c1, c2 =    6.659e+06    2.582e+11 
At top right:    c1, c2 =    7.301e+06    2.833e+11 

t = 2.16e+04   no. steps = 3533   stepsize = 1.04e+01
At bottom left:  c1, c2 =    2.665e+07    2.993e+11 
At top right:    c1, c2 =    2.931e+07    3.313e+11 

t = 2.88e+04   no. steps = 4676   stepsize = 4.11e+00
At bottom left:  c1, c2 =    8.702e+06    3.380e+11 
At top right:    c1, c2 =    9.650e+06    3.751e+11 

t = 3.60e+04   no. steps = 6006   stepsize = 2.55e+00
At bottom left:  c1, c2 =    1.404e+04    3.387e+11 
At top right:    c1, c2 =    1.561e+04    3.765e+11 

t = 4.32e+04   no. steps = 7196   stepsize = 4.74e+02
At bottom left:  c1, c2 =   -2.540e-09    3.382e+11 
At top right:    c1, c2 =    8.919e-09    3.804e+11 

t = 5.04e+04   no. steps = 7213   stepsize = 4.80e+02
At bottom left:  c1, c2 =    1.594e-13    3.358e+11 
At top right:    c1, c2 =    3.320e-12    3.864e+11 

t = 5.76e+04   no. steps = 7228   stepsize = 3.51e+02
At bottom left:  c1, c2 =   -2.630e-25    3.320e+11 
At top right:    c1, c2 =    3.253e-23    3.909e+11 

t = 6.48e+04   no. steps = 7243   stepsize = 5.60e+02
At bottom left:  c1, c2 =    3.190e-25    3.313e+11 
At top right:    c1, c2 =   -1.821e-23    3.963e+11 

t = 7.20e+04   no. steps = 7256   stepsize = 5.60e+02
At bottom left:  c1, c2 =   -3.852e-26    3.330e+11 
At top right:    c1, c2 =   -7.176e-24    4.039e+11 

t = 7.92e+04   no. steps = 7268   stepsize = 5.60e+02
At bottom left:  c1, c2 =    2.206e-25    3.334e+11 
At top right:    c1, c2 =    1.000e-23    4.120e+11 

t = 8.64e+04   no. steps = 7281   stepsize = 5.60e+02
At bottom left:  c1, c2 =    1.562e-39    3.352e+11 
At top right:    c1, c2 =   -1.334e-37    4.163e+11 


Final Statistics: 

lenrw   =  3302     leniw   =   243
lenrwls =  2455     leniwls =   126
nst     =  7281     nfe     =     0
nfi     = 77223     nfels   = 106117
nni     = 40665     nli     = 106117
nsetups =   439     netf    =    30
npe     =   122     nps     = 143771
ncfn    =     0     ncfl    =    37

