
   Begin Kepler Problem

Problem Arguments:
  stepper:              1
  step mode:            0
  use tstop:            1
  use compensated sums: 0
  dt:                   0.001
  Tf:                   50
  nout:                 1

t = 0.0000, H(p,q) = -0.5000000000000000, L(p,q) = 0.8000000000000000
t = 50.0000, H(p,q)-H0 = -2.3144680616482560e-13, L(p,q)-L0 = -2.3539221787050035e-14
Current time                  = 50
Steps                         = 50000
Step attempts                 = 50000
Stability limited steps       = 0
Accuracy limited steps        = 0
Error test fails              = 0
NLS step fails                = 0
Inequality constraint fails   = 0
Initial step size             = 0.001
Last step size                = 0.000999999999997239208
Current step size             = 0.001
Explicit RHS fn evals         = 400000
Implicit RHS fn evals         = 0
NLS iters                     = 0
NLS fails                     = 0
NLS iters per step            = 0
LS setups                     = 0

   Begin Kepler Problem

Problem Arguments:
  stepper:              0
  step mode:            0
  use tstop:            1
  use compensated sums: 0
  dt:                   0.1
  Tf:                   50
  nout:                 1

t = 0.0000, H(p,q) = -0.5000000000000000, L(p,q) = 0.8000000000000000
t = 50.0000, H(p,q)-H0 = 8.9881034690190021e-04, L(p,q)-L0 = -1.0842021724855044e-18
Current time                  = 50
Steps                         = 500
Step attempts                 = 500
Stability limited steps       = 0
Accuracy limited steps        = 0
Error test fails              = 0
NLS step fails                = 0
Inequality constraint fails   = 0
Initial step size             = 0.1
Last step size                = 0.1
Current step size             = 0.1
f1 RHS fn evals               = 1500
f2 RHS fn evals               = 1500


   Begin Kepler Problem

Problem Arguments:
  stepper:              0
  step mode:            0
  use tstop:            1
  use compensated sums: 0
  dt:                   0.05
  Tf:                   50
  nout:                 1

t = 0.0000, H(p,q) = -0.5000000000000000, L(p,q) = 0.8000000000000000
t = 50.0000, H(p,q)-H0 = 1.2012096161835670e-04, L(p,q)-L0 = 1.1926223897340549e-18
Current time                  = 50
Steps                         = 1000
Step attempts                 = 1000
Stability limited steps       = 0
Accuracy limited steps        = 0
Error test fails              = 0
NLS step fails                = 0
Inequality constraint fails   = 0
Initial step size             = 0.05
Last step size                = 0.05
Current step size             = 0.05
f1 RHS fn evals               = 3000
f2 RHS fn evals               = 3000


   Begin Kepler Problem

Problem Arguments:
  stepper:              0
  step mode:            0
  use tstop:            1
  use compensated sums: 0
  dt:                   0.025
  Tf:                   50
  nout:                 1

t = 0.0000, H(p,q) = -0.5000000000000000, L(p,q) = 0.8000000000000000
t = 50.0000, H(p,q)-H0 = 1.3406075337804775e-05, L(p,q)-L0 = -1.1384122811097797e-18
Current time                  = 50
Steps                         = 2000
Step attempts                 = 2000
Stability limited steps       = 0
Accuracy limited steps        = 0
Error test fails              = 0
NLS step fails                = 0
Inequality constraint fails   = 0
Initial step size             = 0.025
Last step size                = 0.0249999999999993179
Current step size             = 0.025
f1 RHS fn evals               = 6000
f2 RHS fn evals               = 6000


   Begin Kepler Problem

Problem Arguments:
  stepper:              0
  step mode:            0
  use tstop:            1
  use compensated sums: 0
  dt:                   0.0125
  Tf:                   50
  nout:                 1

t = 0.0000, H(p,q) = -0.5000000000000000, L(p,q) = 0.8000000000000000
t = 50.0000, H(p,q)-H0 = 1.5483046360114912e-06, L(p,q)-L0 = 1.6263032587282567e-18
Current time                  = 50
Steps                         = 4000
Step attempts                 = 4000
Stability limited steps       = 0
Accuracy limited steps        = 0
Error test fails              = 0
NLS step fails                = 0
Inequality constraint fails   = 0
Initial step size             = 0.0125
Last step size                = 0.0124999999999982729
Current step size             = 0.0125
f1 RHS fn evals               = 12000
f2 RHS fn evals               = 12000


   Begin Kepler Problem

Problem Arguments:
  stepper:              0
  step mode:            0
  use tstop:            1
  use compensated sums: 0
  dt:                   0.00625
  Tf:                   50
  nout:                 1

t = 0.0000, H(p,q) = -0.5000000000000000, L(p,q) = 0.8000000000000000
t = 50.0000, H(p,q)-H0 = 1.8529116863411077e-07, L(p,q)-L0 = 1.7347234759768071e-18
Current time                  = 50
Steps                         = 8001
Step attempts                 = 8001
Stability limited steps       = 0
Accuracy limited steps        = 0
Error test fails              = 0
NLS step fails                = 0
Inequality constraint fails   = 0
Initial step size             = 0.00625
Last step size                = 2.74433253899530882e-15
Current step size             = 0.00625
f1 RHS fn evals               = 24003
f2 RHS fn evals               = 24003


   Begin Kepler Problem

Problem Arguments:
  stepper:              0
  step mode:            0
  use tstop:            1
  use compensated sums: 0
  dt:                   0.003125
  Tf:                   50
  nout:                 1

t = 0.0000, H(p,q) = -0.5000000000000000, L(p,q) = 0.8000000000000000
t = 50.0000, H(p,q)-H0 = 2.2641811556504618e-08, L(p,q)-L0 = -6.3967928176644762e-18
Current time                  = 50
Steps                         = 16001
Step attempts                 = 16001
Stability limited steps       = 0
Accuracy limited steps        = 0
Error test fails              = 0
NLS step fails                = 0
Inequality constraint fails   = 0
Initial step size             = 0.003125
Last step size                = 6.9215466691474603e-15
Current step size             = 0.003125
f1 RHS fn evals               = 48003
f2 RHS fn evals               = 48003


   Begin Kepler Problem

Problem Arguments:
  stepper:              0
  step mode:            0
  use tstop:            1
  use compensated sums: 0
  dt:                   0.0015625
  Tf:                   50
  nout:                 1

t = 0.0000, H(p,q) = -0.5000000000000000, L(p,q) = 0.8000000000000000
t = 50.0000, H(p,q)-H0 = 2.7976582481865561e-09, L(p,q)-L0 = 8.2941466195141089e-18
Current time                  = 50
Steps                         = 32000
Step attempts                 = 32000
Stability limited steps       = 0
Accuracy limited steps        = 0
Error test fails              = 0
NLS step fails                = 0
Inequality constraint fails   = 0
Initial step size             = 0.0015625
Last step size                = 0.001562499999989031
Current step size             = 0.0015625
f1 RHS fn evals               = 96000
f2 RHS fn evals               = 96000


   Begin Kepler Problem

Problem Arguments:
  stepper:              0
  step mode:            0
  use tstop:            1
  use compensated sums: 0
  dt:                   0.00078125
  Tf:                   50
  nout:                 1

t = 0.0000, H(p,q) = -0.5000000000000000, L(p,q) = 0.8000000000000000
t = 50.0000, H(p,q)-H0 = 3.4766906671299114e-10, L(p,q)-L0 = -2.2226144535952841e-18
Current time                  = 50
Steps                         = 64000
Step attempts                 = 64000
Stability limited steps       = 0
Accuracy limited steps        = 0
Error test fails              = 0
NLS step fails                = 0
Inequality constraint fails   = 0
Initial step size             = 0.00078125
Last step size                = 0.000781249999972311037
Current step size             = 0.00078125
f1 RHS fn evals               = 192000
f2 RHS fn evals               = 192000

Order of accuracy wrt solution:    expected = 3, max = 3.9687,  avg = 3.7978,  overall = 3.8274
Order of accuracy wrt Hamiltonian: expected = 3, max = 3.1635,  avg = 3.0431,  overall = 3.0566
