
Conserved Exponential Entropy problem:
   method     = DIRK
   reltol     = 1.0e-06
   abstol     = 1.0e-10
   relaxation = ON

 step   t              u              v              e              delta e
 -------------------------------------------------------------------------------
    0   0.000000e+00   1.000000e+00   5.000000e-01   4.367003e+00   0.000000e+00
   40   4.013535e-02   9.301706e-01   6.054418e-01   4.367003e+00   4.336809e-19
   80   8.036534e-02   8.526778e-01   7.036334e-01   4.367003e+00  -8.673617e-19
  120   1.340148e-01   7.374003e-01   8.226433e-01   4.367003e+00  -1.734723e-18
  160   1.879869e-01   6.076396e-01   9.285792e-01   4.367003e+00  -1.734723e-18
  200   2.321545e-01   4.913756e-01   1.005195e+00   4.367003e+00  -8.673617e-19
  240   2.739206e-01   3.734202e-01   1.069633e+00   4.367003e+00  -1.301043e-18
  280   3.060883e-01   2.775190e-01   1.114207e+00   4.367003e+00  -3.469447e-18
  320   3.381037e-01   1.779406e-01   1.154441e+00   4.367003e+00  -7.806256e-18
  360   3.639539e-01   9.469301e-02   1.184081e+00   4.367003e+00  -6.938894e-18
  400   3.821067e-01   3.479138e-02   1.203452e+00   4.367003e+00  -9.974660e-18
  440   3.903034e-01   7.368074e-03   1.211824e+00   4.367003e+00  -9.107298e-18
  480   3.939612e-01  -4.943164e-03   1.215486e+00   4.367003e+00  -1.127570e-17
  520   4.007258e-01  -2.782933e-02   1.222141e+00   4.367003e+00  -9.540979e-18
  560   4.154016e-01  -7.799704e-02   1.236063e+00   4.367003e+00  -9.974660e-18
  600   4.381606e-01  -1.571429e-01   1.256306e+00   4.367003e+00  -8.239937e-18
  640   4.735940e-01  -2.834254e-01   1.284761e+00   4.367003e+00  -5.204170e-18
  680   5.230750e-01  -4.654172e-01   1.318853e+00   4.367003e+00  -5.637851e-18
  720   5.881325e-01  -7.133180e-01   1.355058e+00   4.367003e+00  -6.505213e-18
  760   6.644692e-01  -1.014354e+00   1.387385e+00   4.367003e+00  -5.204170e-18
  800   7.514760e-01  -1.367712e+00   1.413986e+00   4.367003e+00  -3.903128e-18
  840   8.826609e-01  -1.914834e+00   1.439749e+00   4.367003e+00  -3.469447e-18
  880   1.049918e+00  -2.627603e+00   1.457394e+00   4.367003e+00  -5.637851e-18
  920   1.282987e+00  -3.634792e+00   1.468016e+00   4.367003e+00  -3.903128e-18
  960   2.044402e+00  -6.954052e+00   1.473858e+00   4.367003e+00  -3.903128e-18
 -------------------------------------------------------------------------------

Final Solver Statistics:
   Internal solver steps = 986 (attempted = 1327)
   Total number of error test failures = 103
   Total RHS evals:  Fe = 0,  Fi = 9487
   Total number of Newton iterations = 5503
   Total number of linear solver convergence failures = 40
   Total linear solver setups = 821
   Total number of Jacobian evaluations = 279
   Total RHS evals for setting up the linear system = 0
   Total Relaxation Fn evals    = 7189
   Total Relaxation Jac evals   = 8781
   Total Relaxation fails       = 238
   Total Relaxation bound fails = 19
   Total Relaxation NLS fails   = 219
   Total Relaxation NLS iters   = 4800

