
Multirate nonlinear Kvaerno-Prothero-Robinson test problem:
    time domain:  (0,5]
    hs = 0.0019999999999999999999
    hf = 2e-05
    G = -100
    w = 100
    e = 0.5
    solver: exp-3/exp-3 (standard MIS)

        t           u           v       uerr      verr
   ------------------------------------------------------
    0.000000    1.224745    1.732051  0.00e+00  0.00e+00
    0.100000    1.223725    1.077464  4.99e-09  6.30e-11
    0.200000    1.220669    1.551800  4.96e-09  1.43e-10
    0.300000    1.215594    1.467737  4.90e-09  2.14e-10
    0.400000    1.208524    1.154583  3.36e-09  7.67e-08
    0.500000    1.199496    1.721908  4.77e-09  4.71e-08
    0.600000    1.188557    1.023517  3.55e-09  8.48e-08
    0.700000    1.175764    1.622750  2.62e-09  1.50e-07
    0.800000    1.161186    1.374632  3.46e-09  1.39e-07
    0.900000    1.144904    1.245763  1.17e-09  2.41e-07
    1.000000    1.127010    1.691839  2.62e-09  2.18e-07
    1.100000    1.107609    1.000489  8.36e-10  2.82e-07
    1.200000    1.086821    1.677552  2.95e-10  3.36e-07
    1.300000    1.064777    1.277775  4.74e-10  3.44e-07
    1.400000    1.041625    1.342455  7.98e-10  3.11e-07
    1.500000    1.017531    1.642939  5.11e-10  2.82e-07
    1.600000    0.992673    1.012112  1.66e-10  2.55e-07
    1.700000    0.967253    1.714058  2.39e-10  2.31e-07
    1.800000    0.941488    1.183866  7.05e-10  2.09e-07
    1.900000    0.915617    1.437465  1.23e-09  1.89e-07
    2.000000    0.889903    1.577082  1.82e-09  1.71e-07
    2.100000    0.864625    1.056467  2.48e-09  1.55e-07
    2.200000    0.840089    1.730920  3.18e-09  1.40e-07
    2.300000    0.816616    1.101047  3.94e-09  1.27e-07
    2.400000    0.794546    1.525051  4.73e-09  1.15e-07
    2.500000    0.774227    1.496993  5.54e-09  1.04e-07
    2.600000    0.756013    1.126857  6.34e-09  9.43e-08
    2.700000    0.740246    1.727536  7.10e-09  8.54e-08
    2.800000    0.727247    1.038393  7.77e-09  7.74e-08
    2.900000    0.717301    1.600759  8.33e-09  7.02e-08
    3.000000    0.710636    1.406379  8.72e-09  6.37e-08
    3.100000    0.707412    1.214353  8.92e-09  5.78e-08
    3.200000    0.707709    1.704026  8.91e-09  5.24e-08
    3.300000    0.711520    1.004391  8.69e-09  4.76e-08
    3.400000    0.718750    1.661225  8.28e-09  4.32e-08
    3.500000    0.729227    1.310102  7.69e-09  3.93e-08
    3.600000    0.742712    1.310080  6.97e-09  3.57e-08
    3.700000    0.758914    1.661237  6.17e-09  3.24e-08
    3.800000    0.777506    1.004387  5.30e-09  2.94e-08
    3.900000    0.798144    1.704019  4.42e-09  2.67e-08
    4.000000    0.820474    1.214374  3.55e-09  2.42e-08
    4.100000    0.844149    1.406358  2.71e-09  2.20e-08
    4.200000    0.868832    1.600774  1.90e-09  1.99e-08
    4.300000    0.894204    1.038382  1.15e-09  1.81e-08
    4.400000    0.919964    1.727533  4.48e-10  1.64e-08
    4.500000    0.945834    1.126875  2.00e-10  1.48e-08
    4.600000    0.971557    1.496974  7.94e-10  1.34e-08
    4.700000    0.996898    1.525070  1.34e-09  1.21e-08
    4.800000    1.021641    1.101030  1.83e-09  1.09e-08
    4.900000    1.045589    1.730922  2.28e-09  9.87e-09
    5.000000    1.068565    1.056480  2.69e-09  8.89e-09
   ------------------------------------------------------

Final Solver Statistics:
   Steps: nsts = 2500, nstf = 252500
   u error = 4.638e-09, v error = 1.421e-07, total error = 1.005e-07
   Total RHS evals:  Fs = 7500,  Ff = 757500
