
2D Heat PDE test problem:
 --------------------------------- 
  nprocs         = 4
  npx            = 2
  npy            = 2
 --------------------------------- 
  kx             = 1
  ky             = 1
  forcing        = 1
  tf             = 1
  xu             = 1
  yu             = 1
  nx             = 32
  ny             = 32
  nxl (proc 0)   = 16
  nyl (proc 0)   = 16
  dx             = 0.0322581
  dy             = 0.0322581
 --------------------------------- 
  rtol           = 1e-05
  atol           = 1e-10
  order          = 3
  fixed h        = 0
  controller     = 0
  linear         = 1
 --------------------------------- 
  linear solver  = PCG
  lin iters      = 40
  eps lin        = 0
  prec           = 1
  msbp           = 0
 --------------------------------- 
  output         = 1
 --------------------------------- 

          t                     ||u||_rms                max error      
 -----------------------------------------------------------------------
0.000000000000000000e+00 3.632812500000000000e-01 0.000000000000000000e+00
5.000000000000000000e-02 3.551988422905500977e-01 2.455482048095119672e-03
1.000000000000000000e-01 3.296234293986922635e-01 2.897896431797900019e-03
1.500000000000000000e-01 2.894441906855485104e-01 2.832303192885998885e-03
2.000000000000000000e-01 2.387114773003318519e-01 2.525799504509582127e-03
2.500000000000000000e-01 1.824256476022261471e-01 2.078268488170751901e-03
3.000000000000000000e-01 1.261168085584777456e-01 1.580109901829527972e-03
3.500000000000000000e-01 7.529981290510093424e-02 1.084790723832864862e-03
4.000000000000000000e-01 3.495180895056787287e-02 6.472680840671261754e-04
4.500000000000000000e-01 9.023693962835600262e-03 3.135810487735327963e-04
5.000000000000000001e-01 5.528701648637644577e-05 1.158664442090476890e-04
5.500000000000000001e-01 8.918915917597471327e-03 7.372606549128926331e-05
6.000000000000000001e-01 3.475275192489685240e-02 1.914158455777905426e-04
6.500000000000000001e-01 7.502609253337049674e-02 4.577117229551623382e-04
7.000000000000000001e-01 1.257965751004456173e-01 8.461652918706301363e-04
7.500000000000000001e-01 1.820941861189136412e-01 1.318095242311862744e-03
8.000000000000000001e-01 2.384093995518213323e-01 1.830603198799427261e-03
8.500000000000000001e-01 2.892274536625312693e-01 2.327914527552984363e-03
9.000000000000000001e-01 3.295751201129177068e-01 2.764242936230074295e-03
9.500000000000000002e-01 3.555039202974805121e-01 3.099492553294667648e-03
1.000000000000000000e+00 3.644737419510780755e-01 3.296010381519877473e-03
 -----------------------------------------------------------------------

Final integrator statistics:
  Steps            = 124
  Step attempts    = 125
  Error test fails = 1
  RHS evals        = 753
  NLS iters        = 375
  NLS fails        = 0
  LS iters         = 12926
  LS fails         = 36
  LS setups        = 56
  LS RHS evals     = 12926
  Jv products      = 12926

  Avg NLS iters per step attempt = 3.000000
  Avg LS iters per NLS iter      = 34.469333

  Preconditioner setups = 4
  Preconditioner solves = 12926

  Max error = 3.296010381519877473e-03
