
2D Heat PDE test problem:
 --------------------------------- 
  nprocs         = 4
  npx            = 2
  npy            = 2
 --------------------------------- 
  Dux            = 0.001
  Duy            = 0.001
  Dvx            = 0.001
  Dvy            = 0.001
  A              = 1
  B              = 3
 --------------------------------- 
  tf             = 10
  xl             = -0.5
  xu             = 0.5
  yl             = -0.5
  yu             = 0.5
 --------------------------------- 
  nx             = 128
  ny             = 128
  dx             = 0.0078125
  dy             = 0.0078125
  nxl (proc 0)   = 64
  nyl (proc 0)   = 64
  is  (proc 0)   = 0
  ie  (proc 0)   = 63
  je  (proc 0)   = 0
  je  (proc 0)   = 63
 --------------------------------- 
  rtol_slow      = 0.0001
  atol_slow      = 1e-08
  rtol_fast      = 1e-05
  atol_fast      = 1e-09
  order_fast     = 3
  fixed h slow   = 0.0762939
  fixed h fast   = 0
  controller     = I
  linear         = 1
 --------------------------------- 
  linear solver  = PCG
  lin iters      = 10
  eps lin        = 0
  prec           = 1
  msbp           = 0
 --------------------------------- 
  output         = 1
 --------------------------------- 

          t                     ||u||_rms      
 ----------------------------------------------
0.000000000000000000e+00 3.172144385112380094e+00
5.000000000000000000e-01 3.136741760776652945e+00
1.000000000000000000e+00 3.125063170043591923e+00
1.500000000000000000e+00 3.152612853328999140e+00
2.000000000000000000e+00 3.252046450509518344e+00
2.500000000000000000e+00 3.404770379716872470e+00
3.000000000000000000e+00 3.570197916518809395e+00
3.500000000000000000e+00 3.699979389249768475e+00
4.000000000000000000e+00 3.694673931445267923e+00
4.500000000000000000e+00 3.628194365073860788e+00
5.000000000000000000e+00 3.475182504319626041e+00
5.500000000000000000e+00 3.343883517265867315e+00
6.000000000000000000e+00 3.234019905364711986e+00
6.500000000000000000e+00 3.082396587194465616e+00
7.000000000000000000e+00 2.890646101670069220e+00
7.500000000000000000e+00 2.837265905163633436e+00
8.000000000000000000e+00 2.898204311277858576e+00
8.500000000000000000e+00 3.140043261506603005e+00
9.000000000000000000e+00 3.442234187472791320e+00
9.500000000000000000e+00 3.740409755308344728e+00
1.000000000000000000e+01 4.014485930358871065e+00
 ----------------------------------------------

Final integrator statistics:

Slow Integrator:
  Steps            = 132
  RHS diffusion    = 792
  NLS iters        = 396
  NLS fails        = 0
  LS iters         = 2628
  LS fails         = 0
  LS setups        = 0
  LS RHS evals     = 2628
  Jv products      = 2628

  Avg NLS iters per step attempt = 3.000000
  Avg LS iters per NLS iter      = 6.636364

  Preconditioner setups = 0
  Preconditioner solves = 2628

Fast Integrator:
  Steps            = 444
  Step attempts    = 445
  Error test fails = 1
  RHS reaction     = 1865
