
   Begin Kepler Problem

Problem Arguments:
  stepper:              1
  step mode:            0
  use tstop:            1
  use compensated sums: 0
  dt:                   0.001
  Tf:                   50
  nout:                 1

t = 0.0000, H(p,q) = -0.5000000000000000, L(p,q) = 0.8000000000000000
t = 50.0000, H(p,q)-H0 = -2.3144680616482560e-13, L(p,q)-L0 = -2.3539221787050035e-14
Current time                  = 50
Steps                         = 50000
Step attempts                 = 50000
Stability limited steps       = 0
Accuracy limited steps        = 0
Error test fails              = 0
NLS step fails                = 0
Inequality constraint fails   = 0
Initial step size             = 0.001
Last step size                = 0.000999999999997239208
Current step size             = 0.001
Explicit RHS fn evals         = 400000
Implicit RHS fn evals         = 0
NLS iters                     = 0
NLS fails                     = 0
NLS iters per step            = 0
LS setups                     = 0

   Begin Kepler Problem

Problem Arguments:
  stepper:              0
  step mode:            0
  use tstop:            1
  use compensated sums: 0
  dt:                   0.001
  Tf:                   50
  nout:                 1

t = 0.0000, H(p,q) = -0.5000000000000000, L(p,q) = 0.8000000000000000
t = 50.0000, H(p,q)-H0 = -1.0321183687041473e-07, L(p,q)-L0 = -1.1546753136970622e-17
Current time                  = 50
Steps                         = 50000
Step attempts                 = 50000
Stability limited steps       = 0
Accuracy limited steps        = 0
Error test fails              = 0
NLS step fails                = 0
Inequality constraint fails   = 0
Initial step size             = 0.001
Last step size                = 0.000999999999997239208
Current step size             = 0.001
f1 RHS fn evals               = 100000
f2 RHS fn evals               = 100000


   Begin Kepler Problem

Problem Arguments:
  stepper:              0
  step mode:            0
  use tstop:            1
  use compensated sums: 0
  dt:                   0.0005
  Tf:                   50
  nout:                 1

t = 0.0000, H(p,q) = -0.5000000000000000, L(p,q) = 0.8000000000000000
t = 50.0000, H(p,q)-H0 = -2.5832404578385489e-08, L(p,q)-L0 = -1.6046192152785466e-17
Current time                  = 50
Steps                         = 100000
Step attempts                 = 100000
Stability limited steps       = 0
Accuracy limited steps        = 0
Error test fails              = 0
NLS step fails                = 0
Inequality constraint fails   = 0
Initial step size             = 0.0005
Last step size                = 0.000499999999976415143
Current step size             = 0.0005
f1 RHS fn evals               = 200000
f2 RHS fn evals               = 200000


   Begin Kepler Problem

Problem Arguments:
  stepper:              0
  step mode:            0
  use tstop:            1
  use compensated sums: 0
  dt:                   0.00025
  Tf:                   50
  nout:                 1

t = 0.0000, H(p,q) = -0.5000000000000000, L(p,q) = 0.8000000000000000
t = 50.0000, H(p,q)-H0 = -6.4599410570147578e-09, L(p,q)-L0 = -1.3118846287074604e-17
Current time                  = 50
Steps                         = 200000
Step attempts                 = 200000
Stability limited steps       = 0
Accuracy limited steps        = 0
Error test fails              = 0
NLS step fails                = 0
Inequality constraint fails   = 0
Initial step size             = 0.00025
Last step size                = 0.000249999999966003111
Current step size             = 0.00025
f1 RHS fn evals               = 400000
f2 RHS fn evals               = 400000


   Begin Kepler Problem

Problem Arguments:
  stepper:              0
  step mode:            0
  use tstop:            1
  use compensated sums: 0
  dt:                   0.000125
  Tf:                   50
  nout:                 1

t = 0.0000, H(p,q) = -0.5000000000000000, L(p,q) = 0.8000000000000000
t = 50.0000, H(p,q)-H0 = -1.6151003069675429e-09, L(p,q)-L0 = -2.3744027577432547e-17
Current time                  = 50
Steps                         = 400000
Step attempts                 = 400000
Stability limited steps       = 0
Accuracy limited steps        = 0
Error test fails              = 0
NLS step fails                = 0
Inequality constraint fails   = 0
Initial step size             = 0.000125
Last step size                = 0.00012499999996079883
Current step size             = 0.000125
f1 RHS fn evals               = 800000
f2 RHS fn evals               = 800000


   Begin Kepler Problem

Problem Arguments:
  stepper:              0
  step mode:            0
  use tstop:            1
  use compensated sums: 0
  dt:                   6.25e-05
  Tf:                   50
  nout:                 1

t = 0.0000, H(p,q) = -0.5000000000000000, L(p,q) = 0.8000000000000000
t = 50.0000, H(p,q)-H0 = -4.0378226597807126e-10, L(p,q)-L0 = -1.3660947373317356e-17
Current time                  = 50
Steps                         = 800000
Step attempts                 = 800000
Stability limited steps       = 0
Accuracy limited steps        = 0
Error test fails              = 0
NLS step fails                = 0
Inequality constraint fails   = 0
Initial step size             = 6.25e-05
Last step size                = 6.24999999581966892e-05
Current step size             = 6.25e-05
f1 RHS fn evals               = 1600000
f2 RHS fn evals               = 1600000


   Begin Kepler Problem

Problem Arguments:
  stepper:              0
  step mode:            0
  use tstop:            1
  use compensated sums: 0
  dt:                   3.125e-05
  Tf:                   50
  nout:                 1

t = 0.0000, H(p,q) = -0.5000000000000000, L(p,q) = 0.8000000000000000
t = 50.0000, H(p,q)-H0 = -1.0094599190834525e-10, L(p,q)-L0 = 5.3993268189778121e-17
Current time                  = 50
Steps                         = 1600000
Step attempts                 = 1600000
Stability limited steps       = 0
Accuracy limited steps        = 0
Error test fails              = 0
NLS step fails                = 0
Inequality constraint fails   = 0
Initial step size             = 3.125e-05
Last step size                = 3.12499999568956188e-05
Current step size             = 3.125e-05
f1 RHS fn evals               = 3200000
f2 RHS fn evals               = 3200000


   Begin Kepler Problem

Problem Arguments:
  stepper:              0
  step mode:            0
  use tstop:            1
  use compensated sums: 0
  dt:                   1.5625e-05
  Tf:                   50
  nout:                 1

t = 0.0000, H(p,q) = -0.5000000000000000, L(p,q) = 0.8000000000000000
t = 50.0000, H(p,q)-H0 = -2.5236572597300833e-11, L(p,q)-L0 = 1.1546753136970622e-17
Current time                  = 50
Steps                         = 3200001
Step attempts                 = 3200001
Stability limited steps       = 0
Accuracy limited steps        = 0
Error test fails              = 0
NLS step fails                = 0
Inequality constraint fails   = 0
Initial step size             = 1.5625e-05
Last step size                = 1.95464477936724279e-12
Current step size             = 1.5625e-05
f1 RHS fn evals               = 6400002
f2 RHS fn evals               = 6400002


   Begin Kepler Problem

Problem Arguments:
  stepper:              0
  step mode:            0
  use tstop:            1
  use compensated sums: 0
  dt:                   7.8125e-06
  Tf:                   50
  nout:                 1

t = 0.0000, H(p,q) = -0.5000000000000000, L(p,q) = 0.8000000000000000
t = 50.0000, H(p,q)-H0 = -6.3090071361626698e-12, L(p,q)-L0 = -2.2605615296322767e-17
Current time                  = 50
Steps                         = 6400001
Step attempts                 = 6400001
Stability limited steps       = 0
Accuracy limited steps        = 0
Error test fails              = 0
NLS step fails                = 0
Inequality constraint fails   = 0
Initial step size             = 7.8125e-06
Last step size                = 3.73067549075400961e-12
Current step size             = 7.8125e-06
f1 RHS fn evals               = 12800002
f2 RHS fn evals               = 12800002

Order of accuracy wrt solution:    expected = 2, max = 2.0000,  avg = 1.9995,  overall = 1.9997
Order of accuracy wrt Hamiltonian: expected = 2, max = 2.0000,  avg = 1.9997,  overall = 1.9998
