
Robertson ODE test problem:
    initial conditions:  u0 = 1,  v0 = 0,  w0 = 0
        t           u           v           w
   --------------------------------------------------
   0.000e+00   1.00000e+00   0.00000e+00   0.00000e+00
   1.000e+09   2.08390e-06   8.26240e-12   9.99998e-01
   2.000e+09   1.04621e-06   3.37128e-12   9.99999e-01
   3.000e+09   6.94627e-07   2.61874e-12   9.99999e-01
   4.000e+09   5.20910e-07   1.70023e-12   9.99999e-01
   5.000e+09   4.16700e-07   1.66221e-12   1.00000e+00
   6.000e+09   3.47308e-07   1.32095e-12   1.00000e+00
   7.000e+09   2.97713e-07   1.06590e-12   1.00000e+00
   8.000e+09   2.60456e-07   1.10647e-12   1.00000e+00
   9.000e+09   2.31494e-07   9.11685e-13   1.00000e+00
   1.000e+10   2.08351e-07   7.84253e-13   1.00000e+00
   1.100e+10   1.89441e-07   8.37701e-13   1.00000e+00
   1.200e+10   1.73661e-07   9.30534e-13   1.00000e+00
   1.300e+10   1.60289e-07   8.42844e-13   1.00000e+00
   1.400e+10   1.48905e-07   6.69142e-13   1.00000e+00
   1.500e+10   1.38906e-07   3.90031e-13   1.00000e+00
   1.600e+10   1.30281e-07   3.18413e-13   1.00000e+00
   1.700e+10   1.22553e-07   4.88806e-13   1.00000e+00
   1.800e+10   1.15775e-07   4.23308e-13   1.00000e+00
   1.900e+10   1.09654e-07   1.83772e-13   1.00000e+00
   2.000e+10   1.04185e-07   1.21661e-13   1.00000e+00
   2.100e+10   9.92104e-08   2.11670e-13   1.00000e+00
   2.200e+10   9.47098e-08   2.83906e-13   1.00000e+00
   2.300e+10   9.05821e-08   3.65230e-13   1.00000e+00
   2.400e+10   8.68142e-08   4.14140e-13   1.00000e+00
   2.500e+10   8.33365e-08   4.04213e-13   1.00000e+00
   2.600e+10   8.01396e-08   3.88471e-13   1.00000e+00
   2.700e+10   7.71824e-08   3.61973e-13   1.00000e+00
   2.800e+10   7.44271e-08   3.25528e-13   1.00000e+00
   2.900e+10   7.18415e-08   2.83904e-13   1.00000e+00
   3.000e+10   6.94591e-08   2.48520e-13   1.00000e+00
   3.100e+10   6.72274e-08   2.22074e-13   1.00000e+00
   3.200e+10   6.51234e-08   2.10269e-13   1.00000e+00
   3.300e+10   6.31356e-08   2.11451e-13   1.00000e+00
   3.400e+10   6.12947e-08   1.96670e-13   1.00000e+00
   3.500e+10   5.95609e-08   1.82446e-13   1.00000e+00
   3.600e+10   5.79209e-08   1.68335e-13   1.00000e+00
   3.700e+10   5.63612e-08   1.53894e-13   1.00000e+00
   3.800e+10   5.48685e-08   1.38678e-13   1.00000e+00
   3.900e+10   5.34294e-08   1.22243e-13   1.00000e+00
   4.000e+10   5.20958e-08   1.10822e-13   1.00000e+00
   4.100e+10   5.08391e-08   1.02404e-13   1.00000e+00
   4.200e+10   4.96401e-08   9.59675e-14   1.00000e+00
   4.300e+10   4.84916e-08   9.16831e-14   1.00000e+00
   4.400e+10   4.73860e-08   8.97218e-14   1.00000e+00
   4.500e+10   4.63160e-08   9.02545e-14   1.00000e+00
   4.600e+10   4.52955e-08   9.46009e-14   1.00000e+00
   4.700e+10   4.43440e-08   1.04387e-13   1.00000e+00
   4.800e+10   4.34332e-08   1.18649e-13   1.00000e+00
   4.900e+10   4.25592e-08   1.37747e-13   1.00000e+00
   5.000e+10   4.17180e-08   1.62039e-13   1.00000e+00
   5.100e+10   4.09059e-08   1.91885e-13   1.00000e+00
   5.200e+10   4.01188e-08   2.27643e-13   1.00000e+00
   5.300e+10   3.93528e-08   2.69673e-13   1.00000e+00
   5.400e+10   3.86042e-08   3.18332e-13   1.00000e+00
   5.500e+10   3.78798e-08   3.42967e-13   1.00000e+00
   5.600e+10   3.72033e-08   2.66109e-13   1.00000e+00
   5.700e+10   3.65506e-08   1.45936e-13   1.00000e+00
   5.800e+10   3.59204e-08   1.49275e-13   1.00000e+00
   5.900e+10   3.53116e-08   1.12196e-13   1.00000e+00
   6.000e+10   3.47231e-08   7.82083e-14   1.00000e+00
   6.100e+10   3.41538e-08   1.37030e-13   1.00000e+00
   6.200e+10   3.36030e-08   1.05816e-13   1.00000e+00
   6.300e+10   3.30696e-08   5.25490e-14   1.00000e+00
   6.400e+10   3.25531e-08   2.55189e-14   1.00000e+00
   6.500e+10   3.20526e-08   2.24658e-14   1.00000e+00
   6.600e+10   3.15672e-08   5.56251e-14   1.00000e+00
   6.700e+10   3.10960e-08   1.37232e-13   1.00000e+00
   6.800e+10   3.06383e-08   2.79523e-13   1.00000e+00
   6.900e+10   3.01936e-08   4.26650e-13   1.00000e+00
   7.000e+10   2.97624e-08   2.47368e-13   1.00000e+00
   7.100e+10   2.93434e-08   8.69743e-14   1.00000e+00
   7.200e+10   2.89358e-08   8.41999e-14   1.00000e+00
   7.300e+10   2.85394e-08   9.42970e-14   1.00000e+00
   7.400e+10   2.81537e-08   9.99843e-14   1.00000e+00
   7.500e+10   2.77783e-08   1.13349e-13   1.00000e+00
   7.600e+10   2.74128e-08   1.07935e-13   1.00000e+00
   7.700e+10   2.70568e-08   1.08490e-13   1.00000e+00
   7.800e+10   2.67100e-08   1.07946e-13   1.00000e+00
   7.900e+10   2.63719e-08   1.05442e-13   1.00000e+00
   8.000e+10   2.60422e-08   1.00871e-13   1.00000e+00
   8.100e+10   2.57207e-08   9.54284e-14   1.00000e+00
   8.200e+10   2.54071e-08   9.24821e-14   1.00000e+00
   8.300e+10   2.51011e-08   9.07225e-14   1.00000e+00
   8.400e+10   2.48023e-08   9.07422e-14   1.00000e+00
   8.500e+10   2.45103e-08   9.31339e-14   1.00000e+00
   8.600e+10   2.42253e-08   9.22267e-14   1.00000e+00
   8.700e+10   2.39471e-08   8.70224e-14   1.00000e+00
   8.800e+10   2.36751e-08   7.92970e-14   1.00000e+00
   8.900e+10   2.34093e-08   6.85875e-14   1.00000e+00
   9.000e+10   2.31492e-08   5.44310e-14   1.00000e+00
   9.100e+10   2.28947e-08   3.63643e-14   1.00000e+00
   9.200e+10   2.26455e-08   1.39246e-14   1.00000e+00
   9.300e+10   2.24021e-08   1.26610e-15   1.00000e+00
   9.400e+10   2.21640e-08  -7.31531e-15   1.00000e+00
   9.500e+10   2.19308e-08  -1.30898e-14   1.00000e+00
   9.600e+10   2.17025e-08  -1.54425e-14   1.00000e+00
   9.700e+10   2.14787e-08  -1.37588e-14   1.00000e+00
   9.800e+10   2.12593e-08  -7.42375e-15   1.00000e+00
   9.900e+10   2.10442e-08   5.86535e-15   1.00000e+00
   1.000e+11   2.08337e-08   6.47248e-14   1.00000e+00
   --------------------------------------------------

Final Solver Statistics:
   Internal solver steps = 167 (attempted = 202)
   Total RHS evals:  Fe = 0,  Fi = 6302
   Total linear solver setups = 188
   Total RHS evals for setting up the linear system = 0
   Total number of Jacobian evaluations = 106
   Total number of Newton iterations = 5401
   Total number of nonlinear solver convergence failures = 100
   Total number of error test failures = 0
   Total number of constraint test failures = 5
   Total number of failed steps from solver failure = 30
