
2D Heat PDE test problem:
 --------------------------------- 
  nprocs         = 4
  npx            = 2
  npy            = 2
 --------------------------------- 
  kx             = 10
  ky             = 10
  forcing        = 1
  tf             = 1
  xu             = 1
  yu             = 1
  nx             = 64
  ny             = 64
  nxl (proc 0)   = 32
  nyl (proc 0)   = 32
  dx             = 0.015873
  dy             = 0.015873
 --------------------------------- 
  rtol           = 1e-05
  atol           = 1e-10
  fixed h        = 0
  controller     = I
  method         = 0
  eigfrequency   = 25
  stage_max_limit  = 1000
  eigsafety      = 1.01
 --------------------------------- 
  output         = 1
  max steps      = 0
 --------------------------------- 

          t                     ||u||_rms                max error      
 -----------------------------------------------------------------------
0.000000000000000000e+00 3.691406250000000000e-01 0.000000000000000000e+00
5.000000000000000000e-02 3.604068358878509230e-01 8.104221627960935415e-04
1.000000000000000000e-01 3.341701059752430445e-01 7.544115112763464799e-04
1.500000000000000000e-01 2.933044782214420959e-01 6.651814467497482925e-04
2.000000000000000000e-01 2.418101896200442983e-01 5.514071516689455382e-04
2.500000000000000000e-01 1.847278611305232482e-01 4.242190329936598725e-04
3.000000000000000000e-01 1.276450270426878588e-01 2.958523061599103705e-04
3.500000000000000000e-01 7.614942228919774053e-02 1.790708723747431005e-04
4.000000000000000000e-01 3.528179537000865762e-02 8.530247740589899029e-05
4.500000000000000000e-01 9.042539511534690954e-03 2.369999169889723600e-05
5.000000000000000001e-01 1.483064700824599314e-07 3.058880645337667347e-07
5.500000000000000001e-01 9.039745354754944254e-03 1.742511893313639031e-05
6.000000000000000001e-01 3.527649564063230614e-02 7.339776416702172961e-05
6.500000000000000001e-01 7.614215113696913884e-02 1.627297048060395875e-04
7.000000000000000001e-01 1.276364922567131318e-01 2.766671249171166074e-04
7.500000000000000001e-01 1.847188955826900768e-01 4.040611524261088368e-04
8.000000000000000001e-01 2.418017381568670566e-01 5.324421135838433355e-04
8.500000000000000001e-01 2.932973539536081206e-01 6.492436778903191053e-04
9.000000000000000001e-01 3.341649926280061722e-01 7.430309093900783158e-04
9.500000000000000002e-01 3.604042442505878753e-01 8.046240486221996227e-04
1.000000000000000000e+00 3.694466531587628793e-01 8.280995947494573122e-04
 -----------------------------------------------------------------------

Final integrator statistics:
Current time                  = 1
Steps                         = 484
Step attempts                 = 491
Stability limited steps       = 0
Accuracy limited steps        = 491
Error test fails              = 7
NLS step fails                = 0
Inequality constraint fails   = 0
Initial step size             = 2.87768024839445415e-06
Last step size                = 4.49374969501908439e-05
Current step size             = 4.49374969501908439e-05
RHS fn evals                  = 15622
Number of dom_eig updates     = 23
Max. num. of stages used      = 63
Max. num. of stages allowed   = 1000
Max. spectral radius          = 320695.2
Min. spectral radius          = 320695.2
  Max error = 8.280995947494573122e-04
