
Brusselator ODE test problem:
    initial conditions:  u0 = 1.2,  v0 = 3.1,  w0 = 3
    problem parameters:  a = 1,  b = 3.5,  ep = 0.01
    hs = 0.025,  hf = 0.001

        t           u           v           w
   ----------------------------------------------
    0.000000    1.200000    3.100000    3.000000
    0.100000    1.217191    3.061733    3.457934
    0.200000    1.227348    3.029334    3.457598
    0.300000    1.235476    2.998046    3.457312
    0.400000    1.241026    2.968647    3.457113
    0.500000    1.243444    2.941977    3.457018
    0.600000    1.242194    2.918912    3.457047
    0.700000    1.236841    2.900273    3.457214
    0.800000    1.226950    2.886927    3.457535
    0.900000    1.212229    2.879635    3.458020
    1.000000    1.192518    2.879048    3.458676
    1.100000    1.167799    2.885686    3.459503
    1.200000    1.138199    2.899917    3.460497
    1.300000    1.103988    2.921947    3.461652
    1.400000    1.065569    2.951817    3.462953
    1.500000    1.023464    2.989400    3.464384
    1.600000    0.978300    3.034407    3.465923
    1.700000    0.930794    3.086393    3.467546
    1.800000    0.881731    3.144770    3.469228
    1.900000    0.831944    3.208818    3.470939
    2.000000    0.782287    3.277717    3.472651
   ----------------------------------------------

Final Solver Statistics:
   Steps: nsts = 81, nstf = 2187
   Total RHS evals:  Fs = 243,  Ff = 6561
