
Two way coupling ODE test problem:
    initial conditions:  u0 = 0.90001,  v0 = -9.999,  w0 = 1000
    hs = 0.001,  hf = 2e-05

        t           u           v           w
   -----------------------------------------------
    0.000000    0.900010   -9.999000  1000.000000
    0.100000   -0.929838   -8.503739  904.822759
    0.200000    0.327130   -9.098925  818.723463
    0.300000    0.078571   -6.418824  740.785931
    0.400000   -0.732536   -7.448826  670.300341
    0.500000    0.903657   -5.799507  606.497417
    0.600000   -1.008344   -5.185295  548.775173
    0.700000    0.586425   -5.736731  496.557860
    0.800000   -0.159328   -3.498936  449.282653
    0.900000   -0.484698   -4.961037  406.541606
    1.000000    0.823033   -3.167299  367.837290
    1.100000   -1.032604   -3.289287  332.833672
    1.200000    0.787614   -3.587040  301.163628
    1.300000   -0.400638   -1.796880  272.486797
    1.400000   -0.215589   -3.447115  246.572010
    1.500000    0.671601   -1.510519  223.089352
    1.600000   -0.994115   -2.245724  201.866204
    1.700000    0.922747   -2.165027  182.655780
    1.800000   -0.622261   -0.856685  165.260964
    1.900000    0.060868   -2.492533  149.550043
    2.000000    0.464928   -0.474660  135.299358
   -----------------------------------------------

Final Solver Statistics:
   Steps: nsts = 2000, nstf = 102000
   Total RHS evals:  Fs = 6000,  Ff = 306000
