
Multirate nonlinear Kvaerno-Prothero-Robinson test problem:
    time domain:  (0,5]
    hs = 0.00099999999999999999996
    hf = 9.9999999999999999999e-06
    G = -100
    w = 100
    e = 0.5
    solver: imexark4/exp-4 (IMEX-MRI4 / ERK-4-4) -- solve decoupled
    reltol = 1.00e-12,  abstol = 1.00e-14
        t           u           v       uerr      verr
   ------------------------------------------------------
    0.000000    1.224745    1.732051  0.00e+00  0.00e+00
    0.100000    1.223725    1.077464  1.64e-11  3.21e-13
    0.200000    1.220669    1.551800  1.61e-11  6.84e-13
    0.300000    1.215594    1.467737  1.30e-10  9.06e-09
    0.400000    1.208524    1.154583  2.77e-10  1.07e-08
    0.500000    1.199496    1.721908  3.33e-11  3.58e-09
    0.600000    1.188557    1.023517  2.06e-10  1.41e-08
    0.700000    1.175764    1.622750  3.53e-10  2.97e-08
    0.800000    1.161186    1.374632  1.48e-10  2.69e-08
    0.900000    1.144904    1.245763  1.35e-10  2.44e-08
    1.000000    1.127010    1.691839  1.24e-10  2.21e-08
    1.100000    1.107609    1.000489  1.12e-10  2.00e-08
    1.200000    1.086821    1.677552  1.01e-10  1.81e-08
    1.300000    1.064777    1.277775  9.04e-11  1.63e-08
    1.400000    1.041625    1.342455  8.16e-11  1.48e-08
    1.500000    1.017531    1.642940  7.42e-11  1.34e-08
    1.600000    0.992673    1.012112  6.59e-11  1.21e-08
    1.700000    0.967253    1.714058  5.87e-11  1.10e-08
    1.800000    0.941488    1.183867  5.04e-11  9.93e-09
    1.900000    0.915617    1.437465  4.36e-11  8.99e-09
    2.000000    0.889903    1.577082  3.66e-11  8.13e-09
    2.100000    0.864625    1.056467  3.08e-11  7.36e-09
    2.200000    0.840089    1.730920  2.64e-11  6.66e-09
    2.300000    0.816616    1.101047  1.89e-11  6.03e-09
    2.400000    0.794546    1.525051  1.29e-11  5.46e-09
    2.500000    0.774227    1.496993  5.84e-12  4.94e-09
    2.600000    0.756013    1.126857  2.22e-12  4.47e-09
    2.700000    0.740246    1.727536  6.23e-13  4.04e-09
    2.800000    0.727247    1.038393  5.89e-12  3.66e-09
    2.900000    0.717301    1.600759  9.87e-12  3.31e-09
    3.000000    0.710636    1.406380  1.26e-11  3.00e-09
    3.100000    0.707412    1.214353  1.47e-11  2.71e-09
    3.200000    0.707709    1.704026  1.60e-11  2.45e-09
    3.300000    0.711520    1.004391  1.65e-11  2.22e-09
    3.400000    0.718750    1.661225  1.59e-11  2.01e-09
    3.500000    0.729227    1.310102  1.50e-11  1.82e-09
    3.600000    0.742712    1.310080  1.33e-11  1.64e-09
    3.700000    0.758914    1.661237  1.24e-11  1.49e-09
    3.800000    0.777506    1.004387  9.88e-12  1.35e-09
    3.900000    0.798144    1.704019  7.75e-12  1.22e-09
    4.000000    0.820474    1.214374  4.97e-12  1.10e-09
    4.100000    0.844149    1.406358  2.46e-12  9.97e-10
    4.200000    0.868832    1.600774  4.16e-13  9.02e-10
    4.300000    0.894204    1.038382  1.36e-12  8.16e-10
    4.400000    0.919964    1.727533  2.01e-12  7.39e-10
    4.500000    0.945834    1.126875  5.31e-12  6.69e-10
    4.600000    0.971557    1.496974  6.88e-12  6.05e-10
    4.700000    0.996898    1.525070  8.72e-12  5.48e-10
    4.800000    1.021641    1.101030  9.72e-12  4.96e-10
    4.900000    1.045589    1.730922  9.13e-12  4.49e-10
    5.000000    1.068565    1.056480  1.14e-11  4.07e-10
   ------------------------------------------------------

Final Solver Statistics:
   Steps: nsts = 5000, nstf = 510000
   u error = 8.714e-11, v error = 1.029e-08, total error = 7.279e-09
   Total RHS evals:  Fse = 30000, Fsi = 57554,  Ff = 2040000
   Slow Newton iters = 52554
   Slow Newton conv fails = 0
   Slow Jacobian evals = 250
