
   Begin Kepler Problem

Problem Arguments:
  stepper:              1
  step mode:            0
  use tstop:            1
  use compensated sums: 0
  dt:                   0.01
  Tf:                   100
  nout:                 50

t = 0.0000, H(p,q) = -0.5000000000000000, L(p,q) = 0.8000000000000000
t = 2.0000, H(p,q)-H0 = -0.0000000376222291, L(p,q)-L0 = -0.0000000009852489
ROOT RETURN:	  g[0] =  -1, y[0] = -1.6, y[1] = -8.52003e-18, num. orbits is now 0.50
t = 3.1416, H(p,q)-H0 = -0.0000000376233059, L(p,q)-L0 = -0.0000000009834142
t = 4.0000, H(p,q)-H0 = -0.0000000376233015, L(p,q)-L0 = -0.0000000009852752
t = 6.0000, H(p,q)-H0 = -0.0000000350889788, L(p,q)-L0 = -0.0000000010388289
ROOT RETURN:	  g[0] =   1, y[0] = 0.4, y[1] = 6.81128e-17, num. orbits is now 1.00
t = 6.2832, H(p,q)-H0 = -0.0000001669914940, L(p,q)-L0 = -0.0000000371745498
t = 8.0000, H(p,q)-H0 = -0.0000000484955645, L(p,q)-L0 = -0.0000000029169210
ROOT RETURN:	  g[0] =  -1, y[0] = -1.6, y[1] = -2.55583e-17, num. orbits is now 1.50
t = 9.4248, H(p,q)-H0 = -0.0000000484973272, L(p,q)-L0 = -0.0000000029105189
t = 10.0000, H(p,q)-H0 = -0.0000000484995432, L(p,q)-L0 = -0.0000000029169559
t = 12.0000, H(p,q)-H0 = -0.0000000480271443, L(p,q)-L0 = -0.0000000029204733
ROOT RETURN:	  g[0] =   1, y[0] = 0.4, y[1] = 1.36894e-16, num. orbits is now 2.00
t = 12.5664, H(p,q)-H0 = -0.0000001990599660, L(p,q)-L0 = -0.0000000438879707
t = 14.0000, H(p,q)-H0 = -0.0000000593649317, L(p,q)-L0 = -0.0000000048485765
ROOT RETURN:	  g[0] =  -1, y[0] = -1.6, y[1] = -4.23601e-17, num. orbits is now 2.50
t = 15.7080, H(p,q)-H0 = -0.0000000593745355, L(p,q)-L0 = -0.0000000048459102
t = 16.0000, H(p,q)-H0 = -0.0000000593755268, L(p,q)-L0 = -0.0000000048486376
t = 18.0000, H(p,q)-H0 = -0.0000000592660905, L(p,q)-L0 = -0.0000000048491833
ROOT RETURN:	  g[0] =   1, y[0] = 0.4, y[1] = 4.25052e-19, num. orbits is now 3.00
t = 18.8496, H(p,q)-H0 = -0.0000000386706824, L(p,q)-L0 = -0.0000000071587680
t = 20.0000, H(p,q)-H0 = -0.0000000702211303, L(p,q)-L0 = -0.0000000067801739
ROOT RETURN:	  g[0] =  -1, y[0] = -1.6, y[1] = -4.03717e-19, num. orbits is now 3.50
t = 21.9911, H(p,q)-H0 = -0.0000000702509585, L(p,q)-L0 = -0.0000000067792603
t = 22.0000, H(p,q)-H0 = -0.0000000702513660, L(p,q)-L0 = -0.0000000067803198
t = 24.0000, H(p,q)-H0 = -0.0000000702196157, L(p,q)-L0 = -0.0000000067804713
ROOT RETURN:	  g[0] =   1, y[0] = 0.4, y[1] = 4.66674e-16, num. orbits is now 4.00
t = 25.1327, H(p,q)-H0 = -0.0000001744439158, L(p,q)-L0 = -0.0000000372869313
t = 26.0000, H(p,q)-H0 = -0.0000000810237079, L(p,q)-L0 = -0.0000000087114872
t = 28.0000, H(p,q)-H0 = -0.0000000811270913, L(p,q)-L0 = -0.0000000087120020
ROOT RETURN:	  g[0] =  -1, y[0] = -1.6, y[1] = -7.62793e-17, num. orbits is now 4.50
t = 28.2743, H(p,q)-H0 = -0.0000000811247540, L(p,q)-L0 = -0.0000000087057793
t = 30.0000, H(p,q)-H0 = -0.0000000811160673, L(p,q)-L0 = -0.0000000087120645
ROOT RETURN:	  g[0] =   1, y[0] = 0.4, y[1] = 4.03611e-19, num. orbits is now 5.00
t = 31.4159, H(p,q)-H0 = -0.0000002477778200, L(p,q)-L0 = -0.0000000533154386
t = 32.0000, H(p,q)-H0 = -0.0000000915518369, L(p,q)-L0 = -0.0000000106404728
t = 34.0000, H(p,q)-H0 = -0.0000000920026745, L(p,q)-L0 = -0.0000000106436837
ROOT RETURN:	  g[0] =  -1, y[0] = -1.6, y[1] = -7.33583e-19, num. orbits is now 5.50
t = 34.5575, H(p,q)-H0 = -0.0000000920015409, L(p,q)-L0 = -0.0000000106400761
t = 36.0000, H(p,q)-H0 = -0.0000000919985615, L(p,q)-L0 = -0.0000000106437190
ROOT RETURN:	  g[0] =   1, y[0] = 0.4, y[1] = 7.18609e-16, num. orbits is now 6.00
t = 37.6991, H(p,q)-H0 = -0.0000000872834884, L(p,q)-L0 = -0.0000000165621026
t = 38.0000, H(p,q)-H0 = -0.0000001002050513, L(p,q)-L0 = -0.0000000125283993
t = 40.0000, H(p,q)-H0 = -0.0000001028780065, L(p,q)-L0 = -0.0000000125753643
ROOT RETURN:	  g[0] =  -1, y[0] = -1.6, y[1] = -9.09361e-17, num. orbits is now 6.50
t = 40.8407, H(p,q)-H0 = -0.0000001028785474, L(p,q)-L0 = -0.0000000125749444
t = 42.0000, H(p,q)-H0 = -0.0000001028768824, L(p,q)-L0 = -0.0000000125753908
ROOT RETURN:	  g[0] =   1, y[0] = 0.4, y[1] = 4.62956e-19, num. orbits is now 7.00
t = 43.9823, H(p,q)-H0 = -0.0000001792544093, L(p,q)-L0 = -0.0000000368027992
t = 44.0000, H(p,q)-H0 = -0.0000000772849162, L(p,q)-L0 = -0.0000000136304008
t = 46.0000, H(p,q)-H0 = -0.0000001137527987, L(p,q)-L0 = -0.0000000145070426
ROOT RETURN:	  g[0] =  -1, y[0] = -1.6, y[1] = -1.2771e-16, num. orbits is now 7.50
t = 47.1239, H(p,q)-H0 = -0.0000001137522558, L(p,q)-L0 = -0.0000000145012381
t = 48.0000, H(p,q)-H0 = -0.0000001137537357, L(p,q)-L0 = -0.0000000145070687
t = 50.0000, H(p,q)-H0 = -0.0000001108326875, L(p,q)-L0 = -0.0000000145724193
ROOT RETURN:	  g[0] =   1, y[0] = 0.4, y[1] = 2.18535e-19, num. orbits is now 8.00
t = 50.2655, H(p,q)-H0 = -0.0000002905677256, L(p,q)-L0 = -0.0000000614048099
t = 52.0000, H(p,q)-H0 = -0.0000001246262669, L(p,q)-L0 = -0.0000000164387152
ROOT RETURN:	  g[0] =  -1, y[0] = -1.6, y[1] = -7.58571e-19, num. orbits is now 8.50
t = 53.4071, H(p,q)-H0 = -0.0000001246285630, L(p,q)-L0 = -0.0000000164342887
t = 54.0000, H(p,q)-H0 = -0.0000001246299994, L(p,q)-L0 = -0.0000000164387492
t = 56.0000, H(p,q)-H0 = -0.0000001241091536, L(p,q)-L0 = -0.0000000164428053
ROOT RETURN:	  g[0] =   1, y[0] = 0.4, y[1] = 6.08643e-16, num. orbits is now 9.00
t = 56.5487, H(p,q)-H0 = -0.0000001428438493, L(p,q)-L0 = -0.0000000275339050
t = 58.0000, H(p,q)-H0 = -0.0000001354960324, L(p,q)-L0 = -0.0000000183703723
ROOT RETURN:	  g[0] =  -1, y[0] = -1.6, y[1] = -1.60684e-16, num. orbits is now 9.50
t = 59.6902, H(p,q)-H0 = -0.0000001355060360, L(p,q)-L0 = -0.0000000183703711
t = 60.0000, H(p,q)-H0 = -0.0000001355059936, L(p,q)-L0 = -0.0000000183704308
t = 62.0000, H(p,q)-H0 = -0.0000001353868596, L(p,q)-L0 = -0.0000000183710320
ROOT RETURN:	  g[0] =   1, y[0] = 0.4, y[1] = 6.78021e-16, num. orbits is now 10.00
t = 62.8318, H(p,q)-H0 = -0.0000001832015306, L(p,q)-L0 = -0.0000000361236011
t = 64.0000, H(p,q)-H0 = -0.0000001463536488, L(p,q)-L0 = -0.0000000203019761
ROOT RETURN:	  g[0] =  -1, y[0] = -1.6, y[1] = -1.8006e-16, num. orbits is now 10.50
t = 65.9734, H(p,q)-H0 = -0.0000001463798256, L(p,q)-L0 = -0.0000000202968769
t = 66.0000, H(p,q)-H0 = -0.0000001463818392, L(p,q)-L0 = -0.0000000203021129
t = 68.0000, H(p,q)-H0 = -0.0000001463477406, L(p,q)-L0 = -0.0000000203022749
ROOT RETURN:	  g[0] =   1, y[0] = 0.4, y[1] = 7.46244e-16, num. orbits is now 11.00
t = 69.1150, H(p,q)-H0 = -0.0000003268473871, L(p,q)-L0 = -0.0000000680246384
t = 70.0000, H(p,q)-H0 = -0.0000001571624852, L(p,q)-L0 = -0.0000000222333260
t = 72.0000, H(p,q)-H0 = -0.0000001572575708, L(p,q)-L0 = -0.0000000222337950
ROOT RETURN:	  g[0] =  -1, y[0] = -1.6, y[1] = -1.93704e-16, num. orbits is now 11.50
t = 72.2566, H(p,q)-H0 = -0.0000001572556223, L(p,q)-L0 = -0.0000000222286014
t = 74.0000, H(p,q)-H0 = -0.0000001572458350, L(p,q)-L0 = -0.0000000222338605
ROOT RETURN:	  g[0] =   1, y[0] = 0.4, y[1] = 6.03024e-18, num. orbits is now 12.00
t = 75.3982, H(p,q)-H0 = -0.0000002026041610, L(p,q)-L0 = -0.0000000394538693
t = 76.0000, H(p,q)-H0 = -0.0000001677249866, L(p,q)-L0 = -0.0000000241626757
t = 78.0000, H(p,q)-H0 = -0.0000001681331639, L(p,q)-L0 = -0.0000000241654767
ROOT RETURN:	  g[0] =  -1, y[0] = -1.6, y[1] = -9.64254e-19, num. orbits is now 12.50
t = 78.5398, H(p,q)-H0 = -0.0000001681333844, L(p,q)-L0 = -0.0000000241654367
t = 80.0000, H(p,q)-H0 = -0.0000001681287820, L(p,q)-L0 = -0.0000000241655130
ROOT RETURN:	  g[0] =   1, y[0] = 0.4, y[1] = 8.8575e-16, num. orbits is now 13.00
t = 81.6814, H(p,q)-H0 = -0.0000001884374588, L(p,q)-L0 = -0.0000000357351389
t = 82.0000, H(p,q)-H0 = -0.0000001766780517, L(p,q)-L0 = -0.0000000260585163
t = 84.0000, H(p,q)-H0 = -0.0000001790085163, L(p,q)-L0 = -0.0000000260971573
ROOT RETURN:	  g[0] =  -1, y[0] = -1.6, y[1] = -2.28222e-16, num. orbits is now 13.50
t = 84.8230, H(p,q)-H0 = -0.0000001790074521, L(p,q)-L0 = -0.0000000260926668
t = 86.0000, H(p,q)-H0 = -0.0000001790072513, L(p,q)-L0 = -0.0000000260971840
ROOT RETURN:	  g[0] =   1, y[0] = 0.4, y[1] = 1.12207e-15, num. orbits is now 14.00
t = 87.9646, H(p,q)-H0 = -0.0000003563557041, L(p,q)-L0 = -0.0000000731159741
t = 88.0000, H(p,q)-H0 = -0.0000001555989657, L(p,q)-L0 = -0.0000000272586636
t = 90.0000, H(p,q)-H0 = -0.0000001898833562, L(p,q)-L0 = -0.0000000280288357
ROOT RETURN:	  g[0] =  -1, y[0] = -1.6, y[1] = -1.08156e-19, num. orbits is now 14.50
t = 91.1061, H(p,q)-H0 = -0.0000001898827355, L(p,q)-L0 = -0.0000000280230579
t = 92.0000, H(p,q)-H0 = -0.0000001898841602, L(p,q)-L0 = -0.0000000280288617
t = 94.0000, H(p,q)-H0 = -0.0000001864738245, L(p,q)-L0 = -0.0000000281087634
ROOT RETURN:	  g[0] =   1, y[0] = 0.4, y[1] = 1.02597e-15, num. orbits is now 15.00
t = 94.2477, H(p,q)-H0 = -0.0000002640777618, L(p,q)-L0 = -0.0000000517606275
t = 96.0000, H(p,q)-H0 = -0.0000002007569491, L(p,q)-L0 = -0.0000000299605088
ROOT RETURN:	  g[0] =  -1, y[0] = -1.6, y[1] = -2.08675e-17, num. orbits is now 15.50
t = 97.3893, H(p,q)-H0 = -0.0000002007605892, L(p,q)-L0 = -0.0000000299601322
t = 98.0000, H(p,q)-H0 = -0.0000002007604473, L(p,q)-L0 = -0.0000000299605420
t = 100.0000, H(p,q)-H0 = -0.0000002001859108, L(p,q)-L0 = -0.0000000299652363
Current time                 = 100
Steps                        = 10000
Step attempts                = 10000
Stability limited steps      = 0
Accuracy limited steps       = 0
Error test fails             = 0
NLS step fails               = 0
Inequality constraint fails  = 0
Initial step size            = 0.009999999999999999999796712092659
Last step size               = 0.0099999999999996133605965095529633
Current step size            = 0.0099999999999996133605965095529633
Root fn evals                = 10352
Explicit RHS fn evals        = 60001
Implicit RHS fn evals        = 0
NLS iters                    = 0
NLS fails                    = 0
NLS iters per step           = 0
LS setups                    = 0
