
Multirate nonlinear Kvaerno-Prothero-Robinson test problem:
    time domain:  (0,5]
    hs = 0.0099999999999999999998
    hf = 0.0001
    G = -100
    w = 100
    e = 0.5
    solver: exp-3/none (explicit slow, no fast)
        t           u           v       uerr      verr
   ------------------------------------------------------
    0.000000    1.224745    1.732051  0.00e+00  0.00e+00
    0.100000    1.223763    1.078830  3.82e-05  1.37e-03
    0.200000    1.220624    1.552058  4.51e-05  2.58e-04
    0.300000    1.215673    1.468825  7.93e-05  1.09e-03
    0.400000    1.208474    1.154440  4.97e-05  1.43e-04
    0.500000    1.199506    1.722505  1.01e-05  5.97e-04
    0.600000    1.188564    1.025122  7.33e-06  1.60e-03
    0.700000    1.175726    1.623309  3.78e-05  5.59e-04
    0.800000    1.161275    1.375873  8.89e-05  1.24e-03
    0.900000    1.144852    1.245691  5.22e-05  7.25e-05
    1.000000    1.127035    1.692473  2.54e-05  6.34e-04
    1.100000    1.107590    1.001184  1.93e-05  6.94e-04
    1.200000    1.086790    1.678033  3.06e-05  4.81e-04
    1.300000    1.064867    1.279071  9.03e-05  1.30e-03
    1.400000    1.041573    1.342442  5.29e-05  1.30e-05
    1.500000    1.017573    1.643650  4.21e-05  7.11e-04
    1.600000    0.992636    1.011815  3.71e-05  2.97e-04
    1.700000    0.967232    1.714609  2.08e-05  5.52e-04
    1.800000    0.941565    1.185188  7.70e-05  1.32e-03
    1.900000    0.915566    1.437681  5.10e-05  2.16e-04
    2.000000    0.889960    1.577726  5.79e-05  6.44e-04
    2.100000    0.864578    1.055765  4.72e-05  7.02e-04
    2.200000    0.840079    1.731406  9.82e-06  4.86e-04
    2.300000    0.816665    1.102548  4.85e-05  1.50e-03
    2.400000    0.794499    1.525466  4.74e-05  4.15e-04
    2.500000    0.774299    1.497683  7.16e-05  6.90e-04
    2.600000    0.755961    1.126328  5.22e-05  5.29e-04
    2.700000    0.740248    1.727877  2.17e-06  3.40e-04
    2.800000    0.727262    1.039893  1.45e-05  1.50e-03
    2.900000    0.717258    1.601134  4.30e-05  3.75e-04
    3.000000    0.710719    1.407337  8.29e-05  9.57e-04
    3.100000    0.707358    1.214060  5.47e-05  2.93e-04
    3.200000    0.707726    1.704434  1.69e-05  4.08e-04
    3.300000    0.711505    1.005264  1.42e-05  8.73e-04
    3.400000    0.718713    1.661549  3.62e-05  3.24e-04
    3.500000    0.729316    1.311256  8.90e-05  1.15e-03
    3.600000    0.742657    1.309905  5.52e-05  1.75e-04
    3.700000    0.758948    1.661824  3.45e-05  5.87e-04
    3.800000    0.777473    1.004276  3.35e-05  1.11e-04
    3.900000    0.798118    1.704455  2.59e-05  4.36e-04
    4.000000    0.820557    1.215586  8.28e-05  1.21e-03
    4.100000    0.844096    1.406406  5.29e-05  4.81e-05
    4.200000    0.868887    1.601831  5.43e-05  1.06e-03
    4.300000    0.894160    1.037872  4.37e-05  5.10e-04
    4.400000    0.919951    1.728114  1.34e-05  5.81e-04
    4.500000    0.945896    1.128621  6.18e-05  1.75e-03
    4.600000    0.971508    1.497011  4.98e-05  3.78e-05
    4.700000    0.996967    1.525888  6.90e-05  8.18e-04
    4.800000    1.021590    1.100243  5.05e-05  7.87e-04
    4.900000    1.045588    1.731251  1.20e-06  3.29e-04
    5.000000    1.068593    1.058166  2.82e-05  1.69e-03
   ------------------------------------------------------

Final Solver Statistics:
   Steps: nsts = 500, nstf = 50500
   u error = 4.988e-05, v error = 8.326e-04, total error = 5.898e-04
   Total RHS evals:  Fs = 1500,  Ff = 151500
