
Multirate nonlinear Kvaerno-Prothero-Robinson test problem:
    time domain:  (0,5]
    hs = 0.0049999999999999999999
    hf = 5.0000000000000000001e-05
    G = -100
    w = 100
    e = 0.5
    solver: exp-4/exp-3 (MRI-GARK-ERK45a / ERK-3-3)

        t           u           v       uerr      verr
   ------------------------------------------------------
    0.000000    1.224745    1.732051  0.00e+00  0.00e+00
    0.100000    1.223725    1.077464  8.08e-09  4.56e-10
    0.200000    1.220669    1.551800  8.03e-09  9.03e-10
    0.300000    1.215594    1.467737  1.41e-08  2.97e-07
    0.400000    1.208524    1.154583  2.40e-09  2.82e-07
    0.500000    1.199496    1.721908  8.38e-09  1.57e-07
    0.600000    1.188557    1.023517  1.18e-09  4.03e-07
    0.700000    1.175764    1.622751  7.98e-09  9.94e-07
    0.800000    1.161186    1.374633  2.31e-09  8.97e-07
    0.900000    1.144904    1.245765  1.55e-08  1.66e-06
    1.000000    1.127010    1.691840  2.69e-09  1.56e-06
    1.100000    1.107609    1.000491  1.38e-08  1.99e-06
    1.200000    1.086821    1.677555  1.87e-08  2.49e-06
    1.300000    1.064777    1.277777  1.24e-08  2.51e-06
    1.400000    1.041625    1.342459  3.02e-08  3.34e-06
    1.500000    1.017531    1.642943  1.59e-08  3.20e-06
    1.600000    0.992673    1.012116  2.97e-08  3.72e-06
    1.700000    0.967253    1.714062  2.95e-08  4.02e-06
    1.800000    0.941488    1.183871  2.72e-08  4.08e-06
    1.900000    0.915617    1.437470  4.35e-08  4.84e-06
    2.000000    0.889903    1.577087  2.85e-08  4.61e-06
    2.100000    0.864625    1.056472  4.38e-08  5.11e-06
    2.200000    0.840089    1.730925  2.74e-08  4.62e-06
    2.300000    0.816616    1.101051  2.65e-08  4.18e-06
    2.400000    0.794546    1.525055  2.58e-08  3.79e-06
    2.500000    0.774228    1.496997  2.54e-08  3.43e-06
    2.600000    0.756013    1.126860  2.51e-08  3.10e-06
    2.700000    0.740246    1.727539  2.49e-08  2.81e-06
    2.800000    0.727247    1.038396  2.48e-08  2.54e-06
    2.900000    0.717301    1.600761  2.45e-08  2.30e-06
    3.000000    0.710636    1.406382  2.41e-08  2.08e-06
    3.100000    0.707413    1.214355  2.35e-08  1.89e-06
    3.200000    0.707709    1.704028  2.26e-08  1.71e-06
    3.300000    0.711520    1.004392  2.15e-08  1.55e-06
    3.400000    0.718750    1.661226  2.02e-08  1.40e-06
    3.500000    0.729227    1.310103  1.86e-08  1.27e-06
    3.600000    0.742712    1.310081  1.69e-08  1.15e-06
    3.700000    0.758914    1.661238  1.50e-08  1.04e-06
    3.800000    0.777506    1.004388  1.32e-08  9.43e-07
    3.900000    0.798144    1.704019  1.13e-08  8.54e-07
    4.000000    0.820474    1.214375  9.51e-09  7.73e-07
    4.100000    0.844149    1.406359  7.79e-09  7.00e-07
    4.200000    0.868832    1.600775  6.16e-09  6.34e-07
    4.300000    0.894204    1.038383  4.65e-09  5.74e-07
    4.400000    0.919964    1.727534  3.24e-09  5.19e-07
    4.500000    0.945834    1.126875  1.96e-09  4.70e-07
    4.600000    0.971557    1.496974  7.75e-10  4.25e-07
    4.700000    0.996898    1.525070  3.03e-10  3.85e-07
    4.800000    1.021641    1.101030  1.28e-09  3.48e-07
    4.900000    1.045589    1.730922  2.17e-09  3.15e-07
    5.000000    1.068565    1.056481  2.98e-09  2.85e-07
   ------------------------------------------------------

Final Solver Statistics:
   Steps: nsts = 1000, nstf = 100000
   u error = 1.941e-08, v error = 2.369e-06, total error = 1.675e-06
   Total RHS evals:  Fs = 5000,  Ff = 300000
