
2D Heat PDE test problem:
 --------------------------------- 
  kx             = 1
  ky             = 1
  forcing        = 1
  tf             = 1
  xu             = 1
  yu             = 1
  nx             = 32
  ny             = 32
  dx             = 0.0322581
  dy             = 0.0322581
 --------------------------------- 
  rtol           = 1e-05
  atol           = 1e-10
  order          = 3
  fixed h        = 0
  controller     = 0
  linear         = 1
 --------------------------------- 
  linear solver  = PCG
  lin iters      = 20
  eps lin        = 0
  prec           = 1
  msbp           = 0
 --------------------------------- 
  output         = 1
 --------------------------------- 

          t                     ||u||_rms                max error      
 -----------------------------------------------------------------------
0.000000000000000000e+00 3.632812500000000000e-01 0.000000000000000000e+00
5.000000000000000000e-02 3.551986507439867145e-01 2.454704923772102693e-03
1.000000000000000000e-01 3.296221597425560246e-01 2.894240255723546144e-03
1.500000000000000000e-01 2.894445693122216377e-01 2.833385764973739090e-03
2.000000000000000000e-01 2.387097955748001380e-01 2.521497220069607813e-03
2.500000000000000000e-01 1.824252252130442956e-01 2.077366570580510091e-03
3.000000000000000000e-01 1.261158254113193156e-01 1.577629739547947962e-03
3.500000000000000000e-01 7.529897086590010303e-02 1.082687823194023076e-03
4.000000000000000000e-01 3.495154655494735380e-02 6.467096882572913465e-04
4.500000000000000000e-01 9.023452635676346023e-03 3.130441864748446615e-04
5.000000000000000001e-01 5.514629253872598514e-05 1.155705058285967744e-04
5.500000000000000001e-01 8.918880522386395771e-03 7.366290388559538319e-05
6.000000000000000001e-01 3.475276534643920817e-02 1.915046770622705962e-04
6.500000000000000001e-01 7.502602092885892547e-02 4.575610062698000466e-04
7.000000000000000001e-01 1.257964594476567272e-01 8.458858967520121888e-04
7.500000000000000001e-01 1.820942607039919229e-01 1.318369010151438590e-03
8.000000000000000001e-01 2.384086977343499879e-01 1.828910941075734102e-03
8.500000000000000001e-01 2.892271592173495364e-01 2.327923306868095251e-03
9.000000000000000001e-01 3.295754730361577697e-01 2.765169927086367845e-03
9.500000000000000002e-01 3.555037980924728940e-01 3.099274284548196644e-03
1.000000000000000000e+00 3.644741810956293838e-01 3.297030479024116165e-03
 -----------------------------------------------------------------------

Final integrator statistics:
  Steps            = 220
  Step attempts    = 269
  Error test fails = 49
  RHS evals        = 1886
  NLS iters        = 807
  NLS fails        = 0
  LS iters         = 15369
  LS fails         = 692
  LS setups        = 135
  LS RHS evals     = 15369
  Jv products      = 15369

  Avg NLS iters per step attempt = 3.000000
  Avg LS iters per NLS iter      = 19.044610

  Preconditioner setups = 51
  Preconditioner solves = 15369

  Max error = 3.297030479024116165e-03
