Nonlinear Pendulum problem:
   method     = DIRK
   relaxation = ON
   reltol     = 1e-06
   abstol     = 1e-10

    step                         t                         u                         v                         e                     e err
------------------------------------------------------------------------------------------------------------------------------------------
       0  0.000000000000000000e+00  1.500000000000000000e+00  1.000000000000000000e+00  5.846976941318602826e-01  0.000000000000000000e+00
    1000  1.835585274044378992e+00 -1.544806352920591498e-01  2.180672011381274161e+00  5.846976941318604121e-01  1.295621596120177799e-16
    2000  3.588227020278048575e+00 -1.703711431932103740e+00  5.224111062762647574e-01  5.846976941318605528e-01  2.702373914920119802e-16
    3000  5.050139784669663433e+00 -9.522703536811229639e-01 -1.702464724362100774e+00  5.846976941318606415e-01  3.589251292013262429e-16
    4000  6.929333215161017990e+00  6.884232623001853971e-01 -1.925949944348660880e+00  5.846976941318607503e-01  4.677248172102466128e-16
    5000  8.487342874876130327e+00  1.767308644664386328e+00  2.149257684712736409e-01  5.846976941318608404e-01  5.577678076351677561e-16
------------------------------------------------------------------------------------------------------------------------------------------

Final Solver Statistics:
  Internal solver steps = 5914 (attempted = 5922)
  Total number of error test failures = 8
  Total RHS evals:  Fe = 0,  Fi = 27506
  Total number of Newton iterations = 21681
  Total number of linear solver convergence failures = 91
  Total linear solver setups = 389
  Total number of Jacobian evaluations = 185
  Total RHS evals for setting up the linear system = 0
  Total Relaxation Fn evals    = 20911
  Total Relaxation Jac evals   = 20911
  Total Relaxation fails       = 0
  Total Relaxation bound fails = 0
  Total Relaxation NLS fails   = 0
  Total Relaxation NLS iters   = 9067

