
Multirate nonlinear Kvaerno-Prothero-Robinson test problem:
    time domain:  (0,5]
    hs = 0.0019999999999999999999
    hf = 2e-05
    G = -100
    w = 100
    e = 0.5
    solver: exp-4/exp-4 (MRI-GARK-ERK45a / ERK-4-4)

        t           u           v       uerr      verr
   ------------------------------------------------------
    0.000000    1.224745    1.732051  0.00e+00  0.00e+00
    0.100000    1.223725    1.077464  1.78e-10  1.09e-11
    0.200000    1.220669    1.551800  1.77e-10  2.15e-11
    0.300000    1.215594    1.467737  1.75e-10  3.09e-11
    0.400000    1.208524    1.154583  1.01e-10  2.09e-08
    0.500000    1.199496    1.721908  1.51e-10  1.28e-08
    0.600000    1.188557    1.023517  4.63e-11  2.31e-08
    0.700000    1.175764    1.622751  2.11e-10  4.09e-08
    0.800000    1.161186    1.374632  4.83e-11  3.78e-08
    0.900000    1.144904    1.245763  4.39e-10  6.54e-08
    1.000000    1.127010    1.691839  1.69e-10  5.93e-08
    1.100000    1.107609    1.000490  4.51e-10  7.67e-08
    1.200000    1.086821    1.677552  5.28e-10  9.13e-08
    1.300000    1.064777    1.277775  4.61e-10  9.34e-08
    1.400000    1.041625    1.342455  3.43e-10  8.45e-08
    1.500000    1.017531    1.642940  3.18e-10  7.65e-08
    1.600000    0.992673    1.012112  2.98e-10  6.92e-08
    1.700000    0.967253    1.714058  2.84e-10  6.26e-08
    1.800000    0.941488    1.183867  2.74e-10  5.67e-08
    1.900000    0.915617    1.437465  2.69e-10  5.13e-08
    2.000000    0.889903    1.577082  2.69e-10  4.64e-08
    2.100000    0.864625    1.056467  2.72e-10  4.20e-08
    2.200000    0.840089    1.730920  2.80e-10  3.80e-08
    2.300000    0.816616    1.101047  2.91e-10  3.44e-08
    2.400000    0.794546    1.525051  3.05e-10  3.12e-08
    2.500000    0.774227    1.496993  3.20e-10  2.82e-08
    2.600000    0.756013    1.126857  3.37e-10  2.56e-08
    2.700000    0.740246    1.727536  3.53e-10  2.32e-08
    2.800000    0.727247    1.038393  3.68e-10  2.10e-08
    2.900000    0.717301    1.600759  3.79e-10  1.90e-08
    3.000000    0.710636    1.406380  3.85e-10  1.72e-08
    3.100000    0.707412    1.214353  3.86e-10  1.56e-08
    3.200000    0.707709    1.704026  3.79e-10  1.41e-08
    3.300000    0.711520    1.004391  3.66e-10  1.28e-08
    3.400000    0.718750    1.661225  3.46e-10  1.16e-08
    3.500000    0.729227    1.310102  3.21e-10  1.05e-08
    3.600000    0.742712    1.310080  2.91e-10  9.55e-09
    3.700000    0.758914    1.661237  2.58e-10  8.66e-09
    3.800000    0.777506    1.004387  2.24e-10  7.85e-09
    3.900000    0.798144    1.704019  1.90e-10  7.12e-09
    4.000000    0.820474    1.214374  1.56e-10  6.45e-09
    4.100000    0.844149    1.406358  1.23e-10  5.84e-09
    4.200000    0.868832    1.600774  9.16e-11  5.29e-09
    4.300000    0.894204    1.038382  6.24e-11  4.80e-09
    4.400000    0.919964    1.727533  3.54e-11  4.34e-09
    4.500000    0.945834    1.126875  1.04e-11  3.93e-09
    4.600000    0.971557    1.496974  1.25e-11  3.56e-09
    4.700000    0.996898    1.525070  3.33e-11  3.22e-09
    4.800000    1.021641    1.101030  5.24e-11  2.91e-09
    4.900000    1.045589    1.730922  6.96e-11  2.63e-09
    5.000000    1.068565    1.056480  8.52e-11  2.37e-09
   ------------------------------------------------------

Final Solver Statistics:
   Steps: nsts = 2500, nstf = 250000
   u error = 2.740e-10, v error = 3.859e-08, total error = 2.729e-08
   Total RHS evals:  Fs = 12500,  Ff = 1000000
