
2D Heat PDE test problem:
 --------------------------------- 
  nprocs         = 4
  npx            = 2
  npy            = 2
 --------------------------------- 
  kx             = 1
  ky             = 1
  forcing        = 1
  tf             = 1
  xu             = 1
  yu             = 1
  nx             = 32
  ny             = 32
  nxl (proc 0)   = 16
  nyl (proc 0)   = 16
  dx             = 0.0322581
  dy             = 0.0322581
 --------------------------------- 
  rtol           = 1e-05
  atol           = 1e-10
 --------------------------------- 
  linear solver  = PCG
  lin iters      = 20
  eps lin        = 0
  prec           = 1
  msbp           = 0
 --------------------------------- 
  output         = 1
 --------------------------------- 

          t                     ||u||_rms                max error      
 -----------------------------------------------------------------------
0.000000000000000000e+00 3.632812500000000000e-01 0.000000000000000000e+00
5.000000000000000000e-02 3.551986624101323199e-01 2.454797623495848799e-03
1.000000000000000000e-01 3.296219563378851573e-01 2.893480212731737152e-03
1.500000000000000000e-01 2.894444105455560310e-01 2.833131704746389790e-03
2.000000000000000000e-01 2.387095098163025987e-01 2.520921939290728987e-03
2.500000000000000000e-01 1.824250183596654292e-01 2.076905532575844141e-03
3.000000000000000000e-01 1.261155986970763012e-01 1.577103706393051259e-03
3.500000000000000000e-01 7.529896095692769769e-02 1.082711308393781143e-03
4.000000000000000000e-01 3.495195165022288550e-02 6.477475441780009637e-04
4.500000000000000000e-01 9.023713443071157126e-03 3.136025629329016401e-04
5.000000000000000001e-01 5.527933077193150584e-05 1.158472893531918769e-04
5.500000000000000001e-01 8.918929290121757953e-03 7.376835962380363582e-05
6.000000000000000001e-01 3.475292629410237570e-02 1.918984549985264026e-04
6.500000000000000001e-01 7.502634153725334504e-02 4.582875423095263991e-04
7.000000000000000001e-01 1.257966870205428385e-01 8.464200716641685405e-04
7.500000000000000001e-01 1.820944972197739873e-01 1.318896159169996259e-03
8.000000000000000001e-01 2.384089689566554940e-01 1.829578768107456869e-03
8.500000000000000001e-01 2.892273726999378802e-01 2.327660000709351202e-03
9.000000000000000001e-01 3.295751609011312593e-01 2.764391513803287183e-03
9.500000000000000002e-01 3.555031126543336809e-01 3.097657990994281290e-03
1.000000000000000000e+00 3.644733336643615698e-01 3.295111006712519194e-03
 -----------------------------------------------------------------------

Final integrator statistics:
  Steps            = 99
  Error test fails = 4
  RHS evals        = 127
  NLS iters        = 124
  NLS fails        = 0
  LS iters         = 1259
  LS fails         = 25
  LS setups        = 23
  LS RHS evals     = 1259
  Jv products      = 1259

  Avg NLS iters per step    = 1.252525
  Avg LS iters per NLS iter = 10.153226

  Preconditioner setups = 2
  Preconditioner solves = 1259

  Max error = 3.295111006712519194e-03
