
2D Heat PDE test problem:
 --------------------------------- 
  kx             = 1
  ky             = 1
  forcing        = 1
  tf             = 1
  xu             = 1
  yu             = 1
  nx             = 32
  ny             = 32
  dx             = 0.0322581
  dy             = 0.0322581
 --------------------------------- 
  rtol           = 1e-05
  atol           = 1e-10
 --------------------------------- 
  linear solver  = PCG
  lin iters      = 20
  eps lin        = 0
  prec           = 1
  msbp           = 0
 --------------------------------- 
  output         = 1
 --------------------------------- 

          t                     ||u||_rms                max error      
 -----------------------------------------------------------------------
0.000000000000000000e+00 3.632812500000000000e-01 0.000000000000000000e+00
5.000000000000000000e-02 3.551986624101323212e-01 2.454797623495859208e-03
1.000000000000000000e-01 3.296219563378852737e-01 2.893480212732813060e-03
1.500000000000000000e-01 2.894444105455559465e-01 2.833131704743635103e-03
2.000000000000000000e-01 2.387095098163045973e-01 2.520921939267341553e-03
2.500000000000000000e-01 1.824250183596603360e-01 2.076905532472636469e-03
3.000000000000000000e-01 1.261155986970304142e-01 1.577103706144771482e-03
3.500000000000000000e-01 7.529896098393330546e-02 1.082711380573274644e-03
4.000000000000000000e-01 3.495195395429296058e-02 6.477536089111428651e-04
4.500000000000000000e-01 9.023714577023138870e-03 3.136049829789836120e-04
5.000000000000000001e-01 5.527956683763899150e-05 1.158477075213758665e-04
5.500000000000000001e-01 8.918929332519755896e-03 7.376843301107671620e-05
6.000000000000000001e-01 3.475292197899954804e-02 1.918874849673106551e-04
6.500000000000000001e-01 7.502631660650128471e-02 4.582305514342828749e-04
7.000000000000000001e-01 1.257966779430430417e-01 8.463993816511296839e-04
7.500000000000000001e-01 1.820944902545518846e-01 1.318882659566080877e-03
8.000000000000000001e-01 2.384089533798382169e-01 1.829523033223337601e-03
8.500000000000000001e-01 2.892273821289773841e-01 2.327692957346958619e-03
9.000000000000000001e-01 3.295740043346935926e-01 2.761511121140820433e-03
9.500000000000000002e-01 3.554977044975715261e-01 3.084575955758440263e-03
1.000000000000000000e+00 3.644686753704076585e-01 3.285298507779081938e-03
 -----------------------------------------------------------------------

Final integrator statistics:
  Steps            = 98
  Error test fails = 4
  RHS evals        = 129
  NLS iters        = 126
  NLS fails        = 0
  LS iters         = 1269
  LS fails         = 22
  LS setups        = 25
  LS RHS evals     = 1269
  Jv products      = 1269

  Avg NLS iters per step    = 1.285714
  Avg LS iters per NLS iter = 10.071429

  Preconditioner setups = 2
  Preconditioner solves = 1269

  Max error = 3.285298507779081938e-03
