
2-species diurnal advection-diffusion problem

t = 7.20e+03   no. steps = 219   order = 5   stepsize = 1.59e+02
At bottom left:  c1, c2 =    1.047e+04    2.527e+11 
At top right:    c1, c2 =    1.119e+04    2.700e+11 

t = 1.44e+04   no. steps = 251   order = 5   stepsize = 3.77e+02
At bottom left:  c1, c2 =    6.659e+06    2.582e+11 
At top right:    c1, c2 =    7.301e+06    2.833e+11 

t = 2.16e+04   no. steps = 277   order = 5   stepsize = 2.75e+02
At bottom left:  c1, c2 =    2.665e+07    2.993e+11 
At top right:    c1, c2 =    2.931e+07    3.313e+11 

t = 2.88e+04   no. steps = 306   order = 4   stepsize = 2.07e+02
At bottom left:  c1, c2 =    8.702e+06    3.380e+11 
At top right:    c1, c2 =    9.650e+06    3.751e+11 

t = 3.60e+04   no. steps = 347   order = 4   stepsize = 6.68e+01
At bottom left:  c1, c2 =    1.404e+04    3.387e+11 
At top right:    c1, c2 =    1.561e+04    3.765e+11 

t = 4.32e+04   no. steps = 410   order = 4   stepsize = 2.85e+02
At bottom left:  c1, c2 =   -5.195e-06    3.382e+11 
At top right:    c1, c2 =   -5.831e-06    3.804e+11 

t = 5.04e+04   no. steps = 424   order = 5   stepsize = 4.77e+02
At bottom left:  c1, c2 =    1.884e-08    3.358e+11 
At top right:    c1, c2 =    2.101e-08    3.864e+11 

t = 5.76e+04   no. steps = 438   order = 5   stepsize = 1.69e+02
At bottom left:  c1, c2 =    6.825e-06    3.320e+11 
At top right:    c1, c2 =    7.584e-06    3.909e+11 

t = 6.48e+04   no. steps = 455   order = 4   stepsize = 6.27e+02
At bottom left:  c1, c2 =   -3.561e-09    3.313e+11 
At top right:    c1, c2 =   -3.983e-09    3.963e+11 

t = 7.20e+04   no. steps = 467   order = 4   stepsize = 6.27e+02
At bottom left:  c1, c2 =   -7.278e-12    3.330e+11 
At top right:    c1, c2 =   -8.089e-12    4.039e+11 

t = 7.92e+04   no. steps = 478   order = 4   stepsize = 6.27e+02
At bottom left:  c1, c2 =   -3.643e-15    3.334e+11 
At top right:    c1, c2 =   -4.113e-15    4.120e+11 

t = 8.64e+04   no. steps = 490   order = 4   stepsize = 6.27e+02
At bottom left:  c1, c2 =   -9.043e-18    3.352e+11 
At top right:    c1, c2 =   -1.008e-17    4.163e+11 


Final Statistics: 

lenrw   =  2689     leniw   =   144
lenrwls =  2454     leniwls =   126
nst     =   490
nfe     =   633     nfels   =   641
nni     =   630     nli     =   641
nsetups =    85     netf    =    29
npe     =     9     nps     =  1208
ncfn    =     0     ncfl    =     0

