 ------- 
| SPGMR |
 -------
 
2-species diurnal advection-diffusion problem

t = 8.64e+04   no. steps = 486   order = 5   stepsize = 7.33e+02
c1 (bot.left/middle/top rt.) =    1.386e-13     8.665e-13     1.554e-13
c2 (bot.left/middle/top rt.) =    3.352e+11     9.106e+11     4.163e+11


Final Statistics.. 

lenrw   =  2689     leniw   =    53
lenrwLS =  2454     leniwLS =    42
nst     =   486
nfe     =   626     nfeLS   =   620
nni     =   623     nli     =   620
nsetups =    83     netf    =    28
npe     =     9     nps     =  1186
ncfn    =     0     ncfl    =     0

======================================================================

 --------- 
| SPFGMR |
 ---------
 
2-species diurnal advection-diffusion problem

t = 8.64e+04   no. steps = 439   order = 5   stepsize = 7.86e+02
c1 (bot.left/middle/top rt.) =    6.297e-13    -1.105e-10    -1.262e-12
c2 (bot.left/middle/top rt.) =    3.352e+11     9.106e+11     4.162e+11


Final Statistics.. 

lenrw   =  2689     leniw   =    53
lenrwLS =  3254     leniwLS =    46
nst     =   439
nfe     =   564     nfeLS   =   858
nni     =   561     nli     =   858
nsetups =    77     netf    =    26
npe     =     8     nps     =   858
ncfn    =     0     ncfl    =     0

======================================================================

 ------- 
| SPBCGS |
 -------
 
2-species diurnal advection-diffusion problem

t = 8.64e+04   no. steps = 449   order = 5   stepsize = 5.73e+02
c1 (bot.left/middle/top rt.) =   -6.806e-27    -9.629e-23    -9.447e-28
c2 (bot.left/middle/top rt.) =    3.352e+11     9.107e+11     4.163e+11


Final Statistics.. 

lenrw   =  2689     leniw   =    53
lenrwLS =  2202     leniwLS =    41
nst     =   449
nfe     =   570     nfeLS   =   968
nni     =   567     nli     =   484
nsetups =    72     netf    =    25
npe     =     8     nps     =  1459
ncfn    =     0     ncfl    =     0

 --------- 
| SPTFQMR |
 ---------
 
2-species diurnal advection-diffusion problem

t = 8.64e+04   no. steps = 496   order = 5   stepsize = 6.46e+02
c1 (bot.left/middle/top rt.) =    6.108e-21     3.553e-16     1.593e-20
c2 (bot.left/middle/top rt.) =    3.352e+11     9.107e+11     4.163e+11


Final Statistics.. 

lenrw   =  2689     leniw   =    53
lenrwLS =  2602     leniwLS =    43
nst     =   496
nfe     =   631     nfeLS   =  1258
nni     =   628     nli     =   542
nsetups =    78     netf    =    27
npe     =     9     nps     =  1953
ncfn    =     0     ncfl    =     0

