
Particle traveling on the unit circle example
---------------------------------------------
alpha      = 1.0000e+00
num orbits = 100
---------------------------------------------
rtol       = 0.0001
atol       = 1e-09
proj sol   = 1
proj err   = 0
nout       = 0
tstop      = 0
---------------------------------------------

     t            x              y             err x          err y       err constr
0.0000e+00   1.000000e+00   0.000000e+00   0.000000e+00   0.000000e+00   0.000000e+00
6.2832e+02   9.981194e-01   6.130002e-02  -1.880614e-03   6.130002e-02   0.000000e+00

Integration Statistics:
Number of steps taken = 4126  
Number of function evaluations = 5965  
Number of linear solver setups = 828   
Number of Jacobian evaluations = 104   
Number of nonlinear solver iterations = 5962  
Number of convergence failures = 40    
Number of error test failures = 338   
