
[CVODE ERROR]  CVode
  At t = 1.96702e+10, unable to satisfy inequality constraints.


SUNDIALS_ERROR: CVode() failed with retval = -15

 
3-species kinetics problem

At t = 2.6425e-01      y =  9.899653e-01    3.470560e-05    1.000000e-02
    rootsfound[] =   0   1
At t = 4.0000e-01      y =  9.851728e-01    3.386387e-05    1.479331e-02
At t = 4.0000e+00      y =  9.055089e-01    2.240388e-05    9.446869e-02
At t = 4.0000e+01      y =  7.158093e-01    9.184984e-06    2.841815e-01
At t = 4.0000e+02      y =  4.505264e-01    3.223108e-06    5.494704e-01
At t = 4.0000e+03      y =  1.832125e-01    8.942469e-07    8.167866e-01
At t = 4.0000e+04      y =  3.898887e-02    1.621991e-07    9.610110e-01
At t = 4.0000e+05      y =  4.937208e-03    1.984557e-08    9.950628e-01
At t = 4.0000e+06      y =  5.167779e-04    2.068283e-09    9.994832e-01
At t = 2.1083e+07      y =  1.000000e-04    4.000408e-10    9.999000e-01
    rootsfound[] =  -1   0
At t = 4.0000e+07      y =  5.154719e-05    2.062018e-10    9.999485e-01
At t = 4.0000e+08      y =  4.747596e-06    1.899044e-11    9.999953e-01
At t = 4.0000e+09      y =  1.031879e-06    4.127516e-12    9.999990e-01
At t = 1.9670e+10      y =  0.000000e+00    0.000000e+00    1.000000e+00

Final Statistics:
nst = 493    nfe = 729    nsetups = 122    nfeLS = 0      nje = 25
nni = 726    nnf = 8      netf = 25        ncfn = 14      nge = 534

