
1-D advection-diffusion equation, mesh size = 10 

Number of PEs =   2 
Sensitivity: YES ( STAGGERED + FULL ERROR CONTROL )

============================================================
     T     Q       H      NST                    Max norm   
============================================================
5.000e-01  3  1.106e-02   146
                                Solution         3.0529e+00 
                                Sensitivity 1    3.8668e+00 
                                Sensitivity 2    6.2020e-01 
------------------------------------------------------------
1.000e+00  2  7.803e-03   240
                                Solution         8.7531e-01 
                                Sensitivity 1    2.1743e+00 
                                Sensitivity 2    1.8909e-01 
------------------------------------------------------------
1.500e+00  2  4.405e-03   306
                                Solution         2.4948e-01 
                                Sensitivity 1    9.1825e-01 
                                Sensitivity 2    7.3921e-02 
------------------------------------------------------------
2.000e+00  3  8.802e-03   367
                                Solution         7.1105e-02 
                                Sensitivity 1    3.4666e-01 
                                Sensitivity 2    2.8226e-02 
------------------------------------------------------------
2.500e+00  3  4.522e-03   459
                                Solution         2.0263e-02 
                                Sensitivity 1    1.2301e-01 
                                Sensitivity 2    1.0084e-02 
------------------------------------------------------------
3.000e+00  3  4.522e-03   570
                                Solution         5.7782e-03 
                                Sensitivity 1    4.1960e-02 
                                Sensitivity 2    3.4635e-03 
------------------------------------------------------------
3.500e+00  3  4.522e-03   680
                                Solution         1.6490e-03 
                                Sensitivity 1    1.3928e-02 
                                Sensitivity 2    1.1615e-03 
------------------------------------------------------------
4.000e+00  3  4.522e-03   791
                                Solution         4.6375e-04 
                                Sensitivity 1    4.5283e-03 
                                Sensitivity 2    3.9053e-04 
------------------------------------------------------------
4.500e+00  3  4.522e-03   902
                                Solution         1.3179e-04 
                                Sensitivity 1    1.4506e-03 
                                Sensitivity 2    1.3512e-04 
------------------------------------------------------------
5.000e+00  3  4.522e-03  1012
                                Solution         3.8530e-05 
                                Sensitivity 1    4.5919e-04 
                                Sensitivity 2    4.8579e-05 
------------------------------------------------------------

Final Statistics

nst     =  1012

nfe     =  2364
netf    =     0    nsetups  =     0
nni     =  1342    ncfn     =     5

nfSe    =  2732    nfeS     =  5464
netfs   =     0    nsetupsS =     0
nniS    =  1363    ncfnS    =     7
