
1-D advection-diffusion equation, mesh size = 10 

Number of PEs =   2 
Sensitivity: YES ( SIMULTANEOUS + FULL ERROR CONTROL )

============================================================
     T     Q       H      NST                    Max norm   
============================================================
5.000e-01  5  4.027e-03   120
                                Solution         3.0529e+00 
                                Sensitivity 1    3.8668e+00 
                                Sensitivity 2    6.2020e-01 
------------------------------------------------------------
1.000e+00  3  9.817e-03   221
                                Solution         8.7533e-01 
                                Sensitivity 1    2.1743e+00 
                                Sensitivity 2    1.8909e-01 
------------------------------------------------------------
1.500e+00  2  8.476e-03   303
                                Solution         2.4948e-01 
                                Sensitivity 1    9.1825e-01 
                                Sensitivity 2    7.3922e-02 
------------------------------------------------------------
2.000e+00  2  4.621e-03   381
                                Solution         7.1095e-02 
                                Sensitivity 1    3.4667e-01 
                                Sensitivity 2    2.8228e-02 
------------------------------------------------------------
2.500e+00  2  4.483e-03   454
                                Solution         2.0259e-02 
                                Sensitivity 1    1.2301e-01 
                                Sensitivity 2    1.0085e-02 
------------------------------------------------------------
3.000e+00  2  6.394e-03   525
                                Solution         5.7732e-03 
                                Sensitivity 1    4.1956e-02 
                                Sensitivity 2    3.4556e-03 
------------------------------------------------------------
3.500e+00  2  8.717e-03   590
                                Solution         1.6451e-03 
                                Sensitivity 1    1.3919e-02 
                                Sensitivity 2    1.1669e-03 
------------------------------------------------------------
4.000e+00  2  3.810e-03   658
                                Solution         4.6877e-04 
                                Sensitivity 1    4.5341e-03 
                                Sensitivity 2    3.8632e-04 
------------------------------------------------------------
4.500e+00  2  2.587e-02   728
                                Solution         1.3455e-04 
                                Sensitivity 1    1.4580e-03 
                                Sensitivity 2    1.2613e-04 
------------------------------------------------------------
5.000e+00  1  1.006e-02   803
                                Solution         3.8803e-05 
                                Sensitivity 1    4.6602e-04 
                                Sensitivity 2    4.0742e-05 
------------------------------------------------------------

Final Statistics

nst     =   803

nfe     =  1473
netf    =     1    nsetups  =     0
nni     =  1470    ncfn     =   137

nfSe    =  2946    nfeS     =  5892
netfs   =     0    nsetupsS =     0
nniS    =     0    ncfnS    =     0
