
1-D advection-diffusion equation, mesh size = 10
Sensitivity: YES ( SIMULTANEOUS + FULL ERROR CONTROL )

============================================================
     T     Q       H      NST                    Max norm   
============================================================
5.000e-01  5  4.023e-03   120
                                Solution         3.0529e+00 
                                Sensitivity 1    3.8668e+00 
                                Sensitivity 2    6.2020e-01 
------------------------------------------------------------
1.000e+00  3  9.880e-03   221
                                Solution         8.7533e-01 
                                Sensitivity 1    2.1743e+00 
                                Sensitivity 2    1.8909e-01 
------------------------------------------------------------
1.500e+00  3  4.181e-03   300
                                Solution         2.4948e-01 
                                Sensitivity 1    9.1826e-01 
                                Sensitivity 2    7.3921e-02 
------------------------------------------------------------
2.000e+00  2  4.152e-03   388
                                Solution         7.1095e-02 
                                Sensitivity 1    3.4667e-01 
                                Sensitivity 2    2.8228e-02 
------------------------------------------------------------
2.500e+00  2  9.124e-03   466
                                Solution         2.0259e-02 
                                Sensitivity 1    1.2300e-01 
                                Sensitivity 2    1.0085e-02 
------------------------------------------------------------
3.000e+00  2  2.338e-02   558
                                Solution         5.7734e-03 
                                Sensitivity 1    4.1954e-02 
                                Sensitivity 2    3.4556e-03 
------------------------------------------------------------
3.500e+00  2  6.226e-03   625
                                Solution         1.6451e-03 
                                Sensitivity 1    1.3920e-02 
                                Sensitivity 2    1.1669e-03 
------------------------------------------------------------
4.000e+00  2  4.790e-03   691
                                Solution         4.6920e-04 
                                Sensitivity 1    4.5283e-03 
                                Sensitivity 2    3.8656e-04 
------------------------------------------------------------
4.500e+00  1  4.463e-03   768
                                Solution         1.3425e-04 
                                Sensitivity 1    1.4557e-03 
                                Sensitivity 2    1.2591e-04 
------------------------------------------------------------
5.000e+00  1  6.406e-03   850
                                Solution         3.8696e-05 
                                Sensitivity 1    4.6469e-04 
                                Sensitivity 2    4.0650e-05 
------------------------------------------------------------

Final Statistics

nst     =   850

nfe     =  1525
netf    =     1    nsetups  =     0
nni     =  1522    ncfn     =   136

nfSe    =  3050    nfeS     =  6100
netfs   =     0    nsetupsS =     0
nniS    =     0    ncfnS    =     0
