
1-D advection-diffusion equation, mesh size = 10
Sensitivity: YES ( STAGGERED + FULL ERROR CONTROL )

============================================================
     T     Q       H      NST                    Max norm   
============================================================
5.000e-01  3  8.649e-03   127
                                Solution         3.0529e+00 
                                Sensitivity 1    3.8668e+00 
                                Sensitivity 2    6.2020e-01 
------------------------------------------------------------
1.000e+00  3  8.649e-03   185
                                Solution         8.7533e-01 
                                Sensitivity 1    2.1743e+00 
                                Sensitivity 2    1.8909e-01 
------------------------------------------------------------
1.500e+00  3  8.649e-03   243
                                Solution         2.4949e-01 
                                Sensitivity 1    9.1825e-01 
                                Sensitivity 2    7.3921e-02 
------------------------------------------------------------
2.000e+00  3  8.649e-03   301
                                Solution         7.1103e-02 
                                Sensitivity 1    3.4669e-01 
                                Sensitivity 2    2.8229e-02 
------------------------------------------------------------
2.500e+00  2  8.108e-03   361
                                Solution         2.0263e-02 
                                Sensitivity 1    1.2302e-01 
                                Sensitivity 2    1.0086e-02 
------------------------------------------------------------
3.000e+00  2  4.712e-03   436
                                Solution         5.7738e-03 
                                Sensitivity 1    4.1958e-02 
                                Sensitivity 2    3.4555e-03 
------------------------------------------------------------
3.500e+00  2  5.413e-03   504
                                Solution         1.6454e-03 
                                Sensitivity 1    1.3923e-02 
                                Sensitivity 2    1.1647e-03 
------------------------------------------------------------
4.000e+00  2  4.866e-03   579
                                Solution         4.6946e-04 
                                Sensitivity 1    4.5284e-03 
                                Sensitivity 2    3.8406e-04 
------------------------------------------------------------
4.500e+00  2  1.112e-02   641
                                Solution         1.3135e-04 
                                Sensitivity 1    1.4497e-03 
                                Sensitivity 2    1.2424e-04 
------------------------------------------------------------
5.000e+00  2  9.064e-03   712
                                Solution         3.9122e-05 
                                Sensitivity 1    4.5696e-04 
                                Sensitivity 2    4.0864e-05 
------------------------------------------------------------

Final Statistics

nst     =   712

nfe     =  1800
netf    =     0    nsetups  =     0
nni     =  1074    ncfn     =    23

nfSe    =  2016    nfeS     =  4032
netfs   =     0    nsetupsS =     0
nniS    =  1005    ncfnS    =    11
