
g(tf) = 2.445226e-02

dgdp(tf)
  [ 1]: -1.502428e-01
  [ 2]: -1.098004e-02

mu(t0)
  [ 1]: 2.778697e-04
  [ 2]: 5.621403e-04
  [ 3]: 8.483787e-04
  [ 4]: 1.126738e-03
  [ 5]: 1.394827e-03
  [ 6]: 1.640082e-03
  [ 7]: 1.862585e-03
  [ 8]: 2.047990e-03
  [ 9]: 2.199088e-03
  [10]: 2.300942e-03
  [11]: 2.359058e-03
  [12]: 2.359276e-03
  [13]: 2.309565e-03
  [14]: 2.197969e-03
  [15]: 2.034404e-03
  [16]: 1.810484e-03
  [17]: 1.537318e-03
  [18]: 1.211249e-03
  [19]: 8.436350e-04
  [20]: 4.363692e-04
