
2-species diurnal advection-diffusion problem

t = 7.20e+03   no. steps = 219   order = 5   stepsize = 1.59e+02
At bottom left:  c1, c2 =    1.047e+04    2.527e+11 
At top right:    c1, c2 =    1.119e+04    2.700e+11 

t = 1.44e+04   no. steps = 251   order = 5   stepsize = 3.77e+02
At bottom left:  c1, c2 =    6.659e+06    2.582e+11 
At top right:    c1, c2 =    7.301e+06    2.833e+11 

t = 2.16e+04   no. steps = 277   order = 5   stepsize = 2.75e+02
At bottom left:  c1, c2 =    2.665e+07    2.993e+11 
At top right:    c1, c2 =    2.931e+07    3.313e+11 

t = 2.88e+04   no. steps = 306   order = 4   stepsize = 2.07e+02
At bottom left:  c1, c2 =    8.702e+06    3.380e+11 
At top right:    c1, c2 =    9.650e+06    3.751e+11 

t = 3.60e+04   no. steps = 347   order = 4   stepsize = 6.72e+01
At bottom left:  c1, c2 =    1.404e+04    3.387e+11 
At top right:    c1, c2 =    1.561e+04    3.765e+11 

t = 4.32e+04   no. steps = 405   order = 4   stepsize = 3.91e+02
At bottom left:  c1, c2 =    8.580e-09    3.382e+11 
At top right:    c1, c2 =    1.090e-06    3.804e+11 

t = 5.04e+04   no. steps = 426   order = 4   stepsize = 2.43e+02
At bottom left:  c1, c2 =    4.129e-08    3.358e+11 
At top right:    c1, c2 =    1.795e-07    3.864e+11 

t = 5.76e+04   no. steps = 445   order = 5   stepsize = 1.27e+02
At bottom left:  c1, c2 =    6.046e-12    3.320e+11 
At top right:    c1, c2 =    2.609e-11    3.909e+11 

t = 6.48e+04   no. steps = 458   order = 4   stepsize = 6.22e+02
At bottom left:  c1, c2 =    1.305e-12    3.313e+11 
At top right:    c1, c2 =    5.635e-12    3.963e+11 

t = 7.20e+04   no. steps = 470   order = 4   stepsize = 6.22e+02
At bottom left:  c1, c2 =    2.504e-16    3.330e+11 
At top right:    c1, c2 =    1.081e-15    4.039e+11 

t = 7.92e+04   no. steps = 481   order = 4   stepsize = 6.22e+02
At bottom left:  c1, c2 =    1.953e-18    3.334e+11 
At top right:    c1, c2 =    8.436e-18    4.120e+11 

t = 8.64e+04   no. steps = 493   order = 4   stepsize = 6.22e+02
At bottom left:  c1, c2 =   -2.475e-22    3.352e+11 
At top right:    c1, c2 =   -1.068e-21    4.163e+11 


Final Statistics: 

lenrw   =  2696     leniw   =   156
lenrwls =  2454     leniwls =   126
nst     =   493
nfe     =   641     nfels   =   669
nni     =   638     nli     =   669
nsetups =    88     netf    =    31
npe     =     9     nps     =  1246
ncfn    =     0     ncfl    =     0

