Demonstration program for CVODE package - direct linear solvers


Problem 1: Van der Pol oscillator
 xdotdot - 3*(1 - x^2)*xdot + x = 0, x(0) = 2, xdot(0) = 0
 neq = 2,  reltol = 0,  abstol = 1e-06

-------------------------------------------------------------

Linear Multistep Method : ADAMS
Iteration               : FIXEDPOINT

     t           x              xdot         qu     hu 
   1.39284     1.68010e+00   -2.91056e-01    4    1.2813e-01
   3.60761    -6.82188e-05   -3.16892e+00    4    1.6364e-02
   5.82239    -1.68010e+00    2.91062e-01    5    1.0105e-01
   8.03716     9.98672e-05    3.16901e+00    5    2.2892e-02

 Final statistics for this run:

 CVode real workspace length              =  136 
 CVode integer workspace length           =   72 
 Number of steps                          =  205 
 Number of f-s                            =  401 
 Number of setups                         =    0 
 Number of nonlinear iterations           =  398 
 Number of nonlinear convergence failures =    0 
 Number of error test failures            =   16 

 Error overrun = 99.867 


-------------------------------------------------------------

Linear Multistep Method : ADAMS
Iteration               : NEWTON
Linear Solver           : Dense, User-Supplied Jacobian

     t           x              xdot         qu     hu 
   1.39284     1.68010e+00   -2.91056e-01    7    6.5165e-02
   3.60761     8.65358e-05   -3.16844e+00    5    1.8654e-02
   5.82239    -1.68011e+00    2.91058e-01    5    1.5915e-01
   8.03716    -8.88755e-05    3.16843e+00    5    1.9110e-02

 Final statistics for this run:

 CVode real workspace length              =  136 
 CVode integer workspace length           =   72 
 Number of steps                          =  219 
 Number of f-s                            =  298 
 Number of setups                         =   41 
 Number of nonlinear iterations           =  295 
 Number of nonlinear convergence failures =    0 
 Number of error test failures            =   16 

 Linear solver real workspace length      =   10 
 Linear solver integer workspace length   =   41 
 Number of Jacobian evaluations           =    4 
 Number of f evals. in linear solver      =    0 

 Error overrun = 88.876 


-------------------------------------------------------------

Linear Multistep Method : ADAMS
Iteration               : NEWTON
Linear Solver           : Dense, Difference Quotient Jacobian

     t           x              xdot         qu     hu 
   1.39284     1.68010e+00   -2.91056e-01    7    6.5100e-02
   3.60761     8.63716e-05   -3.16844e+00    5    1.8657e-02
   5.82239    -1.68011e+00    2.91058e-01    5    1.6559e-01
   8.03716    -6.22909e-05    3.16852e+00    5    1.9617e-02

 Final statistics for this run:

 CVode real workspace length              =  136 
 CVode integer workspace length           =   72 
 Number of steps                          =  216 
 Number of f-s                            =  297 
 Number of setups                         =   40 
 Number of nonlinear iterations           =  294 
 Number of nonlinear convergence failures =    0 
 Number of error test failures            =   15 

 Linear solver real workspace length      =   10 
 Linear solver integer workspace length   =   41 
 Number of Jacobian evaluations           =    4 
 Number of f evals. in linear solver      =    8 

 Error overrun = 86.372 


-------------------------------------------------------------

Linear Multistep Method : ADAMS
Iteration               : NEWTON
Linear Solver           : Diagonal Jacobian

     t           x              xdot         qu     hu 
   1.39284     1.68010e+00   -2.91054e-01    6    5.9459e-02
   3.60761     6.54086e-05   -3.16853e+00    6    2.5191e-02
   5.82239    -1.67982e+00    2.91145e-01    6    3.7414e-02
   8.03716     3.04365e-03    3.17783e+00    4    1.4959e-02

 Final statistics for this run:

 CVode real workspace length              =  136 
 CVode integer workspace length           =   72 
 Number of steps                          =  289 
 Number of f-s                            =  397 
 Number of setups                         =   47 
 Number of nonlinear iterations           =  394 
 Number of nonlinear convergence failures =    2 
 Number of error test failures            =   22 

 Linear solver real workspace length      =    6 
 Linear solver integer workspace length   =    3 
 Number of Jacobian evaluations           =   47 
 Number of f evals. in linear solver      =   47 

 Error overrun = 3043.652 


-------------------------------------------------------------

Linear Multistep Method : BDF
Iteration               : FIXEDPOINT

     t           x              xdot         qu     hu 
   1.39284     1.68010e+00   -2.91057e-01    4    9.4618e-02
   3.60761    -1.56085e-04   -3.16918e+00    4    9.4308e-03
   5.82239    -1.68009e+00    2.91064e-01    4    6.8421e-02
   8.03716     2.58257e-04    3.16949e+00    5    1.7894e-02

 Final statistics for this run:

 CVode real workspace length              =  122 
 CVode integer workspace length           =   65 
 Number of steps                          =  286 
 Number of f-s                            =  534 
 Number of setups                         =    0 
 Number of nonlinear iterations           =  531 
 Number of nonlinear convergence failures =    0 
 Number of error test failures            =   15 

 Error overrun = 258.257 


-------------------------------------------------------------

Linear Multistep Method : BDF
Iteration               : NEWTON
Linear Solver           : Dense, User-Supplied Jacobian

     t           x              xdot         qu     hu 
   1.39284     1.68010e+00   -2.91056e-01    5    5.2524e-02
   3.60761    -2.64577e-05   -3.16877e+00    5    1.4533e-02
   5.82239    -1.68010e+00    2.91062e-01    4    1.1403e-01
   8.03716     1.35292e-04    3.16911e+00    5    1.8072e-02

 Final statistics for this run:

 CVode real workspace length              =  122 
 CVode integer workspace length           =   65 
 Number of steps                          =  270 
 Number of f-s                            =  354 
 Number of setups                         =   38 
 Number of nonlinear iterations           =  351 
 Number of nonlinear convergence failures =    0 
 Number of error test failures            =   14 

 Linear solver real workspace length      =   10 
 Linear solver integer workspace length   =   41 
 Number of Jacobian evaluations           =    5 
 Number of f evals. in linear solver      =    0 

 Error overrun = 135.292 


-------------------------------------------------------------

Linear Multistep Method : BDF
Iteration               : NEWTON
Linear Solver           : Dense, Difference Quotient Jacobian

     t           x              xdot         qu     hu 
   1.39284     1.68010e+00   -2.91056e-01    5    5.2592e-02
   3.60761    -2.64462e-05   -3.16877e+00    5    1.9504e-02
   5.82239    -1.68010e+00    2.91062e-01    4    1.1615e-01
   8.03716     1.22616e-04    3.16906e+00    4    1.1323e-02

 Final statistics for this run:

 CVode real workspace length              =  122 
 CVode integer workspace length           =   65 
 Number of steps                          =  275 
 Number of f-s                            =  355 
 Number of setups                         =   37 
 Number of nonlinear iterations           =  352 
 Number of nonlinear convergence failures =    0 
 Number of error test failures            =   14 

 Linear solver real workspace length      =   10 
 Linear solver integer workspace length   =   41 
 Number of Jacobian evaluations           =    5 
 Number of f evals. in linear solver      =   10 

 Error overrun = 122.616 


-------------------------------------------------------------

Linear Multistep Method : BDF
Iteration               : NEWTON
Linear Solver           : Diagonal Jacobian

     t           x              xdot         qu     hu 
   1.39284     1.68010e+00   -2.91058e-01    4    7.8944e-02
   3.60761     1.37030e-04   -3.16829e+00    4    1.1195e-02
   5.82239    -1.68012e+00    2.91055e-01    5    8.4834e-02
   8.03716    -1.58690e-05    3.16857e+00    4    9.5442e-03

 Final statistics for this run:

 CVode real workspace length              =  122 
 CVode integer workspace length           =   65 
 Number of steps                          =  284 
 Number of f-s                            =  399 
 Number of setups                         =   50 
 Number of nonlinear iterations           =  396 
 Number of nonlinear convergence failures =    2 
 Number of error test failures            =   21 

 Linear solver real workspace length      =    6 
 Linear solver integer workspace length   =    3 
 Number of Jacobian evaluations           =   50 
 Number of f evals. in linear solver      =   50 

 Error overrun = 137.030 


-------------------------------------------------------------
-------------------------------------------------------------

Problem 2: ydot = A * y, where A is a banded lower
triangular matrix derived from 2-D advection PDE

 neq = 25, ml = 5, mu = 0
 itol = CV_SS, reltol = 0, abstol = 1e-06
      t        max.err      qu     hu 


-------------------------------------------------------------

Linear Multistep Method : ADAMS
Iteration               : FIXEDPOINT

      t        max.err      qu     hu 
     0.010    1.4897e-08    3     1.3520e-02
     0.100    6.4800e-07    4     3.1893e-02
     1.000    4.1770e-07    5     5.0982e-02
    10.000    9.5077e-07    4     1.1914e-01
   100.000    8.7622e-08    1     4.6494e-01

 Final statistics for this run:

 CVode real workspace length              =  596 
 CVode integer workspace length           =   72 
 Number of steps                          =  458 
 Number of f-s                            =  741 
 Number of setups                         =    0 
 Number of nonlinear iterations           =  738 
 Number of nonlinear convergence failures =   86 
 Number of error test failures            =    2 

 Error overrun = 0.951 


-------------------------------------------------------------

Linear Multistep Method : ADAMS
Iteration               : NEWTON
Linear Solver           : Diagonal Jacobian

      t        max.err      qu     hu 
     0.010    1.5167e-08    3     1.0958e-02
     0.100    1.0471e-06    3     2.1524e-02
     1.000    8.5249e-06    5     5.1363e-02
    10.000    2.3518e-07    4     2.7314e-01
   100.000    9.6500e-11    1     1.1497e+02

 Final statistics for this run:

 CVode real workspace length              =  596 
 CVode integer workspace length           =   72 
 Number of steps                          =  168 
 Number of f-s                            =  255 
 Number of setups                         =   47 
 Number of nonlinear iterations           =  252 
 Number of nonlinear convergence failures =    7 
 Number of error test failures            =   11 

 Linear solver real workspace length      =   75 
 Linear solver integer workspace length   =    3 
 Number of Jacobian evaluations           =   47 
 Number of f evals. in linear solver      =   47 

 Error overrun = 8.525 


-------------------------------------------------------------

Linear Multistep Method : ADAMS
Iteration               : NEWTON
Linear Solver           : Band, User-Supplied Jacobian

      t        max.err      qu     hu 
     0.010    1.4026e-08    3     1.2179e-02
     0.100    5.4067e-07    4     4.2225e-02
     1.000    2.3858e-07    6     1.0353e-01
    10.000    5.8879e-07    5     4.2348e-01
   100.000    1.4307e-12    1     4.1886e+02

 Final statistics for this run:

 CVode real workspace length              =  596 
 CVode integer workspace length           =   72 
 Number of steps                          =  120 
 Number of f-s                            =  146 
 Number of setups                         =   27 
 Number of nonlinear iterations           =  143 
 Number of nonlinear convergence failures =    0 
 Number of error test failures            =    4 

 Linear solver real workspace length      =  327 
 Linear solver integer workspace length   =   91 
 Number of Jacobian evaluations           =    3 
 Number of f evals. in linear solver      =    0 

 Error overrun = 0.589 


-------------------------------------------------------------

Linear Multistep Method : ADAMS
Iteration               : NEWTON
Linear Solver           : Band, Difference Quotient Jacobian

      t        max.err      qu     hu 
     0.010    1.3795e-08    3     1.2165e-02
     0.100    5.4133e-07    4     4.2049e-02
     1.000    2.1954e-07    6     1.0357e-01
    10.000    5.7267e-07    4     3.5675e-01
   100.000    1.8219e-07    2     2.2645e+01

 Final statistics for this run:

 CVode real workspace length              =  596 
 CVode integer workspace length           =   72 
 Number of steps                          =  129 
 Number of f-s                            =  161 
 Number of setups                         =   31 
 Number of nonlinear iterations           =  158 
 Number of nonlinear convergence failures =    0 
 Number of error test failures            =    5 

 Linear solver real workspace length      =  327 
 Linear solver integer workspace length   =   91 
 Number of Jacobian evaluations           =    3 
 Number of f evals. in linear solver      =   18 

 Error overrun = 0.573 


-------------------------------------------------------------

Linear Multistep Method : BDF
Iteration               : FIXEDPOINT

      t        max.err      qu     hu 
     0.010    7.4007e-07    2     7.9346e-03
     0.100    5.1775e-06    3     1.6947e-02
     1.000    2.8004e-06    5     7.5726e-02
    10.000    8.6133e-07    4     2.7038e-01
   100.000    1.0667e-07    1     5.2212e-01

 Final statistics for this run:

 CVode real workspace length              =  421 
 CVode integer workspace length           =   65 
 Number of steps                          =  354 
 Number of f-s                            =  610 
 Number of setups                         =    0 
 Number of nonlinear iterations           =  607 
 Number of nonlinear convergence failures =   73 
 Number of error test failures            =    1 

 Error overrun = 5.178 


-------------------------------------------------------------

Linear Multistep Method : BDF
Iteration               : NEWTON
Linear Solver           : Diagonal Jacobian

      t        max.err      qu     hu 
     0.010    7.4112e-07    2     7.9240e-03
     0.100    3.4515e-05    3     1.0546e-02
     1.000    8.8826e-06    5     5.1704e-02
    10.000    2.0918e-06    4     3.5011e-01
   100.000    8.4831e-09    2     2.3628e+01

 Final statistics for this run:

 CVode real workspace length              =  421 
 CVode integer workspace length           =   65 
 Number of steps                          =  238 
 Number of f-s                            =  357 
 Number of setups                         =   66 
 Number of nonlinear iterations           =  354 
 Number of nonlinear convergence failures =   13 
 Number of error test failures            =   13 

 Linear solver real workspace length      =   75 
 Linear solver integer workspace length   =    3 
 Number of Jacobian evaluations           =   66 
 Number of f evals. in linear solver      =   66 

 Error overrun = 34.515 


-------------------------------------------------------------

Linear Multistep Method : BDF
Iteration               : NEWTON
Linear Solver           : Band, User-Supplied Jacobian

      t        max.err      qu     hu 
     0.010    7.4115e-07    2     7.9241e-03
     0.100    5.1563e-06    3     1.6957e-02
     1.000    8.7957e-07    5     1.0387e-01
    10.000    7.6180e-07    5     4.0461e-01
   100.000    5.0640e-10    2     2.4925e+01

 Final statistics for this run:

 CVode real workspace length              =  421 
 CVode integer workspace length           =   65 
 Number of steps                          =  119 
 Number of f-s                            =  142 
 Number of setups                         =   25 
 Number of nonlinear iterations           =  139 
 Number of nonlinear convergence failures =    0 
 Number of error test failures            =    2 

 Linear solver real workspace length      =  327 
 Linear solver integer workspace length   =   91 
 Number of Jacobian evaluations           =    3 
 Number of f evals. in linear solver      =    0 

 Error overrun = 5.156 


-------------------------------------------------------------

Linear Multistep Method : BDF
Iteration               : NEWTON
Linear Solver           : Band, Difference Quotient Jacobian

      t        max.err      qu     hu 
     0.010    7.4080e-07    2     7.9220e-03
     0.100    5.0647e-06    3     1.7056e-02
     1.000    1.0469e-06    5     1.0621e-01
    10.000    6.3010e-07    5     4.1032e-01
   100.000    1.1624e-09    2     2.6945e+01

 Final statistics for this run:

 CVode real workspace length              =  421 
 CVode integer workspace length           =   65 
 Number of steps                          =  119 
 Number of f-s                            =  143 
 Number of setups                         =   25 
 Number of nonlinear iterations           =  140 
 Number of nonlinear convergence failures =    0 
 Number of error test failures            =    2 

 Linear solver real workspace length      =  327 
 Linear solver integer workspace length   =   91 
 Number of Jacobian evaluations           =    3 
 Number of f evals. in linear solver      =   18 

 Error overrun = 5.065 


-------------------------------------------------------------
-------------------------------------------------------------

 Number of errors encountered = 0 
