2-species diurnal advection-diffusion problem, 10 by 10 mesh
SPGMR solver; band preconditioner; mu = 2, ml = 2



Preconditioner type is:  jpre = SUN_PREC_LEFT

t = 7.20e+03   no. steps = 190   order = 5   stepsize = 1.61e+02
c1 (bot.left/middle/top rt.) =    1.047e+04     2.964e+04     1.119e+04
c2 (bot.left/middle/top rt.) =    2.527e+11     7.154e+11     2.700e+11

t = 1.44e+04   no. steps = 221   order = 5   stepsize = 3.83e+02
c1 (bot.left/middle/top rt.) =    6.659e+06     5.316e+06     7.301e+06
c2 (bot.left/middle/top rt.) =    2.582e+11     2.057e+11     2.833e+11

t = 2.16e+04   no. steps = 246   order = 5   stepsize = 2.78e+02
c1 (bot.left/middle/top rt.) =    2.665e+07     1.036e+07     2.931e+07
c2 (bot.left/middle/top rt.) =    2.993e+11     1.028e+11     3.313e+11

t = 2.88e+04   no. steps = 289   order = 3   stepsize = 8.53e+01
c1 (bot.left/middle/top rt.) =    8.702e+06     1.292e+07     9.650e+06
c2 (bot.left/middle/top rt.) =    3.380e+11     5.029e+11     3.751e+11

t = 3.60e+04   no. steps = 335   order = 4   stepsize = 8.78e+01
c1 (bot.left/middle/top rt.) =    1.404e+04     2.029e+04     1.561e+04
c2 (bot.left/middle/top rt.) =    3.387e+11     4.894e+11     3.765e+11

t = 4.32e+04   no. steps = 406   order = 4   stepsize = 4.34e+02
c1 (bot.left/middle/top rt.) =   -2.888e-09     9.055e-09    -9.201e-10
c2 (bot.left/middle/top rt.) =    3.382e+11     1.355e+11     3.804e+11

t = 5.04e+04   no. steps = 425   order = 4   stepsize = 2.61e+02
c1 (bot.left/middle/top rt.) =    1.064e-13    -1.073e-11    -2.030e-12
c2 (bot.left/middle/top rt.) =    3.358e+11     4.930e+11     3.864e+11

t = 5.76e+04   no. steps = 438   order = 5   stepsize = 3.27e+02
c1 (bot.left/middle/top rt.) =    8.074e-17    -8.532e-15    -1.575e-15
c2 (bot.left/middle/top rt.) =    3.320e+11     9.650e+11     3.909e+11

t = 6.48e+04   no. steps = 451   order = 5   stepsize = 6.12e+02
c1 (bot.left/middle/top rt.) =   -1.217e-15     9.464e-14     2.245e-14
c2 (bot.left/middle/top rt.) =    3.313e+11     8.922e+11     3.963e+11

t = 7.20e+04   no. steps = 463   order = 5   stepsize = 6.12e+02
c1 (bot.left/middle/top rt.) =    5.529e-21     1.713e-17    -8.984e-20
c2 (bot.left/middle/top rt.) =    3.330e+11     6.186e+11     4.039e+11

t = 7.92e+04   no. steps = 475   order = 5   stepsize = 6.12e+02
c1 (bot.left/middle/top rt.) =   -1.038e-22     3.558e-17     2.403e-21
c2 (bot.left/middle/top rt.) =    3.334e+11     6.669e+11     4.120e+11

t = 8.64e+04   no. steps = 486   order = 5   stepsize = 6.12e+02
c1 (bot.left/middle/top rt.) =   -8.241e-23    -4.648e-20     1.983e-18
c2 (bot.left/middle/top rt.) =    3.352e+11     9.106e+11     4.163e+11


Final Statistics.. 

lenrw   =  2696     leniw   =    65
lenrwls =  2454     leniwls =    42
lenrwbp =  2800     leniwbp =   622
nst     =   486
nfe     =   614     nfetot  =  1262
nfeLS   =   603     nfeBP   =    45
nni     =   611     nli     =   603
nsetups =    79     netf    =    26
npe     =     9     nps     =  1138
ncfn    =     0     ncfl    =     0



-------------------------------------------------------------------


Preconditioner type is:  jpre = SUN_PREC_RIGHT

t = 7.20e+03   no. steps = 219   order = 5   stepsize = 1.55e+02
c1 (bot.left/middle/top rt.) =    1.047e+04     2.964e+04     1.119e+04
c2 (bot.left/middle/top rt.) =    2.527e+11     7.154e+11     2.700e+11

t = 1.44e+04   no. steps = 251   order = 5   stepsize = 3.59e+02
c1 (bot.left/middle/top rt.) =    6.659e+06     5.316e+06     7.301e+06
c2 (bot.left/middle/top rt.) =    2.582e+11     2.057e+11     2.833e+11

t = 2.16e+04   no. steps = 279   order = 5   stepsize = 3.58e+02
c1 (bot.left/middle/top rt.) =    2.665e+07     1.036e+07     2.931e+07
c2 (bot.left/middle/top rt.) =    2.993e+11     1.028e+11     3.313e+11

t = 2.88e+04   no. steps = 301   order = 5   stepsize = 2.33e+02
c1 (bot.left/middle/top rt.) =    8.702e+06     1.292e+07     9.650e+06
c2 (bot.left/middle/top rt.) =    3.380e+11     5.029e+11     3.751e+11

t = 3.60e+04   no. steps = 330   order = 5   stepsize = 9.94e+01
c1 (bot.left/middle/top rt.) =    1.404e+04     2.029e+04     1.561e+04
c2 (bot.left/middle/top rt.) =    3.387e+11     4.894e+11     3.765e+11

t = 4.32e+04   no. steps = 382   order = 4   stepsize = 4.44e+02
c1 (bot.left/middle/top rt.) =   -2.296e-10    -3.671e-09    -2.083e-10
c2 (bot.left/middle/top rt.) =    3.382e+11     1.355e+11     3.804e+11

t = 5.04e+04   no. steps = 401   order = 4   stepsize = 2.90e+02
c1 (bot.left/middle/top rt.) =    7.783e-13     7.143e-10    -5.001e-13
c2 (bot.left/middle/top rt.) =    3.358e+11     4.930e+11     3.864e+11

t = 5.76e+04   no. steps = 414   order = 5   stepsize = 5.68e+02
c1 (bot.left/middle/top rt.) =    6.190e-13    -1.159e-09     1.486e-11
c2 (bot.left/middle/top rt.) =    3.320e+11     9.650e+11     3.909e+11

t = 6.48e+04   no. steps = 427   order = 5   stepsize = 5.68e+02
c1 (bot.left/middle/top rt.) =   -3.369e-16    -1.054e-15    -1.374e-16
c2 (bot.left/middle/top rt.) =    3.313e+11     8.922e+11     3.963e+11

t = 7.20e+04   no. steps = 439   order = 5   stepsize = 5.68e+02
c1 (bot.left/middle/top rt.) =    3.449e-19     8.471e-21    -5.771e-20
c2 (bot.left/middle/top rt.) =    3.330e+11     6.186e+11     4.039e+11

t = 7.92e+04   no. steps = 452   order = 5   stepsize = 5.68e+02
c1 (bot.left/middle/top rt.) =   -6.666e-20    -2.603e-20     5.807e-20
c2 (bot.left/middle/top rt.) =    3.334e+11     6.669e+11     4.120e+11

t = 8.64e+04   no. steps = 465   order = 5   stepsize = 5.68e+02
c1 (bot.left/middle/top rt.) =    4.505e-20     6.369e-21    -2.418e-19
c2 (bot.left/middle/top rt.) =    3.352e+11     9.106e+11     4.163e+11


Final Statistics.. 

lenrw   =  2696     leniw   =    65
lenrwls =  2454     leniwls =    42
lenrwbp =  2800     leniwbp =   622
nst     =   465
nfe     =   571     nfetot  =  1265
nfeLS   =   654     nfeBP   =    40
nni     =   568     nli     =   654
nsetups =    71     netf    =    20
npe     =     8     nps     =  1138
ncfn    =     0     ncfl    =     0

