
2-species diurnal advection-diffusion problem
  10 by 10 mesh on 4 processors
  Using CVBBDPRE preconditioner module
    Difference-quotient half-bandwidths are mudq = 10,  mldq = 10
    Retained band block half-bandwidths are mukeep = 2,  mlkeep = 2

Preconditioner type is:  jpre = SUN_PREC_LEFT

t = 7.20e+03   no. steps = 190   order = 5   stepsize = 1.61e+02
At bottom left:  c1, c2 =    1.047e+04    2.527e+11 
At top right:    c1, c2 =    1.119e+04    2.700e+11 

t = 1.44e+04   no. steps = 221   order = 5   stepsize = 3.85e+02
At bottom left:  c1, c2 =    6.659e+06    2.582e+11 
At top right:    c1, c2 =    7.301e+06    2.833e+11 

t = 2.16e+04   no. steps = 247   order = 5   stepsize = 3.00e+02
At bottom left:  c1, c2 =    2.665e+07    2.993e+11 
At top right:    c1, c2 =    2.931e+07    3.313e+11 

t = 2.88e+04   no. steps = 267   order = 5   stepsize = 1.48e+02
At bottom left:  c1, c2 =    8.702e+06    3.380e+11 
At top right:    c1, c2 =    9.650e+06    3.751e+11 

t = 3.60e+04   no. steps = 324   order = 4   stepsize = 6.59e+01
At bottom left:  c1, c2 =    1.404e+04    3.387e+11 
At top right:    c1, c2 =    1.561e+04    3.765e+11 

t = 4.32e+04   no. steps = 398   order = 4   stepsize = 4.50e+02
At bottom left:  c1, c2 =    2.340e-07    3.382e+11 
At top right:    c1, c2 =    2.980e-07    3.804e+11 

t = 5.04e+04   no. steps = 415   order = 5   stepsize = 4.72e+02
At bottom left:  c1, c2 =   -5.634e-13    3.358e+11 
At top right:    c1, c2 =   -3.722e-13    3.864e+11 

t = 5.76e+04   no. steps = 427   order = 5   stepsize = 4.95e+02
At bottom left:  c1, c2 =    8.209e-14    3.320e+11 
At top right:    c1, c2 =    5.442e-14    3.909e+11 

t = 6.48e+04   no. steps = 437   order = 5   stepsize = 7.56e+02
At bottom left:  c1, c2 =   -9.387e-15    3.313e+11 
At top right:    c1, c2 =   -6.213e-15    3.963e+11 

t = 7.20e+04   no. steps = 447   order = 5   stepsize = 7.56e+02
At bottom left:  c1, c2 =   -2.852e-16    3.330e+11 
At top right:    c1, c2 =   -1.601e-16    4.039e+11 

t = 7.92e+04   no. steps = 456   order = 5   stepsize = 7.56e+02
At bottom left:  c1, c2 =    6.614e-17    3.334e+11 
At top right:    c1, c2 =    3.759e-17    4.120e+11 

t = 8.64e+04   no. steps = 466   order = 5   stepsize = 7.56e+02
At bottom left:  c1, c2 =    8.321e-18    3.352e+11 
At top right:    c1, c2 =    3.108e-18    4.163e+11 


Final Statistics: 

lenrw   =  2696     leniw   =   156
lenrwls =  2454     leniwls =   126
nst     =   466
nfe     =   629     nfels   =   551
nni     =   626     nli     =   551
nsetups =    88     netf    =    36
npe     =     9     nps     =  1114
ncfn    =     0     ncfl    =     0

In CVBBDPRE: real/integer local work space sizes = 1300, 192
             no. flocal evals. = 198


-------------------------------------------------------------------


Preconditioner type is:  jpre = SUN_PREC_RIGHT

t = 7.20e+03   no. steps = 191   order = 5   stepsize = 1.22e+02
At bottom left:  c1, c2 =    1.047e+04    2.527e+11 
At top right:    c1, c2 =    1.119e+04    2.700e+11 

t = 1.44e+04   no. steps = 223   order = 5   stepsize = 2.79e+02
At bottom left:  c1, c2 =    6.659e+06    2.582e+11 
At top right:    c1, c2 =    7.301e+06    2.833e+11 

t = 2.16e+04   no. steps = 249   order = 5   stepsize = 4.31e+02
At bottom left:  c1, c2 =    2.665e+07    2.993e+11 
At top right:    c1, c2 =    2.931e+07    3.313e+11 

t = 2.88e+04   no. steps = 314   order = 4   stepsize = 1.89e+02
At bottom left:  c1, c2 =    8.702e+06    3.380e+11 
At top right:    c1, c2 =    9.650e+06    3.751e+11 

t = 3.60e+04   no. steps = 347   order = 5   stepsize = 1.11e+02
At bottom left:  c1, c2 =    1.404e+04    3.387e+11 
At top right:    c1, c2 =    1.561e+04    3.765e+11 

t = 4.32e+04   no. steps = 400   order = 4   stepsize = 4.35e+02
At bottom left:  c1, c2 =   -3.543e-09    3.382e+11 
At top right:    c1, c2 =   -5.884e-09    3.804e+11 

t = 5.04e+04   no. steps = 420   order = 5   stepsize = 2.99e+02
At bottom left:  c1, c2 =    1.620e-12    3.358e+11 
At top right:    c1, c2 =    5.927e-13    3.864e+11 

t = 5.76e+04   no. steps = 433   order = 5   stepsize = 3.85e+02
At bottom left:  c1, c2 =   -7.124e-12    3.320e+11 
At top right:    c1, c2 =   -6.197e-12    3.909e+11 

t = 6.48e+04   no. steps = 446   order = 5   stepsize = 6.27e+02
At bottom left:  c1, c2 =    3.061e-11    3.313e+11 
At top right:    c1, c2 =   -5.768e-12    3.963e+11 

t = 7.20e+04   no. steps = 457   order = 5   stepsize = 6.27e+02
At bottom left:  c1, c2 =   -1.527e-11    3.330e+11 
At top right:    c1, c2 =    9.733e-13    4.039e+11 

t = 7.92e+04   no. steps = 469   order = 5   stepsize = 6.27e+02
At bottom left:  c1, c2 =   -5.506e-13    3.334e+11 
At top right:    c1, c2 =    3.197e-14    4.120e+11 

t = 8.64e+04   no. steps = 480   order = 5   stepsize = 6.27e+02
At bottom left:  c1, c2 =    4.075e-14    3.352e+11 
At top right:    c1, c2 =   -2.344e-15    4.163e+11 


Final Statistics: 

lenrw   =  2696     leniw   =   156
lenrwls =  2454     leniwls =   126
nst     =   480
nfe     =   628     nfels   =   751
nni     =   625     nli     =   751
nsetups =    98     netf    =    34
npe     =     9     nps     =  1263
ncfn    =     0     ncfl    =     0

In CVBBDPRE: real/integer local work space sizes = 1300, 192
             no. flocal evals. = 198
