
2-species diurnal advection-diffusion problem
Sensitivity: YES ( STAGGERED + FULL ERROR CONTROL )

========================================================================
     T     Q       H      NST                    Bottom left  Top right 
========================================================================
7.200e+03  5  9.645e+01   220
                                Solution         1.0468e+04   1.1185e+04 
                                                 2.5267e+11   2.6998e+11 
                                ----------------------------------------
                                Sensitivity 1   -6.4201e+19  -6.8598e+19 
                                                 7.1178e+19   7.6556e+19 
                                ----------------------------------------
                                Sensitivity 2   -4.3853e+14  -5.0065e+14 
                                                -2.4407e+18  -2.7842e+18 
------------------------------------------------------------------------
1.440e+04  5  2.444e+02   262
                                Solution         6.6590e+06   7.3008e+06 
                                                 2.5819e+11   2.8329e+11 
                                ----------------------------------------
                                Sensitivity 1   -4.0848e+22  -4.4785e+22 
                                                 5.9549e+22   6.7173e+22 
                                ----------------------------------------
                                Sensitivity 2   -4.5235e+17  -5.4317e+17 
                                                -6.5418e+21  -7.8315e+21 
------------------------------------------------------------------------
2.160e+04  4  1.006e+02   312
                                Solution         2.6650e+07   2.9308e+07 
                                                 2.9928e+11   3.3134e+11 
                                ----------------------------------------
                                Sensitivity 1   -1.6346e+23  -1.7976e+23 
                                                 3.8203e+23   4.4991e+23 
                                ----------------------------------------
                                Sensitivity 2   -7.6601e+18  -9.4433e+18 
                                                -7.6459e+22  -9.4502e+22 
------------------------------------------------------------------------
2.880e+04  5  2.799e+02   350
                                Solution         8.7021e+06   9.6501e+06 
                                                 3.3804e+11   3.7510e+11 
                                ----------------------------------------
                                Sensitivity 1   -5.3375e+22  -5.9187e+22 
                                                 5.4487e+23   6.7430e+23 
                                ----------------------------------------
                                Sensitivity 2   -4.8855e+18  -6.1040e+18 
                                                -1.7194e+23  -2.1518e+23 
------------------------------------------------------------------------
3.600e+04  5  8.294e+01   382
                                Solution         1.4040e+04   1.5609e+04 
                                                 3.3868e+11   3.7652e+11 
                                ----------------------------------------
                                Sensitivity 1   -8.6141e+19  -9.5761e+19 
                                                 5.2718e+23   6.6030e+23 
                                ----------------------------------------
                                Sensitivity 2   -8.4328e+15  -1.0549e+16 
                                                -1.8439e+23  -2.3096e+23 
------------------------------------------------------------------------
4.320e+04  5  3.727e+01   439
                                Solution        -7.6355e-07  -8.4177e-07 
                                                 3.3823e+11   3.8035e+11 
                                ----------------------------------------
                                Sensitivity 1    4.5350e+09   5.0010e+09 
                                                 5.2753e+23   6.7448e+23 
                                ----------------------------------------
                                Sensitivity 2   -3.5141e+06  -6.8928e+06 
                                                -1.8455e+23  -2.3595e+23 
------------------------------------------------------------------------
5.040e+04  4  2.501e+02   476
                                Solution        -1.8736e-06  -2.0134e-06 
                                                 3.3582e+11   3.8645e+11 
                                ----------------------------------------
                                Sensitivity 1    5.2249e+08   5.5618e+08 
                                                 5.2067e+23   6.9664e+23 
                                ----------------------------------------
                                Sensitivity 2    3.3156e+03   5.7346e+03 
                                                -1.8214e+23  -2.4371e+23 
------------------------------------------------------------------------
5.760e+04  5  2.985e+02   491
                                Solution         2.8960e-07   3.1056e-07 
                                                 3.3203e+11   3.9090e+11 
                                ----------------------------------------
                                Sensitivity 1   -4.0890e+09  -4.3783e+09 
                                                 5.0825e+23   7.1205e+23 
                                ----------------------------------------
                                Sensitivity 2   -3.4529e+04  -4.3903e+04 
                                                -1.7780e+23  -2.4910e+23 
------------------------------------------------------------------------
6.480e+04  5  2.985e+02   515
                                Solution         1.3369e-06   1.3532e-06 
                                                 3.3130e+11   3.9634e+11 
                                ----------------------------------------
                                Sensitivity 1   -8.0640e+09  -7.1995e+09 
                                                 5.0442e+23   7.3274e+23 
                                ----------------------------------------
                                Sensitivity 2   -2.3195e+09  -2.9173e+09 
                                                -1.7646e+23  -2.5633e+23 
------------------------------------------------------------------------
7.200e+04  5  3.325e+02   534
                                Solution         5.5605e-06   5.6179e-06 
                                                 3.3297e+11   4.0389e+11 
                                ----------------------------------------
                                Sensitivity 1   -3.4893e+10  -3.5167e+10 
                                                 5.0784e+23   7.6382e+23 
                                ----------------------------------------
                                Sensitivity 2    7.3679e+08   9.2461e+08 
                                                -1.7765e+23  -2.6721e+23 
------------------------------------------------------------------------
7.920e+04  5  5.607e+02   548
                                Solution        -5.5537e-09  -5.5516e-09 
                                                 3.3344e+11   4.1203e+11 
                                ----------------------------------------
                                Sensitivity 1    5.9565e+09   5.9508e+09 
                                                 5.0731e+23   7.9960e+23 
                                ----------------------------------------
                                Sensitivity 2    2.8088e+07   3.5107e+07 
                                                -1.7747e+23  -2.7972e+23 
------------------------------------------------------------------------
8.640e+04  5  5.607e+02   561
                                Solution        -3.0958e-11  -3.1478e-11 
                                                 3.3518e+11   4.1625e+11 
                                ----------------------------------------
                                Sensitivity 1   -8.1024e+08  -8.0893e+08 
                                                 5.1171e+23   8.2142e+23 
                                ----------------------------------------
                                Sensitivity 2   -3.1588e+06  -3.9400e+06 
                                                -1.7901e+23  -2.8736e+23 
------------------------------------------------------------------------

Final Statistics

nst     =   561

nfe     =  1226
netf    =    12    nsetups  =    97
nni     =   646    ncfn     =     0

nfSe    =  1356    nfeS     =  2712
netfs   =    16    nsetupsS =     0
nniS    =   675    ncfnS    =     0
