
2-species diurnal advection-diffusion problem
Sensitivity: YES ( SIMULTANEOUS + FULL ERROR CONTROL )

========================================================================
     T     Q       H      NST                    Bottom left  Top right 
========================================================================
7.200e+03  4  2.757e+01   856
                                Solution         1.0468e+04   1.1185e+04 
                                                 2.5267e+11   2.6998e+11 
                                ----------------------------------------
                                Sensitivity 1   -6.4201e+19  -6.8598e+19 
                                                 7.1177e+19   7.6556e+19 
                                ----------------------------------------
                                Sensitivity 2   -4.3854e+14  -5.0066e+14 
                                                -2.4406e+18  -2.7842e+18 
------------------------------------------------------------------------
1.440e+04  3  4.130e+01  1115
                                Solution         6.6590e+06   7.3008e+06 
                                                 2.5819e+11   2.8329e+11 
                                ----------------------------------------
                                Sensitivity 1   -4.0848e+22  -4.4785e+22 
                                                 5.9550e+22   6.7173e+22 
                                ----------------------------------------
                                Sensitivity 2   -4.5235e+17  -5.4318e+17 
                                                -6.5419e+21  -7.8315e+21 
------------------------------------------------------------------------
2.160e+04  3  7.442e+01  1353
                                Solution         2.6650e+07   2.9308e+07 
                                                 2.9928e+11   3.3134e+11 
                                ----------------------------------------
                                Sensitivity 1   -1.6346e+23  -1.7976e+23 
                                                 3.8203e+23   4.4991e+23 
                                ----------------------------------------
                                Sensitivity 2   -7.6601e+18  -9.4433e+18 
                                                -7.6459e+22  -9.4502e+22 
------------------------------------------------------------------------
2.880e+04  2  3.575e+01  1511
                                Solution         8.7021e+06   9.6501e+06 
                                                 3.3804e+11   3.7510e+11 
                                ----------------------------------------
                                Sensitivity 1   -5.3375e+22  -5.9187e+22 
                                                 5.4487e+23   6.7430e+23 
                                ----------------------------------------
                                Sensitivity 2   -4.8855e+18  -6.1040e+18 
                                                -1.7194e+23  -2.1518e+23 
------------------------------------------------------------------------
3.600e+04  4  4.174e+01  1649
                                Solution         1.4040e+04   1.5609e+04 
                                                 3.3868e+11   3.7652e+11 
                                ----------------------------------------
                                Sensitivity 1   -8.6141e+19  -9.5761e+19 
                                                 5.2719e+23   6.6030e+23 
                                ----------------------------------------
                                Sensitivity 2   -8.4328e+15  -1.0549e+16 
                                                -1.8439e+23  -2.3096e+23 
------------------------------------------------------------------------
4.320e+04  4  2.882e+01  2163
                                Solution        -4.1723e-07  -4.9662e-07 
                                                 3.3823e+11   3.8035e+11 
                                ----------------------------------------
                                Sensitivity 1    7.7847e+08   8.6470e+08 
                                                 5.2753e+23   6.7448e+23 
                                ----------------------------------------
                                Sensitivity 2    6.2259e+05   9.0426e+05 
                                                -1.8455e+23  -2.3595e+23 
------------------------------------------------------------------------
5.040e+04  4  1.520e+02  2217
                                Solution         6.8050e-09   7.6649e-09 
                                                 3.3582e+11   3.8645e+11 
                                ----------------------------------------
                                Sensitivity 1    6.7766e+09   7.6310e+09 
                                                 5.2067e+23   6.9665e+23 
                                ----------------------------------------
                                Sensitivity 2    3.8577e+08   5.0224e+08 
                                                -1.8214e+23  -2.4371e+23 
------------------------------------------------------------------------
5.760e+04  4  1.520e+02  2265
                                Solution        -2.9295e-07  -3.3246e-07 
                                                 3.3203e+11   3.9090e+11 
                                ----------------------------------------
                                Sensitivity 1    1.0569e+09   1.1928e+09 
                                                 5.0825e+23   7.1205e+23 
                                ----------------------------------------
                                Sensitivity 2    6.8140e+07   9.2598e+07 
                                                -1.7780e+23  -2.4910e+23 
------------------------------------------------------------------------
6.480e+04  3  2.456e+02  2314
                                Solution        -3.2399e-10  -3.7014e-10 
                                                 3.3130e+11   3.9634e+11 
                                ----------------------------------------
                                Sensitivity 1   -6.7381e+07  -7.6970e+07 
                                                 5.0442e+23   7.3274e+23 
                                ----------------------------------------
                                Sensitivity 2   -6.0315e+02  -8.2410e+02 
                                                -1.7646e+23  -2.5633e+23 
------------------------------------------------------------------------
7.200e+04  4  4.187e+02  2334
                                Solution        -1.0257e-07  -1.1723e-07 
                                                 3.3297e+11   4.0389e+11 
                                ----------------------------------------
                                Sensitivity 1    1.9217e+10   2.1965e+10 
                                                 5.0784e+23   7.6382e+23 
                                ----------------------------------------
                                Sensitivity 2    3.6487e+04   5.0877e+04 
                                                -1.7766e+23  -2.6721e+23 
------------------------------------------------------------------------
7.920e+04  5  6.294e+02  2352
                                Solution        -2.3809e-14  -2.7253e-14 
                                                 3.3344e+11   4.1203e+11 
                                ----------------------------------------
                                Sensitivity 1   -1.8201e+05  -2.0811e+05 
                                                 5.0731e+23   7.9960e+23 
                                ----------------------------------------
                                Sensitivity 2   -1.3134e+00  -1.8688e+00 
                                                -1.7747e+23  -2.7972e+23 
------------------------------------------------------------------------
8.640e+04  5  6.294e+02  2363
                                Solution        -5.8016e-15  -6.6310e-15 
                                                 3.3518e+11   4.1625e+11 
                                ----------------------------------------
                                Sensitivity 1    3.3822e+03   3.9353e+03 
                                                 5.1171e+23   8.2142e+23 
                                ----------------------------------------
                                Sensitivity 2    5.8393e-02   8.4858e-02 
                                                -1.7901e+23  -2.8736e+23 
------------------------------------------------------------------------

Final Statistics

nst     =  2363

nfe     =  3070
netf    =   100    nsetups  =   325
nni     =  3067    ncfn     =     4

nfSe    =  6140    nfeS     = 12280
netfs   =     0    nsetupsS =     0
nniS    =     0    ncfnS    =     0
