
2-species diurnal advection-diffusion problem
Sensitivity: YES ( SIMULTANEOUS + FULL ERROR CONTROL )

========================================================================
     T     Q       H      NST                    Bottom left  Top right 
========================================================================
7.200e+03  2  9.098e+00   396
                                Solution         1.0593e+04   1.1152e+04 
                                                 2.5567e+11   2.6917e+11 
                                ----------------------------------------
                                Sensitivity 1   -6.4963e+19  -6.8394e+19 
                                                 7.2120e+19   7.6303e+19 
                                ----------------------------------------
                                Sensitivity 2   -4.4900e+14  -4.9768e+14 
                                                -2.5039e+18  -2.7671e+18 
------------------------------------------------------------------------
1.440e+04  3  4.151e+01  1304
                                Solution         6.9172e+06   7.2517e+06 
                                                 2.6829e+11   2.8137e+11 
                                ----------------------------------------
                                Sensitivity 1   -4.2432e+22  -4.4483e+22 
                                                 6.2762e+22   6.6563e+22 
                                ----------------------------------------
                                Sensitivity 2   -4.8955e+17  -5.3580e+17 
                                                -7.1116e+21  -7.7236e+21 
------------------------------------------------------------------------
2.160e+04  2  2.191e+01  1630
                                Solution         2.7558e+07   2.9196e+07 
                                                 3.1024e+11   3.3000e+11 
                                ----------------------------------------
                                Sensitivity 1   -1.6903e+23  -1.7907e+23 
                                                 4.0588e+23   4.4683e+23 
                                ----------------------------------------
                                Sensitivity 2   -8.2851e+18  -9.3610e+18 
                                                -8.2851e+22  -9.3662e+22 
------------------------------------------------------------------------
2.880e+04  3  7.387e+01  2093
                                Solution         8.9631e+06   9.8602e+06 
                                                 3.4824e+11   3.8331e+11 
                                ----------------------------------------
                                Sensitivity 1   -5.4975e+22  -6.0476e+22 
                                                 5.8239e+23   7.0578e+23 
                                ----------------------------------------
                                Sensitivity 2   -5.2367e+18  -6.4007e+18 
                                                -1.8450e+23  -2.2574e+23 
------------------------------------------------------------------------
3.600e+04  4  1.711e+01  2207
                                Solution         1.4433e+04   1.6660e+04 
                                                 3.4814e+11   4.0186e+11 
                                ----------------------------------------
                                Sensitivity 1   -8.8547e+19  -1.0220e+20 
                                                 5.6473e+23   7.6273e+23 
                                ----------------------------------------
                                Sensitivity 2   -9.0220e+15  -1.2170e+16 
                                                -1.9753e+23  -2.6679e+23 
------------------------------------------------------------------------
4.320e+04  4  3.970e+02  2453
                                Solution        -5.0150e-09  -1.5302e-09 
                                                 3.4900e+11   4.0867e+11 
                                ----------------------------------------
                                Sensitivity 1    1.3542e+08   1.4160e+08 
                                                 5.7083e+23   7.9553e+23 
                                ----------------------------------------
                                Sensitivity 2    4.3227e+03   6.0623e+03 
                                                -1.9969e+23  -2.7830e+23 
------------------------------------------------------------------------
5.040e+04  4  3.970e+02  2471
                                Solution         1.1058e-09   1.2305e-09 
                                                 3.5570e+11   4.1225e+11 
                                ----------------------------------------
                                Sensitivity 1   -6.7158e+06  -7.6169e+06 
                                                 5.9553e+23   8.1822e+23 
                                ----------------------------------------
                                Sensitivity 2   -1.5606e+03  -1.9041e+03 
                                                -2.0833e+23  -2.8624e+23 
------------------------------------------------------------------------
5.760e+04  3  5.636e+01  2530
                                Solution        -2.3556e-08  -6.3522e-08 
                                                 3.6425e+11   4.1628e+11 
                                ----------------------------------------
                                Sensitivity 1   -1.2567e+08  -3.3670e+08 
                                                 6.2592e+23   8.4334e+23 
                                ----------------------------------------
                                Sensitivity 2   -3.3339e+03  -1.0199e+04 
                                                -2.1896e+23  -2.9502e+23 
------------------------------------------------------------------------
6.480e+04  4  1.701e+02  2583
                                Solution        -4.3795e-08  -1.1914e-07 
                                                 3.6334e+11   4.2182e+11 
                                ----------------------------------------
                                Sensitivity 1    3.3780e+09   9.1745e+09 
                                                 6.2460e+23   8.7310e+23 
                                ----------------------------------------
                                Sensitivity 2    1.4791e+04   4.6683e+04 
                                                -2.1850e+23  -3.0543e+23 
------------------------------------------------------------------------
7.200e+04  4  1.701e+02  2626
                                Solution         2.7490e-10   8.3044e-10 
                                                 3.6192e+11   4.3354e+11 
                                ----------------------------------------
                                Sensitivity 1    2.8430e+09   8.1232e+09 
                                                 6.2310e+23   9.2797e+23 
                                ----------------------------------------
                                Sensitivity 2   -1.7329e+08  -6.4791e+08 
                                                -2.1798e+23  -3.2463e+23 
------------------------------------------------------------------------
7.920e+04  3  2.722e+02  2657
                                Solution        -5.9269e-17  -1.7617e-16 
                                                 3.6148e+11   4.4474e+11 
                                ----------------------------------------
                                Sensitivity 1    3.4564e+02   1.0248e+03 
                                                 6.2481e+23   9.8067e+23 
                                ----------------------------------------
                                Sensitivity 2   -6.5299e-02  -2.3540e-01 
                                                -2.1858e+23  -3.4307e+23 
------------------------------------------------------------------------
8.640e+04  4  4.089e+02  2677
                                Solution        -5.0574e-23  -1.5057e-22 
                                                 3.6318e+11   4.4524e+11 
                                ----------------------------------------
                                Sensitivity 1    2.9504e-04   8.7473e-04 
                                                 6.3248e+23   9.8819e+23 
                                ----------------------------------------
                                Sensitivity 2   -2.5962e-08  -9.3731e-08 
                                                -2.2126e+23  -3.4570e+23 
------------------------------------------------------------------------

Final Statistics

nst     =  2677

nfe     =  3697
netf    =   173    nsetups  =   455
nni     =  3694    ncfn     =     2

nfSe    =  7394    nfeS     = 14788
netfs   =     0    nsetupsS =     0
nniS    =     0    ncfnS    =     0

nli     =  8153    ncfl     =     0
npe     =    50    nps      = 17339
