
2-species diurnal advection-diffusion problem
Sensitivity: YES ( STAGGERED + FULL ERROR CONTROL )

========================================================================
     T     Q       H      NST                    Bottom left  Top right 
========================================================================
7.200e+03  5  1.191e+02   228
                                Solution         1.0593e+04   1.1152e+04 
                                                 2.5567e+11   2.6917e+11 
                                ----------------------------------------
                                Sensitivity 1   -6.4963e+19  -6.8394e+19 
                                                 7.2120e+19   7.6303e+19 
                                ----------------------------------------
                                Sensitivity 2   -4.4900e+14  -4.9768e+14 
                                                -2.5038e+18  -2.7671e+18 
------------------------------------------------------------------------
1.440e+04  5  1.325e+02   272
                                Solution         6.9172e+06   7.2517e+06 
                                                 2.6829e+11   2.8137e+11 
                                ----------------------------------------
                                Sensitivity 1   -4.2432e+22  -4.4483e+22 
                                                 6.2762e+22   6.6563e+22 
                                ----------------------------------------
                                Sensitivity 2   -4.8955e+17  -5.3580e+17 
                                                -7.1115e+21  -7.7235e+21 
------------------------------------------------------------------------
2.160e+04  2  2.102e+01   410
                                Solution         2.7558e+07   2.9196e+07 
                                                 3.1024e+11   3.3000e+11 
                                ----------------------------------------
                                Sensitivity 1   -1.6903e+23  -1.7907e+23 
                                                 4.0588e+23   4.4683e+23 
                                ----------------------------------------
                                Sensitivity 2   -8.2851e+18  -9.3610e+18 
                                                -8.2851e+22  -9.3661e+22 
------------------------------------------------------------------------
2.880e+04  4  1.832e+02   474
                                Solution         8.9631e+06   9.8602e+06 
                                                 3.4824e+11   3.8331e+11 
                                ----------------------------------------
                                Sensitivity 1   -5.4975e+22  -6.0476e+22 
                                                 5.8239e+23   7.0578e+23 
                                ----------------------------------------
                                Sensitivity 2   -5.2367e+18  -6.4007e+18 
                                                -1.8450e+23  -2.2574e+23 
------------------------------------------------------------------------
3.600e+04  4  1.220e+02   514
                                Solution         1.4433e+04   1.6660e+04 
                                                 3.4814e+11   4.0186e+11 
                                ----------------------------------------
                                Sensitivity 1   -8.8547e+19  -1.0220e+20 
                                                 5.6473e+23   7.6273e+23 
                                ----------------------------------------
                                Sensitivity 2   -9.0220e+15  -1.2170e+16 
                                                -1.9753e+23  -2.6679e+23 
------------------------------------------------------------------------
4.320e+04  4  4.195e+02   584
                                Solution        -6.1913e-07  -5.3675e-07 
                                                 3.4900e+11   4.0867e+11 
                                ----------------------------------------
                                Sensitivity 1    7.1936e+09   7.2413e+09 
                                                 5.7082e+23   7.9553e+23 
                                ----------------------------------------
                                Sensitivity 2    2.3146e+05   1.6238e+05 
                                                -1.9969e+23  -2.7830e+23 
------------------------------------------------------------------------
5.040e+04  4  4.195e+02   602
                                Solution         9.6269e-10   1.1056e-09 
                                                 3.5570e+11   4.1225e+11 
                                ----------------------------------------
                                Sensitivity 1   -1.1158e+07  -1.2775e+07 
                                                 5.9553e+23   8.1823e+23 
                                ----------------------------------------
                                Sensitivity 2   -1.2847e+03  -1.5638e+03 
                                                -2.0833e+23  -2.8624e+23 
------------------------------------------------------------------------
5.760e+04  4  1.216e+02   627
                                Solution        -6.2572e-09  -6.9052e-09 
                                                 3.6425e+11   4.1628e+11 
                                ----------------------------------------
                                Sensitivity 1    5.1441e+06   1.8233e+06 
                                                 6.2592e+23   8.4334e+23 
                                ----------------------------------------
                                Sensitivity 2    5.2156e+02   6.1932e+02 
                                                -2.1896e+23  -2.9502e+23 
------------------------------------------------------------------------
6.480e+04  4  2.218e+02   673
                                Solution        -1.5140e-09  -1.1517e-09 
                                                 3.6334e+11   4.2182e+11 
                                ----------------------------------------
                                Sensitivity 1   -3.8079e+07  -3.5912e+07 
                                                 6.2460e+23   8.7310e+23 
                                ----------------------------------------
                                Sensitivity 2   -3.0106e+06  -4.0294e+06 
                                                -2.1850e+23  -3.0543e+23 
------------------------------------------------------------------------
7.200e+04  5  4.979e+02   699
                                Solution        -7.5296e-11  -5.6221e-11 
                                                 3.6192e+11   4.3354e+11 
                                ----------------------------------------
                                Sensitivity 1   -1.2695e+07  -1.0521e+07 
                                                 6.2310e+23   9.2797e+23 
                                ----------------------------------------
                                Sensitivity 2   -1.9595e+04  -2.6042e+04 
                                                -2.1798e+23  -3.2463e+23 
------------------------------------------------------------------------
7.920e+04  5  4.979e+02   713
                                Solution        -8.8550e-12  -7.1170e-12 
                                                 3.6148e+11   4.4474e+11 
                                ----------------------------------------
                                Sensitivity 1   -1.2388e+06  -1.0422e+06 
                                                 6.2481e+23   9.8067e+23 
                                ----------------------------------------
                                Sensitivity 2   -4.2323e+03  -5.6055e+03 
                                                -2.1858e+23  -3.4306e+23 
------------------------------------------------------------------------
8.640e+04  5  4.979e+02   727
                                Solution        -1.8840e-14  -1.6022e-14 
                                                 3.6318e+11   4.4524e+11 
                                ----------------------------------------
                                Sensitivity 1    1.9879e+04   1.5848e+04 
                                                 6.3248e+23   9.8819e+23 
                                ----------------------------------------
                                Sensitivity 2   -7.7674e+01  -1.0234e+02 
                                                -2.2126e+23  -3.4570e+23 
------------------------------------------------------------------------

Final Statistics

nst     =   727

nfe     =  1612
netf    =     9    nsetups  =   148
nni     =   842    ncfn     =     0

nfSe    =  1854    nfeS     =  3708
netfs   =    40    nsetupsS =     0
nniS    =   924    ncfnS    =     0

nli     =  2446    ncfl     =     0
npe     =    14    nps      =  4796
