
Create and allocate CVODES memory for forward run

Allocate global memory

Forward integration

ncheck = 10

   g = int_x int_y c6(Tfinal,x,y) dx dy = 35988.915405 


Create and allocate CVODES memory for backward run

Backward integration

Maximum sensitivity with respect to I.C. of species 1
  mu max = 7.051953e-04
at
  x = 5.263158e-02
  y = 0.000000e+00

Maximum sensitivity with respect to I.C. of species 2
  mu max = 6.824651e-04
at
  x = 5.263158e-02
  y = 0.000000e+00

Maximum sensitivity with respect to I.C. of species 3
  mu max = 6.615826e-04
at
  x = 5.263158e-02
  y = 0.000000e+00

Maximum sensitivity with respect to I.C. of species 4
  mu max = 1.919777e-11
at
  x = 0.000000e+00
  y = 0.000000e+00

Maximum sensitivity with respect to I.C. of species 5
  mu max = 1.920263e-11
at
  x = 0.000000e+00
  y = 0.000000e+00

Maximum sensitivity with respect to I.C. of species 6
  mu max = 6.638565e-11
at
  x = 4.736842e-01
  y = 4.736842e-01
