
Adjoint Sensitivity Example for Chemical Kinetics
-------------------------------------------------

ODE: dy1/dt = -p1*y1 + p2*y2*y3
     dy2/dt =  p1*y1 - p2*y2*y3 - p3*(y2)^2
     dy3/dt =  p3*(y2)^2

Find dG/dp for
     G = int_t0^tB0 g(t,p,y) dt
     g(t,p,y) = y3


Create and allocate CVODES memory for forward runs
Forward integration ... done (ncheck = 5)
--------------------------------------------------------
G:            3.9983e+07 
--------------------------------------------------------

Final Statistics:
Current time                 = 40445914.567724183278187410905957
Steps                        = 811
Error test fails             = 38
NLS step fails               = 0
Initial step size            = 1.0412502929101650120631395862539e-11
Last step size               = 1212602.3214188790199159484473057
Current step size            = 1212602.3214188790199159484473057
Last method order            = 5
Current method order         = 5
Stab. lim. order reductions  = 0
RHS fn evals                 = 1083
NLS iters                    = 1082
NLS fails                    = 0
NLS iters per step           = 1.3341553637484586929823349166213
LS setups                    = 128
Jac fn evals                 = 16
LS RHS fn evals              = 0
Prec setup evals             = 0
Prec solves                  = 0
LS iters                     = 0
LS fails                     = 0
Jac-times setups             = 0
Jac-times evals              = 0
LS iters per NLS iter        = 0
Jac evals per NLS iter       = 0.014787430683918669131124152670703
Prec evals per NLS iter      = 0
Root fn evals                = 0
Quad fn evals                = 812
Quad error test fails        = 0

Create and allocate CVODES memory for backward run
Backward integration from tB0 =   4.0000e+07

--------------------------------------------------------
returned t:   4.0000e+01
tout:         4.0000e+01
lambda(t):    3.9967e+07   3.9967e+07   3.9967e+07
y(t):         7.1583e-01   9.1856e-06   2.8416e-01
--------------------------------------------------------
--------------------------------------------------------
returned t:   0.0000e+00
lambda(t0):   3.9967e+07   3.9967e+07   3.9967e+07
y(t0):        1.0000e+00   0.0000e+00   0.0000e+00
dG/dp:        7.6841e+05  -3.0690e+00   5.1143e-04
--------------------------------------------------------

Final Statistics:
Current time                 = 0
Steps                        = 226
Error test fails             = 1
NLS step fails               = 0
Initial step size            = -3.3776627738364486848833684283651e-09
Last step size               = -1.5817878095760209897473885787278
Current step size            = -1.5817878095760209897473885787278
Last method order            = 4
Current method order         = 4
Stab. lim. order reductions  = 0
RHS fn evals                 = 271
NLS iters                    = 268
NLS fails                    = 0
NLS iters per step           = 1.1858407079646017699345317275572
LS setups                    = 77
Jac fn evals                 = 4
LS RHS fn evals              = 0
Prec setup evals             = 0
Prec solves                  = 0
LS iters                     = 0
LS fails                     = 0
Jac-times setups             = 0
Jac-times evals              = 0
LS iters per NLS iter        = 0
Jac evals per NLS iter       = 0.01492537313432835820875294735588
Prec evals per NLS iter      = 0
Root fn evals                = 0
Quad fn evals                = 261
Quad error test fails        = 32

Re-initialize CVODES memory for backward run
Backward integration from tB0 =   5.0000e+01

--------------------------------------------------------
returned t:   4.0000e+01
tout:         4.0000e+01
lambda(t):    2.8959e-01   1.7624e+00   9.3567e+00
y(t):         7.1583e-01   9.1856e-06   2.8416e-01
--------------------------------------------------------
--------------------------------------------------------
returned t:   0.0000e+00
lambda(t0):   8.4191e+00   1.6097e+01   1.6097e+01
y(t0):        1.0000e+00   0.0000e+00   0.0000e+00
dG/dp:        1.7341e+02  -5.0591e-04   8.4321e-08
--------------------------------------------------------

Final Statistics:
Current time                 = 0
Steps                        = 141
Error test fails             = 13
NLS step fails               = 0
Initial step size            = -7.6293945312499999999610239603948e-11
Last step size               = -0.00021432728402276676869953645984419
Current step size            = -0.00021432728402276676869953645984419
Last method order            = 4
Current method order         = 4
Stab. lim. order reductions  = 0
RHS fn evals                 = 220
NLS iters                    = 217
NLS fails                    = 4
NLS iters per step           = 1.5390070921985815603121386385688
LS setups                    = 41
Jac fn evals                 = 7
LS RHS fn evals              = 0
Prec setup evals             = 0
Prec solves                  = 0
LS iters                     = 0
LS fails                     = 0
Jac-times setups             = 0
Jac-times evals              = 0
LS iters per NLS iter        = 0
Jac evals per NLS iter       = 0.032258064516129032257190159538318
Prec evals per NLS iter      = 0
Root fn evals                = 0
Quad fn evals                = 144
Quad error test fails        = 0
