 
3-species kinetics problem
Sensitivity: YES ( STAGGERED1 + FULL ERROR CONTROL )

=======================================================================
     T     Q       H      NST           y1           y2           y3    
=======================================================================
4.000e-01  5  6.572e-02   155
                  Solution         9.8517e-01   3.3864e-05   1.4794e-02 
                  Sensitivity 1   -3.5595e-01   3.9025e-04   3.5556e-01 
                  Sensitivity 2    9.5424e-08  -2.1310e-10  -9.5211e-08 
                  Sensitivity 3   -1.5832e-11  -5.2900e-13   1.6361e-11 
-----------------------------------------------------------------------
4.000e+00  5  1.241e-01   189
                  Solution         9.0552e-01   2.2405e-05   9.4459e-02 
                  Sensitivity 1   -1.8761e+00   1.7922e-04   1.8759e+00 
                  Sensitivity 2    2.9614e-06  -5.8305e-10  -2.9608e-06 
                  Sensitivity 3   -4.9334e-10  -2.7626e-13   4.9362e-10 
-----------------------------------------------------------------------
4.000e+01  3  5.275e-01   414
                  Solution         7.1583e-01   9.1855e-06   2.8416e-01 
                  Sensitivity 1   -4.2476e+00   4.5912e-05   4.2475e+00 
                  Sensitivity 2    1.3731e-05  -2.3572e-10  -1.3731e-05 
                  Sensitivity 3   -2.2884e-09  -1.1381e-13   2.2885e-09 
-----------------------------------------------------------------------
4.000e+02  3  4.836e+00   693
                  Solution         4.5052e-01   3.2229e-06   5.4948e-01 
                  Sensitivity 1   -5.9584e+00   3.5427e-06   5.9584e+00 
                  Sensitivity 2    2.2738e-05  -2.2601e-11  -2.2738e-05 
                  Sensitivity 3   -3.7897e-09  -4.9948e-14   3.7897e-09 
-----------------------------------------------------------------------
4.000e+03  3  6.689e+01   924
                  Solution         1.8320e-01   8.9424e-07   8.1680e-01 
                  Sensitivity 1   -4.7501e+00  -5.9936e-06   4.7501e+00 
                  Sensitivity 2    1.8809e-05   2.3127e-11  -1.8809e-05 
                  Sensitivity 3   -3.1348e-09  -1.8758e-14   3.1348e-09 
-----------------------------------------------------------------------
4.000e+04  4  1.303e+03  1072
                  Solution         3.8984e-02   1.6218e-07   9.6102e-01 
                  Sensitivity 1   -1.5750e+00  -2.7620e-06   1.5750e+00 
                  Sensitivity 2    6.2875e-06   1.1002e-11  -6.2875e-06 
                  Sensitivity 3   -1.0479e-09  -4.5367e-15   1.0479e-09 
-----------------------------------------------------------------------
4.000e+05  5  1.334e+04  1155
                  Solution         4.9383e-03   1.9850e-08   9.9506e-01 
                  Sensitivity 1   -2.3633e-01  -4.5841e-07   2.3633e-01 
                  Sensitivity 2    9.4503e-07   1.8325e-12  -9.4503e-07 
                  Sensitivity 3   -1.5750e-10  -6.3625e-16   1.5751e-10 
-----------------------------------------------------------------------
4.000e+06  5  1.460e+05  1223
                  Solution         5.1681e-04   2.0683e-09   9.9948e-01 
                  Sensitivity 1   -2.5666e-02  -5.1060e-08   2.5666e-02 
                  Sensitivity 2    1.0266e-07   2.0422e-13  -1.0266e-07 
                  Sensitivity 3   -1.7110e-11  -6.8509e-17   1.7110e-11 
-----------------------------------------------------------------------
4.000e+07  5  2.320e+06  1281
                  Solution         5.2027e-05   2.0812e-10   9.9995e-01 
                  Sensitivity 1   -2.5993e-03  -5.1954e-09   2.5993e-03 
                  Sensitivity 2    1.0396e-08   2.0778e-14  -1.0396e-08 
                  Sensitivity 3   -1.7326e-12  -6.9312e-18   1.7326e-12 
-----------------------------------------------------------------------
4.000e+08  5  2.137e+07  1328
                  Solution         5.1953e-06   2.0781e-11   9.9999e-01 
                  Sensitivity 1   -2.5967e-04  -5.1916e-10   2.5967e-04 
                  Sensitivity 2    1.0424e-09   2.0915e-15  -1.0424e-09 
                  Sensitivity 3   -1.7464e-13  -6.9856e-19   1.7464e-13 
-----------------------------------------------------------------------
4.000e+09  4  1.983e+08  1407
                  Solution         5.2117e-07   2.0847e-12   1.0000e+00 
                  Sensitivity 1   -2.5729e-05  -5.0799e-11   2.5729e-05 
                  Sensitivity 2    1.0271e-10   2.0236e-16  -1.0271e-10 
                  Sensitivity 3   -1.7455e-14  -6.9818e-20   1.7455e-14 
-----------------------------------------------------------------------
4.000e+10  3  7.987e+09  1429
                  Solution         3.4371e-08   1.3748e-13   1.0000e+00 
                  Sensitivity 1   -3.1945e-06  -9.3409e-12   3.1945e-06 
                  Sensitivity 2    1.3397e-11   3.9838e-17  -1.3397e-11 
                  Sensitivity 3   -1.1308e-15  -4.5230e-21   1.1308e-15 
-----------------------------------------------------------------------

Final Statistics:
nst = 1429   nfe = 3325   nsetups = 318    nfeLS = 0      nje = 25
nni = 1747   nnf = 0      netf = 0         ncfn = 0     

nfSe = 5337   nfeS = 0      nsetupsS = 0     
nniS = 5328   nnfS = 0      netfS = 146    ncfnS = 0     

