Sensitivity: YES (SIMULTANEOUS + FULL ERROR CONTROL + user-provided sensitivity RHS)
Parameters: [4.0000e-02  1.0000e+04  3.0000e+07]
Run statistics:
   nst     =  1506
   nfe     =  2171
   netf    =    97    nsetups  =   243
   nni     =  2170    ncfn     =     1
   njeD    =    27    nfeD     =     0
   -----------------------------------
   nfSe    =  6513    nfeS     =     0
   netfs   =     0    nsetupsS =     0
   nniS    =     0    ncfnS    =     0

Sensitivity: NO
Parameters: [5.0000e-02  2.0000e+04  2.9000e+07]
Run statistics:
   nst     =   959
   nfe     =  1378
   netf    =    61    nsetups  =   176
   nni     =  1377    ncfn     =     3
   njeD    =    18    nfeD     =     0

Sensitivity: YES (SIMULTANEOUS + FULL ERROR CONTROL + DQ sensitivity RHS)
Parameters: [6.0000e-02  3.0000e+04  2.8000e+07]
Run statistics:
   nst     =  1630
   nfe     =  2510
   netf    =   112    nsetups  =   271
   nni     =  2509    ncfn     =     2
   njeD    =    31    nfeD     =     0
   -----------------------------------
   nfSe    =  7530    nfeS     = 15060
   netfs   =     0    nsetupsS =     0
   nniS    =     0    ncfnS    =     0

Sensitivity: YES (STAGGERED + PARTIAL ERROR CONTROL + user-provided sensitivity RHS)
Parameters: [6.0000e-02  3.0000e+04  2.8000e+07]
Run statistics:
   nst     =   922
   nfe     =  2261
   netf    =    65    nsetups  =   184
   nni     =  1338    ncfn     =     0
   njeD    =    21    nfeD     =     0
   -----------------------------------
   nfSe    =  4398    nfeS     =     0
   netfs   =     0    nsetupsS =     8
   nniS    =  1465    ncfnS    =     8

Sensitivity: NO
Parameters: [6.0000e-02  3.0000e+04  2.8000e+07]
Run statistics:
   nst     =   994
   nfe     =  1457
   netf    =    64    nsetups  =   177
   nni     =  1456    ncfn     =     1
   njeD    =    19    nfeD     =     0

