 
3-species kinetics problem

At t = 2.6425e-01      y =  9.899653e-01    3.470560e-05    1.000000e-02
    rootsfound[] =   0   1
At t = 4.0000e-01      y =  9.851728e-01    3.386387e-05    1.479331e-02
At t = 4.0000e+00      y =  9.055089e-01    2.240388e-05    9.446869e-02
At t = 4.0000e+01      y =  7.158093e-01    9.184984e-06    2.841815e-01
At t = 4.0000e+02      y =  4.505264e-01    3.223108e-06    5.494704e-01
At t = 4.0000e+03      y =  1.832125e-01    8.942469e-07    8.167866e-01
At t = 4.0000e+04      y =  3.898884e-02    1.621989e-07    9.610110e-01
At t = 4.0000e+05      y =  4.934625e-03    1.983527e-08    9.950654e-01
At t = 4.0000e+06      y =  5.205697e-04    2.083350e-09    9.994794e-01
At t = 2.1200e+07      y =  1.000000e-04    4.000425e-10    9.999000e-01
    rootsfound[] =  -1   0
At t = 4.0000e+07      y =  5.362489e-05    2.145008e-10    9.999464e-01
At t = 4.0000e+08      y =  1.275453e-06    5.101660e-12    9.999987e-01
At t = 4.0000e+09      y =  9.115744e-08    3.646303e-13    9.999999e-01
At t = 4.0000e+10      y =  1.752586e-13    2.330812e-19    1.000001e+00

Final Statistics:
nst = 488    nfe = 707    nsetups = 105    nfeLS = 0      nje = 11
nni = 704    nnf = 3      netf = 28        ncfn = 0       nge = 529

