 
3-species kinetics problem
Sensitivity: YES ( SIMULTANEOUS + FULL ERROR CONTROL )

=======================================================================
     T     Q       H      NST           y1           y2           y3    
=======================================================================
4.000e-01  3  4.960e-02   116
                  Solution         9.8517e-01   3.3864e-05   1.4794e-02 
                  Sensitivity 1   -3.5595e-01   3.9025e-04   3.5556e-01 
                  Sensitivity 2    9.5431e-08  -2.1309e-10  -9.5218e-08 
                  Sensitivity 3   -1.5833e-11  -5.2900e-13   1.6362e-11 
-----------------------------------------------------------------------
4.000e+00  5  2.377e-01   139
                  Solution         9.0552e-01   2.2405e-05   9.4459e-02 
                  Sensitivity 1   -1.8761e+00   1.7922e-04   1.8759e+00 
                  Sensitivity 2    2.9614e-06  -5.8305e-10  -2.9608e-06 
                  Sensitivity 3   -4.9334e-10  -2.7626e-13   4.9362e-10 
-----------------------------------------------------------------------
4.000e+01  3  1.359e+00   228
                  Solution         7.1583e-01   9.1858e-06   2.8416e-01 
                  Sensitivity 1   -4.2475e+00   4.5919e-05   4.2474e+00 
                  Sensitivity 2    1.3730e-05  -2.3572e-10  -1.3730e-05 
                  Sensitivity 3   -2.2883e-09  -1.1381e-13   2.2884e-09 
-----------------------------------------------------------------------
4.000e+02  3  9.613e+00   341
                  Solution         4.5050e-01   3.2227e-06   5.4950e-01 
                  Sensitivity 1   -5.9585e+00   3.5398e-06   5.9585e+00 
                  Sensitivity 2    2.2739e-05  -2.2589e-11  -2.2739e-05 
                  Sensitivity 3   -3.7898e-09  -4.9947e-14   3.7899e-09 
-----------------------------------------------------------------------
4.000e+03  3  1.860e+02   483
                  Solution         1.8321e-01   8.9429e-07   8.1679e-01 
                  Sensitivity 1   -4.7501e+00  -5.9933e-06   4.7501e+00 
                  Sensitivity 2    1.8809e-05   2.3128e-11  -1.8809e-05 
                  Sensitivity 3   -3.1348e-09  -1.8758e-14   3.1348e-09 
-----------------------------------------------------------------------
4.000e+04  3  1.275e+03   583
                  Solution         3.8975e-02   1.6214e-07   9.6103e-01 
                  Sensitivity 1   -1.5747e+00  -2.7618e-06   1.5747e+00 
                  Sensitivity 2    6.2865e-06   1.1002e-11  -6.2865e-06 
                  Sensitivity 3   -1.0478e-09  -4.5360e-15   1.0478e-09 
-----------------------------------------------------------------------
4.000e+05  3  1.383e+04   641
                  Solution         4.9393e-03   1.9854e-08   9.9506e-01 
                  Sensitivity 1   -2.3640e-01  -4.5859e-07   2.3640e-01 
                  Sensitivity 2    9.4529e-07   1.8332e-12  -9.4529e-07 
                  Sensitivity 3   -1.5753e-10  -6.3636e-16   1.5753e-10 
-----------------------------------------------------------------------
4.000e+06  4  1.444e+05   691
                  Solution         5.1686e-04   2.0685e-09   9.9948e-01 
                  Sensitivity 1   -2.5662e-02  -5.1037e-08   2.5662e-02 
                  Sensitivity 2    1.0264e-07   2.0414e-13  -1.0264e-07 
                  Sensitivity 3   -1.7111e-11  -6.8516e-17   1.7112e-11 
-----------------------------------------------------------------------
4.000e+07  3  1.719e+06   749
                  Solution         5.2022e-05   2.0810e-10   9.9995e-01 
                  Sensitivity 1   -2.5988e-03  -5.1945e-09   2.5988e-03 
                  Sensitivity 2    1.0395e-08   2.0777e-14  -1.0395e-08 
                  Sensitivity 3   -1.7325e-12  -6.9305e-18   1.7325e-12 
-----------------------------------------------------------------------
4.000e+08  4  2.053e+07   792
                  Solution         5.2097e-06   2.0839e-11   9.9999e-01 
                  Sensitivity 1   -2.6054e-04  -5.2126e-10   2.6054e-04 
                  Sensitivity 2    1.0422e-09   2.0850e-15  -1.0422e-09 
                  Sensitivity 3   -1.7364e-13  -6.9455e-19   1.7364e-13 
-----------------------------------------------------------------------
4.000e+09  3  3.038e+08   830
                  Solution         5.2034e-07   2.0814e-12   1.0000e+00 
                  Sensitivity 1   -2.6038e-05  -5.2248e-11   2.6038e-05 
                  Sensitivity 2    1.0415e-10   2.0899e-16  -1.0415e-10 
                  Sensitivity 3   -1.7345e-14  -6.9378e-20   1.7345e-14 
-----------------------------------------------------------------------
4.000e+10  4  8.570e+08   875
                  Solution         4.6909e-08   1.8764e-13   1.0000e+00 
                  Sensitivity 1   -2.6074e-06  -5.8704e-12   2.6074e-06 
                  Sensitivity 2    1.0430e-11   2.3482e-17  -1.0430e-11 
                  Sensitivity 3   -1.5636e-15  -6.2546e-21   1.5636e-15 
-----------------------------------------------------------------------

Final Statistics:
Current time                  = 40418235854.208967
Steps                         = 875
Error test fails              = 26
NLS step fails                = 1
Constraint fails              = 0
Initial step size             = 8.06710253479434295e-15
Last step size                = 857046752.432593997
Current step size             = 857046752.432593997
Last method order             = 4
Current method order          = 4
Stab. lim. order reductions   = 0
RHS fn evals                  = 1203
NLS iters                     = 1200
NLS fails                     = 3
NLS iters per step            = 1.37142857142857143
LS setups                     = 132
Jac fn evals                  = 17
LS RHS fn evals               = 0
Prec setup evals              = 0
Prec solves                   = 0
LS iters                      = 0
LS fails                      = 0
Jac-times setups              = 0
Jac-times evals               = 0
LS iters per NLS iter         = 0
Jac evals per NLS iter        = 0.0141666666666666667
Prec evals per NLS iter       = 0
Root fn evals                 = 0
Sens fn evals                 = 3609
Sens RHS fn evals             = 0
Sens error test fails         = 0
Sens LS setups                = 0
