
Adjoint Sensitivity Example for Chemical Kinetics
-------------------------------------------------

ODE: dy1/dt = -p1*y1 + p2*y2*y3
     dy2/dt =  p1*y1 - p2*y2*y3 - p3*(y2)^2
     dy3/dt =  p3*(y2)^2

Find dG/dp for
     G = int_t0^tB0 g(t,p,y) dt
     g(t,p,y) = y3


Create and allocate CVODES memory for forward runs
Forward integration ... done ( nst = 336 )

ncheck = 2

--------------------------------------------------------
G:            3.9991e+07 
--------------------------------------------------------

Create and allocate CVODES memory for backward run
Backward integration from tB0 =   4.0000e+07

--------------------------------------------------------
returned t:   4.0000e+01
tout:         4.0000e+01
lambda(t):    3.9933e+07   3.9933e+07   3.9933e+07
y(t):         7.1571e-01   9.1806e-06   2.8428e-01
--------------------------------------------------------

Done ( nst = 241 )
--------------------------------------------------------
returned t:   0.0000e+00
lambda(t0):   3.9933e+07   3.9933e+07   3.9933e+07
y(t0):        1.0000e+00   0.0000e+00   0.0000e+00
dG/dp:        1.6068e+06  -6.4208e+00   1.0652e-03
--------------------------------------------------------

Re-initialize CVODES memory for backward run
Backward integration from tB0 =   5.0000e+01

--------------------------------------------------------
returned t:   4.0000e+01
tout:         4.0000e+01
lambda(t):    2.8937e-01   1.7611e+00   9.3575e+00
y(t):         7.1571e-01   9.1806e-06   2.8428e-01
--------------------------------------------------------

Done ( nst = 155 )
--------------------------------------------------------
returned t:   0.0000e+00
lambda(t0):   8.4153e+00   1.6087e+01   1.6089e+01
y(t0):        1.0000e+00   0.0000e+00   0.0000e+00
dG/dp:        1.7334e+02  -5.0526e-04   8.4207e-08
--------------------------------------------------------

Free memory

