
Van der Pol oscillator (CVODE):
    initial conditions: y1 = 2.000000, y2 = 0.000000
    mu = 100.000000
    reltol = 1.00e-04, abstol = 1.00e-04

        t           y1           y2
   -----------------------------------
    0.000000    2.000000    0.000000
   10.000000    1.931051   -0.007076
   20.000000    1.857529   -0.007580
   30.000000    1.778294   -0.008224
   40.000000    1.691561   -0.009087
   50.000000    1.594542   -0.010336
   60.000000    1.481382   -0.012400
   70.000000    1.337798   -0.016906
   80.000000    1.061577   -0.077571
   90.000000   -1.938232    0.007032
  100.000000   -1.865329    0.007520
  110.000000   -1.786945    0.008142
  120.000000   -1.701280    0.008971
  130.000000   -1.605607    0.010144
  140.000000   -1.495111    0.012037
  150.000000   -1.356806    0.015919
  160.000000   -1.132340    0.039745
  170.000000    1.947571   -0.006973
  180.000000    1.875076   -0.007452
  190.000000    1.797486   -0.008052
  200.000000    1.712912   -0.008848
  210.000000    1.618725   -0.009977
  220.000000    1.510494   -0.011673
  230.000000    1.376982   -0.015335
  240.000000    1.176787   -0.030455
  250.000000   -1.956596    0.006918
   -----------------------------------

Final Solver Statistics:
   Internal solver steps = 1496
   Total RHS evals = 2194
   Total number of nonlinear solver iterations = 4949
   Total number of nonlinear solver convergence failures = 112
   Total number of Jacobian evaluations = 51
   Total linear solver setups = 284
   Total RHS evals for setting up the linear system = 0
