
idasHeat2D_FSA_kry_bbd_p: Heat equation, parallel example problem for IDA
                     Discretized heat equation on 2D unit square.
                     Zero boundary conditions, polynomial initial conditions.
                     Mesh dimensions: 10 x 10 ;     Total system size: 100

Subgrid dimensions: 5 x 5         Processor array: 2 x 2
Tolerance parameters:  rtol = 0   atol = 0.001
Constraints set to force all solution components >= 0. 
SUPPRESSALG = SUNTRUE to suppress local error testing on all boundary components. 
Linear solver: SUNLinSol_SPGMR.    Preconditioner: IDABBDPRE - Banded-block-diagonal.
Difference quotient half-bandwidths = 5Retained matrix half-bandwidths = 1 

Sensitivity: YES ( STAGGERED + FULL ERROR CONTROL )

Output Summary: umax = max-norm of solution
                       max-norm of sensitivity 1
                       max-norm of sensitivity 2

  time     umax       k  nst  nni  nli   nre nreLS nge     h      npe nps
 .  .  .  .  .  .  .  .  .  .  .  .  .  .  .  .  .  .  .  .  .  .  .  .
  0.01   8.24104e-01  2   13   15   23    18   23  120  2.56e-03   10  76
         7.20931e-02
         7.20846e-02
  0.02   6.88120e-01  3   16   19   37    22   37  120  5.12e-03   10 102
         1.27152e-01
         1.27115e-01
  0.04   4.70886e-01  3   20   23   53    26   53  120  5.12e-03   10 130
         1.81624e-01
         1.81694e-01
  0.08   2.16374e-01  3   24   28   79    31   79  132  1.02e-02   11 171
         1.68509e-01
         1.68537e-01
  0.16   4.51906e-02  4   30   37  119    40  119  144  1.84e-02   12 238
         7.11924e-02
         7.11494e-02
  0.32   2.16763e-03  3   37   45  164    48  164  156  3.69e-02   13 307
         6.23409e-03
         6.23974e-03
  0.64   3.40911e-22  1   43   54  206    57  206  168  7.37e-02   14 376
         2.27188e-04
         2.20814e-04
  1.28   2.29505e-25  1   46   57  216    60  216  204  5.90e-01   17 399
         1.14261e-04
         4.96458e-05
  2.56   9.11113e-25  1   47   58  220    61  220  216  1.18e+00   18 408
         1.22335e-04
         2.13547e-04
  5.12   2.37582e-24  1   48   59  225    62  225  228  2.36e+00   19 418
         2.52388e-04
         2.35044e-04
 10.24   5.40024e-24  1   50   61  229    64  229  252  9.44e+00   21 432
         2.21172e-04
         1.68406e-04

Error test failures            = 0
Nonlinear convergence failures = 0
Linear convergence failures    = 0
