
   Begin Kepler Problem

Problem Arguments:
  stepper:              1
  step mode:            0
  use compensated sums: 0
  dt:                   0.001
  Tf:                   50
  nout:                 1

t = 0.0000, H(p,q) = -0.5000000000000000, L(p,q) = 0.8000000000000000
t = 50.0000, H(p,q)-H0 = -0.0000000000002238, L(p,q)-L0 = -0.0000000000000500
Current time                 = 50
Steps                        = 50001
Step attempts                = 50001
Stability limited steps      = 0
Accuracy limited steps       = 0
Error test fails             = 0
NLS step fails               = 0
Inequality constraint fails  = 0
Initial step size            = 0.0010000000000000000208166817117217
Last step size               = 2.5828228444879619138195492629614e-11
Current step size            = 2.5828228444879619138195492629614e-11
Explicit RHS fn evals        = 400009
Implicit RHS fn evals        = 0
NLS iters                    = 0
NLS fails                    = 0
NLS iters per step           = 0
LS setups                    = 0

   Begin Kepler Problem

Problem Arguments:
  stepper:              0
  step mode:            0
  use compensated sums: 0
  dt:                   0.001
  Tf:                   50
  nout:                 1

t = 0.0000, H(p,q) = -0.5000000000000000, L(p,q) = 0.8000000000000000
t = 50.0000, H(p,q)-H0 = -0.0000001032118342, L(p,q)-L0 = 0.0000000000000104
Current time                 = 50
Steps                        = 50001
Step attempts                = 50001
Stability limited steps      = 0
Accuracy limited steps       = 0
Error test fails             = 0
NLS step fails               = 0
Inequality constraint fails  = 0
Initial step size            = 0.0010000000000000000208166817117217
Last step size               = 2.5828228444879619138195492629614e-11
Current step size            = 2.5828228444879619138195492629614e-11
f1 RHS fn evals              = 100003
f2 RHS fn evals              = 100003


   Begin Kepler Problem

Problem Arguments:
  stepper:              0
  step mode:            0
  use compensated sums: 0
  dt:                   0.0005
  Tf:                   50
  nout:                 1

t = 0.0000, H(p,q) = -0.5000000000000000, L(p,q) = 0.8000000000000000
t = 50.0000, H(p,q)-H0 = -0.0000000258323680, L(p,q)-L0 = 0.0000000000000211
Current time                 = 50
Steps                        = 100000
Step attempts                = 100000
Stability limited steps      = 0
Accuracy limited steps       = 0
Error test fails             = 0
NLS step fails               = 0
Inequality constraint fails  = 0
Initial step size            = 0.00050000000000000001040834085586084
Last step size               = 0.00049999994328686582154008810618961
Current step size            = 0.00049999994328686582154008810618961
f1 RHS fn evals              = 200001
f2 RHS fn evals              = 200001


   Begin Kepler Problem

Problem Arguments:
  stepper:              0
  step mode:            0
  use compensated sums: 0
  dt:                   0.00025
  Tf:                   50
  nout:                 1

t = 0.0000, H(p,q) = -0.5000000000000000, L(p,q) = 0.8000000000000000
t = 50.0000, H(p,q)-H0 = -0.0000000064599039, L(p,q)-L0 = 0.0000000000000443
Current time                 = 50
Steps                        = 200000
Step attempts                = 200000
Stability limited steps      = 0
Accuracy limited steps       = 0
Error test fails             = 0
NLS step fails               = 0
Inequality constraint fails  = 0
Initial step size            = 0.00025000000000000000520417042793042
Last step size               = 0.00024999985227225330307321282674593
Current step size            = 0.00024999985227225330307321282674593
f1 RHS fn evals              = 400001
f2 RHS fn evals              = 400001


   Begin Kepler Problem

Problem Arguments:
  stepper:              0
  step mode:            0
  use compensated sums: 0
  dt:                   0.000125
  Tf:                   50
  nout:                 1

t = 0.0000, H(p,q) = -0.5000000000000000, L(p,q) = 0.8000000000000000
t = 50.0000, H(p,q)-H0 = -0.0000000016151294, L(p,q)-L0 = -0.0000000000000340
Current time                 = 50
Steps                        = 400001
Step attempts                = 400001
Stability limited steps      = 0
Accuracy limited steps       = 0
Error test fails             = 0
NLS step fails               = 0
Inequality constraint fails  = 0
Initial step size            = 0.00012500000000000000260208521396521
Last step size               = 3.1835867275731262978561580526723e-10
Current step size            = 3.1835867275731262978561580526723e-10
f1 RHS fn evals              = 800003
f2 RHS fn evals              = 800003


   Begin Kepler Problem

Problem Arguments:
  stepper:              0
  step mode:            0
  use compensated sums: 0
  dt:                   6.25e-05
  Tf:                   50
  nout:                 1

t = 0.0000, H(p,q) = -0.5000000000000000, L(p,q) = 0.8000000000000000
t = 50.0000, H(p,q)-H0 = -0.0000000004036786, L(p,q)-L0 = 0.0000000000000238
Current time                 = 50
Steps                        = 800001
Step attempts                = 800001
Stability limited steps      = 0
Accuracy limited steps       = 0
Error test fails             = 0
NLS step fails               = 0
Inequality constraint fails  = 0
Initial step size            = 6.2500000000000001301042606982605e-05
Last step size               = 7.503473398173803778981652342771e-10
Current step size            = 7.503473398173803778981652342771e-10
f1 RHS fn evals              = 1600003
f2 RHS fn evals              = 1600003


   Begin Kepler Problem

Problem Arguments:
  stepper:              0
  step mode:            0
  use compensated sums: 0
  dt:                   3.125e-05
  Tf:                   50
  nout:                 1

t = 0.0000, H(p,q) = -0.5000000000000000, L(p,q) = 0.8000000000000000
t = 50.0000, H(p,q)-H0 = -0.0000000001008020, L(p,q)-L0 = 0.0000000000000557
Current time                 = 50
Steps                        = 1600001
Step attempts                = 1600001
Stability limited steps      = 0
Accuracy limited steps       = 0
Error test fails             = 0
NLS step fails               = 0
Inequality constraint fails  = 0
Initial step size            = 3.1250000000000000650521303491303e-05
Last step size               = 9.6634522606109302660597516212125e-10
Current step size            = 9.6634522606109302660597516212125e-10
f1 RHS fn evals              = 3200003
f2 RHS fn evals              = 3200003


   Begin Kepler Problem

Problem Arguments:
  stepper:              0
  step mode:            0
  use compensated sums: 0
  dt:                   1.5625e-05
  Tf:                   50
  nout:                 1

t = 0.0000, H(p,q) = -0.5000000000000000, L(p,q) = 0.8000000000000000
t = 50.0000, H(p,q)-H0 = -0.0000000000252491, L(p,q)-L0 = 0.0000000000000155
Current time                 = 50
Steps                        = 3200000
Step attempts                = 3200000
Stability limited steps      = 0
Accuracy limited steps       = 0
Error test fails             = 0
NLS step fails               = 0
Inequality constraint fails  = 0
Initial step size            = 1.5625000000000000325260651745651e-05
Last step size               = 1.562198162474713635568951408672e-05
Current step size            = 1.562198162474713635568951408672e-05
f1 RHS fn evals              = 6400001
f2 RHS fn evals              = 6400001


   Begin Kepler Problem

Problem Arguments:
  stepper:              0
  step mode:            0
  use compensated sums: 0
  dt:                   7.8125e-06
  Tf:                   50
  nout:                 1

t = 0.0000, H(p,q) = -0.5000000000000000, L(p,q) = 0.8000000000000000
t = 50.0000, H(p,q)-H0 = -0.0000000000060401, L(p,q)-L0 = 0.0000000000002092
Current time                 = 50
Steps                        = 6400000
Step attempts                = 6400000
Stability limited steps      = 0
Accuracy limited steps       = 0
Error test fails             = 0
NLS step fails               = 0
Inequality constraint fails  = 0
Initial step size            = 7.8125000000000001626303258728257e-06
Last step size               = 7.8058976455963534585129337539655e-06
Current step size            = 7.8058976455963534585129337539655e-06
f1 RHS fn evals              = 12800001
f2 RHS fn evals              = 12800001

Order of accuracy wrt solution:    expected = 2, max = 2.0097,  avg = 1.8616,  overall = 1.9108
Order of accuracy wrt Hamiltonian: expected = 2, max = 2.0636,  avg = 2.0087,  overall = 2.0051
