
   Begin Kepler Problem

Problem Arguments:
  stepper:              1
  step mode:            0
  use tstop:            1
  use compensated sums: 0
  dt:                   0.001
  Tf:                   50
  nout:                 1

t = 0.0000, H(p,q) = -0.5000000000000000, L(p,q) = 0.8000000000000000
t = 50.0000, H(p,q)-H0 = -2.2382096176443156e-13, L(p,q)-L0 = -4.9960036108132044e-14
Current time                 = 50
Steps                        = 50001
Step attempts                = 50001
Stability limited steps      = 0
Accuracy limited steps       = 0
Error test fails             = 0
NLS step fails               = 0
Inequality constraint fails  = 0
Initial step size            = 0.0010000000000000000208166817117217
Last step size               = 2.5828228444879619138195492629614e-11
Current step size            = 2.5828228444879619138195492629614e-11
Explicit RHS fn evals        = 400010
Implicit RHS fn evals        = 0
NLS iters                    = 0
NLS fails                    = 0
NLS iters per step           = 0
LS setups                    = 0

   Begin Kepler Problem

Problem Arguments:
  stepper:              0
  step mode:            0
  use tstop:            1
  use compensated sums: 0
  dt:                   0.1
  Tf:                   50
  nout:                 1

t = 0.0000, H(p,q) = -0.5000000000000000, L(p,q) = 0.8000000000000000
t = 50.0000, H(p,q)-H0 = 1.2681182276641501e-04, L(p,q)-L0 = -4.1078251911130792e-15
Current time                 = 50
Steps                        = 500
Step attempts                = 500
Stability limited steps      = 0
Accuracy limited steps       = 0
Error test fails             = 0
NLS step fails               = 0
Inequality constraint fails  = 0
Initial step size            = 0.10000000000000000555111512312578
Last step size               = 0.099999999999560801322573411198391
Current step size            = 0.099999999999560801322573411198391
f1 RHS fn evals              = 4001
f2 RHS fn evals              = 4001


   Begin Kepler Problem

Problem Arguments:
  stepper:              0
  step mode:            0
  use tstop:            1
  use compensated sums: 0
  dt:                   0.05
  Tf:                   50
  nout:                 1

t = 0.0000, H(p,q) = -0.5000000000000000, L(p,q) = 0.8000000000000000
t = 50.0000, H(p,q)-H0 = 2.0266123599288477e-06, L(p,q)-L0 = -2.4424906541753444e-15
Current time                 = 50
Steps                        = 1000
Step attempts                = 1000
Stability limited steps      = 0
Accuracy limited steps       = 0
Error test fails             = 0
NLS step fails               = 0
Inequality constraint fails  = 0
Initial step size            = 0.050000000000000002775557561562891
Last step size               = 0.050000000000000002775557561562891
Current step size            = 0.050000000000000002775557561562891
f1 RHS fn evals              = 8001
f2 RHS fn evals              = 8001


   Begin Kepler Problem

Problem Arguments:
  stepper:              0
  step mode:            0
  use tstop:            1
  use compensated sums: 0
  dt:                   0.025
  Tf:                   50
  nout:                 1

t = 0.0000, H(p,q) = -0.5000000000000000, L(p,q) = 0.8000000000000000
t = 50.0000, H(p,q)-H0 = 3.1924773491454062e-08, L(p,q)-L0 = 1.4321877017664519e-14
Current time                 = 50
Steps                        = 2001
Step attempts                = 2001
Stability limited steps      = 0
Accuracy limited steps       = 0
Error test fails             = 0
NLS step fails               = 0
Inequality constraint fails  = 0
Initial step size            = 0.025000000000000001387778780781446
Last step size               = 1.7692514120426478472319655336374e-12
Current step size            = 1.7692514120426478472319655336374e-12
f1 RHS fn evals              = 16009
f2 RHS fn evals              = 16009


   Begin Kepler Problem

Problem Arguments:
  stepper:              0
  step mode:            0
  use tstop:            1
  use compensated sums: 0
  dt:                   0.0125
  Tf:                   50
  nout:                 1

t = 0.0000, H(p,q) = -0.5000000000000000, L(p,q) = 0.8000000000000000
t = 50.0000, H(p,q)-H0 = 4.9983683858556560e-10, L(p,q)-L0 = 7.5495165674510645e-15
Current time                 = 50
Steps                        = 4000
Step attempts                = 4000
Stability limited steps      = 0
Accuracy limited steps       = 0
Error test fails             = 0
NLS step fails               = 0
Inequality constraint fails  = 0
Initial step size            = 0.012500000000000000693889390390723
Last step size               = 0.01249999999719618795634978880571
Current step size            = 0.01249999999719618795634978880571
f1 RHS fn evals              = 32001
f2 RHS fn evals              = 32001


   Begin Kepler Problem

Problem Arguments:
  stepper:              0
  step mode:            0
  use tstop:            1
  use compensated sums: 0
  dt:                   0.00625
  Tf:                   50
  nout:                 1

t = 0.0000, H(p,q) = -0.5000000000000000, L(p,q) = 0.8000000000000000
t = 50.0000, H(p,q)-H0 = 7.8130835134970766e-12, L(p,q)-L0 = -7.8825834748386114e-15
Current time                 = 50
Steps                        = 8000
Step attempts                = 8000
Stability limited steps      = 0
Accuracy limited steps       = 0
Error test fails             = 0
NLS step fails               = 0
Inequality constraint fails  = 0
Initial step size            = 0.0062500000000000003469446951953614
Last step size               = 0.0062499999929173048057728934168154
Current step size            = 0.0062499999929173048057728934168154
f1 RHS fn evals              = 64001
f2 RHS fn evals              = 64001


   Begin Kepler Problem

Problem Arguments:
  stepper:              0
  step mode:            0
  use tstop:            1
  use compensated sums: 0
  dt:                   0.003125
  Tf:                   50
  nout:                 1

t = 0.0000, H(p,q) = -0.5000000000000000, L(p,q) = 0.8000000000000000
t = 50.0000, H(p,q)-H0 = 1.0147438445073931e-13, L(p,q)-L0 = 3.2196467714129540e-15
Current time                 = 50
Steps                        = 16001
Step attempts                = 16001
Stability limited steps      = 0
Accuracy limited steps       = 0
Error test fails             = 0
NLS step fails               = 0
Inequality constraint fails  = 0
Initial step size            = 0.0031250000000000001734723475976807
Last step size               = 1.1240786079724775246958382557293e-11
Current step size            = 1.1240786079724775246958382557293e-11
f1 RHS fn evals              = 128009
f2 RHS fn evals              = 128009


   Begin Kepler Problem

Problem Arguments:
  stepper:              0
  step mode:            0
  use tstop:            1
  use compensated sums: 0
  dt:                   0.0015625
  Tf:                   50
  nout:                 1

t = 0.0000, H(p,q) = -0.5000000000000000, L(p,q) = 0.8000000000000000
t = 50.0000, H(p,q)-H0 = -6.5281113847959205e-14, L(p,q)-L0 = -4.8294701571194310e-14
Current time                 = 50
Steps                        = 32001
Step attempts                = 32001
Stability limited steps      = 0
Accuracy limited steps       = 0
Error test fails             = 0
NLS step fails               = 0
Inequality constraint fails  = 0
Initial step size            = 0.0015625000000000000867361737988404
Last step size               = 2.8357760584185572568722427236928e-11
Current step size            = 2.8357760584185572568722427236928e-11
f1 RHS fn evals              = 256009
f2 RHS fn evals              = 256009


   Begin Kepler Problem

Problem Arguments:
  stepper:              0
  step mode:            0
  use tstop:            1
  use compensated sums: 0
  dt:                   0.00078125
  Tf:                   50
  nout:                 1

t = 0.0000, H(p,q) = -0.5000000000000000, L(p,q) = 0.8000000000000000
t = 50.0000, H(p,q)-H0 = -2.0872192862952943e-14, L(p,q)-L0 = -2.9753977059954195e-14
Current time                 = 50
Steps                        = 64000
Step attempts                = 64000
Stability limited steps      = 0
Accuracy limited steps       = 0
Error test fails             = 0
NLS step fails               = 0
Inequality constraint fails  = 0
Initial step size            = 0.00078125000000000004336808689942018
Last step size               = 0.00078124995506811891095300115495093
Current step size            = 0.00078124995506811891095300115495093
f1 RHS fn evals              = 512001
f2 RHS fn evals              = 512001

Order of accuracy wrt solution:    expected = 6, max = 5.9959,  avg = 3.9792,  overall = 4.5039
Order of accuracy wrt Hamiltonian: expected = 6, max = 6.2667,  avg = 4.6429,  overall = 4.9135
