
   Begin Kepler Problem

Problem Arguments:
  stepper:              0
  step mode:            0
  use tstop:            1
  use compensated sums: 1
  dt:                   0.01
  Tf:                   100
  nout:                 50

t = 0.0000, H(p,q) = -0.5000000000000000, L(p,q) = 0.8000000000000000
t = 2.0000, H(p,q)-H0 = 0.0000000021900070, L(p,q)-L0 = 0.0000000000000000
ROOT RETURN:	  g[0] =  -1, y[0] = -1.6, y[1] = -1.8463e-14, num. orbits is now 0.50
t = 3.1416, H(p,q)-H0 = 0.0000000021905043, L(p,q)-L0 = -0.0000000000000039
t = 4.0000, H(p,q)-H0 = 0.0000000021902836, L(p,q)-L0 = 0.0000000000000000
t = 6.0000, H(p,q)-H0 = -0.0000000001292901, L(p,q)-L0 = 0.0000000000000001
ROOT RETURN:	  g[0] =   1, y[0] = 0.4, y[1] = 1.39956e-13, num. orbits is now 1.00
t = 6.2832, H(p,q)-H0 = -0.0000000251097627, L(p,q)-L0 = -0.0000000054735654
t = 8.0000, H(p,q)-H0 = 0.0000000021893968, L(p,q)-L0 = 0.0000000000000000
ROOT RETURN:	  g[0] =  -1, y[0] = -1.6, y[1] = -5.22242e-14, num. orbits is now 1.50
t = 9.4248, H(p,q)-H0 = 0.0000000021905014, L(p,q)-L0 = -0.0000000000000122
t = 10.0000, H(p,q)-H0 = 0.0000000021904204, L(p,q)-L0 = 0.0000000000000001
t = 12.0000, H(p,q)-H0 = 0.0000000019669064, L(p,q)-L0 = 0.0000000000000001
ROOT RETURN:	  g[0] =   1, y[0] = 0.4, y[1] = 2.79381e-13, num. orbits is now 2.00
t = 12.5664, H(p,q)-H0 = -0.0000000433269707, L(p,q)-L0 = -0.0000000094495753
t = 14.0000, H(p,q)-H0 = 0.0000000021878396, L(p,q)-L0 = 0.0000000000000000
ROOT RETURN:	  g[0] =  -1, y[0] = -1.6, y[1] = -6.93564e-16, num. orbits is now 2.50
t = 15.7080, H(p,q)-H0 = 0.0000000021905013, L(p,q)-L0 = -0.0000000000000127
t = 16.0000, H(p,q)-H0 = 0.0000000021904855, L(p,q)-L0 = 0.0000000000000001
t = 18.0000, H(p,q)-H0 = 0.0000000021569465, L(p,q)-L0 = 0.0000000000000001
ROOT RETURN:	  g[0] =   1, y[0] = 0.4, y[1] = 1.05291e-13, num. orbits is now 3.00
t = 18.8496, H(p,q)-H0 = -0.0000000120056733, L(p,q)-L0 = -0.0000000026200589
t = 20.0000, H(p,q)-H0 = 0.0000000021828336, L(p,q)-L0 = -0.0000000000000001
ROOT RETURN:	  g[0] =  -1, y[0] = -1.6, y[1] = -1.59849e-13, num. orbits is now 3.50
t = 21.9911, H(p,q)-H0 = 0.0000000021905046, L(p,q)-L0 = -0.0000000000000026
t = 22.0000, H(p,q)-H0 = 0.0000000021905054, L(p,q)-L0 = 0.0000000000000000
t = 24.0000, H(p,q)-H0 = 0.0000000021821995, L(p,q)-L0 = 0.0000000000000000
ROOT RETURN:	  g[0] =   1, y[0] = 0.4, y[1] = 3.38596e-15, num. orbits is now 4.00
t = 25.1327, H(p,q)-H0 = -0.0000000213724685, L(p,q)-L0 = -0.0000000046585866
t = 26.0000, H(p,q)-H0 = 0.0000000021602145, L(p,q)-L0 = 0.0000000000000000
t = 28.0000, H(p,q)-H0 = 0.0000000021904880, L(p,q)-L0 = -0.0000000000000001
ROOT RETURN:	  g[0] =  -1, y[0] = -1.6, y[1] = -1.55167e-13, num. orbits is now 4.50
t = 28.2743, H(p,q)-H0 = 0.0000000021905018, L(p,q)-L0 = -0.0000000000000110
t = 30.0000, H(p,q)-H0 = 0.0000000021876620, L(p,q)-L0 = 0.0000000000000000
ROOT RETURN:	  g[0] =   1, y[0] = 0.4, y[1] = 1.42638e-15, num. orbits is now 5.00
t = 31.4159, H(p,q)-H0 = -0.0000000424953095, L(p,q)-L0 = -0.0000000092674627
t = 32.0000, H(p,q)-H0 = 0.0000000019945792, L(p,q)-L0 = -0.0000000000000001
t = 34.0000, H(p,q)-H0 = 0.0000000021904266, L(p,q)-L0 = 0.0000000000000000
ROOT RETURN:	  g[0] =  -1, y[0] = -1.6, y[1] = -1.89735e-17, num. orbits is now 5.50
t = 34.5575, H(p,q)-H0 = 0.0000000021905008, L(p,q)-L0 = -0.0000000000000137
t = 36.0000, H(p,q)-H0 = 0.0000000021893327, L(p,q)-L0 = 0.0000000000000000
ROOT RETURN:	  g[0] =   1, y[0] = 0.4, y[1] = 7.2076e-13, num. orbits is now 6.00
t = 37.6991, H(p,q)-H0 = -0.0000000216938079, L(p,q)-L0 = -0.0000000047339082
t = 38.0000, H(p,q)-H0 = 0.0000000001444083, L(p,q)-L0 = -0.0000000000000001
t = 40.0000, H(p,q)-H0 = 0.0000000021902961, L(p,q)-L0 = 0.0000000000000000
ROOT RETURN:	  g[0] =  -1, y[0] = -1.6, y[1] = -1.53213e-15, num. orbits is now 6.50
t = 40.8407, H(p,q)-H0 = 0.0000000021905050, L(p,q)-L0 = -0.0000000000000016
t = 42.0000, H(p,q)-H0 = 0.0000000021899793, L(p,q)-L0 = 0.0000000000000000
ROOT RETURN:	  g[0] =   1, y[0] = 0.4, y[1] = 9.7841e-13, num. orbits is now 7.00
t = 43.9823, H(p,q)-H0 = -0.0000000176133177, L(p,q)-L0 = -0.0000000038389567
t = 44.0000, H(p,q)-H0 = -0.0000000000875646, L(p,q)-L0 = 0.0000000000000000
t = 46.0000, H(p,q)-H0 = 0.0000000021900308, L(p,q)-L0 = -0.0000000000000001
ROOT RETURN:	  g[0] =  -1, y[0] = -1.6, y[1] = -8.74084e-16, num. orbits is now 7.50
t = 47.1239, H(p,q)-H0 = 0.0000000021905019, L(p,q)-L0 = -0.0000000000000103
t = 48.0000, H(p,q)-H0 = 0.0000000021902713, L(p,q)-L0 = 0.0000000000000000
t = 50.0000, H(p,q)-H0 = -0.0000000004525249, L(p,q)-L0 = 0.0000000000000000
ROOT RETURN:	  g[0] =   1, y[0] = 0.4, y[1] = 1.67141e-15, num. orbits is now 8.00
t = 50.2655, H(p,q)-H0 = -0.0000000408960008, L(p,q)-L0 = -0.0000000089179992
t = 52.0000, H(p,q)-H0 = 0.0000000021894521, L(p,q)-L0 = 0.0000000000000000
ROOT RETURN:	  g[0] =  -1, y[0] = -1.6, y[1] = -5.15863e-16, num. orbits is now 8.50
t = 53.4071, H(p,q)-H0 = 0.0000000021905006, L(p,q)-L0 = -0.0000000000000144
t = 54.0000, H(p,q)-H0 = 0.0000000021904143, L(p,q)-L0 = 0.0000000000000000
t = 56.0000, H(p,q)-H0 = 0.0000000019337542, L(p,q)-L0 = -0.0000000000000001
ROOT RETURN:	  g[0] =   1, y[0] = 0.4, y[1] = 1.8657e-15, num. orbits is now 9.00
t = 56.5487, H(p,q)-H0 = -0.0000000292986966, L(p,q)-L0 = -0.0000000063928237
t = 58.0000, H(p,q)-H0 = 0.0000000021879920, L(p,q)-L0 = 0.0000000000000000
ROOT RETURN:	  g[0] =  -1, y[0] = -1.6, y[1] = -3.02614e-16, num. orbits is now 9.50
t = 59.6903, H(p,q)-H0 = 0.0000000021905053, L(p,q)-L0 = -0.0000000000000006
t = 60.0000, H(p,q)-H0 = 0.0000000021904829, L(p,q)-L0 = 0.0000000000000000
t = 62.0000, H(p,q)-H0 = 0.0000000021533409, L(p,q)-L0 = 0.0000000000000000
ROOT RETURN:	  g[0] =   1, y[0] = 0.4, y[1] = 4.24823e-15, num. orbits is now 10.00
t = 62.8319, H(p,q)-H0 = -0.0000000138979526, L(p,q)-L0 = -0.0000000030289788
t = 64.0000, H(p,q)-H0 = 0.0000000021833788, L(p,q)-L0 = 0.0000000000000000
ROOT RETURN:	  g[0] =  -1, y[0] = -1.6, y[1] = -3.66165e-13, num. orbits is now 10.50
t = 65.9734, H(p,q)-H0 = 0.0000000021905023, L(p,q)-L0 = -0.0000000000000091
t = 66.0000, H(p,q)-H0 = 0.0000000021905053, L(p,q)-L0 = 0.0000000000000000
t = 68.0000, H(p,q)-H0 = 0.0000000021815429, L(p,q)-L0 = 0.0000000000000000
ROOT RETURN:	  g[0] =   1, y[0] = 0.4, y[1] = 6.22746e-13, num. orbits is now 11.00
t = 69.1150, H(p,q)-H0 = -0.0000000386645458, L(p,q)-L0 = -0.0000000084307670
t = 70.0000, H(p,q)-H0 = 0.0000000021630524, L(p,q)-L0 = 0.0000000000000000
t = 72.0000, H(p,q)-H0 = 0.0000000021904903, L(p,q)-L0 = 0.0000000000000001
ROOT RETURN:	  g[0] =  -1, y[0] = -1.6, y[1] = -9.81095e-16, num. orbits is now 11.50
t = 72.2566, H(p,q)-H0 = 0.0000000021905011, L(p,q)-L0 = -0.0000000000000137
t = 74.0000, H(p,q)-H0 = 0.0000000021874851, L(p,q)-L0 = 0.0000000000000000
ROOT RETURN:	  g[0] =   1, y[0] = 0.4, y[1] = 6.19687e-15, num. orbits is now 12.00
t = 75.3982, H(p,q)-H0 = -0.0000000350417622, L(p,q)-L0 = -0.0000000076452502
t = 76.0000, H(p,q)-H0 = 0.0000000020191780, L(p,q)-L0 = 0.0000000000000000
t = 78.0000, H(p,q)-H0 = 0.0000000021904321, L(p,q)-L0 = 0.0000000000000000
ROOT RETURN:	  g[0] =  -1, y[0] = -1.6, y[1] = -7.80897e-16, num. orbits is now 12.50
t = 78.5398, H(p,q)-H0 = 0.0000000021905052, L(p,q)-L0 = -0.0000000000000016
t = 80.0000, H(p,q)-H0 = 0.0000000021892700, L(p,q)-L0 = 0.0000000000000000
ROOT RETURN:	  g[0] =   1, y[0] = 0.4, y[1] = 2.12829e-15, num. orbits is now 13.00
t = 81.6814, H(p,q)-H0 = -0.0000000102837465, L(p,q)-L0 = -0.0000000022411497
t = 82.0000, H(p,q)-H0 = 0.0000000004158345, L(p,q)-L0 = 0.0000000000000000
t = 84.0000, H(p,q)-H0 = 0.0000000021903072, L(p,q)-L0 = 0.0000000000000000
ROOT RETURN:	  g[0] =  -1, y[0] = -1.6, y[1] = -1.08594e-15, num. orbits is now 13.50
t = 84.8230, H(p,q)-H0 = 0.0000000021905030, L(p,q)-L0 = -0.0000000000000079
t = 86.0000, H(p,q)-H0 = 0.0000000021899529, L(p,q)-L0 = 0.0000000000000000
ROOT RETURN:	  g[0] =   1, y[0] = 0.4, y[1] = 1.39081e-15, num. orbits is now 14.00
t = 87.9646, H(p,q)-H0 = -0.0000000359256325, L(p,q)-L0 = -0.0000000078329790
t = 88.0000, H(p,q)-H0 = -0.0000000003564951, L(p,q)-L0 = 0.0000000000000001
t = 90.0000, H(p,q)-H0 = 0.0000000021900539, L(p,q)-L0 = 0.0000000000000000
ROOT RETURN:	  g[0] =  -1, y[0] = -1.6, y[1] = -5.02484e-13, num. orbits is now 14.50
t = 91.1062, H(p,q)-H0 = 0.0000000021905010, L(p,q)-L0 = -0.0000000000000140
t = 92.0000, H(p,q)-H0 = 0.0000000021902586, L(p,q)-L0 = -0.0000000000000001
t = 94.0000, H(p,q)-H0 = -0.0000000007952292, L(p,q)-L0 = 0.0000000000000000
ROOT RETURN:	  g[0] =   1, y[0] = 0.4, y[1] = 2.09665e-12, num. orbits is now 15.00
t = 94.2478, H(p,q)-H0 = -0.0000000391316357, L(p,q)-L0 = -0.0000000085368170
t = 96.0000, H(p,q)-H0 = 0.0000000021895048, L(p,q)-L0 = 0.0000000000000000
ROOT RETURN:	  g[0] =  -1, y[0] = -1.6, y[1] = -5.3942e-13, num. orbits is now 15.50
t = 97.3894, H(p,q)-H0 = 0.0000000021905039, L(p,q)-L0 = -0.0000000000000053
t = 98.0000, H(p,q)-H0 = 0.0000000021904082, L(p,q)-L0 = 0.0000000000000000
t = 100.0000, H(p,q)-H0 = 0.0000000018950308, L(p,q)-L0 = 0.0000000000000001
Current time                 = 100
Steps                        = 10000
Step attempts                = 10000
Stability limited steps      = 0
Accuracy limited steps       = 0
Error test fails             = 0
NLS step fails               = 0
Inequality constraint fails  = 0
Initial step size            = 0.010000000000000000208166817117217
Last step size               = 0.010000000000000000208166817117217
Current step size            = 0.010000000000000000208166817117217
Root fn evals                = 10294
f1 RHS fn evals              = 40032
f2 RHS fn evals              = 40032
