
2D Heat PDE test problem:
 --------------------------------- 
  nprocs         = 4
  npx            = 2
  npy            = 2
 --------------------------------- 
  kx             = 1
  ky             = 1
  forcing        = 1
  tf             = 1
  xu             = 1
  yu             = 1
  nx             = 32
  ny             = 32
  nxl (proc 0)   = 16
  nyl (proc 0)   = 16
  dx             = 0.0322581
  dy             = 0.0322581
 --------------------------------- 
  rtol           = 1e-05
  atol           = 1e-10
  order          = 3
  fixed h        = 0
  controller     = 0
  linear         = 1
 --------------------------------- 
  linear solver  = PCG
  lin iters      = 20
  eps lin        = 0
  prec           = 1
  msbp           = 0
 --------------------------------- 
  output         = 1
 --------------------------------- 

          t                     ||u||_rms                max error      
 -----------------------------------------------------------------------
0.000000000000000000e+00 3.632812500000000000e-01 0.000000000000000000e+00
5.000000000000000000e-02 3.551986498111844222e-01 2.454702362967637512e-03
1.000000000000000000e-01 3.296221517643068904e-01 2.894319656837398885e-03
1.500000000000000000e-01 2.894444478414540219e-01 2.833053448018961213e-03
2.000000000000000000e-01 2.387096961496004800e-01 2.521200407150068351e-03
2.500000000000000000e-01 1.824253437638404172e-01 2.077648041515390681e-03
3.000000000000000000e-01 1.261157328906779093e-01 1.577371776431479568e-03
3.500000000000000000e-01 7.529901322654526174e-02 1.082802001008703515e-03
4.000000000000000000e-01 3.495151006929464127e-02 6.466205634236134615e-04
4.500000000000000000e-01 9.023488274210782237e-03 3.131370866906801934e-04
5.000000000000000001e-01 5.514320887945657387e-05 1.155628049087862168e-04
5.500000000000000001e-01 8.918922675377954689e-03 7.378151540802137733e-05
6.000000000000000001e-01 3.475273473541460663e-02 1.914311091454128587e-04
6.500000000000000001e-01 7.502609009578095890e-02 4.577469237410064615e-04
7.000000000000000001e-01 1.257963891245197855e-01 8.457592543952548256e-04
7.500000000000000001e-01 1.820941829411811682e-01 1.318848674498632932e-03
8.000000000000000001e-01 2.384088008635714955e-01 1.829268683177827240e-03
8.500000000000000001e-01 2.892273044108740502e-01 2.327582579642233161e-03
9.000000000000000001e-01 3.295754787913786580e-01 2.765183840382074527e-03
9.500000000000000002e-01 3.555038460687758103e-01 3.099377299917720544e-03
1.000000000000000000e+00 3.644742072641004043e-01 3.297116931183253716e-03
 -----------------------------------------------------------------------

Final integrator statistics:
  Steps            = 207
  Step attempts    = 242
  Error test fails = 35
  RHS evals        = 1697
  NLS iters        = 726
  NLS fails        = 0
  LS iters         = 13934
  LS fails         = 642
  LS setups        = 112
  LS RHS evals     = 13934
  Jv products      = 13934

  Avg NLS iters per step attempt = 3.000000
  Avg LS iters per NLS iter      = 19.192837

  Preconditioner setups = 37
  Preconditioner solves = 13934

  Max error = 3.297116931183253716e-03
