
Multirate nonlinear Kvaerno-Prothero-Robinson test problem:
    time domain:  (0,5]
    hs = 0.00099999999999999999996
    hf = 9.9999999999999999999e-06
    G = -100
    w = 100
    e = 0.5
    solver: dirk-3/exp-3 (MRI-GARK-ESDIRK34a / ERK-3-3) -- solve decoupled
    reltol = 1.00e-09,  abstol = 1.00e-11
        t           u           v       uerr      verr
   ------------------------------------------------------
    0.000000    1.224745    1.732051  0.00e+00  0.00e+00
    0.100000    1.223725    1.077465  4.02e-10  5.78e-11
    0.200000    1.220669    1.551796  4.06e-10  1.11e-10
    0.300000    1.215594    1.467743  3.95e-10  1.60e-10
    0.400000    1.208524    1.154575  3.88e-10  2.03e-10
    0.500000    1.199496    1.721910  3.80e-10  2.40e-10
    0.600000    1.188557    1.023522  3.81e-10  2.75e-10
    0.700000    1.175764    1.622740  3.29e-10  3.02e-10
    0.800000    1.161186    1.374650  3.41e-10  3.25e-10
    0.900000    1.144904    1.245744  3.23e-10  3.43e-10
    1.000000    1.127010    1.691848  3.03e-10  3.55e-10
    1.100000    1.107609    1.000491  2.71e-10  3.56e-10
    1.200000    1.086821    1.677539  2.54e-10  3.60e-10
    1.300000    1.064777    1.277804  2.27e-10  3.62e-10
    1.400000    1.041625    1.342424  1.95e-10  3.58e-10
    1.500000    1.017531    1.642960  1.58e-10  3.46e-10
    1.600000    0.992673    1.012101  1.21e-10  3.34e-10
    1.700000    0.967253    1.714047  7.80e-11  3.15e-10
    1.800000    0.941488    1.183904  3.34e-11  2.93e-10
    1.900000    0.915617    1.437425  1.78e-11  2.64e-10
    2.000000    0.889903    1.577116  7.23e-11  2.30e-10
    2.100000    0.864625    1.056439  1.32e-10  1.93e-10
    2.200000    0.840089    1.730917  1.96e-10  1.47e-10
    2.300000    0.816616    1.101086  2.61e-10  9.87e-11
    2.400000    0.794546    1.525006  3.30e-10  4.31e-11
    2.500000    0.774227    1.497043  4.23e-10  3.20e-11
    2.600000    0.756013    1.126809  4.68e-10  9.46e-11
    2.700000    0.740246    1.727545  5.36e-10  1.62e-10
    2.800000    0.727247    1.038425  5.93e-10  2.32e-10
    2.900000    0.717301    1.600713  5.05e-10  3.03e-10
    3.000000    0.710636    1.406445  6.73e-10  3.72e-10
    3.100000    0.707412    1.214286  6.94e-10  4.38e-10
    3.200000    0.707709    1.704051  6.99e-10  5.00e-10
    3.300000    0.711520    1.004404  6.73e-10  5.52e-10
    3.400000    0.718750    1.661184  6.52e-10  5.98e-10
    3.500000    0.729227    1.310180  6.07e-10  6.33e-10
    3.600000    0.742712    1.309999  5.52e-10  6.57e-10
    3.700000    0.758914    1.661281  4.95e-10  6.78e-10
    3.800000    0.777506    1.004372  4.21e-10  6.78e-10
    3.900000    0.798144    1.703989  3.62e-10  6.71e-10
    4.000000    0.820474    1.214459  2.84e-10  6.52e-10
    4.100000    0.844149    1.406269  3.44e-10  6.20e-10
    4.200000    0.868832    1.600841  1.51e-10  5.78e-10
    4.300000    0.894204    1.038333  9.09e-11  5.62e-10
    4.400000    0.919964    1.727520  4.16e-11  5.10e-10
    4.500000    0.945834    1.126958  1.62e-11  4.85e-10
    4.600000    0.971557    1.496883  6.43e-11  4.17e-10
    4.700000    0.996898    1.525159  1.06e-10  3.66e-10
    4.800000    1.021641    1.100948  1.47e-10  3.28e-10
    4.900000    1.045589    1.730929  1.85e-10  2.46e-10
    5.000000    1.068565    1.056548  3.60e-10  2.21e-10
   ------------------------------------------------------

Final Solver Statistics:
   Steps: nsts = 5000, nstf = 510000
   u error = 3.764e-10, v error = 3.963e-10, total error = 3.864e-10
   Total RHS evals:  Fs = 35313,  Ff = 1550001
   Slow Newton iters = 30312
   Slow Newton conv fails = 0
   Slow Jacobian evals = 250
