
Multirate nonlinear Kvaerno-Prothero-Robinson test problem:
    time domain:  (0,5]
    hs = 0.010000000000000000208
    hf = 0.00010000000000000000479
    G = -100
    w = 100
    e = 0.5
    solver: exp-3/none (explicit slow, no fast)
        t           u           v       uerr      verr
   ------------------------------------------------------
    0.000000    1.224745    1.732051  0.00e+00  0.00e+00
    0.100000    1.223594    1.416499  1.31e-04  3.39e-01
    0.200000    1.220621    1.551459  4.80e-05  3.41e-04
    0.300000    1.215670    1.468283  7.66e-05  5.46e-04
    0.400000    1.208470    1.153553  5.41e-05  1.03e-03
    0.500000    1.199503    1.721912  7.15e-06  4.49e-06
    0.600000    1.188562    1.024685  5.17e-06  1.17e-03
    0.700000    1.175722    1.622394  4.23e-05  3.56e-04
    0.800000    1.161273    1.375492  8.70e-05  8.60e-04
    0.900000    1.144848    1.244851  5.63e-05  9.12e-04
    1.000000    1.127033    1.692049  2.33e-05  2.10e-04
    1.100000    1.107588    1.000787  2.12e-05  2.98e-04
    1.200000    1.086786    1.677292  3.42e-05  2.60e-04
    1.300000    1.064866    1.278796  8.90e-05  1.02e-03
    1.400000    1.041569    1.341623  5.69e-05  8.32e-04
    1.500000    1.017571    1.643329  4.05e-05  3.90e-04
    1.600000    0.992634    1.011394  3.91e-05  7.18e-04
    1.700000    0.967229    1.714025  2.36e-05  3.26e-05
    1.800000    0.941564    1.184983  7.60e-05  1.12e-03
    1.900000    0.915563    1.436882  5.48e-05  5.83e-04
    2.000000    0.889959    1.577469  5.66e-05  3.87e-04
    2.100000    0.862162    1.063874  2.46e-03  7.41e-03
    2.200000    0.837640    1.569327  2.45e-03  1.62e-01
    2.300000    0.814418    1.447284  2.20e-03  3.46e-01
    2.400000    0.792373    1.173951  2.17e-03  3.51e-01
    2.500000    0.772315    1.716694  1.91e-03  2.20e-01
    2.600000    0.754317    1.016186  1.70e-03  1.11e-01
    2.700000    0.738774    1.636726  1.47e-03  9.08e-02
    2.800000    0.726198    1.353074  1.05e-03  3.15e-01
    2.900000    0.716425    1.267221  8.76e-04  3.34e-01
    3.000000    0.710182    1.682333  4.54e-04  2.76e-01
    3.100000    0.707255    1.000126  1.57e-04  2.14e-01
    3.200000    0.707899    1.687562  1.90e-04  1.65e-02
    3.300000    0.712177    1.256370  6.57e-04  2.52e-01
    3.400000    0.719596    1.364218  8.47e-04  2.97e-01
    3.500000    0.730487    1.629412  1.26e-03  3.19e-01
    3.600000    0.744172    1.018829  1.46e-03  2.91e-01
    3.700000    0.760649    1.719790  1.74e-03  5.86e-02
    3.800000    0.779554    1.164391  2.05e-03  1.60e-01
    3.900000    0.800252    1.458232  2.11e-03  2.46e-01
    4.000000    0.822847    1.559942  2.37e-03  3.46e-01
    4.100000    0.846527    1.069679  2.38e-03  3.37e-01
    4.200000    0.871334    1.731976  2.50e-03  1.31e-01
    4.300000    0.896808    1.085664  2.60e-03  4.73e-02
    4.400000    0.922501    1.543586  2.54e-03  1.84e-01
    4.500000    0.948492    1.477171  2.66e-03  3.50e-01
    4.600000    0.974058    1.145041  2.50e-03  3.52e-01
    4.700000    0.999408    1.723841  2.51e-03  1.99e-01
    4.800000    1.024082    1.028864  2.44e-03  7.22e-02
    4.900000    1.047890    1.615987  2.30e-03  1.15e-01
    5.000000    1.070889    1.385064  2.32e-03  3.29e-01
   ------------------------------------------------------

Final Solver Statistics:
   Steps: nsts = 501, nstf = 50601
   u error = 1.524e-03, v error = 1.956e-01, total error = 1.383e-01
   Total RHS evals:  Fs = 1504,  Ff = 152306
