
Robertson ODE test problem:
    initial conditions:  u0 = 1,  v0 = 0,  w0 = 0
        t           u           v           w
   --------------------------------------------------
   0.000e+00   1.00000e+00   0.00000e+00   0.00000e+00
   1.000e+09   2.08322e-06   8.28737e-12   9.99998e-01
   2.000e+09   1.04164e-06   4.15487e-12   9.99999e-01
   3.000e+09   6.94434e-07   2.72178e-12   9.99999e-01
   4.000e+09   5.20826e-07   2.07293e-12   9.99999e-01
   5.000e+09   4.16664e-07   1.67045e-12   1.00000e+00
   6.000e+09   3.47219e-07   1.38017e-12   1.00000e+00
   7.000e+09   2.97620e-07   1.19042e-12   1.00000e+00
   8.000e+09   2.60415e-07   1.04199e-12   1.00000e+00
   9.000e+09   2.31480e-07   9.27130e-13   1.00000e+00
   1.000e+10   2.08326e-07   8.31443e-13   1.00000e+00
   1.100e+10   1.89396e-07   7.57724e-13   1.00000e+00
   1.200e+10   1.73608e-07   6.94613e-13   1.00000e+00
   1.300e+10   1.60258e-07   6.40846e-13   1.00000e+00
   1.400e+10   1.48810e-07   5.96290e-13   1.00000e+00
   1.500e+10   1.38890e-07   5.54294e-13   1.00000e+00
   1.600e+10   1.30209e-07   5.20695e-13   1.00000e+00
   1.700e+10   1.22547e-07   4.89647e-13   1.00000e+00
   1.800e+10   1.15738e-07   4.61475e-13   1.00000e+00
   1.900e+10   1.09650e-07   4.38673e-13   1.00000e+00
   2.000e+10   1.04166e-07   4.17775e-13   1.00000e+00
   2.100e+10   9.92063e-08   3.96874e-13   1.00000e+00
   2.200e+10   9.46978e-08   3.79746e-13   1.00000e+00
   2.300e+10   9.05768e-08   3.65297e-13   1.00000e+00
   2.400e+10   8.68012e-08   3.51411e-13   1.00000e+00
   2.500e+10   8.33319e-08   3.36903e-13   1.00000e+00
   2.600e+10   8.01295e-08   3.20588e-13   1.00000e+00
   2.700e+10   7.71604e-08   3.05916e-13   1.00000e+00
   2.800e+10   7.44035e-08   2.95466e-13   1.00000e+00
   2.900e+10   7.18386e-08   2.86942e-13   1.00000e+00
   3.000e+10   6.94455e-08   2.78051e-13   1.00000e+00
   3.100e+10   6.72050e-08   2.68060e-13   1.00000e+00
   3.200e+10   6.51041e-08   2.59508e-13   1.00000e+00
   3.300e+10   6.31313e-08   2.52014e-13   1.00000e+00
   3.400e+10   6.12753e-08   2.45026e-13   1.00000e+00
   3.500e+10   5.95245e-08   2.38079e-13   1.00000e+00
   3.600e+10   5.78697e-08   2.31418e-13   1.00000e+00
   3.700e+10   5.63044e-08   2.25117e-13   1.00000e+00
   3.800e+10   5.48224e-08   2.19161e-13   1.00000e+00
   3.900e+10   5.34175e-08   2.13539e-13   1.00000e+00
   4.000e+10   5.20834e-08   2.08237e-13   1.00000e+00
   4.100e+10   5.08139e-08   2.03242e-13   1.00000e+00
   4.200e+10   4.96037e-08   1.98683e-13   1.00000e+00
   4.300e+10   4.84495e-08   1.94601e-13   1.00000e+00
   4.400e+10   4.73480e-08   1.90756e-13   1.00000e+00
   4.500e+10   4.62959e-08   1.86909e-13   1.00000e+00
   4.600e+10   4.52899e-08   1.82818e-13   1.00000e+00
   4.700e+10   4.43269e-08   1.78244e-13   1.00000e+00
   4.800e+10   4.34035e-08   1.73057e-13   1.00000e+00
   4.900e+10   4.25170e-08   1.68309e-13   1.00000e+00
   5.000e+10   4.16655e-08   1.64234e-13   1.00000e+00
   5.100e+10   4.08476e-08   1.60731e-13   1.00000e+00
   5.200e+10   4.00614e-08   1.57699e-13   1.00000e+00
   5.300e+10   3.93054e-08   1.55036e-13   1.00000e+00
   5.400e+10   3.85779e-08   1.52639e-13   1.00000e+00
   5.500e+10   3.78773e-08   1.50407e-13   1.00000e+00
   5.600e+10   3.72020e-08   1.48239e-13   1.00000e+00
   5.700e+10   3.65502e-08   1.46032e-13   1.00000e+00
   5.800e+10   3.59204e-08   1.43685e-13   1.00000e+00
   5.900e+10   3.53113e-08   1.41298e-13   1.00000e+00
   6.000e+10   3.47224e-08   1.38987e-13   1.00000e+00
   6.100e+10   3.41527e-08   1.36748e-13   1.00000e+00
   6.200e+10   3.36016e-08   1.34573e-13   1.00000e+00
   6.300e+10   3.30681e-08   1.32458e-13   1.00000e+00
   6.400e+10   3.25515e-08   1.30396e-13   1.00000e+00
   6.500e+10   3.20510e-08   1.28381e-13   1.00000e+00
   6.600e+10   3.15658e-08   1.26407e-13   1.00000e+00
   6.700e+10   3.10950e-08   1.24469e-13   1.00000e+00
   6.800e+10   3.06380e-08   1.22560e-13   1.00000e+00
   6.900e+10   3.01938e-08   1.20661e-13   1.00000e+00
   7.000e+10   2.97620e-08   1.18747e-13   1.00000e+00
   7.100e+10   2.93422e-08   1.16835e-13   1.00000e+00
   7.200e+10   2.89341e-08   1.14938e-13   1.00000e+00
   7.300e+10   2.85371e-08   1.13073e-13   1.00000e+00
   7.400e+10   2.81510e-08   1.11254e-13   1.00000e+00
   7.500e+10   2.77753e-08   1.09498e-13   1.00000e+00
   7.600e+10   2.74097e-08   1.07819e-13   1.00000e+00
   7.700e+10   2.70539e-08   1.06234e-13   1.00000e+00
   7.800e+10   2.67073e-08   1.04758e-13   1.00000e+00
   7.900e+10   2.63697e-08   1.03406e-13   1.00000e+00
   8.000e+10   2.60406e-08   1.02195e-13   1.00000e+00
   8.100e+10   2.57197e-08   1.01138e-13   1.00000e+00
   8.200e+10   2.54067e-08   1.00252e-13   1.00000e+00
   8.300e+10   2.51010e-08   9.95529e-14   1.00000e+00
   8.400e+10   2.48023e-08   9.90553e-14   1.00000e+00
   8.500e+10   2.45105e-08   9.86000e-14   1.00000e+00
   8.600e+10   2.42253e-08   9.79766e-14   1.00000e+00
   8.700e+10   2.39466e-08   9.72057e-14   1.00000e+00
   8.800e+10   2.36742e-08   9.63084e-14   1.00000e+00
   8.900e+10   2.34080e-08   9.53061e-14   1.00000e+00
   9.000e+10   2.31477e-08   9.42201e-14   1.00000e+00
   9.100e+10   2.28932e-08   9.30717e-14   1.00000e+00
   9.200e+10   2.26443e-08   9.18823e-14   1.00000e+00
   9.300e+10   2.24009e-08   9.06732e-14   1.00000e+00
   9.400e+10   2.21627e-08   8.94656e-14   1.00000e+00
   9.500e+10   2.19296e-08   8.82809e-14   1.00000e+00
   9.600e+10   2.17014e-08   8.71405e-14   1.00000e+00
   9.700e+10   2.14779e-08   8.60656e-14   1.00000e+00
   9.800e+10   2.12589e-08   8.50775e-14   1.00000e+00
   9.900e+10   2.10444e-08   8.41976e-14   1.00000e+00
   1.000e+11   2.08340e-08   8.34468e-14   1.00000e+00
   --------------------------------------------------

Final Statistics:
Current time                 = 124601888527.92803559452295303345
Steps                        = 871
Step attempts                = 978
Stability limited steps      = 0
Accuracy limited steps       = 978
Error test fails             = 107
NLS step fails               = 0
Inequality constraint fails  = 0
Initial step size            = 1.0000000000000000000007074462189e-08
Last step size               = 24675675229.090077618137001991272
Current step size            = 24675675229.090077618137001991272
Explicit RHS fn evals        = 0
Implicit RHS fn evals        = 29051
NLS iters                    = 24160
NLS fails                    = 38
NLS iters per step           = 27.738231917336394947992683768234
LS setups                    = 345
Jac fn evals                 = 46
LS RHS fn evals              = 0
Prec setup evals             = 0
Prec solves                  = 0
LS iters                     = 0
LS fails                     = 0
Jac-times setups             = 0
Jac-times evals              = 0
LS iters per NLS iter        = 0
Jac evals per NLS iter       = 0.0019039735099337748344797182145638
Prec evals per NLS iter      = 0
