
   Begin Kepler Problem

Problem Arguments:
  stepper:              1
  step mode:            0
  use tstop:            1
  use compensated sums: 0
  dt:                   0.001
  Tf:                   50
  nout:                 1

t = 0.0000, H(p,q) = -0.5000000000000000, L(p,q) = 0.8000000000000000
t = 50.0000, H(p,q)-H0 = -2.2382096176443156e-13, L(p,q)-L0 = -4.9960036108132044e-14
Current time                 = 50
Steps                        = 50001
Step attempts                = 50001
Stability limited steps      = 0
Accuracy limited steps       = 0
Error test fails             = 0
NLS step fails               = 0
Inequality constraint fails  = 0
Initial step size            = 0.0010000000000000000208166817117217
Last step size               = 2.5828228444879619138195492629614e-11
Current step size            = 2.5828228444879619138195492629614e-11
Explicit RHS fn evals        = 400010
Implicit RHS fn evals        = 0
NLS iters                    = 0
NLS fails                    = 0
NLS iters per step           = 0
LS setups                    = 0

   Begin Kepler Problem

Problem Arguments:
  stepper:              0
  step mode:            0
  use tstop:            1
  use compensated sums: 0
  dt:                   0.1
  Tf:                   50
  nout:                 1

t = 0.0000, H(p,q) = -0.5000000000000000, L(p,q) = 0.8000000000000000
t = 50.0000, H(p,q)-H0 = 7.5734793938408984e-06, L(p,q)-L0 = 1.1102230246251565e-15
Current time                 = 50
Steps                        = 500
Step attempts                = 500
Stability limited steps      = 0
Accuracy limited steps       = 0
Error test fails             = 0
NLS step fails               = 0
Inequality constraint fails  = 0
Initial step size            = 0.10000000000000000555111512312578
Last step size               = 0.099999999999560801322573411198391
Current step size            = 0.099999999999560801322573411198391
f1 RHS fn evals              = 3001
f2 RHS fn evals              = 3001


   Begin Kepler Problem

Problem Arguments:
  stepper:              0
  step mode:            0
  use tstop:            1
  use compensated sums: 0
  dt:                   0.05
  Tf:                   50
  nout:                 1

t = 0.0000, H(p,q) = -0.5000000000000000, L(p,q) = 0.8000000000000000
t = 50.0000, H(p,q)-H0 = 1.3166233148176332e-07, L(p,q)-L0 = -1.9984014443252818e-15
Current time                 = 50
Steps                        = 1000
Step attempts                = 1000
Stability limited steps      = 0
Accuracy limited steps       = 0
Error test fails             = 0
NLS step fails               = 0
Inequality constraint fails  = 0
Initial step size            = 0.050000000000000002775557561562891
Last step size               = 0.050000000000000002775557561562891
Current step size            = 0.050000000000000002775557561562891
f1 RHS fn evals              = 6001
f2 RHS fn evals              = 6001


   Begin Kepler Problem

Problem Arguments:
  stepper:              0
  step mode:            0
  use tstop:            1
  use compensated sums: 0
  dt:                   0.025
  Tf:                   50
  nout:                 1

t = 0.0000, H(p,q) = -0.5000000000000000, L(p,q) = 0.8000000000000000
t = 50.0000, H(p,q)-H0 = 2.2657438147888342e-09, L(p,q)-L0 = -8.4376949871511897e-15
Current time                 = 50
Steps                        = 2001
Step attempts                = 2001
Stability limited steps      = 0
Accuracy limited steps       = 0
Error test fails             = 0
NLS step fails               = 0
Inequality constraint fails  = 0
Initial step size            = 0.025000000000000001387778780781446
Last step size               = 1.7692514120426478472319655336374e-12
Current step size            = 1.7692514120426478472319655336374e-12
f1 RHS fn evals              = 12007
f2 RHS fn evals              = 12007


   Begin Kepler Problem

Problem Arguments:
  stepper:              0
  step mode:            0
  use tstop:            1
  use compensated sums: 0
  dt:                   0.0125
  Tf:                   50
  nout:                 1

t = 0.0000, H(p,q) = -0.5000000000000000, L(p,q) = 0.8000000000000000
t = 50.0000, H(p,q)-H0 = 4.1062042654971265e-11, L(p,q)-L0 = 1.4876988529977098e-14
Current time                 = 50
Steps                        = 4000
Step attempts                = 4000
Stability limited steps      = 0
Accuracy limited steps       = 0
Error test fails             = 0
NLS step fails               = 0
Inequality constraint fails  = 0
Initial step size            = 0.012500000000000000693889390390723
Last step size               = 0.01249999999719618795634978880571
Current step size            = 0.01249999999719618795634978880571
f1 RHS fn evals              = 24001
f2 RHS fn evals              = 24001


   Begin Kepler Problem

Problem Arguments:
  stepper:              0
  step mode:            0
  use tstop:            1
  use compensated sums: 0
  dt:                   0.00625
  Tf:                   50
  nout:                 1

t = 0.0000, H(p,q) = -0.5000000000000000, L(p,q) = 0.8000000000000000
t = 50.0000, H(p,q)-H0 = 8.0246920219906315e-13, L(p,q)-L0 = -3.1086244689504383e-15
Current time                 = 50
Steps                        = 8000
Step attempts                = 8000
Stability limited steps      = 0
Accuracy limited steps       = 0
Error test fails             = 0
NLS step fails               = 0
Inequality constraint fails  = 0
Initial step size            = 0.0062500000000000003469446951953614
Last step size               = 0.0062499999929173048057728934168154
Current step size            = 0.0062499999929173048057728934168154
f1 RHS fn evals              = 48001
f2 RHS fn evals              = 48001


   Begin Kepler Problem

Problem Arguments:
  stepper:              0
  step mode:            0
  use tstop:            1
  use compensated sums: 0
  dt:                   0.003125
  Tf:                   50
  nout:                 1

t = 0.0000, H(p,q) = -0.5000000000000000, L(p,q) = 0.8000000000000000
t = 50.0000, H(p,q)-H0 = 4.1522341120980855e-14, L(p,q)-L0 = 6.4392935428259079e-15
Current time                 = 50
Steps                        = 16001
Step attempts                = 16001
Stability limited steps      = 0
Accuracy limited steps       = 0
Error test fails             = 0
NLS step fails               = 0
Inequality constraint fails  = 0
Initial step size            = 0.0031250000000000001734723475976807
Last step size               = 1.1240786079724775246958382557293e-11
Current step size            = 1.1240786079724775246958382557293e-11
f1 RHS fn evals              = 96007
f2 RHS fn evals              = 96007


   Begin Kepler Problem

Problem Arguments:
  stepper:              0
  step mode:            0
  use tstop:            1
  use compensated sums: 0
  dt:                   0.0015625
  Tf:                   50
  nout:                 1

t = 0.0000, H(p,q) = -0.5000000000000000, L(p,q) = 0.8000000000000000
t = 50.0000, H(p,q)-H0 = 3.9968028886505635e-15, L(p,q)-L0 = 2.9864999362416711e-14
Current time                 = 50
Steps                        = 32001
Step attempts                = 32001
Stability limited steps      = 0
Accuracy limited steps       = 0
Error test fails             = 0
NLS step fails               = 0
Inequality constraint fails  = 0
Initial step size            = 0.0015625000000000000867361737988404
Last step size               = 2.8357760584185572568722427236928e-11
Current step size            = 2.8357760584185572568722427236928e-11
f1 RHS fn evals              = 192007
f2 RHS fn evals              = 192007


   Begin Kepler Problem

Problem Arguments:
  stepper:              0
  step mode:            0
  use tstop:            1
  use compensated sums: 0
  dt:                   0.00078125
  Tf:                   50
  nout:                 1

t = 0.0000, H(p,q) = -0.5000000000000000, L(p,q) = 0.8000000000000000
t = 50.0000, H(p,q)-H0 = -3.2196467714129540e-14, L(p,q)-L0 = 2.5535129566378600e-15
Current time                 = 50
Steps                        = 64000
Step attempts                = 64000
Stability limited steps      = 0
Accuracy limited steps       = 0
Error test fails             = 0
NLS step fails               = 0
Inequality constraint fails  = 0
Initial step size            = 0.00078125000000000004336808689942018
Last step size               = 0.00078124995506811891095300115495093
Current step size            = 0.00078124995506811891095300115495093
f1 RHS fn evals              = 384001
f2 RHS fn evals              = 384001

Order of accuracy wrt solution:    expected = 5, max = 5.9898,  avg = 3.4143,  overall = 3.7897
Order of accuracy wrt Hamiltonian: expected = 5, max = 5.8607,  avg = 3.9728,  overall = 4.4335
