
Brusselator ODE test problem:
    initial conditions:  u0 = 1.2,  v0 = 3.1,  w0 = 3
    problem parameters:  a = 1,  b = 3.5,  ep = 5e-06
    reltol = 1.0e-06,  abstol = 1.0e-10

        t           u           v           w
   -------------------------------------------
    0.000000    1.200000    3.100000    3.000000
    1.000000    1.078362    3.031191    3.499981
    2.000000    0.675764    3.542752    3.499988
    3.000000    0.403484    4.313640    3.499993
    4.000000    0.368038    4.948756    3.499994
    5.000000    0.413887    5.510825    3.499993
    6.000000    0.592393    5.855880    3.499990
    7.000000    4.731004    0.735747    3.499917
    8.000000    1.764708    1.604906    3.499969
    9.000000    0.501461    2.856506    3.499991
   10.000000    0.305305    3.663874    3.499995
   -------------------------------------------

Final Solver Statistics:
   Internal solver steps = 250 (attempted = 262)
   Total RHS evals:  Fe = 0,  Fi = 3282
   Total linear solver setups = 118
   Total RHS evals for setting up the linear system = 0
   Total number of Jacobian evaluations = 72
   Total number of Newton iterations = 3279
   Total number of nonlinear solver convergence failures = 71
   Total number of error test failures = 11
   Total number of failed steps from solver failure = 1
