
Multirate nonlinear Kvaerno-Prothero-Robinson test problem:
    time domain:  (0,5]
    hs = 0.010000000000000000208
    hf = 0.00010000000000000000479
    G = -100
    w = 100
    e = 0.5
    solver: exp-3/exp-3 (standard MIS)

        t           u           v       uerr      verr
   ------------------------------------------------------
    0.000000    1.224745    1.732051  0.00e+00  0.00e+00
    0.100000    1.223511    1.415777  2.13e-04  3.38e-01
    0.200000    1.220670    1.551800  8.43e-07  2.05e-08
    0.300000    1.215595    1.467737  8.33e-07  3.10e-08
    0.400000    1.208525    1.154583  8.19e-07  4.03e-08
    0.500000    1.199497    1.721908  8.00e-07  4.85e-08
    0.600000    1.188558    1.023517  7.77e-07  5.56e-08
    0.700000    1.175765    1.622751  7.49e-07  6.17e-08
    0.800000    1.161187    1.374632  7.16e-07  6.68e-08
    0.900000    1.144905    1.245763  6.78e-07  7.09e-08
    1.000000    1.127010    1.691839  6.36e-07  7.40e-08
    1.100000    1.107610    1.000490  5.87e-07  7.62e-08
    1.200000    1.086821    1.677552  5.33e-07  7.74e-08
    1.300000    1.064777    1.277775  4.73e-07  7.77e-08
    1.400000    1.041626    1.342455  4.06e-07  7.71e-08
    1.500000    1.017531    1.642940  3.32e-07  7.55e-08
    1.600000    0.992674    1.012112  2.51e-07  7.29e-08
    1.700000    0.967253    1.714058  1.61e-07  6.93e-08
    1.800000    0.941488    1.183867  6.33e-08  6.48e-08
    1.900000    0.915617    1.437465  4.33e-08  5.91e-08
    2.000000    0.889902    1.577082  1.59e-07  5.24e-08
    2.100000    0.862133    1.062482  2.49e-03  6.01e-03
    2.200000    0.837688    1.569650  2.40e-03  1.61e-01
    2.300000    0.814340    1.446653  2.28e-03  3.46e-01
    2.400000    0.792429    1.174928  2.12e-03  3.50e-01
    2.500000    0.772305    1.716647  1.92e-03  2.20e-01
    2.600000    0.754320    1.015159  1.69e-03  1.12e-01
    2.700000    0.738815    1.637071  1.43e-03  9.05e-02
    2.800000    0.726110    1.352151  1.14e-03  3.14e-01
    2.900000    0.716482    1.268115  8.19e-04  3.33e-01
    3.000000    0.710156    1.682060  4.81e-04  2.76e-01
    3.100000    0.707282    1.000078  1.31e-04  2.14e-01
    3.200000    0.707932    1.687766  2.22e-04  1.63e-02
    3.300000    0.712090    1.255328  5.70e-04  2.51e-01
    3.400000    0.719653    1.365003  9.04e-04  2.96e-01
    3.500000    0.730443    1.629008  1.22e-03  3.19e-01
    3.600000    0.744214    1.019716  1.50e-03  2.90e-01
    3.700000    0.760670    1.719782  1.76e-03  5.85e-02
    3.800000    0.779483    1.163230  1.98e-03  1.59e-01
    3.900000    0.800306    1.458744  2.16e-03  2.45e-01
    4.000000    0.822786    1.559553  2.31e-03  3.45e-01
    4.100000    0.846577    1.070871  2.43e-03  3.35e-01
    4.200000    0.871343    1.731949  2.51e-03  1.31e-01
    4.300000    0.896767    1.084290  2.56e-03  4.59e-02
    4.400000    0.922550    1.543914  2.59e-03  1.84e-01
    4.500000    0.948417    1.476638  2.58e-03  3.50e-01
    4.600000    0.974113    1.146076  2.56e-03  3.51e-01
    4.700000    0.999403    1.723833  2.50e-03  1.99e-01
    4.800000    1.024075    1.027631  2.43e-03  7.34e-02
    4.900000    1.047933    1.616330  2.34e-03  1.15e-01
    5.000000    1.070803    1.384222  2.24e-03  3.28e-01
   ------------------------------------------------------

Final Solver Statistics:
   Steps: nsts = 501, nstf = 50601
   u error = 1.522e-03, v error = 1.951e-01, total error = 1.380e-01
   Total RHS evals:  Fs = 1504,  Ff = 152306
