
2D Heat PDE test problem:
 --------------------------------- 
  nprocs         = 4
  npx            = 2
  npy            = 2
 --------------------------------- 
  Dux            = 0.001
  Duy            = 0.001
  Dvx            = 0.001
  Dvy            = 0.001
  A              = 1
  B              = 3
 --------------------------------- 
  tf             = 10
  xl             = -0.5
  xu             = 0.5
  yl             = -0.5
  yu             = 0.5
 --------------------------------- 
  nx             = 128
  ny             = 128
  dx             = 0.0078125
  dy             = 0.0078125
  nxl (proc 0)   = 64
  nyl (proc 0)   = 64
  is  (proc 0)   = 0
  ie  (proc 0)   = 63
  je  (proc 0)   = 0
  je  (proc 0)   = 63
 --------------------------------- 
  rtol_slow      = 0.0001
  atol_slow      = 1e-08
  rtol_fast      = 1e-05
  atol_fast      = 1e-09
  order_fast     = 3
  fixed h slow   = 0.0762939
  fixed h fast   = 0
  controller     = 0
  linear         = 1
 --------------------------------- 
  linear solver  = PCG
  lin iters      = 5
  eps lin        = 0
  prec           = 1
  msbp           = 0
 --------------------------------- 
  output         = 1
 --------------------------------- 

          t                     ||u||_rms      
 ----------------------------------------------
0.000000000000000000e+00 3.172144385112380094e+00
5.000000000000000000e-01 3.136731199388055305e+00
1.000000000000000000e+00 3.125061669700591211e+00
1.500000000000000000e+00 3.152621168593485393e+00
2.000000000000000000e+00 3.252048482447207559e+00
2.500000000000000000e+00 3.404735701053906378e+00
3.000000000000000000e+00 3.570100621401103534e+00
3.500000000000000000e+00 3.699780296857588348e+00
4.000000000000000000e+00 3.694239715429377218e+00
4.500000000000000000e+00 3.627786853521019409e+00
5.000000000000000000e+00 3.474821193988358709e+00
5.500000000000000000e+00 3.343661755419322127e+00
6.000000000000000000e+00 3.233926318001559098e+00
6.500000000000000000e+00 3.082429228177907117e+00
7.000000000000000000e+00 2.890809242267995017e+00
7.500000000000000000e+00 2.837487690102671655e+00
8.000000000000000000e+00 2.898413633313106524e+00
8.500000000000000000e+00 3.140182631944379866e+00
9.000000000000000000e+00 3.442320428169344061e+00
9.500000000000000000e+00 3.740457823727580534e+00
1.000000000000000000e+01 4.014489143049014900e+00
 ----------------------------------------------

Final integrator statistics:

Slow Integrator:
  Steps            = 132
  RHS diffusion    = 793
  NLS iters        = 396
  NLS fails        = 0
  LS iters         = 1963
  LS fails         = 367
  LS setups        = 0
  LS RHS evals     = 1964
  Jv products      = 1964

  Avg NLS iters per step attempt = 3.000000
  Avg LS iters per NLS iter      = 4.959596

  Preconditioner setups = 0
  Preconditioner solves = 1964

Fast Integrator:
  Steps            = 2002
  Error test fails = 397
  RHS reaction     = 4898
  NLS iters        = 3710
  NLS fails        = 0

