
Analytical ODE test problem:
   reltol = 1.0e-06
   abstol = 1.0e-10

        t           u
   ---------------------
    1.000000    0.958202
    2.000000    1.694546
    3.000000    2.188313
    4.000000    2.588485
    5.000000    2.924049
    6.000000    3.265601
    7.000000    3.492386
    8.000000    3.760056
    9.000000    3.939877
   10.000000    4.132678
   ---------------------

Final Statistics:
Current time                 = 10.121570909146523575827814056538
Steps                        = 82
Step attempts                = 83
Stability limited steps      = 0
Accuracy limited steps       = 83
Error test fails             = 1
NLS step fails               = 0
Inequality constraint fails  = 0
Initial step size            = 6.1035156250000005315979604148601e-12
Last step size               = 0.44635192642340815183388258446939
Current step size            = 0.44635192642340815183388258446939
RHS fn evals                 = 417
