
Multirate nonlinear Kvaerno-Prothero-Robinson test problem:
    time domain:  (0,5]
    hs = 0.0050000000000000001041
    hf = 5.0000000000000002396e-05
    G = -100
    w = 100
    e = 0.5
    solver: exp-4/exp-3 (MRI-GARK-ERK45a / ERK-3-3)

        t           u           v       uerr      verr
   ------------------------------------------------------
    0.000000    1.224745    1.732051  0.00e+00  0.00e+00
    0.100000    1.223725    1.077464  8.08e-09  4.56e-10
    0.200000    1.220669    1.551800  8.03e-09  9.03e-10
    0.300000    1.215594    1.467737  7.94e-09  1.30e-09
    0.400000    1.208524    1.154583  7.80e-09  1.66e-09
    0.500000    1.199496    1.721908  7.62e-09  1.97e-09
    0.600000    1.188557    1.023517  7.40e-09  2.24e-09
    0.700000    1.175764    1.622751  7.13e-09  2.47e-09
    0.800000    1.161186    1.374632  6.82e-09  2.66e-09
    0.900000    1.144904    1.245763  6.46e-09  2.81e-09
    1.000000    1.127010    1.691839  6.05e-09  2.92e-09
    1.100000    1.106602    1.069807  1.01e-03  6.93e-02
    1.200000    1.085747    1.560817  1.07e-03  1.17e-01
    1.300000    1.063644    1.457254  1.13e-03  1.79e-01
    1.400000    1.040442    1.164667  1.18e-03  1.78e-01
    1.500000    1.016304    1.719413  1.23e-03  7.65e-02
    1.600000    0.991414    1.019121  1.26e-03  7.01e-03
    1.700000    0.965971    1.630023  1.28e-03  8.40e-02
    1.800000    0.940195    1.363413  1.29e-03  1.80e-01
    1.900000    0.914326    1.256909  1.29e-03  1.81e-01
    2.000000    0.888626    1.687077  1.28e-03  1.10e-01
    2.100000    0.863378    1.000044  1.25e-03  5.64e-02
    2.200000    0.838887    1.682785  1.20e-03  4.81e-02
    2.300000    0.815476    1.266526  1.14e-03  1.65e-01
    2.400000    0.793485    1.353746  1.06e-03  1.71e-01
    2.500000    0.773264    1.636088  9.64e-04  1.39e-01
    2.600000    0.755164    1.015693  8.49e-04  1.11e-01
    2.700000    0.739528    1.717055  7.18e-04  1.05e-02
    2.800000    0.726675    1.173466  5.72e-04  1.35e-01
    2.900000    0.716888    1.448160  4.13e-04  1.53e-01
    3.000000    0.710392    1.568412  2.44e-04  1.62e-01
    3.100000    0.707343    1.063497  6.90e-05  1.51e-01
    3.200000    0.707817    1.731573  1.08e-04  2.75e-02
    3.300000    0.711801    1.092524  2.81e-04  8.81e-02
    3.400000    0.719198    1.534567  4.48e-04  1.27e-01
    3.500000    0.729832    1.486884  6.05e-04  1.77e-01
    3.600000    0.743460    1.136358  7.48e-04  1.74e-01
    3.700000    0.759789    1.725821  8.76e-04  6.46e-02
    3.800000    0.778493    1.032810  9.86e-04  2.84e-02
    3.900000    0.799223    1.608651  1.08e-03  9.54e-02
    4.000000    0.821629    1.395336  1.15e-03  1.81e-01
    4.100000    0.845362    1.225254  1.21e-03  1.81e-01
    4.200000    0.870087    1.700005  1.25e-03  9.92e-02
    4.300000    0.895485    1.002586  1.28e-03  3.58e-02
    4.400000    0.921257    1.667165  1.29e-03  6.04e-02
    4.500000    0.947126    1.298774  1.29e-03  1.72e-01
    4.600000    0.972835    1.321413  1.28e-03  1.76e-01
    4.700000    0.998151    1.655056  1.25e-03  1.30e-01
    4.800000    1.022858    1.006660  1.22e-03  9.44e-02
    4.900000    1.046762    1.707777  1.17e-03  2.31e-02
    5.000000    1.069685    1.203583  1.12e-03  1.47e-01
   ------------------------------------------------------

Final Solver Statistics:
   Steps: nsts = 1001, nstf = 100100
   u error = 9.328e-04, v error = 1.136e-01, total error = 8.034e-02
   Total RHS evals:  Fs = 5006,  Ff = 301303
