
2D Heat PDE test problem:
 --------------------------------- 
  kx             = 1
  ky             = 1
  forcing        = 1
  tf             = 1
  xu             = 1
  yu             = 1
  nx             = 32
  ny             = 32
  dx             = 0.0322581
  dy             = 0.0322581
 --------------------------------- 
  rtol           = 1e-05
  atol           = 1e-10
  order          = 3
  fixed h        = 0
  controller     = 0
  linear         = 1
 --------------------------------- 
  linear solver  = PCG
  lin iters      = 20
  eps lin        = 0
  prec           = 1
  msbp           = 0
 --------------------------------- 
  output         = 1
 --------------------------------- 

          t                     ||u||_rms                max error      
 -----------------------------------------------------------------------
0.000000000000000000e+00 3.632812500000000000e-01 0.000000000000000000e+00
5.000000000000000000e-02 3.551986507439867145e-01 2.454704923772102693e-03
1.000000000000000000e-01 3.296221597425560246e-01 2.894240255723546144e-03
1.500000000000000000e-01 2.894445693122859557e-01 2.833385765118755792e-03
2.000000000000000000e-01 2.387097955751182105e-01 2.521497220841504628e-03
2.500000000000000000e-01 1.824252252136742553e-01 2.077366570021432432e-03
3.000000000000000000e-01 1.261158254086929393e-01 1.577629747251402319e-03
3.500000000000000000e-01 7.529897085924979252e-02 1.082687792540208954e-03
4.000000000000000000e-01 3.495154654840118930e-02 6.467096526290745187e-04
4.500000000000000000e-01 9.023452636784677983e-03 3.130442887453802127e-04
5.000000000000000001e-01 5.514602385523256098e-05 1.155698647824896058e-04
5.500000000000000001e-01 8.918864355643647555e-03 7.362682220325187936e-05
6.000000000000000001e-01 3.475274982451250832e-02 1.914630423876001841e-04
6.500000000000000001e-01 7.502604933606166592e-02 4.576360169446079150e-04
7.000000000000000001e-01 1.257964748634057253e-01 8.459245058721306303e-04
7.500000000000000001e-01 1.820943674666214727e-01 1.318618350073322949e-03
8.000000000000000001e-01 2.384093741775980734e-01 1.830869090148812403e-03
8.500000000000000001e-01 2.892272449236727192e-01 2.327381046340657063e-03
9.000000000000000001e-01 3.295755396423026854e-01 2.765386980014889276e-03
9.500000000000000002e-01 3.555038339400855169e-01 3.099368028769925159e-03
1.000000000000000000e+00 3.644742000191001865e-01 3.297072280080245305e-03
 -----------------------------------------------------------------------

Final integrator statistics:
  Steps            = 203
  Step attempts    = 241
  Error test fails = 38
  RHS evals        = 1690
  NLS iters        = 723
  NLS fails        = 0
  LS iters         = 14184
  LS fails         = 687
  LS setups        = 98
  LS RHS evals     = 14184
  Jv products      = 14184

  Avg NLS iters per step attempt = 3.000000
  Avg LS iters per NLS iter      = 19.618257

  Preconditioner setups = 40
  Preconditioner solves = 14184

  Max error = 3.297072280080245305e-03
