
1D Advection-Reaction example problem:
    N = 200,  NEQ = 600
    problem parameters:  a = 1,  b = 3.5,  ep = 1e-06
    advection coefficient:  c = 0.25
    reltol = 1.0e-06,  abstol = 1.0e-10

        t      ||u||_rms   ||v||_rms   ||w||_rms
   ----------------------------------------------
    0.100000    1.081472    3.521433    3.499996
    0.200000    1.107281    3.488023    3.499996
    0.300000    1.141279    3.443348    3.499996
    0.400000    1.181860    3.389560    3.499996
    0.500000    1.230041    3.325510    3.499996
    0.600000    1.286580    3.250363    3.499996
    0.700000    1.351462    3.164033    3.499995
    0.800000    1.423123    3.067751    3.499995
    0.900000    1.497639    2.964524    3.499995
    1.000000    1.568626    2.859012    3.499995
    1.100000    1.628547    2.756573    3.499994
    1.200000    1.671110    2.661914    3.499994
    1.300000    1.693135    2.578240    3.499994
    1.400000    1.694728    2.507261    3.499994
    1.500000    1.678186    2.449677    3.499994
    1.600000    1.646706    2.405676    3.499994
    1.700000    1.603527    2.375228    3.499994
    1.800000    1.551521    2.358213    3.499995
    1.900000    1.493097    2.354426    3.499995
    2.000000    1.430225    2.363536    3.499995
    2.100000    1.357839    2.387836    3.499995
    2.200000    1.290511    2.422091    3.499996
    2.300000    1.222827    2.466895    3.499996
    2.400000    1.155628    2.521021    3.499996
    2.500000    1.089574    2.583084    3.499996
    2.600000    1.025151    2.651635    3.499997
    2.700000    0.962709    2.725254    3.499997
    2.800000    0.902484    2.802639    3.499997
    2.900000    0.844645    2.882657    3.499997
    3.000000    0.789325    2.964377    3.499997
    3.100000    0.736654    3.047056    3.499998
    3.200000    0.686775    3.130126    3.499998
    3.300000    0.639854    3.213158    3.499998
    3.400000    0.596074    3.295832    3.499998
    3.500000    0.555628    3.377903    3.499998
    3.600000    0.518698    3.459189    3.499998
    3.700000    0.485435    3.539545    3.499998
    3.800000    0.455933    3.618862    3.499998
    3.900000    0.430207    3.697060    3.499999
    4.000000    0.408182    3.774089    3.499999
    4.100000    0.389686    3.849926    3.499999
    4.200000    0.374465    3.924574    3.499999
    4.300000    0.362205    3.998062    3.499999
    4.400000    0.352555    4.070438    3.499999
    4.500000    0.345160    4.141761    3.499999
    4.600000    0.339684    4.212100    3.499999
    4.700000    0.335819    4.281521    3.499999
    4.800000    0.333298    4.350090    3.499999
    4.900000    0.331897    4.417863    3.499999
    5.000000    0.331430    4.484887    3.499999
    5.100000    0.331747    4.551200    3.499999
    5.200000    0.332731    4.616830    3.499999
    5.300000    0.334288    4.681792    3.499999
    5.400000    0.336348    4.746095    3.499999
    5.500000    0.338859    4.809736    3.499999
    5.600000    0.341783    4.872705    3.499999
    5.700000    0.345095    4.934983    3.499999
    5.800000    0.348783    4.996543    3.499999
    5.900000    0.352843    5.057350    3.499999
    6.000000    0.357280    5.117361    3.499999
    6.100000    0.362108    5.176523    3.499999
    6.200000    0.367349    5.234772    3.499999
    6.300000    0.373037    5.292034    3.499999
    6.400000    0.379214    5.348221    3.499999
    6.500000    0.385933    5.403226    3.499999
    6.600000    0.393265    5.456925    3.499999
    6.700000    0.401297    5.509166    3.499999
    6.800000    0.410140    5.559766    3.499999
    6.900000    0.419933    5.608501    3.499999
    7.000000    0.430859    5.655092    3.499998
    7.100000    0.443154    5.699187    3.499998
    7.200000    0.457133    5.740332    3.499998
    7.300000    0.473224    5.777933    3.499998
    7.400000    0.492026    5.811187    3.499998
    7.500000    0.514402    5.838981    3.499998
    7.600000    0.541648    5.859713    3.499998
    7.700000    0.575805    5.870973    3.499998
    7.800000    0.620292    5.868933    3.499998
    7.900000    0.681316    5.847072    3.499998
    8.000000    0.771417    5.793228    3.499997
    8.100000    0.919870    5.681886    3.499997
    8.200000    1.208915    5.451993    3.499996
    8.300000    1.885353    4.966755    3.499994
    8.400000    3.008574    4.257405    3.499991
    8.500000    3.654188    3.644641    3.499989
    8.600000    3.911497    3.071989    3.499987
    8.700000    4.031957    2.449923    3.499986
    8.800000    4.120152    1.699859    3.499986
    8.900000    4.174975    1.003350    3.499986
    9.000000    3.968664    0.890333    3.499986
    9.100000    3.637623    0.950047    3.499987
    9.200000    3.314686    1.028399    3.499989
    9.300000    3.014979    1.113942    3.499990
    9.400000    2.738025    1.205576    3.499991
    9.500000    2.481850    1.303190    3.499991
    9.600000    2.244521    1.406717    3.499992
    9.700000    2.024373    1.515957    3.499993
    9.800000    1.820059    1.630506    3.499994
    9.900000    1.630568    1.749708    3.499994
   10.000000    1.455215    1.872633    3.499995
   ----------------------------------------------

Final Solver Statistics:
   Slow Steps: nsts = 1001
   Fast Steps: nstf = 3171 (attempted = 3171)
   Total RHS evals:  Fs = 3004,  Ff = 34684
   Total number of fast error test failures = 0
   Total linear solver setups = 3118
   Total RHS evals for setting up the linear system = 0
   Total number of Jacobian evaluations = 85
   Total number of Newton iterations = 20995
   Total number of nonlinear solver convergence failures = 29
