
2D Heat problem:
 ----------------------------
  kx        = 1
  ky        = 1
  tf        = 1
  xu        = 1
  yu        = 1
  nx        = 32
  ny        = 32
  dx        = 0.0322581
  dy        = 0.0322581
 ----------------------------
  linear solver  = PCG
  rtol      = 0.0001
  atol      = 1e-08
 ----------------------------
  lin iters = 20
  eps lin   = 0
  prec      = 1
  msbp      = 0
 ----------------------------
  output    = 0
 ----------------------------

          t                     ||u||_rms                max error
 -----------------------------------------------------------------------
 0.000000000000000e+00    1.265389879780759e+00    0.000000000000000e+00
 5.000000000000000e-02    1.258890394496375e+00    2.467053963217669e-03
 1.000000000000000e-01    1.238745442205967e+00    3.029190880669441e-03
 1.500000000000000e-01    1.207396667395041e+00    3.000863714442081e-03
 2.000000000000000e-01    1.168520926638141e+00    2.625951102106283e-03
 2.500000000000000e-01    1.126500538713489e+00    2.134382513001132e-03
 3.000000000000000e-01    1.085755798010392e+00    1.589145195005193e-03
 3.500000000000000e-01    1.050180285584083e+00    9.085525889962476e-04
 4.000000000000000e-01    1.022852675388368e+00    3.823218253287131e-04
 4.500000000000000e-01    1.005804278850558e+00    1.519854145481947e-04
 4.999999999999999e-01    1.000017282395324e+00    4.309253195167173e-05
 5.499999999999999e-01    1.005771977459497e+00    3.459796496718681e-05
 6.000000000000000e-01    1.022776404745229e+00    1.766778614016307e-04
 6.500000000000000e-01    1.050011849953598e+00    4.813221269623913e-04
 7.000000000000001e-01    1.085507031455277e+00    9.162629833365799e-04
 7.500000000000001e-01    1.126234077868073e+00    1.425109398283997e-03
 8.000000000000002e-01    1.168264484432845e+00    1.953124213259771e-03
 8.500000000000002e-01    1.207188456140380e+00    2.448723948824671e-03
 9.000000000000002e-01    1.238764722326882e+00    3.065023269379852e-03
 9.500000000000003e-01    1.259347715966714e+00    3.551420378118841e-03
 1.000000000000000e+00    1.266478086480561e+00    3.648250966818534e-03
 -----------------------------------------------------------------------

Final integrator statistics:
  Steps            = 34
  Error test fails = 1
  RHS evals        = 45
  NLS iters        = 42
  NLS fails        = 0
  LS iters         = 577
  LS fails         = 8
  LS setups        = 9
  LS RHS evals     = 577
  Jv products      = 577

  Avg NLS iters per step    = 1.235294
  Avg LS iters per NLS iter = 13.738095

  Preconditioner setups = 1
  Preconditioner solves = 577

  Max error = 3.648250966818534e-03
