 
2-species diurnal advection-diffusion problem

t = 7.20e+03   no. steps = 219   order = 5   stepsize = 1.59e+02
c1 (bot.left/middle/top rt.) =    1.047e+04     2.964e+04     1.119e+04
c2 (bot.left/middle/top rt.) =    2.527e+11     7.154e+11     2.700e+11

t = 1.44e+04   no. steps = 251   order = 5   stepsize = 3.77e+02
c1 (bot.left/middle/top rt.) =    6.659e+06     5.316e+06     7.301e+06
c2 (bot.left/middle/top rt.) =    2.582e+11     2.057e+11     2.833e+11

t = 2.16e+04   no. steps = 277   order = 5   stepsize = 2.75e+02
c1 (bot.left/middle/top rt.) =    2.665e+07     1.036e+07     2.931e+07
c2 (bot.left/middle/top rt.) =    2.993e+11     1.028e+11     3.313e+11

t = 2.88e+04   no. steps = 311   order = 3   stepsize = 1.11e+02
c1 (bot.left/middle/top rt.) =    8.702e+06     1.292e+07     9.650e+06
c2 (bot.left/middle/top rt.) =    3.380e+11     5.029e+11     3.751e+11

t = 3.60e+04   no. steps = 355   order = 4   stepsize = 8.97e+01
c1 (bot.left/middle/top rt.) =    1.404e+04     2.029e+04     1.561e+04
c2 (bot.left/middle/top rt.) =    3.387e+11     4.894e+11     3.765e+11

t = 4.32e+04   no. steps = 417   order = 4   stepsize = 5.04e+02
c1 (bot.left/middle/top rt.) =   -1.054e-06    -3.315e-07    -1.181e-06
c2 (bot.left/middle/top rt.) =    3.382e+11     1.355e+11     3.804e+11

t = 5.04e+04   no. steps = 433   order = 4   stepsize = 3.31e+02
c1 (bot.left/middle/top rt.) =   -6.731e-11     2.044e-08    -1.193e-10
c2 (bot.left/middle/top rt.) =    3.358e+11     4.930e+11     3.864e+11

t = 5.76e+04   no. steps = 447   order = 5   stepsize = 4.09e+02
c1 (bot.left/middle/top rt.) =   -8.263e-10    -2.033e-07    -1.112e-09
c2 (bot.left/middle/top rt.) =    3.320e+11     9.650e+11     3.909e+11

t = 6.48e+04   no. steps = 458   order = 5   stepsize = 6.56e+02
c1 (bot.left/middle/top rt.) =    1.427e-10     5.787e-08     1.759e-10
c2 (bot.left/middle/top rt.) =    3.313e+11     8.922e+11     3.963e+11

t = 7.20e+04   no. steps = 469   order = 5   stepsize = 6.56e+02
c1 (bot.left/middle/top rt.) =    2.864e-11     3.925e-09    -2.689e-11
c2 (bot.left/middle/top rt.) =    3.330e+11     6.186e+11     4.039e+11

t = 7.92e+04   no. steps = 480   order = 5   stepsize = 6.56e+02
c1 (bot.left/middle/top rt.) =    8.090e-13     9.920e-11    -7.516e-13
c2 (bot.left/middle/top rt.) =    3.334e+11     6.669e+11     4.120e+11

t = 8.64e+04   no. steps = 491   order = 5   stepsize = 6.56e+02
c1 (bot.left/middle/top rt.) =    1.430e-14     1.655e-12    -1.265e-14
c2 (bot.left/middle/top rt.) =    3.352e+11     9.107e+11     4.163e+11


Final Statistics.. 

lenrw   =  2689     leniw   =    53
lenrwLS =  2454     leniwLS =    42
nst     =   491
nfe     =   625     nfeLS   =     0
nni     =   622     nli     =   631
nsetups =    80     netf    =    27
npe     =     9     nps     =  1190
ncfn    =     0     ncfl    =     0

