
Particle traveling on the unit circle example
---------------------------------------------
alpha      = 1.0000e+00
num orbits = 100
---------------------------------------------
rtol       = 0.0001
atol       = 1e-09
proj sol   = 1
proj err   = 0
nout       = 0
tstop      = 0
---------------------------------------------

     t            x              y             err x          err y       err constr
0.0000e+00   1.000000e+00   0.000000e+00   0.000000e+00   0.000000e+00   0.000000e+00
6.2832e+02   9.986959e-01   5.105366e-02  -1.304088e-03   5.105366e-02   1.084202e-19

Integration Statistics:
Number of steps taken = 4237  
Number of function evaluations = 6274  
Number of linear solver setups = 912   
Number of Jacobian evaluations = 115   
Number of nonlinear solver iterations = 6271  
Number of convergence failures = 49    
Number of error test failures = 367   
