
2-species diurnal advection-diffusion problem
Sensitivity: YES ( SIMULTANEOUS + FULL ERROR CONTROL )

========================================================================
     T     Q       H      NST                    Bottom left  Top right 
========================================================================
7.200e+03  2  9.098e+00   396
                                Solution         1.0593e+04   1.1152e+04 
                                                 2.5567e+11   2.6917e+11 
                                ----------------------------------------
                                Sensitivity 1   -6.4963e+19  -6.8394e+19 
                                                 7.2120e+19   7.6304e+19 
                                ----------------------------------------
                                Sensitivity 2   -4.4900e+14  -4.9768e+14 
                                                -2.5039e+18  -2.7671e+18 
------------------------------------------------------------------------
1.440e+04  2  2.109e+01  1046
                                Solution         6.9172e+06   7.2517e+06 
                                                 2.6829e+11   2.8137e+11 
                                ----------------------------------------
                                Sensitivity 1   -4.2432e+22  -4.4483e+22 
                                                 6.2762e+22   6.6563e+22 
                                ----------------------------------------
                                Sensitivity 2   -4.8955e+17  -5.3580e+17 
                                                -7.1116e+21  -7.7236e+21 
------------------------------------------------------------------------
2.160e+04  2  2.871e+01  1518
                                Solution         2.7558e+07   2.9196e+07 
                                                 3.1024e+11   3.3000e+11 
                                ----------------------------------------
                                Sensitivity 1   -1.6903e+23  -1.7907e+23 
                                                 4.0588e+23   4.4683e+23 
                                ----------------------------------------
                                Sensitivity 2   -8.2851e+18  -9.3611e+18 
                                                -8.2852e+22  -9.3662e+22 
------------------------------------------------------------------------
2.880e+04  3  5.723e+01  2151
                                Solution         8.9631e+06   9.8602e+06 
                                                 3.4824e+11   3.8331e+11 
                                ----------------------------------------
                                Sensitivity 1   -5.4975e+22  -6.0476e+22 
                                                 5.8239e+23   7.0579e+23 
                                ----------------------------------------
                                Sensitivity 2   -5.2367e+18  -6.4007e+18 
                                                -1.8450e+23  -2.2574e+23 
------------------------------------------------------------------------
3.600e+04  4  2.912e+01  2268
                                Solution         1.4433e+04   1.6660e+04 
                                                 3.4814e+11   4.0186e+11 
                                ----------------------------------------
                                Sensitivity 1   -8.8547e+19  -1.0220e+20 
                                                 5.6473e+23   7.6273e+23 
                                ----------------------------------------
                                Sensitivity 2   -9.0220e+15  -1.2170e+16 
                                                -1.9753e+23  -2.6679e+23 
------------------------------------------------------------------------
4.320e+04  4  3.817e+02  2526
                                Solution        -9.9029e-10  -6.1963e-10 
                                                 3.4900e+11   4.0867e+11 
                                ----------------------------------------
                                Sensitivity 1    8.0154e+07   8.3561e+07 
                                                 5.7083e+23   7.9553e+23 
                                ----------------------------------------
                                Sensitivity 2    2.0647e+03   2.2449e+03 
                                                -1.9969e+23  -2.7830e+23 
------------------------------------------------------------------------
5.040e+04  4  3.817e+02  2545
                                Solution         2.5021e-10   2.8076e-10 
                                                 3.5570e+11   4.1225e+11 
                                ----------------------------------------
                                Sensitivity 1   -1.5370e+06  -1.7021e+06 
                                                 5.9553e+23   8.1822e+23 
                                ----------------------------------------
                                Sensitivity 2   -3.5462e+02  -4.3372e+02 
                                                -2.0833e+23  -2.8624e+23 
------------------------------------------------------------------------
5.760e+04  4  1.489e+02  2569
                                Solution         3.1127e-09   8.2514e-09 
                                                 3.6425e+11   4.1628e+11 
                                ----------------------------------------
                                Sensitivity 1   -2.0164e+07  -5.3487e+07 
                                                 6.2592e+23   8.4334e+23 
                                ----------------------------------------
                                Sensitivity 2   -1.9811e+02  -6.0144e+02 
                                                -2.1896e+23  -2.9502e+23 
------------------------------------------------------------------------
6.480e+04  3  6.711e+01  2789
                                Solution        -1.3671e-09  -2.9609e-09 
                                                 3.6334e+11   4.2182e+11 
                                ----------------------------------------
                                Sensitivity 1   -9.2975e+08  -2.0542e+09 
                                                 6.2460e+23   8.7310e+23 
                                ----------------------------------------
                                Sensitivity 2    5.9339e+06   1.4495e+07 
                                                -2.1850e+23  -3.0543e+23 
------------------------------------------------------------------------
7.200e+04  5  4.626e+02  2842
                                Solution         4.6768e-13   9.5840e-13 
                                                 3.6192e+11   4.3354e+11 
                                ----------------------------------------
                                Sensitivity 1    9.9096e+05   2.0171e+06 
                                                 6.2310e+23   9.2797e+23 
                                ----------------------------------------
                                Sensitivity 2    1.8340e+01   4.3129e+01 
                                                -2.1798e+23  -3.2463e+23 
------------------------------------------------------------------------
7.920e+04  5  4.626e+02  2858
                                Solution        -6.7539e-16  -1.3872e-15 
                                                 3.6148e+11   4.4474e+11 
                                ----------------------------------------
                                Sensitivity 1   -4.0937e+02  -9.6888e+02 
                                                 6.2481e+23   9.8067e+23 
                                ----------------------------------------
                                Sensitivity 2   -1.9054e-02  -4.6745e-02 
                                                -2.1858e+23  -3.4306e+23 
------------------------------------------------------------------------
8.640e+04  5  4.626e+02  2873
                                Solution        -7.1337e-19  -1.4360e-18 
                                                 3.6318e+11   4.4524e+11 
                                ----------------------------------------
                                Sensitivity 1   -5.4726e+00  -1.1169e+01 
                                                 6.3248e+23   9.8819e+23 
                                ----------------------------------------
                                Sensitivity 2   -5.5746e-05  -1.3476e-04 
                                                -2.2126e+23  -3.4570e+23 
------------------------------------------------------------------------

Final Statistics

nst     =  2873

nfe     =  4210
netf    =   236    nsetups  =   590
nni     =  4206    ncfn     =    14

nfSe    =  8420    nfeS     = 16840
netfs   =     0    nsetupsS =     0
nniS    =     0    ncfnS    =     0

nli     =  8722    ncfl     =     0
npe     =    62    nps      = 18893
