
2-species diurnal advection-diffusion problem
Sensitivity: YES ( STAGGERED + FULL ERROR CONTROL )

========================================================================
     T     Q       H      NST                    Bottom left  Top right 
========================================================================
7.200e+03  5  1.168e+02   227
                                Solution         1.0593e+04   1.1152e+04 
                                                 2.5567e+11   2.6917e+11 
                                ----------------------------------------
                                Sensitivity 1   -6.4963e+19  -6.8394e+19 
                                                 7.2120e+19   7.6304e+19 
                                ----------------------------------------
                                Sensitivity 2   -4.4900e+14  -4.9768e+14 
                                                -2.5039e+18  -2.7672e+18 
------------------------------------------------------------------------
1.440e+04  4  2.281e+02   325
                                Solution         6.9172e+06   7.2517e+06 
                                                 2.6829e+11   2.8137e+11 
                                ----------------------------------------
                                Sensitivity 1   -4.2432e+22  -4.4483e+22 
                                                 6.2762e+22   6.6563e+22 
                                ----------------------------------------
                                Sensitivity 2   -4.8955e+17  -5.3580e+17 
                                                -7.1116e+21  -7.7236e+21 
------------------------------------------------------------------------
2.160e+04  4  1.998e+02   403
                                Solution         2.7558e+07   2.9196e+07 
                                                 3.1024e+11   3.3000e+11 
                                ----------------------------------------
                                Sensitivity 1   -1.6903e+23  -1.7907e+23 
                                                 4.0588e+23   4.4683e+23 
                                ----------------------------------------
                                Sensitivity 2   -8.2851e+18  -9.3610e+18 
                                                -8.2851e+22  -9.3662e+22 
------------------------------------------------------------------------
2.880e+04  4  1.787e+02   456
                                Solution         8.9631e+06   9.8602e+06 
                                                 3.4824e+11   3.8331e+11 
                                ----------------------------------------
                                Sensitivity 1   -5.4975e+22  -6.0476e+22 
                                                 5.8239e+23   7.0579e+23 
                                ----------------------------------------
                                Sensitivity 2   -5.2367e+18  -6.4007e+18 
                                                -1.8450e+23  -2.2574e+23 
------------------------------------------------------------------------
3.600e+04  4  1.214e+02   497
                                Solution         1.4433e+04   1.6660e+04 
                                                 3.4814e+11   4.0186e+11 
                                ----------------------------------------
                                Sensitivity 1   -8.8547e+19  -1.0220e+20 
                                                 5.6474e+23   7.6273e+23 
                                ----------------------------------------
                                Sensitivity 2   -9.0220e+15  -1.2170e+16 
                                                -1.9753e+23  -2.6679e+23 
------------------------------------------------------------------------
4.320e+04  4  3.831e+02   572
                                Solution        -9.4613e-11  -2.4470e-10 
                                                 3.4900e+11   4.0867e+11 
                                ----------------------------------------
                                Sensitivity 1    2.0697e+07   2.4158e+07 
                                                 5.7083e+23   7.9553e+23 
                                ----------------------------------------
                                Sensitivity 2   -1.2748e+06  -1.5698e+06 
                                                -1.9969e+23  -2.7830e+23 
------------------------------------------------------------------------
5.040e+04  4  3.831e+02   591
                                Solution         6.9476e-11   7.7885e-11 
                                                 3.5570e+11   4.1225e+11 
                                ----------------------------------------
                                Sensitivity 1   -4.2620e+05  -4.7782e+05 
                                                 5.9553e+23   8.1823e+23 
                                ----------------------------------------
                                Sensitivity 2   -7.3612e+01  -8.9877e+01 
                                                -2.0833e+23  -2.8624e+23 
------------------------------------------------------------------------
5.760e+04  4  1.733e+02   619
                                Solution         1.7389e-08   6.3825e-08 
                                                 3.6425e+11   4.1628e+11 
                                ----------------------------------------
                                Sensitivity 1   -1.0814e+08  -3.9700e+08 
                                                 6.2592e+23   8.4334e+23 
                                ----------------------------------------
                                Sensitivity 2   -1.0646e+03  -4.4673e+03 
                                                -2.1897e+23  -2.9502e+23 
------------------------------------------------------------------------
6.480e+04  5  2.343e+02   655
                                Solution         1.7654e-10   4.7810e-10 
                                                 3.6334e+11   4.2182e+11 
                                ----------------------------------------
                                Sensitivity 1    1.3084e+07  -1.8714e+07 
                                                 6.2461e+23   8.7310e+23 
                                ----------------------------------------
                                Sensitivity 2    1.2071e+02  -2.7790e+02 
                                                -2.1851e+23  -3.0544e+23 
------------------------------------------------------------------------
7.200e+04  4  3.559e+02   681
                                Solution        -1.6892e-10  -3.5650e-10 
                                                 3.6192e+11   4.3354e+11 
                                ----------------------------------------
                                Sensitivity 1    2.6804e+06   5.5882e+06 
                                                 6.2311e+23   9.2797e+23 
                                ----------------------------------------
                                Sensitivity 2   -1.0136e+05  -2.9962e+05 
                                                -2.1798e+23  -3.2463e+23 
------------------------------------------------------------------------
7.920e+04  5  5.361e+02   697
                                Solution        -2.9314e-12  -6.0144e-12 
                                                 3.6148e+11   4.4474e+11 
                                ----------------------------------------
                                Sensitivity 1    1.7559e+04   3.5137e+04 
                                                 6.2481e+23   9.8067e+23 
                                ----------------------------------------
                                Sensitivity 2    1.1289e+02   3.3173e+02 
                                                -2.1858e+23  -3.4307e+23 
------------------------------------------------------------------------
8.640e+04  5  5.361e+02   711
                                Solution         1.7139e-13   3.5522e-13 
                                                 3.6318e+11   4.4524e+11 
                                ----------------------------------------
                                Sensitivity 1   -6.1727e+03  -1.2766e+04 
                                                 6.3249e+23   9.8819e+23 
                                ----------------------------------------
                                Sensitivity 2    5.9535e+00   1.7663e+01 
                                                -2.2126e+23  -3.4570e+23 
------------------------------------------------------------------------

Final Statistics

nst     =   711

nfe     =  1571
netf    =    13    nsetups  =   136
nni     =   824    ncfn     =     0

nfSe    =  1788    nfeS     =  3576
netfs   =    33    nsetupsS =     0
nniS    =   891    ncfnS    =     0

nli     =  2393    ncfl     =     0
npe     =    13    nps      =  4665
