 ------- 
| SPGMR |
 -------
 
2-species diurnal advection-diffusion problem

t = 7.20e+03   no. steps = 219   order = 5   stepsize = 1.59e+02
c1 (bot.left/middle/top rt.) =    1.047e+04     2.964e+04     1.119e+04
c2 (bot.left/middle/top rt.) =    2.527e+11     7.154e+11     2.700e+11

t = 1.44e+04   no. steps = 251   order = 5   stepsize = 3.77e+02
c1 (bot.left/middle/top rt.) =    6.659e+06     5.316e+06     7.301e+06
c2 (bot.left/middle/top rt.) =    2.582e+11     2.057e+11     2.833e+11

t = 2.16e+04   no. steps = 277   order = 5   stepsize = 2.75e+02
c1 (bot.left/middle/top rt.) =    2.665e+07     1.036e+07     2.931e+07
c2 (bot.left/middle/top rt.) =    2.993e+11     1.028e+11     3.313e+11

t = 2.88e+04   no. steps = 301   order = 5   stepsize = 4.08e+02
c1 (bot.left/middle/top rt.) =    8.702e+06     1.292e+07     9.650e+06
c2 (bot.left/middle/top rt.) =    3.380e+11     5.029e+11     3.751e+11

t = 3.60e+04   no. steps = 334   order = 4   stepsize = 1.49e+02
c1 (bot.left/middle/top rt.) =    1.404e+04     2.029e+04     1.561e+04
c2 (bot.left/middle/top rt.) =    3.387e+11     4.894e+11     3.765e+11

t = 4.32e+04   no. steps = 414   order = 4   stepsize = 7.34e+02
c1 (bot.left/middle/top rt.) =    5.354e-06     1.002e-05     6.467e-06
c2 (bot.left/middle/top rt.) =    3.382e+11     1.355e+11     3.804e+11

t = 5.04e+04   no. steps = 432   order = 5   stepsize = 3.43e+02
c1 (bot.left/middle/top rt.) =   -1.309e-08     2.625e-09    -1.462e-08
c2 (bot.left/middle/top rt.) =    3.358e+11     4.930e+11     3.864e+11

t = 5.76e+04   no. steps = 442   order = 5   stepsize = 4.83e+02
c1 (bot.left/middle/top rt.) =   -5.903e-08     1.172e-08    -6.595e-08
c2 (bot.left/middle/top rt.) =    3.320e+11     9.650e+11     3.909e+11

t = 6.48e+04   no. steps = 454   order = 5   stepsize = 7.67e+02
c1 (bot.left/middle/top rt.) =   -6.343e-07     1.267e-07    -7.085e-07
c2 (bot.left/middle/top rt.) =    3.313e+11     8.922e+11     3.963e+11

t = 7.20e+04   no. steps = 464   order = 5   stepsize = 7.67e+02
c1 (bot.left/middle/top rt.) =    3.751e-08    -7.427e-09     4.189e-08
c2 (bot.left/middle/top rt.) =    3.330e+11     6.186e+11     4.039e+11

t = 7.92e+04   no. steps = 473   order = 5   stepsize = 7.67e+02
c1 (bot.left/middle/top rt.) =   -3.489e-09     6.828e-10    -3.895e-09
c2 (bot.left/middle/top rt.) =    3.334e+11     6.669e+11     4.120e+11

t = 8.64e+04   no. steps = 482   order = 5   stepsize = 7.67e+02
c1 (bot.left/middle/top rt.) =   -4.916e-10     9.726e-11    -5.490e-10
c2 (bot.left/middle/top rt.) =    3.352e+11     9.106e+11     4.163e+11


Final Statistics.. 

lenrw   =  2696     leniw   =    65
lenrwLS =  2454     leniwLS =    42
nst     =   482
nfe     =   644     nfeLS   =   663
nni     =   641     nli     =   663
nsetups =    89     netf    =    35
npe     =     9     nps     =  1246
ncfn    =     0     ncfl    =     1

======================================================================

 --------- 
| SPFGMR |
 ---------
 
2-species diurnal advection-diffusion problem

t = 7.20e+03   no. steps = 192   order = 5   stepsize = 1.34e+02
c1 (bot.left/middle/top rt.) =    1.047e+04     2.964e+04     1.119e+04
c2 (bot.left/middle/top rt.) =    2.527e+11     7.154e+11     2.700e+11

t = 1.44e+04   no. steps = 225   order = 5   stepsize = 3.12e+02
c1 (bot.left/middle/top rt.) =    6.659e+06     5.316e+06     7.301e+06
c2 (bot.left/middle/top rt.) =    2.582e+11     2.057e+11     2.833e+11

t = 2.16e+04   no. steps = 248   order = 5   stepsize = 3.12e+02
c1 (bot.left/middle/top rt.) =    2.665e+07     1.036e+07     2.931e+07
c2 (bot.left/middle/top rt.) =    2.993e+11     1.028e+11     3.313e+11

t = 2.88e+04   no. steps = 293   order = 3   stepsize = 9.18e+01
c1 (bot.left/middle/top rt.) =    8.702e+06     1.292e+07     9.650e+06
c2 (bot.left/middle/top rt.) =    3.380e+11     5.029e+11     3.751e+11

t = 3.60e+04   no. steps = 324   order = 5   stepsize = 1.15e+02
c1 (bot.left/middle/top rt.) =    1.404e+04     2.029e+04     1.561e+04
c2 (bot.left/middle/top rt.) =    3.387e+11     4.895e+11     3.765e+11

t = 4.32e+04   no. steps = 378   order = 5   stepsize = 5.86e+02
c1 (bot.left/middle/top rt.) =    1.180e-09     7.956e-08     1.490e-09
c2 (bot.left/middle/top rt.) =    3.382e+11     1.355e+11     3.804e+11

t = 5.04e+04   no. steps = 391   order = 5   stepsize = 4.27e+02
c1 (bot.left/middle/top rt.) =    6.580e-11     2.809e-08     1.507e-10
c2 (bot.left/middle/top rt.) =    3.358e+11     4.930e+11     3.864e+11

t = 5.76e+04   no. steps = 402   order = 5   stepsize = 4.96e+02
c1 (bot.left/middle/top rt.) =    2.070e-10     1.559e-08     2.264e-10
c2 (bot.left/middle/top rt.) =    3.320e+11     9.650e+11     3.909e+11

t = 6.48e+04   no. steps = 412   order = 5   stepsize = 7.86e+02
c1 (bot.left/middle/top rt.) =    3.735e-11    -1.076e-09    -3.687e-11
c2 (bot.left/middle/top rt.) =    3.313e+11     8.922e+11     3.963e+11

t = 7.20e+04   no. steps = 421   order = 5   stepsize = 7.86e+02
c1 (bot.left/middle/top rt.) =   -1.410e-11    -1.148e-09     9.416e-11
c2 (bot.left/middle/top rt.) =    3.330e+11     6.186e+11     4.039e+11

t = 7.92e+04   no. steps = 430   order = 5   stepsize = 7.86e+02
c1 (bot.left/middle/top rt.) =    1.672e-12    -2.172e-10    -4.472e-12
c2 (bot.left/middle/top rt.) =    3.334e+11     6.669e+11     4.120e+11

t = 8.64e+04   no. steps = 439   order = 5   stepsize = 7.86e+02
c1 (bot.left/middle/top rt.) =    5.684e-13    -9.917e-11    -1.148e-12
c2 (bot.left/middle/top rt.) =    3.352e+11     9.106e+11     4.162e+11


Final Statistics.. 

lenrw   =  2696     leniw   =    65
lenrwLS =  3254     leniwLS =    46
nst     =   439
nfe     =   565     nfeLS   =   858
nni     =   562     nli     =   858
nsetups =    77     netf    =    26
npe     =     8     nps     =   858
ncfn    =     0     ncfl    =     0

======================================================================

 ------- 
| SPBCGS |
 -------
 
2-species diurnal advection-diffusion problem

t = 7.20e+03   no. steps = 190   order = 5   stepsize = 1.58e+02
c1 (bot.left/middle/top rt.) =    1.047e+04     2.964e+04     1.119e+04
c2 (bot.left/middle/top rt.) =    2.527e+11     7.154e+11     2.700e+11

t = 1.44e+04   no. steps = 222   order = 5   stepsize = 3.81e+02
c1 (bot.left/middle/top rt.) =    6.659e+06     5.316e+06     7.301e+06
c2 (bot.left/middle/top rt.) =    2.582e+11     2.057e+11     2.833e+11

t = 2.16e+04   no. steps = 246   order = 5   stepsize = 4.34e+02
c1 (bot.left/middle/top rt.) =    2.665e+07     1.036e+07     2.931e+07
c2 (bot.left/middle/top rt.) =    2.993e+11     1.028e+11     3.313e+11

t = 2.88e+04   no. steps = 282   order = 4   stepsize = 1.71e+02
c1 (bot.left/middle/top rt.) =    8.702e+06     1.292e+07     9.650e+06
c2 (bot.left/middle/top rt.) =    3.380e+11     5.029e+11     3.751e+11

t = 3.60e+04   no. steps = 317   order = 5   stepsize = 9.48e+01
c1 (bot.left/middle/top rt.) =    1.404e+04     2.029e+04     1.561e+04
c2 (bot.left/middle/top rt.) =    3.387e+11     4.894e+11     3.765e+11

t = 4.32e+04   no. steps = 369   order = 4   stepsize = 5.46e+02
c1 (bot.left/middle/top rt.) =   -5.978e-10    -6.007e-10    -5.293e-10
c2 (bot.left/middle/top rt.) =    3.382e+11     1.355e+11     3.804e+11

t = 5.04e+04   no. steps = 385   order = 4   stepsize = 3.19e+02
c1 (bot.left/middle/top rt.) =   -1.354e-14     1.125e-12    -4.252e-14
c2 (bot.left/middle/top rt.) =    3.358e+11     4.930e+11     3.864e+11

t = 5.76e+04   no. steps = 399   order = 5   stepsize = 5.96e+02
c1 (bot.left/middle/top rt.) =    3.704e-14     6.369e-12     2.804e-14
c2 (bot.left/middle/top rt.) =    3.320e+11     9.650e+11     3.909e+11

t = 6.48e+04   no. steps = 411   order = 5   stepsize = 5.96e+02
c1 (bot.left/middle/top rt.) =   -3.200e-14     3.987e-12    -1.264e-13
c2 (bot.left/middle/top rt.) =    3.313e+11     8.922e+11     3.963e+11

t = 7.20e+04   no. steps = 423   order = 5   stepsize = 5.96e+02
c1 (bot.left/middle/top rt.) =   -4.175e-15    -1.594e-13     1.055e-15
c2 (bot.left/middle/top rt.) =    3.330e+11     6.186e+11     4.039e+11

t = 7.92e+04   no. steps = 435   order = 5   stepsize = 5.96e+02
c1 (bot.left/middle/top rt.) =   -3.746e-23    -1.363e-21     1.014e-23
c2 (bot.left/middle/top rt.) =    3.334e+11     6.669e+11     4.120e+11

t = 8.64e+04   no. steps = 447   order = 5   stepsize = 5.96e+02
c1 (bot.left/middle/top rt.) =   -1.004e-26    -1.881e-22    -1.589e-27
c2 (bot.left/middle/top rt.) =    3.352e+11     9.107e+11     4.163e+11


Final Statistics.. 

lenrw   =  2696     leniw   =    65
lenrwLS =  2202     leniwLS =    41
nst     =   447
nfe     =   569     nfeLS   =   964
nni     =   566     nli     =   482
nsetups =    72     netf    =    25
npe     =     8     nps     =  1453
ncfn    =     0     ncfl    =     0

 --------- 
| SPTFQMR |
 ---------
 
2-species diurnal advection-diffusion problem

t = 7.20e+03   no. steps = 218   order = 5   stepsize = 1.44e+02
c1 (bot.left/middle/top rt.) =    1.047e+04     2.964e+04     1.119e+04
c2 (bot.left/middle/top rt.) =    2.527e+11     7.154e+11     2.700e+11

t = 1.44e+04   no. steps = 250   order = 5   stepsize = 3.27e+02
c1 (bot.left/middle/top rt.) =    6.659e+06     5.316e+06     7.301e+06
c2 (bot.left/middle/top rt.) =    2.582e+11     2.057e+11     2.833e+11

t = 2.16e+04   no. steps = 275   order = 5   stepsize = 3.50e+02
c1 (bot.left/middle/top rt.) =    2.665e+07     1.036e+07     2.931e+07
c2 (bot.left/middle/top rt.) =    2.993e+11     1.028e+11     3.313e+11

t = 2.88e+04   no. steps = 298   order = 5   stepsize = 2.18e+02
c1 (bot.left/middle/top rt.) =    8.702e+06     1.292e+07     9.650e+06
c2 (bot.left/middle/top rt.) =    3.380e+11     5.029e+11     3.751e+11

t = 3.60e+04   no. steps = 326   order = 5   stepsize = 1.31e+02
c1 (bot.left/middle/top rt.) =    1.404e+04     2.029e+04     1.561e+04
c2 (bot.left/middle/top rt.) =    3.387e+11     4.894e+11     3.765e+11

t = 4.32e+04   no. steps = 377   order = 4   stepsize = 3.89e+02
c1 (bot.left/middle/top rt.) =    5.443e-07    -1.658e-06     6.244e-07
c2 (bot.left/middle/top rt.) =    3.382e+11     1.355e+11     3.804e+11

t = 5.04e+04   no. steps = 391   order = 5   stepsize = 6.82e+02
c1 (bot.left/middle/top rt.) =   -1.937e-09    -6.722e-07    -1.012e-09
c2 (bot.left/middle/top rt.) =    3.358e+11     4.930e+11     3.864e+11

t = 5.76e+04   no. steps = 402   order = 5   stepsize = 4.61e+02
c1 (bot.left/middle/top rt.) =    8.569e-10    -3.499e-07     8.383e-09
c2 (bot.left/middle/top rt.) =    3.320e+11     9.650e+11     3.909e+11

t = 6.48e+04   no. steps = 414   order = 5   stepsize = 7.67e+02
c1 (bot.left/middle/top rt.) =    1.576e-10     9.712e-09     3.759e-10
c2 (bot.left/middle/top rt.) =    3.313e+11     8.922e+11     3.963e+11

t = 7.20e+04   no. steps = 423   order = 5   stepsize = 7.67e+02
c1 (bot.left/middle/top rt.) =    2.091e-13     2.545e-11     3.265e-13
c2 (bot.left/middle/top rt.) =    3.330e+11     6.186e+11     4.039e+11

t = 7.92e+04   no. steps = 433   order = 5   stepsize = 7.67e+02
c1 (bot.left/middle/top rt.) =    1.733e-19    -4.185e-15     7.011e-19
c2 (bot.left/middle/top rt.) =    3.334e+11     6.669e+11     4.120e+11

t = 8.64e+04   no. steps = 442   order = 5   stepsize = 7.67e+02
c1 (bot.left/middle/top rt.) =    1.775e-19     7.331e-15     2.834e-20
c2 (bot.left/middle/top rt.) =    3.352e+11     9.106e+11     4.163e+11


Final Statistics.. 

lenrw   =  2696     leniw   =    65
lenrwLS =  2602     leniwLS =    43
nst     =   442
nfe     =   553     nfeLS   =  1139
nni     =   550     nli     =   475
nsetups =    65     netf    =    20
npe     =     8     nps     =  1790
ncfn    =     0     ncfl    =     0

