

rtol = 1.00e-05, atol = 1.00e-05
Project    x         y         x'        y'     |     g      |    nst     rhs eval    setups (J eval)  |   cf   ef
  YES   6.23e-06  3.53e-03  4.60e-04  1.30e-01  |  1.08e-19  |   1378     1604+92         84 ( 23)     |    0    5
  NO    6.24e-01  9.26e-01  4.46e+00  1.83e+00  |  7.10e-04  |   1551     1767+108       118 ( 27)     |    0   42


rtol = 1.00e-06, atol = 1.00e-06
Project    x         y         x'        y'     |     g      |    nst     rhs eval    setups (J eval)  |   cf   ef
  YES   1.12e-07  4.74e-04  1.02e-05  2.14e-02  |  0.00e+00  |   2086     2291+144       118 ( 36)     |    0    3
  NO    1.80e-04  2.25e-02  8.27e-03  6.69e-01  |  1.45e-04  |   2221     2472+152       156 ( 38)     |    0   30


rtol = 1.00e-07, atol = 1.00e-07
Project    x         y         x'        y'     |     g      |    nst     rhs eval    setups (J eval)  |   cf   ef
  YES   3.01e-09  7.76e-05  2.71e-07  3.49e-03  |  0.00e+00  |   3016     3300+204       170 ( 51)     |    0    5
  NO    1.72e-04  2.80e-02  1.08e-02  8.22e-01  |  4.41e-04  |   3241     3543+232       205 ( 58)     |    0   40


rtol = 1.00e-08, atol = 1.00e-08
Project    x         y         x'        y'     |     g      |    nst     rhs eval    setups (J eval)  |   cf   ef
  YES   9.47e-11  1.38e-05  8.26e-09  6.00e-04  |  0.00e+00  |   4294     4724+288       235 ( 72)     |    0    6
  NO    9.55e-06  8.52e-03  3.38e-04  1.95e-01  |  5.35e-05  |   4600     4962+312       260 ( 78)     |    0   16


rtol = 1.00e-09, atol = 1.00e-09
Project    x         y         x'        y'     |     g      |    nst     rhs eval    setups (J eval)  |   cf   ef
  YES   1.60e-12  1.79e-06  1.40e-10  7.79e-05  |  0.00e+00  |   6542     7056+436       346 (109)     |    0    5
  NO    1.47e-06  1.50e-03  1.09e-04  3.35e-02  |  5.20e-06  |   6698     7160+448       354 (112)     |    0    6
