 
3-species kinetics problem
Sensitivity: YES ( STAGGERED1 + FULL ERROR CONTROL )

=======================================================================
     T     Q       H      NST           y1           y2           y3    
=======================================================================
4.000e-01  5  6.667e-02   160
                  Solution         9.8517e-01   3.3864e-05   1.4794e-02 
                  Sensitivity 1   -3.5595e-01   3.9025e-04   3.5556e-01 
                  Sensitivity 2    9.5423e-08  -2.1310e-10  -9.5210e-08 
                  Sensitivity 3   -1.5832e-11  -5.2900e-13   1.6361e-11 
-----------------------------------------------------------------------
4.000e+00  5  1.914e-01   189
                  Solution         9.0552e-01   2.2405e-05   9.4459e-02 
                  Sensitivity 1   -1.8761e+00   1.7922e-04   1.8759e+00 
                  Sensitivity 2    2.9614e-06  -5.8304e-10  -2.9608e-06 
                  Sensitivity 3   -4.9334e-10  -2.7626e-13   4.9362e-10 
-----------------------------------------------------------------------
4.000e+01  3  6.013e-01   436
                  Solution         7.1583e-01   9.1855e-06   2.8416e-01 
                  Sensitivity 1   -4.2476e+00   4.5912e-05   4.2475e+00 
                  Sensitivity 2    1.3731e-05  -2.3572e-10  -1.3731e-05 
                  Sensitivity 3   -2.2884e-09  -1.1381e-13   2.2885e-09 
-----------------------------------------------------------------------
4.000e+02  3  5.336e+00   725
                  Solution         4.5052e-01   3.2229e-06   5.4948e-01 
                  Sensitivity 1   -5.9584e+00   3.5427e-06   5.9584e+00 
                  Sensitivity 2    2.2738e-05  -2.2601e-11  -2.2738e-05 
                  Sensitivity 3   -3.7897e-09  -4.9948e-14   3.7897e-09 
-----------------------------------------------------------------------
4.000e+03  3  1.347e+01   984
                  Solution         1.8320e-01   8.9424e-07   8.1680e-01 
                  Sensitivity 1   -4.7501e+00  -5.9936e-06   4.7501e+00 
                  Sensitivity 2    1.8809e-05   2.3127e-11  -1.8809e-05 
                  Sensitivity 3   -3.1348e-09  -1.8758e-14   3.1348e-09 
-----------------------------------------------------------------------
4.000e+04  4  6.168e+02  1134
                  Solution         3.8983e-02   1.6218e-07   9.6102e-01 
                  Sensitivity 1   -1.5750e+00  -2.7620e-06   1.5750e+00 
                  Sensitivity 2    6.2875e-06   1.1002e-11  -6.2875e-06 
                  Sensitivity 3   -1.0479e-09  -4.5367e-15   1.0479e-09 
-----------------------------------------------------------------------
4.000e+05  5  1.887e+04  1221
                  Solution         4.9382e-03   1.9850e-08   9.9506e-01 
                  Sensitivity 1   -2.3633e-01  -4.5840e-07   2.3633e-01 
                  Sensitivity 2    9.4502e-07   1.8325e-12  -9.4502e-07 
                  Sensitivity 3   -1.5750e-10  -6.3625e-16   1.5750e-10 
-----------------------------------------------------------------------
4.000e+06  5  1.615e+05  1289
                  Solution         5.1680e-04   2.0683e-09   9.9948e-01 
                  Sensitivity 1   -2.5665e-02  -5.1058e-08   2.5665e-02 
                  Sensitivity 2    1.0265e-07   2.0421e-13  -1.0265e-07 
                  Sensitivity 3   -1.7109e-11  -6.8508e-17   1.7109e-11 
-----------------------------------------------------------------------
4.000e+07  4  1.852e+06  1345
                  Solution         5.2027e-05   2.0812e-10   9.9995e-01 
                  Sensitivity 1   -2.5988e-03  -5.1931e-09   2.5988e-03 
                  Sensitivity 2    1.0395e-08   2.0773e-14  -1.0395e-08 
                  Sensitivity 3   -1.7326e-12  -6.9313e-18   1.7326e-12 
-----------------------------------------------------------------------
4.000e+08  4  3.906e+07   741
                  Solution         2.2332e-06   8.9328e-12   1.0000e+00 
                  Sensitivity 1   -4.2451e-04  -1.4747e-09   4.2451e-04 
                  Sensitivity 2    2.3392e-09   8.4636e-15  -2.3392e-09 
 
[CVODES ERROR]  CVode
  At t = 4.77728e+09, unable to satisfy inequality constraints.


SUNDIALS_ERROR: CVode() failed with retval = -15

                 Sensitivity 3    1.5635e-13   6.2543e-19  -1.5635e-13 
-----------------------------------------------------------------------
4.000e+09  3  1.171e+09   771
                  Solution         1.3194e-06   5.2778e-12   1.0000e+00 
                  Sensitivity 1   -3.3881e-05  -5.5677e-12   3.3881e-05 
                  Sensitivity 2    1.5511e-10   1.0062e-16  -1.5511e-10 
                  Sensitivity 3   -3.8061e-14  -1.5224e-19   3.8061e-14 
-----------------------------------------------------------------------

Final Statistics:
nst = 1471   nfe = 3482   nsetups = 354    nfeLS = 0      nje = 26
nni = 1830   nnf = 0      netf = 0         ncfn = 0     

nfSe = 5670   nfeS = 0      nsetupsS = 0     
nniS = 5661   nnfS = 0      netfS = 178    ncfnS = 0     

